1.0436 	WARNING 	sounddevice audio lib was requested but not loaded: sounddevice not working
5.3762 	WARNING 	User requested fullscreen with size [1024  768], but screen is actually [1440, 900]. Using actual size
6.0403 	EXP 	Created window1 = Window(allowGUI=False, allowStencil=False, args=UNKNOWN, autoLog=True, bitsMode=UNKNOWN, blendMode='avg', color=array([0., 0., 0.]), colorSpace='rgb', fullscr=<method-wrapper '__getattribute__' of attributeSetter object at 0x10ebc6da0>, gamma=None, kwargs=UNKNOWN, lms=UNKNOWN, monitor=<psychopy.monitors.calibTools.Monitor object at 0x1147ada58>, multiSample=False, name='window1', numSamples=2, pos=[0.0, 0.0], screen=0, size=array([2880, 1800]), stereo=False, units='norm', useFBO=True, useRetina=True, viewOri=0.0, viewPos=None, viewScale=None, waitBlanking=True, winType='pyglet')
6.0403 	EXP 	window1: recordFrameIntervals = False
6.2062 	EXP 	window1: recordFrameIntervals = True
6.3897 	EXP 	window1: recordFrameIntervals = False
6.5011 	EXP 	Created insRound1 = TextStim(__class__=<class 'psychopy.visual.text.TextStim'>, alignHoriz='center', alignVert='center', antialias=True, autoLog=True, bold=False, color='white', colorSpace='named', contrast=1.0, depth=0.0, flipHoriz=False, flipVert=False, font='Arial', fontFiles=[], height=0.07, italic=False, languageStyle='LTR', name='insRound1', opacity=1.0, ori=0, pos=array([0., 0.]), rgb=array([255., 255., 255.]), text=str(...), units='norm', win=Window(...), wrapWidth=1)
6.5144 	EXP 	Created text = TextStim(__class__=<class 'psychopy.visual.text.TextStim'>, alignHoriz='center', alignVert='center', antialias=True, autoLog=True, bold=False, color='white', colorSpace='named', contrast=1.0, depth=0.0, flipHoriz=False, flipVert=False, font='Arial', fontFiles=[], height=0.1, italic=False, languageStyle='LTR', name='text', opacity=1.0, ori=0, pos=array([0., 0.]), rgb=array([255., 255., 255.]), text='Block 1 starts\n\nPress space', units='norm', win=Window(...), wrapWidth=1)
6.5277 	EXP 	Created firstcircle_3 = Polygon(__class__=<class 'psychopy.visual.polygon.Polygon'>, autoDraw=False, autoLog=True, closeShape=True, color=method-wrapper(...), colorSpace=None, contrast=1.0, depth=0.0, fillColor=array([1., 1., 1.]), fillColorSpace='rgb', fillRGB=array([1., 1., 1.]), interpolate=True, lineColor=array([1., 1., 1.]), lineColorSpace='rgb', lineRGB=array([1., 1., 1.]), lineWidth=1, name='firstcircle_3', opacity=1.0, ori=array(0.), pos=array([0., 0.]), size=array([0.3, 0.5]), units='norm', vertices=ndarray(...), win=Window(...))
6.5312 	EXP 	Created text_3 = TextStim(__class__=<class 'psychopy.visual.text.TextStim'>, alignHoriz='center', alignVert='center', antialias=True, autoLog=True, bold=False, color='white', colorSpace='named', contrast=1.0, depth=-2.0, flipHoriz=False, flipVert=False, font='Arial', fontFiles=[], height=0.1, italic=False, languageStyle='LTR', name='text_3', opacity=1.0, ori=0, pos=array([0., 0.]), rgb=array([255., 255., 255.]), text='+', units='norm', win=Window(...), wrapWidth=1)
6.5341 	EXP 	Created secondcircle = Polygon(__class__=<class 'psychopy.visual.polygon.Polygon'>, autoDraw=False, autoLog=True, closeShape=True, color=method-wrapper(...), colorSpace=None, contrast=1.0, depth=-3.0, fillColor=array([-1., -1., -1.]), fillColorSpace='rgb', fillRGB=array([-1., -1., -1.]), interpolate=True, lineColor=array([-1., -1., -1.]), lineColorSpace='rgb', lineRGB=array([-1., -1., -1.]), lineWidth=1, name='secondcircle', opacity=1.0, ori=array(0.), pos=array([0., 0.]), size=array([0.3, 0.5]), units='norm', vertices=ndarray(...), win=Window(...))
6.5377 	EXP 	Created text_4 = TextStim(__class__=<class 'psychopy.visual.text.TextStim'>, alignHoriz='center', alignVert='center', antialias=True, autoLog=True, bold=False, color='white', colorSpace='named', contrast=1.0, depth=-4.0, flipHoriz=False, flipVert=False, font='Arial', fontFiles=[], height=0.1, italic=False, languageStyle='LTR', name='text_4', opacity=1.0, ori=0, pos=array([0., 0.]), rgb=array([255., 255., 255.]), text='next', units='norm', win=Window(...), wrapWidth=1)
6.5437 	EXP 	Created text_5 = TextStim(__class__=<class 'psychopy.visual.text.TextStim'>, alignHoriz='center', alignVert='center', antialias=True, autoLog=True, bold=False, color='white', colorSpace='named', contrast=1.0, depth=0.0, flipHoriz=False, flipVert=False, font='Arial', fontFiles=[], height=0.1, italic=False, languageStyle='LTR', name='text_5', opacity=1.0, ori=0, pos=array([0., 0.]), rgb=array([255., 255., 255.]), text='Block 2 starts\n\nPress space', units='norm', win=Window(...), wrapWidth=1)
6.5463 	EXP 	Created firstcircle_3 = Polygon(__class__=<class 'psychopy.visual.polygon.Polygon'>, autoDraw=False, autoLog=True, closeShape=True, color=method-wrapper(...), colorSpace=None, contrast=1.0, depth=0.0, fillColor=array([1., 1., 1.]), fillColorSpace='rgb', fillRGB=array([1., 1., 1.]), interpolate=True, lineColor=array([1., 1., 1.]), lineColorSpace='rgb', lineRGB=array([1., 1., 1.]), lineWidth=1, name='firstcircle_3', opacity=1.0, ori=array(0.), pos=array([0., 0.]), size=array([0.3, 0.5]), units='norm', vertices=ndarray(...), win=Window(...))
6.5482 	EXP 	Created text_3 = TextStim(__class__=<class 'psychopy.visual.text.TextStim'>, alignHoriz='center', alignVert='center', antialias=True, autoLog=True, bold=False, color='white', colorSpace='named', contrast=1.0, depth=-2.0, flipHoriz=False, flipVert=False, font='Arial', fontFiles=[], height=0.1, italic=False, languageStyle='LTR', name='text_3', opacity=1.0, ori=0, pos=array([0., 0.]), rgb=array([255., 255., 255.]), text='+', units='norm', win=Window(...), wrapWidth=1)
6.5507 	EXP 	Created secondcircle = Polygon(__class__=<class 'psychopy.visual.polygon.Polygon'>, autoDraw=False, autoLog=True, closeShape=True, color=method-wrapper(...), colorSpace=None, contrast=1.0, depth=-3.0, fillColor=array([-1., -1., -1.]), fillColorSpace='rgb', fillRGB=array([-1., -1., -1.]), interpolate=True, lineColor=array([-1., -1., -1.]), lineColorSpace='rgb', lineRGB=array([-1., -1., -1.]), lineWidth=1, name='secondcircle', opacity=1.0, ori=array(0.), pos=array([0., 0.]), size=array([0.3, 0.5]), units='norm', vertices=ndarray(...), win=Window(...))
6.5531 	EXP 	Created text_4 = TextStim(__class__=<class 'psychopy.visual.text.TextStim'>, alignHoriz='center', alignVert='center', antialias=True, autoLog=True, bold=False, color='white', colorSpace='named', contrast=1.0, depth=-4.0, flipHoriz=False, flipVert=False, font='Arial', fontFiles=[], height=0.1, italic=False, languageStyle='LTR', name='text_4', opacity=1.0, ori=0, pos=array([0., 0.]), rgb=array([255., 255., 255.]), text='next', units='norm', win=Window(...), wrapWidth=1)
6.5591 	EXP 	Created text_6 = TextStim(__class__=<class 'psychopy.visual.text.TextStim'>, alignHoriz='center', alignVert='center', antialias=True, autoLog=True, bold=False, color='white', colorSpace='named', contrast=1.0, depth=0.0, flipHoriz=False, flipVert=False, font='Arial', fontFiles=[], height=0.1, italic=False, languageStyle='LTR', name='text_6', opacity=1.0, ori=0, pos=array([0., 0.]), rgb=array([255., 255., 255.]), text='Block 3 starts\n\nPress space', units='norm', win=Window(...), wrapWidth=1)
6.5616 	EXP 	Created firstcircle_3 = Polygon(__class__=<class 'psychopy.visual.polygon.Polygon'>, autoDraw=False, autoLog=True, closeShape=True, color=method-wrapper(...), colorSpace=None, contrast=1.0, depth=0.0, fillColor=array([1., 1., 1.]), fillColorSpace='rgb', fillRGB=array([1., 1., 1.]), interpolate=True, lineColor=array([1., 1., 1.]), lineColorSpace='rgb', lineRGB=array([1., 1., 1.]), lineWidth=1, name='firstcircle_3', opacity=1.0, ori=array(0.), pos=array([0., 0.]), size=array([0.3, 0.5]), units='norm', vertices=ndarray(...), win=Window(...))
6.5636 	EXP 	Created text_3 = TextStim(__class__=<class 'psychopy.visual.text.TextStim'>, alignHoriz='center', alignVert='center', antialias=True, autoLog=True, bold=False, color='white', colorSpace='named', contrast=1.0, depth=-2.0, flipHoriz=False, flipVert=False, font='Arial', fontFiles=[], height=0.1, italic=False, languageStyle='LTR', name='text_3', opacity=1.0, ori=0, pos=array([0., 0.]), rgb=array([255., 255., 255.]), text='+', units='norm', win=Window(...), wrapWidth=1)
6.5662 	EXP 	Created secondcircle = Polygon(__class__=<class 'psychopy.visual.polygon.Polygon'>, autoDraw=False, autoLog=True, closeShape=True, color=method-wrapper(...), colorSpace=None, contrast=1.0, depth=-3.0, fillColor=array([-1., -1., -1.]), fillColorSpace='rgb', fillRGB=array([-1., -1., -1.]), interpolate=True, lineColor=array([-1., -1., -1.]), lineColorSpace='rgb', lineRGB=array([-1., -1., -1.]), lineWidth=1, name='secondcircle', opacity=1.0, ori=array(0.), pos=array([0., 0.]), size=array([0.3, 0.5]), units='norm', vertices=ndarray(...), win=Window(...))
6.5685 	EXP 	Created text_4 = TextStim(__class__=<class 'psychopy.visual.text.TextStim'>, alignHoriz='center', alignVert='center', antialias=True, autoLog=True, bold=False, color='white', colorSpace='named', contrast=1.0, depth=-4.0, flipHoriz=False, flipVert=False, font='Arial', fontFiles=[], height=0.1, italic=False, languageStyle='LTR', name='text_4', opacity=1.0, ori=0, pos=array([0., 0.]), rgb=array([255., 255., 255.]), text='next', units='norm', win=Window(...), wrapWidth=1)
6.5746 	EXP 	Created text_7 = TextStim(__class__=<class 'psychopy.visual.text.TextStim'>, alignHoriz='center', alignVert='center', antialias=True, autoLog=True, bold=False, color='white', colorSpace='named', contrast=1.0, depth=0.0, flipHoriz=False, flipVert=False, font='Arial', fontFiles=[], height=0.1, italic=False, languageStyle='LTR', name='text_7', opacity=1.0, ori=0, pos=array([0., 0.]), rgb=array([255., 255., 255.]), text='Block 4 starts\n\nPress space', units='norm', win=Window(...), wrapWidth=1)
6.5773 	EXP 	Created firstcircle_3 = Polygon(__class__=<class 'psychopy.visual.polygon.Polygon'>, autoDraw=False, autoLog=True, closeShape=True, color=method-wrapper(...), colorSpace=None, contrast=1.0, depth=0.0, fillColor=array([1., 1., 1.]), fillColorSpace='rgb', fillRGB=array([1., 1., 1.]), interpolate=True, lineColor=array([1., 1., 1.]), lineColorSpace='rgb', lineRGB=array([1., 1., 1.]), lineWidth=1, name='firstcircle_3', opacity=1.0, ori=array(0.), pos=array([0., 0.]), size=array([0.3, 0.5]), units='norm', vertices=ndarray(...), win=Window(...))
6.5793 	EXP 	Created text_3 = TextStim(__class__=<class 'psychopy.visual.text.TextStim'>, alignHoriz='center', alignVert='center', antialias=True, autoLog=True, bold=False, color='white', colorSpace='named', contrast=1.0, depth=-2.0, flipHoriz=False, flipVert=False, font='Arial', fontFiles=[], height=0.1, italic=False, languageStyle='LTR', name='text_3', opacity=1.0, ori=0, pos=array([0., 0.]), rgb=array([255., 255., 255.]), text='+', units='norm', win=Window(...), wrapWidth=1)
6.5818 	EXP 	Created secondcircle = Polygon(__class__=<class 'psychopy.visual.polygon.Polygon'>, autoDraw=False, autoLog=True, closeShape=True, color=method-wrapper(...), colorSpace=None, contrast=1.0, depth=-3.0, fillColor=array([-1., -1., -1.]), fillColorSpace='rgb', fillRGB=array([-1., -1., -1.]), interpolate=True, lineColor=array([-1., -1., -1.]), lineColorSpace='rgb', lineRGB=array([-1., -1., -1.]), lineWidth=1, name='secondcircle', opacity=1.0, ori=array(0.), pos=array([0., 0.]), size=array([0.3, 0.5]), units='norm', vertices=ndarray(...), win=Window(...))
6.5843 	EXP 	Created text_4 = TextStim(__class__=<class 'psychopy.visual.text.TextStim'>, alignHoriz='center', alignVert='center', antialias=True, autoLog=True, bold=False, color='white', colorSpace='named', contrast=1.0, depth=-4.0, flipHoriz=False, flipVert=False, font='Arial', fontFiles=[], height=0.1, italic=False, languageStyle='LTR', name='text_4', opacity=1.0, ori=0, pos=array([0., 0.]), rgb=array([255., 255., 255.]), text='next', units='norm', win=Window(...), wrapWidth=1)
6.5884 	EXP 	Created text_2 = TextStim(__class__=<class 'psychopy.visual.text.TextStim'>, alignHoriz='center', alignVert='center', antialias=True, autoLog=True, bold=False, color='white', colorSpace='named', contrast=1.0, depth=0.0, flipHoriz=False, flipVert=False, font='Arial', fontFiles=[], height=0.1, italic=False, languageStyle='LTR', name='text_2', opacity=1.0, ori=0, pos=array([0., 0.]), rgb=array([255., 255., 255.]), text='The end', units='norm', win=Window(...), wrapWidth=1)
6.6061 	EXP 	insRound1: autoDraw = True
43.8106 	DATA 	Keypress: space
43.8389 	EXP 	insRound1: autoDraw = False
43.8389 	EXP 	text: autoDraw = True
49.3568 	DATA 	Mouse: Left button down, pos=(517,888)
49.4066 	DATA 	Mouse:  Left button up, pos=(517,888)
49.5745 	DATA 	Keypress: space
49.5830 	EXP 	Imported conditionsTime.csv as conditions, 20 conditions, 7 params
49.5833 	EXP 	Created sequence: sequential, trialTypes=20, nReps=1, seed=None
49.5836 	EXP 	New trial (rep=0, index=0): OrderedDict([('firstTime', 1.8), ('secondTime', 1.2), ('corrAns', 'left'), ('plusStart', 2.3), ('secondStart', 3.3), ('respStart', 4.5), ('randNum', 0.17368025899999998)])
49.5888 	EXP 	text: autoDraw = False
49.5888 	EXP 	text_4: autoDraw = True
50.0888 	EXP 	text_4: autoDraw = False
50.1054 	EXP 	firstcircle_3: autoDraw = True
51.8888 	EXP 	firstcircle_3: autoDraw = False
51.9054 	EXP 	text_3: autoDraw = True
52.8887 	EXP 	text_3: autoDraw = False
52.9054 	EXP 	secondcircle: autoDraw = True
54.0887 	EXP 	secondcircle: autoDraw = False
56.6921 	DATA 	Keypress: left
56.7075 	EXP 	New trial (rep=0, index=1): OrderedDict([('firstTime', 3.6), ('secondTime', 3.2), ('corrAns', 'left'), ('plusStart', 4.1), ('secondStart', 5.1), ('respStart', 8.3), ('randNum', 0.41458448299999995)])
56.7220 	EXP 	firstcircle_3: autoDraw = False
56.7220 	EXP 	text_3: autoDraw = False
56.7220 	EXP 	secondcircle: autoDraw = False
56.7220 	EXP 	text_4: autoDraw = False
56.7220 	EXP 	text_4: autoDraw = True
57.2220 	EXP 	text_4: autoDraw = False
57.2387 	EXP 	firstcircle_3: autoDraw = True
60.8220 	EXP 	firstcircle_3: autoDraw = False
60.8386 	EXP 	text_3: autoDraw = True
61.8219 	EXP 	text_3: autoDraw = False
61.8386 	EXP 	secondcircle: autoDraw = True
65.0219 	EXP 	secondcircle: autoDraw = False
65.3406 	DATA 	Keypress: right
65.3419 	EXP 	New trial (rep=0, index=2): OrderedDict([('firstTime', 2.5), ('secondTime', 1.5), ('corrAns', 'left'), ('plusStart', 3.0), ('secondStart', 4.0), ('respStart', 5.5), ('randNum', 0.148607464)])
65.3553 	EXP 	firstcircle_3: autoDraw = False
65.3553 	EXP 	text_3: autoDraw = False
65.3553 	EXP 	secondcircle: autoDraw = False
65.3553 	EXP 	text_4: autoDraw = False
65.3553 	EXP 	text_4: autoDraw = True
65.8552 	EXP 	text_4: autoDraw = False
65.8719 	EXP 	firstcircle_3: autoDraw = True
68.3552 	EXP 	firstcircle_3: autoDraw = False
68.3719 	EXP 	text_3: autoDraw = True
69.3552 	EXP 	text_3: autoDraw = False
69.3719 	EXP 	secondcircle: autoDraw = True
70.8552 	EXP 	secondcircle: autoDraw = False
71.4402 	DATA 	Keypress: left
71.4412 	EXP 	New trial (rep=0, index=3): OrderedDict([('firstTime', 1.8), ('secondTime', 2.7), ('corrAns', 'right'), ('plusStart', 2.3), ('secondStart', 3.3), ('respStart', 6.0), ('randNum', 0.13554984)])
71.4552 	EXP 	firstcircle_3: autoDraw = False
71.4552 	EXP 	text_3: autoDraw = False
71.4552 	EXP 	secondcircle: autoDraw = False
71.4552 	EXP 	text_4: autoDraw = False
71.4552 	EXP 	text_4: autoDraw = True
71.9551 	EXP 	text_4: autoDraw = False
71.9718 	EXP 	firstcircle_3: autoDraw = True
73.7551 	EXP 	firstcircle_3: autoDraw = False
73.7718 	EXP 	text_3: autoDraw = True
74.7551 	EXP 	text_3: autoDraw = False
74.7718 	EXP 	secondcircle: autoDraw = True
77.4551 	EXP 	secondcircle: autoDraw = False
77.7904 	DATA 	Keypress: right
77.7918 	EXP 	New trial (rep=0, index=4): OrderedDict([('firstTime', 1.2), ('secondTime', 1.8), ('corrAns', 'right'), ('plusStart', 1.7), ('secondStart', 2.7), ('respStart', 4.5), ('randNum', 0.309174352)])
77.8051 	EXP 	firstcircle_3: autoDraw = False
77.8051 	EXP 	text_3: autoDraw = False
77.8051 	EXP 	secondcircle: autoDraw = False
77.8051 	EXP 	text_4: autoDraw = False
77.8051 	EXP 	text_4: autoDraw = True
78.3051 	EXP 	text_4: autoDraw = False
78.3217 	EXP 	firstcircle_3: autoDraw = True
79.5051 	EXP 	firstcircle_3: autoDraw = False
79.5217 	EXP 	text_3: autoDraw = True
80.5050 	EXP 	text_3: autoDraw = False
80.5217 	EXP 	secondcircle: autoDraw = True
82.3050 	EXP 	secondcircle: autoDraw = False
82.9737 	DATA 	Keypress: left
82.9752 	EXP 	New trial (rep=0, index=5): OrderedDict([('firstTime', 8.8), ('secondTime', 9.9), ('corrAns', 'right'), ('plusStart', 9.3), ('secondStart', 10.3), ('respStart', 20.2), ('randNum', 0.7009299529999999)])
82.9884 	EXP 	firstcircle_3: autoDraw = False
82.9884 	EXP 	text_3: autoDraw = False
82.9884 	EXP 	secondcircle: autoDraw = False
82.9884 	EXP 	text_4: autoDraw = False
82.9884 	EXP 	text_4: autoDraw = True
83.4883 	EXP 	text_4: autoDraw = False
83.5050 	EXP 	firstcircle_3: autoDraw = True
92.2882 	EXP 	firstcircle_3: autoDraw = False
92.3049 	EXP 	text_3: autoDraw = True
93.2882 	EXP 	text_3: autoDraw = False
93.3049 	EXP 	secondcircle: autoDraw = True
96.1066 	DATA 	Keypress: left
103.1881 	EXP 	secondcircle: autoDraw = False
104.2233 	DATA 	Keypress: left
104.2247 	EXP 	New trial (rep=0, index=6): OrderedDict([('firstTime', 3.3), ('secondTime', 4.4), ('corrAns', 'right'), ('plusStart', 3.8), ('secondStart', 4.8), ('respStart', 9.2), ('randNum', 0.705723743)])
104.2381 	EXP 	firstcircle_3: autoDraw = False
104.2381 	EXP 	text_3: autoDraw = False
104.2381 	EXP 	secondcircle: autoDraw = False
104.2381 	EXP 	text_4: autoDraw = False
104.2381 	EXP 	text_4: autoDraw = True
104.7380 	EXP 	text_4: autoDraw = False
104.7547 	EXP 	firstcircle_3: autoDraw = True
108.0380 	EXP 	firstcircle_3: autoDraw = False
108.0547 	EXP 	text_3: autoDraw = True
109.0380 	EXP 	text_3: autoDraw = False
109.0547 	EXP 	secondcircle: autoDraw = True
113.4379 	EXP 	secondcircle: autoDraw = False
113.9400 	DATA 	Keypress: right
113.9414 	EXP 	New trial (rep=0, index=7): OrderedDict([('firstTime', 3.5), ('secondTime', 2.1), ('corrAns', 'left'), ('plusStart', 4.0), ('secondStart', 5.0), ('respStart', 7.1), ('randNum', 0.544523215)])
113.9546 	EXP 	firstcircle_3: autoDraw = False
113.9546 	EXP 	text_3: autoDraw = False
113.9546 	EXP 	secondcircle: autoDraw = False
113.9546 	EXP 	text_4: autoDraw = False
113.9546 	EXP 	text_4: autoDraw = True
114.4546 	EXP 	text_4: autoDraw = False
114.4712 	EXP 	firstcircle_3: autoDraw = True
117.9545 	EXP 	firstcircle_3: autoDraw = False
117.9712 	EXP 	text_3: autoDraw = True
118.9545 	EXP 	text_3: autoDraw = False
118.9712 	EXP 	secondcircle: autoDraw = True
121.0545 	EXP 	secondcircle: autoDraw = False
121.9398 	DATA 	Keypress: left
121.9412 	EXP 	New trial (rep=0, index=8): OrderedDict([('firstTime', 1.4), ('secondTime', 0.7), ('corrAns', 'left'), ('plusStart', 1.9), ('secondStart', 2.9), ('respStart', 3.6), ('randNum', 0.53553232)])
121.9545 	EXP 	firstcircle_3: autoDraw = False
121.9545 	EXP 	text_3: autoDraw = False
121.9545 	EXP 	secondcircle: autoDraw = False
121.9545 	EXP 	text_4: autoDraw = False
121.9545 	EXP 	text_4: autoDraw = True
122.4545 	EXP 	text_4: autoDraw = False
122.4711 	EXP 	firstcircle_3: autoDraw = True
123.8544 	EXP 	firstcircle_3: autoDraw = False
123.8711 	EXP 	text_3: autoDraw = True
124.8544 	EXP 	text_3: autoDraw = False
124.8711 	EXP 	secondcircle: autoDraw = True
125.5544 	EXP 	secondcircle: autoDraw = False
126.2397 	DATA 	Keypress: left
126.2410 	EXP 	New trial (rep=0, index=9): OrderedDict([('firstTime', 4.4), ('secondTime', 3.3), ('corrAns', 'left'), ('plusStart', 4.9), ('secondStart', 5.9), ('respStart', 9.2), ('randNum', 0.255641654)])
126.2544 	EXP 	firstcircle_3: autoDraw = False
126.2544 	EXP 	text_3: autoDraw = False
126.2544 	EXP 	secondcircle: autoDraw = False
126.2544 	EXP 	text_4: autoDraw = False
126.2544 	EXP 	text_4: autoDraw = True
126.7544 	EXP 	text_4: autoDraw = False
126.7711 	EXP 	firstcircle_3: autoDraw = True
131.1543 	EXP 	firstcircle_3: autoDraw = False
131.1710 	EXP 	text_3: autoDraw = True
132.1544 	EXP 	text_3: autoDraw = False
132.1710 	EXP 	secondcircle: autoDraw = True
135.4543 	EXP 	secondcircle: autoDraw = False
135.8230 	DATA 	Keypress: left
135.8243 	EXP 	New trial (rep=0, index=10): OrderedDict([('firstTime', 3.2), ('secondTime', 3.6), ('corrAns', 'right'), ('plusStart', 3.7), ('secondStart', 4.7), ('respStart', 8.3), ('randNum', 0.140100939)])
135.8376 	EXP 	firstcircle_3: autoDraw = False
135.8376 	EXP 	text_3: autoDraw = False
135.8376 	EXP 	secondcircle: autoDraw = False
135.8376 	EXP 	text_4: autoDraw = False
135.8376 	EXP 	text_4: autoDraw = True
136.3376 	EXP 	text_4: autoDraw = False
136.3543 	EXP 	firstcircle_3: autoDraw = True
139.5376 	EXP 	firstcircle_3: autoDraw = False
139.5543 	EXP 	text_3: autoDraw = True
140.5376 	EXP 	text_3: autoDraw = False
140.5542 	EXP 	secondcircle: autoDraw = True
144.1375 	EXP 	secondcircle: autoDraw = False
144.6725 	DATA 	Keypress: right
144.6736 	EXP 	New trial (rep=0, index=11): OrderedDict([('firstTime', 2.8), ('secondTime', 2.1), ('corrAns', 'left'), ('plusStart', 3.3), ('secondStart', 4.3), ('respStart', 6.4), ('randNum', 0.019093293)])
144.6875 	EXP 	firstcircle_3: autoDraw = False
144.6875 	EXP 	text_3: autoDraw = False
144.6875 	EXP 	secondcircle: autoDraw = False
144.6875 	EXP 	text_4: autoDraw = False
144.6875 	EXP 	text_4: autoDraw = True
145.1875 	EXP 	text_4: autoDraw = False
145.2042 	EXP 	firstcircle_3: autoDraw = True
147.9875 	EXP 	firstcircle_3: autoDraw = False
148.0041 	EXP 	text_3: autoDraw = True
148.9874 	EXP 	text_3: autoDraw = False
149.0041 	EXP 	secondcircle: autoDraw = True
151.0874 	EXP 	secondcircle: autoDraw = False
152.0560 	DATA 	Keypress: right
152.0574 	EXP 	New trial (rep=0, index=12): OrderedDict([('firstTime', 0.9), ('secondTime', 1.8), ('corrAns', 'right'), ('plusStart', 1.4), ('secondStart', 2.4), ('respStart', 4.2), ('randNum', 0.461070472)])
152.0707 	EXP 	firstcircle_3: autoDraw = False
152.0707 	EXP 	text_3: autoDraw = False
152.0707 	EXP 	secondcircle: autoDraw = False
152.0707 	EXP 	text_4: autoDraw = False
152.0707 	EXP 	text_4: autoDraw = True
152.5707 	EXP 	text_4: autoDraw = False
152.5874 	EXP 	firstcircle_3: autoDraw = True
153.4707 	EXP 	firstcircle_3: autoDraw = False
153.4874 	EXP 	text_3: autoDraw = True
154.4707 	EXP 	text_3: autoDraw = False
154.4874 	EXP 	secondcircle: autoDraw = True
156.2707 	EXP 	secondcircle: autoDraw = False
159.1059 	DATA 	Keypress: left
159.1073 	EXP 	New trial (rep=0, index=13): OrderedDict([('firstTime', 2.1), ('secondTime', 2.8), ('corrAns', 'right'), ('plusStart', 2.6), ('secondStart', 3.6), ('respStart', 6.4), ('randNum', 0.22761601199999998)])
159.1206 	EXP 	firstcircle_3: autoDraw = False
159.1206 	EXP 	text_3: autoDraw = False
159.1206 	EXP 	secondcircle: autoDraw = False
159.1206 	EXP 	text_4: autoDraw = False
159.1206 	EXP 	text_4: autoDraw = True
159.6206 	EXP 	text_4: autoDraw = False
159.6373 	EXP 	firstcircle_3: autoDraw = True
161.7207 	EXP 	firstcircle_3: autoDraw = False
161.7373 	EXP 	text_3: autoDraw = True
162.7206 	EXP 	text_3: autoDraw = False
162.7373 	EXP 	secondcircle: autoDraw = True
165.5205 	EXP 	secondcircle: autoDraw = False
167.5725 	DATA 	Keypress: left
167.5738 	EXP 	New trial (rep=0, index=14): OrderedDict([('firstTime', 0.7), ('secondTime', 1.4), ('corrAns', 'right'), ('plusStart', 1.2), ('secondStart', 2.2), ('respStart', 3.6), ('randNum', 0.436550891)])
167.5872 	EXP 	firstcircle_3: autoDraw = False
167.5872 	EXP 	text_3: autoDraw = False
167.5872 	EXP 	secondcircle: autoDraw = False
167.5872 	EXP 	text_4: autoDraw = False
167.5872 	EXP 	text_4: autoDraw = True
168.0872 	EXP 	text_4: autoDraw = False
168.1039 	EXP 	firstcircle_3: autoDraw = True
168.7872 	EXP 	firstcircle_3: autoDraw = False
168.8038 	EXP 	text_3: autoDraw = True
169.7872 	EXP 	text_3: autoDraw = False
169.8038 	EXP 	secondcircle: autoDraw = True
171.1871 	EXP 	secondcircle: autoDraw = False
172.1391 	DATA 	Keypress: right
172.1404 	EXP 	New trial (rep=0, index=15): OrderedDict([('firstTime', 1.8), ('secondTime', 0.9), ('corrAns', 'left'), ('plusStart', 2.3), ('secondStart', 3.3), ('respStart', 4.2), ('randNum', 0.028891147000000002)])
172.1538 	EXP 	firstcircle_3: autoDraw = False
172.1538 	EXP 	text_3: autoDraw = False
172.1538 	EXP 	secondcircle: autoDraw = False
172.1538 	EXP 	text_4: autoDraw = False
172.1538 	EXP 	text_4: autoDraw = True
172.6538 	EXP 	text_4: autoDraw = False
172.6705 	EXP 	firstcircle_3: autoDraw = True
174.4538 	EXP 	firstcircle_3: autoDraw = False
174.4704 	EXP 	text_3: autoDraw = True
175.4538 	EXP 	text_3: autoDraw = False
175.4704 	EXP 	secondcircle: autoDraw = True
176.3537 	EXP 	secondcircle: autoDraw = False
177.1891 	DATA 	Keypress: left
177.1905 	EXP 	New trial (rep=0, index=16): OrderedDict([('firstTime', 2.7), ('secondTime', 1.8), ('corrAns', 'left'), ('plusStart', 3.2), ('secondStart', 4.2), ('respStart', 6.0), ('randNum', 0.277400549)])
177.2037 	EXP 	firstcircle_3: autoDraw = False
177.2037 	EXP 	text_3: autoDraw = False
177.2037 	EXP 	secondcircle: autoDraw = False
177.2037 	EXP 	text_4: autoDraw = False
177.2037 	EXP 	text_4: autoDraw = True
177.7037 	EXP 	text_4: autoDraw = False
177.7204 	EXP 	firstcircle_3: autoDraw = True
180.4037 	EXP 	firstcircle_3: autoDraw = False
180.4204 	EXP 	text_3: autoDraw = True
181.4037 	EXP 	text_3: autoDraw = False
181.4204 	EXP 	secondcircle: autoDraw = True
183.2037 	EXP 	secondcircle: autoDraw = False
183.9400 	DATA 	Keypress: left
183.9553 	EXP 	New trial (rep=0, index=17): OrderedDict([('firstTime', 9.9), ('secondTime', 8.8), ('corrAns', 'left'), ('plusStart', 10.4), ('secondStart', 11.4), ('respStart', 20.2), ('randNum', 0.9607848720000001)])
183.9703 	EXP 	firstcircle_3: autoDraw = False
183.9703 	EXP 	text_3: autoDraw = False
183.9703 	EXP 	secondcircle: autoDraw = False
183.9703 	EXP 	text_4: autoDraw = False
183.9703 	EXP 	text_4: autoDraw = True
184.4703 	EXP 	text_4: autoDraw = False
184.4870 	EXP 	firstcircle_3: autoDraw = True
194.3702 	EXP 	firstcircle_3: autoDraw = False
194.3869 	EXP 	text_3: autoDraw = True
195.3701 	EXP 	text_3: autoDraw = False
195.3869 	EXP 	secondcircle: autoDraw = True
204.1700 	EXP 	secondcircle: autoDraw = False
204.5220 	DATA 	Keypress: left
204.5235 	EXP 	New trial (rep=0, index=18): OrderedDict([('firstTime', 2.1), ('secondTime', 3.5), ('corrAns', 'right'), ('plusStart', 2.6), ('secondStart', 3.6), ('respStart', 7.1), ('randNum', 0.609327094)])
204.5367 	EXP 	firstcircle_3: autoDraw = False
204.5367 	EXP 	text_3: autoDraw = False
204.5367 	EXP 	secondcircle: autoDraw = False
204.5367 	EXP 	text_4: autoDraw = False
204.5367 	EXP 	text_4: autoDraw = True
205.0367 	EXP 	text_4: autoDraw = False
205.0534 	EXP 	firstcircle_3: autoDraw = True
207.1367 	EXP 	firstcircle_3: autoDraw = False
207.1533 	EXP 	text_3: autoDraw = True
208.1367 	EXP 	text_3: autoDraw = False
208.1533 	EXP 	secondcircle: autoDraw = True
211.6366 	EXP 	secondcircle: autoDraw = False
214.5386 	DATA 	Keypress: right
214.5400 	EXP 	New trial (rep=0, index=19): OrderedDict([('firstTime', 1.5), ('secondTime', 2.5), ('corrAns', 'right'), ('plusStart', 2.0), ('secondStart', 3.0), ('respStart', 5.5), ('randNum', 0.487304505)])
214.5532 	EXP 	firstcircle_3: autoDraw = False
214.5532 	EXP 	text_3: autoDraw = False
214.5532 	EXP 	secondcircle: autoDraw = False
214.5532 	EXP 	text_4: autoDraw = False
214.5532 	EXP 	text_4: autoDraw = True
215.0533 	EXP 	text_4: autoDraw = False
215.0699 	EXP 	firstcircle_3: autoDraw = True
216.5532 	EXP 	firstcircle_3: autoDraw = False
216.5699 	EXP 	text_3: autoDraw = True
217.5532 	EXP 	text_3: autoDraw = False
217.5699 	EXP 	secondcircle: autoDraw = True
218.3553 	DATA 	Keypress: left
220.0531 	EXP 	secondcircle: autoDraw = False
220.9887 	DATA 	Keypress: right
221.0198 	EXP 	firstcircle_3: autoDraw = False
221.0198 	EXP 	text_3: autoDraw = False
221.0198 	EXP 	secondcircle: autoDraw = False
221.0198 	EXP 	text_4: autoDraw = False
221.0198 	EXP 	text_5: autoDraw = True
225.6885 	DATA 	Keypress: space
225.6939 	EXP 	Imported conditionsTime2.csv as conditions, 20 conditions, 7 params
225.6942 	EXP 	Created sequence: sequential, trialTypes=20, nReps=1, seed=None
225.6946 	EXP 	New trial (rep=0, index=0): OrderedDict([('firstTime', 9.9), ('secondTime', 8.8), ('corrAns', 'left'), ('plusStart', 10.4), ('secondStart', 11.4), ('respStart', 20.2), ('randNum', 0.6005130679999999)])
225.7031 	EXP 	text_5: autoDraw = False
225.7031 	EXP 	text_4: autoDraw = True
226.2031 	EXP 	text_4: autoDraw = False
226.2197 	EXP 	firstcircle_3: autoDraw = True
236.1029 	EXP 	firstcircle_3: autoDraw = False
236.1196 	EXP 	text_3: autoDraw = True
237.1029 	EXP 	text_3: autoDraw = False
237.1196 	EXP 	secondcircle: autoDraw = True
245.9028 	EXP 	secondcircle: autoDraw = False
246.9883 	DATA 	Keypress: left
246.9899 	EXP 	New trial (rep=0, index=1): OrderedDict([('firstTime', 1.5), ('secondTime', 2.5), ('corrAns', 'right'), ('plusStart', 2.0), ('secondStart', 3.0), ('respStart', 5.5), ('randNum', 0.805142221)])
247.0028 	EXP 	firstcircle_3: autoDraw = False
247.0028 	EXP 	text_3: autoDraw = False
247.0028 	EXP 	secondcircle: autoDraw = False
247.0028 	EXP 	text_4: autoDraw = False
247.0028 	EXP 	text_4: autoDraw = True
247.5028 	EXP 	text_4: autoDraw = False
247.5194 	EXP 	firstcircle_3: autoDraw = True
249.0027 	EXP 	firstcircle_3: autoDraw = False
249.0194 	EXP 	text_3: autoDraw = True
250.0027 	EXP 	text_3: autoDraw = False
250.0194 	EXP 	secondcircle: autoDraw = True
252.5027 	EXP 	secondcircle: autoDraw = False
253.3545 	DATA 	Keypress: right
253.3559 	EXP 	New trial (rep=0, index=2): OrderedDict([('firstTime', 0.7), ('secondTime', 1.4), ('corrAns', 'right'), ('plusStart', 1.2), ('secondStart', 2.2), ('respStart', 3.6), ('randNum', 0.70587608)])
253.3694 	EXP 	firstcircle_3: autoDraw = False
253.3694 	EXP 	text_3: autoDraw = False
253.3694 	EXP 	secondcircle: autoDraw = False
253.3694 	EXP 	text_4: autoDraw = False
253.3694 	EXP 	text_4: autoDraw = True
253.8694 	EXP 	text_4: autoDraw = False
253.8861 	EXP 	firstcircle_3: autoDraw = True
254.5694 	EXP 	firstcircle_3: autoDraw = False
254.5860 	EXP 	text_3: autoDraw = True
255.5693 	EXP 	text_3: autoDraw = False
255.5860 	EXP 	secondcircle: autoDraw = True
256.9694 	EXP 	secondcircle: autoDraw = False
258.4210 	DATA 	Keypress: right
258.4224 	EXP 	New trial (rep=0, index=3): OrderedDict([('firstTime', 1.2), ('secondTime', 1.8), ('corrAns', 'right'), ('plusStart', 1.7), ('secondStart', 2.7), ('respStart', 4.5), ('randNum', 0.276216099)])
258.4360 	EXP 	firstcircle_3: autoDraw = False
258.4360 	EXP 	text_3: autoDraw = False
258.4360 	EXP 	secondcircle: autoDraw = False
258.4360 	EXP 	text_4: autoDraw = False
258.4360 	EXP 	text_4: autoDraw = True
258.9360 	EXP 	text_4: autoDraw = False
258.9526 	EXP 	firstcircle_3: autoDraw = True
260.1359 	EXP 	firstcircle_3: autoDraw = False
260.1526 	EXP 	text_3: autoDraw = True
261.1359 	EXP 	text_3: autoDraw = False
261.1526 	EXP 	secondcircle: autoDraw = True
262.9359 	EXP 	secondcircle: autoDraw = False
263.6546 	DATA 	Keypress: right
263.6559 	EXP 	New trial (rep=0, index=4): OrderedDict([('firstTime', 3.3), ('secondTime', 4.4), ('corrAns', 'right'), ('plusStart', 3.8), ('secondStart', 4.8), ('respStart', 9.2), ('randNum', 0.803512663)])
263.6692 	EXP 	firstcircle_3: autoDraw = False
263.6692 	EXP 	text_3: autoDraw = False
263.6692 	EXP 	secondcircle: autoDraw = False
263.6692 	EXP 	text_4: autoDraw = False
263.6692 	EXP 	text_4: autoDraw = True
264.1692 	EXP 	text_4: autoDraw = False
264.1859 	EXP 	firstcircle_3: autoDraw = True
267.4692 	EXP 	firstcircle_3: autoDraw = False
267.4858 	EXP 	text_3: autoDraw = True
268.4692 	EXP 	text_3: autoDraw = False
268.4858 	EXP 	secondcircle: autoDraw = True
272.8691 	EXP 	secondcircle: autoDraw = False
273.4711 	DATA 	Keypress: right
273.4725 	EXP 	New trial (rep=0, index=5): OrderedDict([('firstTime', 2.1), ('secondTime', 2.8), ('corrAns', 'right'), ('plusStart', 2.6), ('secondStart', 3.6), ('respStart', 6.4), ('randNum', 0.26721103399999996)])
273.4858 	EXP 	firstcircle_3: autoDraw = False
273.4858 	EXP 	text_3: autoDraw = False
273.4858 	EXP 	secondcircle: autoDraw = False
273.4858 	EXP 	text_4: autoDraw = False
273.4858 	EXP 	text_4: autoDraw = True
273.9858 	EXP 	text_4: autoDraw = False
274.0024 	EXP 	firstcircle_3: autoDraw = True
276.0857 	EXP 	firstcircle_3: autoDraw = False
276.1024 	EXP 	text_3: autoDraw = True
277.0857 	EXP 	text_3: autoDraw = False
277.1024 	EXP 	secondcircle: autoDraw = True
279.8857 	EXP 	secondcircle: autoDraw = False
280.8043 	DATA 	Keypress: right
280.8057 	EXP 	New trial (rep=0, index=6): OrderedDict([('firstTime', 2.8), ('secondTime', 2.1), ('corrAns', 'left'), ('plusStart', 3.3), ('secondStart', 4.3), ('respStart', 6.4), ('randNum', 0.1426323)])
280.8190 	EXP 	firstcircle_3: autoDraw = False
280.8190 	EXP 	text_3: autoDraw = False
280.8190 	EXP 	secondcircle: autoDraw = False
280.8190 	EXP 	text_4: autoDraw = False
280.8190 	EXP 	text_4: autoDraw = True
281.3190 	EXP 	text_4: autoDraw = False
281.3357 	EXP 	firstcircle_3: autoDraw = True
284.1189 	EXP 	firstcircle_3: autoDraw = False
284.1356 	EXP 	text_3: autoDraw = True
285.1189 	EXP 	text_3: autoDraw = False
285.1356 	EXP 	secondcircle: autoDraw = True
287.2189 	EXP 	secondcircle: autoDraw = False
287.5712 	DATA 	Keypress: left
287.5726 	EXP 	New trial (rep=0, index=7): OrderedDict([('firstTime', 2.7), ('secondTime', 1.8), ('corrAns', 'left'), ('plusStart', 3.2), ('secondStart', 4.2), ('respStart', 6.0), ('randNum', 0.15619143)])
287.5856 	EXP 	firstcircle_3: autoDraw = False
287.5856 	EXP 	text_3: autoDraw = False
287.5856 	EXP 	secondcircle: autoDraw = False
287.5856 	EXP 	text_4: autoDraw = False
287.5856 	EXP 	text_4: autoDraw = True
288.0856 	EXP 	text_4: autoDraw = False
288.1022 	EXP 	firstcircle_3: autoDraw = True
290.7855 	EXP 	firstcircle_3: autoDraw = False
290.8022 	EXP 	text_3: autoDraw = True
291.7855 	EXP 	text_3: autoDraw = False
291.8022 	EXP 	secondcircle: autoDraw = True
293.5856 	EXP 	secondcircle: autoDraw = False
294.6208 	DATA 	Keypress: right
294.6221 	EXP 	New trial (rep=0, index=8): OrderedDict([('firstTime', 8.8), ('secondTime', 9.9), ('corrAns', 'right'), ('plusStart', 9.3), ('secondStart', 10.3), ('respStart', 20.2), ('randNum', 0.549248995)])
294.6355 	EXP 	firstcircle_3: autoDraw = False
294.6355 	EXP 	text_3: autoDraw = False
294.6355 	EXP 	secondcircle: autoDraw = False
294.6355 	EXP 	text_4: autoDraw = False
294.6355 	EXP 	text_4: autoDraw = True
295.1355 	EXP 	text_4: autoDraw = False
295.1521 	EXP 	firstcircle_3: autoDraw = True
303.9354 	EXP 	firstcircle_3: autoDraw = False
303.9520 	EXP 	text_3: autoDraw = True
304.9353 	EXP 	text_3: autoDraw = False
304.9521 	EXP 	secondcircle: autoDraw = True
314.8352 	EXP 	secondcircle: autoDraw = False
316.8203 	DATA 	Keypress: left
316.8216 	EXP 	New trial (rep=0, index=9): OrderedDict([('firstTime', 2.5), ('secondTime', 1.5), ('corrAns', 'left'), ('plusStart', 3.0), ('secondStart', 4.0), ('respStart', 5.5), ('randNum', 0.358211186)])
316.8352 	EXP 	firstcircle_3: autoDraw = False
316.8352 	EXP 	text_3: autoDraw = False
316.8352 	EXP 	secondcircle: autoDraw = False
316.8352 	EXP 	text_4: autoDraw = False
316.8352 	EXP 	text_4: autoDraw = True
317.3352 	EXP 	text_4: autoDraw = False
317.3518 	EXP 	firstcircle_3: autoDraw = True
319.8351 	EXP 	firstcircle_3: autoDraw = False
319.8518 	EXP 	text_3: autoDraw = True
320.8351 	EXP 	text_3: autoDraw = False
320.8518 	EXP 	secondcircle: autoDraw = True
322.3351 	EXP 	secondcircle: autoDraw = False
323.9035 	DATA 	Keypress: right
323.9048 	EXP 	New trial (rep=0, index=10): OrderedDict([('firstTime', 1.8), ('secondTime', 0.9), ('corrAns', 'left'), ('plusStart', 2.3), ('secondStart', 3.3), ('respStart', 4.2), ('randNum', 0.907401646)])
323.9184 	EXP 	firstcircle_3: autoDraw = False
323.9184 	EXP 	text_3: autoDraw = False
323.9184 	EXP 	secondcircle: autoDraw = False
323.9184 	EXP 	text_4: autoDraw = False
323.9184 	EXP 	text_4: autoDraw = True
324.4184 	EXP 	text_4: autoDraw = False
324.4351 	EXP 	firstcircle_3: autoDraw = True
326.2184 	EXP 	firstcircle_3: autoDraw = False
326.2351 	EXP 	text_3: autoDraw = True
327.2184 	EXP 	text_3: autoDraw = False
327.2350 	EXP 	secondcircle: autoDraw = True
328.1184 	EXP 	secondcircle: autoDraw = False
328.8546 	DATA 	Keypress: right
328.8700 	EXP 	New trial (rep=0, index=11): OrderedDict([('firstTime', 3.2), ('secondTime', 3.6), ('corrAns', 'right'), ('plusStart', 3.7), ('secondStart', 4.7), ('respStart', 8.3), ('randNum', 0.40261677799999995)])
328.8850 	EXP 	firstcircle_3: autoDraw = False
328.8850 	EXP 	text_3: autoDraw = False
328.8850 	EXP 	secondcircle: autoDraw = False
328.8850 	EXP 	text_4: autoDraw = False
328.8850 	EXP 	text_4: autoDraw = True
329.3850 	EXP 	text_4: autoDraw = False
329.4017 	EXP 	firstcircle_3: autoDraw = True
332.5850 	EXP 	firstcircle_3: autoDraw = False
332.6017 	EXP 	text_3: autoDraw = True
333.5849 	EXP 	text_3: autoDraw = False
333.6016 	EXP 	secondcircle: autoDraw = True
337.1849 	EXP 	secondcircle: autoDraw = False
339.9044 	DATA 	Keypress: right
339.9199 	EXP 	New trial (rep=0, index=12): OrderedDict([('firstTime', 2.1), ('secondTime', 3.5), ('corrAns', 'right'), ('plusStart', 2.6), ('secondStart', 3.6), ('respStart', 7.1), ('randNum', 0.699018652)])
339.9348 	EXP 	firstcircle_3: autoDraw = False
339.9348 	EXP 	text_3: autoDraw = False
339.9348 	EXP 	secondcircle: autoDraw = False
339.9348 	EXP 	text_4: autoDraw = False
339.9348 	EXP 	text_4: autoDraw = True
340.4349 	EXP 	text_4: autoDraw = False
340.4515 	EXP 	firstcircle_3: autoDraw = True
342.5348 	EXP 	firstcircle_3: autoDraw = False
342.5516 	EXP 	text_3: autoDraw = True
343.5348 	EXP 	text_3: autoDraw = False
343.5515 	EXP 	secondcircle: autoDraw = True
347.0348 	EXP 	secondcircle: autoDraw = False
347.9869 	DATA 	Keypress: left
347.9882 	EXP 	New trial (rep=0, index=13): OrderedDict([('firstTime', 1.8), ('secondTime', 2.7), ('corrAns', 'right'), ('plusStart', 2.3), ('secondStart', 3.3), ('respStart', 6.0), ('randNum', 0.8590765890000001)])
348.0014 	EXP 	firstcircle_3: autoDraw = False
348.0014 	EXP 	text_3: autoDraw = False
348.0014 	EXP 	secondcircle: autoDraw = False
348.0014 	EXP 	text_4: autoDraw = False
348.0014 	EXP 	text_4: autoDraw = True
348.5014 	EXP 	text_4: autoDraw = False
348.5181 	EXP 	firstcircle_3: autoDraw = True
350.3014 	EXP 	firstcircle_3: autoDraw = False
350.3181 	EXP 	text_3: autoDraw = True
351.3014 	EXP 	text_3: autoDraw = False
351.3180 	EXP 	secondcircle: autoDraw = True
354.0013 	EXP 	secondcircle: autoDraw = False
354.6532 	DATA 	Keypress: right
354.6546 	EXP 	New trial (rep=0, index=14): OrderedDict([('firstTime', 1.4), ('secondTime', 0.7), ('corrAns', 'left'), ('plusStart', 1.9), ('secondStart', 2.9), ('respStart', 3.6), ('randNum', 0.413030013)])
354.6680 	EXP 	firstcircle_3: autoDraw = False
354.6680 	EXP 	text_3: autoDraw = False
354.6680 	EXP 	secondcircle: autoDraw = False
354.6680 	EXP 	text_4: autoDraw = False
354.6680 	EXP 	text_4: autoDraw = True
355.1680 	EXP 	text_4: autoDraw = False
355.1847 	EXP 	firstcircle_3: autoDraw = True
356.5680 	EXP 	firstcircle_3: autoDraw = False
356.5846 	EXP 	text_3: autoDraw = True
357.5680 	EXP 	text_3: autoDraw = False
357.5846 	EXP 	secondcircle: autoDraw = True
358.2679 	EXP 	secondcircle: autoDraw = False
359.2532 	DATA 	Keypress: right
359.2546 	EXP 	New trial (rep=0, index=15): OrderedDict([('firstTime', 3.6), ('secondTime', 3.2), ('corrAns', 'left'), ('plusStart', 4.1), ('secondStart', 5.1), ('respStart', 8.3), ('randNum', 0.12198344800000001)])
359.2680 	EXP 	firstcircle_3: autoDraw = False
359.2680 	EXP 	text_3: autoDraw = False
359.2680 	EXP 	secondcircle: autoDraw = False
359.2680 	EXP 	text_4: autoDraw = False
359.2680 	EXP 	text_4: autoDraw = True
359.7679 	EXP 	text_4: autoDraw = False
359.7846 	EXP 	firstcircle_3: autoDraw = True
363.3679 	EXP 	firstcircle_3: autoDraw = False
363.3845 	EXP 	text_3: autoDraw = True
364.3679 	EXP 	text_3: autoDraw = False
364.3845 	EXP 	secondcircle: autoDraw = True
367.5678 	EXP 	secondcircle: autoDraw = False
368.8532 	DATA 	Keypress: right
368.8546 	EXP 	New trial (rep=0, index=16): OrderedDict([('firstTime', 4.4), ('secondTime', 3.3), ('corrAns', 'left'), ('plusStart', 4.9), ('secondStart', 5.9), ('respStart', 9.2), ('randNum', 0.7908218929999999)])
368.8678 	EXP 	firstcircle_3: autoDraw = False
368.8678 	EXP 	text_3: autoDraw = False
368.8678 	EXP 	secondcircle: autoDraw = False
368.8678 	EXP 	text_4: autoDraw = False
368.8678 	EXP 	text_4: autoDraw = True
369.3678 	EXP 	text_4: autoDraw = False
369.3845 	EXP 	firstcircle_3: autoDraw = True
373.7677 	EXP 	firstcircle_3: autoDraw = False
373.7844 	EXP 	text_3: autoDraw = True
374.7677 	EXP 	text_3: autoDraw = False
374.7844 	EXP 	secondcircle: autoDraw = True
378.0677 	EXP 	secondcircle: autoDraw = False
379.3860 	DATA 	Keypress: left
379.3874 	EXP 	New trial (rep=0, index=17): OrderedDict([('firstTime', 3.5), ('secondTime', 2.1), ('corrAns', 'left'), ('plusStart', 4.0), ('secondStart', 5.0), ('respStart', 7.1), ('randNum', 0.149007794)])
379.4010 	EXP 	firstcircle_3: autoDraw = False
379.4010 	EXP 	text_3: autoDraw = False
379.4010 	EXP 	secondcircle: autoDraw = False
379.4010 	EXP 	text_4: autoDraw = False
379.4010 	EXP 	text_4: autoDraw = True
379.9010 	EXP 	text_4: autoDraw = False
379.9177 	EXP 	firstcircle_3: autoDraw = True
383.4010 	EXP 	firstcircle_3: autoDraw = False
383.4176 	EXP 	text_3: autoDraw = True
384.4009 	EXP 	text_3: autoDraw = False
384.4176 	EXP 	secondcircle: autoDraw = True
386.5009 	EXP 	secondcircle: autoDraw = False
387.4862 	DATA 	Keypress: left
387.4876 	EXP 	New trial (rep=0, index=18): OrderedDict([('firstTime', 1.8), ('secondTime', 1.2), ('corrAns', 'left'), ('plusStart', 2.3), ('secondStart', 3.3), ('respStart', 4.5), ('randNum', 0.44825194799999996)])
387.5009 	EXP 	firstcircle_3: autoDraw = False
387.5009 	EXP 	text_3: autoDraw = False
387.5009 	EXP 	secondcircle: autoDraw = False
387.5009 	EXP 	text_4: autoDraw = False
387.5009 	EXP 	text_4: autoDraw = True
388.0009 	EXP 	text_4: autoDraw = False
388.0175 	EXP 	firstcircle_3: autoDraw = True
389.8009 	EXP 	firstcircle_3: autoDraw = False
389.8175 	EXP 	text_3: autoDraw = True
390.8008 	EXP 	text_3: autoDraw = False
390.8175 	EXP 	secondcircle: autoDraw = True
392.0008 	EXP 	secondcircle: autoDraw = False
392.6695 	DATA 	Keypress: right
392.6710 	EXP 	New trial (rep=0, index=19): OrderedDict([('firstTime', 0.9), ('secondTime', 1.8), ('corrAns', 'right'), ('plusStart', 1.4), ('secondStart', 2.4), ('respStart', 4.2), ('randNum', 0.35938568299999996)])
392.6842 	EXP 	firstcircle_3: autoDraw = False
392.6842 	EXP 	text_3: autoDraw = False
392.6842 	EXP 	secondcircle: autoDraw = False
392.6842 	EXP 	text_4: autoDraw = False
392.6842 	EXP 	text_4: autoDraw = True
393.1841 	EXP 	text_4: autoDraw = False
393.2008 	EXP 	firstcircle_3: autoDraw = True
394.0841 	EXP 	firstcircle_3: autoDraw = False
394.1009 	EXP 	text_3: autoDraw = True
395.0841 	EXP 	text_3: autoDraw = False
395.1008 	EXP 	secondcircle: autoDraw = True
396.8841 	EXP 	secondcircle: autoDraw = False
397.2694 	DATA 	Keypress: right
397.2841 	EXP 	firstcircle_3: autoDraw = False
397.2841 	EXP 	text_3: autoDraw = False
397.2841 	EXP 	secondcircle: autoDraw = False
397.2841 	EXP 	text_4: autoDraw = False
397.2841 	EXP 	text_6: autoDraw = True
399.1698 	DATA 	Keypress: space
399.1764 	EXP 	Imported conditionsTime3.csv as conditions, 20 conditions, 7 params
399.1767 	EXP 	Created sequence: sequential, trialTypes=20, nReps=1, seed=None
399.1771 	EXP 	New trial (rep=0, index=0): OrderedDict([('firstTime', 2.7), ('secondTime', 1.8), ('corrAns', 'left'), ('plusStart', 3.2), ('secondStart', 4.2), ('respStart', 6.0), ('randNum', 0.09224181599999999)])
399.1841 	EXP 	text_6: autoDraw = False
399.1841 	EXP 	text_4: autoDraw = True
399.6840 	EXP 	text_4: autoDraw = False
399.7007 	EXP 	firstcircle_3: autoDraw = True
402.3840 	EXP 	firstcircle_3: autoDraw = False
402.4007 	EXP 	text_3: autoDraw = True
403.3841 	EXP 	text_3: autoDraw = False
403.4007 	EXP 	secondcircle: autoDraw = True
405.1840 	EXP 	secondcircle: autoDraw = False
405.9693 	DATA 	Keypress: left
405.9709 	EXP 	New trial (rep=0, index=1): OrderedDict([('firstTime', 1.8), ('secondTime', 2.7), ('corrAns', 'right'), ('plusStart', 2.3), ('secondStart', 3.3), ('respStart', 6.0), ('randNum', 0.320860695)])
405.9840 	EXP 	firstcircle_3: autoDraw = False
405.9840 	EXP 	text_3: autoDraw = False
405.9840 	EXP 	secondcircle: autoDraw = False
405.9840 	EXP 	text_4: autoDraw = False
405.9840 	EXP 	text_4: autoDraw = True
406.4840 	EXP 	text_4: autoDraw = False
406.5006 	EXP 	firstcircle_3: autoDraw = True
408.2839 	EXP 	firstcircle_3: autoDraw = False
408.3006 	EXP 	text_3: autoDraw = True
409.2839 	EXP 	text_3: autoDraw = False
409.3007 	EXP 	secondcircle: autoDraw = True
411.9839 	EXP 	secondcircle: autoDraw = False
412.7859 	DATA 	Keypress: right
412.7873 	EXP 	New trial (rep=0, index=2): OrderedDict([('firstTime', 0.7), ('secondTime', 1.4), ('corrAns', 'right'), ('plusStart', 1.2), ('secondStart', 2.2), ('respStart', 3.6), ('randNum', 0.091696964)])
412.8005 	EXP 	firstcircle_3: autoDraw = False
412.8005 	EXP 	text_3: autoDraw = False
412.8005 	EXP 	secondcircle: autoDraw = False
412.8005 	EXP 	text_4: autoDraw = False
412.8005 	EXP 	text_4: autoDraw = True
413.3005 	EXP 	text_4: autoDraw = False
413.3172 	EXP 	firstcircle_3: autoDraw = True
414.0005 	EXP 	firstcircle_3: autoDraw = False
414.0172 	EXP 	text_3: autoDraw = True
415.0005 	EXP 	text_3: autoDraw = False
415.0172 	EXP 	secondcircle: autoDraw = True
416.4005 	EXP 	secondcircle: autoDraw = False
417.7021 	DATA 	Keypress: right
417.7037 	EXP 	New trial (rep=0, index=3): OrderedDict([('firstTime', 4.4), ('secondTime', 3.3), ('corrAns', 'left'), ('plusStart', 4.9), ('secondStart', 5.9), ('respStart', 9.2), ('randNum', 0.010112259)])
417.7171 	EXP 	firstcircle_3: autoDraw = False
417.7171 	EXP 	text_3: autoDraw = False
417.7171 	EXP 	secondcircle: autoDraw = False
417.7171 	EXP 	text_4: autoDraw = False
417.7171 	EXP 	text_4: autoDraw = True
418.2171 	EXP 	text_4: autoDraw = False
418.2338 	EXP 	firstcircle_3: autoDraw = True
422.6171 	EXP 	firstcircle_3: autoDraw = False
422.6337 	EXP 	text_3: autoDraw = True
423.6171 	EXP 	text_3: autoDraw = False
423.6337 	EXP 	secondcircle: autoDraw = True
426.9170 	EXP 	secondcircle: autoDraw = False
427.7526 	DATA 	Keypress: right
427.7540 	EXP 	New trial (rep=0, index=4): OrderedDict([('firstTime', 0.9), ('secondTime', 1.8), ('corrAns', 'right'), ('plusStart', 1.4), ('secondStart', 2.4), ('respStart', 4.2), ('randNum', 0.877480265)])
427.7670 	EXP 	firstcircle_3: autoDraw = False
427.7670 	EXP 	text_3: autoDraw = False
427.7670 	EXP 	secondcircle: autoDraw = False
427.7670 	EXP 	text_4: autoDraw = False
427.7670 	EXP 	text_4: autoDraw = True
428.2670 	EXP 	text_4: autoDraw = False
428.2837 	EXP 	firstcircle_3: autoDraw = True
429.1671 	EXP 	firstcircle_3: autoDraw = False
429.1836 	EXP 	text_3: autoDraw = True
430.1670 	EXP 	text_3: autoDraw = False
430.1836 	EXP 	secondcircle: autoDraw = True
431.9670 	EXP 	secondcircle: autoDraw = False
433.9687 	DATA 	Keypress: left
433.9700 	EXP 	New trial (rep=0, index=5): OrderedDict([('firstTime', 1.8), ('secondTime', 0.9), ('corrAns', 'left'), ('plusStart', 2.3), ('secondStart', 3.3), ('respStart', 4.2), ('randNum', 0.74232345)])
433.9836 	EXP 	firstcircle_3: autoDraw = False
433.9836 	EXP 	text_3: autoDraw = False
433.9836 	EXP 	secondcircle: autoDraw = False
433.9836 	EXP 	text_4: autoDraw = False
433.9836 	EXP 	text_4: autoDraw = True
434.4836 	EXP 	text_4: autoDraw = False
434.5002 	EXP 	firstcircle_3: autoDraw = True
436.2836 	EXP 	firstcircle_3: autoDraw = False
436.3003 	EXP 	text_3: autoDraw = True
437.2836 	EXP 	text_3: autoDraw = False
437.3002 	EXP 	secondcircle: autoDraw = True
438.1835 	EXP 	secondcircle: autoDraw = False
438.8188 	DATA 	Keypress: right
438.8202 	EXP 	New trial (rep=0, index=6): OrderedDict([('firstTime', 1.8), ('secondTime', 1.2), ('corrAns', 'left'), ('plusStart', 2.3), ('secondStart', 3.3), ('respStart', 4.5), ('randNum', 0.307053849)])
438.8335 	EXP 	firstcircle_3: autoDraw = False
438.8335 	EXP 	text_3: autoDraw = False
438.8335 	EXP 	secondcircle: autoDraw = False
438.8335 	EXP 	text_4: autoDraw = False
438.8335 	EXP 	text_4: autoDraw = True
439.3335 	EXP 	text_4: autoDraw = False
439.3502 	EXP 	firstcircle_3: autoDraw = True
441.1335 	EXP 	firstcircle_3: autoDraw = False
441.1502 	EXP 	text_3: autoDraw = True
442.1335 	EXP 	text_3: autoDraw = False
442.1502 	EXP 	secondcircle: autoDraw = True
443.3335 	EXP 	secondcircle: autoDraw = False
444.5355 	DATA 	Keypress: left
444.5369 	EXP 	New trial (rep=0, index=7): OrderedDict([('firstTime', 3.6), ('secondTime', 3.2), ('corrAns', 'left'), ('plusStart', 4.1), ('secondStart', 5.1), ('respStart', 8.3), ('randNum', 0.331236492)])
444.5501 	EXP 	firstcircle_3: autoDraw = False
444.5501 	EXP 	text_3: autoDraw = False
444.5501 	EXP 	secondcircle: autoDraw = False
444.5501 	EXP 	text_4: autoDraw = False
444.5501 	EXP 	text_4: autoDraw = True
445.0501 	EXP 	text_4: autoDraw = False
445.0668 	EXP 	firstcircle_3: autoDraw = True
448.6501 	EXP 	firstcircle_3: autoDraw = False
448.6667 	EXP 	text_3: autoDraw = True
449.6500 	EXP 	text_3: autoDraw = False
449.6667 	EXP 	secondcircle: autoDraw = True
452.8500 	EXP 	secondcircle: autoDraw = False
453.5853 	DATA 	Keypress: right
453.5867 	EXP 	New trial (rep=0, index=8): OrderedDict([('firstTime', 2.5), ('secondTime', 1.5), ('corrAns', 'left'), ('plusStart', 3.0), ('secondStart', 4.0), ('respStart', 5.5), ('randNum', 0.778562476)])
453.6000 	EXP 	firstcircle_3: autoDraw = False
453.6000 	EXP 	text_3: autoDraw = False
453.6000 	EXP 	secondcircle: autoDraw = False
453.6000 	EXP 	text_4: autoDraw = False
453.6000 	EXP 	text_4: autoDraw = True
454.1000 	EXP 	text_4: autoDraw = False
454.1167 	EXP 	firstcircle_3: autoDraw = True
456.6000 	EXP 	firstcircle_3: autoDraw = False
456.6166 	EXP 	text_3: autoDraw = True
457.6001 	EXP 	text_3: autoDraw = False
457.6166 	EXP 	secondcircle: autoDraw = True
459.0999 	EXP 	secondcircle: autoDraw = False
460.3360 	DATA 	Keypress: right
460.3516 	EXP 	New trial (rep=0, index=9): OrderedDict([('firstTime', 1.2), ('secondTime', 1.8), ('corrAns', 'right'), ('plusStart', 1.7), ('secondStart', 2.7), ('respStart', 4.5), ('randNum', 0.18131893100000002)])
460.3666 	EXP 	firstcircle_3: autoDraw = False
460.3666 	EXP 	text_3: autoDraw = False
460.3666 	EXP 	secondcircle: autoDraw = False
460.3666 	EXP 	text_4: autoDraw = False
460.3666 	EXP 	text_4: autoDraw = True
460.8666 	EXP 	text_4: autoDraw = False
460.8833 	EXP 	firstcircle_3: autoDraw = True
462.0665 	EXP 	firstcircle_3: autoDraw = False
462.0832 	EXP 	text_3: autoDraw = True
463.0665 	EXP 	text_3: autoDraw = False
463.0832 	EXP 	secondcircle: autoDraw = True
464.8665 	EXP 	secondcircle: autoDraw = False
468.1182 	DATA 	Keypress: right
468.1196 	EXP 	New trial (rep=0, index=10): OrderedDict([('firstTime', 2.8), ('secondTime', 2.1), ('corrAns', 'left'), ('plusStart', 3.3), ('secondStart', 4.3), ('respStart', 6.4), ('randNum', 0.897215002)])
468.1331 	EXP 	firstcircle_3: autoDraw = False
468.1331 	EXP 	text_3: autoDraw = False
468.1331 	EXP 	secondcircle: autoDraw = False
468.1331 	EXP 	text_4: autoDraw = False
468.1331 	EXP 	text_4: autoDraw = True
468.2851 	DATA 	Keypress: left
468.6331 	EXP 	text_4: autoDraw = False
468.6498 	EXP 	firstcircle_3: autoDraw = True
471.4331 	EXP 	firstcircle_3: autoDraw = False
471.4498 	EXP 	text_3: autoDraw = True
472.4331 	EXP 	text_3: autoDraw = False
472.4497 	EXP 	secondcircle: autoDraw = True
474.5330 	EXP 	secondcircle: autoDraw = False
478.0183 	DATA 	Keypress: right
478.0196 	EXP 	New trial (rep=0, index=11): OrderedDict([('firstTime', 2.1), ('secondTime', 2.8), ('corrAns', 'right'), ('plusStart', 2.6), ('secondStart', 3.6), ('respStart', 6.4), ('randNum', 0.734438325)])
478.0330 	EXP 	firstcircle_3: autoDraw = False
478.0330 	EXP 	text_3: autoDraw = False
478.0330 	EXP 	secondcircle: autoDraw = False
478.0330 	EXP 	text_4: autoDraw = False
478.0330 	EXP 	text_4: autoDraw = True
478.5330 	EXP 	text_4: autoDraw = False
478.5497 	EXP 	firstcircle_3: autoDraw = True
480.6330 	EXP 	firstcircle_3: autoDraw = False
480.6496 	EXP 	text_3: autoDraw = True
481.6329 	EXP 	text_3: autoDraw = False
481.6497 	EXP 	secondcircle: autoDraw = True
484.4329 	EXP 	secondcircle: autoDraw = False
485.7015 	DATA 	Keypress: right
485.7029 	EXP 	New trial (rep=0, index=12): OrderedDict([('firstTime', 3.2), ('secondTime', 3.6), ('corrAns', 'right'), ('plusStart', 3.7), ('secondStart', 4.7), ('respStart', 8.3), ('randNum', 0.716372322)])
485.7162 	EXP 	firstcircle_3: autoDraw = False
485.7162 	EXP 	text_3: autoDraw = False
485.7162 	EXP 	secondcircle: autoDraw = False
485.7162 	EXP 	text_4: autoDraw = False
485.7162 	EXP 	text_4: autoDraw = True
486.2162 	EXP 	text_4: autoDraw = False
486.2329 	EXP 	firstcircle_3: autoDraw = True
489.4162 	EXP 	firstcircle_3: autoDraw = False
489.4329 	EXP 	text_3: autoDraw = True
490.4162 	EXP 	text_3: autoDraw = False
490.4328 	EXP 	secondcircle: autoDraw = True
494.0162 	EXP 	secondcircle: autoDraw = False
494.5848 	DATA 	Keypress: right
494.5862 	EXP 	New trial (rep=0, index=13): OrderedDict([('firstTime', 2.1), ('secondTime', 3.5), ('corrAns', 'right'), ('plusStart', 2.6), ('secondStart', 3.6), ('respStart', 7.1), ('randNum', 0.2797458)])
494.5995 	EXP 	firstcircle_3: autoDraw = False
494.5995 	EXP 	text_3: autoDraw = False
494.5995 	EXP 	secondcircle: autoDraw = False
494.5995 	EXP 	text_4: autoDraw = False
494.5995 	EXP 	text_4: autoDraw = True
495.0994 	EXP 	text_4: autoDraw = False
495.1161 	EXP 	firstcircle_3: autoDraw = True
497.1994 	EXP 	firstcircle_3: autoDraw = False
497.2161 	EXP 	text_3: autoDraw = True
498.1994 	EXP 	text_3: autoDraw = False
498.2160 	EXP 	secondcircle: autoDraw = True
501.6994 	EXP 	secondcircle: autoDraw = False
502.4347 	DATA 	Keypress: right
502.4362 	EXP 	New trial (rep=0, index=14): OrderedDict([('firstTime', 1.4), ('secondTime', 0.7), ('corrAns', 'left'), ('plusStart', 1.9), ('secondStart', 2.9), ('respStart', 3.6), ('randNum', 0.038284202)])
502.4493 	EXP 	firstcircle_3: autoDraw = False
502.4493 	EXP 	text_3: autoDraw = False
502.4493 	EXP 	secondcircle: autoDraw = False
502.4493 	EXP 	text_4: autoDraw = False
502.4493 	EXP 	text_4: autoDraw = True
502.9493 	EXP 	text_4: autoDraw = False
502.9661 	EXP 	firstcircle_3: autoDraw = True
504.3493 	EXP 	firstcircle_3: autoDraw = False
504.3660 	EXP 	text_3: autoDraw = True
505.3493 	EXP 	text_3: autoDraw = False
505.3660 	EXP 	secondcircle: autoDraw = True
506.0493 	EXP 	secondcircle: autoDraw = False
507.4513 	DATA 	Keypress: left
507.4526 	EXP 	New trial (rep=0, index=15): OrderedDict([('firstTime', 9.9), ('secondTime', 8.8), ('corrAns', 'left'), ('plusStart', 10.4), ('secondStart', 11.4), ('respStart', 20.2), ('randNum', 0.656448526)])
507.4660 	EXP 	firstcircle_3: autoDraw = False
507.4660 	EXP 	text_3: autoDraw = False
507.4660 	EXP 	secondcircle: autoDraw = False
507.4660 	EXP 	text_4: autoDraw = False
507.4660 	EXP 	text_4: autoDraw = True
507.9659 	EXP 	text_4: autoDraw = False
507.9826 	EXP 	firstcircle_3: autoDraw = True
517.8658 	EXP 	firstcircle_3: autoDraw = False
517.8825 	EXP 	text_3: autoDraw = True
518.8658 	EXP 	text_3: autoDraw = False
518.8824 	EXP 	secondcircle: autoDraw = True
527.6657 	EXP 	secondcircle: autoDraw = False
528.2177 	DATA 	Keypress: right
528.2192 	EXP 	New trial (rep=0, index=16): OrderedDict([('firstTime', 3.5), ('secondTime', 2.1), ('corrAns', 'left'), ('plusStart', 4.0), ('secondStart', 5.0), ('respStart', 7.1), ('randNum', 0.25078508899999996)])
528.2324 	EXP 	firstcircle_3: autoDraw = False
528.2324 	EXP 	text_3: autoDraw = False
528.2324 	EXP 	secondcircle: autoDraw = False
528.2324 	EXP 	text_4: autoDraw = False
528.2324 	EXP 	text_4: autoDraw = True
528.7323 	EXP 	text_4: autoDraw = False
528.7490 	EXP 	firstcircle_3: autoDraw = True
532.2323 	EXP 	firstcircle_3: autoDraw = False
532.2489 	EXP 	text_3: autoDraw = True
533.2323 	EXP 	text_3: autoDraw = False
533.2489 	EXP 	secondcircle: autoDraw = True
535.3322 	EXP 	secondcircle: autoDraw = False
535.9846 	DATA 	Keypress: left
535.9860 	EXP 	New trial (rep=0, index=17): OrderedDict([('firstTime', 8.8), ('secondTime', 9.9), ('corrAns', 'right'), ('plusStart', 9.3), ('secondStart', 10.3), ('respStart', 20.2), ('randNum', 0.055985873)])
535.9990 	EXP 	firstcircle_3: autoDraw = False
535.9990 	EXP 	text_3: autoDraw = False
535.9990 	EXP 	secondcircle: autoDraw = False
535.9990 	EXP 	text_4: autoDraw = False
535.9990 	EXP 	text_4: autoDraw = True
536.4989 	EXP 	text_4: autoDraw = False
536.5155 	EXP 	firstcircle_3: autoDraw = True
545.2988 	EXP 	firstcircle_3: autoDraw = False
545.3154 	EXP 	text_3: autoDraw = True
546.2987 	EXP 	text_3: autoDraw = False
546.3154 	EXP 	secondcircle: autoDraw = True
556.1986 	EXP 	secondcircle: autoDraw = False
559.2008 	DATA 	Keypress: right
559.2169 	EXP 	New trial (rep=0, index=18): OrderedDict([('firstTime', 1.5), ('secondTime', 2.5), ('corrAns', 'right'), ('plusStart', 2.0), ('secondStart', 3.0), ('respStart', 5.5), ('randNum', 0.279030548)])
559.2319 	EXP 	firstcircle_3: autoDraw = False
559.2319 	EXP 	text_3: autoDraw = False
559.2319 	EXP 	secondcircle: autoDraw = False
559.2319 	EXP 	text_4: autoDraw = False
559.2319 	EXP 	text_4: autoDraw = True
559.7319 	EXP 	text_4: autoDraw = False
559.7486 	EXP 	firstcircle_3: autoDraw = True
561.2319 	EXP 	firstcircle_3: autoDraw = False
561.2486 	EXP 	text_3: autoDraw = True
562.2319 	EXP 	text_3: autoDraw = False
562.2485 	EXP 	secondcircle: autoDraw = True
564.7318 	EXP 	secondcircle: autoDraw = False
569.4838 	DATA 	Keypress: right
569.4853 	EXP 	New trial (rep=0, index=19): OrderedDict([('firstTime', 3.3), ('secondTime', 4.4), ('corrAns', 'right'), ('plusStart', 3.8), ('secondStart', 4.8), ('respStart', 9.2), ('randNum', 0.6214470879999999)])
569.4985 	EXP 	firstcircle_3: autoDraw = False
569.4985 	EXP 	text_3: autoDraw = False
569.4985 	EXP 	secondcircle: autoDraw = False
569.4985 	EXP 	text_4: autoDraw = False
569.4985 	EXP 	text_4: autoDraw = True
569.9984 	EXP 	text_4: autoDraw = False
570.0151 	EXP 	firstcircle_3: autoDraw = True
573.2984 	EXP 	firstcircle_3: autoDraw = False
573.3151 	EXP 	text_3: autoDraw = True
574.2984 	EXP 	text_3: autoDraw = False
574.3150 	EXP 	secondcircle: autoDraw = True
574.4837 	DATA 	Keypress: right
578.6983 	EXP 	secondcircle: autoDraw = False
579.1836 	DATA 	Keypress: right
579.1984 	EXP 	firstcircle_3: autoDraw = False
579.1984 	EXP 	text_3: autoDraw = False
579.1984 	EXP 	secondcircle: autoDraw = False
579.1984 	EXP 	text_4: autoDraw = False
579.1984 	EXP 	text_7: autoDraw = True
585.0172 	DATA 	Keypress: space
585.0228 	EXP 	Imported conditionsTime4.csv as conditions, 20 conditions, 7 params
585.0231 	EXP 	Created sequence: sequential, trialTypes=20, nReps=1, seed=None
585.0235 	EXP 	New trial (rep=0, index=0): OrderedDict([('firstTime', 2.5), ('secondTime', 1.5), ('corrAns', 'left'), ('plusStart', 3.0), ('secondStart', 4.0), ('respStart', 5.5), ('randNum', 0.9526453340000001)])
585.0316 	EXP 	text_7: autoDraw = False
585.0316 	EXP 	text_4: autoDraw = True
585.5316 	EXP 	text_4: autoDraw = False
585.5482 	EXP 	firstcircle_3: autoDraw = True
587.0002 	DATA 	Keypress: right
588.0315 	EXP 	firstcircle_3: autoDraw = False
588.0482 	EXP 	text_3: autoDraw = True
589.0315 	EXP 	text_3: autoDraw = False
589.0482 	EXP 	secondcircle: autoDraw = True
590.5315 	EXP 	secondcircle: autoDraw = False
591.5836 	DATA 	Keypress: right
591.5852 	EXP 	New trial (rep=0, index=1): OrderedDict([('firstTime', 2.8), ('secondTime', 2.1), ('corrAns', 'left'), ('plusStart', 3.3), ('secondStart', 4.3), ('respStart', 6.4), ('randNum', 0.962497787)])
591.5982 	EXP 	firstcircle_3: autoDraw = False
591.5982 	EXP 	text_3: autoDraw = False
591.5982 	EXP 	secondcircle: autoDraw = False
591.5982 	EXP 	text_4: autoDraw = False
591.5982 	EXP 	text_4: autoDraw = True
592.0981 	EXP 	text_4: autoDraw = False
592.1148 	EXP 	firstcircle_3: autoDraw = True
594.8981 	EXP 	firstcircle_3: autoDraw = False
594.9147 	EXP 	text_3: autoDraw = True
595.8981 	EXP 	text_3: autoDraw = False
595.9148 	EXP 	secondcircle: autoDraw = True
597.9980 	EXP 	secondcircle: autoDraw = False
598.7669 	DATA 	Keypress: left
598.7683 	EXP 	New trial (rep=0, index=2): OrderedDict([('firstTime', 2.7), ('secondTime', 1.8), ('corrAns', 'left'), ('plusStart', 3.2), ('secondStart', 4.2), ('respStart', 6.0), ('randNum', 0.06690605599999999)])
598.7814 	EXP 	firstcircle_3: autoDraw = False
598.7814 	EXP 	text_3: autoDraw = False
598.7814 	EXP 	secondcircle: autoDraw = False
598.7814 	EXP 	text_4: autoDraw = False
598.7814 	EXP 	text_4: autoDraw = True
599.2814 	EXP 	text_4: autoDraw = False
599.2980 	EXP 	firstcircle_3: autoDraw = True
601.9813 	EXP 	firstcircle_3: autoDraw = False
601.9980 	EXP 	text_3: autoDraw = True
602.9813 	EXP 	text_3: autoDraw = False
602.9980 	EXP 	secondcircle: autoDraw = True
604.7813 	EXP 	secondcircle: autoDraw = False
605.9997 	DATA 	Keypress: right
606.0015 	EXP 	New trial (rep=0, index=3): OrderedDict([('firstTime', 8.8), ('secondTime', 9.9), ('corrAns', 'right'), ('plusStart', 9.3), ('secondStart', 10.3), ('respStart', 20.2), ('randNum', 0.09555333099999999)])
606.0147 	EXP 	firstcircle_3: autoDraw = False
606.0147 	EXP 	text_3: autoDraw = False
606.0147 	EXP 	secondcircle: autoDraw = False
606.0147 	EXP 	text_4: autoDraw = False
606.0147 	EXP 	text_4: autoDraw = True
606.5146 	EXP 	text_4: autoDraw = False
606.5313 	EXP 	firstcircle_3: autoDraw = True
613.0831 	DATA 	Keypress: right
615.3145 	EXP 	firstcircle_3: autoDraw = False
615.3311 	EXP 	text_3: autoDraw = True
616.3145 	EXP 	text_3: autoDraw = False
616.3311 	EXP 	secondcircle: autoDraw = True
626.2143 	EXP 	secondcircle: autoDraw = False
627.2664 	DATA 	Keypress: right
627.2680 	EXP 	New trial (rep=0, index=4): OrderedDict([('firstTime', 1.8), ('secondTime', 2.7), ('corrAns', 'right'), ('plusStart', 2.3), ('secondStart', 3.3), ('respStart', 6.0), ('randNum', 0.559320406)])
627.2811 	EXP 	firstcircle_3: autoDraw = False
627.2811 	EXP 	text_3: autoDraw = False
627.2811 	EXP 	secondcircle: autoDraw = False
627.2811 	EXP 	text_4: autoDraw = False
627.2811 	EXP 	text_4: autoDraw = True
627.7810 	EXP 	text_4: autoDraw = False
627.7976 	EXP 	firstcircle_3: autoDraw = True
629.5810 	EXP 	firstcircle_3: autoDraw = False
629.5976 	EXP 	text_3: autoDraw = True
630.5809 	EXP 	text_3: autoDraw = False
630.5976 	EXP 	secondcircle: autoDraw = True
633.2809 	EXP 	secondcircle: autoDraw = False
636.0998 	DATA 	Keypress: left
636.1012 	EXP 	New trial (rep=0, index=5): OrderedDict([('firstTime', 3.5), ('secondTime', 2.1), ('corrAns', 'left'), ('plusStart', 4.0), ('secondStart', 5.0), ('respStart', 7.1), ('randNum', 0.885130943)])
636.1142 	EXP 	firstcircle_3: autoDraw = False
636.1142 	EXP 	text_3: autoDraw = False
636.1142 	EXP 	secondcircle: autoDraw = False
636.1142 	EXP 	text_4: autoDraw = False
636.1142 	EXP 	text_4: autoDraw = True
636.6142 	EXP 	text_4: autoDraw = False
636.6309 	EXP 	firstcircle_3: autoDraw = True
640.1141 	EXP 	firstcircle_3: autoDraw = False
640.1308 	EXP 	text_3: autoDraw = True
641.1141 	EXP 	text_3: autoDraw = False
641.1308 	EXP 	secondcircle: autoDraw = True
643.2141 	EXP 	secondcircle: autoDraw = False
645.8332 	DATA 	Keypress: left
645.8345 	EXP 	New trial (rep=0, index=6): OrderedDict([('firstTime', 2.1), ('secondTime', 2.8), ('corrAns', 'right'), ('plusStart', 2.6), ('secondStart', 3.6), ('respStart', 6.4), ('randNum', 0.7843272990000001)])
645.8474 	EXP 	firstcircle_3: autoDraw = False
645.8474 	EXP 	text_3: autoDraw = False
645.8474 	EXP 	secondcircle: autoDraw = False
645.8474 	EXP 	text_4: autoDraw = False
645.8474 	EXP 	text_4: autoDraw = True
646.3474 	EXP 	text_4: autoDraw = False
646.3641 	EXP 	firstcircle_3: autoDraw = True
648.4474 	EXP 	firstcircle_3: autoDraw = False
648.4640 	EXP 	text_3: autoDraw = True
649.4473 	EXP 	text_3: autoDraw = False
649.4641 	EXP 	secondcircle: autoDraw = True
652.2473 	EXP 	secondcircle: autoDraw = False
653.2328 	DATA 	Keypress: right
653.2341 	EXP 	New trial (rep=0, index=7): OrderedDict([('firstTime', 4.4), ('secondTime', 3.3), ('corrAns', 'left'), ('plusStart', 4.9), ('secondStart', 5.9), ('respStart', 9.2), ('randNum', 0.594355042)])
653.2473 	EXP 	firstcircle_3: autoDraw = False
653.2473 	EXP 	text_3: autoDraw = False
653.2473 	EXP 	secondcircle: autoDraw = False
653.2473 	EXP 	text_4: autoDraw = False
653.2473 	EXP 	text_4: autoDraw = True
653.7473 	EXP 	text_4: autoDraw = False
653.7640 	EXP 	firstcircle_3: autoDraw = True
658.1472 	EXP 	firstcircle_3: autoDraw = False
658.1639 	EXP 	text_3: autoDraw = True
659.1473 	EXP 	text_3: autoDraw = False
659.1639 	EXP 	secondcircle: autoDraw = True
662.4472 	EXP 	secondcircle: autoDraw = False
663.2158 	DATA 	Keypress: right
663.2172 	EXP 	New trial (rep=0, index=8): OrderedDict([('firstTime', 0.9), ('secondTime', 1.8), ('corrAns', 'right'), ('plusStart', 1.4), ('secondStart', 2.4), ('respStart', 4.2), ('randNum', 0.39760777399999997)])
663.2306 	EXP 	firstcircle_3: autoDraw = False
663.2306 	EXP 	text_3: autoDraw = False
663.2306 	EXP 	secondcircle: autoDraw = False
663.2306 	EXP 	text_4: autoDraw = False
663.2306 	EXP 	text_4: autoDraw = True
663.7305 	EXP 	text_4: autoDraw = False
663.7471 	EXP 	firstcircle_3: autoDraw = True
664.6305 	EXP 	firstcircle_3: autoDraw = False
664.6471 	EXP 	text_3: autoDraw = True
665.6305 	EXP 	text_3: autoDraw = False
665.6471 	EXP 	secondcircle: autoDraw = True
667.4305 	EXP 	secondcircle: autoDraw = False
669.7161 	DATA 	Keypress: left
669.7174 	EXP 	New trial (rep=0, index=9): OrderedDict([('firstTime', 3.6), ('secondTime', 3.2), ('corrAns', 'left'), ('plusStart', 4.1), ('secondStart', 5.1), ('respStart', 8.3), ('randNum', 0.454525661)])
669.7304 	EXP 	firstcircle_3: autoDraw = False
669.7304 	EXP 	text_3: autoDraw = False
669.7304 	EXP 	secondcircle: autoDraw = False
669.7304 	EXP 	text_4: autoDraw = False
669.7304 	EXP 	text_4: autoDraw = True
670.2304 	EXP 	text_4: autoDraw = False
670.2471 	EXP 	firstcircle_3: autoDraw = True
673.8304 	EXP 	firstcircle_3: autoDraw = False
673.8470 	EXP 	text_3: autoDraw = True
674.8303 	EXP 	text_3: autoDraw = False
674.8471 	EXP 	secondcircle: autoDraw = True
678.0303 	EXP 	secondcircle: autoDraw = False
679.0657 	DATA 	Keypress: left
679.0671 	EXP 	New trial (rep=0, index=10): OrderedDict([('firstTime', 9.9), ('secondTime', 8.8), ('corrAns', 'left'), ('plusStart', 10.4), ('secondStart', 11.4), ('respStart', 20.2), ('randNum', 0.335173919)])
679.0803 	EXP 	firstcircle_3: autoDraw = False
679.0803 	EXP 	text_3: autoDraw = False
679.0803 	EXP 	secondcircle: autoDraw = False
679.0803 	EXP 	text_4: autoDraw = False
679.0803 	EXP 	text_4: autoDraw = True
679.5803 	EXP 	text_4: autoDraw = False
679.5970 	EXP 	firstcircle_3: autoDraw = True
689.4801 	EXP 	firstcircle_3: autoDraw = False
689.4968 	EXP 	text_3: autoDraw = True
690.4801 	EXP 	text_3: autoDraw = False
690.4968 	EXP 	secondcircle: autoDraw = True
699.2801 	EXP 	secondcircle: autoDraw = False
700.1154 	DATA 	Keypress: left
700.1168 	EXP 	New trial (rep=0, index=11): OrderedDict([('firstTime', 1.8), ('secondTime', 1.2), ('corrAns', 'left'), ('plusStart', 2.3), ('secondStart', 3.3), ('respStart', 4.5), ('randNum', 0.050156068)])
700.1300 	EXP 	firstcircle_3: autoDraw = False
700.1300 	EXP 	text_3: autoDraw = False
700.1300 	EXP 	secondcircle: autoDraw = False
700.1300 	EXP 	text_4: autoDraw = False
700.1300 	EXP 	text_4: autoDraw = True
700.6300 	EXP 	text_4: autoDraw = False
700.6467 	EXP 	firstcircle_3: autoDraw = True
702.4300 	EXP 	firstcircle_3: autoDraw = False
702.4466 	EXP 	text_3: autoDraw = True
703.4300 	EXP 	text_3: autoDraw = False
703.4466 	EXP 	secondcircle: autoDraw = True
704.6299 	EXP 	secondcircle: autoDraw = False
705.7318 	DATA 	Keypress: right
705.7333 	EXP 	New trial (rep=0, index=12): OrderedDict([('firstTime', 2.1), ('secondTime', 3.5), ('corrAns', 'right'), ('plusStart', 2.6), ('secondStart', 3.6), ('respStart', 7.1), ('randNum', 0.553210354)])
705.7466 	EXP 	firstcircle_3: autoDraw = False
705.7466 	EXP 	text_3: autoDraw = False
705.7466 	EXP 	secondcircle: autoDraw = False
705.7466 	EXP 	text_4: autoDraw = False
705.7466 	EXP 	text_4: autoDraw = True
706.2466 	EXP 	text_4: autoDraw = False
706.2633 	EXP 	firstcircle_3: autoDraw = True
708.3466 	EXP 	firstcircle_3: autoDraw = False
708.3632 	EXP 	text_3: autoDraw = True
709.3465 	EXP 	text_3: autoDraw = False
709.3633 	EXP 	secondcircle: autoDraw = True
712.8466 	EXP 	secondcircle: autoDraw = False
713.4483 	DATA 	Keypress: right
713.4503 	EXP 	New trial (rep=0, index=13): OrderedDict([('firstTime', 3.2), ('secondTime', 3.6), ('corrAns', 'right'), ('plusStart', 3.7), ('secondStart', 4.7), ('respStart', 8.3), ('randNum', 0.062598668)])
713.4632 	EXP 	firstcircle_3: autoDraw = False
713.4632 	EXP 	text_3: autoDraw = False
713.4632 	EXP 	secondcircle: autoDraw = False
713.4632 	EXP 	text_4: autoDraw = False
713.4632 	EXP 	text_4: autoDraw = True
713.9632 	EXP 	text_4: autoDraw = False
713.9799 	EXP 	firstcircle_3: autoDraw = True
717.1632 	EXP 	firstcircle_3: autoDraw = False
717.1798 	EXP 	text_3: autoDraw = True
718.1631 	EXP 	text_3: autoDraw = False
718.1798 	EXP 	secondcircle: autoDraw = True
721.7630 	EXP 	secondcircle: autoDraw = False
722.9818 	DATA 	Keypress: right
722.9832 	EXP 	New trial (rep=0, index=14): OrderedDict([('firstTime', 1.5), ('secondTime', 2.5), ('corrAns', 'right'), ('plusStart', 2.0), ('secondStart', 3.0), ('respStart', 5.5), ('randNum', 0.851613693)])
722.9964 	EXP 	firstcircle_3: autoDraw = False
722.9964 	EXP 	text_3: autoDraw = False
722.9964 	EXP 	secondcircle: autoDraw = False
722.9964 	EXP 	text_4: autoDraw = False
722.9964 	EXP 	text_4: autoDraw = True
723.4964 	EXP 	text_4: autoDraw = False
723.5130 	EXP 	firstcircle_3: autoDraw = True
724.9963 	EXP 	firstcircle_3: autoDraw = False
725.0130 	EXP 	text_3: autoDraw = True
725.9963 	EXP 	text_3: autoDraw = False
726.0130 	EXP 	secondcircle: autoDraw = True
728.4963 	EXP 	secondcircle: autoDraw = False
729.6826 	DATA 	Keypress: right
729.6980 	EXP 	New trial (rep=0, index=15): OrderedDict([('firstTime', 1.2), ('secondTime', 1.8), ('corrAns', 'right'), ('plusStart', 1.7), ('secondStart', 2.7), ('respStart', 4.5), ('randNum', 0.9561071459999999)])
729.7130 	EXP 	firstcircle_3: autoDraw = False
729.7130 	EXP 	text_3: autoDraw = False
729.7130 	EXP 	secondcircle: autoDraw = False
729.7130 	EXP 	text_4: autoDraw = False
729.7130 	EXP 	text_4: autoDraw = True
730.2129 	EXP 	text_4: autoDraw = False
730.2296 	EXP 	firstcircle_3: autoDraw = True
731.4130 	EXP 	firstcircle_3: autoDraw = False
731.4296 	EXP 	text_3: autoDraw = True
732.4129 	EXP 	text_3: autoDraw = False
732.4296 	EXP 	secondcircle: autoDraw = True
734.2129 	EXP 	secondcircle: autoDraw = False
737.8149 	DATA 	Keypress: right
737.8163 	EXP 	New trial (rep=0, index=16): OrderedDict([('firstTime', 3.3), ('secondTime', 4.4), ('corrAns', 'right'), ('plusStart', 3.8), ('secondStart', 4.8), ('respStart', 9.2), ('randNum', 0.25372748300000003)])
737.8295 	EXP 	firstcircle_3: autoDraw = False
737.8295 	EXP 	text_3: autoDraw = False
737.8295 	EXP 	secondcircle: autoDraw = False
737.8295 	EXP 	text_4: autoDraw = False
737.8295 	EXP 	text_4: autoDraw = True
738.3295 	EXP 	text_4: autoDraw = False
738.3461 	EXP 	firstcircle_3: autoDraw = True
741.6294 	EXP 	firstcircle_3: autoDraw = False
741.6462 	EXP 	text_3: autoDraw = True
742.6294 	EXP 	text_3: autoDraw = False
742.6461 	EXP 	secondcircle: autoDraw = True
744.0479 	DATA 	Keypress: left
747.0294 	EXP 	secondcircle: autoDraw = False
749.3147 	DATA 	Keypress: right
749.3163 	EXP 	New trial (rep=0, index=17): OrderedDict([('firstTime', 1.8), ('secondTime', 0.9), ('corrAns', 'left'), ('plusStart', 2.3), ('secondStart', 3.3), ('respStart', 4.2), ('randNum', 0.328250033)])
749.3293 	EXP 	firstcircle_3: autoDraw = False
749.3293 	EXP 	text_3: autoDraw = False
749.3293 	EXP 	secondcircle: autoDraw = False
749.3293 	EXP 	text_4: autoDraw = False
749.3293 	EXP 	text_4: autoDraw = True
749.8294 	EXP 	text_4: autoDraw = False
749.8460 	EXP 	firstcircle_3: autoDraw = True
751.6293 	EXP 	firstcircle_3: autoDraw = False
751.6460 	EXP 	text_3: autoDraw = True
752.6293 	EXP 	text_3: autoDraw = False
752.6460 	EXP 	secondcircle: autoDraw = True
753.5293 	EXP 	secondcircle: autoDraw = False
754.8647 	DATA 	Keypress: right
754.8660 	EXP 	New trial (rep=0, index=18): OrderedDict([('firstTime', 1.4), ('secondTime', 0.7), ('corrAns', 'left'), ('plusStart', 1.9), ('secondStart', 2.9), ('respStart', 3.6), ('randNum', 0.26139814899999997)])
754.8793 	EXP 	firstcircle_3: autoDraw = False
754.8793 	EXP 	text_3: autoDraw = False
754.8793 	EXP 	secondcircle: autoDraw = False
754.8793 	EXP 	text_4: autoDraw = False
754.8793 	EXP 	text_4: autoDraw = True
755.3793 	EXP 	text_4: autoDraw = False
755.3960 	EXP 	firstcircle_3: autoDraw = True
756.7792 	EXP 	firstcircle_3: autoDraw = False
756.7959 	EXP 	text_3: autoDraw = True
757.7793 	EXP 	text_3: autoDraw = False
757.7959 	EXP 	secondcircle: autoDraw = True
758.4793 	EXP 	secondcircle: autoDraw = False
762.2479 	DATA 	Keypress: left
762.2495 	EXP 	New trial (rep=0, index=19): OrderedDict([('firstTime', 0.7), ('secondTime', 1.4), ('corrAns', 'right'), ('plusStart', 1.2), ('secondStart', 2.2), ('respStart', 3.6), ('randNum', 0.515481866)])
762.2625 	EXP 	firstcircle_3: autoDraw = False
762.2625 	EXP 	text_3: autoDraw = False
762.2625 	EXP 	secondcircle: autoDraw = False
762.2625 	EXP 	text_4: autoDraw = False
762.2625 	EXP 	text_4: autoDraw = True
762.7625 	EXP 	text_4: autoDraw = False
762.7791 	EXP 	firstcircle_3: autoDraw = True
763.4625 	EXP 	firstcircle_3: autoDraw = False
763.4791 	EXP 	text_3: autoDraw = True
764.4625 	EXP 	text_3: autoDraw = False
764.4792 	EXP 	secondcircle: autoDraw = True
765.8624 	EXP 	secondcircle: autoDraw = False
766.8312 	DATA 	Keypress: right
766.8458 	EXP 	firstcircle_3: autoDraw = False
766.8458 	EXP 	text_3: autoDraw = False
766.8458 	EXP 	secondcircle: autoDraw = False
766.8458 	EXP 	text_4: autoDraw = False
766.8458 	EXP 	text_2: autoDraw = True
770.1126 	EXP 	window1: mouseVisible = True
