9.2072 	WARNING 	User requested fullscreen with size [1024  768], but screen is actually [1280, 800]. Using actual size
9.9204 	EXP 	Created window1 = Window(allowGUI=False, allowStencil=False, args=UNKNOWN, autoLog=True, bitsMode=UNKNOWN, blendMode='avg', color=array([0., 0., 0.]), colorSpace='rgb', fullscr=<method-wrapper '__getattribute__' of attributeSetter object at 0x128f95cf8>, gamma=None, kwargs=UNKNOWN, lms=UNKNOWN, monitor=<psychopy.monitors.calibTools.Monitor object at 0x12a800940>, multiSample=False, name='window1', numSamples=2, pos=[0.0, 0.0], screen=0, size=array([2560, 1600]), stereo=False, units='norm', useFBO=True, useRetina=True, viewOri=0.0, viewPos=None, viewScale=None, waitBlanking=True, winType='pyglet')
9.9204 	EXP 	window1: recordFrameIntervals = False
10.0864 	EXP 	window1: recordFrameIntervals = True
10.2709 	EXP 	window1: recordFrameIntervals = False
10.4132 	EXP 	Created insRound1 = TextStim(__class__=<class 'psychopy.visual.text.TextStim'>, alignHoriz='center', alignVert='center', antialias=True, autoLog=True, bold=False, color='white', colorSpace='named', contrast=1.0, depth=0.0, flipHoriz=False, flipVert=False, font='Arial', fontFiles=[], height=0.05, italic=False, languageStyle='LTR', name='insRound1', opacity=1.0, ori=0, pos=array([0., 0.]), rgb=array([255., 255., 255.]), text=str(...), units='norm', win=Window(...), wrapWidth=1)
10.4253 	EXP 	Created text = TextStim(__class__=<class 'psychopy.visual.text.TextStim'>, alignHoriz='center', alignVert='center', antialias=True, autoLog=True, bold=False, color='white', colorSpace='named', contrast=1.0, depth=0.0, flipHoriz=False, flipVert=False, font='Arial', fontFiles=[], height=0.1, italic=False, languageStyle='LTR', name='text', opacity=1.0, ori=0, pos=array([0., 0.]), rgb=array([255., 255., 255.]), text='Block starts\n\nPress space', units='norm', win=Window(...), wrapWidth=1)
10.4367 	EXP 	Created firstcircle_3 = Polygon(__class__=<class 'psychopy.visual.polygon.Polygon'>, autoDraw=False, autoLog=True, closeShape=True, color=method-wrapper(...), colorSpace=None, contrast=1.0, depth=0.0, fillColor=array([1., 1., 1.]), fillColorSpace='rgb', fillRGB=array([1., 1., 1.]), interpolate=True, lineColor=array([1., 1., 1.]), lineColorSpace='rgb', lineRGB=array([1., 1., 1.]), lineWidth=1, name='firstcircle_3', opacity=1.0, ori=array(0.), pos=array([0., 0.]), size=array([0.3, 0.5]), units='norm', vertices=ndarray(...), win=Window(...))
10.4405 	EXP 	Created text_3 = TextStim(__class__=<class 'psychopy.visual.text.TextStim'>, alignHoriz='center', alignVert='center', antialias=True, autoLog=True, bold=False, color='white', colorSpace='named', contrast=1.0, depth=-2.0, flipHoriz=False, flipVert=False, font='Arial', fontFiles=[], height=0.1, italic=False, languageStyle='LTR', name='text_3', opacity=1.0, ori=0, pos=array([0., 0.]), rgb=array([255., 255., 255.]), text='+', units='norm', win=Window(...), wrapWidth=1)
10.4436 	EXP 	Created secondcircle = Polygon(__class__=<class 'psychopy.visual.polygon.Polygon'>, autoDraw=False, autoLog=True, closeShape=True, color=method-wrapper(...), colorSpace=None, contrast=1.0, depth=-3.0, fillColor=array([-1., -1., -1.]), fillColorSpace='rgb', fillRGB=array([-1., -1., -1.]), interpolate=True, lineColor=array([-1., -1., -1.]), lineColorSpace='rgb', lineRGB=array([-1., -1., -1.]), lineWidth=1, name='secondcircle', opacity=1.0, ori=array(0.), pos=array([0., 0.]), size=array([0.3, 0.5]), units='norm', vertices=ndarray(...), win=Window(...))
10.4476 	EXP 	Created text_4 = TextStim(__class__=<class 'psychopy.visual.text.TextStim'>, alignHoriz='center', alignVert='center', antialias=True, autoLog=True, bold=False, color='white', colorSpace='named', contrast=1.0, depth=-4.0, flipHoriz=False, flipVert=False, font='Arial', fontFiles=[], height=0.1, italic=False, languageStyle='LTR', name='text_4', opacity=1.0, ori=0, pos=array([0., 0.]), rgb=array([255., 255., 255.]), text='next', units='norm', win=Window(...), wrapWidth=1)
10.4700 	EXP 	insRound1: autoDraw = True
11.3273 	DATA 	Keypress: space
11.3290 	EXP 	Created sequence: random, trialTypes=1, nReps=2, seed=None
11.3294 	EXP 	New trial (rep=0, index=0): None
11.3549 	EXP 	insRound1: autoDraw = False
11.3549 	EXP 	text: autoDraw = True
11.3730 	DATA 	Mouse: Left button down, pos=(372,410)
11.3735 	DATA 	Mouse:  Left button up, pos=(372,410)
11.8715 	DATA 	Mouse: Left button down, pos=(372,410)
11.8721 	DATA 	Mouse:  Left button up, pos=(372,410)
11.9562 	DATA 	Keypress: space
11.9662 	EXP 	Imported conditionsTime.csv as conditions, 20 conditions, 6 params
11.9666 	EXP 	Created sequence: random, trialTypes=20, nReps=2, seed=None
11.9670 	EXP 	New trial (rep=0, index=0): OrderedDict([('firstTime', 1.2), ('secondTime', 1.8), ('corrAns', 'right'), ('plusStart', 1.7), ('secondStart', 2.7), ('respStart', 4.5)])
11.9888 	EXP 	text: autoDraw = False
11.9888 	EXP 	text_4: autoDraw = True
12.4874 	EXP 	firstcircle_3: autoDraw = True
12.4874 	EXP 	text_4: autoDraw = False
13.6725 	EXP 	firstcircle_3: autoDraw = False
13.6883 	EXP 	text_3: autoDraw = True
14.6766 	EXP 	text_3: autoDraw = False
14.6931 	EXP 	secondcircle: autoDraw = True
15.1456 	DATA 	Keypress: lcommand
15.2960 	DATA 	Keypress: lshift
15.4401 	DATA 	Keypress: dollar
16.4783 	EXP 	secondcircle: autoDraw = False
23.1862 	DATA 	Keypress: escape
23.4975 	EXP 	window1: mouseVisible = True
