6.9641 	WARNING 	User requested fullscreen with size [1024  768], but screen is actually [1280, 800]. Using actual size
7.6941 	EXP 	Created window1 = Window(allowGUI=False, allowStencil=False, args=UNKNOWN, autoLog=True, bitsMode=UNKNOWN, blendMode='avg', color=array([0., 0., 0.]), colorSpace='rgb', fullscr=<method-wrapper '__getattribute__' of attributeSetter object at 0x1276a5cf8>, gamma=None, kwargs=UNKNOWN, lms=UNKNOWN, monitor=<psychopy.monitors.calibTools.Monitor object at 0x12acdf940>, multiSample=False, name='window1', numSamples=2, pos=[0.0, 0.0], screen=0, size=array([2560, 1600]), stereo=False, units='norm', useFBO=True, useRetina=True, viewOri=0.0, viewPos=None, viewScale=None, waitBlanking=True, winType='pyglet')
7.6942 	EXP 	window1: recordFrameIntervals = False
7.8607 	EXP 	window1: recordFrameIntervals = True
8.0600 	EXP 	window1: recordFrameIntervals = False
8.2068 	EXP 	Created insRound1 = TextStim(__class__=<class 'psychopy.visual.text.TextStim'>, alignHoriz='center', alignVert='center', antialias=True, autoLog=True, bold=False, color='white', colorSpace='named', contrast=1.0, depth=0.0, flipHoriz=False, flipVert=False, font='Arial', fontFiles=[], height=0.05, italic=False, languageStyle='LTR', name='insRound1', opacity=1.0, ori=0, pos=array([0., 0.]), rgb=array([255., 255., 255.]), text=str(...), units='norm', win=Window(...), wrapWidth=1)
8.2211 	EXP 	Created text = TextStim(__class__=<class 'psychopy.visual.text.TextStim'>, alignHoriz='center', alignVert='center', antialias=True, autoLog=True, bold=False, color='white', colorSpace='named', contrast=1.0, depth=0.0, flipHoriz=False, flipVert=False, font='Arial', fontFiles=[], height=0.1, italic=False, languageStyle='LTR', name='text', opacity=1.0, ori=0, pos=array([0., 0.]), rgb=array([255., 255., 255.]), text='Block starts\n\nPress space', units='norm', win=Window(...), wrapWidth=1)
8.2328 	EXP 	Created firstcircle_3 = Polygon(__class__=<class 'psychopy.visual.polygon.Polygon'>, autoDraw=False, autoLog=True, closeShape=True, color=method-wrapper(...), colorSpace=None, contrast=1.0, depth=0.0, fillColor=array([1., 1., 1.]), fillColorSpace='rgb', fillRGB=array([1., 1., 1.]), interpolate=True, lineColor=array([1., 1., 1.]), lineColorSpace='rgb', lineRGB=array([1., 1., 1.]), lineWidth=1, name='firstcircle_3', opacity=1.0, ori=array(0.), pos=array([0., 0.]), size=array([0.3, 0.5]), units='norm', vertices=ndarray(...), win=Window(...))
8.2365 	EXP 	Created text_3 = TextStim(__class__=<class 'psychopy.visual.text.TextStim'>, alignHoriz='center', alignVert='center', antialias=True, autoLog=True, bold=False, color='white', colorSpace='named', contrast=1.0, depth=-2.0, flipHoriz=False, flipVert=False, font='Arial', fontFiles=[], height=0.1, italic=False, languageStyle='LTR', name='text_3', opacity=1.0, ori=0, pos=array([0., 0.]), rgb=array([255., 255., 255.]), text='+', units='norm', win=Window(...), wrapWidth=1)
8.2394 	EXP 	Created secondcircle = Polygon(__class__=<class 'psychopy.visual.polygon.Polygon'>, autoDraw=False, autoLog=True, closeShape=True, color=method-wrapper(...), colorSpace=None, contrast=1.0, depth=-3.0, fillColor=array([-1., -1., -1.]), fillColorSpace='rgb', fillRGB=array([-1., -1., -1.]), interpolate=True, lineColor=array([-1., -1., -1.]), lineColorSpace='rgb', lineRGB=array([-1., -1., -1.]), lineWidth=1, name='secondcircle', opacity=1.0, ori=array(0.), pos=array([0., 0.]), size=array([0.3, 0.5]), units='norm', vertices=ndarray(...), win=Window(...))
8.2437 	EXP 	Created text_4 = TextStim(__class__=<class 'psychopy.visual.text.TextStim'>, alignHoriz='center', alignVert='center', antialias=True, autoLog=True, bold=False, color='white', colorSpace='named', contrast=1.0, depth=-4.0, flipHoriz=False, flipVert=False, font='Arial', fontFiles=[], height=0.1, italic=False, languageStyle='LTR', name='text_4', opacity=1.0, ori=0, pos=array([0., 0.]), rgb=array([255., 255., 255.]), text='next', units='norm', win=Window(...), wrapWidth=1)
8.2609 	EXP 	insRound1: autoDraw = True
9.1972 	DATA 	Keypress: space
9.1986 	EXP 	Created sequence: random, trialTypes=1, nReps=2, seed=None
9.1988 	EXP 	New trial (rep=0, index=0): None
9.2122 	EXP 	insRound1: autoDraw = False
9.2122 	EXP 	text: autoDraw = True
9.7831 	DATA 	Keypress: space
9.8099 	EXP 	Imported conditionsTime.csv as conditions, 20 conditions, 6 params
9.8108 	EXP 	Created sequence: random, trialTypes=20, nReps=2, seed=None
9.8115 	EXP 	New trial (rep=0, index=0): OrderedDict([('firstTime', 9.9), ('secondTime', 8.8), ('corrAns', 'left'), ('plusStart', 10.4), ('secondStart', 11.4), ('respStart', 20.2)])
9.8278 	EXP 	text: autoDraw = False
9.8278 	EXP 	text_4: autoDraw = True
10.3266 	EXP 	text_4: autoDraw = False
10.3439 	EXP 	firstcircle_3: autoDraw = True
13.4504 	DATA 	Keypress: lcommand
13.7666 	DATA 	Keypress: lshift
14.6825 	DATA 	Keypress: percent
18.0690 	DATA 	Keypress: lcommand
18.2025 	DATA 	Keypress: lshift
18.4699 	DATA 	Keypress: dollar
19.1704 	DATA 	Mouse: Left button down, pos=(565,799)
19.3191 	DATA 	Mouse:  Left button up, pos=(563,798)
19.5879 	DATA 	Keypress: space
20.2188 	EXP 	firstcircle_3: autoDraw = False
20.2356 	EXP 	text_3: autoDraw = True
20.2714 	DATA 	Keypress: space
21.2193 	EXP 	text_3: autoDraw = False
21.2365 	EXP 	secondcircle: autoDraw = True
22.3376 	DATA 	Keypress: lcommand
22.5542 	DATA 	Keypress: lshift
22.9048 	DATA 	Keypress: percent
26.5583 	DATA 	Keypress: escape
26.8543 	EXP 	window1: mouseVisible = True
