1.5308 	WARNING 	sounddevice audio lib was requested but not loaded: sounddevice not working
8.3619 	WARNING 	User requested fullscreen with size [1024  768], but screen is actually [1440, 900]. Using actual size
9.0327 	EXP 	Created window1 = Window(allowGUI=False, allowStencil=False, args=UNKNOWN, autoLog=True, bitsMode=UNKNOWN, blendMode='avg', color=array([0., 0., 0.]), colorSpace='rgb', fullscr=<method-wrapper '__getattribute__' of attributeSetter object at 0x110acbdd8>, gamma=None, kwargs=UNKNOWN, lms=UNKNOWN, monitor=<psychopy.monitors.calibTools.Monitor object at 0x113297400>, multiSample=False, name='window1', numSamples=2, pos=[0.0, 0.0], screen=0, size=array([2880, 1800]), stereo=False, units='norm', useFBO=True, useRetina=True, viewOri=0.0, viewPos=None, viewScale=None, waitBlanking=True, winType='pyglet')
9.0327 	EXP 	window1: recordFrameIntervals = False
9.1984 	EXP 	window1: recordFrameIntervals = True
9.3821 	EXP 	window1: recordFrameIntervals = False
9.5186 	EXP 	Created insRound1 = TextStim(__class__=<class 'psychopy.visual.text.TextStim'>, alignHoriz='center', alignVert='center', antialias=True, autoLog=True, bold=False, color='white', colorSpace='named', contrast=1.0, depth=0.0, flipHoriz=False, flipVert=False, font='Arial', fontFiles=[], height=0.07, italic=False, languageStyle='LTR', name='insRound1', opacity=1.0, ori=0, pos=array([0., 0.]), rgb=array([255., 255., 255.]), text=str(...), units='norm', win=Window(...), wrapWidth=1)
9.5282 	EXP 	Created text = TextStim(__class__=<class 'psychopy.visual.text.TextStim'>, alignHoriz='center', alignVert='center', antialias=True, autoLog=True, bold=False, color='white', colorSpace='named', contrast=1.0, depth=0.0, flipHoriz=False, flipVert=False, font='Arial', fontFiles=[], height=0.1, italic=False, languageStyle='LTR', name='text', opacity=1.0, ori=0, pos=array([0., 0.]), rgb=array([255., 255., 255.]), text='Block 1 starts\n\nPress space', units='norm', win=Window(...), wrapWidth=1)
9.5412 	EXP 	Created firstcircle_3 = Polygon(__class__=<class 'psychopy.visual.polygon.Polygon'>, autoDraw=False, autoLog=True, closeShape=True, color=method-wrapper(...), colorSpace=None, contrast=1.0, depth=0.0, fillColor=array([1., 1., 1.]), fillColorSpace='rgb', fillRGB=array([1., 1., 1.]), interpolate=True, lineColor=array([1., 1., 1.]), lineColorSpace='rgb', lineRGB=array([1., 1., 1.]), lineWidth=1, name='firstcircle_3', opacity=1.0, ori=array(0.), pos=array([0., 0.]), size=array([0.3, 0.5]), units='norm', vertices=ndarray(...), win=Window(...))
9.5448 	EXP 	Created text_3 = TextStim(__class__=<class 'psychopy.visual.text.TextStim'>, alignHoriz='center', alignVert='center', antialias=True, autoLog=True, bold=False, color='white', colorSpace='named', contrast=1.0, depth=-2.0, flipHoriz=False, flipVert=False, font='Arial', fontFiles=[], height=0.1, italic=False, languageStyle='LTR', name='text_3', opacity=1.0, ori=0, pos=array([0., 0.]), rgb=array([255., 255., 255.]), text='+', units='norm', win=Window(...), wrapWidth=1)
9.5477 	EXP 	Created secondcircle = Polygon(__class__=<class 'psychopy.visual.polygon.Polygon'>, autoDraw=False, autoLog=True, closeShape=True, color=method-wrapper(...), colorSpace=None, contrast=1.0, depth=-3.0, fillColor=array([-1., -1., -1.]), fillColorSpace='rgb', fillRGB=array([-1., -1., -1.]), interpolate=True, lineColor=array([-1., -1., -1.]), lineColorSpace='rgb', lineRGB=array([-1., -1., -1.]), lineWidth=1, name='secondcircle', opacity=1.0, ori=array(0.), pos=array([0., 0.]), size=array([0.3, 0.5]), units='norm', vertices=ndarray(...), win=Window(...))
9.5511 	EXP 	Created text_4 = TextStim(__class__=<class 'psychopy.visual.text.TextStim'>, alignHoriz='center', alignVert='center', antialias=True, autoLog=True, bold=False, color='white', colorSpace='named', contrast=1.0, depth=-4.0, flipHoriz=False, flipVert=False, font='Arial', fontFiles=[], height=0.1, italic=False, languageStyle='LTR', name='text_4', opacity=1.0, ori=0, pos=array([0., 0.]), rgb=array([255., 255., 255.]), text='next', units='norm', win=Window(...), wrapWidth=1)
9.5583 	EXP 	Created text_5 = TextStim(__class__=<class 'psychopy.visual.text.TextStim'>, alignHoriz='center', alignVert='center', antialias=True, autoLog=True, bold=False, color='white', colorSpace='named', contrast=1.0, depth=0.0, flipHoriz=False, flipVert=False, font='Arial', fontFiles=[], height=0.1, italic=False, languageStyle='LTR', name='text_5', opacity=1.0, ori=0, pos=array([0., 0.]), rgb=array([255., 255., 255.]), text='Block 2 starts\n\nPress space', units='norm', win=Window(...), wrapWidth=1)
9.5612 	EXP 	Created firstcircle_3 = Polygon(__class__=<class 'psychopy.visual.polygon.Polygon'>, autoDraw=False, autoLog=True, closeShape=True, color=method-wrapper(...), colorSpace=None, contrast=1.0, depth=0.0, fillColor=array([1., 1., 1.]), fillColorSpace='rgb', fillRGB=array([1., 1., 1.]), interpolate=True, lineColor=array([1., 1., 1.]), lineColorSpace='rgb', lineRGB=array([1., 1., 1.]), lineWidth=1, name='firstcircle_3', opacity=1.0, ori=array(0.), pos=array([0., 0.]), size=array([0.3, 0.5]), units='norm', vertices=ndarray(...), win=Window(...))
9.5635 	EXP 	Created text_3 = TextStim(__class__=<class 'psychopy.visual.text.TextStim'>, alignHoriz='center', alignVert='center', antialias=True, autoLog=True, bold=False, color='white', colorSpace='named', contrast=1.0, depth=-2.0, flipHoriz=False, flipVert=False, font='Arial', fontFiles=[], height=0.1, italic=False, languageStyle='LTR', name='text_3', opacity=1.0, ori=0, pos=array([0., 0.]), rgb=array([255., 255., 255.]), text='+', units='norm', win=Window(...), wrapWidth=1)
9.5666 	EXP 	Created secondcircle = Polygon(__class__=<class 'psychopy.visual.polygon.Polygon'>, autoDraw=False, autoLog=True, closeShape=True, color=method-wrapper(...), colorSpace=None, contrast=1.0, depth=-3.0, fillColor=array([-1., -1., -1.]), fillColorSpace='rgb', fillRGB=array([-1., -1., -1.]), interpolate=True, lineColor=array([-1., -1., -1.]), lineColorSpace='rgb', lineRGB=array([-1., -1., -1.]), lineWidth=1, name='secondcircle', opacity=1.0, ori=array(0.), pos=array([0., 0.]), size=array([0.3, 0.5]), units='norm', vertices=ndarray(...), win=Window(...))
9.5692 	EXP 	Created text_4 = TextStim(__class__=<class 'psychopy.visual.text.TextStim'>, alignHoriz='center', alignVert='center', antialias=True, autoLog=True, bold=False, color='white', colorSpace='named', contrast=1.0, depth=-4.0, flipHoriz=False, flipVert=False, font='Arial', fontFiles=[], height=0.1, italic=False, languageStyle='LTR', name='text_4', opacity=1.0, ori=0, pos=array([0., 0.]), rgb=array([255., 255., 255.]), text='next', units='norm', win=Window(...), wrapWidth=1)
9.5763 	EXP 	Created text_6 = TextStim(__class__=<class 'psychopy.visual.text.TextStim'>, alignHoriz='center', alignVert='center', antialias=True, autoLog=True, bold=False, color='white', colorSpace='named', contrast=1.0, depth=0.0, flipHoriz=False, flipVert=False, font='Arial', fontFiles=[], height=0.1, italic=False, languageStyle='LTR', name='text_6', opacity=1.0, ori=0, pos=array([0., 0.]), rgb=array([255., 255., 255.]), text='Block 3 starts\n\nPress space', units='norm', win=Window(...), wrapWidth=1)
9.5793 	EXP 	Created firstcircle_3 = Polygon(__class__=<class 'psychopy.visual.polygon.Polygon'>, autoDraw=False, autoLog=True, closeShape=True, color=method-wrapper(...), colorSpace=None, contrast=1.0, depth=0.0, fillColor=array([1., 1., 1.]), fillColorSpace='rgb', fillRGB=array([1., 1., 1.]), interpolate=True, lineColor=array([1., 1., 1.]), lineColorSpace='rgb', lineRGB=array([1., 1., 1.]), lineWidth=1, name='firstcircle_3', opacity=1.0, ori=array(0.), pos=array([0., 0.]), size=array([0.3, 0.5]), units='norm', vertices=ndarray(...), win=Window(...))
9.5815 	EXP 	Created text_3 = TextStim(__class__=<class 'psychopy.visual.text.TextStim'>, alignHoriz='center', alignVert='center', antialias=True, autoLog=True, bold=False, color='white', colorSpace='named', contrast=1.0, depth=-2.0, flipHoriz=False, flipVert=False, font='Arial', fontFiles=[], height=0.1, italic=False, languageStyle='LTR', name='text_3', opacity=1.0, ori=0, pos=array([0., 0.]), rgb=array([255., 255., 255.]), text='+', units='norm', win=Window(...), wrapWidth=1)
9.5841 	EXP 	Created secondcircle = Polygon(__class__=<class 'psychopy.visual.polygon.Polygon'>, autoDraw=False, autoLog=True, closeShape=True, color=method-wrapper(...), colorSpace=None, contrast=1.0, depth=-3.0, fillColor=array([-1., -1., -1.]), fillColorSpace='rgb', fillRGB=array([-1., -1., -1.]), interpolate=True, lineColor=array([-1., -1., -1.]), lineColorSpace='rgb', lineRGB=array([-1., -1., -1.]), lineWidth=1, name='secondcircle', opacity=1.0, ori=array(0.), pos=array([0., 0.]), size=array([0.3, 0.5]), units='norm', vertices=ndarray(...), win=Window(...))
9.5863 	EXP 	Created text_4 = TextStim(__class__=<class 'psychopy.visual.text.TextStim'>, alignHoriz='center', alignVert='center', antialias=True, autoLog=True, bold=False, color='white', colorSpace='named', contrast=1.0, depth=-4.0, flipHoriz=False, flipVert=False, font='Arial', fontFiles=[], height=0.1, italic=False, languageStyle='LTR', name='text_4', opacity=1.0, ori=0, pos=array([0., 0.]), rgb=array([255., 255., 255.]), text='next', units='norm', win=Window(...), wrapWidth=1)
9.5922 	EXP 	Created text_7 = TextStim(__class__=<class 'psychopy.visual.text.TextStim'>, alignHoriz='center', alignVert='center', antialias=True, autoLog=True, bold=False, color='white', colorSpace='named', contrast=1.0, depth=0.0, flipHoriz=False, flipVert=False, font='Arial', fontFiles=[], height=0.1, italic=False, languageStyle='LTR', name='text_7', opacity=1.0, ori=0, pos=array([0., 0.]), rgb=array([255., 255., 255.]), text='Block 4 starts\n\nPress space', units='norm', win=Window(...), wrapWidth=1)
9.5948 	EXP 	Created firstcircle_3 = Polygon(__class__=<class 'psychopy.visual.polygon.Polygon'>, autoDraw=False, autoLog=True, closeShape=True, color=method-wrapper(...), colorSpace=None, contrast=1.0, depth=0.0, fillColor=array([1., 1., 1.]), fillColorSpace='rgb', fillRGB=array([1., 1., 1.]), interpolate=True, lineColor=array([1., 1., 1.]), lineColorSpace='rgb', lineRGB=array([1., 1., 1.]), lineWidth=1, name='firstcircle_3', opacity=1.0, ori=array(0.), pos=array([0., 0.]), size=array([0.3, 0.5]), units='norm', vertices=ndarray(...), win=Window(...))
9.5968 	EXP 	Created text_3 = TextStim(__class__=<class 'psychopy.visual.text.TextStim'>, alignHoriz='center', alignVert='center', antialias=True, autoLog=True, bold=False, color='white', colorSpace='named', contrast=1.0, depth=-2.0, flipHoriz=False, flipVert=False, font='Arial', fontFiles=[], height=0.1, italic=False, languageStyle='LTR', name='text_3', opacity=1.0, ori=0, pos=array([0., 0.]), rgb=array([255., 255., 255.]), text='+', units='norm', win=Window(...), wrapWidth=1)
9.5993 	EXP 	Created secondcircle = Polygon(__class__=<class 'psychopy.visual.polygon.Polygon'>, autoDraw=False, autoLog=True, closeShape=True, color=method-wrapper(...), colorSpace=None, contrast=1.0, depth=-3.0, fillColor=array([-1., -1., -1.]), fillColorSpace='rgb', fillRGB=array([-1., -1., -1.]), interpolate=True, lineColor=array([-1., -1., -1.]), lineColorSpace='rgb', lineRGB=array([-1., -1., -1.]), lineWidth=1, name='secondcircle', opacity=1.0, ori=array(0.), pos=array([0., 0.]), size=array([0.3, 0.5]), units='norm', vertices=ndarray(...), win=Window(...))
9.6014 	EXP 	Created text_4 = TextStim(__class__=<class 'psychopy.visual.text.TextStim'>, alignHoriz='center', alignVert='center', antialias=True, autoLog=True, bold=False, color='white', colorSpace='named', contrast=1.0, depth=-4.0, flipHoriz=False, flipVert=False, font='Arial', fontFiles=[], height=0.1, italic=False, languageStyle='LTR', name='text_4', opacity=1.0, ori=0, pos=array([0., 0.]), rgb=array([255., 255., 255.]), text='next', units='norm', win=Window(...), wrapWidth=1)
9.6056 	EXP 	Created text_2 = TextStim(__class__=<class 'psychopy.visual.text.TextStim'>, alignHoriz='center', alignVert='center', antialias=True, autoLog=True, bold=False, color='white', colorSpace='named', contrast=1.0, depth=0.0, flipHoriz=False, flipVert=False, font='Arial', fontFiles=[], height=0.1, italic=False, languageStyle='LTR', name='text_2', opacity=1.0, ori=0, pos=array([0., 0.]), rgb=array([255., 255., 255.]), text='The end', units='norm', win=Window(...), wrapWidth=1)
9.6150 	EXP 	insRound1: autoDraw = True
44.8018 	DATA 	Keypress: space
44.8145 	EXP 	insRound1: autoDraw = False
44.8145 	EXP 	text: autoDraw = True
48.2180 	DATA 	Keypress: space
48.2560 	EXP 	Imported conditionsTime.csv as conditions, 20 conditions, 7 params
48.2563 	EXP 	Created sequence: sequential, trialTypes=20, nReps=1, seed=None
48.2567 	EXP 	New trial (rep=0, index=0): OrderedDict([('firstTime', 1.8), ('secondTime', 1.2), ('corrAns', 'left'), ('plusStart', 2.3), ('secondStart', 3.3), ('respStart', 4.5), ('randNum', 0.17368025899999998)])
48.2645 	EXP 	text: autoDraw = False
48.2645 	EXP 	text_4: autoDraw = True
48.7645 	EXP 	text_4: autoDraw = False
48.7811 	EXP 	firstcircle_3: autoDraw = True
50.5644 	EXP 	firstcircle_3: autoDraw = False
50.5811 	EXP 	text_3: autoDraw = True
51.5644 	EXP 	text_3: autoDraw = False
51.5811 	EXP 	secondcircle: autoDraw = True
52.7644 	EXP 	secondcircle: autoDraw = False
54.3170 	DATA 	Keypress: left
54.3186 	EXP 	New trial (rep=0, index=1): OrderedDict([('firstTime', 3.6), ('secondTime', 3.2), ('corrAns', 'left'), ('plusStart', 4.1), ('secondStart', 5.1), ('respStart', 8.3), ('randNum', 0.41458448299999995)])
54.3310 	EXP 	firstcircle_3: autoDraw = False
54.3310 	EXP 	text_3: autoDraw = False
54.3310 	EXP 	secondcircle: autoDraw = False
54.3310 	EXP 	text_4: autoDraw = False
54.3310 	EXP 	text_4: autoDraw = True
54.8310 	EXP 	text_4: autoDraw = False
54.8477 	EXP 	firstcircle_3: autoDraw = True
58.4310 	EXP 	firstcircle_3: autoDraw = False
58.4477 	EXP 	text_3: autoDraw = True
59.4310 	EXP 	text_3: autoDraw = False
59.4476 	EXP 	secondcircle: autoDraw = True
62.6309 	EXP 	secondcircle: autoDraw = False
63.7328 	DATA 	Keypress: right
63.7350 	EXP 	New trial (rep=0, index=2): OrderedDict([('firstTime', 2.5), ('secondTime', 1.5), ('corrAns', 'left'), ('plusStart', 3.0), ('secondStart', 4.0), ('respStart', 5.5), ('randNum', 0.148607464)])
63.7476 	EXP 	firstcircle_3: autoDraw = False
63.7476 	EXP 	text_3: autoDraw = False
63.7476 	EXP 	secondcircle: autoDraw = False
63.7476 	EXP 	text_4: autoDraw = False
63.7476 	EXP 	text_4: autoDraw = True
64.2476 	EXP 	text_4: autoDraw = False
64.2642 	EXP 	firstcircle_3: autoDraw = True
66.7475 	EXP 	firstcircle_3: autoDraw = False
66.7642 	EXP 	text_3: autoDraw = True
67.7475 	EXP 	text_3: autoDraw = False
67.7642 	EXP 	secondcircle: autoDraw = True
69.2475 	EXP 	secondcircle: autoDraw = False
70.3495 	DATA 	Keypress: left
70.3508 	EXP 	New trial (rep=0, index=3): OrderedDict([('firstTime', 1.8), ('secondTime', 2.7), ('corrAns', 'right'), ('plusStart', 2.3), ('secondStart', 3.3), ('respStart', 6.0), ('randNum', 0.13554984)])
70.3642 	EXP 	firstcircle_3: autoDraw = False
70.3642 	EXP 	text_3: autoDraw = False
70.3642 	EXP 	secondcircle: autoDraw = False
70.3642 	EXP 	text_4: autoDraw = False
70.3642 	EXP 	text_4: autoDraw = True
70.8642 	EXP 	text_4: autoDraw = False
70.8808 	EXP 	firstcircle_3: autoDraw = True
72.6641 	EXP 	firstcircle_3: autoDraw = False
72.6808 	EXP 	text_3: autoDraw = True
73.6641 	EXP 	text_3: autoDraw = False
73.6808 	EXP 	secondcircle: autoDraw = True
76.3641 	EXP 	secondcircle: autoDraw = False
76.6661 	DATA 	Keypress: right
76.6675 	EXP 	New trial (rep=0, index=4): OrderedDict([('firstTime', 1.2), ('secondTime', 1.8), ('corrAns', 'right'), ('plusStart', 1.7), ('secondStart', 2.7), ('respStart', 4.5), ('randNum', 0.309174352)])
76.6807 	EXP 	firstcircle_3: autoDraw = False
76.6807 	EXP 	text_3: autoDraw = False
76.6807 	EXP 	secondcircle: autoDraw = False
76.6807 	EXP 	text_4: autoDraw = False
76.6807 	EXP 	text_4: autoDraw = True
77.1807 	EXP 	text_4: autoDraw = False
77.1974 	EXP 	firstcircle_3: autoDraw = True
78.3807 	EXP 	firstcircle_3: autoDraw = False
78.3974 	EXP 	text_3: autoDraw = True
79.3807 	EXP 	text_3: autoDraw = False
79.3974 	EXP 	secondcircle: autoDraw = True
81.1807 	EXP 	secondcircle: autoDraw = False
81.9327 	DATA 	Keypress: right
81.9340 	EXP 	New trial (rep=0, index=5): OrderedDict([('firstTime', 8.8), ('secondTime', 9.9), ('corrAns', 'right'), ('plusStart', 9.3), ('secondStart', 10.3), ('respStart', 20.2), ('randNum', 0.7009299529999999)])
81.9473 	EXP 	firstcircle_3: autoDraw = False
81.9473 	EXP 	text_3: autoDraw = False
81.9473 	EXP 	secondcircle: autoDraw = False
81.9473 	EXP 	text_4: autoDraw = False
81.9473 	EXP 	text_4: autoDraw = True
82.4473 	EXP 	text_4: autoDraw = False
82.4640 	EXP 	firstcircle_3: autoDraw = True
91.2472 	EXP 	firstcircle_3: autoDraw = False
91.2639 	EXP 	text_3: autoDraw = True
92.2472 	EXP 	text_3: autoDraw = False
92.2639 	EXP 	secondcircle: autoDraw = True
102.1471 	EXP 	secondcircle: autoDraw = False
102.8157 	DATA 	Keypress: right
102.8173 	EXP 	New trial (rep=0, index=6): OrderedDict([('firstTime', 3.3), ('secondTime', 4.4), ('corrAns', 'right'), ('plusStart', 3.8), ('secondStart', 4.8), ('respStart', 9.2), ('randNum', 0.705723743)])
102.8304 	EXP 	firstcircle_3: autoDraw = False
102.8304 	EXP 	text_3: autoDraw = False
102.8304 	EXP 	secondcircle: autoDraw = False
102.8304 	EXP 	text_4: autoDraw = False
102.8304 	EXP 	text_4: autoDraw = True
103.3304 	EXP 	text_4: autoDraw = False
103.3470 	EXP 	firstcircle_3: autoDraw = True
106.6304 	EXP 	firstcircle_3: autoDraw = False
106.6470 	EXP 	text_3: autoDraw = True
107.6303 	EXP 	text_3: autoDraw = False
107.6470 	EXP 	secondcircle: autoDraw = True
112.0303 	EXP 	secondcircle: autoDraw = False
112.3156 	DATA 	Keypress: right
112.3170 	EXP 	New trial (rep=0, index=7): OrderedDict([('firstTime', 3.5), ('secondTime', 2.1), ('corrAns', 'left'), ('plusStart', 4.0), ('secondStart', 5.0), ('respStart', 7.1), ('randNum', 0.544523215)])
112.3303 	EXP 	firstcircle_3: autoDraw = False
112.3303 	EXP 	text_3: autoDraw = False
112.3303 	EXP 	secondcircle: autoDraw = False
112.3303 	EXP 	text_4: autoDraw = False
112.3303 	EXP 	text_4: autoDraw = True
112.8303 	EXP 	text_4: autoDraw = False
112.8469 	EXP 	firstcircle_3: autoDraw = True
116.3302 	EXP 	firstcircle_3: autoDraw = False
116.3469 	EXP 	text_3: autoDraw = True
117.3302 	EXP 	text_3: autoDraw = False
117.3469 	EXP 	secondcircle: autoDraw = True
119.4302 	EXP 	secondcircle: autoDraw = False
120.2988 	DATA 	Keypress: left
120.3002 	EXP 	New trial (rep=0, index=8): OrderedDict([('firstTime', 1.4), ('secondTime', 0.7), ('corrAns', 'left'), ('plusStart', 1.9), ('secondStart', 2.9), ('respStart', 3.6), ('randNum', 0.53553232)])
120.3136 	EXP 	firstcircle_3: autoDraw = False
120.3136 	EXP 	text_3: autoDraw = False
120.3136 	EXP 	secondcircle: autoDraw = False
120.3136 	EXP 	text_4: autoDraw = False
120.3136 	EXP 	text_4: autoDraw = True
120.8135 	EXP 	text_4: autoDraw = False
120.8301 	EXP 	firstcircle_3: autoDraw = True
122.2135 	EXP 	firstcircle_3: autoDraw = False
122.2301 	EXP 	text_3: autoDraw = True
123.2134 	EXP 	text_3: autoDraw = False
123.2301 	EXP 	secondcircle: autoDraw = True
123.9134 	EXP 	secondcircle: autoDraw = False
124.7487 	DATA 	Keypress: left
124.7501 	EXP 	New trial (rep=0, index=9): OrderedDict([('firstTime', 4.4), ('secondTime', 3.3), ('corrAns', 'left'), ('plusStart', 4.9), ('secondStart', 5.9), ('respStart', 9.2), ('randNum', 0.255641654)])
124.7635 	EXP 	firstcircle_3: autoDraw = False
124.7635 	EXP 	text_3: autoDraw = False
124.7635 	EXP 	secondcircle: autoDraw = False
124.7635 	EXP 	text_4: autoDraw = False
124.7635 	EXP 	text_4: autoDraw = True
125.2634 	EXP 	text_4: autoDraw = False
125.2801 	EXP 	firstcircle_3: autoDraw = True
129.6634 	EXP 	firstcircle_3: autoDraw = False
129.6800 	EXP 	text_3: autoDraw = True
130.6633 	EXP 	text_3: autoDraw = False
130.6800 	EXP 	secondcircle: autoDraw = True
133.9633 	EXP 	secondcircle: autoDraw = False
136.8983 	DATA 	Keypress: left
136.8997 	EXP 	New trial (rep=0, index=10): OrderedDict([('firstTime', 3.2), ('secondTime', 3.6), ('corrAns', 'right'), ('plusStart', 3.7), ('secondStart', 4.7), ('respStart', 8.3), ('randNum', 0.140100939)])
136.9133 	EXP 	firstcircle_3: autoDraw = False
136.9133 	EXP 	text_3: autoDraw = False
136.9133 	EXP 	secondcircle: autoDraw = False
136.9133 	EXP 	text_4: autoDraw = False
136.9133 	EXP 	text_4: autoDraw = True
137.4133 	EXP 	text_4: autoDraw = False
137.4299 	EXP 	firstcircle_3: autoDraw = True
140.6132 	EXP 	firstcircle_3: autoDraw = False
140.6299 	EXP 	text_3: autoDraw = True
141.6132 	EXP 	text_3: autoDraw = False
141.6300 	EXP 	secondcircle: autoDraw = True
145.2132 	EXP 	secondcircle: autoDraw = False
145.8818 	DATA 	Keypress: right
145.8832 	EXP 	New trial (rep=0, index=11): OrderedDict([('firstTime', 2.8), ('secondTime', 2.1), ('corrAns', 'left'), ('plusStart', 3.3), ('secondStart', 4.3), ('respStart', 6.4), ('randNum', 0.019093293)])
145.8965 	EXP 	firstcircle_3: autoDraw = False
145.8965 	EXP 	text_3: autoDraw = False
145.8965 	EXP 	secondcircle: autoDraw = False
145.8965 	EXP 	text_4: autoDraw = False
145.8965 	EXP 	text_4: autoDraw = True
146.3965 	EXP 	text_4: autoDraw = False
146.4132 	EXP 	firstcircle_3: autoDraw = True
149.1964 	EXP 	firstcircle_3: autoDraw = False
149.2131 	EXP 	text_3: autoDraw = True
150.1964 	EXP 	text_3: autoDraw = False
150.2131 	EXP 	secondcircle: autoDraw = True
152.2964 	EXP 	secondcircle: autoDraw = False
153.3984 	DATA 	Keypress: left
153.3998 	EXP 	New trial (rep=0, index=12): OrderedDict([('firstTime', 0.9), ('secondTime', 1.8), ('corrAns', 'right'), ('plusStart', 1.4), ('secondStart', 2.4), ('respStart', 4.2), ('randNum', 0.461070472)])
153.4130 	EXP 	firstcircle_3: autoDraw = False
153.4130 	EXP 	text_3: autoDraw = False
153.4130 	EXP 	secondcircle: autoDraw = False
153.4130 	EXP 	text_4: autoDraw = False
153.4130 	EXP 	text_4: autoDraw = True
153.9130 	EXP 	text_4: autoDraw = False
153.9298 	EXP 	firstcircle_3: autoDraw = True
154.8130 	EXP 	firstcircle_3: autoDraw = False
154.8297 	EXP 	text_3: autoDraw = True
155.8130 	EXP 	text_3: autoDraw = False
155.8297 	EXP 	secondcircle: autoDraw = True
157.6130 	EXP 	secondcircle: autoDraw = False
157.9315 	DATA 	Keypress: right
157.9328 	EXP 	New trial (rep=0, index=13): OrderedDict([('firstTime', 2.1), ('secondTime', 2.8), ('corrAns', 'right'), ('plusStart', 2.6), ('secondStart', 3.6), ('respStart', 6.4), ('randNum', 0.22761601199999998)])
157.9463 	EXP 	firstcircle_3: autoDraw = False
157.9463 	EXP 	text_3: autoDraw = False
157.9463 	EXP 	secondcircle: autoDraw = False
157.9463 	EXP 	text_4: autoDraw = False
157.9463 	EXP 	text_4: autoDraw = True
158.4464 	EXP 	text_4: autoDraw = False
158.4630 	EXP 	firstcircle_3: autoDraw = True
160.5463 	EXP 	firstcircle_3: autoDraw = False
160.5629 	EXP 	text_3: autoDraw = True
161.5463 	EXP 	text_3: autoDraw = False
161.5629 	EXP 	secondcircle: autoDraw = True
164.3462 	EXP 	secondcircle: autoDraw = False
164.8482 	DATA 	Keypress: right
164.8496 	EXP 	New trial (rep=0, index=14): OrderedDict([('firstTime', 0.7), ('secondTime', 1.4), ('corrAns', 'right'), ('plusStart', 1.2), ('secondStart', 2.2), ('respStart', 3.6), ('randNum', 0.436550891)])
164.8629 	EXP 	firstcircle_3: autoDraw = False
164.8629 	EXP 	text_3: autoDraw = False
164.8629 	EXP 	secondcircle: autoDraw = False
164.8629 	EXP 	text_4: autoDraw = False
164.8629 	EXP 	text_4: autoDraw = True
165.3630 	EXP 	text_4: autoDraw = False
165.3796 	EXP 	firstcircle_3: autoDraw = True
166.0629 	EXP 	firstcircle_3: autoDraw = False
166.0795 	EXP 	text_3: autoDraw = True
167.0629 	EXP 	text_3: autoDraw = False
167.0795 	EXP 	secondcircle: autoDraw = True
168.4628 	EXP 	secondcircle: autoDraw = False
168.7647 	DATA 	Keypress: right
168.7661 	EXP 	New trial (rep=0, index=15): OrderedDict([('firstTime', 1.8), ('secondTime', 0.9), ('corrAns', 'left'), ('plusStart', 2.3), ('secondStart', 3.3), ('respStart', 4.2), ('randNum', 0.028891147000000002)])
168.7795 	EXP 	firstcircle_3: autoDraw = False
168.7795 	EXP 	text_3: autoDraw = False
168.7795 	EXP 	secondcircle: autoDraw = False
168.7795 	EXP 	text_4: autoDraw = False
168.7795 	EXP 	text_4: autoDraw = True
169.2795 	EXP 	text_4: autoDraw = False
169.2962 	EXP 	firstcircle_3: autoDraw = True
171.0795 	EXP 	firstcircle_3: autoDraw = False
171.0961 	EXP 	text_3: autoDraw = True
172.0795 	EXP 	text_3: autoDraw = False
172.0961 	EXP 	secondcircle: autoDraw = True
172.9794 	EXP 	secondcircle: autoDraw = False
173.7647 	DATA 	Keypress: left
173.7661 	EXP 	New trial (rep=0, index=16): OrderedDict([('firstTime', 2.7), ('secondTime', 1.8), ('corrAns', 'left'), ('plusStart', 3.2), ('secondStart', 4.2), ('respStart', 6.0), ('randNum', 0.277400549)])
173.7794 	EXP 	firstcircle_3: autoDraw = False
173.7794 	EXP 	text_3: autoDraw = False
173.7794 	EXP 	secondcircle: autoDraw = False
173.7794 	EXP 	text_4: autoDraw = False
173.7794 	EXP 	text_4: autoDraw = True
174.2794 	EXP 	text_4: autoDraw = False
174.2961 	EXP 	firstcircle_3: autoDraw = True
176.9794 	EXP 	firstcircle_3: autoDraw = False
176.9961 	EXP 	text_3: autoDraw = True
177.9794 	EXP 	text_3: autoDraw = False
177.9960 	EXP 	secondcircle: autoDraw = True
179.7794 	EXP 	secondcircle: autoDraw = False
180.3311 	DATA 	Keypress: left
180.3325 	EXP 	New trial (rep=0, index=17): OrderedDict([('firstTime', 9.9), ('secondTime', 8.8), ('corrAns', 'left'), ('plusStart', 10.4), ('secondStart', 11.4), ('respStart', 20.2), ('randNum', 0.9607848720000001)])
180.3460 	EXP 	firstcircle_3: autoDraw = False
180.3460 	EXP 	text_3: autoDraw = False
180.3460 	EXP 	secondcircle: autoDraw = False
180.3460 	EXP 	text_4: autoDraw = False
180.3460 	EXP 	text_4: autoDraw = True
180.8460 	EXP 	text_4: autoDraw = False
180.8627 	EXP 	firstcircle_3: autoDraw = True
190.7459 	EXP 	firstcircle_3: autoDraw = False
190.7625 	EXP 	text_3: autoDraw = True
191.7459 	EXP 	text_3: autoDraw = False
191.7625 	EXP 	secondcircle: autoDraw = True
200.5457 	EXP 	secondcircle: autoDraw = False
201.4478 	DATA 	Keypress: right
201.4491 	EXP 	New trial (rep=0, index=18): OrderedDict([('firstTime', 2.1), ('secondTime', 3.5), ('corrAns', 'right'), ('plusStart', 2.6), ('secondStart', 3.6), ('respStart', 7.1), ('randNum', 0.609327094)])
201.4624 	EXP 	firstcircle_3: autoDraw = False
201.4624 	EXP 	text_3: autoDraw = False
201.4624 	EXP 	secondcircle: autoDraw = False
201.4624 	EXP 	text_4: autoDraw = False
201.4624 	EXP 	text_4: autoDraw = True
201.9624 	EXP 	text_4: autoDraw = False
201.9791 	EXP 	firstcircle_3: autoDraw = True
204.0624 	EXP 	firstcircle_3: autoDraw = False
204.0790 	EXP 	text_3: autoDraw = True
205.0623 	EXP 	text_3: autoDraw = False
205.0790 	EXP 	secondcircle: autoDraw = True
208.5623 	EXP 	secondcircle: autoDraw = False
209.5143 	DATA 	Keypress: right
209.5157 	EXP 	New trial (rep=0, index=19): OrderedDict([('firstTime', 1.5), ('secondTime', 2.5), ('corrAns', 'right'), ('plusStart', 2.0), ('secondStart', 3.0), ('respStart', 5.5), ('randNum', 0.487304505)])
209.5290 	EXP 	firstcircle_3: autoDraw = False
209.5290 	EXP 	text_3: autoDraw = False
209.5290 	EXP 	secondcircle: autoDraw = False
209.5290 	EXP 	text_4: autoDraw = False
209.5290 	EXP 	text_4: autoDraw = True
210.0289 	EXP 	text_4: autoDraw = False
210.0456 	EXP 	firstcircle_3: autoDraw = True
211.5290 	EXP 	firstcircle_3: autoDraw = False
211.5456 	EXP 	text_3: autoDraw = True
212.5289 	EXP 	text_3: autoDraw = False
212.5456 	EXP 	secondcircle: autoDraw = True
215.0289 	EXP 	secondcircle: autoDraw = False
215.2653 	DATA 	Keypress: right
215.2955 	EXP 	firstcircle_3: autoDraw = False
215.2955 	EXP 	text_3: autoDraw = False
215.2955 	EXP 	secondcircle: autoDraw = False
215.2955 	EXP 	text_4: autoDraw = False
215.2955 	EXP 	text_5: autoDraw = True
217.8813 	DATA 	Keypress: space
217.9017 	EXP 	Imported conditionsTime2.csv as conditions, 20 conditions, 7 params
217.9020 	EXP 	Created sequence: sequential, trialTypes=20, nReps=1, seed=None
217.9024 	EXP 	New trial (rep=0, index=0): OrderedDict([('firstTime', 9.9), ('secondTime', 8.8), ('corrAns', 'left'), ('plusStart', 10.4), ('secondStart', 11.4), ('respStart', 20.2), ('randNum', 0.6005130679999999)])
217.9122 	EXP 	text_5: autoDraw = False
217.9122 	EXP 	text_4: autoDraw = True
218.4122 	EXP 	text_4: autoDraw = False
218.4288 	EXP 	firstcircle_3: autoDraw = True
228.3120 	EXP 	firstcircle_3: autoDraw = False
228.3287 	EXP 	text_3: autoDraw = True
229.3120 	EXP 	text_3: autoDraw = False
229.3287 	EXP 	secondcircle: autoDraw = True
238.1119 	EXP 	secondcircle: autoDraw = False
238.4306 	DATA 	Keypress: right
238.4322 	EXP 	New trial (rep=0, index=1): OrderedDict([('firstTime', 1.5), ('secondTime', 2.5), ('corrAns', 'right'), ('plusStart', 2.0), ('secondStart', 3.0), ('respStart', 5.5), ('randNum', 0.805142221)])
238.4452 	EXP 	firstcircle_3: autoDraw = False
238.4452 	EXP 	text_3: autoDraw = False
238.4452 	EXP 	secondcircle: autoDraw = False
238.4452 	EXP 	text_4: autoDraw = False
238.4452 	EXP 	text_4: autoDraw = True
238.9452 	EXP 	text_4: autoDraw = False
238.9619 	EXP 	firstcircle_3: autoDraw = True
240.4452 	EXP 	firstcircle_3: autoDraw = False
240.4619 	EXP 	text_3: autoDraw = True
241.4452 	EXP 	text_3: autoDraw = False
241.4619 	EXP 	secondcircle: autoDraw = True
243.9452 	EXP 	secondcircle: autoDraw = False
244.2138 	DATA 	Keypress: right
244.2152 	EXP 	New trial (rep=0, index=2): OrderedDict([('firstTime', 0.7), ('secondTime', 1.4), ('corrAns', 'right'), ('plusStart', 1.2), ('secondStart', 2.2), ('respStart', 3.6), ('randNum', 0.70587608)])
244.2285 	EXP 	firstcircle_3: autoDraw = False
244.2285 	EXP 	text_3: autoDraw = False
244.2285 	EXP 	secondcircle: autoDraw = False
244.2285 	EXP 	text_4: autoDraw = False
244.2285 	EXP 	text_4: autoDraw = True
244.7285 	EXP 	text_4: autoDraw = False
244.7451 	EXP 	firstcircle_3: autoDraw = True
245.4285 	EXP 	firstcircle_3: autoDraw = False
245.4451 	EXP 	text_3: autoDraw = True
246.4284 	EXP 	text_3: autoDraw = False
246.4451 	EXP 	secondcircle: autoDraw = True
247.8284 	EXP 	secondcircle: autoDraw = False
248.0636 	DATA 	Keypress: right
248.0650 	EXP 	New trial (rep=0, index=3): OrderedDict([('firstTime', 1.2), ('secondTime', 1.8), ('corrAns', 'right'), ('plusStart', 1.7), ('secondStart', 2.7), ('respStart', 4.5), ('randNum', 0.276216099)])
248.0785 	EXP 	firstcircle_3: autoDraw = False
248.0785 	EXP 	text_3: autoDraw = False
248.0785 	EXP 	secondcircle: autoDraw = False
248.0785 	EXP 	text_4: autoDraw = False
248.0785 	EXP 	text_4: autoDraw = True
248.5784 	EXP 	text_4: autoDraw = False
248.5951 	EXP 	firstcircle_3: autoDraw = True
249.7784 	EXP 	firstcircle_3: autoDraw = False
249.7951 	EXP 	text_3: autoDraw = True
250.7784 	EXP 	text_3: autoDraw = False
250.7951 	EXP 	secondcircle: autoDraw = True
252.5784 	EXP 	secondcircle: autoDraw = False
252.8136 	DATA 	Keypress: right
252.8150 	EXP 	New trial (rep=0, index=4): OrderedDict([('firstTime', 3.3), ('secondTime', 4.4), ('corrAns', 'right'), ('plusStart', 3.8), ('secondStart', 4.8), ('respStart', 9.2), ('randNum', 0.803512663)])
252.8284 	EXP 	firstcircle_3: autoDraw = False
252.8284 	EXP 	text_3: autoDraw = False
252.8284 	EXP 	secondcircle: autoDraw = False
252.8284 	EXP 	text_4: autoDraw = False
252.8284 	EXP 	text_4: autoDraw = True
253.3284 	EXP 	text_4: autoDraw = False
253.3450 	EXP 	firstcircle_3: autoDraw = True
256.6283 	EXP 	firstcircle_3: autoDraw = False
256.6450 	EXP 	text_3: autoDraw = True
257.6283 	EXP 	text_3: autoDraw = False
257.6450 	EXP 	secondcircle: autoDraw = True
262.0282 	EXP 	secondcircle: autoDraw = False
262.2802 	DATA 	Keypress: right
262.2815 	EXP 	New trial (rep=0, index=5): OrderedDict([('firstTime', 2.1), ('secondTime', 2.8), ('corrAns', 'right'), ('plusStart', 2.6), ('secondStart', 3.6), ('respStart', 6.4), ('randNum', 0.26721103399999996)])
262.2949 	EXP 	firstcircle_3: autoDraw = False
262.2949 	EXP 	text_3: autoDraw = False
262.2949 	EXP 	secondcircle: autoDraw = False
262.2949 	EXP 	text_4: autoDraw = False
262.2949 	EXP 	text_4: autoDraw = True
262.7949 	EXP 	text_4: autoDraw = False
262.8116 	EXP 	firstcircle_3: autoDraw = True
264.8949 	EXP 	firstcircle_3: autoDraw = False
264.9115 	EXP 	text_3: autoDraw = True
265.8949 	EXP 	text_3: autoDraw = False
265.9116 	EXP 	secondcircle: autoDraw = True
268.6948 	EXP 	secondcircle: autoDraw = False
268.9635 	DATA 	Keypress: right
268.9649 	EXP 	New trial (rep=0, index=6): OrderedDict([('firstTime', 2.8), ('secondTime', 2.1), ('corrAns', 'left'), ('plusStart', 3.3), ('secondStart', 4.3), ('respStart', 6.4), ('randNum', 0.1426323)])
268.9781 	EXP 	firstcircle_3: autoDraw = False
268.9781 	EXP 	text_3: autoDraw = False
268.9781 	EXP 	secondcircle: autoDraw = False
268.9781 	EXP 	text_4: autoDraw = False
268.9781 	EXP 	text_4: autoDraw = True
269.4781 	EXP 	text_4: autoDraw = False
269.4948 	EXP 	firstcircle_3: autoDraw = True
272.2781 	EXP 	firstcircle_3: autoDraw = False
272.2948 	EXP 	text_3: autoDraw = True
273.2781 	EXP 	text_3: autoDraw = False
273.2948 	EXP 	secondcircle: autoDraw = True
275.3781 	EXP 	secondcircle: autoDraw = False
276.6299 	DATA 	Keypress: left
276.6312 	EXP 	New trial (rep=0, index=7): OrderedDict([('firstTime', 2.7), ('secondTime', 1.8), ('corrAns', 'left'), ('plusStart', 3.2), ('secondStart', 4.2), ('respStart', 6.0), ('randNum', 0.15619143)])
276.6447 	EXP 	firstcircle_3: autoDraw = False
276.6447 	EXP 	text_3: autoDraw = False
276.6447 	EXP 	secondcircle: autoDraw = False
276.6447 	EXP 	text_4: autoDraw = False
276.6447 	EXP 	text_4: autoDraw = True
277.1447 	EXP 	text_4: autoDraw = False
277.1614 	EXP 	firstcircle_3: autoDraw = True
279.8447 	EXP 	firstcircle_3: autoDraw = False
279.8613 	EXP 	text_3: autoDraw = True
280.8447 	EXP 	text_3: autoDraw = False
280.8613 	EXP 	secondcircle: autoDraw = True
282.6446 	EXP 	secondcircle: autoDraw = False
283.0133 	DATA 	Keypress: right
283.0147 	EXP 	New trial (rep=0, index=8): OrderedDict([('firstTime', 8.8), ('secondTime', 9.9), ('corrAns', 'right'), ('plusStart', 9.3), ('secondStart', 10.3), ('respStart', 20.2), ('randNum', 0.549248995)])
283.0279 	EXP 	firstcircle_3: autoDraw = False
283.0279 	EXP 	text_3: autoDraw = False
283.0279 	EXP 	secondcircle: autoDraw = False
283.0279 	EXP 	text_4: autoDraw = False
283.0279 	EXP 	text_4: autoDraw = True
283.5279 	EXP 	text_4: autoDraw = False
283.5446 	EXP 	firstcircle_3: autoDraw = True
292.3279 	EXP 	firstcircle_3: autoDraw = False
292.3445 	EXP 	text_3: autoDraw = True
293.3278 	EXP 	text_3: autoDraw = False
293.3445 	EXP 	secondcircle: autoDraw = True
303.2277 	EXP 	secondcircle: autoDraw = False
303.7631 	DATA 	Keypress: right
303.7644 	EXP 	New trial (rep=0, index=9): OrderedDict([('firstTime', 2.5), ('secondTime', 1.5), ('corrAns', 'left'), ('plusStart', 3.0), ('secondStart', 4.0), ('respStart', 5.5), ('randNum', 0.358211186)])
303.7777 	EXP 	firstcircle_3: autoDraw = False
303.7777 	EXP 	text_3: autoDraw = False
303.7777 	EXP 	secondcircle: autoDraw = False
303.7777 	EXP 	text_4: autoDraw = False
303.7777 	EXP 	text_4: autoDraw = True
304.2777 	EXP 	text_4: autoDraw = False
304.2943 	EXP 	firstcircle_3: autoDraw = True
306.7776 	EXP 	firstcircle_3: autoDraw = False
306.7943 	EXP 	text_3: autoDraw = True
307.7776 	EXP 	text_3: autoDraw = False
307.7943 	EXP 	secondcircle: autoDraw = True
309.2776 	EXP 	secondcircle: autoDraw = False
310.0460 	DATA 	Keypress: left
310.0473 	EXP 	New trial (rep=0, index=10): OrderedDict([('firstTime', 1.8), ('secondTime', 0.9), ('corrAns', 'left'), ('plusStart', 2.3), ('secondStart', 3.3), ('respStart', 4.2), ('randNum', 0.907401646)])
310.0609 	EXP 	firstcircle_3: autoDraw = False
310.0609 	EXP 	text_3: autoDraw = False
310.0609 	EXP 	secondcircle: autoDraw = False
310.0609 	EXP 	text_4: autoDraw = False
310.0609 	EXP 	text_4: autoDraw = True
310.5610 	EXP 	text_4: autoDraw = False
310.5776 	EXP 	firstcircle_3: autoDraw = True
312.3609 	EXP 	firstcircle_3: autoDraw = False
312.3776 	EXP 	text_3: autoDraw = True
313.3609 	EXP 	text_3: autoDraw = False
313.3775 	EXP 	secondcircle: autoDraw = True
314.2609 	EXP 	secondcircle: autoDraw = False
314.9795 	DATA 	Keypress: left
314.9808 	EXP 	New trial (rep=0, index=11): OrderedDict([('firstTime', 3.2), ('secondTime', 3.6), ('corrAns', 'right'), ('plusStart', 3.7), ('secondStart', 4.7), ('respStart', 8.3), ('randNum', 0.40261677799999995)])
314.9942 	EXP 	firstcircle_3: autoDraw = False
314.9942 	EXP 	text_3: autoDraw = False
314.9942 	EXP 	secondcircle: autoDraw = False
314.9942 	EXP 	text_4: autoDraw = False
314.9942 	EXP 	text_4: autoDraw = True
315.4943 	EXP 	text_4: autoDraw = False
315.5108 	EXP 	firstcircle_3: autoDraw = True
318.6942 	EXP 	firstcircle_3: autoDraw = False
318.7108 	EXP 	text_3: autoDraw = True
319.6941 	EXP 	text_3: autoDraw = False
319.7108 	EXP 	secondcircle: autoDraw = True
323.2941 	EXP 	secondcircle: autoDraw = False
324.3128 	DATA 	Keypress: right
324.3142 	EXP 	New trial (rep=0, index=12): OrderedDict([('firstTime', 2.1), ('secondTime', 3.5), ('corrAns', 'right'), ('plusStart', 2.6), ('secondStart', 3.6), ('respStart', 7.1), ('randNum', 0.699018652)])
324.3274 	EXP 	firstcircle_3: autoDraw = False
324.3274 	EXP 	text_3: autoDraw = False
324.3274 	EXP 	secondcircle: autoDraw = False
324.3274 	EXP 	text_4: autoDraw = False
324.3274 	EXP 	text_4: autoDraw = True
324.8274 	EXP 	text_4: autoDraw = False
324.8441 	EXP 	firstcircle_3: autoDraw = True
326.9274 	EXP 	firstcircle_3: autoDraw = False
326.9440 	EXP 	text_3: autoDraw = True
327.9273 	EXP 	text_3: autoDraw = False
327.9440 	EXP 	secondcircle: autoDraw = True
331.4273 	EXP 	secondcircle: autoDraw = False
331.6624 	DATA 	Keypress: right
331.6638 	EXP 	New trial (rep=0, index=13): OrderedDict([('firstTime', 1.8), ('secondTime', 2.7), ('corrAns', 'right'), ('plusStart', 2.3), ('secondStart', 3.3), ('respStart', 6.0), ('randNum', 0.8590765890000001)])
331.6774 	EXP 	firstcircle_3: autoDraw = False
331.6774 	EXP 	text_3: autoDraw = False
331.6774 	EXP 	secondcircle: autoDraw = False
331.6774 	EXP 	text_4: autoDraw = False
331.6774 	EXP 	text_4: autoDraw = True
332.1773 	EXP 	text_4: autoDraw = False
332.1940 	EXP 	firstcircle_3: autoDraw = True
333.9773 	EXP 	firstcircle_3: autoDraw = False
333.9939 	EXP 	text_3: autoDraw = True
334.9773 	EXP 	text_3: autoDraw = False
334.9939 	EXP 	secondcircle: autoDraw = True
337.2458 	DATA 	Keypress: right
337.6772 	EXP 	secondcircle: autoDraw = False
338.4125 	DATA 	Keypress: right
338.4139 	EXP 	New trial (rep=0, index=14): OrderedDict([('firstTime', 1.4), ('secondTime', 0.7), ('corrAns', 'left'), ('plusStart', 1.9), ('secondStart', 2.9), ('respStart', 3.6), ('randNum', 0.413030013)])
338.4272 	EXP 	firstcircle_3: autoDraw = False
338.4272 	EXP 	text_3: autoDraw = False
338.4272 	EXP 	secondcircle: autoDraw = False
338.4272 	EXP 	text_4: autoDraw = False
338.4272 	EXP 	text_4: autoDraw = True
338.9272 	EXP 	text_4: autoDraw = False
338.9439 	EXP 	firstcircle_3: autoDraw = True
340.3272 	EXP 	firstcircle_3: autoDraw = False
340.3438 	EXP 	text_3: autoDraw = True
341.3272 	EXP 	text_3: autoDraw = False
341.3438 	EXP 	secondcircle: autoDraw = True
342.0271 	EXP 	secondcircle: autoDraw = False
343.6624 	DATA 	Keypress: left
343.6637 	EXP 	New trial (rep=0, index=15): OrderedDict([('firstTime', 3.6), ('secondTime', 3.2), ('corrAns', 'left'), ('plusStart', 4.1), ('secondStart', 5.1), ('respStart', 8.3), ('randNum', 0.12198344800000001)])
343.6771 	EXP 	firstcircle_3: autoDraw = False
343.6771 	EXP 	text_3: autoDraw = False
343.6771 	EXP 	secondcircle: autoDraw = False
343.6771 	EXP 	text_4: autoDraw = False
343.6771 	EXP 	text_4: autoDraw = True
344.1771 	EXP 	text_4: autoDraw = False
344.1938 	EXP 	firstcircle_3: autoDraw = True
347.7771 	EXP 	firstcircle_3: autoDraw = False
347.7937 	EXP 	text_3: autoDraw = True
348.7771 	EXP 	text_3: autoDraw = False
348.7937 	EXP 	secondcircle: autoDraw = True
351.9770 	EXP 	secondcircle: autoDraw = False
352.5288 	DATA 	Keypress: left
352.5301 	EXP 	New trial (rep=0, index=16): OrderedDict([('firstTime', 4.4), ('secondTime', 3.3), ('corrAns', 'left'), ('plusStart', 4.9), ('secondStart', 5.9), ('respStart', 9.2), ('randNum', 0.7908218929999999)])
352.5437 	EXP 	firstcircle_3: autoDraw = False
352.5437 	EXP 	text_3: autoDraw = False
352.5437 	EXP 	secondcircle: autoDraw = False
352.5437 	EXP 	text_4: autoDraw = False
352.5437 	EXP 	text_4: autoDraw = True
353.0437 	EXP 	text_4: autoDraw = False
353.0603 	EXP 	firstcircle_3: autoDraw = True
357.4436 	EXP 	firstcircle_3: autoDraw = False
357.4603 	EXP 	text_3: autoDraw = True
358.4436 	EXP 	text_3: autoDraw = False
358.4603 	EXP 	secondcircle: autoDraw = True
361.7436 	EXP 	secondcircle: autoDraw = False
363.3459 	DATA 	Keypress: left
363.3619 	EXP 	New trial (rep=0, index=17): OrderedDict([('firstTime', 3.5), ('secondTime', 2.1), ('corrAns', 'left'), ('plusStart', 4.0), ('secondStart', 5.0), ('respStart', 7.1), ('randNum', 0.149007794)])
363.3769 	EXP 	firstcircle_3: autoDraw = False
363.3769 	EXP 	text_3: autoDraw = False
363.3769 	EXP 	secondcircle: autoDraw = False
363.3769 	EXP 	text_4: autoDraw = False
363.3769 	EXP 	text_4: autoDraw = True
363.8769 	EXP 	text_4: autoDraw = False
363.8935 	EXP 	firstcircle_3: autoDraw = True
367.3768 	EXP 	firstcircle_3: autoDraw = False
367.3935 	EXP 	text_3: autoDraw = True
368.3768 	EXP 	text_3: autoDraw = False
368.3935 	EXP 	secondcircle: autoDraw = True
370.4768 	EXP 	secondcircle: autoDraw = False
371.2957 	DATA 	Keypress: left
371.3117 	EXP 	New trial (rep=0, index=18): OrderedDict([('firstTime', 1.8), ('secondTime', 1.2), ('corrAns', 'left'), ('plusStart', 2.3), ('secondStart', 3.3), ('respStart', 4.5), ('randNum', 0.44825194799999996)])
371.3268 	EXP 	firstcircle_3: autoDraw = False
371.3268 	EXP 	text_3: autoDraw = False
371.3268 	EXP 	secondcircle: autoDraw = False
371.3268 	EXP 	text_4: autoDraw = False
371.3268 	EXP 	text_4: autoDraw = True
371.8268 	EXP 	text_4: autoDraw = False
371.8434 	EXP 	firstcircle_3: autoDraw = True
373.6267 	EXP 	firstcircle_3: autoDraw = False
373.6434 	EXP 	text_3: autoDraw = True
374.6267 	EXP 	text_3: autoDraw = False
374.6434 	EXP 	secondcircle: autoDraw = True
375.8267 	EXP 	secondcircle: autoDraw = False
376.3793 	DATA 	Keypress: left
376.3950 	EXP 	New trial (rep=0, index=19): OrderedDict([('firstTime', 0.9), ('secondTime', 1.8), ('corrAns', 'right'), ('plusStart', 1.4), ('secondStart', 2.4), ('respStart', 4.2), ('randNum', 0.35938568299999996)])
376.4100 	EXP 	firstcircle_3: autoDraw = False
376.4100 	EXP 	text_3: autoDraw = False
376.4100 	EXP 	secondcircle: autoDraw = False
376.4100 	EXP 	text_4: autoDraw = False
376.4100 	EXP 	text_4: autoDraw = True
376.9101 	EXP 	text_4: autoDraw = False
376.9267 	EXP 	firstcircle_3: autoDraw = True
377.8100 	EXP 	firstcircle_3: autoDraw = False
377.8267 	EXP 	text_3: autoDraw = True
378.8100 	EXP 	text_3: autoDraw = False
378.8267 	EXP 	secondcircle: autoDraw = True
380.6100 	EXP 	secondcircle: autoDraw = False
381.4286 	DATA 	Keypress: left
381.4433 	EXP 	firstcircle_3: autoDraw = False
381.4433 	EXP 	text_3: autoDraw = False
381.4433 	EXP 	secondcircle: autoDraw = False
381.4433 	EXP 	text_4: autoDraw = False
381.4433 	EXP 	text_6: autoDraw = True
386.0457 	DATA 	Keypress: space
386.0522 	EXP 	Imported conditionsTime3.csv as conditions, 20 conditions, 7 params
386.0526 	EXP 	Created sequence: sequential, trialTypes=20, nReps=1, seed=None
386.0530 	EXP 	New trial (rep=0, index=0): OrderedDict([('firstTime', 2.7), ('secondTime', 1.8), ('corrAns', 'left'), ('plusStart', 3.2), ('secondStart', 4.2), ('respStart', 6.0), ('randNum', 0.09224181599999999)])
386.0599 	EXP 	text_6: autoDraw = False
386.0599 	EXP 	text_4: autoDraw = True
386.5599 	EXP 	text_4: autoDraw = False
386.5766 	EXP 	firstcircle_3: autoDraw = True
389.2599 	EXP 	firstcircle_3: autoDraw = False
389.2765 	EXP 	text_3: autoDraw = True
390.2598 	EXP 	text_3: autoDraw = False
390.2765 	EXP 	secondcircle: autoDraw = True
392.0598 	EXP 	secondcircle: autoDraw = False
392.9785 	DATA 	Keypress: left
392.9801 	EXP 	New trial (rep=0, index=1): OrderedDict([('firstTime', 1.8), ('secondTime', 2.7), ('corrAns', 'right'), ('plusStart', 2.3), ('secondStart', 3.3), ('respStart', 6.0), ('randNum', 0.320860695)])
392.9931 	EXP 	firstcircle_3: autoDraw = False
392.9931 	EXP 	text_3: autoDraw = False
392.9931 	EXP 	secondcircle: autoDraw = False
392.9931 	EXP 	text_4: autoDraw = False
392.9931 	EXP 	text_4: autoDraw = True
393.4931 	EXP 	text_4: autoDraw = False
393.5098 	EXP 	firstcircle_3: autoDraw = True
395.2932 	EXP 	firstcircle_3: autoDraw = False
395.3098 	EXP 	text_3: autoDraw = True
396.2931 	EXP 	text_3: autoDraw = False
396.3099 	EXP 	secondcircle: autoDraw = True
398.8451 	DATA 	Keypress: right
398.9931 	EXP 	secondcircle: autoDraw = False
399.6785 	DATA 	Keypress: right
399.6799 	EXP 	New trial (rep=0, index=2): OrderedDict([('firstTime', 0.7), ('secondTime', 1.4), ('corrAns', 'right'), ('plusStart', 1.2), ('secondStart', 2.2), ('respStart', 3.6), ('randNum', 0.091696964)])
399.6930 	EXP 	firstcircle_3: autoDraw = False
399.6930 	EXP 	text_3: autoDraw = False
399.6930 	EXP 	secondcircle: autoDraw = False
399.6930 	EXP 	text_4: autoDraw = False
399.6930 	EXP 	text_4: autoDraw = True
400.1930 	EXP 	text_4: autoDraw = False
400.2097 	EXP 	firstcircle_3: autoDraw = True
400.8930 	EXP 	firstcircle_3: autoDraw = False
400.9097 	EXP 	text_3: autoDraw = True
401.8931 	EXP 	text_3: autoDraw = False
401.9097 	EXP 	secondcircle: autoDraw = True
403.2930 	EXP 	secondcircle: autoDraw = False
404.0449 	DATA 	Keypress: left
404.0463 	EXP 	New trial (rep=0, index=3): OrderedDict([('firstTime', 4.4), ('secondTime', 3.3), ('corrAns', 'left'), ('plusStart', 4.9), ('secondStart', 5.9), ('respStart', 9.2), ('randNum', 0.010112259)])
404.0596 	EXP 	firstcircle_3: autoDraw = False
404.0596 	EXP 	text_3: autoDraw = False
404.0596 	EXP 	secondcircle: autoDraw = False
404.0596 	EXP 	text_4: autoDraw = False
404.0596 	EXP 	text_4: autoDraw = True
404.5596 	EXP 	text_4: autoDraw = False
404.5764 	EXP 	firstcircle_3: autoDraw = True
408.9596 	EXP 	firstcircle_3: autoDraw = False
408.9763 	EXP 	text_3: autoDraw = True
409.9596 	EXP 	text_3: autoDraw = False
409.9762 	EXP 	secondcircle: autoDraw = True
413.2595 	EXP 	secondcircle: autoDraw = False
413.9620 	DATA 	Keypress: left
413.9778 	EXP 	New trial (rep=0, index=4): OrderedDict([('firstTime', 0.9), ('secondTime', 1.8), ('corrAns', 'right'), ('plusStart', 1.4), ('secondStart', 2.4), ('respStart', 4.2), ('randNum', 0.877480265)])
413.9929 	EXP 	firstcircle_3: autoDraw = False
413.9929 	EXP 	text_3: autoDraw = False
413.9929 	EXP 	secondcircle: autoDraw = False
413.9929 	EXP 	text_4: autoDraw = False
413.9929 	EXP 	text_4: autoDraw = True
414.4928 	EXP 	text_4: autoDraw = False
414.5095 	EXP 	firstcircle_3: autoDraw = True
415.3928 	EXP 	firstcircle_3: autoDraw = False
415.4095 	EXP 	text_3: autoDraw = True
416.3928 	EXP 	text_3: autoDraw = False
416.4095 	EXP 	secondcircle: autoDraw = True
418.1928 	EXP 	secondcircle: autoDraw = False
418.4282 	DATA 	Keypress: right
418.4296 	EXP 	New trial (rep=0, index=5): OrderedDict([('firstTime', 1.8), ('secondTime', 0.9), ('corrAns', 'left'), ('plusStart', 2.3), ('secondStart', 3.3), ('respStart', 4.2), ('randNum', 0.74232345)])
418.4428 	EXP 	firstcircle_3: autoDraw = False
418.4428 	EXP 	text_3: autoDraw = False
418.4428 	EXP 	secondcircle: autoDraw = False
418.4428 	EXP 	text_4: autoDraw = False
418.4428 	EXP 	text_4: autoDraw = True
418.9428 	EXP 	text_4: autoDraw = False
418.9595 	EXP 	firstcircle_3: autoDraw = True
420.7428 	EXP 	firstcircle_3: autoDraw = False
420.7594 	EXP 	text_3: autoDraw = True
421.7427 	EXP 	text_3: autoDraw = False
421.7594 	EXP 	secondcircle: autoDraw = True
422.6427 	EXP 	secondcircle: autoDraw = False
424.6781 	DATA 	Keypress: left
424.6796 	EXP 	New trial (rep=0, index=6): OrderedDict([('firstTime', 1.8), ('secondTime', 1.2), ('corrAns', 'left'), ('plusStart', 2.3), ('secondStart', 3.3), ('respStart', 4.5), ('randNum', 0.307053849)])
424.6927 	EXP 	firstcircle_3: autoDraw = False
424.6927 	EXP 	text_3: autoDraw = False
424.6927 	EXP 	secondcircle: autoDraw = False
424.6927 	EXP 	text_4: autoDraw = False
424.6927 	EXP 	text_4: autoDraw = True
425.1927 	EXP 	text_4: autoDraw = False
425.2094 	EXP 	firstcircle_3: autoDraw = True
426.9927 	EXP 	firstcircle_3: autoDraw = False
427.0093 	EXP 	text_3: autoDraw = True
427.9927 	EXP 	text_3: autoDraw = False
428.0093 	EXP 	secondcircle: autoDraw = True
429.1926 	EXP 	secondcircle: autoDraw = False
429.7280 	DATA 	Keypress: left
429.7294 	EXP 	New trial (rep=0, index=7): OrderedDict([('firstTime', 3.6), ('secondTime', 3.2), ('corrAns', 'left'), ('plusStart', 4.1), ('secondStart', 5.1), ('respStart', 8.3), ('randNum', 0.331236492)])
429.7426 	EXP 	firstcircle_3: autoDraw = False
429.7426 	EXP 	text_3: autoDraw = False
429.7426 	EXP 	secondcircle: autoDraw = False
429.7426 	EXP 	text_4: autoDraw = False
429.7426 	EXP 	text_4: autoDraw = True
430.2426 	EXP 	text_4: autoDraw = False
430.2593 	EXP 	firstcircle_3: autoDraw = True
433.8426 	EXP 	firstcircle_3: autoDraw = False
433.8593 	EXP 	text_3: autoDraw = True
434.8426 	EXP 	text_3: autoDraw = False
434.8592 	EXP 	secondcircle: autoDraw = True
438.0426 	EXP 	secondcircle: autoDraw = False
438.3447 	DATA 	Keypress: right
438.3460 	EXP 	New trial (rep=0, index=8): OrderedDict([('firstTime', 2.5), ('secondTime', 1.5), ('corrAns', 'left'), ('plusStart', 3.0), ('secondStart', 4.0), ('respStart', 5.5), ('randNum', 0.778562476)])
438.3593 	EXP 	firstcircle_3: autoDraw = False
438.3593 	EXP 	text_3: autoDraw = False
438.3593 	EXP 	secondcircle: autoDraw = False
438.3593 	EXP 	text_4: autoDraw = False
438.3593 	EXP 	text_4: autoDraw = True
438.8592 	EXP 	text_4: autoDraw = False
438.8758 	EXP 	firstcircle_3: autoDraw = True
441.3592 	EXP 	firstcircle_3: autoDraw = False
441.3758 	EXP 	text_3: autoDraw = True
442.3591 	EXP 	text_3: autoDraw = False
442.3758 	EXP 	secondcircle: autoDraw = True
443.8591 	EXP 	secondcircle: autoDraw = False
445.3447 	DATA 	Keypress: left
445.3461 	EXP 	New trial (rep=0, index=9): OrderedDict([('firstTime', 1.2), ('secondTime', 1.8), ('corrAns', 'right'), ('plusStart', 1.7), ('secondStart', 2.7), ('respStart', 4.5), ('randNum', 0.18131893100000002)])
445.3591 	EXP 	firstcircle_3: autoDraw = False
445.3591 	EXP 	text_3: autoDraw = False
445.3591 	EXP 	secondcircle: autoDraw = False
445.3591 	EXP 	text_4: autoDraw = False
445.3591 	EXP 	text_4: autoDraw = True
445.8591 	EXP 	text_4: autoDraw = False
445.8758 	EXP 	firstcircle_3: autoDraw = True
447.0591 	EXP 	firstcircle_3: autoDraw = False
447.0757 	EXP 	text_3: autoDraw = True
448.0591 	EXP 	text_3: autoDraw = False
448.0757 	EXP 	secondcircle: autoDraw = True
449.8590 	EXP 	secondcircle: autoDraw = False
450.1611 	DATA 	Keypress: right
450.1624 	EXP 	New trial (rep=0, index=10): OrderedDict([('firstTime', 2.8), ('secondTime', 2.1), ('corrAns', 'left'), ('plusStart', 3.3), ('secondStart', 4.3), ('respStart', 6.4), ('randNum', 0.897215002)])
450.1757 	EXP 	firstcircle_3: autoDraw = False
450.1757 	EXP 	text_3: autoDraw = False
450.1757 	EXP 	secondcircle: autoDraw = False
450.1757 	EXP 	text_4: autoDraw = False
450.1757 	EXP 	text_4: autoDraw = True
450.6757 	EXP 	text_4: autoDraw = False
450.6924 	EXP 	firstcircle_3: autoDraw = True
453.4757 	EXP 	firstcircle_3: autoDraw = False
453.4923 	EXP 	text_3: autoDraw = True
454.4756 	EXP 	text_3: autoDraw = False
454.4923 	EXP 	secondcircle: autoDraw = True
456.5756 	EXP 	secondcircle: autoDraw = False
456.8275 	DATA 	Keypress: right
456.8288 	EXP 	New trial (rep=0, index=11): OrderedDict([('firstTime', 2.1), ('secondTime', 2.8), ('corrAns', 'right'), ('plusStart', 2.6), ('secondStart', 3.6), ('respStart', 6.4), ('randNum', 0.734438325)])
456.8423 	EXP 	firstcircle_3: autoDraw = False
456.8423 	EXP 	text_3: autoDraw = False
456.8423 	EXP 	secondcircle: autoDraw = False
456.8423 	EXP 	text_4: autoDraw = False
456.8423 	EXP 	text_4: autoDraw = True
457.3423 	EXP 	text_4: autoDraw = False
457.3589 	EXP 	firstcircle_3: autoDraw = True
459.4422 	EXP 	firstcircle_3: autoDraw = False
459.4589 	EXP 	text_3: autoDraw = True
460.4422 	EXP 	text_3: autoDraw = False
460.4589 	EXP 	secondcircle: autoDraw = True
463.2422 	EXP 	secondcircle: autoDraw = False
463.4608 	DATA 	Keypress: right
463.4622 	EXP 	New trial (rep=0, index=12): OrderedDict([('firstTime', 3.2), ('secondTime', 3.6), ('corrAns', 'right'), ('plusStart', 3.7), ('secondStart', 4.7), ('respStart', 8.3), ('randNum', 0.716372322)])
463.4755 	EXP 	firstcircle_3: autoDraw = False
463.4755 	EXP 	text_3: autoDraw = False
463.4755 	EXP 	secondcircle: autoDraw = False
463.4755 	EXP 	text_4: autoDraw = False
463.4755 	EXP 	text_4: autoDraw = True
463.9755 	EXP 	text_4: autoDraw = False
463.9922 	EXP 	firstcircle_3: autoDraw = True
467.1755 	EXP 	firstcircle_3: autoDraw = False
467.1921 	EXP 	text_3: autoDraw = True
468.1755 	EXP 	text_3: autoDraw = False
468.1921 	EXP 	secondcircle: autoDraw = True
471.7755 	EXP 	secondcircle: autoDraw = False
472.0442 	DATA 	Keypress: right
472.0455 	EXP 	New trial (rep=0, index=13): OrderedDict([('firstTime', 2.1), ('secondTime', 3.5), ('corrAns', 'right'), ('plusStart', 2.6), ('secondStart', 3.6), ('respStart', 7.1), ('randNum', 0.2797458)])
472.0587 	EXP 	firstcircle_3: autoDraw = False
472.0587 	EXP 	text_3: autoDraw = False
472.0587 	EXP 	secondcircle: autoDraw = False
472.0587 	EXP 	text_4: autoDraw = False
472.0587 	EXP 	text_4: autoDraw = True
472.5587 	EXP 	text_4: autoDraw = False
472.5754 	EXP 	firstcircle_3: autoDraw = True
474.6588 	EXP 	firstcircle_3: autoDraw = False
474.6754 	EXP 	text_3: autoDraw = True
475.6587 	EXP 	text_3: autoDraw = False
475.6753 	EXP 	secondcircle: autoDraw = True
479.1586 	EXP 	secondcircle: autoDraw = False
479.4441 	DATA 	Keypress: right
479.4455 	EXP 	New trial (rep=0, index=14): OrderedDict([('firstTime', 1.4), ('secondTime', 0.7), ('corrAns', 'left'), ('plusStart', 1.9), ('secondStart', 2.9), ('respStart', 3.6), ('randNum', 0.038284202)])
479.4586 	EXP 	firstcircle_3: autoDraw = False
479.4586 	EXP 	text_3: autoDraw = False
479.4586 	EXP 	secondcircle: autoDraw = False
479.4586 	EXP 	text_4: autoDraw = False
479.4586 	EXP 	text_4: autoDraw = True
479.9586 	EXP 	text_4: autoDraw = False
479.9753 	EXP 	firstcircle_3: autoDraw = True
481.3586 	EXP 	firstcircle_3: autoDraw = False
481.3753 	EXP 	text_3: autoDraw = True
482.3587 	EXP 	text_3: autoDraw = False
482.3753 	EXP 	secondcircle: autoDraw = True
483.0586 	EXP 	secondcircle: autoDraw = False
484.1438 	DATA 	Keypress: left
484.1451 	EXP 	New trial (rep=0, index=15): OrderedDict([('firstTime', 9.9), ('secondTime', 8.8), ('corrAns', 'left'), ('plusStart', 10.4), ('secondStart', 11.4), ('respStart', 20.2), ('randNum', 0.656448526)])
484.1586 	EXP 	firstcircle_3: autoDraw = False
484.1586 	EXP 	text_3: autoDraw = False
484.1586 	EXP 	secondcircle: autoDraw = False
484.1586 	EXP 	text_4: autoDraw = False
484.1586 	EXP 	text_4: autoDraw = True
484.6586 	EXP 	text_4: autoDraw = False
484.6752 	EXP 	firstcircle_3: autoDraw = True
494.5584 	EXP 	firstcircle_3: autoDraw = False
494.5751 	EXP 	text_3: autoDraw = True
495.5585 	EXP 	text_3: autoDraw = False
495.5751 	EXP 	secondcircle: autoDraw = True
504.3583 	EXP 	secondcircle: autoDraw = False
504.6269 	DATA 	Keypress: right
504.6282 	EXP 	New trial (rep=0, index=16): OrderedDict([('firstTime', 3.5), ('secondTime', 2.1), ('corrAns', 'left'), ('plusStart', 4.0), ('secondStart', 5.0), ('respStart', 7.1), ('randNum', 0.25078508899999996)])
504.6416 	EXP 	firstcircle_3: autoDraw = False
504.6416 	EXP 	text_3: autoDraw = False
504.6416 	EXP 	secondcircle: autoDraw = False
504.6416 	EXP 	text_4: autoDraw = False
504.6416 	EXP 	text_4: autoDraw = True
505.1416 	EXP 	text_4: autoDraw = False
505.1583 	EXP 	firstcircle_3: autoDraw = True
508.6416 	EXP 	firstcircle_3: autoDraw = False
508.6582 	EXP 	text_3: autoDraw = True
509.6416 	EXP 	text_3: autoDraw = False
509.6582 	EXP 	secondcircle: autoDraw = True
511.7415 	EXP 	secondcircle: autoDraw = False
512.5600 	DATA 	Keypress: left
512.5613 	EXP 	New trial (rep=0, index=17): OrderedDict([('firstTime', 8.8), ('secondTime', 9.9), ('corrAns', 'right'), ('plusStart', 9.3), ('secondStart', 10.3), ('respStart', 20.2), ('randNum', 0.055985873)])
512.5749 	EXP 	firstcircle_3: autoDraw = False
512.5749 	EXP 	text_3: autoDraw = False
512.5749 	EXP 	secondcircle: autoDraw = False
512.5749 	EXP 	text_4: autoDraw = False
512.5749 	EXP 	text_4: autoDraw = True
513.0749 	EXP 	text_4: autoDraw = False
513.0915 	EXP 	firstcircle_3: autoDraw = True
521.8747 	EXP 	firstcircle_3: autoDraw = False
521.8914 	EXP 	text_3: autoDraw = True
522.8748 	EXP 	text_3: autoDraw = False
522.8914 	EXP 	secondcircle: autoDraw = True
532.7746 	EXP 	secondcircle: autoDraw = False
533.0766 	DATA 	Keypress: right
533.0779 	EXP 	New trial (rep=0, index=18): OrderedDict([('firstTime', 1.5), ('secondTime', 2.5), ('corrAns', 'right'), ('plusStart', 2.0), ('secondStart', 3.0), ('respStart', 5.5), ('randNum', 0.279030548)])
533.0912 	EXP 	firstcircle_3: autoDraw = False
533.0912 	EXP 	text_3: autoDraw = False
533.0912 	EXP 	secondcircle: autoDraw = False
533.0912 	EXP 	text_4: autoDraw = False
533.0912 	EXP 	text_4: autoDraw = True
533.5912 	EXP 	text_4: autoDraw = False
533.6079 	EXP 	firstcircle_3: autoDraw = True
535.0912 	EXP 	firstcircle_3: autoDraw = False
535.1079 	EXP 	text_3: autoDraw = True
536.0912 	EXP 	text_3: autoDraw = False
536.1079 	EXP 	secondcircle: autoDraw = True
538.5912 	EXP 	secondcircle: autoDraw = False
540.2265 	DATA 	Keypress: right
540.2278 	EXP 	New trial (rep=0, index=19): OrderedDict([('firstTime', 3.3), ('secondTime', 4.4), ('corrAns', 'right'), ('plusStart', 3.8), ('secondStart', 4.8), ('respStart', 9.2), ('randNum', 0.6214470879999999)])
540.2412 	EXP 	firstcircle_3: autoDraw = False
540.2412 	EXP 	text_3: autoDraw = False
540.2412 	EXP 	secondcircle: autoDraw = False
540.2412 	EXP 	text_4: autoDraw = False
540.2412 	EXP 	text_4: autoDraw = True
540.7411 	EXP 	text_4: autoDraw = False
540.7578 	EXP 	firstcircle_3: autoDraw = True
544.0411 	EXP 	firstcircle_3: autoDraw = False
544.0578 	EXP 	text_3: autoDraw = True
545.0411 	EXP 	text_3: autoDraw = False
545.0578 	EXP 	secondcircle: autoDraw = True
549.4410 	EXP 	secondcircle: autoDraw = False
549.7594 	DATA 	Keypress: right
549.7744 	EXP 	firstcircle_3: autoDraw = False
549.7744 	EXP 	text_3: autoDraw = False
549.7744 	EXP 	secondcircle: autoDraw = False
549.7744 	EXP 	text_4: autoDraw = False
549.7744 	EXP 	text_7: autoDraw = True
551.2600 	DATA 	Keypress: space
551.2655 	EXP 	Imported conditionsTime4.csv as conditions, 20 conditions, 7 params
551.2658 	EXP 	Created sequence: sequential, trialTypes=20, nReps=1, seed=None
551.2662 	EXP 	New trial (rep=0, index=0): OrderedDict([('firstTime', 2.5), ('secondTime', 1.5), ('corrAns', 'left'), ('plusStart', 3.0), ('secondStart', 4.0), ('respStart', 5.5), ('randNum', 0.9526453340000001)])
551.2744 	EXP 	text_7: autoDraw = False
551.2744 	EXP 	text_4: autoDraw = True
551.7743 	EXP 	text_4: autoDraw = False
551.7910 	EXP 	firstcircle_3: autoDraw = True
554.2743 	EXP 	firstcircle_3: autoDraw = False
554.2910 	EXP 	text_3: autoDraw = True
555.2743 	EXP 	text_3: autoDraw = False
555.2909 	EXP 	secondcircle: autoDraw = True
556.7743 	EXP 	secondcircle: autoDraw = False
557.3760 	DATA 	Keypress: right
557.3776 	EXP 	New trial (rep=0, index=1): OrderedDict([('firstTime', 2.8), ('secondTime', 2.1), ('corrAns', 'left'), ('plusStart', 3.3), ('secondStart', 4.3), ('respStart', 6.4), ('randNum', 0.962497787)])
557.3910 	EXP 	firstcircle_3: autoDraw = False
557.3910 	EXP 	text_3: autoDraw = False
557.3910 	EXP 	secondcircle: autoDraw = False
557.3910 	EXP 	text_4: autoDraw = False
557.3910 	EXP 	text_4: autoDraw = True
557.8909 	EXP 	text_4: autoDraw = False
557.9076 	EXP 	firstcircle_3: autoDraw = True
560.6909 	EXP 	firstcircle_3: autoDraw = False
560.7075 	EXP 	text_3: autoDraw = True
561.6909 	EXP 	text_3: autoDraw = False
561.7075 	EXP 	secondcircle: autoDraw = True
563.7909 	EXP 	secondcircle: autoDraw = False
565.1095 	DATA 	Keypress: left
565.1109 	EXP 	New trial (rep=0, index=2): OrderedDict([('firstTime', 2.7), ('secondTime', 1.8), ('corrAns', 'left'), ('plusStart', 3.2), ('secondStart', 4.2), ('respStart', 6.0), ('randNum', 0.06690605599999999)])
565.1241 	EXP 	firstcircle_3: autoDraw = False
565.1241 	EXP 	text_3: autoDraw = False
565.1241 	EXP 	secondcircle: autoDraw = False
565.1241 	EXP 	text_4: autoDraw = False
565.1241 	EXP 	text_4: autoDraw = True
565.6241 	EXP 	text_4: autoDraw = False
565.6408 	EXP 	firstcircle_3: autoDraw = True
568.3241 	EXP 	firstcircle_3: autoDraw = False
568.3408 	EXP 	text_3: autoDraw = True
569.3241 	EXP 	text_3: autoDraw = False
569.3408 	EXP 	secondcircle: autoDraw = True
571.1241 	EXP 	secondcircle: autoDraw = False
572.3926 	DATA 	Keypress: left
572.3939 	EXP 	New trial (rep=0, index=3): OrderedDict([('firstTime', 8.8), ('secondTime', 9.9), ('corrAns', 'right'), ('plusStart', 9.3), ('secondStart', 10.3), ('respStart', 20.2), ('randNum', 0.09555333099999999)])
572.4074 	EXP 	firstcircle_3: autoDraw = False
572.4074 	EXP 	text_3: autoDraw = False
572.4074 	EXP 	secondcircle: autoDraw = False
572.4074 	EXP 	text_4: autoDraw = False
572.4074 	EXP 	text_4: autoDraw = True
572.9074 	EXP 	text_4: autoDraw = False
572.9240 	EXP 	firstcircle_3: autoDraw = True
581.7072 	EXP 	firstcircle_3: autoDraw = False
581.7239 	EXP 	text_3: autoDraw = True
582.7072 	EXP 	text_3: autoDraw = False
582.7239 	EXP 	secondcircle: autoDraw = True
592.6071 	EXP 	secondcircle: autoDraw = False
592.9257 	DATA 	Keypress: right
592.9271 	EXP 	New trial (rep=0, index=4): OrderedDict([('firstTime', 1.8), ('secondTime', 2.7), ('corrAns', 'right'), ('plusStart', 2.3), ('secondStart', 3.3), ('respStart', 6.0), ('randNum', 0.559320406)])
592.9404 	EXP 	firstcircle_3: autoDraw = False
592.9404 	EXP 	text_3: autoDraw = False
592.9404 	EXP 	secondcircle: autoDraw = False
592.9404 	EXP 	text_4: autoDraw = False
592.9404 	EXP 	text_4: autoDraw = True
593.4404 	EXP 	text_4: autoDraw = False
593.4571 	EXP 	firstcircle_3: autoDraw = True
595.2404 	EXP 	firstcircle_3: autoDraw = False
595.2571 	EXP 	text_3: autoDraw = True
596.2404 	EXP 	text_3: autoDraw = False
596.2571 	EXP 	secondcircle: autoDraw = True
598.9403 	EXP 	secondcircle: autoDraw = False
599.2424 	DATA 	Keypress: right
599.2438 	EXP 	New trial (rep=0, index=5): OrderedDict([('firstTime', 3.5), ('secondTime', 2.1), ('corrAns', 'left'), ('plusStart', 4.0), ('secondStart', 5.0), ('respStart', 7.1), ('randNum', 0.885130943)])
599.2570 	EXP 	firstcircle_3: autoDraw = False
599.2570 	EXP 	text_3: autoDraw = False
599.2570 	EXP 	secondcircle: autoDraw = False
599.2570 	EXP 	text_4: autoDraw = False
599.2570 	EXP 	text_4: autoDraw = True
599.7570 	EXP 	text_4: autoDraw = False
599.7737 	EXP 	firstcircle_3: autoDraw = True
603.2570 	EXP 	firstcircle_3: autoDraw = False
603.2736 	EXP 	text_3: autoDraw = True
604.2570 	EXP 	text_3: autoDraw = False
604.2736 	EXP 	secondcircle: autoDraw = True
606.3569 	EXP 	secondcircle: autoDraw = False
607.4256 	DATA 	Keypress: left
607.4269 	EXP 	New trial (rep=0, index=6): OrderedDict([('firstTime', 2.1), ('secondTime', 2.8), ('corrAns', 'right'), ('plusStart', 2.6), ('secondStart', 3.6), ('respStart', 6.4), ('randNum', 0.7843272990000001)])
607.4402 	EXP 	firstcircle_3: autoDraw = False
607.4402 	EXP 	text_3: autoDraw = False
607.4402 	EXP 	secondcircle: autoDraw = False
607.4402 	EXP 	text_4: autoDraw = False
607.4402 	EXP 	text_4: autoDraw = True
607.9402 	EXP 	text_4: autoDraw = False
607.9569 	EXP 	firstcircle_3: autoDraw = True
610.0402 	EXP 	firstcircle_3: autoDraw = False
610.0569 	EXP 	text_3: autoDraw = True
611.0402 	EXP 	text_3: autoDraw = False
611.0569 	EXP 	secondcircle: autoDraw = True
613.8401 	EXP 	secondcircle: autoDraw = False
614.3754 	DATA 	Keypress: right
614.3768 	EXP 	New trial (rep=0, index=7): OrderedDict([('firstTime', 4.4), ('secondTime', 3.3), ('corrAns', 'left'), ('plusStart', 4.9), ('secondStart', 5.9), ('respStart', 9.2), ('randNum', 0.594355042)])
614.3902 	EXP 	firstcircle_3: autoDraw = False
614.3902 	EXP 	text_3: autoDraw = False
614.3902 	EXP 	secondcircle: autoDraw = False
614.3902 	EXP 	text_4: autoDraw = False
614.3902 	EXP 	text_4: autoDraw = True
614.8901 	EXP 	text_4: autoDraw = False
614.9068 	EXP 	firstcircle_3: autoDraw = True
619.2902 	EXP 	firstcircle_3: autoDraw = False
619.3068 	EXP 	text_3: autoDraw = True
620.2901 	EXP 	text_3: autoDraw = False
620.3067 	EXP 	secondcircle: autoDraw = True
623.5900 	EXP 	secondcircle: autoDraw = False
624.3420 	DATA 	Keypress: left
624.3433 	EXP 	New trial (rep=0, index=8): OrderedDict([('firstTime', 0.9), ('secondTime', 1.8), ('corrAns', 'right'), ('plusStart', 1.4), ('secondStart', 2.4), ('respStart', 4.2), ('randNum', 0.39760777399999997)])
624.3567 	EXP 	firstcircle_3: autoDraw = False
624.3567 	EXP 	text_3: autoDraw = False
624.3567 	EXP 	secondcircle: autoDraw = False
624.3567 	EXP 	text_4: autoDraw = False
624.3567 	EXP 	text_4: autoDraw = True
624.8567 	EXP 	text_4: autoDraw = False
624.8733 	EXP 	firstcircle_3: autoDraw = True
625.7567 	EXP 	firstcircle_3: autoDraw = False
625.7733 	EXP 	text_3: autoDraw = True
626.7566 	EXP 	text_3: autoDraw = False
626.7733 	EXP 	secondcircle: autoDraw = True
628.5566 	EXP 	secondcircle: autoDraw = False
628.8252 	DATA 	Keypress: right
628.8266 	EXP 	New trial (rep=0, index=9): OrderedDict([('firstTime', 3.6), ('secondTime', 3.2), ('corrAns', 'left'), ('plusStart', 4.1), ('secondStart', 5.1), ('respStart', 8.3), ('randNum', 0.454525661)])
628.8400 	EXP 	firstcircle_3: autoDraw = False
628.8400 	EXP 	text_3: autoDraw = False
628.8400 	EXP 	secondcircle: autoDraw = False
628.8400 	EXP 	text_4: autoDraw = False
628.8400 	EXP 	text_4: autoDraw = True
629.3399 	EXP 	text_4: autoDraw = False
629.3566 	EXP 	firstcircle_3: autoDraw = True
632.9399 	EXP 	firstcircle_3: autoDraw = False
632.9566 	EXP 	text_3: autoDraw = True
633.9399 	EXP 	text_3: autoDraw = False
633.9566 	EXP 	secondcircle: autoDraw = True
637.1398 	EXP 	secondcircle: autoDraw = False
637.7919 	DATA 	Keypress: left
637.7933 	EXP 	New trial (rep=0, index=10): OrderedDict([('firstTime', 9.9), ('secondTime', 8.8), ('corrAns', 'left'), ('plusStart', 10.4), ('secondStart', 11.4), ('respStart', 20.2), ('randNum', 0.335173919)])
637.8065 	EXP 	firstcircle_3: autoDraw = False
637.8065 	EXP 	text_3: autoDraw = False
637.8065 	EXP 	secondcircle: autoDraw = False
637.8065 	EXP 	text_4: autoDraw = False
637.8065 	EXP 	text_4: autoDraw = True
638.3065 	EXP 	text_4: autoDraw = False
638.3232 	EXP 	firstcircle_3: autoDraw = True
648.2064 	EXP 	firstcircle_3: autoDraw = False
648.2230 	EXP 	text_3: autoDraw = True
649.2063 	EXP 	text_3: autoDraw = False
649.2230 	EXP 	secondcircle: autoDraw = True
658.0062 	EXP 	secondcircle: autoDraw = False
659.2258 	DATA 	Keypress: left
659.2412 	EXP 	New trial (rep=0, index=11): OrderedDict([('firstTime', 1.8), ('secondTime', 1.2), ('corrAns', 'left'), ('plusStart', 2.3), ('secondStart', 3.3), ('respStart', 4.5), ('randNum', 0.050156068)])
659.2562 	EXP 	firstcircle_3: autoDraw = False
659.2562 	EXP 	text_3: autoDraw = False
659.2562 	EXP 	secondcircle: autoDraw = False
659.2562 	EXP 	text_4: autoDraw = False
659.2562 	EXP 	text_4: autoDraw = True
659.7562 	EXP 	text_4: autoDraw = False
659.7729 	EXP 	firstcircle_3: autoDraw = True
661.5562 	EXP 	firstcircle_3: autoDraw = False
661.5728 	EXP 	text_3: autoDraw = True
662.5562 	EXP 	text_3: autoDraw = False
662.5728 	EXP 	secondcircle: autoDraw = True
663.7561 	EXP 	secondcircle: autoDraw = False
665.1580 	DATA 	Keypress: left
665.1594 	EXP 	New trial (rep=0, index=12): OrderedDict([('firstTime', 2.1), ('secondTime', 3.5), ('corrAns', 'right'), ('plusStart', 2.6), ('secondStart', 3.6), ('respStart', 7.1), ('randNum', 0.553210354)])
665.1728 	EXP 	firstcircle_3: autoDraw = False
665.1728 	EXP 	text_3: autoDraw = False
665.1728 	EXP 	secondcircle: autoDraw = False
665.1728 	EXP 	text_4: autoDraw = False
665.1728 	EXP 	text_4: autoDraw = True
665.6728 	EXP 	text_4: autoDraw = False
665.6894 	EXP 	firstcircle_3: autoDraw = True
667.7728 	EXP 	firstcircle_3: autoDraw = False
667.7894 	EXP 	text_3: autoDraw = True
668.7727 	EXP 	text_3: autoDraw = False
668.7894 	EXP 	secondcircle: autoDraw = True
672.2727 	EXP 	secondcircle: autoDraw = False
672.4912 	DATA 	Keypress: right
672.4926 	EXP 	New trial (rep=0, index=13): OrderedDict([('firstTime', 3.2), ('secondTime', 3.6), ('corrAns', 'right'), ('plusStart', 3.7), ('secondStart', 4.7), ('respStart', 8.3), ('randNum', 0.062598668)])
672.5060 	EXP 	firstcircle_3: autoDraw = False
672.5060 	EXP 	text_3: autoDraw = False
672.5060 	EXP 	secondcircle: autoDraw = False
672.5060 	EXP 	text_4: autoDraw = False
672.5060 	EXP 	text_4: autoDraw = True
673.0060 	EXP 	text_4: autoDraw = False
673.0227 	EXP 	firstcircle_3: autoDraw = True
676.2060 	EXP 	firstcircle_3: autoDraw = False
676.2226 	EXP 	text_3: autoDraw = True
677.2060 	EXP 	text_3: autoDraw = False
677.2226 	EXP 	secondcircle: autoDraw = True
680.8059 	EXP 	secondcircle: autoDraw = False
681.6246 	DATA 	Keypress: right
681.6260 	EXP 	New trial (rep=0, index=14): OrderedDict([('firstTime', 1.5), ('secondTime', 2.5), ('corrAns', 'right'), ('plusStart', 2.0), ('secondStart', 3.0), ('respStart', 5.5), ('randNum', 0.851613693)])
681.6392 	EXP 	firstcircle_3: autoDraw = False
681.6392 	EXP 	text_3: autoDraw = False
681.6392 	EXP 	secondcircle: autoDraw = False
681.6392 	EXP 	text_4: autoDraw = False
681.6392 	EXP 	text_4: autoDraw = True
682.1392 	EXP 	text_4: autoDraw = False
682.1559 	EXP 	firstcircle_3: autoDraw = True
683.6392 	EXP 	firstcircle_3: autoDraw = False
683.6559 	EXP 	text_3: autoDraw = True
684.6392 	EXP 	text_3: autoDraw = False
684.6559 	EXP 	secondcircle: autoDraw = True
687.1392 	EXP 	secondcircle: autoDraw = False
687.9076 	DATA 	Keypress: right
687.9090 	EXP 	New trial (rep=0, index=15): OrderedDict([('firstTime', 1.2), ('secondTime', 1.8), ('corrAns', 'right'), ('plusStart', 1.7), ('secondStart', 2.7), ('respStart', 4.5), ('randNum', 0.9561071459999999)])
687.9225 	EXP 	firstcircle_3: autoDraw = False
687.9225 	EXP 	text_3: autoDraw = False
687.9225 	EXP 	secondcircle: autoDraw = False
687.9225 	EXP 	text_4: autoDraw = False
687.9225 	EXP 	text_4: autoDraw = True
688.4225 	EXP 	text_4: autoDraw = False
688.4391 	EXP 	firstcircle_3: autoDraw = True
689.6225 	EXP 	firstcircle_3: autoDraw = False
689.6391 	EXP 	text_3: autoDraw = True
690.6225 	EXP 	text_3: autoDraw = False
690.6391 	EXP 	secondcircle: autoDraw = True
692.4224 	EXP 	secondcircle: autoDraw = False
692.6410 	DATA 	Keypress: right
692.6424 	EXP 	New trial (rep=0, index=16): OrderedDict([('firstTime', 3.3), ('secondTime', 4.4), ('corrAns', 'right'), ('plusStart', 3.8), ('secondStart', 4.8), ('respStart', 9.2), ('randNum', 0.25372748300000003)])
692.6558 	EXP 	firstcircle_3: autoDraw = False
692.6558 	EXP 	text_3: autoDraw = False
692.6558 	EXP 	secondcircle: autoDraw = False
692.6558 	EXP 	text_4: autoDraw = False
692.6558 	EXP 	text_4: autoDraw = True
693.1558 	EXP 	text_4: autoDraw = False
693.1724 	EXP 	firstcircle_3: autoDraw = True
696.4557 	EXP 	firstcircle_3: autoDraw = False
696.4724 	EXP 	text_3: autoDraw = True
697.4557 	EXP 	text_3: autoDraw = False
697.4724 	EXP 	secondcircle: autoDraw = True
701.8556 	EXP 	secondcircle: autoDraw = False
702.3245 	DATA 	Keypress: right
702.3259 	EXP 	New trial (rep=0, index=17): OrderedDict([('firstTime', 1.8), ('secondTime', 0.9), ('corrAns', 'left'), ('plusStart', 2.3), ('secondStart', 3.3), ('respStart', 4.2), ('randNum', 0.328250033)])
702.3390 	EXP 	firstcircle_3: autoDraw = False
702.3390 	EXP 	text_3: autoDraw = False
702.3390 	EXP 	secondcircle: autoDraw = False
702.3390 	EXP 	text_4: autoDraw = False
702.3390 	EXP 	text_4: autoDraw = True
702.8390 	EXP 	text_4: autoDraw = False
702.8557 	EXP 	firstcircle_3: autoDraw = True
704.6389 	EXP 	firstcircle_3: autoDraw = False
704.6556 	EXP 	text_3: autoDraw = True
705.6389 	EXP 	text_3: autoDraw = False
705.6556 	EXP 	secondcircle: autoDraw = True
706.5389 	EXP 	secondcircle: autoDraw = False
707.2241 	DATA 	Keypress: left
707.2255 	EXP 	New trial (rep=0, index=18): OrderedDict([('firstTime', 1.4), ('secondTime', 0.7), ('corrAns', 'left'), ('plusStart', 1.9), ('secondStart', 2.9), ('respStart', 3.6), ('randNum', 0.26139814899999997)])
707.2389 	EXP 	firstcircle_3: autoDraw = False
707.2389 	EXP 	text_3: autoDraw = False
707.2389 	EXP 	secondcircle: autoDraw = False
707.2389 	EXP 	text_4: autoDraw = False
707.2389 	EXP 	text_4: autoDraw = True
707.7389 	EXP 	text_4: autoDraw = False
707.7556 	EXP 	firstcircle_3: autoDraw = True
709.1389 	EXP 	firstcircle_3: autoDraw = False
709.1555 	EXP 	text_3: autoDraw = True
710.1389 	EXP 	text_3: autoDraw = False
710.1555 	EXP 	secondcircle: autoDraw = True
710.8388 	EXP 	secondcircle: autoDraw = False
711.4906 	DATA 	Keypress: left
711.4918 	EXP 	New trial (rep=0, index=19): OrderedDict([('firstTime', 0.7), ('secondTime', 1.4), ('corrAns', 'right'), ('plusStart', 1.2), ('secondStart', 2.2), ('respStart', 3.6), ('randNum', 0.515481866)])
711.5055 	EXP 	firstcircle_3: autoDraw = False
711.5055 	EXP 	text_3: autoDraw = False
711.5055 	EXP 	secondcircle: autoDraw = False
711.5055 	EXP 	text_4: autoDraw = False
711.5055 	EXP 	text_4: autoDraw = True
712.0055 	EXP 	text_4: autoDraw = False
712.0222 	EXP 	firstcircle_3: autoDraw = True
712.7055 	EXP 	firstcircle_3: autoDraw = False
712.7221 	EXP 	text_3: autoDraw = True
713.7055 	EXP 	text_3: autoDraw = False
713.7221 	EXP 	secondcircle: autoDraw = True
715.1055 	EXP 	secondcircle: autoDraw = False
715.3241 	DATA 	Keypress: right
715.3388 	EXP 	firstcircle_3: autoDraw = False
715.3388 	EXP 	text_3: autoDraw = False
715.3388 	EXP 	secondcircle: autoDraw = False
715.3388 	EXP 	text_4: autoDraw = False
715.3388 	EXP 	text_2: autoDraw = True
718.6049 	EXP 	window1: mouseVisible = True
