1.5128 	WARNING 	sounddevice audio lib was requested but not loaded: sounddevice not working
9.5887 	WARNING 	User requested fullscreen with size [1024  768], but screen is actually [1440, 900]. Using actual size
10.2574 	EXP 	Created window1 = Window(allowGUI=False, allowStencil=False, args=UNKNOWN, autoLog=True, bitsMode=UNKNOWN, blendMode='avg', color=array([0., 0., 0.]), colorSpace='rgb', fullscr=<method-wrapper '__getattribute__' of attributeSetter object at 0x11106ddd8>, gamma=None, kwargs=UNKNOWN, lms=UNKNOWN, monitor=<psychopy.monitors.calibTools.Monitor object at 0x1134d7400>, multiSample=False, name='window1', numSamples=2, pos=[0.0, 0.0], screen=0, size=array([2880, 1800]), stereo=False, units='norm', useFBO=True, useRetina=True, viewOri=0.0, viewPos=None, viewScale=None, waitBlanking=True, winType='pyglet')
10.2574 	EXP 	window1: recordFrameIntervals = False
10.4232 	EXP 	window1: recordFrameIntervals = True
10.6067 	EXP 	window1: recordFrameIntervals = False
10.7374 	EXP 	Created insRound1 = TextStim(__class__=<class 'psychopy.visual.text.TextStim'>, alignHoriz='center', alignVert='center', antialias=True, autoLog=True, bold=False, color='white', colorSpace='named', contrast=1.0, depth=0.0, flipHoriz=False, flipVert=False, font='Arial', fontFiles=[], height=0.07, italic=False, languageStyle='LTR', name='insRound1', opacity=1.0, ori=0, pos=array([0., 0.]), rgb=array([255., 255., 255.]), text=str(...), units='norm', win=Window(...), wrapWidth=1)
10.7471 	EXP 	Created text = TextStim(__class__=<class 'psychopy.visual.text.TextStim'>, alignHoriz='center', alignVert='center', antialias=True, autoLog=True, bold=False, color='white', colorSpace='named', contrast=1.0, depth=0.0, flipHoriz=False, flipVert=False, font='Arial', fontFiles=[], height=0.1, italic=False, languageStyle='LTR', name='text', opacity=1.0, ori=0, pos=array([0., 0.]), rgb=array([255., 255., 255.]), text='Block 1 starts\n\nPress space', units='norm', win=Window(...), wrapWidth=1)
10.7574 	EXP 	Created firstcircle_3 = Polygon(__class__=<class 'psychopy.visual.polygon.Polygon'>, autoDraw=False, autoLog=True, closeShape=True, color=method-wrapper(...), colorSpace=None, contrast=1.0, depth=0.0, fillColor=array([1., 1., 1.]), fillColorSpace='rgb', fillRGB=array([1., 1., 1.]), interpolate=True, lineColor=array([1., 1., 1.]), lineColorSpace='rgb', lineRGB=array([1., 1., 1.]), lineWidth=1, name='firstcircle_3', opacity=1.0, ori=array(0.), pos=array([0., 0.]), size=array([0.3, 0.5]), units='norm', vertices=ndarray(...), win=Window(...))
10.7604 	EXP 	Created text_3 = TextStim(__class__=<class 'psychopy.visual.text.TextStim'>, alignHoriz='center', alignVert='center', antialias=True, autoLog=True, bold=False, color='white', colorSpace='named', contrast=1.0, depth=-2.0, flipHoriz=False, flipVert=False, font='Arial', fontFiles=[], height=0.1, italic=False, languageStyle='LTR', name='text_3', opacity=1.0, ori=0, pos=array([0., 0.]), rgb=array([255., 255., 255.]), text='+', units='norm', win=Window(...), wrapWidth=1)
10.7628 	EXP 	Created secondcircle = Polygon(__class__=<class 'psychopy.visual.polygon.Polygon'>, autoDraw=False, autoLog=True, closeShape=True, color=method-wrapper(...), colorSpace=None, contrast=1.0, depth=-3.0, fillColor=array([-1., -1., -1.]), fillColorSpace='rgb', fillRGB=array([-1., -1., -1.]), interpolate=True, lineColor=array([-1., -1., -1.]), lineColorSpace='rgb', lineRGB=array([-1., -1., -1.]), lineWidth=1, name='secondcircle', opacity=1.0, ori=array(0.), pos=array([0., 0.]), size=array([0.3, 0.5]), units='norm', vertices=ndarray(...), win=Window(...))
10.7659 	EXP 	Created text_4 = TextStim(__class__=<class 'psychopy.visual.text.TextStim'>, alignHoriz='center', alignVert='center', antialias=True, autoLog=True, bold=False, color='white', colorSpace='named', contrast=1.0, depth=-4.0, flipHoriz=False, flipVert=False, font='Arial', fontFiles=[], height=0.1, italic=False, languageStyle='LTR', name='text_4', opacity=1.0, ori=0, pos=array([0., 0.]), rgb=array([255., 255., 255.]), text='next', units='norm', win=Window(...), wrapWidth=1)
10.7717 	EXP 	Created text_5 = TextStim(__class__=<class 'psychopy.visual.text.TextStim'>, alignHoriz='center', alignVert='center', antialias=True, autoLog=True, bold=False, color='white', colorSpace='named', contrast=1.0, depth=0.0, flipHoriz=False, flipVert=False, font='Arial', fontFiles=[], height=0.1, italic=False, languageStyle='LTR', name='text_5', opacity=1.0, ori=0, pos=array([0., 0.]), rgb=array([255., 255., 255.]), text='Block 2 starts\n\nPress space', units='norm', win=Window(...), wrapWidth=1)
10.7742 	EXP 	Created firstcircle_3 = Polygon(__class__=<class 'psychopy.visual.polygon.Polygon'>, autoDraw=False, autoLog=True, closeShape=True, color=method-wrapper(...), colorSpace=None, contrast=1.0, depth=0.0, fillColor=array([1., 1., 1.]), fillColorSpace='rgb', fillRGB=array([1., 1., 1.]), interpolate=True, lineColor=array([1., 1., 1.]), lineColorSpace='rgb', lineRGB=array([1., 1., 1.]), lineWidth=1, name='firstcircle_3', opacity=1.0, ori=array(0.), pos=array([0., 0.]), size=array([0.3, 0.5]), units='norm', vertices=ndarray(...), win=Window(...))
10.7762 	EXP 	Created text_3 = TextStim(__class__=<class 'psychopy.visual.text.TextStim'>, alignHoriz='center', alignVert='center', antialias=True, autoLog=True, bold=False, color='white', colorSpace='named', contrast=1.0, depth=-2.0, flipHoriz=False, flipVert=False, font='Arial', fontFiles=[], height=0.1, italic=False, languageStyle='LTR', name='text_3', opacity=1.0, ori=0, pos=array([0., 0.]), rgb=array([255., 255., 255.]), text='+', units='norm', win=Window(...), wrapWidth=1)
10.7786 	EXP 	Created secondcircle = Polygon(__class__=<class 'psychopy.visual.polygon.Polygon'>, autoDraw=False, autoLog=True, closeShape=True, color=method-wrapper(...), colorSpace=None, contrast=1.0, depth=-3.0, fillColor=array([-1., -1., -1.]), fillColorSpace='rgb', fillRGB=array([-1., -1., -1.]), interpolate=True, lineColor=array([-1., -1., -1.]), lineColorSpace='rgb', lineRGB=array([-1., -1., -1.]), lineWidth=1, name='secondcircle', opacity=1.0, ori=array(0.), pos=array([0., 0.]), size=array([0.3, 0.5]), units='norm', vertices=ndarray(...), win=Window(...))
10.7809 	EXP 	Created text_4 = TextStim(__class__=<class 'psychopy.visual.text.TextStim'>, alignHoriz='center', alignVert='center', antialias=True, autoLog=True, bold=False, color='white', colorSpace='named', contrast=1.0, depth=-4.0, flipHoriz=False, flipVert=False, font='Arial', fontFiles=[], height=0.1, italic=False, languageStyle='LTR', name='text_4', opacity=1.0, ori=0, pos=array([0., 0.]), rgb=array([255., 255., 255.]), text='next', units='norm', win=Window(...), wrapWidth=1)
10.7868 	EXP 	Created text_6 = TextStim(__class__=<class 'psychopy.visual.text.TextStim'>, alignHoriz='center', alignVert='center', antialias=True, autoLog=True, bold=False, color='white', colorSpace='named', contrast=1.0, depth=0.0, flipHoriz=False, flipVert=False, font='Arial', fontFiles=[], height=0.1, italic=False, languageStyle='LTR', name='text_6', opacity=1.0, ori=0, pos=array([0., 0.]), rgb=array([255., 255., 255.]), text='Block 3 starts\n\nPress space', units='norm', win=Window(...), wrapWidth=1)
10.7893 	EXP 	Created firstcircle_3 = Polygon(__class__=<class 'psychopy.visual.polygon.Polygon'>, autoDraw=False, autoLog=True, closeShape=True, color=method-wrapper(...), colorSpace=None, contrast=1.0, depth=0.0, fillColor=array([1., 1., 1.]), fillColorSpace='rgb', fillRGB=array([1., 1., 1.]), interpolate=True, lineColor=array([1., 1., 1.]), lineColorSpace='rgb', lineRGB=array([1., 1., 1.]), lineWidth=1, name='firstcircle_3', opacity=1.0, ori=array(0.), pos=array([0., 0.]), size=array([0.3, 0.5]), units='norm', vertices=ndarray(...), win=Window(...))
10.7913 	EXP 	Created text_3 = TextStim(__class__=<class 'psychopy.visual.text.TextStim'>, alignHoriz='center', alignVert='center', antialias=True, autoLog=True, bold=False, color='white', colorSpace='named', contrast=1.0, depth=-2.0, flipHoriz=False, flipVert=False, font='Arial', fontFiles=[], height=0.1, italic=False, languageStyle='LTR', name='text_3', opacity=1.0, ori=0, pos=array([0., 0.]), rgb=array([255., 255., 255.]), text='+', units='norm', win=Window(...), wrapWidth=1)
10.7939 	EXP 	Created secondcircle = Polygon(__class__=<class 'psychopy.visual.polygon.Polygon'>, autoDraw=False, autoLog=True, closeShape=True, color=method-wrapper(...), colorSpace=None, contrast=1.0, depth=-3.0, fillColor=array([-1., -1., -1.]), fillColorSpace='rgb', fillRGB=array([-1., -1., -1.]), interpolate=True, lineColor=array([-1., -1., -1.]), lineColorSpace='rgb', lineRGB=array([-1., -1., -1.]), lineWidth=1, name='secondcircle', opacity=1.0, ori=array(0.), pos=array([0., 0.]), size=array([0.3, 0.5]), units='norm', vertices=ndarray(...), win=Window(...))
10.7961 	EXP 	Created text_4 = TextStim(__class__=<class 'psychopy.visual.text.TextStim'>, alignHoriz='center', alignVert='center', antialias=True, autoLog=True, bold=False, color='white', colorSpace='named', contrast=1.0, depth=-4.0, flipHoriz=False, flipVert=False, font='Arial', fontFiles=[], height=0.1, italic=False, languageStyle='LTR', name='text_4', opacity=1.0, ori=0, pos=array([0., 0.]), rgb=array([255., 255., 255.]), text='next', units='norm', win=Window(...), wrapWidth=1)
10.8019 	EXP 	Created text_7 = TextStim(__class__=<class 'psychopy.visual.text.TextStim'>, alignHoriz='center', alignVert='center', antialias=True, autoLog=True, bold=False, color='white', colorSpace='named', contrast=1.0, depth=0.0, flipHoriz=False, flipVert=False, font='Arial', fontFiles=[], height=0.1, italic=False, languageStyle='LTR', name='text_7', opacity=1.0, ori=0, pos=array([0., 0.]), rgb=array([255., 255., 255.]), text='Block 4 starts\n\nPress space', units='norm', win=Window(...), wrapWidth=1)
10.8046 	EXP 	Created firstcircle_3 = Polygon(__class__=<class 'psychopy.visual.polygon.Polygon'>, autoDraw=False, autoLog=True, closeShape=True, color=method-wrapper(...), colorSpace=None, contrast=1.0, depth=0.0, fillColor=array([1., 1., 1.]), fillColorSpace='rgb', fillRGB=array([1., 1., 1.]), interpolate=True, lineColor=array([1., 1., 1.]), lineColorSpace='rgb', lineRGB=array([1., 1., 1.]), lineWidth=1, name='firstcircle_3', opacity=1.0, ori=array(0.), pos=array([0., 0.]), size=array([0.3, 0.5]), units='norm', vertices=ndarray(...), win=Window(...))
10.8068 	EXP 	Created text_3 = TextStim(__class__=<class 'psychopy.visual.text.TextStim'>, alignHoriz='center', alignVert='center', antialias=True, autoLog=True, bold=False, color='white', colorSpace='named', contrast=1.0, depth=-2.0, flipHoriz=False, flipVert=False, font='Arial', fontFiles=[], height=0.1, italic=False, languageStyle='LTR', name='text_3', opacity=1.0, ori=0, pos=array([0., 0.]), rgb=array([255., 255., 255.]), text='+', units='norm', win=Window(...), wrapWidth=1)
10.8092 	EXP 	Created secondcircle = Polygon(__class__=<class 'psychopy.visual.polygon.Polygon'>, autoDraw=False, autoLog=True, closeShape=True, color=method-wrapper(...), colorSpace=None, contrast=1.0, depth=-3.0, fillColor=array([-1., -1., -1.]), fillColorSpace='rgb', fillRGB=array([-1., -1., -1.]), interpolate=True, lineColor=array([-1., -1., -1.]), lineColorSpace='rgb', lineRGB=array([-1., -1., -1.]), lineWidth=1, name='secondcircle', opacity=1.0, ori=array(0.), pos=array([0., 0.]), size=array([0.3, 0.5]), units='norm', vertices=ndarray(...), win=Window(...))
10.8114 	EXP 	Created text_4 = TextStim(__class__=<class 'psychopy.visual.text.TextStim'>, alignHoriz='center', alignVert='center', antialias=True, autoLog=True, bold=False, color='white', colorSpace='named', contrast=1.0, depth=-4.0, flipHoriz=False, flipVert=False, font='Arial', fontFiles=[], height=0.1, italic=False, languageStyle='LTR', name='text_4', opacity=1.0, ori=0, pos=array([0., 0.]), rgb=array([255., 255., 255.]), text='next', units='norm', win=Window(...), wrapWidth=1)
10.8155 	EXP 	Created text_2 = TextStim(__class__=<class 'psychopy.visual.text.TextStim'>, alignHoriz='center', alignVert='center', antialias=True, autoLog=True, bold=False, color='white', colorSpace='named', contrast=1.0, depth=0.0, flipHoriz=False, flipVert=False, font='Arial', fontFiles=[], height=0.1, italic=False, languageStyle='LTR', name='text_2', opacity=1.0, ori=0, pos=array([0., 0.]), rgb=array([255., 255., 255.]), text='The end', units='norm', win=Window(...), wrapWidth=1)
10.8398 	EXP 	insRound1: autoDraw = True
65.0763 	DATA 	Keypress: space
65.0890 	EXP 	insRound1: autoDraw = False
65.0890 	EXP 	text: autoDraw = True
67.8912 	DATA 	Keypress: space
67.9148 	EXP 	Imported conditionsTime.csv as conditions, 20 conditions, 7 params
67.9151 	EXP 	Created sequence: sequential, trialTypes=20, nReps=1, seed=None
67.9156 	EXP 	New trial (rep=0, index=0): OrderedDict([('firstTime', 1.8), ('secondTime', 1.2), ('corrAns', 'left'), ('plusStart', 2.3), ('secondStart', 3.3), ('respStart', 4.5), ('randNum', 0.17368025899999998)])
67.9224 	EXP 	text: autoDraw = False
67.9224 	EXP 	text_4: autoDraw = True
68.4223 	EXP 	text_4: autoDraw = False
68.4390 	EXP 	firstcircle_3: autoDraw = True
70.2223 	EXP 	firstcircle_3: autoDraw = False
70.2390 	EXP 	text_3: autoDraw = True
71.2223 	EXP 	text_3: autoDraw = False
71.2389 	EXP 	secondcircle: autoDraw = True
72.4223 	EXP 	secondcircle: autoDraw = False
73.1082 	DATA 	Keypress: left
73.1099 	EXP 	New trial (rep=0, index=1): OrderedDict([('firstTime', 3.6), ('secondTime', 3.2), ('corrAns', 'left'), ('plusStart', 4.1), ('secondStart', 5.1), ('respStart', 8.3), ('randNum', 0.41458448299999995)])
73.1222 	EXP 	firstcircle_3: autoDraw = False
73.1222 	EXP 	text_3: autoDraw = False
73.1222 	EXP 	secondcircle: autoDraw = False
73.1222 	EXP 	text_4: autoDraw = False
73.1222 	EXP 	text_4: autoDraw = True
73.6222 	EXP 	text_4: autoDraw = False
73.6389 	EXP 	firstcircle_3: autoDraw = True
77.2222 	EXP 	firstcircle_3: autoDraw = False
77.2389 	EXP 	text_3: autoDraw = True
78.2222 	EXP 	text_3: autoDraw = False
78.2388 	EXP 	secondcircle: autoDraw = True
81.4221 	EXP 	secondcircle: autoDraw = False
81.9407 	DATA 	Keypress: right
81.9421 	EXP 	New trial (rep=0, index=2): OrderedDict([('firstTime', 2.5), ('secondTime', 1.5), ('corrAns', 'left'), ('plusStart', 3.0), ('secondStart', 4.0), ('respStart', 5.5), ('randNum', 0.148607464)])
81.9556 	EXP 	firstcircle_3: autoDraw = False
81.9556 	EXP 	text_3: autoDraw = False
81.9556 	EXP 	secondcircle: autoDraw = False
81.9556 	EXP 	text_4: autoDraw = False
81.9556 	EXP 	text_4: autoDraw = True
82.4555 	EXP 	text_4: autoDraw = False
82.4721 	EXP 	firstcircle_3: autoDraw = True
84.9554 	EXP 	firstcircle_3: autoDraw = False
84.9721 	EXP 	text_3: autoDraw = True
85.9554 	EXP 	text_3: autoDraw = False
85.9721 	EXP 	secondcircle: autoDraw = True
87.4554 	EXP 	secondcircle: autoDraw = False
88.2073 	DATA 	Keypress: left
88.2087 	EXP 	New trial (rep=0, index=3): OrderedDict([('firstTime', 1.8), ('secondTime', 2.7), ('corrAns', 'right'), ('plusStart', 2.3), ('secondStart', 3.3), ('respStart', 6.0), ('randNum', 0.13554984)])
88.2221 	EXP 	firstcircle_3: autoDraw = False
88.2221 	EXP 	text_3: autoDraw = False
88.2221 	EXP 	secondcircle: autoDraw = False
88.2221 	EXP 	text_4: autoDraw = False
88.2221 	EXP 	text_4: autoDraw = True
88.7220 	EXP 	text_4: autoDraw = False
88.7388 	EXP 	firstcircle_3: autoDraw = True
90.5220 	EXP 	firstcircle_3: autoDraw = False
90.5387 	EXP 	text_3: autoDraw = True
91.5220 	EXP 	text_3: autoDraw = False
91.5387 	EXP 	secondcircle: autoDraw = True
94.2220 	EXP 	secondcircle: autoDraw = False
94.9405 	DATA 	Keypress: right
94.9419 	EXP 	New trial (rep=0, index=4): OrderedDict([('firstTime', 1.2), ('secondTime', 1.8), ('corrAns', 'right'), ('plusStart', 1.7), ('secondStart', 2.7), ('respStart', 4.5), ('randNum', 0.309174352)])
94.9554 	EXP 	firstcircle_3: autoDraw = False
94.9554 	EXP 	text_3: autoDraw = False
94.9554 	EXP 	secondcircle: autoDraw = False
94.9554 	EXP 	text_4: autoDraw = False
94.9554 	EXP 	text_4: autoDraw = True
95.4553 	EXP 	text_4: autoDraw = False
95.4720 	EXP 	firstcircle_3: autoDraw = True
96.6553 	EXP 	firstcircle_3: autoDraw = False
96.6719 	EXP 	text_3: autoDraw = True
97.6553 	EXP 	text_3: autoDraw = False
97.6719 	EXP 	secondcircle: autoDraw = True
99.4552 	EXP 	secondcircle: autoDraw = False
100.2406 	DATA 	Keypress: right
100.2419 	EXP 	New trial (rep=0, index=5): OrderedDict([('firstTime', 8.8), ('secondTime', 9.9), ('corrAns', 'right'), ('plusStart', 9.3), ('secondStart', 10.3), ('respStart', 20.2), ('randNum', 0.7009299529999999)])
100.2553 	EXP 	firstcircle_3: autoDraw = False
100.2553 	EXP 	text_3: autoDraw = False
100.2553 	EXP 	secondcircle: autoDraw = False
100.2553 	EXP 	text_4: autoDraw = False
100.2553 	EXP 	text_4: autoDraw = True
100.7552 	EXP 	text_4: autoDraw = False
100.7719 	EXP 	firstcircle_3: autoDraw = True
109.5551 	EXP 	firstcircle_3: autoDraw = False
109.5718 	EXP 	text_3: autoDraw = True
110.5551 	EXP 	text_3: autoDraw = False
110.5717 	EXP 	secondcircle: autoDraw = True
120.4549 	EXP 	secondcircle: autoDraw = False
121.1236 	DATA 	Keypress: right
121.1250 	EXP 	New trial (rep=0, index=6): OrderedDict([('firstTime', 3.3), ('secondTime', 4.4), ('corrAns', 'right'), ('plusStart', 3.8), ('secondStart', 4.8), ('respStart', 9.2), ('randNum', 0.705723743)])
121.1383 	EXP 	firstcircle_3: autoDraw = False
121.1383 	EXP 	text_3: autoDraw = False
121.1383 	EXP 	secondcircle: autoDraw = False
121.1383 	EXP 	text_4: autoDraw = False
121.1383 	EXP 	text_4: autoDraw = True
121.6383 	EXP 	text_4: autoDraw = False
121.6549 	EXP 	firstcircle_3: autoDraw = True
124.9382 	EXP 	firstcircle_3: autoDraw = False
124.9549 	EXP 	text_3: autoDraw = True
125.9382 	EXP 	text_3: autoDraw = False
125.9549 	EXP 	secondcircle: autoDraw = True
130.3382 	EXP 	secondcircle: autoDraw = False
130.8403 	DATA 	Keypress: right
130.8417 	EXP 	New trial (rep=0, index=7): OrderedDict([('firstTime', 3.5), ('secondTime', 2.1), ('corrAns', 'left'), ('plusStart', 4.0), ('secondStart', 5.0), ('respStart', 7.1), ('randNum', 0.544523215)])
130.8549 	EXP 	firstcircle_3: autoDraw = False
130.8549 	EXP 	text_3: autoDraw = False
130.8549 	EXP 	secondcircle: autoDraw = False
130.8549 	EXP 	text_4: autoDraw = False
130.8549 	EXP 	text_4: autoDraw = True
131.3548 	EXP 	text_4: autoDraw = False
131.3715 	EXP 	firstcircle_3: autoDraw = True
134.8547 	EXP 	firstcircle_3: autoDraw = False
134.8714 	EXP 	text_3: autoDraw = True
135.8548 	EXP 	text_3: autoDraw = False
135.8714 	EXP 	secondcircle: autoDraw = True
137.9547 	EXP 	secondcircle: autoDraw = False
138.5568 	DATA 	Keypress: left
138.5582 	EXP 	New trial (rep=0, index=8): OrderedDict([('firstTime', 1.4), ('secondTime', 0.7), ('corrAns', 'left'), ('plusStart', 1.9), ('secondStart', 2.9), ('respStart', 3.6), ('randNum', 0.53553232)])
138.5714 	EXP 	firstcircle_3: autoDraw = False
138.5714 	EXP 	text_3: autoDraw = False
138.5714 	EXP 	secondcircle: autoDraw = False
138.5714 	EXP 	text_4: autoDraw = False
138.5714 	EXP 	text_4: autoDraw = True
139.0714 	EXP 	text_4: autoDraw = False
139.0880 	EXP 	firstcircle_3: autoDraw = True
140.4713 	EXP 	firstcircle_3: autoDraw = False
140.4880 	EXP 	text_3: autoDraw = True
141.4713 	EXP 	text_3: autoDraw = False
141.4880 	EXP 	secondcircle: autoDraw = True
142.1713 	EXP 	secondcircle: autoDraw = False
143.0904 	DATA 	Keypress: left
143.1063 	EXP 	New trial (rep=0, index=9): OrderedDict([('firstTime', 4.4), ('secondTime', 3.3), ('corrAns', 'left'), ('plusStart', 4.9), ('secondStart', 5.9), ('respStart', 9.2), ('randNum', 0.255641654)])
143.1213 	EXP 	firstcircle_3: autoDraw = False
143.1213 	EXP 	text_3: autoDraw = False
143.1213 	EXP 	secondcircle: autoDraw = False
143.1213 	EXP 	text_4: autoDraw = False
143.1213 	EXP 	text_4: autoDraw = True
143.6213 	EXP 	text_4: autoDraw = False
143.6380 	EXP 	firstcircle_3: autoDraw = True
148.0212 	EXP 	firstcircle_3: autoDraw = False
148.0379 	EXP 	text_3: autoDraw = True
149.0212 	EXP 	text_3: autoDraw = False
149.0379 	EXP 	secondcircle: autoDraw = True
152.3212 	EXP 	secondcircle: autoDraw = False
153.1898 	DATA 	Keypress: right
153.1912 	EXP 	New trial (rep=0, index=10): OrderedDict([('firstTime', 3.2), ('secondTime', 3.6), ('corrAns', 'right'), ('plusStart', 3.7), ('secondStart', 4.7), ('respStart', 8.3), ('randNum', 0.140100939)])
153.2045 	EXP 	firstcircle_3: autoDraw = False
153.2045 	EXP 	text_3: autoDraw = False
153.2045 	EXP 	secondcircle: autoDraw = False
153.2045 	EXP 	text_4: autoDraw = False
153.2045 	EXP 	text_4: autoDraw = True
153.7045 	EXP 	text_4: autoDraw = False
153.7212 	EXP 	firstcircle_3: autoDraw = True
156.9045 	EXP 	firstcircle_3: autoDraw = False
156.9211 	EXP 	text_3: autoDraw = True
157.9044 	EXP 	text_3: autoDraw = False
157.9211 	EXP 	secondcircle: autoDraw = True
161.5044 	EXP 	secondcircle: autoDraw = False
163.7236 	DATA 	Keypress: left
163.7393 	EXP 	New trial (rep=0, index=11): OrderedDict([('firstTime', 2.8), ('secondTime', 2.1), ('corrAns', 'left'), ('plusStart', 3.3), ('secondStart', 4.3), ('respStart', 6.4), ('randNum', 0.019093293)])
163.7543 	EXP 	firstcircle_3: autoDraw = False
163.7543 	EXP 	text_3: autoDraw = False
163.7543 	EXP 	secondcircle: autoDraw = False
163.7543 	EXP 	text_4: autoDraw = False
163.7543 	EXP 	text_4: autoDraw = True
164.2543 	EXP 	text_4: autoDraw = False
164.2710 	EXP 	firstcircle_3: autoDraw = True
167.0543 	EXP 	firstcircle_3: autoDraw = False
167.0710 	EXP 	text_3: autoDraw = True
168.0543 	EXP 	text_3: autoDraw = False
168.0710 	EXP 	secondcircle: autoDraw = True
170.1543 	EXP 	secondcircle: autoDraw = False
171.1229 	DATA 	Keypress: left
171.1243 	EXP 	New trial (rep=0, index=12): OrderedDict([('firstTime', 0.9), ('secondTime', 1.8), ('corrAns', 'right'), ('plusStart', 1.4), ('secondStart', 2.4), ('respStart', 4.2), ('randNum', 0.461070472)])
171.1376 	EXP 	firstcircle_3: autoDraw = False
171.1376 	EXP 	text_3: autoDraw = False
171.1376 	EXP 	secondcircle: autoDraw = False
171.1376 	EXP 	text_4: autoDraw = False
171.1376 	EXP 	text_4: autoDraw = True
171.6376 	EXP 	text_4: autoDraw = False
171.6543 	EXP 	firstcircle_3: autoDraw = True
172.5376 	EXP 	firstcircle_3: autoDraw = False
172.5542 	EXP 	text_3: autoDraw = True
173.5376 	EXP 	text_3: autoDraw = False
173.5542 	EXP 	secondcircle: autoDraw = True
175.3375 	EXP 	secondcircle: autoDraw = False
176.0229 	DATA 	Keypress: right
176.0243 	EXP 	New trial (rep=0, index=13): OrderedDict([('firstTime', 2.1), ('secondTime', 2.8), ('corrAns', 'right'), ('plusStart', 2.6), ('secondStart', 3.6), ('respStart', 6.4), ('randNum', 0.22761601199999998)])
176.0375 	EXP 	firstcircle_3: autoDraw = False
176.0375 	EXP 	text_3: autoDraw = False
176.0375 	EXP 	secondcircle: autoDraw = False
176.0375 	EXP 	text_4: autoDraw = False
176.0375 	EXP 	text_4: autoDraw = True
176.5375 	EXP 	text_4: autoDraw = False
176.5542 	EXP 	firstcircle_3: autoDraw = True
178.6375 	EXP 	firstcircle_3: autoDraw = False
178.6542 	EXP 	text_3: autoDraw = True
179.6375 	EXP 	text_3: autoDraw = False
179.6541 	EXP 	secondcircle: autoDraw = True
182.4374 	EXP 	secondcircle: autoDraw = False
183.0895 	DATA 	Keypress: right
183.0909 	EXP 	New trial (rep=0, index=14): OrderedDict([('firstTime', 0.7), ('secondTime', 1.4), ('corrAns', 'right'), ('plusStart', 1.2), ('secondStart', 2.2), ('respStart', 3.6), ('randNum', 0.436550891)])
183.1041 	EXP 	firstcircle_3: autoDraw = False
183.1041 	EXP 	text_3: autoDraw = False
183.1041 	EXP 	secondcircle: autoDraw = False
183.1041 	EXP 	text_4: autoDraw = False
183.1041 	EXP 	text_4: autoDraw = True
183.6041 	EXP 	text_4: autoDraw = False
183.6208 	EXP 	firstcircle_3: autoDraw = True
184.3041 	EXP 	firstcircle_3: autoDraw = False
184.3208 	EXP 	text_3: autoDraw = True
185.3041 	EXP 	text_3: autoDraw = False
185.3208 	EXP 	secondcircle: autoDraw = True
186.7040 	EXP 	secondcircle: autoDraw = False
187.8228 	DATA 	Keypress: left
187.8242 	EXP 	New trial (rep=0, index=15): OrderedDict([('firstTime', 1.8), ('secondTime', 0.9), ('corrAns', 'left'), ('plusStart', 2.3), ('secondStart', 3.3), ('respStart', 4.2), ('randNum', 0.028891147000000002)])
187.8374 	EXP 	firstcircle_3: autoDraw = False
187.8374 	EXP 	text_3: autoDraw = False
187.8374 	EXP 	secondcircle: autoDraw = False
187.8374 	EXP 	text_4: autoDraw = False
187.8374 	EXP 	text_4: autoDraw = True
188.3374 	EXP 	text_4: autoDraw = False
188.3540 	EXP 	firstcircle_3: autoDraw = True
190.1373 	EXP 	firstcircle_3: autoDraw = False
190.1540 	EXP 	text_3: autoDraw = True
191.1373 	EXP 	text_3: autoDraw = False
191.1540 	EXP 	secondcircle: autoDraw = True
192.0373 	EXP 	secondcircle: autoDraw = False
192.7392 	DATA 	Keypress: left
192.7406 	EXP 	New trial (rep=0, index=16): OrderedDict([('firstTime', 2.7), ('secondTime', 1.8), ('corrAns', 'left'), ('plusStart', 3.2), ('secondStart', 4.2), ('respStart', 6.0), ('randNum', 0.277400549)])
192.7540 	EXP 	firstcircle_3: autoDraw = False
192.7540 	EXP 	text_3: autoDraw = False
192.7540 	EXP 	secondcircle: autoDraw = False
192.7540 	EXP 	text_4: autoDraw = False
192.7540 	EXP 	text_4: autoDraw = True
193.2540 	EXP 	text_4: autoDraw = False
193.2707 	EXP 	firstcircle_3: autoDraw = True
195.9539 	EXP 	firstcircle_3: autoDraw = False
195.9706 	EXP 	text_3: autoDraw = True
196.9539 	EXP 	text_3: autoDraw = False
196.9706 	EXP 	secondcircle: autoDraw = True
198.7539 	EXP 	secondcircle: autoDraw = False
200.0225 	DATA 	Keypress: right
200.0239 	EXP 	New trial (rep=0, index=17): OrderedDict([('firstTime', 9.9), ('secondTime', 8.8), ('corrAns', 'left'), ('plusStart', 10.4), ('secondStart', 11.4), ('respStart', 20.2), ('randNum', 0.9607848720000001)])
200.0372 	EXP 	firstcircle_3: autoDraw = False
200.0372 	EXP 	text_3: autoDraw = False
200.0372 	EXP 	secondcircle: autoDraw = False
200.0372 	EXP 	text_4: autoDraw = False
200.0372 	EXP 	text_4: autoDraw = True
200.5372 	EXP 	text_4: autoDraw = False
200.5539 	EXP 	firstcircle_3: autoDraw = True
210.4371 	EXP 	firstcircle_3: autoDraw = False
210.4537 	EXP 	text_3: autoDraw = True
211.2723 	DATA 	Keypress: left
211.4371 	EXP 	text_3: autoDraw = False
211.4537 	EXP 	secondcircle: autoDraw = True
220.2369 	EXP 	secondcircle: autoDraw = False
220.6056 	DATA 	Keypress: right
220.6070 	EXP 	New trial (rep=0, index=18): OrderedDict([('firstTime', 2.1), ('secondTime', 3.5), ('corrAns', 'right'), ('plusStart', 2.6), ('secondStart', 3.6), ('respStart', 7.1), ('randNum', 0.609327094)])
220.6202 	EXP 	firstcircle_3: autoDraw = False
220.6202 	EXP 	text_3: autoDraw = False
220.6202 	EXP 	secondcircle: autoDraw = False
220.6202 	EXP 	text_4: autoDraw = False
220.6202 	EXP 	text_4: autoDraw = True
221.1202 	EXP 	text_4: autoDraw = False
221.1369 	EXP 	firstcircle_3: autoDraw = True
223.2202 	EXP 	firstcircle_3: autoDraw = False
223.2369 	EXP 	text_3: autoDraw = True
224.2202 	EXP 	text_3: autoDraw = False
224.2369 	EXP 	secondcircle: autoDraw = True
227.7202 	EXP 	secondcircle: autoDraw = False
229.0387 	DATA 	Keypress: right
229.0400 	EXP 	New trial (rep=0, index=19): OrderedDict([('firstTime', 1.5), ('secondTime', 2.5), ('corrAns', 'right'), ('plusStart', 2.0), ('secondStart', 3.0), ('respStart', 5.5), ('randNum', 0.487304505)])
229.0535 	EXP 	firstcircle_3: autoDraw = False
229.0535 	EXP 	text_3: autoDraw = False
229.0535 	EXP 	secondcircle: autoDraw = False
229.0535 	EXP 	text_4: autoDraw = False
229.0535 	EXP 	text_4: autoDraw = True
229.5535 	EXP 	text_4: autoDraw = False
229.5701 	EXP 	firstcircle_3: autoDraw = True
231.0534 	EXP 	firstcircle_3: autoDraw = False
231.0701 	EXP 	text_3: autoDraw = True
232.0534 	EXP 	text_3: autoDraw = False
232.0701 	EXP 	secondcircle: autoDraw = True
234.5534 	EXP 	secondcircle: autoDraw = False
235.4719 	DATA 	Keypress: left
235.4867 	EXP 	firstcircle_3: autoDraw = False
235.4867 	EXP 	text_3: autoDraw = False
235.4867 	EXP 	secondcircle: autoDraw = False
235.4867 	EXP 	text_4: autoDraw = False
235.4867 	EXP 	text_5: autoDraw = True
237.5223 	DATA 	Keypress: space
237.5282 	EXP 	Imported conditionsTime2.csv as conditions, 20 conditions, 7 params
237.5285 	EXP 	Created sequence: sequential, trialTypes=20, nReps=1, seed=None
237.5289 	EXP 	New trial (rep=0, index=0): OrderedDict([('firstTime', 9.9), ('secondTime', 8.8), ('corrAns', 'left'), ('plusStart', 10.4), ('secondStart', 11.4), ('respStart', 20.2), ('randNum', 0.6005130679999999)])
237.5368 	EXP 	text_5: autoDraw = False
237.5368 	EXP 	text_4: autoDraw = True
238.0367 	EXP 	text_4: autoDraw = False
238.0534 	EXP 	firstcircle_3: autoDraw = True
241.9719 	DATA 	Keypress: left
247.9366 	EXP 	firstcircle_3: autoDraw = False
247.9532 	EXP 	text_3: autoDraw = True
248.9365 	EXP 	text_3: autoDraw = False
248.9532 	EXP 	secondcircle: autoDraw = True
257.7364 	EXP 	secondcircle: autoDraw = False
258.1548 	DATA 	Keypress: right
258.1564 	EXP 	New trial (rep=0, index=1): OrderedDict([('firstTime', 1.5), ('secondTime', 2.5), ('corrAns', 'right'), ('plusStart', 2.0), ('secondStart', 3.0), ('respStart', 5.5), ('randNum', 0.805142221)])
258.1697 	EXP 	firstcircle_3: autoDraw = False
258.1697 	EXP 	text_3: autoDraw = False
258.1697 	EXP 	secondcircle: autoDraw = False
258.1697 	EXP 	text_4: autoDraw = False
258.1697 	EXP 	text_4: autoDraw = True
258.6697 	EXP 	text_4: autoDraw = False
258.6864 	EXP 	firstcircle_3: autoDraw = True
260.1697 	EXP 	firstcircle_3: autoDraw = False
260.1864 	EXP 	text_3: autoDraw = True
261.1697 	EXP 	text_3: autoDraw = False
261.1864 	EXP 	secondcircle: autoDraw = True
263.6697 	EXP 	secondcircle: autoDraw = False
264.7050 	DATA 	Keypress: right
264.7066 	EXP 	New trial (rep=0, index=2): OrderedDict([('firstTime', 0.7), ('secondTime', 1.4), ('corrAns', 'right'), ('plusStart', 1.2), ('secondStart', 2.2), ('respStart', 3.6), ('randNum', 0.70587608)])
264.7197 	EXP 	firstcircle_3: autoDraw = False
264.7197 	EXP 	text_3: autoDraw = False
264.7197 	EXP 	secondcircle: autoDraw = False
264.7197 	EXP 	text_4: autoDraw = False
264.7197 	EXP 	text_4: autoDraw = True
265.2197 	EXP 	text_4: autoDraw = False
265.2363 	EXP 	firstcircle_3: autoDraw = True
265.9197 	EXP 	firstcircle_3: autoDraw = False
265.9363 	EXP 	text_3: autoDraw = True
266.9196 	EXP 	text_3: autoDraw = False
266.9363 	EXP 	secondcircle: autoDraw = True
268.3196 	EXP 	secondcircle: autoDraw = False
269.1392 	DATA 	Keypress: right
269.1546 	EXP 	New trial (rep=0, index=3): OrderedDict([('firstTime', 1.2), ('secondTime', 1.8), ('corrAns', 'right'), ('plusStart', 1.7), ('secondStart', 2.7), ('respStart', 4.5), ('randNum', 0.276216099)])
269.1696 	EXP 	firstcircle_3: autoDraw = False
269.1696 	EXP 	text_3: autoDraw = False
269.1696 	EXP 	secondcircle: autoDraw = False
269.1696 	EXP 	text_4: autoDraw = False
269.1696 	EXP 	text_4: autoDraw = True
269.6696 	EXP 	text_4: autoDraw = False
269.6863 	EXP 	firstcircle_3: autoDraw = True
270.8696 	EXP 	firstcircle_3: autoDraw = False
270.8862 	EXP 	text_3: autoDraw = True
271.8696 	EXP 	text_3: autoDraw = False
271.8862 	EXP 	secondcircle: autoDraw = True
273.6695 	EXP 	secondcircle: autoDraw = False
274.6215 	DATA 	Keypress: right
274.6230 	EXP 	New trial (rep=0, index=4): OrderedDict([('firstTime', 3.3), ('secondTime', 4.4), ('corrAns', 'right'), ('plusStart', 3.8), ('secondStart', 4.8), ('respStart', 9.2), ('randNum', 0.803512663)])
274.6362 	EXP 	firstcircle_3: autoDraw = False
274.6362 	EXP 	text_3: autoDraw = False
274.6362 	EXP 	secondcircle: autoDraw = False
274.6362 	EXP 	text_4: autoDraw = False
274.6362 	EXP 	text_4: autoDraw = True
275.1362 	EXP 	text_4: autoDraw = False
275.1529 	EXP 	firstcircle_3: autoDraw = True
278.4361 	EXP 	firstcircle_3: autoDraw = False
278.4528 	EXP 	text_3: autoDraw = True
279.4361 	EXP 	text_3: autoDraw = False
279.4528 	EXP 	secondcircle: autoDraw = True
283.8361 	EXP 	secondcircle: autoDraw = False
285.0714 	DATA 	Keypress: right
285.0728 	EXP 	New trial (rep=0, index=5): OrderedDict([('firstTime', 2.1), ('secondTime', 2.8), ('corrAns', 'right'), ('plusStart', 2.6), ('secondStart', 3.6), ('respStart', 6.4), ('randNum', 0.26721103399999996)])
285.0860 	EXP 	firstcircle_3: autoDraw = False
285.0860 	EXP 	text_3: autoDraw = False
285.0860 	EXP 	secondcircle: autoDraw = False
285.0860 	EXP 	text_4: autoDraw = False
285.0860 	EXP 	text_4: autoDraw = True
285.5860 	EXP 	text_4: autoDraw = False
285.6027 	EXP 	firstcircle_3: autoDraw = True
287.6860 	EXP 	firstcircle_3: autoDraw = False
287.7028 	EXP 	text_3: autoDraw = True
288.6860 	EXP 	text_3: autoDraw = False
288.7027 	EXP 	secondcircle: autoDraw = True
291.4860 	EXP 	secondcircle: autoDraw = False
292.5044 	DATA 	Keypress: left
292.5057 	EXP 	New trial (rep=0, index=6): OrderedDict([('firstTime', 2.8), ('secondTime', 2.1), ('corrAns', 'left'), ('plusStart', 3.3), ('secondStart', 4.3), ('respStart', 6.4), ('randNum', 0.1426323)])
292.5193 	EXP 	firstcircle_3: autoDraw = False
292.5193 	EXP 	text_3: autoDraw = False
292.5193 	EXP 	secondcircle: autoDraw = False
292.5193 	EXP 	text_4: autoDraw = False
292.5193 	EXP 	text_4: autoDraw = True
293.0193 	EXP 	text_4: autoDraw = False
293.0359 	EXP 	firstcircle_3: autoDraw = True
295.8192 	EXP 	firstcircle_3: autoDraw = False
295.8359 	EXP 	text_3: autoDraw = True
296.8192 	EXP 	text_3: autoDraw = False
296.8359 	EXP 	secondcircle: autoDraw = True
298.9192 	EXP 	secondcircle: autoDraw = False
299.7212 	DATA 	Keypress: left
299.7225 	EXP 	New trial (rep=0, index=7): OrderedDict([('firstTime', 2.7), ('secondTime', 1.8), ('corrAns', 'left'), ('plusStart', 3.2), ('secondStart', 4.2), ('respStart', 6.0), ('randNum', 0.15619143)])
299.7358 	EXP 	firstcircle_3: autoDraw = False
299.7358 	EXP 	text_3: autoDraw = False
299.7358 	EXP 	secondcircle: autoDraw = False
299.7358 	EXP 	text_4: autoDraw = False
299.7358 	EXP 	text_4: autoDraw = True
300.2359 	EXP 	text_4: autoDraw = False
300.2525 	EXP 	firstcircle_3: autoDraw = True
302.9358 	EXP 	firstcircle_3: autoDraw = False
302.9525 	EXP 	text_3: autoDraw = True
303.9358 	EXP 	text_3: autoDraw = False
303.9525 	EXP 	secondcircle: autoDraw = True
305.7358 	EXP 	secondcircle: autoDraw = False
306.9542 	DATA 	Keypress: left
306.9556 	EXP 	New trial (rep=0, index=8): OrderedDict([('firstTime', 8.8), ('secondTime', 9.9), ('corrAns', 'right'), ('plusStart', 9.3), ('secondStart', 10.3), ('respStart', 20.2), ('randNum', 0.549248995)])
306.9691 	EXP 	firstcircle_3: autoDraw = False
306.9691 	EXP 	text_3: autoDraw = False
306.9691 	EXP 	secondcircle: autoDraw = False
306.9691 	EXP 	text_4: autoDraw = False
306.9691 	EXP 	text_4: autoDraw = True
307.4691 	EXP 	text_4: autoDraw = False
307.4857 	EXP 	firstcircle_3: autoDraw = True
316.2690 	EXP 	firstcircle_3: autoDraw = False
316.2856 	EXP 	text_3: autoDraw = True
317.2689 	EXP 	text_3: autoDraw = False
317.2856 	EXP 	secondcircle: autoDraw = True
318.1876 	DATA 	Keypress: left
327.1688 	EXP 	secondcircle: autoDraw = False
328.3208 	DATA 	Keypress: right
328.3222 	EXP 	New trial (rep=0, index=9): OrderedDict([('firstTime', 2.5), ('secondTime', 1.5), ('corrAns', 'left'), ('plusStart', 3.0), ('secondStart', 4.0), ('respStart', 5.5), ('randNum', 0.358211186)])
328.3356 	EXP 	firstcircle_3: autoDraw = False
328.3356 	EXP 	text_3: autoDraw = False
328.3356 	EXP 	secondcircle: autoDraw = False
328.3356 	EXP 	text_4: autoDraw = False
328.3356 	EXP 	text_4: autoDraw = True
328.8355 	EXP 	text_4: autoDraw = False
328.8521 	EXP 	firstcircle_3: autoDraw = True
331.3355 	EXP 	firstcircle_3: autoDraw = False
331.3521 	EXP 	text_3: autoDraw = True
332.3354 	EXP 	text_3: autoDraw = False
332.3521 	EXP 	secondcircle: autoDraw = True
333.8354 	EXP 	secondcircle: autoDraw = False
336.7707 	DATA 	Keypress: right
336.7720 	EXP 	New trial (rep=0, index=10): OrderedDict([('firstTime', 1.8), ('secondTime', 0.9), ('corrAns', 'left'), ('plusStart', 2.3), ('secondStart', 3.3), ('respStart', 4.2), ('randNum', 0.907401646)])
336.7853 	EXP 	firstcircle_3: autoDraw = False
336.7853 	EXP 	text_3: autoDraw = False
336.7853 	EXP 	secondcircle: autoDraw = False
336.7853 	EXP 	text_4: autoDraw = False
336.7853 	EXP 	text_4: autoDraw = True
337.2853 	EXP 	text_4: autoDraw = False
337.3020 	EXP 	firstcircle_3: autoDraw = True
339.0853 	EXP 	firstcircle_3: autoDraw = False
339.1020 	EXP 	text_3: autoDraw = True
340.0853 	EXP 	text_3: autoDraw = False
340.1020 	EXP 	secondcircle: autoDraw = True
340.9853 	EXP 	secondcircle: autoDraw = False
342.2206 	DATA 	Keypress: left
342.2220 	EXP 	New trial (rep=0, index=11): OrderedDict([('firstTime', 3.2), ('secondTime', 3.6), ('corrAns', 'right'), ('plusStart', 3.7), ('secondStart', 4.7), ('respStart', 8.3), ('randNum', 0.40261677799999995)])
342.2353 	EXP 	firstcircle_3: autoDraw = False
342.2353 	EXP 	text_3: autoDraw = False
342.2353 	EXP 	secondcircle: autoDraw = False
342.2353 	EXP 	text_4: autoDraw = False
342.2353 	EXP 	text_4: autoDraw = True
342.7353 	EXP 	text_4: autoDraw = False
342.7374 	DATA 	Keypress: left
342.7519 	EXP 	firstcircle_3: autoDraw = True
345.9352 	EXP 	firstcircle_3: autoDraw = False
345.9519 	EXP 	text_3: autoDraw = True
346.9352 	EXP 	text_3: autoDraw = False
346.9519 	EXP 	secondcircle: autoDraw = True
350.5352 	EXP 	secondcircle: autoDraw = False
351.1871 	DATA 	Keypress: right
351.1885 	EXP 	New trial (rep=0, index=12): OrderedDict([('firstTime', 2.1), ('secondTime', 3.5), ('corrAns', 'right'), ('plusStart', 2.6), ('secondStart', 3.6), ('respStart', 7.1), ('randNum', 0.699018652)])
351.2018 	EXP 	firstcircle_3: autoDraw = False
351.2018 	EXP 	text_3: autoDraw = False
351.2018 	EXP 	secondcircle: autoDraw = False
351.2018 	EXP 	text_4: autoDraw = False
351.2018 	EXP 	text_4: autoDraw = True
351.7018 	EXP 	text_4: autoDraw = False
351.7185 	EXP 	firstcircle_3: autoDraw = True
353.8018 	EXP 	firstcircle_3: autoDraw = False
353.8185 	EXP 	text_3: autoDraw = True
354.8018 	EXP 	text_3: autoDraw = False
354.8184 	EXP 	secondcircle: autoDraw = True
358.3017 	EXP 	secondcircle: autoDraw = False
359.2372 	DATA 	Keypress: right
359.2386 	EXP 	New trial (rep=0, index=13): OrderedDict([('firstTime', 1.8), ('secondTime', 2.7), ('corrAns', 'right'), ('plusStart', 2.3), ('secondStart', 3.3), ('respStart', 6.0), ('randNum', 0.8590765890000001)])
359.2517 	EXP 	firstcircle_3: autoDraw = False
359.2517 	EXP 	text_3: autoDraw = False
359.2517 	EXP 	secondcircle: autoDraw = False
359.2517 	EXP 	text_4: autoDraw = False
359.2517 	EXP 	text_4: autoDraw = True
359.7517 	EXP 	text_4: autoDraw = False
359.7684 	EXP 	firstcircle_3: autoDraw = True
361.5517 	EXP 	firstcircle_3: autoDraw = False
361.5684 	EXP 	text_3: autoDraw = True
362.5517 	EXP 	text_3: autoDraw = False
362.5683 	EXP 	secondcircle: autoDraw = True
365.2516 	EXP 	secondcircle: autoDraw = False
366.5203 	DATA 	Keypress: left
366.5217 	EXP 	New trial (rep=0, index=14): OrderedDict([('firstTime', 1.4), ('secondTime', 0.7), ('corrAns', 'left'), ('plusStart', 1.9), ('secondStart', 2.9), ('respStart', 3.6), ('randNum', 0.413030013)])
366.5350 	EXP 	firstcircle_3: autoDraw = False
366.5350 	EXP 	text_3: autoDraw = False
366.5350 	EXP 	secondcircle: autoDraw = False
366.5350 	EXP 	text_4: autoDraw = False
366.5350 	EXP 	text_4: autoDraw = True
367.0349 	EXP 	text_4: autoDraw = False
367.0516 	EXP 	firstcircle_3: autoDraw = True
368.4349 	EXP 	firstcircle_3: autoDraw = False
368.4516 	EXP 	text_3: autoDraw = True
369.4349 	EXP 	text_3: autoDraw = False
369.4516 	EXP 	secondcircle: autoDraw = True
370.1349 	EXP 	secondcircle: autoDraw = False
371.5536 	DATA 	Keypress: left
371.5551 	EXP 	New trial (rep=0, index=15): OrderedDict([('firstTime', 3.6), ('secondTime', 3.2), ('corrAns', 'left'), ('plusStart', 4.1), ('secondStart', 5.1), ('respStart', 8.3), ('randNum', 0.12198344800000001)])
371.5683 	EXP 	firstcircle_3: autoDraw = False
371.5683 	EXP 	text_3: autoDraw = False
371.5683 	EXP 	secondcircle: autoDraw = False
371.5683 	EXP 	text_4: autoDraw = False
371.5683 	EXP 	text_4: autoDraw = True
372.0682 	EXP 	text_4: autoDraw = False
372.0849 	EXP 	firstcircle_3: autoDraw = True
375.6682 	EXP 	firstcircle_3: autoDraw = False
375.6848 	EXP 	text_3: autoDraw = True
376.6682 	EXP 	text_3: autoDraw = False
376.6848 	EXP 	secondcircle: autoDraw = True
379.8681 	EXP 	secondcircle: autoDraw = False
380.6033 	DATA 	Keypress: left
380.6048 	EXP 	New trial (rep=0, index=16): OrderedDict([('firstTime', 4.4), ('secondTime', 3.3), ('corrAns', 'left'), ('plusStart', 4.9), ('secondStart', 5.9), ('respStart', 9.2), ('randNum', 0.7908218929999999)])
380.6181 	EXP 	firstcircle_3: autoDraw = False
380.6181 	EXP 	text_3: autoDraw = False
380.6181 	EXP 	secondcircle: autoDraw = False
380.6181 	EXP 	text_4: autoDraw = False
380.6181 	EXP 	text_4: autoDraw = True
381.1181 	EXP 	text_4: autoDraw = False
381.1348 	EXP 	firstcircle_3: autoDraw = True
385.5180 	EXP 	firstcircle_3: autoDraw = False
385.5348 	EXP 	text_3: autoDraw = True
386.5180 	EXP 	text_3: autoDraw = False
386.5347 	EXP 	secondcircle: autoDraw = True
389.8180 	EXP 	secondcircle: autoDraw = False
390.8034 	DATA 	Keypress: left
390.8048 	EXP 	New trial (rep=0, index=17): OrderedDict([('firstTime', 3.5), ('secondTime', 2.1), ('corrAns', 'left'), ('plusStart', 4.0), ('secondStart', 5.0), ('respStart', 7.1), ('randNum', 0.149007794)])
390.8180 	EXP 	firstcircle_3: autoDraw = False
390.8180 	EXP 	text_3: autoDraw = False
390.8180 	EXP 	secondcircle: autoDraw = False
390.8180 	EXP 	text_4: autoDraw = False
390.8180 	EXP 	text_4: autoDraw = True
391.1533 	DATA 	Keypress: left
391.3179 	EXP 	text_4: autoDraw = False
391.3347 	EXP 	firstcircle_3: autoDraw = True
394.8179 	EXP 	firstcircle_3: autoDraw = False
394.8346 	EXP 	text_3: autoDraw = True
395.8179 	EXP 	text_3: autoDraw = False
395.8346 	EXP 	secondcircle: autoDraw = True
397.9179 	EXP 	secondcircle: autoDraw = False
399.0030 	DATA 	Keypress: left
399.0044 	EXP 	New trial (rep=0, index=18): OrderedDict([('firstTime', 1.8), ('secondTime', 1.2), ('corrAns', 'left'), ('plusStart', 2.3), ('secondStart', 3.3), ('respStart', 4.5), ('randNum', 0.44825194799999996)])
399.0178 	EXP 	firstcircle_3: autoDraw = False
399.0178 	EXP 	text_3: autoDraw = False
399.0178 	EXP 	secondcircle: autoDraw = False
399.0178 	EXP 	text_4: autoDraw = False
399.0178 	EXP 	text_4: autoDraw = True
399.5178 	EXP 	text_4: autoDraw = False
399.5345 	EXP 	firstcircle_3: autoDraw = True
401.3178 	EXP 	firstcircle_3: autoDraw = False
401.3345 	EXP 	text_3: autoDraw = True
402.3178 	EXP 	text_3: autoDraw = False
402.3345 	EXP 	secondcircle: autoDraw = True
403.5178 	EXP 	secondcircle: autoDraw = False
404.2199 	DATA 	Keypress: right
404.2213 	EXP 	New trial (rep=0, index=19): OrderedDict([('firstTime', 0.9), ('secondTime', 1.8), ('corrAns', 'right'), ('plusStart', 1.4), ('secondStart', 2.4), ('respStart', 4.2), ('randNum', 0.35938568299999996)])
404.2344 	EXP 	firstcircle_3: autoDraw = False
404.2344 	EXP 	text_3: autoDraw = False
404.2344 	EXP 	secondcircle: autoDraw = False
404.2344 	EXP 	text_4: autoDraw = False
404.2344 	EXP 	text_4: autoDraw = True
404.7344 	EXP 	text_4: autoDraw = False
404.7511 	EXP 	firstcircle_3: autoDraw = True
405.6344 	EXP 	firstcircle_3: autoDraw = False
405.6511 	EXP 	text_3: autoDraw = True
406.6344 	EXP 	text_3: autoDraw = False
406.6511 	EXP 	secondcircle: autoDraw = True
408.4344 	EXP 	secondcircle: autoDraw = False
410.7531 	DATA 	Keypress: right
410.7678 	EXP 	firstcircle_3: autoDraw = False
410.7678 	EXP 	text_3: autoDraw = False
410.7678 	EXP 	secondcircle: autoDraw = False
410.7678 	EXP 	text_4: autoDraw = False
410.7678 	EXP 	text_6: autoDraw = True
412.7702 	DATA 	Keypress: space
412.7768 	EXP 	Imported conditionsTime3.csv as conditions, 20 conditions, 7 params
412.7772 	EXP 	Created sequence: sequential, trialTypes=20, nReps=1, seed=None
412.7776 	EXP 	New trial (rep=0, index=0): OrderedDict([('firstTime', 2.7), ('secondTime', 1.8), ('corrAns', 'left'), ('plusStart', 3.2), ('secondStart', 4.2), ('respStart', 6.0), ('randNum', 0.09224181599999999)])
412.7844 	EXP 	text_6: autoDraw = False
412.7844 	EXP 	text_4: autoDraw = True
413.2844 	EXP 	text_4: autoDraw = False
413.3010 	EXP 	firstcircle_3: autoDraw = True
415.9843 	EXP 	firstcircle_3: autoDraw = False
416.0010 	EXP 	text_3: autoDraw = True
416.9843 	EXP 	text_3: autoDraw = False
417.0009 	EXP 	secondcircle: autoDraw = True
418.7843 	EXP 	secondcircle: autoDraw = False
419.5698 	DATA 	Keypress: left
419.5714 	EXP 	New trial (rep=0, index=1): OrderedDict([('firstTime', 1.8), ('secondTime', 2.7), ('corrAns', 'right'), ('plusStart', 2.3), ('secondStart', 3.3), ('respStart', 6.0), ('randNum', 0.320860695)])
419.5842 	EXP 	firstcircle_3: autoDraw = False
419.5842 	EXP 	text_3: autoDraw = False
419.5842 	EXP 	secondcircle: autoDraw = False
419.5842 	EXP 	text_4: autoDraw = False
419.5842 	EXP 	text_4: autoDraw = True
420.0842 	EXP 	text_4: autoDraw = False
420.1009 	EXP 	firstcircle_3: autoDraw = True
421.8842 	EXP 	firstcircle_3: autoDraw = False
421.9009 	EXP 	text_3: autoDraw = True
422.8842 	EXP 	text_3: autoDraw = False
422.9009 	EXP 	secondcircle: autoDraw = True
425.5842 	EXP 	secondcircle: autoDraw = False
429.7862 	DATA 	Keypress: right
429.7876 	EXP 	New trial (rep=0, index=2): OrderedDict([('firstTime', 0.7), ('secondTime', 1.4), ('corrAns', 'right'), ('plusStart', 1.2), ('secondStart', 2.2), ('respStart', 3.6), ('randNum', 0.091696964)])
429.8008 	EXP 	firstcircle_3: autoDraw = False
429.8008 	EXP 	text_3: autoDraw = False
429.8008 	EXP 	secondcircle: autoDraw = False
429.8008 	EXP 	text_4: autoDraw = False
429.8008 	EXP 	text_4: autoDraw = True
430.1362 	DATA 	Keypress: right
430.3008 	EXP 	text_4: autoDraw = False
430.3174 	EXP 	firstcircle_3: autoDraw = True
431.0007 	EXP 	firstcircle_3: autoDraw = False
431.0174 	EXP 	text_3: autoDraw = True
432.0007 	EXP 	text_3: autoDraw = False
432.0174 	EXP 	secondcircle: autoDraw = True
433.4007 	EXP 	secondcircle: autoDraw = False
434.4028 	DATA 	Keypress: right
434.4042 	EXP 	New trial (rep=0, index=3): OrderedDict([('firstTime', 4.4), ('secondTime', 3.3), ('corrAns', 'left'), ('plusStart', 4.9), ('secondStart', 5.9), ('respStart', 9.2), ('randNum', 0.010112259)])
434.4174 	EXP 	firstcircle_3: autoDraw = False
434.4174 	EXP 	text_3: autoDraw = False
434.4174 	EXP 	secondcircle: autoDraw = False
434.4174 	EXP 	text_4: autoDraw = False
434.4174 	EXP 	text_4: autoDraw = True
434.9174 	EXP 	text_4: autoDraw = False
434.9340 	EXP 	firstcircle_3: autoDraw = True
439.3173 	EXP 	firstcircle_3: autoDraw = False
439.3340 	EXP 	text_3: autoDraw = True
440.3173 	EXP 	text_3: autoDraw = False
440.3341 	EXP 	secondcircle: autoDraw = True
443.6172 	EXP 	secondcircle: autoDraw = False
444.8359 	DATA 	Keypress: left
444.8374 	EXP 	New trial (rep=0, index=4): OrderedDict([('firstTime', 0.9), ('secondTime', 1.8), ('corrAns', 'right'), ('plusStart', 1.4), ('secondStart', 2.4), ('respStart', 4.2), ('randNum', 0.877480265)])
444.8506 	EXP 	firstcircle_3: autoDraw = False
444.8506 	EXP 	text_3: autoDraw = False
444.8506 	EXP 	secondcircle: autoDraw = False
444.8506 	EXP 	text_4: autoDraw = False
444.8506 	EXP 	text_4: autoDraw = True
445.3506 	EXP 	text_4: autoDraw = False
445.3672 	EXP 	firstcircle_3: autoDraw = True
446.2505 	EXP 	firstcircle_3: autoDraw = False
446.2672 	EXP 	text_3: autoDraw = True
447.2505 	EXP 	text_3: autoDraw = False
447.2672 	EXP 	secondcircle: autoDraw = True
449.0506 	EXP 	secondcircle: autoDraw = False
449.4359 	DATA 	Keypress: right
449.4372 	EXP 	New trial (rep=0, index=5): OrderedDict([('firstTime', 1.8), ('secondTime', 0.9), ('corrAns', 'left'), ('plusStart', 2.3), ('secondStart', 3.3), ('respStart', 4.2), ('randNum', 0.74232345)])
449.4505 	EXP 	firstcircle_3: autoDraw = False
449.4505 	EXP 	text_3: autoDraw = False
449.4505 	EXP 	secondcircle: autoDraw = False
449.4505 	EXP 	text_4: autoDraw = False
449.4505 	EXP 	text_4: autoDraw = True
449.9505 	EXP 	text_4: autoDraw = False
449.9672 	EXP 	firstcircle_3: autoDraw = True
451.7505 	EXP 	firstcircle_3: autoDraw = False
451.7672 	EXP 	text_3: autoDraw = True
452.7505 	EXP 	text_3: autoDraw = False
452.7671 	EXP 	secondcircle: autoDraw = True
453.6504 	EXP 	secondcircle: autoDraw = False
454.6191 	DATA 	Keypress: left
454.6205 	EXP 	New trial (rep=0, index=6): OrderedDict([('firstTime', 1.8), ('secondTime', 1.2), ('corrAns', 'left'), ('plusStart', 2.3), ('secondStart', 3.3), ('respStart', 4.5), ('randNum', 0.307053849)])
454.6338 	EXP 	firstcircle_3: autoDraw = False
454.6338 	EXP 	text_3: autoDraw = False
454.6338 	EXP 	secondcircle: autoDraw = False
454.6338 	EXP 	text_4: autoDraw = False
454.6338 	EXP 	text_4: autoDraw = True
455.1338 	EXP 	text_4: autoDraw = False
455.1504 	EXP 	firstcircle_3: autoDraw = True
456.9337 	EXP 	firstcircle_3: autoDraw = False
456.9504 	EXP 	text_3: autoDraw = True
457.9337 	EXP 	text_3: autoDraw = False
457.9504 	EXP 	secondcircle: autoDraw = True
459.1337 	EXP 	secondcircle: autoDraw = False
460.1024 	DATA 	Keypress: left
460.1038 	EXP 	New trial (rep=0, index=7): OrderedDict([('firstTime', 3.6), ('secondTime', 3.2), ('corrAns', 'left'), ('plusStart', 4.1), ('secondStart', 5.1), ('respStart', 8.3), ('randNum', 0.331236492)])
460.1170 	EXP 	firstcircle_3: autoDraw = False
460.1170 	EXP 	text_3: autoDraw = False
460.1170 	EXP 	secondcircle: autoDraw = False
460.1170 	EXP 	text_4: autoDraw = False
460.1170 	EXP 	text_4: autoDraw = True
460.6170 	EXP 	text_4: autoDraw = False
460.6337 	EXP 	firstcircle_3: autoDraw = True
464.2170 	EXP 	firstcircle_3: autoDraw = False
464.2336 	EXP 	text_3: autoDraw = True
465.2170 	EXP 	text_3: autoDraw = False
465.2336 	EXP 	secondcircle: autoDraw = True
468.4169 	EXP 	secondcircle: autoDraw = False
469.3189 	DATA 	Keypress: left
469.3202 	EXP 	New trial (rep=0, index=8): OrderedDict([('firstTime', 2.5), ('secondTime', 1.5), ('corrAns', 'left'), ('plusStart', 3.0), ('secondStart', 4.0), ('respStart', 5.5), ('randNum', 0.778562476)])
469.3336 	EXP 	firstcircle_3: autoDraw = False
469.3336 	EXP 	text_3: autoDraw = False
469.3336 	EXP 	secondcircle: autoDraw = False
469.3336 	EXP 	text_4: autoDraw = False
469.3336 	EXP 	text_4: autoDraw = True
469.8336 	EXP 	text_4: autoDraw = False
469.8502 	EXP 	firstcircle_3: autoDraw = True
472.3335 	EXP 	firstcircle_3: autoDraw = False
472.3502 	EXP 	text_3: autoDraw = True
473.3335 	EXP 	text_3: autoDraw = False
473.3502 	EXP 	secondcircle: autoDraw = True
474.8335 	EXP 	secondcircle: autoDraw = False
480.5852 	DATA 	Keypress: right
480.5865 	EXP 	New trial (rep=0, index=9): OrderedDict([('firstTime', 1.2), ('secondTime', 1.8), ('corrAns', 'right'), ('plusStart', 1.7), ('secondStart', 2.7), ('respStart', 4.5), ('randNum', 0.18131893100000002)])
480.6001 	EXP 	firstcircle_3: autoDraw = False
480.6001 	EXP 	text_3: autoDraw = False
480.6001 	EXP 	secondcircle: autoDraw = False
480.6001 	EXP 	text_4: autoDraw = False
480.6001 	EXP 	text_4: autoDraw = True
481.1001 	EXP 	text_4: autoDraw = False
481.1168 	EXP 	firstcircle_3: autoDraw = True
482.3001 	EXP 	firstcircle_3: autoDraw = False
482.3168 	EXP 	text_3: autoDraw = True
483.3000 	EXP 	text_3: autoDraw = False
483.3168 	EXP 	secondcircle: autoDraw = True
485.1000 	EXP 	secondcircle: autoDraw = False
485.5353 	DATA 	Keypress: right
485.5367 	EXP 	New trial (rep=0, index=10): OrderedDict([('firstTime', 2.8), ('secondTime', 2.1), ('corrAns', 'left'), ('plusStart', 3.3), ('secondStart', 4.3), ('respStart', 6.4), ('randNum', 0.897215002)])
485.5500 	EXP 	firstcircle_3: autoDraw = False
485.5500 	EXP 	text_3: autoDraw = False
485.5500 	EXP 	secondcircle: autoDraw = False
485.5500 	EXP 	text_4: autoDraw = False
485.5500 	EXP 	text_4: autoDraw = True
486.0500 	EXP 	text_4: autoDraw = False
486.0667 	EXP 	firstcircle_3: autoDraw = True
488.8500 	EXP 	firstcircle_3: autoDraw = False
488.8667 	EXP 	text_3: autoDraw = True
489.8499 	EXP 	text_3: autoDraw = False
489.8667 	EXP 	secondcircle: autoDraw = True
491.9499 	EXP 	secondcircle: autoDraw = False
493.5187 	DATA 	Keypress: right
493.5200 	EXP 	New trial (rep=0, index=11): OrderedDict([('firstTime', 2.1), ('secondTime', 2.8), ('corrAns', 'right'), ('plusStart', 2.6), ('secondStart', 3.6), ('respStart', 6.4), ('randNum', 0.734438325)])
493.5332 	EXP 	firstcircle_3: autoDraw = False
493.5332 	EXP 	text_3: autoDraw = False
493.5332 	EXP 	secondcircle: autoDraw = False
493.5332 	EXP 	text_4: autoDraw = False
493.5332 	EXP 	text_4: autoDraw = True
494.0332 	EXP 	text_4: autoDraw = False
494.0499 	EXP 	firstcircle_3: autoDraw = True
496.1332 	EXP 	firstcircle_3: autoDraw = False
496.1499 	EXP 	text_3: autoDraw = True
497.1332 	EXP 	text_3: autoDraw = False
497.1499 	EXP 	secondcircle: autoDraw = True
499.9332 	EXP 	secondcircle: autoDraw = False
501.9186 	DATA 	Keypress: right
501.9199 	EXP 	New trial (rep=0, index=12): OrderedDict([('firstTime', 3.2), ('secondTime', 3.6), ('corrAns', 'right'), ('plusStart', 3.7), ('secondStart', 4.7), ('respStart', 8.3), ('randNum', 0.716372322)])
501.9331 	EXP 	firstcircle_3: autoDraw = False
501.9331 	EXP 	text_3: autoDraw = False
501.9331 	EXP 	secondcircle: autoDraw = False
501.9331 	EXP 	text_4: autoDraw = False
501.9331 	EXP 	text_4: autoDraw = True
502.4331 	EXP 	text_4: autoDraw = False
502.4498 	EXP 	firstcircle_3: autoDraw = True
505.6331 	EXP 	firstcircle_3: autoDraw = False
505.6497 	EXP 	text_3: autoDraw = True
506.6331 	EXP 	text_3: autoDraw = False
506.6498 	EXP 	secondcircle: autoDraw = True
506.6684 	DATA 	Keypress: right
509.6850 	DATA 	Keypress: left
510.2331 	EXP 	secondcircle: autoDraw = False
510.3680 	DATA 	Keypress: right
510.3692 	EXP 	New trial (rep=0, index=13): OrderedDict([('firstTime', 2.1), ('secondTime', 3.5), ('corrAns', 'right'), ('plusStart', 2.6), ('secondStart', 3.6), ('respStart', 7.1), ('randNum', 0.2797458)])
510.3830 	EXP 	firstcircle_3: autoDraw = False
510.3830 	EXP 	text_3: autoDraw = False
510.3830 	EXP 	secondcircle: autoDraw = False
510.3830 	EXP 	text_4: autoDraw = False
510.3830 	EXP 	text_4: autoDraw = True
510.8831 	EXP 	text_4: autoDraw = False
510.8997 	EXP 	firstcircle_3: autoDraw = True
512.9830 	EXP 	firstcircle_3: autoDraw = False
512.9996 	EXP 	text_3: autoDraw = True
513.9830 	EXP 	text_3: autoDraw = False
513.9996 	EXP 	secondcircle: autoDraw = True
515.3349 	DATA 	Keypress: left
515.8016 	DATA 	Keypress: right
516.2849 	DATA 	Keypress: left
516.8016 	DATA 	Keypress: right
516.9349 	DATA 	Keypress: left
517.1023 	DATA 	Keypress: right
517.2015 	DATA 	Keypress: left
517.4829 	EXP 	secondcircle: autoDraw = False
518.1523 	DATA 	Keypress: right
518.1679 	EXP 	New trial (rep=0, index=14): OrderedDict([('firstTime', 1.4), ('secondTime', 0.7), ('corrAns', 'left'), ('plusStart', 1.9), ('secondStart', 2.9), ('respStart', 3.6), ('randNum', 0.038284202)])
518.1829 	EXP 	firstcircle_3: autoDraw = False
518.1829 	EXP 	text_3: autoDraw = False
518.1829 	EXP 	secondcircle: autoDraw = False
518.1829 	EXP 	text_4: autoDraw = False
518.1829 	EXP 	text_4: autoDraw = True
518.6829 	EXP 	text_4: autoDraw = False
518.6996 	EXP 	firstcircle_3: autoDraw = True
520.0829 	EXP 	firstcircle_3: autoDraw = False
520.0995 	EXP 	text_3: autoDraw = True
521.0829 	EXP 	text_3: autoDraw = False
521.0995 	EXP 	secondcircle: autoDraw = True
521.7829 	EXP 	secondcircle: autoDraw = False
522.6848 	DATA 	Keypress: left
522.6862 	EXP 	New trial (rep=0, index=15): OrderedDict([('firstTime', 9.9), ('secondTime', 8.8), ('corrAns', 'left'), ('plusStart', 10.4), ('secondStart', 11.4), ('respStart', 20.2), ('randNum', 0.656448526)])
522.6995 	EXP 	firstcircle_3: autoDraw = False
522.6995 	EXP 	text_3: autoDraw = False
522.6995 	EXP 	secondcircle: autoDraw = False
522.6995 	EXP 	text_4: autoDraw = False
522.6995 	EXP 	text_4: autoDraw = True
523.1995 	EXP 	text_4: autoDraw = False
523.2162 	EXP 	firstcircle_3: autoDraw = True
533.0994 	EXP 	firstcircle_3: autoDraw = False
533.1161 	EXP 	text_3: autoDraw = True
533.7347 	DATA 	Keypress: left
534.0994 	EXP 	text_3: autoDraw = False
534.1160 	EXP 	secondcircle: autoDraw = True
542.8992 	EXP 	secondcircle: autoDraw = False
545.2013 	DATA 	Keypress: right
545.2028 	EXP 	New trial (rep=0, index=16): OrderedDict([('firstTime', 3.5), ('secondTime', 2.1), ('corrAns', 'left'), ('plusStart', 4.0), ('secondStart', 5.0), ('respStart', 7.1), ('randNum', 0.25078508899999996)])
545.2159 	EXP 	firstcircle_3: autoDraw = False
545.2159 	EXP 	text_3: autoDraw = False
545.2159 	EXP 	secondcircle: autoDraw = False
545.2159 	EXP 	text_4: autoDraw = False
545.2159 	EXP 	text_4: autoDraw = True
545.7159 	EXP 	text_4: autoDraw = False
545.7325 	EXP 	firstcircle_3: autoDraw = True
549.2158 	EXP 	firstcircle_3: autoDraw = False
549.2325 	EXP 	text_3: autoDraw = True
550.2158 	EXP 	text_3: autoDraw = False
550.2325 	EXP 	secondcircle: autoDraw = True
552.3158 	EXP 	secondcircle: autoDraw = False
553.5344 	DATA 	Keypress: right
553.5357 	EXP 	New trial (rep=0, index=17): OrderedDict([('firstTime', 8.8), ('secondTime', 9.9), ('corrAns', 'right'), ('plusStart', 9.3), ('secondStart', 10.3), ('respStart', 20.2), ('randNum', 0.055985873)])
553.5491 	EXP 	firstcircle_3: autoDraw = False
553.5491 	EXP 	text_3: autoDraw = False
553.5491 	EXP 	secondcircle: autoDraw = False
553.5491 	EXP 	text_4: autoDraw = False
553.5491 	EXP 	text_4: autoDraw = True
554.0491 	EXP 	text_4: autoDraw = False
554.0658 	EXP 	firstcircle_3: autoDraw = True
562.8490 	EXP 	firstcircle_3: autoDraw = False
562.8656 	EXP 	text_3: autoDraw = True
563.8489 	EXP 	text_3: autoDraw = False
563.8656 	EXP 	secondcircle: autoDraw = True
573.7488 	EXP 	secondcircle: autoDraw = False
577.3842 	DATA 	Keypress: right
577.3856 	EXP 	New trial (rep=0, index=18): OrderedDict([('firstTime', 1.5), ('secondTime', 2.5), ('corrAns', 'right'), ('plusStart', 2.0), ('secondStart', 3.0), ('respStart', 5.5), ('randNum', 0.279030548)])
577.3988 	EXP 	firstcircle_3: autoDraw = False
577.3988 	EXP 	text_3: autoDraw = False
577.3988 	EXP 	secondcircle: autoDraw = False
577.3988 	EXP 	text_4: autoDraw = False
577.3988 	EXP 	text_4: autoDraw = True
577.8988 	EXP 	text_4: autoDraw = False
577.9154 	EXP 	firstcircle_3: autoDraw = True
579.3987 	EXP 	firstcircle_3: autoDraw = False
579.4154 	EXP 	text_3: autoDraw = True
580.3987 	EXP 	text_3: autoDraw = False
580.4154 	EXP 	secondcircle: autoDraw = True
582.8987 	EXP 	secondcircle: autoDraw = False
583.3340 	DATA 	Keypress: right
583.3353 	EXP 	New trial (rep=0, index=19): OrderedDict([('firstTime', 3.3), ('secondTime', 4.4), ('corrAns', 'right'), ('plusStart', 3.8), ('secondStart', 4.8), ('respStart', 9.2), ('randNum', 0.6214470879999999)])
583.3487 	EXP 	firstcircle_3: autoDraw = False
583.3487 	EXP 	text_3: autoDraw = False
583.3487 	EXP 	secondcircle: autoDraw = False
583.3487 	EXP 	text_4: autoDraw = False
583.3487 	EXP 	text_4: autoDraw = True
583.8487 	EXP 	text_4: autoDraw = False
583.8653 	EXP 	firstcircle_3: autoDraw = True
587.1487 	EXP 	firstcircle_3: autoDraw = False
587.1654 	EXP 	text_3: autoDraw = True
588.1487 	EXP 	text_3: autoDraw = False
588.1653 	EXP 	secondcircle: autoDraw = True
592.5486 	EXP 	secondcircle: autoDraw = False
593.3505 	DATA 	Keypress: right
593.3652 	EXP 	firstcircle_3: autoDraw = False
593.3652 	EXP 	text_3: autoDraw = False
593.3652 	EXP 	secondcircle: autoDraw = False
593.3652 	EXP 	text_4: autoDraw = False
593.3652 	EXP 	text_7: autoDraw = True
596.7016 	DATA 	Keypress: space
596.7074 	EXP 	Imported conditionsTime4.csv as conditions, 20 conditions, 7 params
596.7078 	EXP 	Created sequence: sequential, trialTypes=20, nReps=1, seed=None
596.7083 	EXP 	New trial (rep=0, index=0): OrderedDict([('firstTime', 2.5), ('secondTime', 1.5), ('corrAns', 'left'), ('plusStart', 3.0), ('secondStart', 4.0), ('respStart', 5.5), ('randNum', 0.9526453340000001)])
596.7153 	EXP 	text_7: autoDraw = False
596.7153 	EXP 	text_4: autoDraw = True
597.2152 	EXP 	text_4: autoDraw = False
597.2318 	EXP 	firstcircle_3: autoDraw = True
599.7152 	EXP 	firstcircle_3: autoDraw = False
599.7318 	EXP 	text_3: autoDraw = True
600.7151 	EXP 	text_3: autoDraw = False
600.7318 	EXP 	secondcircle: autoDraw = True
602.2151 	EXP 	secondcircle: autoDraw = False
603.1671 	DATA 	Keypress: right
603.1687 	EXP 	New trial (rep=0, index=1): OrderedDict([('firstTime', 2.8), ('secondTime', 2.1), ('corrAns', 'left'), ('plusStart', 3.3), ('secondStart', 4.3), ('respStart', 6.4), ('randNum', 0.962497787)])
603.1817 	EXP 	firstcircle_3: autoDraw = False
603.1817 	EXP 	text_3: autoDraw = False
603.1817 	EXP 	secondcircle: autoDraw = False
603.1817 	EXP 	text_4: autoDraw = False
603.1817 	EXP 	text_4: autoDraw = True
603.6817 	EXP 	text_4: autoDraw = False
603.6984 	EXP 	firstcircle_3: autoDraw = True
606.4817 	EXP 	firstcircle_3: autoDraw = False
606.4984 	EXP 	text_3: autoDraw = True
607.4817 	EXP 	text_3: autoDraw = False
607.4984 	EXP 	secondcircle: autoDraw = True
609.5817 	EXP 	secondcircle: autoDraw = False
614.0837 	DATA 	Keypress: left
614.0852 	EXP 	New trial (rep=0, index=2): OrderedDict([('firstTime', 2.7), ('secondTime', 1.8), ('corrAns', 'left'), ('plusStart', 3.2), ('secondStart', 4.2), ('respStart', 6.0), ('randNum', 0.06690605599999999)])
614.0983 	EXP 	firstcircle_3: autoDraw = False
614.0983 	EXP 	text_3: autoDraw = False
614.0983 	EXP 	secondcircle: autoDraw = False
614.0983 	EXP 	text_4: autoDraw = False
614.0983 	EXP 	text_4: autoDraw = True
614.5983 	EXP 	text_4: autoDraw = False
614.6149 	EXP 	firstcircle_3: autoDraw = True
617.2982 	EXP 	firstcircle_3: autoDraw = False
617.3149 	EXP 	text_3: autoDraw = True
618.0337 	DATA 	Keypress: left
618.2982 	EXP 	text_3: autoDraw = False
618.3149 	EXP 	secondcircle: autoDraw = True
620.0982 	EXP 	secondcircle: autoDraw = False
620.7842 	DATA 	Keypress: right
620.7999 	EXP 	New trial (rep=0, index=3): OrderedDict([('firstTime', 8.8), ('secondTime', 9.9), ('corrAns', 'right'), ('plusStart', 9.3), ('secondStart', 10.3), ('respStart', 20.2), ('randNum', 0.09555333099999999)])
620.8149 	EXP 	firstcircle_3: autoDraw = False
620.8149 	EXP 	text_3: autoDraw = False
620.8149 	EXP 	secondcircle: autoDraw = False
620.8149 	EXP 	text_4: autoDraw = False
620.8149 	EXP 	text_4: autoDraw = True
621.3149 	EXP 	text_4: autoDraw = False
621.3316 	EXP 	firstcircle_3: autoDraw = True
630.1147 	EXP 	firstcircle_3: autoDraw = False
630.1314 	EXP 	text_3: autoDraw = True
630.5663 	DATA 	Keypress: right
631.1148 	EXP 	text_3: autoDraw = False
631.1314 	EXP 	secondcircle: autoDraw = True
641.0146 	EXP 	secondcircle: autoDraw = False
641.3499 	DATA 	Keypress: left
641.3513 	EXP 	New trial (rep=0, index=4): OrderedDict([('firstTime', 1.8), ('secondTime', 2.7), ('corrAns', 'right'), ('plusStart', 2.3), ('secondStart', 3.3), ('respStart', 6.0), ('randNum', 0.559320406)])
641.3646 	EXP 	firstcircle_3: autoDraw = False
641.3646 	EXP 	text_3: autoDraw = False
641.3646 	EXP 	secondcircle: autoDraw = False
641.3646 	EXP 	text_4: autoDraw = False
641.3646 	EXP 	text_4: autoDraw = True
641.8646 	EXP 	text_4: autoDraw = False
641.8812 	EXP 	firstcircle_3: autoDraw = True
643.6646 	EXP 	firstcircle_3: autoDraw = False
643.6812 	EXP 	text_3: autoDraw = True
644.6645 	EXP 	text_3: autoDraw = False
644.6812 	EXP 	secondcircle: autoDraw = True
647.3645 	EXP 	secondcircle: autoDraw = False
655.6156 	DATA 	Keypress: right
655.6165 	EXP 	New trial (rep=0, index=5): OrderedDict([('firstTime', 3.5), ('secondTime', 2.1), ('corrAns', 'left'), ('plusStart', 4.0), ('secondStart', 5.0), ('respStart', 7.1), ('randNum', 0.885130943)])
655.6311 	EXP 	firstcircle_3: autoDraw = False
655.6311 	EXP 	text_3: autoDraw = False
655.6311 	EXP 	secondcircle: autoDraw = False
655.6311 	EXP 	text_4: autoDraw = False
655.6311 	EXP 	text_4: autoDraw = True
656.1310 	EXP 	text_4: autoDraw = False
656.1477 	EXP 	firstcircle_3: autoDraw = True
659.6310 	EXP 	firstcircle_3: autoDraw = False
659.6477 	EXP 	text_3: autoDraw = True
660.6310 	EXP 	text_3: autoDraw = False
660.6477 	EXP 	secondcircle: autoDraw = True
662.7310 	EXP 	secondcircle: autoDraw = False
664.2329 	DATA 	Keypress: left
664.2342 	EXP 	New trial (rep=0, index=6): OrderedDict([('firstTime', 2.1), ('secondTime', 2.8), ('corrAns', 'right'), ('plusStart', 2.6), ('secondStart', 3.6), ('respStart', 6.4), ('randNum', 0.7843272990000001)])
664.2476 	EXP 	firstcircle_3: autoDraw = False
664.2476 	EXP 	text_3: autoDraw = False
664.2476 	EXP 	secondcircle: autoDraw = False
664.2476 	EXP 	text_4: autoDraw = False
664.2476 	EXP 	text_4: autoDraw = True
664.7476 	EXP 	text_4: autoDraw = False
664.7643 	EXP 	firstcircle_3: autoDraw = True
664.9329 	DATA 	Keypress: left
666.8476 	EXP 	firstcircle_3: autoDraw = False
666.8642 	EXP 	text_3: autoDraw = True
667.8476 	EXP 	text_3: autoDraw = False
667.8642 	EXP 	secondcircle: autoDraw = True
670.6475 	EXP 	secondcircle: autoDraw = False
679.9327 	DATA 	Keypress: left
679.9341 	EXP 	New trial (rep=0, index=7): OrderedDict([('firstTime', 4.4), ('secondTime', 3.3), ('corrAns', 'left'), ('plusStart', 4.9), ('secondStart', 5.9), ('respStart', 9.2), ('randNum', 0.594355042)])
679.9474 	EXP 	firstcircle_3: autoDraw = False
679.9474 	EXP 	text_3: autoDraw = False
679.9474 	EXP 	secondcircle: autoDraw = False
679.9474 	EXP 	text_4: autoDraw = False
679.9474 	EXP 	text_4: autoDraw = True
680.4474 	EXP 	text_4: autoDraw = False
680.4640 	EXP 	firstcircle_3: autoDraw = True
684.8473 	EXP 	firstcircle_3: autoDraw = False
684.8640 	EXP 	text_3: autoDraw = True
685.8473 	EXP 	text_3: autoDraw = False
685.8640 	EXP 	secondcircle: autoDraw = True
689.1473 	EXP 	secondcircle: autoDraw = False
690.7159 	DATA 	Keypress: left
690.7174 	EXP 	New trial (rep=0, index=8): OrderedDict([('firstTime', 0.9), ('secondTime', 1.8), ('corrAns', 'right'), ('plusStart', 1.4), ('secondStart', 2.4), ('respStart', 4.2), ('randNum', 0.39760777399999997)])
690.7306 	EXP 	firstcircle_3: autoDraw = False
690.7306 	EXP 	text_3: autoDraw = False
690.7306 	EXP 	secondcircle: autoDraw = False
690.7306 	EXP 	text_4: autoDraw = False
690.7306 	EXP 	text_4: autoDraw = True
691.2306 	EXP 	text_4: autoDraw = False
691.2473 	EXP 	firstcircle_3: autoDraw = True
692.1305 	EXP 	firstcircle_3: autoDraw = False
692.1472 	EXP 	text_3: autoDraw = True
693.1305 	EXP 	text_3: autoDraw = False
693.1473 	EXP 	secondcircle: autoDraw = True
694.9305 	EXP 	secondcircle: autoDraw = False
696.4658 	DATA 	Keypress: right
696.4672 	EXP 	New trial (rep=0, index=9): OrderedDict([('firstTime', 3.6), ('secondTime', 3.2), ('corrAns', 'left'), ('plusStart', 4.1), ('secondStart', 5.1), ('respStart', 8.3), ('randNum', 0.454525661)])
696.4805 	EXP 	firstcircle_3: autoDraw = False
696.4805 	EXP 	text_3: autoDraw = False
696.4805 	EXP 	secondcircle: autoDraw = False
696.4805 	EXP 	text_4: autoDraw = False
696.4805 	EXP 	text_4: autoDraw = True
696.9805 	EXP 	text_4: autoDraw = False
696.9972 	EXP 	firstcircle_3: autoDraw = True
700.5804 	EXP 	firstcircle_3: autoDraw = False
700.5972 	EXP 	text_3: autoDraw = True
701.5804 	EXP 	text_3: autoDraw = False
701.5971 	EXP 	secondcircle: autoDraw = True
704.7804 	EXP 	secondcircle: autoDraw = False
706.1657 	DATA 	Keypress: left
706.1671 	EXP 	New trial (rep=0, index=10): OrderedDict([('firstTime', 9.9), ('secondTime', 8.8), ('corrAns', 'left'), ('plusStart', 10.4), ('secondStart', 11.4), ('respStart', 20.2), ('randNum', 0.335173919)])
706.1804 	EXP 	firstcircle_3: autoDraw = False
706.1804 	EXP 	text_3: autoDraw = False
706.1804 	EXP 	secondcircle: autoDraw = False
706.1804 	EXP 	text_4: autoDraw = False
706.1804 	EXP 	text_4: autoDraw = True
706.6804 	EXP 	text_4: autoDraw = False
706.6970 	EXP 	firstcircle_3: autoDraw = True
716.5802 	EXP 	firstcircle_3: autoDraw = False
716.5969 	EXP 	text_3: autoDraw = True
717.5802 	EXP 	text_3: autoDraw = False
717.5969 	EXP 	secondcircle: autoDraw = True
726.3801 	EXP 	secondcircle: autoDraw = False
729.3986 	DATA 	Keypress: right
729.4000 	EXP 	New trial (rep=0, index=11): OrderedDict([('firstTime', 1.8), ('secondTime', 1.2), ('corrAns', 'left'), ('plusStart', 2.3), ('secondStart', 3.3), ('respStart', 4.5), ('randNum', 0.050156068)])
729.4134 	EXP 	firstcircle_3: autoDraw = False
729.4134 	EXP 	text_3: autoDraw = False
729.4134 	EXP 	secondcircle: autoDraw = False
729.4134 	EXP 	text_4: autoDraw = False
729.4134 	EXP 	text_4: autoDraw = True
729.9134 	EXP 	text_4: autoDraw = False
729.9300 	EXP 	firstcircle_3: autoDraw = True
731.7134 	EXP 	firstcircle_3: autoDraw = False
731.7300 	EXP 	text_3: autoDraw = True
732.7133 	EXP 	text_3: autoDraw = False
732.7300 	EXP 	secondcircle: autoDraw = True
733.5160 	DATA 	Keypress: left
733.9133 	EXP 	secondcircle: autoDraw = False
741.4818 	DATA 	Keypress: left
741.4831 	EXP 	New trial (rep=0, index=12): OrderedDict([('firstTime', 2.1), ('secondTime', 3.5), ('corrAns', 'right'), ('plusStart', 2.6), ('secondStart', 3.6), ('respStart', 7.1), ('randNum', 0.553210354)])
741.4965 	EXP 	firstcircle_3: autoDraw = False
741.4965 	EXP 	text_3: autoDraw = False
741.4965 	EXP 	secondcircle: autoDraw = False
741.4965 	EXP 	text_4: autoDraw = False
741.4965 	EXP 	text_4: autoDraw = True
741.9965 	EXP 	text_4: autoDraw = False
742.0132 	EXP 	firstcircle_3: autoDraw = True
744.0965 	EXP 	firstcircle_3: autoDraw = False
744.1132 	EXP 	text_3: autoDraw = True
745.0965 	EXP 	text_3: autoDraw = False
745.1132 	EXP 	secondcircle: autoDraw = True
746.8818 	DATA 	Keypress: left
748.5965 	EXP 	secondcircle: autoDraw = False
752.8984 	DATA 	Keypress: left
752.8998 	EXP 	New trial (rep=0, index=13): OrderedDict([('firstTime', 3.2), ('secondTime', 3.6), ('corrAns', 'right'), ('plusStart', 3.7), ('secondStart', 4.7), ('respStart', 8.3), ('randNum', 0.062598668)])
752.9131 	EXP 	firstcircle_3: autoDraw = False
752.9131 	EXP 	text_3: autoDraw = False
752.9131 	EXP 	secondcircle: autoDraw = False
752.9131 	EXP 	text_4: autoDraw = False
752.9131 	EXP 	text_4: autoDraw = True
753.4131 	EXP 	text_4: autoDraw = False
753.4297 	EXP 	firstcircle_3: autoDraw = True
756.5484 	DATA 	Keypress: left
756.6130 	EXP 	firstcircle_3: autoDraw = False
756.6297 	EXP 	text_3: autoDraw = True
757.6130 	EXP 	text_3: autoDraw = False
757.6297 	EXP 	secondcircle: autoDraw = True
758.0488 	DATA 	Keypress: left
758.6317 	DATA 	Keypress: right
758.7482 	DATA 	Keypress: left
759.1149 	DATA 	Keypress: right
759.2826 	DATA 	Keypress: left
759.7817 	DATA 	Keypress: right
759.8483 	DATA 	Keypress: left
760.3314 	DATA 	Keypress: right
760.4983 	DATA 	Keypress: left
760.9483 	DATA 	Keypress: right
761.1816 	DATA 	Keypress: left
761.2130 	EXP 	secondcircle: autoDraw = False
761.8816 	DATA 	Keypress: left
761.8830 	EXP 	New trial (rep=0, index=14): OrderedDict([('firstTime', 1.5), ('secondTime', 2.5), ('corrAns', 'right'), ('plusStart', 2.0), ('secondStart', 3.0), ('respStart', 5.5), ('randNum', 0.851613693)])
761.8963 	EXP 	firstcircle_3: autoDraw = False
761.8963 	EXP 	text_3: autoDraw = False
761.8963 	EXP 	secondcircle: autoDraw = False
761.8963 	EXP 	text_4: autoDraw = False
761.8963 	EXP 	text_4: autoDraw = True
762.3963 	EXP 	text_4: autoDraw = False
762.4129 	EXP 	firstcircle_3: autoDraw = True
763.8963 	EXP 	firstcircle_3: autoDraw = False
763.9129 	EXP 	text_3: autoDraw = True
764.4316 	DATA 	Keypress: left
764.8962 	EXP 	text_3: autoDraw = False
764.9129 	EXP 	secondcircle: autoDraw = True
767.3962 	EXP 	secondcircle: autoDraw = False
773.4824 	DATA 	Keypress: left
773.4979 	EXP 	New trial (rep=0, index=15): OrderedDict([('firstTime', 1.2), ('secondTime', 1.8), ('corrAns', 'right'), ('plusStart', 1.7), ('secondStart', 2.7), ('respStart', 4.5), ('randNum', 0.9561071459999999)])
773.5128 	EXP 	firstcircle_3: autoDraw = False
773.5128 	EXP 	text_3: autoDraw = False
773.5128 	EXP 	secondcircle: autoDraw = False
773.5128 	EXP 	text_4: autoDraw = False
773.5128 	EXP 	text_4: autoDraw = True
774.0128 	EXP 	text_4: autoDraw = False
774.0295 	EXP 	firstcircle_3: autoDraw = True
775.2128 	EXP 	firstcircle_3: autoDraw = False
775.2295 	EXP 	text_3: autoDraw = True
776.2128 	EXP 	text_3: autoDraw = False
776.2294 	EXP 	secondcircle: autoDraw = True
776.4141 	DATA 	Mouse: Left button down, pos=(555,513)
776.7807 	DATA 	Mouse:  Left button up, pos=(554,513)
778.0127 	EXP 	secondcircle: autoDraw = False
782.6315 	DATA 	Keypress: right
782.6329 	EXP 	New trial (rep=0, index=16): OrderedDict([('firstTime', 3.3), ('secondTime', 4.4), ('corrAns', 'right'), ('plusStart', 3.8), ('secondStart', 4.8), ('respStart', 9.2), ('randNum', 0.25372748300000003)])
782.6460 	EXP 	firstcircle_3: autoDraw = False
782.6460 	EXP 	text_3: autoDraw = False
782.6460 	EXP 	secondcircle: autoDraw = False
782.6460 	EXP 	text_4: autoDraw = False
782.6460 	EXP 	text_4: autoDraw = True
783.1460 	EXP 	text_4: autoDraw = False
783.1627 	EXP 	firstcircle_3: autoDraw = True
786.4460 	EXP 	firstcircle_3: autoDraw = False
786.4626 	EXP 	text_3: autoDraw = True
787.4459 	EXP 	text_3: autoDraw = False
787.4626 	EXP 	secondcircle: autoDraw = True
791.8459 	EXP 	secondcircle: autoDraw = False
797.9479 	DATA 	Keypress: right
797.9493 	EXP 	New trial (rep=0, index=17): OrderedDict([('firstTime', 1.8), ('secondTime', 0.9), ('corrAns', 'left'), ('plusStart', 2.3), ('secondStart', 3.3), ('respStart', 4.2), ('randNum', 0.328250033)])
797.9625 	EXP 	firstcircle_3: autoDraw = False
797.9625 	EXP 	text_3: autoDraw = False
797.9625 	EXP 	secondcircle: autoDraw = False
797.9625 	EXP 	text_4: autoDraw = False
797.9625 	EXP 	text_4: autoDraw = True
798.4625 	EXP 	text_4: autoDraw = False
798.4791 	EXP 	firstcircle_3: autoDraw = True
799.9469 	DATA 	Mouse: Left button down, pos=(553,517)
800.2624 	EXP 	firstcircle_3: autoDraw = False
800.2791 	EXP 	text_3: autoDraw = True
800.4803 	DATA 	Mouse:  Left button up, pos=(553,516)
801.2624 	EXP 	text_3: autoDraw = False
801.2792 	EXP 	secondcircle: autoDraw = True
802.1624 	EXP 	secondcircle: autoDraw = False
807.2977 	DATA 	Keypress: left
807.2991 	EXP 	New trial (rep=0, index=18): OrderedDict([('firstTime', 1.4), ('secondTime', 0.7), ('corrAns', 'left'), ('plusStart', 1.9), ('secondStart', 2.9), ('respStart', 3.6), ('randNum', 0.26139814899999997)])
807.3123 	EXP 	firstcircle_3: autoDraw = False
807.3123 	EXP 	text_3: autoDraw = False
807.3123 	EXP 	secondcircle: autoDraw = False
807.3123 	EXP 	text_4: autoDraw = False
807.3123 	EXP 	text_4: autoDraw = True
807.8123 	EXP 	text_4: autoDraw = False
807.8290 	EXP 	firstcircle_3: autoDraw = True
809.2124 	EXP 	firstcircle_3: autoDraw = False
809.2290 	EXP 	text_3: autoDraw = True
810.2123 	EXP 	text_3: autoDraw = False
810.2290 	EXP 	secondcircle: autoDraw = True
810.9124 	EXP 	secondcircle: autoDraw = False
813.1477 	DATA 	Keypress: left
813.1491 	EXP 	New trial (rep=0, index=19): OrderedDict([('firstTime', 0.7), ('secondTime', 1.4), ('corrAns', 'right'), ('plusStart', 1.2), ('secondStart', 2.2), ('respStart', 3.6), ('randNum', 0.515481866)])
813.1622 	EXP 	firstcircle_3: autoDraw = False
813.1622 	EXP 	text_3: autoDraw = False
813.1622 	EXP 	secondcircle: autoDraw = False
813.1622 	EXP 	text_4: autoDraw = False
813.1622 	EXP 	text_4: autoDraw = True
813.6623 	EXP 	text_4: autoDraw = False
813.6789 	EXP 	firstcircle_3: autoDraw = True
814.3622 	EXP 	firstcircle_3: autoDraw = False
814.3789 	EXP 	text_3: autoDraw = True
815.3622 	EXP 	text_3: autoDraw = False
815.3789 	EXP 	secondcircle: autoDraw = True
816.7622 	EXP 	secondcircle: autoDraw = False
816.9142 	DATA 	Keypress: left
816.9289 	EXP 	firstcircle_3: autoDraw = False
816.9289 	EXP 	text_3: autoDraw = False
816.9289 	EXP 	secondcircle: autoDraw = False
816.9289 	EXP 	text_4: autoDraw = False
816.9289 	EXP 	text_2: autoDraw = True
820.1982 	EXP 	window1: mouseVisible = True
