1.5383 	WARNING 	sounddevice audio lib was requested but not loaded: sounddevice not working
6.9690 	WARNING 	User requested fullscreen with size [1024  768], but screen is actually [1440, 900]. Using actual size
7.6354 	EXP 	Created window1 = Window(allowGUI=False, allowStencil=False, args=UNKNOWN, autoLog=True, bitsMode=UNKNOWN, blendMode='avg', color=array([0., 0., 0.]), colorSpace='rgb', fullscr=<method-wrapper '__getattribute__' of attributeSetter object at 0x11106edd8>, gamma=None, kwargs=UNKNOWN, lms=UNKNOWN, monitor=<psychopy.monitors.calibTools.Monitor object at 0x113ad7400>, multiSample=False, name='window1', numSamples=2, pos=[0.0, 0.0], screen=0, size=array([2880, 1800]), stereo=False, units='norm', useFBO=True, useRetina=True, viewOri=0.0, viewPos=None, viewScale=None, waitBlanking=True, winType='pyglet')
7.6355 	EXP 	window1: recordFrameIntervals = False
7.8011 	EXP 	window1: recordFrameIntervals = True
7.9847 	EXP 	window1: recordFrameIntervals = False
8.1252 	EXP 	Created insRound1 = TextStim(__class__=<class 'psychopy.visual.text.TextStim'>, alignHoriz='center', alignVert='center', antialias=True, autoLog=True, bold=False, color='white', colorSpace='named', contrast=1.0, depth=0.0, flipHoriz=False, flipVert=False, font='Arial', fontFiles=[], height=0.07, italic=False, languageStyle='LTR', name='insRound1', opacity=1.0, ori=0, pos=array([0., 0.]), rgb=array([255., 255., 255.]), text=str(...), units='norm', win=Window(...), wrapWidth=1)
8.1351 	EXP 	Created text = TextStim(__class__=<class 'psychopy.visual.text.TextStim'>, alignHoriz='center', alignVert='center', antialias=True, autoLog=True, bold=False, color='white', colorSpace='named', contrast=1.0, depth=0.0, flipHoriz=False, flipVert=False, font='Arial', fontFiles=[], height=0.1, italic=False, languageStyle='LTR', name='text', opacity=1.0, ori=0, pos=array([0., 0.]), rgb=array([255., 255., 255.]), text='Block 1 starts\n\nPress space', units='norm', win=Window(...), wrapWidth=1)
8.1478 	EXP 	Created firstcircle_3 = Polygon(__class__=<class 'psychopy.visual.polygon.Polygon'>, autoDraw=False, autoLog=True, closeShape=True, color=method-wrapper(...), colorSpace=None, contrast=1.0, depth=0.0, fillColor=array([1., 1., 1.]), fillColorSpace='rgb', fillRGB=array([1., 1., 1.]), interpolate=True, lineColor=array([1., 1., 1.]), lineColorSpace='rgb', lineRGB=array([1., 1., 1.]), lineWidth=1, name='firstcircle_3', opacity=1.0, ori=array(0.), pos=array([0., 0.]), size=array([0.3, 0.5]), units='norm', vertices=ndarray(...), win=Window(...))
8.1513 	EXP 	Created text_3 = TextStim(__class__=<class 'psychopy.visual.text.TextStim'>, alignHoriz='center', alignVert='center', antialias=True, autoLog=True, bold=False, color='white', colorSpace='named', contrast=1.0, depth=-2.0, flipHoriz=False, flipVert=False, font='Arial', fontFiles=[], height=0.1, italic=False, languageStyle='LTR', name='text_3', opacity=1.0, ori=0, pos=array([0., 0.]), rgb=array([255., 255., 255.]), text='+', units='norm', win=Window(...), wrapWidth=1)
8.1542 	EXP 	Created secondcircle = Polygon(__class__=<class 'psychopy.visual.polygon.Polygon'>, autoDraw=False, autoLog=True, closeShape=True, color=method-wrapper(...), colorSpace=None, contrast=1.0, depth=-3.0, fillColor=array([-1., -1., -1.]), fillColorSpace='rgb', fillRGB=array([-1., -1., -1.]), interpolate=True, lineColor=array([-1., -1., -1.]), lineColorSpace='rgb', lineRGB=array([-1., -1., -1.]), lineWidth=1, name='secondcircle', opacity=1.0, ori=array(0.), pos=array([0., 0.]), size=array([0.3, 0.5]), units='norm', vertices=ndarray(...), win=Window(...))
8.1574 	EXP 	Created text_4 = TextStim(__class__=<class 'psychopy.visual.text.TextStim'>, alignHoriz='center', alignVert='center', antialias=True, autoLog=True, bold=False, color='white', colorSpace='named', contrast=1.0, depth=-4.0, flipHoriz=False, flipVert=False, font='Arial', fontFiles=[], height=0.1, italic=False, languageStyle='LTR', name='text_4', opacity=1.0, ori=0, pos=array([0., 0.]), rgb=array([255., 255., 255.]), text='next', units='norm', win=Window(...), wrapWidth=1)
8.1633 	EXP 	Created text_5 = TextStim(__class__=<class 'psychopy.visual.text.TextStim'>, alignHoriz='center', alignVert='center', antialias=True, autoLog=True, bold=False, color='white', colorSpace='named', contrast=1.0, depth=0.0, flipHoriz=False, flipVert=False, font='Arial', fontFiles=[], height=0.1, italic=False, languageStyle='LTR', name='text_5', opacity=1.0, ori=0, pos=array([0., 0.]), rgb=array([255., 255., 255.]), text='Block 2 starts\n\nPress space', units='norm', win=Window(...), wrapWidth=1)
8.1658 	EXP 	Created firstcircle_3 = Polygon(__class__=<class 'psychopy.visual.polygon.Polygon'>, autoDraw=False, autoLog=True, closeShape=True, color=method-wrapper(...), colorSpace=None, contrast=1.0, depth=0.0, fillColor=array([1., 1., 1.]), fillColorSpace='rgb', fillRGB=array([1., 1., 1.]), interpolate=True, lineColor=array([1., 1., 1.]), lineColorSpace='rgb', lineRGB=array([1., 1., 1.]), lineWidth=1, name='firstcircle_3', opacity=1.0, ori=array(0.), pos=array([0., 0.]), size=array([0.3, 0.5]), units='norm', vertices=ndarray(...), win=Window(...))
8.1678 	EXP 	Created text_3 = TextStim(__class__=<class 'psychopy.visual.text.TextStim'>, alignHoriz='center', alignVert='center', antialias=True, autoLog=True, bold=False, color='white', colorSpace='named', contrast=1.0, depth=-2.0, flipHoriz=False, flipVert=False, font='Arial', fontFiles=[], height=0.1, italic=False, languageStyle='LTR', name='text_3', opacity=1.0, ori=0, pos=array([0., 0.]), rgb=array([255., 255., 255.]), text='+', units='norm', win=Window(...), wrapWidth=1)
8.1703 	EXP 	Created secondcircle = Polygon(__class__=<class 'psychopy.visual.polygon.Polygon'>, autoDraw=False, autoLog=True, closeShape=True, color=method-wrapper(...), colorSpace=None, contrast=1.0, depth=-3.0, fillColor=array([-1., -1., -1.]), fillColorSpace='rgb', fillRGB=array([-1., -1., -1.]), interpolate=True, lineColor=array([-1., -1., -1.]), lineColorSpace='rgb', lineRGB=array([-1., -1., -1.]), lineWidth=1, name='secondcircle', opacity=1.0, ori=array(0.), pos=array([0., 0.]), size=array([0.3, 0.5]), units='norm', vertices=ndarray(...), win=Window(...))
8.1725 	EXP 	Created text_4 = TextStim(__class__=<class 'psychopy.visual.text.TextStim'>, alignHoriz='center', alignVert='center', antialias=True, autoLog=True, bold=False, color='white', colorSpace='named', contrast=1.0, depth=-4.0, flipHoriz=False, flipVert=False, font='Arial', fontFiles=[], height=0.1, italic=False, languageStyle='LTR', name='text_4', opacity=1.0, ori=0, pos=array([0., 0.]), rgb=array([255., 255., 255.]), text='next', units='norm', win=Window(...), wrapWidth=1)
8.1783 	EXP 	Created text_6 = TextStim(__class__=<class 'psychopy.visual.text.TextStim'>, alignHoriz='center', alignVert='center', antialias=True, autoLog=True, bold=False, color='white', colorSpace='named', contrast=1.0, depth=0.0, flipHoriz=False, flipVert=False, font='Arial', fontFiles=[], height=0.1, italic=False, languageStyle='LTR', name='text_6', opacity=1.0, ori=0, pos=array([0., 0.]), rgb=array([255., 255., 255.]), text='Block 3 starts\n\nPress space', units='norm', win=Window(...), wrapWidth=1)
8.1807 	EXP 	Created firstcircle_3 = Polygon(__class__=<class 'psychopy.visual.polygon.Polygon'>, autoDraw=False, autoLog=True, closeShape=True, color=method-wrapper(...), colorSpace=None, contrast=1.0, depth=0.0, fillColor=array([1., 1., 1.]), fillColorSpace='rgb', fillRGB=array([1., 1., 1.]), interpolate=True, lineColor=array([1., 1., 1.]), lineColorSpace='rgb', lineRGB=array([1., 1., 1.]), lineWidth=1, name='firstcircle_3', opacity=1.0, ori=array(0.), pos=array([0., 0.]), size=array([0.3, 0.5]), units='norm', vertices=ndarray(...), win=Window(...))
8.1827 	EXP 	Created text_3 = TextStim(__class__=<class 'psychopy.visual.text.TextStim'>, alignHoriz='center', alignVert='center', antialias=True, autoLog=True, bold=False, color='white', colorSpace='named', contrast=1.0, depth=-2.0, flipHoriz=False, flipVert=False, font='Arial', fontFiles=[], height=0.1, italic=False, languageStyle='LTR', name='text_3', opacity=1.0, ori=0, pos=array([0., 0.]), rgb=array([255., 255., 255.]), text='+', units='norm', win=Window(...), wrapWidth=1)
8.1853 	EXP 	Created secondcircle = Polygon(__class__=<class 'psychopy.visual.polygon.Polygon'>, autoDraw=False, autoLog=True, closeShape=True, color=method-wrapper(...), colorSpace=None, contrast=1.0, depth=-3.0, fillColor=array([-1., -1., -1.]), fillColorSpace='rgb', fillRGB=array([-1., -1., -1.]), interpolate=True, lineColor=array([-1., -1., -1.]), lineColorSpace='rgb', lineRGB=array([-1., -1., -1.]), lineWidth=1, name='secondcircle', opacity=1.0, ori=array(0.), pos=array([0., 0.]), size=array([0.3, 0.5]), units='norm', vertices=ndarray(...), win=Window(...))
8.1876 	EXP 	Created text_4 = TextStim(__class__=<class 'psychopy.visual.text.TextStim'>, alignHoriz='center', alignVert='center', antialias=True, autoLog=True, bold=False, color='white', colorSpace='named', contrast=1.0, depth=-4.0, flipHoriz=False, flipVert=False, font='Arial', fontFiles=[], height=0.1, italic=False, languageStyle='LTR', name='text_4', opacity=1.0, ori=0, pos=array([0., 0.]), rgb=array([255., 255., 255.]), text='next', units='norm', win=Window(...), wrapWidth=1)
8.1934 	EXP 	Created text_7 = TextStim(__class__=<class 'psychopy.visual.text.TextStim'>, alignHoriz='center', alignVert='center', antialias=True, autoLog=True, bold=False, color='white', colorSpace='named', contrast=1.0, depth=0.0, flipHoriz=False, flipVert=False, font='Arial', fontFiles=[], height=0.1, italic=False, languageStyle='LTR', name='text_7', opacity=1.0, ori=0, pos=array([0., 0.]), rgb=array([255., 255., 255.]), text='Block 4 starts\n\nPress space', units='norm', win=Window(...), wrapWidth=1)
8.1962 	EXP 	Created firstcircle_3 = Polygon(__class__=<class 'psychopy.visual.polygon.Polygon'>, autoDraw=False, autoLog=True, closeShape=True, color=method-wrapper(...), colorSpace=None, contrast=1.0, depth=0.0, fillColor=array([1., 1., 1.]), fillColorSpace='rgb', fillRGB=array([1., 1., 1.]), interpolate=True, lineColor=array([1., 1., 1.]), lineColorSpace='rgb', lineRGB=array([1., 1., 1.]), lineWidth=1, name='firstcircle_3', opacity=1.0, ori=array(0.), pos=array([0., 0.]), size=array([0.3, 0.5]), units='norm', vertices=ndarray(...), win=Window(...))
8.1982 	EXP 	Created text_3 = TextStim(__class__=<class 'psychopy.visual.text.TextStim'>, alignHoriz='center', alignVert='center', antialias=True, autoLog=True, bold=False, color='white', colorSpace='named', contrast=1.0, depth=-2.0, flipHoriz=False, flipVert=False, font='Arial', fontFiles=[], height=0.1, italic=False, languageStyle='LTR', name='text_3', opacity=1.0, ori=0, pos=array([0., 0.]), rgb=array([255., 255., 255.]), text='+', units='norm', win=Window(...), wrapWidth=1)
8.2007 	EXP 	Created secondcircle = Polygon(__class__=<class 'psychopy.visual.polygon.Polygon'>, autoDraw=False, autoLog=True, closeShape=True, color=method-wrapper(...), colorSpace=None, contrast=1.0, depth=-3.0, fillColor=array([-1., -1., -1.]), fillColorSpace='rgb', fillRGB=array([-1., -1., -1.]), interpolate=True, lineColor=array([-1., -1., -1.]), lineColorSpace='rgb', lineRGB=array([-1., -1., -1.]), lineWidth=1, name='secondcircle', opacity=1.0, ori=array(0.), pos=array([0., 0.]), size=array([0.3, 0.5]), units='norm', vertices=ndarray(...), win=Window(...))
8.2028 	EXP 	Created text_4 = TextStim(__class__=<class 'psychopy.visual.text.TextStim'>, alignHoriz='center', alignVert='center', antialias=True, autoLog=True, bold=False, color='white', colorSpace='named', contrast=1.0, depth=-4.0, flipHoriz=False, flipVert=False, font='Arial', fontFiles=[], height=0.1, italic=False, languageStyle='LTR', name='text_4', opacity=1.0, ori=0, pos=array([0., 0.]), rgb=array([255., 255., 255.]), text='next', units='norm', win=Window(...), wrapWidth=1)
8.2069 	EXP 	Created text_2 = TextStim(__class__=<class 'psychopy.visual.text.TextStim'>, alignHoriz='center', alignVert='center', antialias=True, autoLog=True, bold=False, color='white', colorSpace='named', contrast=1.0, depth=0.0, flipHoriz=False, flipVert=False, font='Arial', fontFiles=[], height=0.1, italic=False, languageStyle='LTR', name='text_2', opacity=1.0, ori=0, pos=array([0., 0.]), rgb=array([255., 255., 255.]), text='The end', units='norm', win=Window(...), wrapWidth=1)
8.2177 	EXP 	insRound1: autoDraw = True
48.3732 	DATA 	Keypress: space
48.3838 	EXP 	insRound1: autoDraw = False
48.3838 	EXP 	text: autoDraw = True
50.0527 	DATA 	Keypress: space
50.0758 	EXP 	Imported conditionsTime.csv as conditions, 20 conditions, 7 params
50.0762 	EXP 	Created sequence: sequential, trialTypes=20, nReps=1, seed=None
50.0766 	EXP 	New trial (rep=0, index=0): OrderedDict([('firstTime', 1.8), ('secondTime', 1.2), ('corrAns', 'left'), ('plusStart', 2.3), ('secondStart', 3.3), ('respStart', 4.5), ('randNum', 0.17368025899999998)])
50.0838 	EXP 	text: autoDraw = False
50.0838 	EXP 	text_4: autoDraw = True
50.5837 	EXP 	text_4: autoDraw = False
50.6005 	EXP 	firstcircle_3: autoDraw = True
52.3837 	EXP 	firstcircle_3: autoDraw = False
52.4004 	EXP 	text_3: autoDraw = True
53.3837 	EXP 	text_3: autoDraw = False
53.4004 	EXP 	secondcircle: autoDraw = True
54.5837 	EXP 	secondcircle: autoDraw = False
55.6525 	DATA 	Keypress: left
55.6539 	EXP 	New trial (rep=0, index=1): OrderedDict([('firstTime', 3.6), ('secondTime', 3.2), ('corrAns', 'left'), ('plusStart', 4.1), ('secondStart', 5.1), ('respStart', 8.3), ('randNum', 0.41458448299999995)])
55.6670 	EXP 	firstcircle_3: autoDraw = False
55.6670 	EXP 	text_3: autoDraw = False
55.6670 	EXP 	secondcircle: autoDraw = False
55.6670 	EXP 	text_4: autoDraw = False
55.6670 	EXP 	text_4: autoDraw = True
56.1670 	EXP 	text_4: autoDraw = False
56.1837 	EXP 	firstcircle_3: autoDraw = True
59.7669 	EXP 	firstcircle_3: autoDraw = False
59.7836 	EXP 	text_3: autoDraw = True
60.7670 	EXP 	text_3: autoDraw = False
60.7836 	EXP 	secondcircle: autoDraw = True
63.9669 	EXP 	secondcircle: autoDraw = False
64.5189 	DATA 	Keypress: right
64.5203 	EXP 	New trial (rep=0, index=2): OrderedDict([('firstTime', 2.5), ('secondTime', 1.5), ('corrAns', 'left'), ('plusStart', 3.0), ('secondStart', 4.0), ('respStart', 5.5), ('randNum', 0.148607464)])
64.5335 	EXP 	firstcircle_3: autoDraw = False
64.5335 	EXP 	text_3: autoDraw = False
64.5335 	EXP 	secondcircle: autoDraw = False
64.5335 	EXP 	text_4: autoDraw = False
64.5335 	EXP 	text_4: autoDraw = True
65.0335 	EXP 	text_4: autoDraw = False
65.0502 	EXP 	firstcircle_3: autoDraw = True
67.5335 	EXP 	firstcircle_3: autoDraw = False
67.5502 	EXP 	text_3: autoDraw = True
68.5335 	EXP 	text_3: autoDraw = False
68.5502 	EXP 	secondcircle: autoDraw = True
70.0335 	EXP 	secondcircle: autoDraw = False
70.6860 	DATA 	Keypress: left
70.7019 	EXP 	New trial (rep=0, index=3): OrderedDict([('firstTime', 1.8), ('secondTime', 2.7), ('corrAns', 'right'), ('plusStart', 2.3), ('secondStart', 3.3), ('respStart', 6.0), ('randNum', 0.13554984)])
70.7168 	EXP 	firstcircle_3: autoDraw = False
70.7168 	EXP 	text_3: autoDraw = False
70.7168 	EXP 	secondcircle: autoDraw = False
70.7168 	EXP 	text_4: autoDraw = False
70.7168 	EXP 	text_4: autoDraw = True
71.2168 	EXP 	text_4: autoDraw = False
71.2335 	EXP 	firstcircle_3: autoDraw = True
73.0168 	EXP 	firstcircle_3: autoDraw = False
73.0334 	EXP 	text_3: autoDraw = True
74.0167 	EXP 	text_3: autoDraw = False
74.0334 	EXP 	secondcircle: autoDraw = True
76.7167 	EXP 	secondcircle: autoDraw = False
77.2021 	DATA 	Keypress: right
77.2035 	EXP 	New trial (rep=0, index=4): OrderedDict([('firstTime', 1.2), ('secondTime', 1.8), ('corrAns', 'right'), ('plusStart', 1.7), ('secondStart', 2.7), ('respStart', 4.5), ('randNum', 0.309174352)])
77.2167 	EXP 	firstcircle_3: autoDraw = False
77.2167 	EXP 	text_3: autoDraw = False
77.2167 	EXP 	secondcircle: autoDraw = False
77.2167 	EXP 	text_4: autoDraw = False
77.2167 	EXP 	text_4: autoDraw = True
77.7167 	EXP 	text_4: autoDraw = False
77.7334 	EXP 	firstcircle_3: autoDraw = True
78.9167 	EXP 	firstcircle_3: autoDraw = False
78.9333 	EXP 	text_3: autoDraw = True
79.9167 	EXP 	text_3: autoDraw = False
79.9333 	EXP 	secondcircle: autoDraw = True
81.7166 	EXP 	secondcircle: autoDraw = False
82.1188 	DATA 	Keypress: right
82.1203 	EXP 	New trial (rep=0, index=5): OrderedDict([('firstTime', 8.8), ('secondTime', 9.9), ('corrAns', 'right'), ('plusStart', 9.3), ('secondStart', 10.3), ('respStart', 20.2), ('randNum', 0.7009299529999999)])
82.1333 	EXP 	firstcircle_3: autoDraw = False
82.1333 	EXP 	text_3: autoDraw = False
82.1333 	EXP 	secondcircle: autoDraw = False
82.1333 	EXP 	text_4: autoDraw = False
82.1333 	EXP 	text_4: autoDraw = True
82.6333 	EXP 	text_4: autoDraw = False
82.6499 	EXP 	firstcircle_3: autoDraw = True
91.4332 	EXP 	firstcircle_3: autoDraw = False
91.4498 	EXP 	text_3: autoDraw = True
92.4332 	EXP 	text_3: autoDraw = False
92.4498 	EXP 	secondcircle: autoDraw = True
102.3331 	EXP 	secondcircle: autoDraw = False
103.0851 	DATA 	Keypress: left
103.0864 	EXP 	New trial (rep=0, index=6): OrderedDict([('firstTime', 3.3), ('secondTime', 4.4), ('corrAns', 'right'), ('plusStart', 3.8), ('secondStart', 4.8), ('respStart', 9.2), ('randNum', 0.705723743)])
103.0997 	EXP 	firstcircle_3: autoDraw = False
103.0997 	EXP 	text_3: autoDraw = False
103.0997 	EXP 	secondcircle: autoDraw = False
103.0997 	EXP 	text_4: autoDraw = False
103.0997 	EXP 	text_4: autoDraw = True
103.5997 	EXP 	text_4: autoDraw = False
103.6163 	EXP 	firstcircle_3: autoDraw = True
106.8996 	EXP 	firstcircle_3: autoDraw = False
106.9163 	EXP 	text_3: autoDraw = True
107.8996 	EXP 	text_3: autoDraw = False
107.9163 	EXP 	secondcircle: autoDraw = True
112.2995 	EXP 	secondcircle: autoDraw = False
115.9849 	DATA 	Keypress: right
115.9862 	EXP 	New trial (rep=0, index=7): OrderedDict([('firstTime', 3.5), ('secondTime', 2.1), ('corrAns', 'left'), ('plusStart', 4.0), ('secondStart', 5.0), ('respStart', 7.1), ('randNum', 0.544523215)])
115.9995 	EXP 	firstcircle_3: autoDraw = False
115.9995 	EXP 	text_3: autoDraw = False
115.9995 	EXP 	secondcircle: autoDraw = False
115.9995 	EXP 	text_4: autoDraw = False
115.9995 	EXP 	text_4: autoDraw = True
116.4995 	EXP 	text_4: autoDraw = False
116.5162 	EXP 	firstcircle_3: autoDraw = True
119.9995 	EXP 	firstcircle_3: autoDraw = False
120.0161 	EXP 	text_3: autoDraw = True
120.9994 	EXP 	text_3: autoDraw = False
121.0161 	EXP 	secondcircle: autoDraw = True
123.0994 	EXP 	secondcircle: autoDraw = False
124.0526 	DATA 	Keypress: left
124.0677 	EXP 	New trial (rep=0, index=8): OrderedDict([('firstTime', 1.4), ('secondTime', 0.7), ('corrAns', 'left'), ('plusStart', 1.9), ('secondStart', 2.9), ('respStart', 3.6), ('randNum', 0.53553232)])
124.0828 	EXP 	firstcircle_3: autoDraw = False
124.0828 	EXP 	text_3: autoDraw = False
124.0828 	EXP 	secondcircle: autoDraw = False
124.0828 	EXP 	text_4: autoDraw = False
124.0828 	EXP 	text_4: autoDraw = True
124.5827 	EXP 	text_4: autoDraw = False
124.5994 	EXP 	firstcircle_3: autoDraw = True
125.9827 	EXP 	firstcircle_3: autoDraw = False
125.9994 	EXP 	text_3: autoDraw = True
126.9827 	EXP 	text_3: autoDraw = False
126.9994 	EXP 	secondcircle: autoDraw = True
127.6827 	EXP 	secondcircle: autoDraw = False
128.3845 	DATA 	Keypress: left
128.3859 	EXP 	New trial (rep=0, index=9): OrderedDict([('firstTime', 4.4), ('secondTime', 3.3), ('corrAns', 'left'), ('plusStart', 4.9), ('secondStart', 5.9), ('respStart', 9.2), ('randNum', 0.255641654)])
128.3994 	EXP 	firstcircle_3: autoDraw = False
128.3994 	EXP 	text_3: autoDraw = False
128.3994 	EXP 	secondcircle: autoDraw = False
128.3994 	EXP 	text_4: autoDraw = False
128.3994 	EXP 	text_4: autoDraw = True
128.8993 	EXP 	text_4: autoDraw = False
128.9161 	EXP 	firstcircle_3: autoDraw = True
133.2993 	EXP 	firstcircle_3: autoDraw = False
133.3159 	EXP 	text_3: autoDraw = True
134.2993 	EXP 	text_3: autoDraw = False
134.3159 	EXP 	secondcircle: autoDraw = True
137.5992 	EXP 	secondcircle: autoDraw = False
138.9013 	DATA 	Keypress: left
138.9027 	EXP 	New trial (rep=0, index=10): OrderedDict([('firstTime', 3.2), ('secondTime', 3.6), ('corrAns', 'right'), ('plusStart', 3.7), ('secondStart', 4.7), ('respStart', 8.3), ('randNum', 0.140100939)])
138.9159 	EXP 	firstcircle_3: autoDraw = False
138.9159 	EXP 	text_3: autoDraw = False
138.9159 	EXP 	secondcircle: autoDraw = False
138.9159 	EXP 	text_4: autoDraw = False
138.9159 	EXP 	text_4: autoDraw = True
139.4159 	EXP 	text_4: autoDraw = False
139.4325 	EXP 	firstcircle_3: autoDraw = True
142.6158 	EXP 	firstcircle_3: autoDraw = False
142.6325 	EXP 	text_3: autoDraw = True
143.6158 	EXP 	text_3: autoDraw = False
143.6325 	EXP 	secondcircle: autoDraw = True
147.2158 	EXP 	secondcircle: autoDraw = False
148.1845 	DATA 	Keypress: right
148.1859 	EXP 	New trial (rep=0, index=11): OrderedDict([('firstTime', 2.8), ('secondTime', 2.1), ('corrAns', 'left'), ('plusStart', 3.3), ('secondStart', 4.3), ('respStart', 6.4), ('randNum', 0.019093293)])
148.1991 	EXP 	firstcircle_3: autoDraw = False
148.1991 	EXP 	text_3: autoDraw = False
148.1991 	EXP 	secondcircle: autoDraw = False
148.1991 	EXP 	text_4: autoDraw = False
148.1991 	EXP 	text_4: autoDraw = True
148.6991 	EXP 	text_4: autoDraw = False
148.7158 	EXP 	firstcircle_3: autoDraw = True
151.4990 	EXP 	firstcircle_3: autoDraw = False
151.5157 	EXP 	text_3: autoDraw = True
152.4990 	EXP 	text_3: autoDraw = False
152.5157 	EXP 	secondcircle: autoDraw = True
154.5990 	EXP 	secondcircle: autoDraw = False
155.9180 	DATA 	Keypress: left
155.9197 	EXP 	New trial (rep=0, index=12): OrderedDict([('firstTime', 0.9), ('secondTime', 1.8), ('corrAns', 'right'), ('plusStart', 1.4), ('secondStart', 2.4), ('respStart', 4.2), ('randNum', 0.461070472)])
155.9323 	EXP 	firstcircle_3: autoDraw = False
155.9323 	EXP 	text_3: autoDraw = False
155.9323 	EXP 	secondcircle: autoDraw = False
155.9323 	EXP 	text_4: autoDraw = False
155.9323 	EXP 	text_4: autoDraw = True
156.4323 	EXP 	text_4: autoDraw = False
156.4490 	EXP 	firstcircle_3: autoDraw = True
157.3323 	EXP 	firstcircle_3: autoDraw = False
157.3490 	EXP 	text_3: autoDraw = True
158.3323 	EXP 	text_3: autoDraw = False
158.3489 	EXP 	secondcircle: autoDraw = True
159.6011 	DATA 	Keypress: right
160.1322 	EXP 	secondcircle: autoDraw = False
160.6009 	DATA 	Keypress: right
160.6024 	EXP 	New trial (rep=0, index=13): OrderedDict([('firstTime', 2.1), ('secondTime', 2.8), ('corrAns', 'right'), ('plusStart', 2.6), ('secondStart', 3.6), ('respStart', 6.4), ('randNum', 0.22761601199999998)])
160.6156 	EXP 	firstcircle_3: autoDraw = False
160.6156 	EXP 	text_3: autoDraw = False
160.6156 	EXP 	secondcircle: autoDraw = False
160.6156 	EXP 	text_4: autoDraw = False
160.6156 	EXP 	text_4: autoDraw = True
161.1156 	EXP 	text_4: autoDraw = False
161.1322 	EXP 	firstcircle_3: autoDraw = True
163.2155 	EXP 	firstcircle_3: autoDraw = False
163.2322 	EXP 	text_3: autoDraw = True
164.2156 	EXP 	text_3: autoDraw = False
164.2322 	EXP 	secondcircle: autoDraw = True
167.0155 	EXP 	secondcircle: autoDraw = False
167.5007 	DATA 	Keypress: right
167.5020 	EXP 	New trial (rep=0, index=14): OrderedDict([('firstTime', 0.7), ('secondTime', 1.4), ('corrAns', 'right'), ('plusStart', 1.2), ('secondStart', 2.2), ('respStart', 3.6), ('randNum', 0.436550891)])
167.5155 	EXP 	firstcircle_3: autoDraw = False
167.5155 	EXP 	text_3: autoDraw = False
167.5155 	EXP 	secondcircle: autoDraw = False
167.5155 	EXP 	text_4: autoDraw = False
167.5155 	EXP 	text_4: autoDraw = True
168.0155 	EXP 	text_4: autoDraw = False
168.0321 	EXP 	firstcircle_3: autoDraw = True
168.7155 	EXP 	firstcircle_3: autoDraw = False
168.7321 	EXP 	text_3: autoDraw = True
169.7155 	EXP 	text_3: autoDraw = False
169.7321 	EXP 	secondcircle: autoDraw = True
171.1155 	EXP 	secondcircle: autoDraw = False
175.3507 	DATA 	Keypress: right
175.3524 	EXP 	New trial (rep=0, index=15): OrderedDict([('firstTime', 1.8), ('secondTime', 0.9), ('corrAns', 'left'), ('plusStart', 2.3), ('secondStart', 3.3), ('respStart', 4.2), ('randNum', 0.028891147000000002)])
175.3655 	EXP 	firstcircle_3: autoDraw = False
175.3655 	EXP 	text_3: autoDraw = False
175.3655 	EXP 	secondcircle: autoDraw = False
175.3655 	EXP 	text_4: autoDraw = False
175.3655 	EXP 	text_4: autoDraw = True
175.8654 	EXP 	text_4: autoDraw = False
175.8820 	EXP 	firstcircle_3: autoDraw = True
177.6653 	EXP 	firstcircle_3: autoDraw = False
177.6820 	EXP 	text_3: autoDraw = True
178.6175 	DATA 	Keypress: left
178.6654 	EXP 	text_3: autoDraw = False
178.6820 	EXP 	secondcircle: autoDraw = True
179.5653 	EXP 	secondcircle: autoDraw = False
180.5006 	DATA 	Keypress: right
180.5022 	EXP 	New trial (rep=0, index=16): OrderedDict([('firstTime', 2.7), ('secondTime', 1.8), ('corrAns', 'left'), ('plusStart', 3.2), ('secondStart', 4.2), ('respStart', 6.0), ('randNum', 0.277400549)])
180.5153 	EXP 	firstcircle_3: autoDraw = False
180.5153 	EXP 	text_3: autoDraw = False
180.5153 	EXP 	secondcircle: autoDraw = False
180.5153 	EXP 	text_4: autoDraw = False
180.5153 	EXP 	text_4: autoDraw = True
181.0153 	EXP 	text_4: autoDraw = False
181.0320 	EXP 	firstcircle_3: autoDraw = True
183.7153 	EXP 	firstcircle_3: autoDraw = False
183.7319 	EXP 	text_3: autoDraw = True
184.7152 	EXP 	text_3: autoDraw = False
184.7320 	EXP 	secondcircle: autoDraw = True
186.5152 	EXP 	secondcircle: autoDraw = False
187.2010 	DATA 	Keypress: left
187.2025 	EXP 	New trial (rep=0, index=17): OrderedDict([('firstTime', 9.9), ('secondTime', 8.8), ('corrAns', 'left'), ('plusStart', 10.4), ('secondStart', 11.4), ('respStart', 20.2), ('randNum', 0.9607848720000001)])
187.2152 	EXP 	firstcircle_3: autoDraw = False
187.2152 	EXP 	text_3: autoDraw = False
187.2152 	EXP 	secondcircle: autoDraw = False
187.2152 	EXP 	text_4: autoDraw = False
187.2152 	EXP 	text_4: autoDraw = True
187.7152 	EXP 	text_4: autoDraw = False
187.7319 	EXP 	firstcircle_3: autoDraw = True
197.6151 	EXP 	firstcircle_3: autoDraw = False
197.6317 	EXP 	text_3: autoDraw = True
198.6151 	EXP 	text_3: autoDraw = False
198.6317 	EXP 	secondcircle: autoDraw = True
207.4150 	EXP 	secondcircle: autoDraw = False
208.3841 	DATA 	Keypress: left
208.3856 	EXP 	New trial (rep=0, index=18): OrderedDict([('firstTime', 2.1), ('secondTime', 3.5), ('corrAns', 'right'), ('plusStart', 2.6), ('secondStart', 3.6), ('respStart', 7.1), ('randNum', 0.609327094)])
208.3983 	EXP 	firstcircle_3: autoDraw = False
208.3983 	EXP 	text_3: autoDraw = False
208.3983 	EXP 	secondcircle: autoDraw = False
208.3983 	EXP 	text_4: autoDraw = False
208.3983 	EXP 	text_4: autoDraw = True
208.8983 	EXP 	text_4: autoDraw = False
208.9149 	EXP 	firstcircle_3: autoDraw = True
210.9982 	EXP 	firstcircle_3: autoDraw = False
211.0149 	EXP 	text_3: autoDraw = True
211.9982 	EXP 	text_3: autoDraw = False
212.0149 	EXP 	secondcircle: autoDraw = True
215.4982 	EXP 	secondcircle: autoDraw = False
216.0677 	DATA 	Keypress: right
216.0836 	EXP 	New trial (rep=0, index=19): OrderedDict([('firstTime', 1.5), ('secondTime', 2.5), ('corrAns', 'right'), ('plusStart', 2.0), ('secondStart', 3.0), ('respStart', 5.5), ('randNum', 0.487304505)])
216.0983 	EXP 	firstcircle_3: autoDraw = False
216.0983 	EXP 	text_3: autoDraw = False
216.0983 	EXP 	secondcircle: autoDraw = False
216.0983 	EXP 	text_4: autoDraw = False
216.0983 	EXP 	text_4: autoDraw = True
216.5981 	EXP 	text_4: autoDraw = False
216.6148 	EXP 	firstcircle_3: autoDraw = True
218.0981 	EXP 	firstcircle_3: autoDraw = False
218.1148 	EXP 	text_3: autoDraw = True
219.0981 	EXP 	text_3: autoDraw = False
219.1148 	EXP 	secondcircle: autoDraw = True
221.5981 	EXP 	secondcircle: autoDraw = False
222.1502 	DATA 	Keypress: right
222.1648 	EXP 	firstcircle_3: autoDraw = False
222.1648 	EXP 	text_3: autoDraw = False
222.1648 	EXP 	secondcircle: autoDraw = False
222.1648 	EXP 	text_4: autoDraw = False
222.1648 	EXP 	text_5: autoDraw = True
223.6505 	DATA 	Keypress: space
223.6562 	EXP 	Imported conditionsTime2.csv as conditions, 20 conditions, 7 params
223.6566 	EXP 	Created sequence: sequential, trialTypes=20, nReps=1, seed=None
223.6570 	EXP 	New trial (rep=0, index=0): OrderedDict([('firstTime', 9.9), ('secondTime', 8.8), ('corrAns', 'left'), ('plusStart', 10.4), ('secondStart', 11.4), ('respStart', 20.2), ('randNum', 0.6005130679999999)])
223.6647 	EXP 	text_5: autoDraw = False
223.6647 	EXP 	text_4: autoDraw = True
224.1647 	EXP 	text_4: autoDraw = False
224.1814 	EXP 	firstcircle_3: autoDraw = True
234.0646 	EXP 	firstcircle_3: autoDraw = False
234.0812 	EXP 	text_3: autoDraw = True
235.0646 	EXP 	text_3: autoDraw = False
235.0812 	EXP 	secondcircle: autoDraw = True
243.8644 	EXP 	secondcircle: autoDraw = False
244.2162 	DATA 	Keypress: right
244.2175 	EXP 	New trial (rep=0, index=1): OrderedDict([('firstTime', 1.5), ('secondTime', 2.5), ('corrAns', 'right'), ('plusStart', 2.0), ('secondStart', 3.0), ('respStart', 5.5), ('randNum', 0.805142221)])
244.2311 	EXP 	firstcircle_3: autoDraw = False
244.2311 	EXP 	text_3: autoDraw = False
244.2311 	EXP 	secondcircle: autoDraw = False
244.2311 	EXP 	text_4: autoDraw = False
244.2311 	EXP 	text_4: autoDraw = True
244.7311 	EXP 	text_4: autoDraw = False
244.7478 	EXP 	firstcircle_3: autoDraw = True
246.2311 	EXP 	firstcircle_3: autoDraw = False
246.2478 	EXP 	text_3: autoDraw = True
246.8330 	DATA 	Keypress: left
247.2311 	EXP 	text_3: autoDraw = False
247.2477 	EXP 	secondcircle: autoDraw = True
249.7310 	EXP 	secondcircle: autoDraw = False
251.0830 	DATA 	Keypress: right
251.0844 	EXP 	New trial (rep=0, index=2): OrderedDict([('firstTime', 0.7), ('secondTime', 1.4), ('corrAns', 'right'), ('plusStart', 1.2), ('secondStart', 2.2), ('respStart', 3.6), ('randNum', 0.70587608)])
251.0977 	EXP 	firstcircle_3: autoDraw = False
251.0977 	EXP 	text_3: autoDraw = False
251.0977 	EXP 	secondcircle: autoDraw = False
251.0977 	EXP 	text_4: autoDraw = False
251.0977 	EXP 	text_4: autoDraw = True
251.5977 	EXP 	text_4: autoDraw = False
251.6143 	EXP 	firstcircle_3: autoDraw = True
252.2977 	EXP 	firstcircle_3: autoDraw = False
252.3143 	EXP 	text_3: autoDraw = True
253.2977 	EXP 	text_3: autoDraw = False
253.3143 	EXP 	secondcircle: autoDraw = True
254.6976 	EXP 	secondcircle: autoDraw = False
255.1329 	DATA 	Keypress: right
255.1343 	EXP 	New trial (rep=0, index=3): OrderedDict([('firstTime', 1.2), ('secondTime', 1.8), ('corrAns', 'right'), ('plusStart', 1.7), ('secondStart', 2.7), ('respStart', 4.5), ('randNum', 0.276216099)])
255.1477 	EXP 	firstcircle_3: autoDraw = False
255.1477 	EXP 	text_3: autoDraw = False
255.1477 	EXP 	secondcircle: autoDraw = False
255.1477 	EXP 	text_4: autoDraw = False
255.1477 	EXP 	text_4: autoDraw = True
255.6476 	EXP 	text_4: autoDraw = False
255.6643 	EXP 	firstcircle_3: autoDraw = True
256.8477 	EXP 	firstcircle_3: autoDraw = False
256.8644 	EXP 	text_3: autoDraw = True
257.8476 	EXP 	text_3: autoDraw = False
257.8643 	EXP 	secondcircle: autoDraw = True
259.6476 	EXP 	secondcircle: autoDraw = False
260.1328 	DATA 	Keypress: right
260.1343 	EXP 	New trial (rep=0, index=4): OrderedDict([('firstTime', 3.3), ('secondTime', 4.4), ('corrAns', 'right'), ('plusStart', 3.8), ('secondStart', 4.8), ('respStart', 9.2), ('randNum', 0.803512663)])
260.1476 	EXP 	firstcircle_3: autoDraw = False
260.1476 	EXP 	text_3: autoDraw = False
260.1476 	EXP 	secondcircle: autoDraw = False
260.1476 	EXP 	text_4: autoDraw = False
260.1476 	EXP 	text_4: autoDraw = True
260.6476 	EXP 	text_4: autoDraw = False
260.6642 	EXP 	firstcircle_3: autoDraw = True
263.9475 	EXP 	firstcircle_3: autoDraw = False
263.9642 	EXP 	text_3: autoDraw = True
264.9475 	EXP 	text_3: autoDraw = False
264.9642 	EXP 	secondcircle: autoDraw = True
269.3474 	EXP 	secondcircle: autoDraw = False
269.8166 	DATA 	Keypress: right
269.8324 	EXP 	New trial (rep=0, index=5): OrderedDict([('firstTime', 2.1), ('secondTime', 2.8), ('corrAns', 'right'), ('plusStart', 2.6), ('secondStart', 3.6), ('respStart', 6.4), ('randNum', 0.26721103399999996)])
269.8474 	EXP 	firstcircle_3: autoDraw = False
269.8474 	EXP 	text_3: autoDraw = False
269.8474 	EXP 	secondcircle: autoDraw = False
269.8474 	EXP 	text_4: autoDraw = False
269.8474 	EXP 	text_4: autoDraw = True
270.3474 	EXP 	text_4: autoDraw = False
270.3641 	EXP 	firstcircle_3: autoDraw = True
272.4474 	EXP 	firstcircle_3: autoDraw = False
272.4641 	EXP 	text_3: autoDraw = True
273.4474 	EXP 	text_3: autoDraw = False
273.4641 	EXP 	secondcircle: autoDraw = True
276.2473 	EXP 	secondcircle: autoDraw = False
277.7493 	DATA 	Keypress: right
277.7508 	EXP 	New trial (rep=0, index=6): OrderedDict([('firstTime', 2.8), ('secondTime', 2.1), ('corrAns', 'left'), ('plusStart', 3.3), ('secondStart', 4.3), ('respStart', 6.4), ('randNum', 0.1426323)])
277.7640 	EXP 	firstcircle_3: autoDraw = False
277.7640 	EXP 	text_3: autoDraw = False
277.7640 	EXP 	secondcircle: autoDraw = False
277.7640 	EXP 	text_4: autoDraw = False
277.7640 	EXP 	text_4: autoDraw = True
278.2640 	EXP 	text_4: autoDraw = False
278.2807 	EXP 	firstcircle_3: autoDraw = True
281.0639 	EXP 	firstcircle_3: autoDraw = False
281.0807 	EXP 	text_3: autoDraw = True
282.0639 	EXP 	text_3: autoDraw = False
282.0806 	EXP 	secondcircle: autoDraw = True
284.1639 	EXP 	secondcircle: autoDraw = False
286.0492 	DATA 	Keypress: right
286.0507 	EXP 	New trial (rep=0, index=7): OrderedDict([('firstTime', 2.7), ('secondTime', 1.8), ('corrAns', 'left'), ('plusStart', 3.2), ('secondStart', 4.2), ('respStart', 6.0), ('randNum', 0.15619143)])
286.0639 	EXP 	firstcircle_3: autoDraw = False
286.0639 	EXP 	text_3: autoDraw = False
286.0639 	EXP 	secondcircle: autoDraw = False
286.0639 	EXP 	text_4: autoDraw = False
286.0639 	EXP 	text_4: autoDraw = True
286.5639 	EXP 	text_4: autoDraw = False
286.5805 	EXP 	firstcircle_3: autoDraw = True
289.2638 	EXP 	firstcircle_3: autoDraw = False
289.2805 	EXP 	text_3: autoDraw = True
290.2638 	EXP 	text_3: autoDraw = False
290.2805 	EXP 	secondcircle: autoDraw = True
292.0638 	EXP 	secondcircle: autoDraw = False
293.2658 	DATA 	Keypress: left
293.2671 	EXP 	New trial (rep=0, index=8): OrderedDict([('firstTime', 8.8), ('secondTime', 9.9), ('corrAns', 'right'), ('plusStart', 9.3), ('secondStart', 10.3), ('respStart', 20.2), ('randNum', 0.549248995)])
293.2804 	EXP 	firstcircle_3: autoDraw = False
293.2804 	EXP 	text_3: autoDraw = False
293.2804 	EXP 	secondcircle: autoDraw = False
293.2804 	EXP 	text_4: autoDraw = False
293.2804 	EXP 	text_4: autoDraw = True
293.7804 	EXP 	text_4: autoDraw = False
293.7971 	EXP 	firstcircle_3: autoDraw = True
302.5803 	EXP 	firstcircle_3: autoDraw = False
302.5970 	EXP 	text_3: autoDraw = True
303.5803 	EXP 	text_3: autoDraw = False
303.5970 	EXP 	secondcircle: autoDraw = True
313.4802 	EXP 	secondcircle: autoDraw = False
318.4822 	DATA 	Keypress: left
318.4836 	EXP 	New trial (rep=0, index=9): OrderedDict([('firstTime', 2.5), ('secondTime', 1.5), ('corrAns', 'left'), ('plusStart', 3.0), ('secondStart', 4.0), ('respStart', 5.5), ('randNum', 0.358211186)])
318.4968 	EXP 	firstcircle_3: autoDraw = False
318.4968 	EXP 	text_3: autoDraw = False
318.4968 	EXP 	secondcircle: autoDraw = False
318.4968 	EXP 	text_4: autoDraw = False
318.4968 	EXP 	text_4: autoDraw = True
318.9968 	EXP 	text_4: autoDraw = False
319.0135 	EXP 	firstcircle_3: autoDraw = True
321.4967 	EXP 	firstcircle_3: autoDraw = False
321.5134 	EXP 	text_3: autoDraw = True
322.4967 	EXP 	text_3: autoDraw = False
322.5134 	EXP 	secondcircle: autoDraw = True
323.9967 	EXP 	secondcircle: autoDraw = False
325.4153 	DATA 	Keypress: left
325.4166 	EXP 	New trial (rep=0, index=10): OrderedDict([('firstTime', 1.8), ('secondTime', 0.9), ('corrAns', 'left'), ('plusStart', 2.3), ('secondStart', 3.3), ('respStart', 4.2), ('randNum', 0.907401646)])
325.4300 	EXP 	firstcircle_3: autoDraw = False
325.4300 	EXP 	text_3: autoDraw = False
325.4300 	EXP 	secondcircle: autoDraw = False
325.4300 	EXP 	text_4: autoDraw = False
325.4300 	EXP 	text_4: autoDraw = True
325.9300 	EXP 	text_4: autoDraw = False
325.9467 	EXP 	firstcircle_3: autoDraw = True
327.7300 	EXP 	firstcircle_3: autoDraw = False
327.7467 	EXP 	text_3: autoDraw = True
328.7300 	EXP 	text_3: autoDraw = False
328.7466 	EXP 	secondcircle: autoDraw = True
329.6299 	EXP 	secondcircle: autoDraw = False
331.2818 	DATA 	Keypress: right
331.2832 	EXP 	New trial (rep=0, index=11): OrderedDict([('firstTime', 3.2), ('secondTime', 3.6), ('corrAns', 'right'), ('plusStart', 3.7), ('secondStart', 4.7), ('respStart', 8.3), ('randNum', 0.40261677799999995)])
331.2966 	EXP 	firstcircle_3: autoDraw = False
331.2966 	EXP 	text_3: autoDraw = False
331.2966 	EXP 	secondcircle: autoDraw = False
331.2966 	EXP 	text_4: autoDraw = False
331.2966 	EXP 	text_4: autoDraw = True
331.7966 	EXP 	text_4: autoDraw = False
331.8133 	EXP 	firstcircle_3: autoDraw = True
334.9966 	EXP 	firstcircle_3: autoDraw = False
335.0132 	EXP 	text_3: autoDraw = True
335.9965 	EXP 	text_3: autoDraw = False
336.0132 	EXP 	secondcircle: autoDraw = True
336.5320 	DATA 	Keypress: left
339.1652 	DATA 	Keypress: right
339.5965 	EXP 	secondcircle: autoDraw = False
340.2650 	DATA 	Keypress: left
340.2663 	EXP 	New trial (rep=0, index=12): OrderedDict([('firstTime', 2.1), ('secondTime', 3.5), ('corrAns', 'right'), ('plusStart', 2.6), ('secondStart', 3.6), ('respStart', 7.1), ('randNum', 0.699018652)])
340.2799 	EXP 	firstcircle_3: autoDraw = False
340.2799 	EXP 	text_3: autoDraw = False
340.2799 	EXP 	secondcircle: autoDraw = False
340.2799 	EXP 	text_4: autoDraw = False
340.2799 	EXP 	text_4: autoDraw = True
340.7798 	EXP 	text_4: autoDraw = False
340.7965 	EXP 	firstcircle_3: autoDraw = True
342.8798 	EXP 	firstcircle_3: autoDraw = False
342.8964 	EXP 	text_3: autoDraw = True
343.5484 	DATA 	Keypress: left
343.8798 	EXP 	text_3: autoDraw = False
343.8964 	EXP 	secondcircle: autoDraw = True
347.3797 	EXP 	secondcircle: autoDraw = False
348.7652 	DATA 	Keypress: left
348.7665 	EXP 	New trial (rep=0, index=13): OrderedDict([('firstTime', 1.8), ('secondTime', 2.7), ('corrAns', 'right'), ('plusStart', 2.3), ('secondStart', 3.3), ('respStart', 6.0), ('randNum', 0.8590765890000001)])
348.7798 	EXP 	firstcircle_3: autoDraw = False
348.7798 	EXP 	text_3: autoDraw = False
348.7798 	EXP 	secondcircle: autoDraw = False
348.7798 	EXP 	text_4: autoDraw = False
348.7798 	EXP 	text_4: autoDraw = True
349.2797 	EXP 	text_4: autoDraw = False
349.2964 	EXP 	firstcircle_3: autoDraw = True
351.0797 	EXP 	firstcircle_3: autoDraw = False
351.0963 	EXP 	text_3: autoDraw = True
352.0797 	EXP 	text_3: autoDraw = False
352.0963 	EXP 	secondcircle: autoDraw = True
354.7796 	EXP 	secondcircle: autoDraw = False
355.9317 	DATA 	Keypress: right
355.9330 	EXP 	New trial (rep=0, index=14): OrderedDict([('firstTime', 1.4), ('secondTime', 0.7), ('corrAns', 'left'), ('plusStart', 1.9), ('secondStart', 2.9), ('respStart', 3.6), ('randNum', 0.413030013)])
355.9463 	EXP 	firstcircle_3: autoDraw = False
355.9463 	EXP 	text_3: autoDraw = False
355.9463 	EXP 	secondcircle: autoDraw = False
355.9463 	EXP 	text_4: autoDraw = False
355.9463 	EXP 	text_4: autoDraw = True
356.4463 	EXP 	text_4: autoDraw = False
356.4629 	EXP 	firstcircle_3: autoDraw = True
357.8462 	EXP 	firstcircle_3: autoDraw = False
357.8629 	EXP 	text_3: autoDraw = True
358.8462 	EXP 	text_3: autoDraw = False
358.8629 	EXP 	secondcircle: autoDraw = True
359.5462 	EXP 	secondcircle: autoDraw = False
360.5149 	DATA 	Keypress: left
360.5162 	EXP 	New trial (rep=0, index=15): OrderedDict([('firstTime', 3.6), ('secondTime', 3.2), ('corrAns', 'left'), ('plusStart', 4.1), ('secondStart', 5.1), ('respStart', 8.3), ('randNum', 0.12198344800000001)])
360.5295 	EXP 	firstcircle_3: autoDraw = False
360.5295 	EXP 	text_3: autoDraw = False
360.5295 	EXP 	secondcircle: autoDraw = False
360.5295 	EXP 	text_4: autoDraw = False
360.5295 	EXP 	text_4: autoDraw = True
361.0296 	EXP 	text_4: autoDraw = False
361.0462 	EXP 	firstcircle_3: autoDraw = True
364.6295 	EXP 	firstcircle_3: autoDraw = False
364.6462 	EXP 	text_3: autoDraw = True
365.6295 	EXP 	text_3: autoDraw = False
365.6461 	EXP 	secondcircle: autoDraw = True
366.5480 	DATA 	Keypress: right
367.8147 	DATA 	Keypress: left
368.8294 	EXP 	secondcircle: autoDraw = False
369.4146 	DATA 	Keypress: left
369.4159 	EXP 	New trial (rep=0, index=16): OrderedDict([('firstTime', 4.4), ('secondTime', 3.3), ('corrAns', 'left'), ('plusStart', 4.9), ('secondStart', 5.9), ('respStart', 9.2), ('randNum', 0.7908218929999999)])
369.4295 	EXP 	firstcircle_3: autoDraw = False
369.4295 	EXP 	text_3: autoDraw = False
369.4295 	EXP 	secondcircle: autoDraw = False
369.4295 	EXP 	text_4: autoDraw = False
369.4295 	EXP 	text_4: autoDraw = True
369.9294 	EXP 	text_4: autoDraw = False
369.9461 	EXP 	firstcircle_3: autoDraw = True
374.3294 	EXP 	firstcircle_3: autoDraw = False
374.3460 	EXP 	text_3: autoDraw = True
375.3293 	EXP 	text_3: autoDraw = False
375.3460 	EXP 	secondcircle: autoDraw = True
378.6293 	EXP 	secondcircle: autoDraw = False
381.4313 	DATA 	Keypress: left
381.4326 	EXP 	New trial (rep=0, index=17): OrderedDict([('firstTime', 3.5), ('secondTime', 2.1), ('corrAns', 'left'), ('plusStart', 4.0), ('secondStart', 5.0), ('respStart', 7.1), ('randNum', 0.149007794)])
381.4459 	EXP 	firstcircle_3: autoDraw = False
381.4459 	EXP 	text_3: autoDraw = False
381.4459 	EXP 	secondcircle: autoDraw = False
381.4459 	EXP 	text_4: autoDraw = False
381.4459 	EXP 	text_4: autoDraw = True
381.9459 	EXP 	text_4: autoDraw = False
381.9626 	EXP 	firstcircle_3: autoDraw = True
385.4459 	EXP 	firstcircle_3: autoDraw = False
385.4625 	EXP 	text_3: autoDraw = True
386.4459 	EXP 	text_3: autoDraw = False
386.4625 	EXP 	secondcircle: autoDraw = True
388.5458 	EXP 	secondcircle: autoDraw = False
393.6644 	DATA 	Keypress: right
393.6658 	EXP 	New trial (rep=0, index=18): OrderedDict([('firstTime', 1.8), ('secondTime', 1.2), ('corrAns', 'left'), ('plusStart', 2.3), ('secondStart', 3.3), ('respStart', 4.5), ('randNum', 0.44825194799999996)])
393.6791 	EXP 	firstcircle_3: autoDraw = False
393.6791 	EXP 	text_3: autoDraw = False
393.6791 	EXP 	secondcircle: autoDraw = False
393.6791 	EXP 	text_4: autoDraw = False
393.6791 	EXP 	text_4: autoDraw = True
394.1791 	EXP 	text_4: autoDraw = False
394.1958 	EXP 	firstcircle_3: autoDraw = True
395.9791 	EXP 	firstcircle_3: autoDraw = False
395.9957 	EXP 	text_3: autoDraw = True
396.9790 	EXP 	text_3: autoDraw = False
396.9957 	EXP 	secondcircle: autoDraw = True
398.1790 	EXP 	secondcircle: autoDraw = False
399.4643 	DATA 	Keypress: left
399.4657 	EXP 	New trial (rep=0, index=19): OrderedDict([('firstTime', 0.9), ('secondTime', 1.8), ('corrAns', 'right'), ('plusStart', 1.4), ('secondStart', 2.4), ('respStart', 4.2), ('randNum', 0.35938568299999996)])
399.4790 	EXP 	firstcircle_3: autoDraw = False
399.4790 	EXP 	text_3: autoDraw = False
399.4790 	EXP 	secondcircle: autoDraw = False
399.4790 	EXP 	text_4: autoDraw = False
399.4790 	EXP 	text_4: autoDraw = True
399.9790 	EXP 	text_4: autoDraw = False
399.9957 	EXP 	firstcircle_3: autoDraw = True
400.8790 	EXP 	firstcircle_3: autoDraw = False
400.8957 	EXP 	text_3: autoDraw = True
401.8790 	EXP 	text_3: autoDraw = False
401.8957 	EXP 	secondcircle: autoDraw = True
403.6790 	EXP 	secondcircle: autoDraw = False
406.4810 	DATA 	Keypress: right
406.4956 	EXP 	firstcircle_3: autoDraw = False
406.4956 	EXP 	text_3: autoDraw = False
406.4956 	EXP 	secondcircle: autoDraw = False
406.4956 	EXP 	text_4: autoDraw = False
406.4956 	EXP 	text_6: autoDraw = True
410.5312 	DATA 	Keypress: space
410.5377 	EXP 	Imported conditionsTime3.csv as conditions, 20 conditions, 7 params
410.5379 	EXP 	Created sequence: sequential, trialTypes=20, nReps=1, seed=None
410.5383 	EXP 	New trial (rep=0, index=0): OrderedDict([('firstTime', 2.7), ('secondTime', 1.8), ('corrAns', 'left'), ('plusStart', 3.2), ('secondStart', 4.2), ('respStart', 6.0), ('randNum', 0.09224181599999999)])
410.5455 	EXP 	text_6: autoDraw = False
410.5455 	EXP 	text_4: autoDraw = True
411.0455 	EXP 	text_4: autoDraw = False
411.0622 	EXP 	firstcircle_3: autoDraw = True
412.5632 	DATA 	Mouse: wheel shift=(0,0), pos=(1024,583)
412.6471 	DATA 	Mouse: wheel shift=(0,0), pos=(1024,583)
413.7455 	EXP 	firstcircle_3: autoDraw = False
413.7622 	EXP 	text_3: autoDraw = True
414.7455 	EXP 	text_3: autoDraw = False
414.7621 	EXP 	secondcircle: autoDraw = True
415.7308 	DATA 	Keypress: left
416.5454 	EXP 	secondcircle: autoDraw = False
421.9474 	DATA 	Keypress: left
421.9491 	EXP 	New trial (rep=0, index=1): OrderedDict([('firstTime', 1.8), ('secondTime', 2.7), ('corrAns', 'right'), ('plusStart', 2.3), ('secondStart', 3.3), ('respStart', 6.0), ('randNum', 0.320860695)])
421.9620 	EXP 	firstcircle_3: autoDraw = False
421.9620 	EXP 	text_3: autoDraw = False
421.9620 	EXP 	secondcircle: autoDraw = False
421.9620 	EXP 	text_4: autoDraw = False
421.9620 	EXP 	text_4: autoDraw = True
422.4621 	EXP 	text_4: autoDraw = False
422.4787 	EXP 	firstcircle_3: autoDraw = True
424.2620 	EXP 	firstcircle_3: autoDraw = False
424.2787 	EXP 	text_3: autoDraw = True
425.2620 	EXP 	text_3: autoDraw = False
425.2787 	EXP 	secondcircle: autoDraw = True
427.9620 	EXP 	secondcircle: autoDraw = False
429.5973 	DATA 	Keypress: right
429.5987 	EXP 	New trial (rep=0, index=2): OrderedDict([('firstTime', 0.7), ('secondTime', 1.4), ('corrAns', 'right'), ('plusStart', 1.2), ('secondStart', 2.2), ('respStart', 3.6), ('randNum', 0.091696964)])
429.6119 	EXP 	firstcircle_3: autoDraw = False
429.6119 	EXP 	text_3: autoDraw = False
429.6119 	EXP 	secondcircle: autoDraw = False
429.6119 	EXP 	text_4: autoDraw = False
429.6119 	EXP 	text_4: autoDraw = True
430.1119 	EXP 	text_4: autoDraw = False
430.1286 	EXP 	firstcircle_3: autoDraw = True
430.8119 	EXP 	firstcircle_3: autoDraw = False
430.8286 	EXP 	text_3: autoDraw = True
431.8119 	EXP 	text_3: autoDraw = False
431.8286 	EXP 	secondcircle: autoDraw = True
433.2119 	EXP 	secondcircle: autoDraw = False
435.0975 	DATA 	Keypress: right
435.0989 	EXP 	New trial (rep=0, index=3): OrderedDict([('firstTime', 4.4), ('secondTime', 3.3), ('corrAns', 'left'), ('plusStart', 4.9), ('secondStart', 5.9), ('respStart', 9.2), ('randNum', 0.010112259)])
435.1119 	EXP 	firstcircle_3: autoDraw = False
435.1119 	EXP 	text_3: autoDraw = False
435.1119 	EXP 	secondcircle: autoDraw = False
435.1119 	EXP 	text_4: autoDraw = False
435.1119 	EXP 	text_4: autoDraw = True
435.6119 	EXP 	text_4: autoDraw = False
435.6285 	EXP 	firstcircle_3: autoDraw = True
440.0118 	EXP 	firstcircle_3: autoDraw = False
440.0285 	EXP 	text_3: autoDraw = True
441.0118 	EXP 	text_3: autoDraw = False
441.0285 	EXP 	secondcircle: autoDraw = True
444.3117 	EXP 	secondcircle: autoDraw = False
445.2971 	DATA 	Keypress: left
445.2985 	EXP 	New trial (rep=0, index=4): OrderedDict([('firstTime', 0.9), ('secondTime', 1.8), ('corrAns', 'right'), ('plusStart', 1.4), ('secondStart', 2.4), ('respStart', 4.2), ('randNum', 0.877480265)])
445.3117 	EXP 	firstcircle_3: autoDraw = False
445.3117 	EXP 	text_3: autoDraw = False
445.3117 	EXP 	secondcircle: autoDraw = False
445.3117 	EXP 	text_4: autoDraw = False
445.3117 	EXP 	text_4: autoDraw = True
445.8118 	EXP 	text_4: autoDraw = False
445.8284 	EXP 	firstcircle_3: autoDraw = True
446.7117 	EXP 	firstcircle_3: autoDraw = False
446.7284 	EXP 	text_3: autoDraw = True
447.7117 	EXP 	text_3: autoDraw = False
447.7284 	EXP 	secondcircle: autoDraw = True
449.5117 	EXP 	secondcircle: autoDraw = False
450.6970 	DATA 	Keypress: right
450.6983 	EXP 	New trial (rep=0, index=5): OrderedDict([('firstTime', 1.8), ('secondTime', 0.9), ('corrAns', 'left'), ('plusStart', 2.3), ('secondStart', 3.3), ('respStart', 4.2), ('randNum', 0.74232345)])
450.7117 	EXP 	firstcircle_3: autoDraw = False
450.7117 	EXP 	text_3: autoDraw = False
450.7117 	EXP 	secondcircle: autoDraw = False
450.7117 	EXP 	text_4: autoDraw = False
450.7117 	EXP 	text_4: autoDraw = True
451.2117 	EXP 	text_4: autoDraw = False
451.2283 	EXP 	firstcircle_3: autoDraw = True
453.0117 	EXP 	firstcircle_3: autoDraw = False
453.0283 	EXP 	text_3: autoDraw = True
454.0118 	EXP 	text_3: autoDraw = False
454.0283 	EXP 	secondcircle: autoDraw = True
454.9116 	EXP 	secondcircle: autoDraw = False
459.7811 	DATA 	Keypress: right
459.7966 	EXP 	New trial (rep=0, index=6): OrderedDict([('firstTime', 1.8), ('secondTime', 1.2), ('corrAns', 'left'), ('plusStart', 2.3), ('secondStart', 3.3), ('respStart', 4.5), ('randNum', 0.307053849)])
459.8115 	EXP 	firstcircle_3: autoDraw = False
459.8115 	EXP 	text_3: autoDraw = False
459.8115 	EXP 	secondcircle: autoDraw = False
459.8115 	EXP 	text_4: autoDraw = False
459.8115 	EXP 	text_4: autoDraw = True
460.3115 	EXP 	text_4: autoDraw = False
460.3282 	EXP 	firstcircle_3: autoDraw = True
462.1115 	EXP 	firstcircle_3: autoDraw = False
462.1282 	EXP 	text_3: autoDraw = True
463.1115 	EXP 	text_3: autoDraw = False
463.1282 	EXP 	secondcircle: autoDraw = True
464.3115 	EXP 	secondcircle: autoDraw = False
468.0468 	DATA 	Keypress: right
468.0482 	EXP 	New trial (rep=0, index=7): OrderedDict([('firstTime', 3.6), ('secondTime', 3.2), ('corrAns', 'left'), ('plusStart', 4.1), ('secondStart', 5.1), ('respStart', 8.3), ('randNum', 0.331236492)])
468.0614 	EXP 	firstcircle_3: autoDraw = False
468.0614 	EXP 	text_3: autoDraw = False
468.0614 	EXP 	secondcircle: autoDraw = False
468.0614 	EXP 	text_4: autoDraw = False
468.0614 	EXP 	text_4: autoDraw = True
468.5614 	EXP 	text_4: autoDraw = False
468.5781 	EXP 	firstcircle_3: autoDraw = True
472.1614 	EXP 	firstcircle_3: autoDraw = False
472.1780 	EXP 	text_3: autoDraw = True
473.1614 	EXP 	text_3: autoDraw = False
473.1780 	EXP 	secondcircle: autoDraw = True
476.3613 	EXP 	secondcircle: autoDraw = False
479.5806 	DATA 	Keypress: right
479.5964 	EXP 	New trial (rep=0, index=8): OrderedDict([('firstTime', 2.5), ('secondTime', 1.5), ('corrAns', 'left'), ('plusStart', 3.0), ('secondStart', 4.0), ('respStart', 5.5), ('randNum', 0.778562476)])
479.6113 	EXP 	firstcircle_3: autoDraw = False
479.6113 	EXP 	text_3: autoDraw = False
479.6113 	EXP 	secondcircle: autoDraw = False
479.6113 	EXP 	text_4: autoDraw = False
479.6113 	EXP 	text_4: autoDraw = True
480.1113 	EXP 	text_4: autoDraw = False
480.1279 	EXP 	firstcircle_3: autoDraw = True
482.6112 	EXP 	firstcircle_3: autoDraw = False
482.6280 	EXP 	text_3: autoDraw = True
483.6112 	EXP 	text_3: autoDraw = False
483.6279 	EXP 	secondcircle: autoDraw = True
485.1112 	EXP 	secondcircle: autoDraw = False
488.5640 	DATA 	Keypress: left
488.5799 	EXP 	New trial (rep=0, index=9): OrderedDict([('firstTime', 1.2), ('secondTime', 1.8), ('corrAns', 'right'), ('plusStart', 1.7), ('secondStart', 2.7), ('respStart', 4.5), ('randNum', 0.18131893100000002)])
488.5945 	EXP 	firstcircle_3: autoDraw = False
488.5945 	EXP 	text_3: autoDraw = False
488.5945 	EXP 	secondcircle: autoDraw = False
488.5945 	EXP 	text_4: autoDraw = False
488.5945 	EXP 	text_4: autoDraw = True
489.0945 	EXP 	text_4: autoDraw = False
489.1111 	EXP 	firstcircle_3: autoDraw = True
490.2945 	EXP 	firstcircle_3: autoDraw = False
490.3111 	EXP 	text_3: autoDraw = True
491.2944 	EXP 	text_3: autoDraw = False
491.3111 	EXP 	secondcircle: autoDraw = True
493.0944 	EXP 	secondcircle: autoDraw = False
493.5297 	DATA 	Keypress: right
493.5311 	EXP 	New trial (rep=0, index=10): OrderedDict([('firstTime', 2.8), ('secondTime', 2.1), ('corrAns', 'left'), ('plusStart', 3.3), ('secondStart', 4.3), ('respStart', 6.4), ('randNum', 0.897215002)])
493.5444 	EXP 	firstcircle_3: autoDraw = False
493.5444 	EXP 	text_3: autoDraw = False
493.5444 	EXP 	secondcircle: autoDraw = False
493.5444 	EXP 	text_4: autoDraw = False
493.5444 	EXP 	text_4: autoDraw = True
494.0444 	EXP 	text_4: autoDraw = False
494.0611 	EXP 	firstcircle_3: autoDraw = True
496.8444 	EXP 	firstcircle_3: autoDraw = False
496.8610 	EXP 	text_3: autoDraw = True
497.8443 	EXP 	text_3: autoDraw = False
497.8610 	EXP 	secondcircle: autoDraw = True
499.9443 	EXP 	secondcircle: autoDraw = False
502.2140 	DATA 	Keypress: right
502.2293 	EXP 	New trial (rep=0, index=11): OrderedDict([('firstTime', 2.1), ('secondTime', 2.8), ('corrAns', 'right'), ('plusStart', 2.6), ('secondStart', 3.6), ('respStart', 6.4), ('randNum', 0.734438325)])
502.2443 	EXP 	firstcircle_3: autoDraw = False
502.2443 	EXP 	text_3: autoDraw = False
502.2443 	EXP 	secondcircle: autoDraw = False
502.2443 	EXP 	text_4: autoDraw = False
502.2443 	EXP 	text_4: autoDraw = True
502.7443 	EXP 	text_4: autoDraw = False
502.7610 	EXP 	firstcircle_3: autoDraw = True
504.8443 	EXP 	firstcircle_3: autoDraw = False
504.8609 	EXP 	text_3: autoDraw = True
505.8442 	EXP 	text_3: autoDraw = False
505.8609 	EXP 	secondcircle: autoDraw = True
508.6442 	EXP 	secondcircle: autoDraw = False
509.5962 	DATA 	Keypress: right
509.5976 	EXP 	New trial (rep=0, index=12): OrderedDict([('firstTime', 3.2), ('secondTime', 3.6), ('corrAns', 'right'), ('plusStart', 3.7), ('secondStart', 4.7), ('respStart', 8.3), ('randNum', 0.716372322)])
509.6109 	EXP 	firstcircle_3: autoDraw = False
509.6109 	EXP 	text_3: autoDraw = False
509.6109 	EXP 	secondcircle: autoDraw = False
509.6109 	EXP 	text_4: autoDraw = False
509.6109 	EXP 	text_4: autoDraw = True
510.1109 	EXP 	text_4: autoDraw = False
510.1276 	EXP 	firstcircle_3: autoDraw = True
513.3108 	EXP 	firstcircle_3: autoDraw = False
513.3275 	EXP 	text_3: autoDraw = True
514.3108 	EXP 	text_3: autoDraw = False
514.3275 	EXP 	secondcircle: autoDraw = True
517.9107 	EXP 	secondcircle: autoDraw = False
519.2461 	DATA 	Keypress: right
519.2475 	EXP 	New trial (rep=0, index=13): OrderedDict([('firstTime', 2.1), ('secondTime', 3.5), ('corrAns', 'right'), ('plusStart', 2.6), ('secondStart', 3.6), ('respStart', 7.1), ('randNum', 0.2797458)])
519.2607 	EXP 	firstcircle_3: autoDraw = False
519.2607 	EXP 	text_3: autoDraw = False
519.2607 	EXP 	secondcircle: autoDraw = False
519.2607 	EXP 	text_4: autoDraw = False
519.2607 	EXP 	text_4: autoDraw = True
519.7607 	EXP 	text_4: autoDraw = False
519.7774 	EXP 	firstcircle_3: autoDraw = True
521.8607 	EXP 	firstcircle_3: autoDraw = False
521.8774 	EXP 	text_3: autoDraw = True
522.8607 	EXP 	text_3: autoDraw = False
522.8774 	EXP 	secondcircle: autoDraw = True
526.3606 	EXP 	secondcircle: autoDraw = False
526.7960 	DATA 	Keypress: right
526.7974 	EXP 	New trial (rep=0, index=14): OrderedDict([('firstTime', 1.4), ('secondTime', 0.7), ('corrAns', 'left'), ('plusStart', 1.9), ('secondStart', 2.9), ('respStart', 3.6), ('randNum', 0.038284202)])
526.8107 	EXP 	firstcircle_3: autoDraw = False
526.8107 	EXP 	text_3: autoDraw = False
526.8107 	EXP 	secondcircle: autoDraw = False
526.8107 	EXP 	text_4: autoDraw = False
526.8107 	EXP 	text_4: autoDraw = True
527.3106 	EXP 	text_4: autoDraw = False
527.3273 	EXP 	firstcircle_3: autoDraw = True
528.7107 	EXP 	firstcircle_3: autoDraw = False
528.7273 	EXP 	text_3: autoDraw = True
529.7106 	EXP 	text_3: autoDraw = False
529.7273 	EXP 	secondcircle: autoDraw = True
530.4106 	EXP 	secondcircle: autoDraw = False
531.4792 	DATA 	Keypress: left
531.4807 	EXP 	New trial (rep=0, index=15): OrderedDict([('firstTime', 9.9), ('secondTime', 8.8), ('corrAns', 'left'), ('plusStart', 10.4), ('secondStart', 11.4), ('respStart', 20.2), ('randNum', 0.656448526)])
531.4939 	EXP 	firstcircle_3: autoDraw = False
531.4939 	EXP 	text_3: autoDraw = False
531.4939 	EXP 	secondcircle: autoDraw = False
531.4939 	EXP 	text_4: autoDraw = False
531.4939 	EXP 	text_4: autoDraw = True
531.9939 	EXP 	text_4: autoDraw = False
532.0106 	EXP 	firstcircle_3: autoDraw = True
541.8938 	EXP 	firstcircle_3: autoDraw = False
541.9104 	EXP 	text_3: autoDraw = True
542.8937 	EXP 	text_3: autoDraw = False
542.9104 	EXP 	secondcircle: autoDraw = True
551.6936 	EXP 	secondcircle: autoDraw = False
556.0122 	DATA 	Keypress: left
556.0135 	EXP 	New trial (rep=0, index=16): OrderedDict([('firstTime', 3.5), ('secondTime', 2.1), ('corrAns', 'left'), ('plusStart', 4.0), ('secondStart', 5.0), ('respStart', 7.1), ('randNum', 0.25078508899999996)])
556.0269 	EXP 	firstcircle_3: autoDraw = False
556.0269 	EXP 	text_3: autoDraw = False
556.0269 	EXP 	secondcircle: autoDraw = False
556.0269 	EXP 	text_4: autoDraw = False
556.0269 	EXP 	text_4: autoDraw = True
556.5269 	EXP 	text_4: autoDraw = False
556.5436 	EXP 	firstcircle_3: autoDraw = True
560.0269 	EXP 	firstcircle_3: autoDraw = False
560.0435 	EXP 	text_3: autoDraw = True
561.0268 	EXP 	text_3: autoDraw = False
561.0435 	EXP 	secondcircle: autoDraw = True
563.1268 	EXP 	secondcircle: autoDraw = False
564.9455 	DATA 	Keypress: left
564.9470 	EXP 	New trial (rep=0, index=17): OrderedDict([('firstTime', 8.8), ('secondTime', 9.9), ('corrAns', 'right'), ('plusStart', 9.3), ('secondStart', 10.3), ('respStart', 20.2), ('randNum', 0.055985873)])
564.9601 	EXP 	firstcircle_3: autoDraw = False
564.9601 	EXP 	text_3: autoDraw = False
564.9601 	EXP 	secondcircle: autoDraw = False
564.9601 	EXP 	text_4: autoDraw = False
564.9601 	EXP 	text_4: autoDraw = True
565.4601 	EXP 	text_4: autoDraw = False
565.4768 	EXP 	firstcircle_3: autoDraw = True
574.2600 	EXP 	firstcircle_3: autoDraw = False
574.2767 	EXP 	text_3: autoDraw = True
575.2600 	EXP 	text_3: autoDraw = False
575.2766 	EXP 	secondcircle: autoDraw = True
585.1598 	EXP 	secondcircle: autoDraw = False
588.7286 	DATA 	Keypress: right
588.7448 	EXP 	New trial (rep=0, index=18): OrderedDict([('firstTime', 1.5), ('secondTime', 2.5), ('corrAns', 'right'), ('plusStart', 2.0), ('secondStart', 3.0), ('respStart', 5.5), ('randNum', 0.279030548)])
588.7598 	EXP 	firstcircle_3: autoDraw = False
588.7598 	EXP 	text_3: autoDraw = False
588.7598 	EXP 	secondcircle: autoDraw = False
588.7598 	EXP 	text_4: autoDraw = False
588.7598 	EXP 	text_4: autoDraw = True
589.2598 	EXP 	text_4: autoDraw = False
589.2765 	EXP 	firstcircle_3: autoDraw = True
590.7598 	EXP 	firstcircle_3: autoDraw = False
590.7764 	EXP 	text_3: autoDraw = True
591.7598 	EXP 	text_3: autoDraw = False
591.7764 	EXP 	secondcircle: autoDraw = True
594.2597 	EXP 	secondcircle: autoDraw = False
595.9294 	DATA 	Keypress: right
595.9447 	EXP 	New trial (rep=0, index=19): OrderedDict([('firstTime', 3.3), ('secondTime', 4.4), ('corrAns', 'right'), ('plusStart', 3.8), ('secondStart', 4.8), ('respStart', 9.2), ('randNum', 0.6214470879999999)])
595.9597 	EXP 	firstcircle_3: autoDraw = False
595.9597 	EXP 	text_3: autoDraw = False
595.9597 	EXP 	secondcircle: autoDraw = False
595.9597 	EXP 	text_4: autoDraw = False
595.9597 	EXP 	text_4: autoDraw = True
596.1283 	DATA 	Keypress: right
596.4597 	EXP 	text_4: autoDraw = False
596.4764 	EXP 	firstcircle_3: autoDraw = True
599.7597 	EXP 	firstcircle_3: autoDraw = False
599.7763 	EXP 	text_3: autoDraw = True
600.7596 	EXP 	text_3: autoDraw = False
600.7763 	EXP 	secondcircle: autoDraw = True
605.1596 	EXP 	secondcircle: autoDraw = False
620.9946 	DATA 	Keypress: right
621.0094 	EXP 	firstcircle_3: autoDraw = False
621.0094 	EXP 	text_3: autoDraw = False
621.0094 	EXP 	secondcircle: autoDraw = False
621.0094 	EXP 	text_4: autoDraw = False
621.0094 	EXP 	text_7: autoDraw = True
623.1275 	DATA 	Mouse: Left button down, pos=(1024,595)
623.1617 	DATA 	Keypress: space
623.1679 	EXP 	Imported conditionsTime4.csv as conditions, 20 conditions, 7 params
623.1682 	EXP 	Created sequence: sequential, trialTypes=20, nReps=1, seed=None
623.1686 	EXP 	New trial (rep=0, index=0): OrderedDict([('firstTime', 2.5), ('secondTime', 1.5), ('corrAns', 'left'), ('plusStart', 3.0), ('secondStart', 4.0), ('respStart', 5.5), ('randNum', 0.9526453340000001)])
623.1695 	DATA 	Mouse:  Left button up, pos=(1024,616)
623.1761 	EXP 	text_7: autoDraw = False
623.1761 	EXP 	text_4: autoDraw = True
623.4107 	DATA 	Mouse: Left button down, pos=(1024,616)
623.4284 	DATA 	Mouse:  Left button up, pos=(1024,616)
623.6760 	EXP 	text_4: autoDraw = False
623.6926 	EXP 	firstcircle_3: autoDraw = True
626.1760 	EXP 	firstcircle_3: autoDraw = False
626.1926 	EXP 	text_3: autoDraw = True
627.1759 	EXP 	text_3: autoDraw = False
627.1926 	EXP 	secondcircle: autoDraw = True
628.6760 	EXP 	secondcircle: autoDraw = False
637.6610 	DATA 	Keypress: right
637.6626 	EXP 	New trial (rep=0, index=1): OrderedDict([('firstTime', 2.8), ('secondTime', 2.1), ('corrAns', 'left'), ('plusStart', 3.3), ('secondStart', 4.3), ('respStart', 6.4), ('randNum', 0.962497787)])
637.6758 	EXP 	firstcircle_3: autoDraw = False
637.6758 	EXP 	text_3: autoDraw = False
637.6758 	EXP 	secondcircle: autoDraw = False
637.6758 	EXP 	text_4: autoDraw = False
637.6758 	EXP 	text_4: autoDraw = True
638.1758 	EXP 	text_4: autoDraw = False
638.1925 	EXP 	firstcircle_3: autoDraw = True
640.9758 	EXP 	firstcircle_3: autoDraw = False
640.9925 	EXP 	text_3: autoDraw = True
641.9757 	EXP 	text_3: autoDraw = False
641.9924 	EXP 	secondcircle: autoDraw = True
644.0757 	EXP 	secondcircle: autoDraw = False
647.6110 	DATA 	Keypress: right
647.6124 	EXP 	New trial (rep=0, index=2): OrderedDict([('firstTime', 2.7), ('secondTime', 1.8), ('corrAns', 'left'), ('plusStart', 3.2), ('secondStart', 4.2), ('respStart', 6.0), ('randNum', 0.06690605599999999)])
647.6257 	EXP 	firstcircle_3: autoDraw = False
647.6257 	EXP 	text_3: autoDraw = False
647.6257 	EXP 	secondcircle: autoDraw = False
647.6257 	EXP 	text_4: autoDraw = False
647.6257 	EXP 	text_4: autoDraw = True
648.1257 	EXP 	text_4: autoDraw = False
648.1423 	EXP 	firstcircle_3: autoDraw = True
650.8256 	EXP 	firstcircle_3: autoDraw = False
650.8423 	EXP 	text_3: autoDraw = True
651.8256 	EXP 	text_3: autoDraw = False
651.8423 	EXP 	secondcircle: autoDraw = True
653.6256 	EXP 	secondcircle: autoDraw = False
658.3106 	DATA 	Keypress: right
658.3111 	DATA 	Keypress: rshift
658.3123 	EXP 	New trial (rep=0, index=3): OrderedDict([('firstTime', 8.8), ('secondTime', 9.9), ('corrAns', 'right'), ('plusStart', 9.3), ('secondStart', 10.3), ('respStart', 20.2), ('randNum', 0.09555333099999999)])
658.3255 	EXP 	firstcircle_3: autoDraw = False
658.3255 	EXP 	text_3: autoDraw = False
658.3255 	EXP 	secondcircle: autoDraw = False
658.3255 	EXP 	text_4: autoDraw = False
658.3255 	EXP 	text_4: autoDraw = True
658.8255 	EXP 	text_4: autoDraw = False
658.8422 	EXP 	firstcircle_3: autoDraw = True
667.6254 	EXP 	firstcircle_3: autoDraw = False
667.6421 	EXP 	text_3: autoDraw = True
668.6254 	EXP 	text_3: autoDraw = False
668.6420 	EXP 	secondcircle: autoDraw = True
678.5253 	EXP 	secondcircle: autoDraw = False
682.6439 	DATA 	Keypress: left
682.6453 	EXP 	New trial (rep=0, index=4): OrderedDict([('firstTime', 1.8), ('secondTime', 2.7), ('corrAns', 'right'), ('plusStart', 2.3), ('secondStart', 3.3), ('respStart', 6.0), ('randNum', 0.559320406)])
682.6585 	EXP 	firstcircle_3: autoDraw = False
682.6585 	EXP 	text_3: autoDraw = False
682.6585 	EXP 	secondcircle: autoDraw = False
682.6585 	EXP 	text_4: autoDraw = False
682.6585 	EXP 	text_4: autoDraw = True
683.1585 	EXP 	text_4: autoDraw = False
683.1752 	EXP 	firstcircle_3: autoDraw = True
684.9585 	EXP 	firstcircle_3: autoDraw = False
684.9752 	EXP 	text_3: autoDraw = True
685.9585 	EXP 	text_3: autoDraw = False
685.9751 	EXP 	secondcircle: autoDraw = True
688.6584 	EXP 	secondcircle: autoDraw = False
690.0947 	DATA 	Keypress: right
690.1101 	EXP 	New trial (rep=0, index=5): OrderedDict([('firstTime', 3.5), ('secondTime', 2.1), ('corrAns', 'left'), ('plusStart', 4.0), ('secondStart', 5.0), ('respStart', 7.1), ('randNum', 0.885130943)])
690.1251 	EXP 	firstcircle_3: autoDraw = False
690.1251 	EXP 	text_3: autoDraw = False
690.1251 	EXP 	secondcircle: autoDraw = False
690.1251 	EXP 	text_4: autoDraw = False
690.1251 	EXP 	text_4: autoDraw = True
690.2604 	DATA 	Keypress: right
690.6251 	EXP 	text_4: autoDraw = False
690.6418 	EXP 	firstcircle_3: autoDraw = True
694.1251 	EXP 	firstcircle_3: autoDraw = False
694.1417 	EXP 	text_3: autoDraw = True
695.1250 	EXP 	text_3: autoDraw = False
695.1417 	EXP 	secondcircle: autoDraw = True
697.2250 	EXP 	secondcircle: autoDraw = False
700.7103 	DATA 	Keypress: left
700.7117 	EXP 	New trial (rep=0, index=6): OrderedDict([('firstTime', 2.1), ('secondTime', 2.8), ('corrAns', 'right'), ('plusStart', 2.6), ('secondStart', 3.6), ('respStart', 6.4), ('randNum', 0.7843272990000001)])
700.7249 	EXP 	firstcircle_3: autoDraw = False
700.7249 	EXP 	text_3: autoDraw = False
700.7249 	EXP 	secondcircle: autoDraw = False
700.7249 	EXP 	text_4: autoDraw = False
700.7249 	EXP 	text_4: autoDraw = True
701.2250 	EXP 	text_4: autoDraw = False
701.2416 	EXP 	firstcircle_3: autoDraw = True
703.3249 	EXP 	firstcircle_3: autoDraw = False
703.3416 	EXP 	text_3: autoDraw = True
704.3250 	EXP 	text_3: autoDraw = False
704.3416 	EXP 	secondcircle: autoDraw = True
707.1249 	EXP 	secondcircle: autoDraw = False
723.2767 	DATA 	Keypress: right
723.2781 	EXP 	New trial (rep=0, index=7): OrderedDict([('firstTime', 4.4), ('secondTime', 3.3), ('corrAns', 'left'), ('plusStart', 4.9), ('secondStart', 5.9), ('respStart', 9.2), ('randNum', 0.594355042)])
723.2913 	EXP 	firstcircle_3: autoDraw = False
723.2913 	EXP 	text_3: autoDraw = False
723.2913 	EXP 	secondcircle: autoDraw = False
723.2913 	EXP 	text_4: autoDraw = False
723.2913 	EXP 	text_4: autoDraw = True
723.7913 	EXP 	text_4: autoDraw = False
723.8080 	EXP 	firstcircle_3: autoDraw = True
728.1912 	EXP 	firstcircle_3: autoDraw = False
728.2079 	EXP 	text_3: autoDraw = True
729.1912 	EXP 	text_3: autoDraw = False
729.2079 	EXP 	secondcircle: autoDraw = True
732.4912 	EXP 	secondcircle: autoDraw = False
733.9429 	DATA 	Keypress: left
733.9443 	EXP 	New trial (rep=0, index=8): OrderedDict([('firstTime', 0.9), ('secondTime', 1.8), ('corrAns', 'right'), ('plusStart', 1.4), ('secondStart', 2.4), ('respStart', 4.2), ('randNum', 0.39760777399999997)])
733.9578 	EXP 	firstcircle_3: autoDraw = False
733.9578 	EXP 	text_3: autoDraw = False
733.9578 	EXP 	secondcircle: autoDraw = False
733.9578 	EXP 	text_4: autoDraw = False
733.9578 	EXP 	text_4: autoDraw = True
734.4578 	EXP 	text_4: autoDraw = False
734.4745 	EXP 	firstcircle_3: autoDraw = True
735.3578 	EXP 	firstcircle_3: autoDraw = False
735.3745 	EXP 	text_3: autoDraw = True
736.3578 	EXP 	text_3: autoDraw = False
736.3745 	EXP 	secondcircle: autoDraw = True
738.1578 	EXP 	secondcircle: autoDraw = False
753.7262 	DATA 	Keypress: right
753.7276 	EXP 	New trial (rep=0, index=9): OrderedDict([('firstTime', 3.6), ('secondTime', 3.2), ('corrAns', 'left'), ('plusStart', 4.1), ('secondStart', 5.1), ('respStart', 8.3), ('randNum', 0.454525661)])
753.7409 	EXP 	firstcircle_3: autoDraw = False
753.7409 	EXP 	text_3: autoDraw = False
753.7409 	EXP 	secondcircle: autoDraw = False
753.7409 	EXP 	text_4: autoDraw = False
753.7409 	EXP 	text_4: autoDraw = True
754.2409 	EXP 	text_4: autoDraw = False
754.2576 	EXP 	firstcircle_3: autoDraw = True
757.8408 	EXP 	firstcircle_3: autoDraw = False
757.8575 	EXP 	text_3: autoDraw = True
758.8408 	EXP 	text_3: autoDraw = False
758.8575 	EXP 	secondcircle: autoDraw = True
762.0408 	EXP 	secondcircle: autoDraw = False
766.5426 	DATA 	Keypress: left
766.5440 	EXP 	New trial (rep=0, index=10): OrderedDict([('firstTime', 9.9), ('secondTime', 8.8), ('corrAns', 'left'), ('plusStart', 10.4), ('secondStart', 11.4), ('respStart', 20.2), ('randNum', 0.335173919)])
766.5574 	EXP 	firstcircle_3: autoDraw = False
766.5574 	EXP 	text_3: autoDraw = False
766.5574 	EXP 	secondcircle: autoDraw = False
766.5574 	EXP 	text_4: autoDraw = False
766.5574 	EXP 	text_4: autoDraw = True
767.0574 	EXP 	text_4: autoDraw = False
767.0741 	EXP 	firstcircle_3: autoDraw = True
776.9573 	EXP 	firstcircle_3: autoDraw = False
776.9739 	EXP 	text_3: autoDraw = True
777.9572 	EXP 	text_3: autoDraw = False
777.9739 	EXP 	secondcircle: autoDraw = True
786.7571 	EXP 	secondcircle: autoDraw = False
788.0095 	DATA 	Keypress: left
788.0108 	EXP 	New trial (rep=0, index=11): OrderedDict([('firstTime', 1.8), ('secondTime', 1.2), ('corrAns', 'left'), ('plusStart', 2.3), ('secondStart', 3.3), ('respStart', 4.5), ('randNum', 0.050156068)])
788.0238 	EXP 	firstcircle_3: autoDraw = False
788.0238 	EXP 	text_3: autoDraw = False
788.0238 	EXP 	secondcircle: autoDraw = False
788.0238 	EXP 	text_4: autoDraw = False
788.0238 	EXP 	text_4: autoDraw = True
788.5238 	EXP 	text_4: autoDraw = False
788.5404 	EXP 	firstcircle_3: autoDraw = True
790.3237 	EXP 	firstcircle_3: autoDraw = False
790.3404 	EXP 	text_3: autoDraw = True
791.3237 	EXP 	text_3: autoDraw = False
791.3404 	EXP 	secondcircle: autoDraw = True
792.5237 	EXP 	secondcircle: autoDraw = False
794.0757 	DATA 	Keypress: right
794.0770 	EXP 	New trial (rep=0, index=12): OrderedDict([('firstTime', 2.1), ('secondTime', 3.5), ('corrAns', 'right'), ('plusStart', 2.6), ('secondStart', 3.6), ('respStart', 7.1), ('randNum', 0.553210354)])
794.0903 	EXP 	firstcircle_3: autoDraw = False
794.0903 	EXP 	text_3: autoDraw = False
794.0903 	EXP 	secondcircle: autoDraw = False
794.0903 	EXP 	text_4: autoDraw = False
794.0903 	EXP 	text_4: autoDraw = True
794.5903 	EXP 	text_4: autoDraw = False
794.6070 	EXP 	firstcircle_3: autoDraw = True
796.6904 	EXP 	firstcircle_3: autoDraw = False
796.7070 	EXP 	text_3: autoDraw = True
797.6903 	EXP 	text_3: autoDraw = False
797.7070 	EXP 	secondcircle: autoDraw = True
801.1903 	EXP 	secondcircle: autoDraw = False
802.4921 	DATA 	Keypress: right
802.4935 	EXP 	New trial (rep=0, index=13): OrderedDict([('firstTime', 3.2), ('secondTime', 3.6), ('corrAns', 'right'), ('plusStart', 3.7), ('secondStart', 4.7), ('respStart', 8.3), ('randNum', 0.062598668)])
802.5069 	EXP 	firstcircle_3: autoDraw = False
802.5069 	EXP 	text_3: autoDraw = False
802.5069 	EXP 	secondcircle: autoDraw = False
802.5069 	EXP 	text_4: autoDraw = False
802.5069 	EXP 	text_4: autoDraw = True
803.0069 	EXP 	text_4: autoDraw = False
803.0235 	EXP 	firstcircle_3: autoDraw = True
806.2069 	EXP 	firstcircle_3: autoDraw = False
806.2235 	EXP 	text_3: autoDraw = True
807.2068 	EXP 	text_3: autoDraw = False
807.2236 	EXP 	secondcircle: autoDraw = True
810.8068 	EXP 	secondcircle: autoDraw = False
812.6255 	DATA 	Keypress: left
812.6269 	EXP 	New trial (rep=0, index=14): OrderedDict([('firstTime', 1.5), ('secondTime', 2.5), ('corrAns', 'right'), ('plusStart', 2.0), ('secondStart', 3.0), ('respStart', 5.5), ('randNum', 0.851613693)])
812.6402 	EXP 	firstcircle_3: autoDraw = False
812.6402 	EXP 	text_3: autoDraw = False
812.6402 	EXP 	secondcircle: autoDraw = False
812.6402 	EXP 	text_4: autoDraw = False
812.6402 	EXP 	text_4: autoDraw = True
813.1401 	EXP 	text_4: autoDraw = False
813.1568 	EXP 	firstcircle_3: autoDraw = True
814.6401 	EXP 	firstcircle_3: autoDraw = False
814.6567 	EXP 	text_3: autoDraw = True
815.6401 	EXP 	text_3: autoDraw = False
815.6567 	EXP 	secondcircle: autoDraw = True
818.1400 	EXP 	secondcircle: autoDraw = False
823.7764 	DATA 	Keypress: right
823.7769 	DATA 	Keypress: rshift
823.7916 	EXP 	New trial (rep=0, index=15): OrderedDict([('firstTime', 1.2), ('secondTime', 1.8), ('corrAns', 'right'), ('plusStart', 1.7), ('secondStart', 2.7), ('respStart', 4.5), ('randNum', 0.9561071459999999)])
823.8066 	EXP 	firstcircle_3: autoDraw = False
823.8066 	EXP 	text_3: autoDraw = False
823.8066 	EXP 	secondcircle: autoDraw = False
823.8066 	EXP 	text_4: autoDraw = False
823.8066 	EXP 	text_4: autoDraw = True
824.3066 	EXP 	text_4: autoDraw = False
824.3233 	EXP 	firstcircle_3: autoDraw = True
825.5066 	EXP 	firstcircle_3: autoDraw = False
825.5233 	EXP 	text_3: autoDraw = True
826.5066 	EXP 	text_3: autoDraw = False
826.5233 	EXP 	secondcircle: autoDraw = True
828.3065 	EXP 	secondcircle: autoDraw = False
833.9750 	DATA 	Keypress: left
833.9764 	EXP 	New trial (rep=0, index=16): OrderedDict([('firstTime', 3.3), ('secondTime', 4.4), ('corrAns', 'right'), ('plusStart', 3.8), ('secondStart', 4.8), ('respStart', 9.2), ('randNum', 0.25372748300000003)])
833.9899 	EXP 	firstcircle_3: autoDraw = False
833.9899 	EXP 	text_3: autoDraw = False
833.9899 	EXP 	secondcircle: autoDraw = False
833.9899 	EXP 	text_4: autoDraw = False
833.9899 	EXP 	text_4: autoDraw = True
834.4898 	EXP 	text_4: autoDraw = False
834.5065 	EXP 	firstcircle_3: autoDraw = True
837.7898 	EXP 	firstcircle_3: autoDraw = False
837.8064 	EXP 	text_3: autoDraw = True
838.7897 	EXP 	text_3: autoDraw = False
838.8064 	EXP 	secondcircle: autoDraw = True
843.1897 	EXP 	secondcircle: autoDraw = False
850.7752 	DATA 	Keypress: right
850.7911 	EXP 	New trial (rep=0, index=17): OrderedDict([('firstTime', 1.8), ('secondTime', 0.9), ('corrAns', 'left'), ('plusStart', 2.3), ('secondStart', 3.3), ('respStart', 4.2), ('randNum', 0.328250033)])
850.8063 	EXP 	firstcircle_3: autoDraw = False
850.8063 	EXP 	text_3: autoDraw = False
850.8063 	EXP 	secondcircle: autoDraw = False
850.8063 	EXP 	text_4: autoDraw = False
850.8063 	EXP 	text_4: autoDraw = True
851.3063 	EXP 	text_4: autoDraw = False
851.3229 	EXP 	firstcircle_3: autoDraw = True
853.1062 	EXP 	firstcircle_3: autoDraw = False
853.1229 	EXP 	text_3: autoDraw = True
854.1062 	EXP 	text_3: autoDraw = False
854.1229 	EXP 	secondcircle: autoDraw = True
855.0062 	EXP 	secondcircle: autoDraw = False
870.2416 	DATA 	Keypress: right
870.2431 	EXP 	New trial (rep=0, index=18): OrderedDict([('firstTime', 1.4), ('secondTime', 0.7), ('corrAns', 'left'), ('plusStart', 1.9), ('secondStart', 2.9), ('respStart', 3.6), ('randNum', 0.26139814899999997)])
870.2560 	EXP 	firstcircle_3: autoDraw = False
870.2560 	EXP 	text_3: autoDraw = False
870.2560 	EXP 	secondcircle: autoDraw = False
870.2560 	EXP 	text_4: autoDraw = False
870.2560 	EXP 	text_4: autoDraw = True
870.7560 	EXP 	text_4: autoDraw = False
870.7726 	EXP 	firstcircle_3: autoDraw = True
872.1560 	EXP 	firstcircle_3: autoDraw = False
872.1726 	EXP 	text_3: autoDraw = True
873.1559 	EXP 	text_3: autoDraw = False
873.1727 	EXP 	secondcircle: autoDraw = True
873.8559 	EXP 	secondcircle: autoDraw = False
884.6410 	DATA 	Keypress: left
884.6424 	EXP 	New trial (rep=0, index=19): OrderedDict([('firstTime', 0.7), ('secondTime', 1.4), ('corrAns', 'right'), ('plusStart', 1.2), ('secondStart', 2.2), ('respStart', 3.6), ('randNum', 0.515481866)])
884.6558 	EXP 	firstcircle_3: autoDraw = False
884.6558 	EXP 	text_3: autoDraw = False
884.6558 	EXP 	secondcircle: autoDraw = False
884.6558 	EXP 	text_4: autoDraw = False
884.6558 	EXP 	text_4: autoDraw = True
885.1558 	EXP 	text_4: autoDraw = False
885.1725 	EXP 	firstcircle_3: autoDraw = True
885.8558 	EXP 	firstcircle_3: autoDraw = False
885.8725 	EXP 	text_3: autoDraw = True
886.8558 	EXP 	text_3: autoDraw = False
886.8724 	EXP 	secondcircle: autoDraw = True
888.2557 	EXP 	secondcircle: autoDraw = False
896.4907 	DATA 	Keypress: left
896.5057 	EXP 	firstcircle_3: autoDraw = False
896.5057 	EXP 	text_3: autoDraw = False
896.5057 	EXP 	secondcircle: autoDraw = False
896.5057 	EXP 	text_4: autoDraw = False
896.5057 	EXP 	text_2: autoDraw = True
899.7730 	EXP 	window1: mouseVisible = True
