1.5404 	WARNING 	sounddevice audio lib was requested but not loaded: sounddevice not working
17.0630 	WARNING 	User requested fullscreen with size [1024  768], but screen is actually [1440, 900]. Using actual size
17.7321 	EXP 	Created window1 = Window(allowGUI=False, allowStencil=False, args=UNKNOWN, autoLog=True, bitsMode=UNKNOWN, blendMode='avg', color=array([0., 0., 0.]), colorSpace='rgb', fullscr=<method-wrapper '__getattribute__' of attributeSetter object at 0x1105d7dd8>, gamma=None, kwargs=UNKNOWN, lms=UNKNOWN, monitor=<psychopy.monitors.calibTools.Monitor object at 0x112df0a58>, multiSample=False, name='window1', numSamples=2, pos=[0.0, 0.0], screen=0, size=array([2880, 1800]), stereo=False, units='norm', useFBO=True, useRetina=True, viewOri=0.0, viewPos=None, viewScale=None, waitBlanking=True, winType='pyglet')
17.7322 	EXP 	window1: recordFrameIntervals = False
17.8979 	EXP 	window1: recordFrameIntervals = True
18.0814 	EXP 	window1: recordFrameIntervals = False
18.2108 	EXP 	Created insRound1 = TextStim(__class__=<class 'psychopy.visual.text.TextStim'>, alignHoriz='center', alignVert='center', antialias=True, autoLog=True, bold=False, color='white', colorSpace='named', contrast=1.0, depth=0.0, flipHoriz=False, flipVert=False, font='Arial', fontFiles=[], height=0.07, italic=False, languageStyle='LTR', name='insRound1', opacity=1.0, ori=0, pos=array([0., 0.]), rgb=array([255., 255., 255.]), text=str(...), units='norm', win=Window(...), wrapWidth=1)
18.2205 	EXP 	Created text = TextStim(__class__=<class 'psychopy.visual.text.TextStim'>, alignHoriz='center', alignVert='center', antialias=True, autoLog=True, bold=False, color='white', colorSpace='named', contrast=1.0, depth=0.0, flipHoriz=False, flipVert=False, font='Arial', fontFiles=[], height=0.1, italic=False, languageStyle='LTR', name='text', opacity=1.0, ori=0, pos=array([0., 0.]), rgb=array([255., 255., 255.]), text='Block 1 starts\n\nPress space', units='norm', win=Window(...), wrapWidth=1)
18.2333 	EXP 	Created firstcircle_3 = Polygon(__class__=<class 'psychopy.visual.polygon.Polygon'>, autoDraw=False, autoLog=True, closeShape=True, color=method-wrapper(...), colorSpace=None, contrast=1.0, depth=0.0, fillColor=array([1., 1., 1.]), fillColorSpace='rgb', fillRGB=array([1., 1., 1.]), interpolate=True, lineColor=array([1., 1., 1.]), lineColorSpace='rgb', lineRGB=array([1., 1., 1.]), lineWidth=1, name='firstcircle_3', opacity=1.0, ori=array(0.), pos=array([0., 0.]), size=array([0.3, 0.5]), units='norm', vertices=ndarray(...), win=Window(...))
18.2368 	EXP 	Created text_3 = TextStim(__class__=<class 'psychopy.visual.text.TextStim'>, alignHoriz='center', alignVert='center', antialias=True, autoLog=True, bold=False, color='white', colorSpace='named', contrast=1.0, depth=-2.0, flipHoriz=False, flipVert=False, font='Arial', fontFiles=[], height=0.1, italic=False, languageStyle='LTR', name='text_3', opacity=1.0, ori=0, pos=array([0., 0.]), rgb=array([255., 255., 255.]), text='+', units='norm', win=Window(...), wrapWidth=1)
18.2398 	EXP 	Created secondcircle = Polygon(__class__=<class 'psychopy.visual.polygon.Polygon'>, autoDraw=False, autoLog=True, closeShape=True, color=method-wrapper(...), colorSpace=None, contrast=1.0, depth=-3.0, fillColor=array([-1., -1., -1.]), fillColorSpace='rgb', fillRGB=array([-1., -1., -1.]), interpolate=True, lineColor=array([-1., -1., -1.]), lineColorSpace='rgb', lineRGB=array([-1., -1., -1.]), lineWidth=1, name='secondcircle', opacity=1.0, ori=array(0.), pos=array([0., 0.]), size=array([0.3, 0.5]), units='norm', vertices=ndarray(...), win=Window(...))
18.2431 	EXP 	Created text_4 = TextStim(__class__=<class 'psychopy.visual.text.TextStim'>, alignHoriz='center', alignVert='center', antialias=True, autoLog=True, bold=False, color='white', colorSpace='named', contrast=1.0, depth=-4.0, flipHoriz=False, flipVert=False, font='Arial', fontFiles=[], height=0.1, italic=False, languageStyle='LTR', name='text_4', opacity=1.0, ori=0, pos=array([0., 0.]), rgb=array([255., 255., 255.]), text='next', units='norm', win=Window(...), wrapWidth=1)
18.2489 	EXP 	Created text_5 = TextStim(__class__=<class 'psychopy.visual.text.TextStim'>, alignHoriz='center', alignVert='center', antialias=True, autoLog=True, bold=False, color='white', colorSpace='named', contrast=1.0, depth=0.0, flipHoriz=False, flipVert=False, font='Arial', fontFiles=[], height=0.1, italic=False, languageStyle='LTR', name='text_5', opacity=1.0, ori=0, pos=array([0., 0.]), rgb=array([255., 255., 255.]), text='Block 2 starts\n\nPress space', units='norm', win=Window(...), wrapWidth=1)
18.2514 	EXP 	Created firstcircle_3 = Polygon(__class__=<class 'psychopy.visual.polygon.Polygon'>, autoDraw=False, autoLog=True, closeShape=True, color=method-wrapper(...), colorSpace=None, contrast=1.0, depth=0.0, fillColor=array([1., 1., 1.]), fillColorSpace='rgb', fillRGB=array([1., 1., 1.]), interpolate=True, lineColor=array([1., 1., 1.]), lineColorSpace='rgb', lineRGB=array([1., 1., 1.]), lineWidth=1, name='firstcircle_3', opacity=1.0, ori=array(0.), pos=array([0., 0.]), size=array([0.3, 0.5]), units='norm', vertices=ndarray(...), win=Window(...))
18.2534 	EXP 	Created text_3 = TextStim(__class__=<class 'psychopy.visual.text.TextStim'>, alignHoriz='center', alignVert='center', antialias=True, autoLog=True, bold=False, color='white', colorSpace='named', contrast=1.0, depth=-2.0, flipHoriz=False, flipVert=False, font='Arial', fontFiles=[], height=0.1, italic=False, languageStyle='LTR', name='text_3', opacity=1.0, ori=0, pos=array([0., 0.]), rgb=array([255., 255., 255.]), text='+', units='norm', win=Window(...), wrapWidth=1)
18.2567 	EXP 	Created secondcircle = Polygon(__class__=<class 'psychopy.visual.polygon.Polygon'>, autoDraw=False, autoLog=True, closeShape=True, color=method-wrapper(...), colorSpace=None, contrast=1.0, depth=-3.0, fillColor=array([-1., -1., -1.]), fillColorSpace='rgb', fillRGB=array([-1., -1., -1.]), interpolate=True, lineColor=array([-1., -1., -1.]), lineColorSpace='rgb', lineRGB=array([-1., -1., -1.]), lineWidth=1, name='secondcircle', opacity=1.0, ori=array(0.), pos=array([0., 0.]), size=array([0.3, 0.5]), units='norm', vertices=ndarray(...), win=Window(...))
18.2602 	EXP 	Created text_4 = TextStim(__class__=<class 'psychopy.visual.text.TextStim'>, alignHoriz='center', alignVert='center', antialias=True, autoLog=True, bold=False, color='white', colorSpace='named', contrast=1.0, depth=-4.0, flipHoriz=False, flipVert=False, font='Arial', fontFiles=[], height=0.1, italic=False, languageStyle='LTR', name='text_4', opacity=1.0, ori=0, pos=array([0., 0.]), rgb=array([255., 255., 255.]), text='next', units='norm', win=Window(...), wrapWidth=1)
18.2677 	EXP 	Created text_6 = TextStim(__class__=<class 'psychopy.visual.text.TextStim'>, alignHoriz='center', alignVert='center', antialias=True, autoLog=True, bold=False, color='white', colorSpace='named', contrast=1.0, depth=0.0, flipHoriz=False, flipVert=False, font='Arial', fontFiles=[], height=0.1, italic=False, languageStyle='LTR', name='text_6', opacity=1.0, ori=0, pos=array([0., 0.]), rgb=array([255., 255., 255.]), text='Block 3 starts\n\nPress space', units='norm', win=Window(...), wrapWidth=1)
18.2707 	EXP 	Created firstcircle_3 = Polygon(__class__=<class 'psychopy.visual.polygon.Polygon'>, autoDraw=False, autoLog=True, closeShape=True, color=method-wrapper(...), colorSpace=None, contrast=1.0, depth=0.0, fillColor=array([1., 1., 1.]), fillColorSpace='rgb', fillRGB=array([1., 1., 1.]), interpolate=True, lineColor=array([1., 1., 1.]), lineColorSpace='rgb', lineRGB=array([1., 1., 1.]), lineWidth=1, name='firstcircle_3', opacity=1.0, ori=array(0.), pos=array([0., 0.]), size=array([0.3, 0.5]), units='norm', vertices=ndarray(...), win=Window(...))
18.2730 	EXP 	Created text_3 = TextStim(__class__=<class 'psychopy.visual.text.TextStim'>, alignHoriz='center', alignVert='center', antialias=True, autoLog=True, bold=False, color='white', colorSpace='named', contrast=1.0, depth=-2.0, flipHoriz=False, flipVert=False, font='Arial', fontFiles=[], height=0.1, italic=False, languageStyle='LTR', name='text_3', opacity=1.0, ori=0, pos=array([0., 0.]), rgb=array([255., 255., 255.]), text='+', units='norm', win=Window(...), wrapWidth=1)
18.2757 	EXP 	Created secondcircle = Polygon(__class__=<class 'psychopy.visual.polygon.Polygon'>, autoDraw=False, autoLog=True, closeShape=True, color=method-wrapper(...), colorSpace=None, contrast=1.0, depth=-3.0, fillColor=array([-1., -1., -1.]), fillColorSpace='rgb', fillRGB=array([-1., -1., -1.]), interpolate=True, lineColor=array([-1., -1., -1.]), lineColorSpace='rgb', lineRGB=array([-1., -1., -1.]), lineWidth=1, name='secondcircle', opacity=1.0, ori=array(0.), pos=array([0., 0.]), size=array([0.3, 0.5]), units='norm', vertices=ndarray(...), win=Window(...))
18.2779 	EXP 	Created text_4 = TextStim(__class__=<class 'psychopy.visual.text.TextStim'>, alignHoriz='center', alignVert='center', antialias=True, autoLog=True, bold=False, color='white', colorSpace='named', contrast=1.0, depth=-4.0, flipHoriz=False, flipVert=False, font='Arial', fontFiles=[], height=0.1, italic=False, languageStyle='LTR', name='text_4', opacity=1.0, ori=0, pos=array([0., 0.]), rgb=array([255., 255., 255.]), text='next', units='norm', win=Window(...), wrapWidth=1)
18.2837 	EXP 	Created text_7 = TextStim(__class__=<class 'psychopy.visual.text.TextStim'>, alignHoriz='center', alignVert='center', antialias=True, autoLog=True, bold=False, color='white', colorSpace='named', contrast=1.0, depth=0.0, flipHoriz=False, flipVert=False, font='Arial', fontFiles=[], height=0.1, italic=False, languageStyle='LTR', name='text_7', opacity=1.0, ori=0, pos=array([0., 0.]), rgb=array([255., 255., 255.]), text='Block 4 starts\n\nPress space', units='norm', win=Window(...), wrapWidth=1)
18.2863 	EXP 	Created firstcircle_3 = Polygon(__class__=<class 'psychopy.visual.polygon.Polygon'>, autoDraw=False, autoLog=True, closeShape=True, color=method-wrapper(...), colorSpace=None, contrast=1.0, depth=0.0, fillColor=array([1., 1., 1.]), fillColorSpace='rgb', fillRGB=array([1., 1., 1.]), interpolate=True, lineColor=array([1., 1., 1.]), lineColorSpace='rgb', lineRGB=array([1., 1., 1.]), lineWidth=1, name='firstcircle_3', opacity=1.0, ori=array(0.), pos=array([0., 0.]), size=array([0.3, 0.5]), units='norm', vertices=ndarray(...), win=Window(...))
18.2883 	EXP 	Created text_3 = TextStim(__class__=<class 'psychopy.visual.text.TextStim'>, alignHoriz='center', alignVert='center', antialias=True, autoLog=True, bold=False, color='white', colorSpace='named', contrast=1.0, depth=-2.0, flipHoriz=False, flipVert=False, font='Arial', fontFiles=[], height=0.1, italic=False, languageStyle='LTR', name='text_3', opacity=1.0, ori=0, pos=array([0., 0.]), rgb=array([255., 255., 255.]), text='+', units='norm', win=Window(...), wrapWidth=1)
18.2908 	EXP 	Created secondcircle = Polygon(__class__=<class 'psychopy.visual.polygon.Polygon'>, autoDraw=False, autoLog=True, closeShape=True, color=method-wrapper(...), colorSpace=None, contrast=1.0, depth=-3.0, fillColor=array([-1., -1., -1.]), fillColorSpace='rgb', fillRGB=array([-1., -1., -1.]), interpolate=True, lineColor=array([-1., -1., -1.]), lineColorSpace='rgb', lineRGB=array([-1., -1., -1.]), lineWidth=1, name='secondcircle', opacity=1.0, ori=array(0.), pos=array([0., 0.]), size=array([0.3, 0.5]), units='norm', vertices=ndarray(...), win=Window(...))
18.2930 	EXP 	Created text_4 = TextStim(__class__=<class 'psychopy.visual.text.TextStim'>, alignHoriz='center', alignVert='center', antialias=True, autoLog=True, bold=False, color='white', colorSpace='named', contrast=1.0, depth=-4.0, flipHoriz=False, flipVert=False, font='Arial', fontFiles=[], height=0.1, italic=False, languageStyle='LTR', name='text_4', opacity=1.0, ori=0, pos=array([0., 0.]), rgb=array([255., 255., 255.]), text='next', units='norm', win=Window(...), wrapWidth=1)
18.2970 	EXP 	Created text_2 = TextStim(__class__=<class 'psychopy.visual.text.TextStim'>, alignHoriz='center', alignVert='center', antialias=True, autoLog=True, bold=False, color='white', colorSpace='named', contrast=1.0, depth=0.0, flipHoriz=False, flipVert=False, font='Arial', fontFiles=[], height=0.1, italic=False, languageStyle='LTR', name='text_2', opacity=1.0, ori=0, pos=array([0., 0.]), rgb=array([255., 255., 255.]), text='The end', units='norm', win=Window(...), wrapWidth=1)
18.3146 	EXP 	insRound1: autoDraw = True
57.0207 	DATA 	Keypress: space
57.0306 	EXP 	insRound1: autoDraw = False
57.0306 	EXP 	text: autoDraw = True
60.9162 	DATA 	Keypress: space
60.9403 	EXP 	Imported conditionsTime.csv as conditions, 20 conditions, 7 params
60.9406 	EXP 	Created sequence: sequential, trialTypes=20, nReps=1, seed=None
60.9411 	EXP 	New trial (rep=0, index=0): OrderedDict([('firstTime', 1.8), ('secondTime', 1.2), ('corrAns', 'left'), ('plusStart', 2.3), ('secondStart', 3.3), ('respStart', 4.5), ('randNum', 0.17368025899999998)])
60.9473 	EXP 	text: autoDraw = False
60.9473 	EXP 	text_4: autoDraw = True
61.4472 	EXP 	text_4: autoDraw = False
61.4639 	EXP 	firstcircle_3: autoDraw = True
63.2472 	EXP 	firstcircle_3: autoDraw = False
63.2639 	EXP 	text_3: autoDraw = True
64.2472 	EXP 	text_3: autoDraw = False
64.2639 	EXP 	secondcircle: autoDraw = True
65.4472 	EXP 	secondcircle: autoDraw = False
72.4995 	DATA 	Keypress: left
72.5010 	EXP 	New trial (rep=0, index=1): OrderedDict([('firstTime', 3.6), ('secondTime', 3.2), ('corrAns', 'left'), ('plusStart', 4.1), ('secondStart', 5.1), ('respStart', 8.3), ('randNum', 0.41458448299999995)])
72.5138 	EXP 	firstcircle_3: autoDraw = False
72.5138 	EXP 	text_3: autoDraw = False
72.5138 	EXP 	secondcircle: autoDraw = False
72.5138 	EXP 	text_4: autoDraw = False
72.5138 	EXP 	text_4: autoDraw = True
73.0137 	EXP 	text_4: autoDraw = False
73.0304 	EXP 	firstcircle_3: autoDraw = True
76.6137 	EXP 	firstcircle_3: autoDraw = False
76.6304 	EXP 	text_3: autoDraw = True
77.6137 	EXP 	text_3: autoDraw = False
77.6304 	EXP 	secondcircle: autoDraw = True
80.8136 	EXP 	secondcircle: autoDraw = False
81.2491 	DATA 	Keypress: right
81.2505 	EXP 	New trial (rep=0, index=2): OrderedDict([('firstTime', 2.5), ('secondTime', 1.5), ('corrAns', 'left'), ('plusStart', 3.0), ('secondStart', 4.0), ('respStart', 5.5), ('randNum', 0.148607464)])
81.2637 	EXP 	firstcircle_3: autoDraw = False
81.2637 	EXP 	text_3: autoDraw = False
81.2637 	EXP 	secondcircle: autoDraw = False
81.2637 	EXP 	text_4: autoDraw = False
81.2637 	EXP 	text_4: autoDraw = True
81.7636 	EXP 	text_4: autoDraw = False
81.7803 	EXP 	firstcircle_3: autoDraw = True
84.2636 	EXP 	firstcircle_3: autoDraw = False
84.2803 	EXP 	text_3: autoDraw = True
85.2636 	EXP 	text_3: autoDraw = False
85.2802 	EXP 	secondcircle: autoDraw = True
86.7636 	EXP 	secondcircle: autoDraw = False
87.6490 	DATA 	Keypress: left
87.6505 	EXP 	New trial (rep=0, index=3): OrderedDict([('firstTime', 1.8), ('secondTime', 2.7), ('corrAns', 'right'), ('plusStart', 2.3), ('secondStart', 3.3), ('respStart', 6.0), ('randNum', 0.13554984)])
87.6636 	EXP 	firstcircle_3: autoDraw = False
87.6636 	EXP 	text_3: autoDraw = False
87.6636 	EXP 	secondcircle: autoDraw = False
87.6636 	EXP 	text_4: autoDraw = False
87.6636 	EXP 	text_4: autoDraw = True
88.1635 	EXP 	text_4: autoDraw = False
88.1802 	EXP 	firstcircle_3: autoDraw = True
89.9636 	EXP 	firstcircle_3: autoDraw = False
89.9802 	EXP 	text_3: autoDraw = True
90.9635 	EXP 	text_3: autoDraw = False
90.9802 	EXP 	secondcircle: autoDraw = True
93.6635 	EXP 	secondcircle: autoDraw = False
94.0487 	DATA 	Keypress: right
94.0501 	EXP 	New trial (rep=0, index=4): OrderedDict([('firstTime', 1.2), ('secondTime', 1.8), ('corrAns', 'right'), ('plusStart', 1.7), ('secondStart', 2.7), ('respStart', 4.5), ('randNum', 0.309174352)])
94.0635 	EXP 	firstcircle_3: autoDraw = False
94.0635 	EXP 	text_3: autoDraw = False
94.0635 	EXP 	secondcircle: autoDraw = False
94.0635 	EXP 	text_4: autoDraw = False
94.0635 	EXP 	text_4: autoDraw = True
94.5635 	EXP 	text_4: autoDraw = False
94.5801 	EXP 	firstcircle_3: autoDraw = True
95.7635 	EXP 	firstcircle_3: autoDraw = False
95.7801 	EXP 	text_3: autoDraw = True
96.7634 	EXP 	text_3: autoDraw = False
96.7801 	EXP 	secondcircle: autoDraw = True
98.5634 	EXP 	secondcircle: autoDraw = False
98.8489 	DATA 	Keypress: right
98.8502 	EXP 	New trial (rep=0, index=5): OrderedDict([('firstTime', 8.8), ('secondTime', 9.9), ('corrAns', 'right'), ('plusStart', 9.3), ('secondStart', 10.3), ('respStart', 20.2), ('randNum', 0.7009299529999999)])
98.8635 	EXP 	firstcircle_3: autoDraw = False
98.8635 	EXP 	text_3: autoDraw = False
98.8635 	EXP 	secondcircle: autoDraw = False
98.8635 	EXP 	text_4: autoDraw = False
98.8635 	EXP 	text_4: autoDraw = True
99.3634 	EXP 	text_4: autoDraw = False
99.3801 	EXP 	firstcircle_3: autoDraw = True
108.1633 	EXP 	firstcircle_3: autoDraw = False
108.1799 	EXP 	text_3: autoDraw = True
109.1633 	EXP 	text_3: autoDraw = False
109.1799 	EXP 	secondcircle: autoDraw = True
119.0631 	EXP 	secondcircle: autoDraw = False
119.9652 	DATA 	Keypress: right
119.9666 	EXP 	New trial (rep=0, index=6): OrderedDict([('firstTime', 3.3), ('secondTime', 4.4), ('corrAns', 'right'), ('plusStart', 3.8), ('secondStart', 4.8), ('respStart', 9.2), ('randNum', 0.705723743)])
119.9798 	EXP 	firstcircle_3: autoDraw = False
119.9798 	EXP 	text_3: autoDraw = False
119.9798 	EXP 	secondcircle: autoDraw = False
119.9798 	EXP 	text_4: autoDraw = False
119.9798 	EXP 	text_4: autoDraw = True
120.4798 	EXP 	text_4: autoDraw = False
120.4964 	EXP 	firstcircle_3: autoDraw = True
123.7797 	EXP 	firstcircle_3: autoDraw = False
123.7964 	EXP 	text_3: autoDraw = True
124.7797 	EXP 	text_3: autoDraw = False
124.7965 	EXP 	secondcircle: autoDraw = True
129.1796 	EXP 	secondcircle: autoDraw = False
129.6484 	DATA 	Keypress: right
129.6497 	EXP 	New trial (rep=0, index=7): OrderedDict([('firstTime', 3.5), ('secondTime', 2.1), ('corrAns', 'left'), ('plusStart', 4.0), ('secondStart', 5.0), ('respStart', 7.1), ('randNum', 0.544523215)])
129.6630 	EXP 	firstcircle_3: autoDraw = False
129.6630 	EXP 	text_3: autoDraw = False
129.6630 	EXP 	secondcircle: autoDraw = False
129.6630 	EXP 	text_4: autoDraw = False
129.6630 	EXP 	text_4: autoDraw = True
130.1630 	EXP 	text_4: autoDraw = False
130.1796 	EXP 	firstcircle_3: autoDraw = True
133.6629 	EXP 	firstcircle_3: autoDraw = False
133.6796 	EXP 	text_3: autoDraw = True
134.6629 	EXP 	text_3: autoDraw = False
134.6796 	EXP 	secondcircle: autoDraw = True
136.7629 	EXP 	secondcircle: autoDraw = False
137.9648 	DATA 	Keypress: left
137.9661 	EXP 	New trial (rep=0, index=8): OrderedDict([('firstTime', 1.4), ('secondTime', 0.7), ('corrAns', 'left'), ('plusStart', 1.9), ('secondStart', 2.9), ('respStart', 3.6), ('randNum', 0.53553232)])
137.9795 	EXP 	firstcircle_3: autoDraw = False
137.9795 	EXP 	text_3: autoDraw = False
137.9795 	EXP 	secondcircle: autoDraw = False
137.9795 	EXP 	text_4: autoDraw = False
137.9795 	EXP 	text_4: autoDraw = True
138.4795 	EXP 	text_4: autoDraw = False
138.4962 	EXP 	firstcircle_3: autoDraw = True
139.8796 	EXP 	firstcircle_3: autoDraw = False
139.8962 	EXP 	text_3: autoDraw = True
140.8795 	EXP 	text_3: autoDraw = False
140.8962 	EXP 	secondcircle: autoDraw = True
141.5795 	EXP 	secondcircle: autoDraw = False
142.5315 	DATA 	Keypress: left
142.5328 	EXP 	New trial (rep=0, index=9): OrderedDict([('firstTime', 4.4), ('secondTime', 3.3), ('corrAns', 'left'), ('plusStart', 4.9), ('secondStart', 5.9), ('respStart', 9.2), ('randNum', 0.255641654)])
142.5462 	EXP 	firstcircle_3: autoDraw = False
142.5462 	EXP 	text_3: autoDraw = False
142.5462 	EXP 	secondcircle: autoDraw = False
142.5462 	EXP 	text_4: autoDraw = False
142.5462 	EXP 	text_4: autoDraw = True
143.0461 	EXP 	text_4: autoDraw = False
143.0628 	EXP 	firstcircle_3: autoDraw = True
147.4461 	EXP 	firstcircle_3: autoDraw = False
147.4627 	EXP 	text_3: autoDraw = True
148.4461 	EXP 	text_3: autoDraw = False
148.4628 	EXP 	secondcircle: autoDraw = True
151.7460 	EXP 	secondcircle: autoDraw = False
152.2980 	DATA 	Keypress: left
152.2994 	EXP 	New trial (rep=0, index=10): OrderedDict([('firstTime', 3.2), ('secondTime', 3.6), ('corrAns', 'right'), ('plusStart', 3.7), ('secondStart', 4.7), ('respStart', 8.3), ('randNum', 0.140100939)])
152.3127 	EXP 	firstcircle_3: autoDraw = False
152.3127 	EXP 	text_3: autoDraw = False
152.3127 	EXP 	secondcircle: autoDraw = False
152.3127 	EXP 	text_4: autoDraw = False
152.3127 	EXP 	text_4: autoDraw = True
152.8127 	EXP 	text_4: autoDraw = False
152.8293 	EXP 	firstcircle_3: autoDraw = True
156.0126 	EXP 	firstcircle_3: autoDraw = False
156.0293 	EXP 	text_3: autoDraw = True
157.0126 	EXP 	text_3: autoDraw = False
157.0293 	EXP 	secondcircle: autoDraw = True
160.6126 	EXP 	secondcircle: autoDraw = False
161.7148 	DATA 	Keypress: right
161.7309 	EXP 	New trial (rep=0, index=11): OrderedDict([('firstTime', 2.8), ('secondTime', 2.1), ('corrAns', 'left'), ('plusStart', 3.3), ('secondStart', 4.3), ('respStart', 6.4), ('randNum', 0.019093293)])
161.7459 	EXP 	firstcircle_3: autoDraw = False
161.7459 	EXP 	text_3: autoDraw = False
161.7459 	EXP 	secondcircle: autoDraw = False
161.7459 	EXP 	text_4: autoDraw = False
161.7459 	EXP 	text_4: autoDraw = True
162.2459 	EXP 	text_4: autoDraw = False
162.2625 	EXP 	firstcircle_3: autoDraw = True
165.0458 	EXP 	firstcircle_3: autoDraw = False
165.0625 	EXP 	text_3: autoDraw = True
166.0458 	EXP 	text_3: autoDraw = False
166.0625 	EXP 	secondcircle: autoDraw = True
168.1459 	EXP 	secondcircle: autoDraw = False
168.9812 	DATA 	Keypress: left
168.9826 	EXP 	New trial (rep=0, index=12): OrderedDict([('firstTime', 0.9), ('secondTime', 1.8), ('corrAns', 'right'), ('plusStart', 1.4), ('secondStart', 2.4), ('respStart', 4.2), ('randNum', 0.461070472)])
168.9958 	EXP 	firstcircle_3: autoDraw = False
168.9958 	EXP 	text_3: autoDraw = False
168.9958 	EXP 	secondcircle: autoDraw = False
168.9958 	EXP 	text_4: autoDraw = False
168.9958 	EXP 	text_4: autoDraw = True
169.4958 	EXP 	text_4: autoDraw = False
169.5124 	EXP 	firstcircle_3: autoDraw = True
170.3958 	EXP 	firstcircle_3: autoDraw = False
170.4124 	EXP 	text_3: autoDraw = True
171.3958 	EXP 	text_3: autoDraw = False
171.4124 	EXP 	secondcircle: autoDraw = True
173.1957 	EXP 	secondcircle: autoDraw = False
173.4977 	DATA 	Keypress: right
173.4990 	EXP 	New trial (rep=0, index=13): OrderedDict([('firstTime', 2.1), ('secondTime', 2.8), ('corrAns', 'right'), ('plusStart', 2.6), ('secondStart', 3.6), ('respStart', 6.4), ('randNum', 0.22761601199999998)])
173.5124 	EXP 	firstcircle_3: autoDraw = False
173.5124 	EXP 	text_3: autoDraw = False
173.5124 	EXP 	secondcircle: autoDraw = False
173.5124 	EXP 	text_4: autoDraw = False
173.5124 	EXP 	text_4: autoDraw = True
174.0124 	EXP 	text_4: autoDraw = False
174.0291 	EXP 	firstcircle_3: autoDraw = True
176.1124 	EXP 	firstcircle_3: autoDraw = False
176.1290 	EXP 	text_3: autoDraw = True
177.1123 	EXP 	text_3: autoDraw = False
177.1290 	EXP 	secondcircle: autoDraw = True
179.9123 	EXP 	secondcircle: autoDraw = False
180.9311 	DATA 	Keypress: right
180.9324 	EXP 	New trial (rep=0, index=14): OrderedDict([('firstTime', 0.7), ('secondTime', 1.4), ('corrAns', 'right'), ('plusStart', 1.2), ('secondStart', 2.2), ('respStart', 3.6), ('randNum', 0.436550891)])
180.9456 	EXP 	firstcircle_3: autoDraw = False
180.9456 	EXP 	text_3: autoDraw = False
180.9456 	EXP 	secondcircle: autoDraw = False
180.9456 	EXP 	text_4: autoDraw = False
180.9456 	EXP 	text_4: autoDraw = True
181.4456 	EXP 	text_4: autoDraw = False
181.4623 	EXP 	firstcircle_3: autoDraw = True
182.1456 	EXP 	firstcircle_3: autoDraw = False
182.1623 	EXP 	text_3: autoDraw = True
183.1456 	EXP 	text_3: autoDraw = False
183.1623 	EXP 	secondcircle: autoDraw = True
184.5456 	EXP 	secondcircle: autoDraw = False
186.9975 	DATA 	Keypress: right
186.9988 	EXP 	New trial (rep=0, index=15): OrderedDict([('firstTime', 1.8), ('secondTime', 0.9), ('corrAns', 'left'), ('plusStart', 2.3), ('secondStart', 3.3), ('respStart', 4.2), ('randNum', 0.028891147000000002)])
187.0122 	EXP 	firstcircle_3: autoDraw = False
187.0122 	EXP 	text_3: autoDraw = False
187.0122 	EXP 	secondcircle: autoDraw = False
187.0122 	EXP 	text_4: autoDraw = False
187.0122 	EXP 	text_4: autoDraw = True
187.5122 	EXP 	text_4: autoDraw = False
187.5289 	EXP 	firstcircle_3: autoDraw = True
189.3122 	EXP 	firstcircle_3: autoDraw = False
189.3289 	EXP 	text_3: autoDraw = True
190.3122 	EXP 	text_3: autoDraw = False
190.3289 	EXP 	secondcircle: autoDraw = True
191.2122 	EXP 	secondcircle: autoDraw = False
192.9817 	DATA 	Keypress: left
192.9974 	EXP 	New trial (rep=0, index=16): OrderedDict([('firstTime', 2.7), ('secondTime', 1.8), ('corrAns', 'left'), ('plusStart', 3.2), ('secondStart', 4.2), ('respStart', 6.0), ('randNum', 0.277400549)])
193.0121 	EXP 	firstcircle_3: autoDraw = False
193.0121 	EXP 	text_3: autoDraw = False
193.0121 	EXP 	secondcircle: autoDraw = False
193.0121 	EXP 	text_4: autoDraw = False
193.0121 	EXP 	text_4: autoDraw = True
193.5121 	EXP 	text_4: autoDraw = False
193.5288 	EXP 	firstcircle_3: autoDraw = True
196.2121 	EXP 	firstcircle_3: autoDraw = False
196.2288 	EXP 	text_3: autoDraw = True
197.2121 	EXP 	text_3: autoDraw = False
197.2287 	EXP 	secondcircle: autoDraw = True
199.0120 	EXP 	secondcircle: autoDraw = False
199.7140 	DATA 	Keypress: left
199.7153 	EXP 	New trial (rep=0, index=17): OrderedDict([('firstTime', 9.9), ('secondTime', 8.8), ('corrAns', 'left'), ('plusStart', 10.4), ('secondStart', 11.4), ('respStart', 20.2), ('randNum', 0.9607848720000001)])
199.7287 	EXP 	firstcircle_3: autoDraw = False
199.7287 	EXP 	text_3: autoDraw = False
199.7287 	EXP 	secondcircle: autoDraw = False
199.7287 	EXP 	text_4: autoDraw = False
199.7287 	EXP 	text_4: autoDraw = True
200.2287 	EXP 	text_4: autoDraw = False
200.2454 	EXP 	firstcircle_3: autoDraw = True
210.1286 	EXP 	firstcircle_3: autoDraw = False
210.1452 	EXP 	text_3: autoDraw = True
211.1286 	EXP 	text_3: autoDraw = False
211.1452 	EXP 	secondcircle: autoDraw = True
219.9284 	EXP 	secondcircle: autoDraw = False
221.3637 	DATA 	Keypress: left
221.3651 	EXP 	New trial (rep=0, index=18): OrderedDict([('firstTime', 2.1), ('secondTime', 3.5), ('corrAns', 'right'), ('plusStart', 2.6), ('secondStart', 3.6), ('respStart', 7.1), ('randNum', 0.609327094)])
221.3784 	EXP 	firstcircle_3: autoDraw = False
221.3784 	EXP 	text_3: autoDraw = False
221.3784 	EXP 	secondcircle: autoDraw = False
221.3784 	EXP 	text_4: autoDraw = False
221.3784 	EXP 	text_4: autoDraw = True
221.8784 	EXP 	text_4: autoDraw = False
221.8951 	EXP 	firstcircle_3: autoDraw = True
223.9784 	EXP 	firstcircle_3: autoDraw = False
223.9950 	EXP 	text_3: autoDraw = True
224.9784 	EXP 	text_3: autoDraw = False
224.9950 	EXP 	secondcircle: autoDraw = True
228.4784 	EXP 	secondcircle: autoDraw = False
228.9136 	DATA 	Keypress: right
228.9150 	EXP 	New trial (rep=0, index=19): OrderedDict([('firstTime', 1.5), ('secondTime', 2.5), ('corrAns', 'right'), ('plusStart', 2.0), ('secondStart', 3.0), ('respStart', 5.5), ('randNum', 0.487304505)])
228.9283 	EXP 	firstcircle_3: autoDraw = False
228.9283 	EXP 	text_3: autoDraw = False
228.9283 	EXP 	secondcircle: autoDraw = False
228.9283 	EXP 	text_4: autoDraw = False
228.9283 	EXP 	text_4: autoDraw = True
229.4283 	EXP 	text_4: autoDraw = False
229.4450 	EXP 	firstcircle_3: autoDraw = True
230.9283 	EXP 	firstcircle_3: autoDraw = False
230.9450 	EXP 	text_3: autoDraw = True
231.9283 	EXP 	text_3: autoDraw = False
231.9449 	EXP 	secondcircle: autoDraw = True
234.4282 	EXP 	secondcircle: autoDraw = False
234.7802 	DATA 	Keypress: right
234.7949 	EXP 	firstcircle_3: autoDraw = False
234.7949 	EXP 	text_3: autoDraw = False
234.7949 	EXP 	secondcircle: autoDraw = False
234.7949 	EXP 	text_4: autoDraw = False
234.7949 	EXP 	text_5: autoDraw = True
237.7971 	DATA 	Keypress: space
237.8028 	EXP 	Imported conditionsTime2.csv as conditions, 20 conditions, 7 params
237.8032 	EXP 	Created sequence: sequential, trialTypes=20, nReps=1, seed=None
237.8036 	EXP 	New trial (rep=0, index=0): OrderedDict([('firstTime', 9.9), ('secondTime', 8.8), ('corrAns', 'left'), ('plusStart', 10.4), ('secondStart', 11.4), ('respStart', 20.2), ('randNum', 0.6005130679999999)])
237.8116 	EXP 	text_5: autoDraw = False
237.8116 	EXP 	text_4: autoDraw = True
238.3115 	EXP 	text_4: autoDraw = False
238.3282 	EXP 	firstcircle_3: autoDraw = True
248.2114 	EXP 	firstcircle_3: autoDraw = False
248.2281 	EXP 	text_3: autoDraw = True
249.2114 	EXP 	text_3: autoDraw = False
249.2280 	EXP 	secondcircle: autoDraw = True
258.0112 	EXP 	secondcircle: autoDraw = False
259.3798 	DATA 	Keypress: left
259.3814 	EXP 	New trial (rep=0, index=1): OrderedDict([('firstTime', 1.5), ('secondTime', 2.5), ('corrAns', 'right'), ('plusStart', 2.0), ('secondStart', 3.0), ('respStart', 5.5), ('randNum', 0.805142221)])
259.3946 	EXP 	firstcircle_3: autoDraw = False
259.3946 	EXP 	text_3: autoDraw = False
259.3946 	EXP 	secondcircle: autoDraw = False
259.3946 	EXP 	text_4: autoDraw = False
259.3946 	EXP 	text_4: autoDraw = True
259.8946 	EXP 	text_4: autoDraw = False
259.9113 	EXP 	firstcircle_3: autoDraw = True
261.3945 	EXP 	firstcircle_3: autoDraw = False
261.4112 	EXP 	text_3: autoDraw = True
262.3945 	EXP 	text_3: autoDraw = False
262.4112 	EXP 	secondcircle: autoDraw = True
264.8945 	EXP 	secondcircle: autoDraw = False
265.1965 	DATA 	Keypress: right
265.1978 	EXP 	New trial (rep=0, index=2): OrderedDict([('firstTime', 0.7), ('secondTime', 1.4), ('corrAns', 'right'), ('plusStart', 1.2), ('secondStart', 2.2), ('respStart', 3.6), ('randNum', 0.70587608)])
265.2111 	EXP 	firstcircle_3: autoDraw = False
265.2111 	EXP 	text_3: autoDraw = False
265.2111 	EXP 	secondcircle: autoDraw = False
265.2111 	EXP 	text_4: autoDraw = False
265.2111 	EXP 	text_4: autoDraw = True
265.7111 	EXP 	text_4: autoDraw = False
265.7278 	EXP 	firstcircle_3: autoDraw = True
266.4111 	EXP 	firstcircle_3: autoDraw = False
266.4278 	EXP 	text_3: autoDraw = True
267.4111 	EXP 	text_3: autoDraw = False
267.4278 	EXP 	secondcircle: autoDraw = True
268.8111 	EXP 	secondcircle: autoDraw = False
269.0464 	DATA 	Keypress: right
269.0478 	EXP 	New trial (rep=0, index=3): OrderedDict([('firstTime', 1.2), ('secondTime', 1.8), ('corrAns', 'right'), ('plusStart', 1.7), ('secondStart', 2.7), ('respStart', 4.5), ('randNum', 0.276216099)])
269.0611 	EXP 	firstcircle_3: autoDraw = False
269.0611 	EXP 	text_3: autoDraw = False
269.0611 	EXP 	secondcircle: autoDraw = False
269.0611 	EXP 	text_4: autoDraw = False
269.0611 	EXP 	text_4: autoDraw = True
269.5611 	EXP 	text_4: autoDraw = False
269.5778 	EXP 	firstcircle_3: autoDraw = True
270.7611 	EXP 	firstcircle_3: autoDraw = False
270.7777 	EXP 	text_3: autoDraw = True
271.7611 	EXP 	text_3: autoDraw = False
271.7777 	EXP 	secondcircle: autoDraw = True
273.5610 	EXP 	secondcircle: autoDraw = False
274.0963 	DATA 	Keypress: right
274.0977 	EXP 	New trial (rep=0, index=4): OrderedDict([('firstTime', 3.3), ('secondTime', 4.4), ('corrAns', 'right'), ('plusStart', 3.8), ('secondStart', 4.8), ('respStart', 9.2), ('randNum', 0.803512663)])
274.1110 	EXP 	firstcircle_3: autoDraw = False
274.1110 	EXP 	text_3: autoDraw = False
274.1110 	EXP 	secondcircle: autoDraw = False
274.1110 	EXP 	text_4: autoDraw = False
274.1110 	EXP 	text_4: autoDraw = True
274.6110 	EXP 	text_4: autoDraw = False
274.6277 	EXP 	firstcircle_3: autoDraw = True
277.9110 	EXP 	firstcircle_3: autoDraw = False
277.9276 	EXP 	text_3: autoDraw = True
278.9110 	EXP 	text_3: autoDraw = False
278.9276 	EXP 	secondcircle: autoDraw = True
283.3109 	EXP 	secondcircle: autoDraw = False
285.3302 	DATA 	Keypress: right
285.3459 	EXP 	New trial (rep=0, index=5): OrderedDict([('firstTime', 2.1), ('secondTime', 2.8), ('corrAns', 'right'), ('plusStart', 2.6), ('secondStart', 3.6), ('respStart', 6.4), ('randNum', 0.26721103399999996)])
285.3609 	EXP 	firstcircle_3: autoDraw = False
285.3609 	EXP 	text_3: autoDraw = False
285.3609 	EXP 	secondcircle: autoDraw = False
285.3609 	EXP 	text_4: autoDraw = False
285.3609 	EXP 	text_4: autoDraw = True
285.8609 	EXP 	text_4: autoDraw = False
285.8775 	EXP 	firstcircle_3: autoDraw = True
287.9608 	EXP 	firstcircle_3: autoDraw = False
287.9775 	EXP 	text_3: autoDraw = True
288.9608 	EXP 	text_3: autoDraw = False
288.9775 	EXP 	secondcircle: autoDraw = True
291.7608 	EXP 	secondcircle: autoDraw = False
292.6126 	DATA 	Keypress: right
292.6140 	EXP 	New trial (rep=0, index=6): OrderedDict([('firstTime', 2.8), ('secondTime', 2.1), ('corrAns', 'left'), ('plusStart', 3.3), ('secondStart', 4.3), ('respStart', 6.4), ('randNum', 0.1426323)])
292.6275 	EXP 	firstcircle_3: autoDraw = False
292.6275 	EXP 	text_3: autoDraw = False
292.6275 	EXP 	secondcircle: autoDraw = False
292.6275 	EXP 	text_4: autoDraw = False
292.6275 	EXP 	text_4: autoDraw = True
293.1274 	EXP 	text_4: autoDraw = False
293.1441 	EXP 	firstcircle_3: autoDraw = True
295.9275 	EXP 	firstcircle_3: autoDraw = False
295.9441 	EXP 	text_3: autoDraw = True
296.9274 	EXP 	text_3: autoDraw = False
296.9441 	EXP 	secondcircle: autoDraw = True
299.0274 	EXP 	secondcircle: autoDraw = False
300.1461 	DATA 	Keypress: left
300.1475 	EXP 	New trial (rep=0, index=7): OrderedDict([('firstTime', 2.7), ('secondTime', 1.8), ('corrAns', 'left'), ('plusStart', 3.2), ('secondStart', 4.2), ('respStart', 6.0), ('randNum', 0.15619143)])
300.1607 	EXP 	firstcircle_3: autoDraw = False
300.1607 	EXP 	text_3: autoDraw = False
300.1607 	EXP 	secondcircle: autoDraw = False
300.1607 	EXP 	text_4: autoDraw = False
300.1607 	EXP 	text_4: autoDraw = True
300.6607 	EXP 	text_4: autoDraw = False
300.6773 	EXP 	firstcircle_3: autoDraw = True
303.3607 	EXP 	firstcircle_3: autoDraw = False
303.3773 	EXP 	text_3: autoDraw = True
304.3606 	EXP 	text_3: autoDraw = False
304.3773 	EXP 	secondcircle: autoDraw = True
306.1606 	EXP 	secondcircle: autoDraw = False
307.9125 	DATA 	Keypress: left
307.9140 	EXP 	New trial (rep=0, index=8): OrderedDict([('firstTime', 8.8), ('secondTime', 9.9), ('corrAns', 'right'), ('plusStart', 9.3), ('secondStart', 10.3), ('respStart', 20.2), ('randNum', 0.549248995)])
307.9272 	EXP 	firstcircle_3: autoDraw = False
307.9272 	EXP 	text_3: autoDraw = False
307.9272 	EXP 	secondcircle: autoDraw = False
307.9272 	EXP 	text_4: autoDraw = False
307.9272 	EXP 	text_4: autoDraw = True
308.4272 	EXP 	text_4: autoDraw = False
308.4439 	EXP 	firstcircle_3: autoDraw = True
317.2271 	EXP 	firstcircle_3: autoDraw = False
317.2438 	EXP 	text_3: autoDraw = True
318.2271 	EXP 	text_3: autoDraw = False
318.2438 	EXP 	secondcircle: autoDraw = True
328.1270 	EXP 	secondcircle: autoDraw = False
329.1621 	DATA 	Keypress: right
329.1634 	EXP 	New trial (rep=0, index=9): OrderedDict([('firstTime', 2.5), ('secondTime', 1.5), ('corrAns', 'left'), ('plusStart', 3.0), ('secondStart', 4.0), ('respStart', 5.5), ('randNum', 0.358211186)])
329.1770 	EXP 	firstcircle_3: autoDraw = False
329.1770 	EXP 	text_3: autoDraw = False
329.1770 	EXP 	secondcircle: autoDraw = False
329.1770 	EXP 	text_4: autoDraw = False
329.1770 	EXP 	text_4: autoDraw = True
329.6770 	EXP 	text_4: autoDraw = False
329.6936 	EXP 	firstcircle_3: autoDraw = True
332.1769 	EXP 	firstcircle_3: autoDraw = False
332.1936 	EXP 	text_3: autoDraw = True
333.1769 	EXP 	text_3: autoDraw = False
333.1936 	EXP 	secondcircle: autoDraw = True
334.6769 	EXP 	secondcircle: autoDraw = False
336.9787 	DATA 	Keypress: left
336.9800 	EXP 	New trial (rep=0, index=10): OrderedDict([('firstTime', 1.8), ('secondTime', 0.9), ('corrAns', 'left'), ('plusStart', 2.3), ('secondStart', 3.3), ('respStart', 4.2), ('randNum', 0.907401646)])
336.9935 	EXP 	firstcircle_3: autoDraw = False
336.9935 	EXP 	text_3: autoDraw = False
336.9935 	EXP 	secondcircle: autoDraw = False
336.9935 	EXP 	text_4: autoDraw = False
336.9935 	EXP 	text_4: autoDraw = True
337.4935 	EXP 	text_4: autoDraw = False
337.5102 	EXP 	firstcircle_3: autoDraw = True
339.2935 	EXP 	firstcircle_3: autoDraw = False
339.3102 	EXP 	text_3: autoDraw = True
340.2935 	EXP 	text_3: autoDraw = False
340.3101 	EXP 	secondcircle: autoDraw = True
341.1935 	EXP 	secondcircle: autoDraw = False
342.5455 	DATA 	Keypress: left
342.5470 	EXP 	New trial (rep=0, index=11): OrderedDict([('firstTime', 3.2), ('secondTime', 3.6), ('corrAns', 'right'), ('plusStart', 3.7), ('secondStart', 4.7), ('respStart', 8.3), ('randNum', 0.40261677799999995)])
342.5601 	EXP 	firstcircle_3: autoDraw = False
342.5601 	EXP 	text_3: autoDraw = False
342.5601 	EXP 	secondcircle: autoDraw = False
342.5601 	EXP 	text_4: autoDraw = False
342.5601 	EXP 	text_4: autoDraw = True
343.0601 	EXP 	text_4: autoDraw = False
343.0768 	EXP 	firstcircle_3: autoDraw = True
346.2601 	EXP 	firstcircle_3: autoDraw = False
346.2767 	EXP 	text_3: autoDraw = True
347.2601 	EXP 	text_3: autoDraw = False
347.2767 	EXP 	secondcircle: autoDraw = True
350.8600 	EXP 	secondcircle: autoDraw = False
352.3452 	DATA 	Keypress: left
352.3467 	EXP 	New trial (rep=0, index=12): OrderedDict([('firstTime', 2.1), ('secondTime', 3.5), ('corrAns', 'right'), ('plusStart', 2.6), ('secondStart', 3.6), ('respStart', 7.1), ('randNum', 0.699018652)])
352.3600 	EXP 	firstcircle_3: autoDraw = False
352.3600 	EXP 	text_3: autoDraw = False
352.3600 	EXP 	secondcircle: autoDraw = False
352.3600 	EXP 	text_4: autoDraw = False
352.3600 	EXP 	text_4: autoDraw = True
352.8600 	EXP 	text_4: autoDraw = False
352.8766 	EXP 	firstcircle_3: autoDraw = True
354.9599 	EXP 	firstcircle_3: autoDraw = False
354.9766 	EXP 	text_3: autoDraw = True
355.9599 	EXP 	text_3: autoDraw = False
355.9766 	EXP 	secondcircle: autoDraw = True
356.8120 	DATA 	Keypress: right
359.4599 	EXP 	secondcircle: autoDraw = False
361.9286 	DATA 	Keypress: right
361.9299 	EXP 	New trial (rep=0, index=13): OrderedDict([('firstTime', 1.8), ('secondTime', 2.7), ('corrAns', 'right'), ('plusStart', 2.3), ('secondStart', 3.3), ('respStart', 6.0), ('randNum', 0.8590765890000001)])
361.9432 	EXP 	firstcircle_3: autoDraw = False
361.9432 	EXP 	text_3: autoDraw = False
361.9432 	EXP 	secondcircle: autoDraw = False
361.9432 	EXP 	text_4: autoDraw = False
361.9432 	EXP 	text_4: autoDraw = True
362.4432 	EXP 	text_4: autoDraw = False
362.4598 	EXP 	firstcircle_3: autoDraw = True
364.2432 	EXP 	firstcircle_3: autoDraw = False
364.2598 	EXP 	text_3: autoDraw = True
365.2431 	EXP 	text_3: autoDraw = False
365.2598 	EXP 	secondcircle: autoDraw = True
367.9431 	EXP 	secondcircle: autoDraw = False
368.8615 	DATA 	Keypress: left
368.8628 	EXP 	New trial (rep=0, index=14): OrderedDict([('firstTime', 1.4), ('secondTime', 0.7), ('corrAns', 'left'), ('plusStart', 1.9), ('secondStart', 2.9), ('respStart', 3.6), ('randNum', 0.413030013)])
368.8764 	EXP 	firstcircle_3: autoDraw = False
368.8764 	EXP 	text_3: autoDraw = False
368.8764 	EXP 	secondcircle: autoDraw = False
368.8764 	EXP 	text_4: autoDraw = False
368.8764 	EXP 	text_4: autoDraw = True
369.3765 	EXP 	text_4: autoDraw = False
369.3931 	EXP 	firstcircle_3: autoDraw = True
370.7764 	EXP 	firstcircle_3: autoDraw = False
370.7931 	EXP 	text_3: autoDraw = True
371.7764 	EXP 	text_3: autoDraw = False
371.7930 	EXP 	secondcircle: autoDraw = True
372.4764 	EXP 	secondcircle: autoDraw = False
373.1950 	DATA 	Keypress: left
373.1964 	EXP 	New trial (rep=0, index=15): OrderedDict([('firstTime', 3.6), ('secondTime', 3.2), ('corrAns', 'left'), ('plusStart', 4.1), ('secondStart', 5.1), ('respStart', 8.3), ('randNum', 0.12198344800000001)])
373.2097 	EXP 	firstcircle_3: autoDraw = False
373.2097 	EXP 	text_3: autoDraw = False
373.2097 	EXP 	secondcircle: autoDraw = False
373.2097 	EXP 	text_4: autoDraw = False
373.2097 	EXP 	text_4: autoDraw = True
373.7097 	EXP 	text_4: autoDraw = False
373.7263 	EXP 	firstcircle_3: autoDraw = True
377.3096 	EXP 	firstcircle_3: autoDraw = False
377.3263 	EXP 	text_3: autoDraw = True
378.3096 	EXP 	text_3: autoDraw = False
378.3263 	EXP 	secondcircle: autoDraw = True
381.5096 	EXP 	secondcircle: autoDraw = False
382.4280 	DATA 	Keypress: right
382.4293 	EXP 	New trial (rep=0, index=16): OrderedDict([('firstTime', 4.4), ('secondTime', 3.3), ('corrAns', 'left'), ('plusStart', 4.9), ('secondStart', 5.9), ('respStart', 9.2), ('randNum', 0.7908218929999999)])
382.4429 	EXP 	firstcircle_3: autoDraw = False
382.4429 	EXP 	text_3: autoDraw = False
382.4429 	EXP 	secondcircle: autoDraw = False
382.4429 	EXP 	text_4: autoDraw = False
382.4429 	EXP 	text_4: autoDraw = True
382.9430 	EXP 	text_4: autoDraw = False
382.9596 	EXP 	firstcircle_3: autoDraw = True
387.3428 	EXP 	firstcircle_3: autoDraw = False
387.3595 	EXP 	text_3: autoDraw = True
388.3428 	EXP 	text_3: autoDraw = False
388.3595 	EXP 	secondcircle: autoDraw = True
391.6428 	EXP 	secondcircle: autoDraw = False
392.2280 	DATA 	Keypress: left
392.2294 	EXP 	New trial (rep=0, index=17): OrderedDict([('firstTime', 3.5), ('secondTime', 2.1), ('corrAns', 'left'), ('plusStart', 4.0), ('secondStart', 5.0), ('respStart', 7.1), ('randNum', 0.149007794)])
392.2428 	EXP 	firstcircle_3: autoDraw = False
392.2428 	EXP 	text_3: autoDraw = False
392.2428 	EXP 	secondcircle: autoDraw = False
392.2428 	EXP 	text_4: autoDraw = False
392.2428 	EXP 	text_4: autoDraw = True
392.7428 	EXP 	text_4: autoDraw = False
392.7594 	EXP 	firstcircle_3: autoDraw = True
396.2427 	EXP 	firstcircle_3: autoDraw = False
396.2594 	EXP 	text_3: autoDraw = True
397.2427 	EXP 	text_3: autoDraw = False
397.2594 	EXP 	secondcircle: autoDraw = True
399.3427 	EXP 	secondcircle: autoDraw = False
400.6113 	DATA 	Keypress: left
400.6127 	EXP 	New trial (rep=0, index=18): OrderedDict([('firstTime', 1.8), ('secondTime', 1.2), ('corrAns', 'left'), ('plusStart', 2.3), ('secondStart', 3.3), ('respStart', 4.5), ('randNum', 0.44825194799999996)])
400.6260 	EXP 	firstcircle_3: autoDraw = False
400.6260 	EXP 	text_3: autoDraw = False
400.6260 	EXP 	secondcircle: autoDraw = False
400.6260 	EXP 	text_4: autoDraw = False
400.6260 	EXP 	text_4: autoDraw = True
401.1260 	EXP 	text_4: autoDraw = False
401.1426 	EXP 	firstcircle_3: autoDraw = True
402.9260 	EXP 	firstcircle_3: autoDraw = False
402.9426 	EXP 	text_3: autoDraw = True
403.9259 	EXP 	text_3: autoDraw = False
403.9426 	EXP 	secondcircle: autoDraw = True
405.1259 	EXP 	secondcircle: autoDraw = False
406.1947 	DATA 	Keypress: left
406.1961 	EXP 	New trial (rep=0, index=19): OrderedDict([('firstTime', 0.9), ('secondTime', 1.8), ('corrAns', 'right'), ('plusStart', 1.4), ('secondStart', 2.4), ('respStart', 4.2), ('randNum', 0.35938568299999996)])
406.2093 	EXP 	firstcircle_3: autoDraw = False
406.2093 	EXP 	text_3: autoDraw = False
406.2093 	EXP 	secondcircle: autoDraw = False
406.2093 	EXP 	text_4: autoDraw = False
406.2093 	EXP 	text_4: autoDraw = True
406.7092 	EXP 	text_4: autoDraw = False
406.7259 	EXP 	firstcircle_3: autoDraw = True
407.6092 	EXP 	firstcircle_3: autoDraw = False
407.6259 	EXP 	text_3: autoDraw = True
408.6092 	EXP 	text_3: autoDraw = False
408.6259 	EXP 	secondcircle: autoDraw = True
410.2279 	DATA 	Keypress: left
410.4092 	EXP 	secondcircle: autoDraw = False
415.4445 	DATA 	Keypress: right
415.4591 	EXP 	firstcircle_3: autoDraw = False
415.4591 	EXP 	text_3: autoDraw = False
415.4591 	EXP 	secondcircle: autoDraw = False
415.4591 	EXP 	text_4: autoDraw = False
415.4591 	EXP 	text_6: autoDraw = True
417.8448 	DATA 	Keypress: space
417.8513 	EXP 	Imported conditionsTime3.csv as conditions, 20 conditions, 7 params
417.8516 	EXP 	Created sequence: sequential, trialTypes=20, nReps=1, seed=None
417.8520 	EXP 	New trial (rep=0, index=0): OrderedDict([('firstTime', 2.7), ('secondTime', 1.8), ('corrAns', 'left'), ('plusStart', 3.2), ('secondStart', 4.2), ('respStart', 6.0), ('randNum', 0.09224181599999999)])
417.8591 	EXP 	text_6: autoDraw = False
417.8591 	EXP 	text_4: autoDraw = True
418.3591 	EXP 	text_4: autoDraw = False
418.3758 	EXP 	firstcircle_3: autoDraw = True
421.0590 	EXP 	firstcircle_3: autoDraw = False
421.0757 	EXP 	text_3: autoDraw = True
422.0590 	EXP 	text_3: autoDraw = False
422.0757 	EXP 	secondcircle: autoDraw = True
423.8590 	EXP 	secondcircle: autoDraw = False
424.5776 	DATA 	Keypress: left
424.5792 	EXP 	New trial (rep=0, index=1): OrderedDict([('firstTime', 1.8), ('secondTime', 2.7), ('corrAns', 'right'), ('plusStart', 2.3), ('secondStart', 3.3), ('respStart', 6.0), ('randNum', 0.320860695)])
424.5924 	EXP 	firstcircle_3: autoDraw = False
424.5924 	EXP 	text_3: autoDraw = False
424.5924 	EXP 	secondcircle: autoDraw = False
424.5924 	EXP 	text_4: autoDraw = False
424.5924 	EXP 	text_4: autoDraw = True
425.0923 	EXP 	text_4: autoDraw = False
425.1091 	EXP 	firstcircle_3: autoDraw = True
426.8923 	EXP 	firstcircle_3: autoDraw = False
426.9090 	EXP 	text_3: autoDraw = True
427.8923 	EXP 	text_3: autoDraw = False
427.9090 	EXP 	secondcircle: autoDraw = True
430.5922 	EXP 	secondcircle: autoDraw = False
430.8442 	DATA 	Keypress: right
430.8456 	EXP 	New trial (rep=0, index=2): OrderedDict([('firstTime', 0.7), ('secondTime', 1.4), ('corrAns', 'right'), ('plusStart', 1.2), ('secondStart', 2.2), ('respStart', 3.6), ('randNum', 0.091696964)])
430.8589 	EXP 	firstcircle_3: autoDraw = False
430.8589 	EXP 	text_3: autoDraw = False
430.8589 	EXP 	secondcircle: autoDraw = False
430.8589 	EXP 	text_4: autoDraw = False
430.8589 	EXP 	text_4: autoDraw = True
431.3590 	EXP 	text_4: autoDraw = False
431.3756 	EXP 	firstcircle_3: autoDraw = True
432.0589 	EXP 	firstcircle_3: autoDraw = False
432.0756 	EXP 	text_3: autoDraw = True
433.0589 	EXP 	text_3: autoDraw = False
433.0756 	EXP 	secondcircle: autoDraw = True
434.4589 	EXP 	secondcircle: autoDraw = False
434.7275 	DATA 	Keypress: right
434.7288 	EXP 	New trial (rep=0, index=3): OrderedDict([('firstTime', 4.4), ('secondTime', 3.3), ('corrAns', 'left'), ('plusStart', 4.9), ('secondStart', 5.9), ('respStart', 9.2), ('randNum', 0.010112259)])
434.7422 	EXP 	firstcircle_3: autoDraw = False
434.7422 	EXP 	text_3: autoDraw = False
434.7422 	EXP 	secondcircle: autoDraw = False
434.7422 	EXP 	text_4: autoDraw = False
434.7422 	EXP 	text_4: autoDraw = True
435.2422 	EXP 	text_4: autoDraw = False
435.2589 	EXP 	firstcircle_3: autoDraw = True
439.6421 	EXP 	firstcircle_3: autoDraw = False
439.6588 	EXP 	text_3: autoDraw = True
440.6421 	EXP 	text_3: autoDraw = False
440.6588 	EXP 	secondcircle: autoDraw = True
443.9421 	EXP 	secondcircle: autoDraw = False
444.8774 	DATA 	Keypress: left
444.8787 	EXP 	New trial (rep=0, index=4): OrderedDict([('firstTime', 0.9), ('secondTime', 1.8), ('corrAns', 'right'), ('plusStart', 1.4), ('secondStart', 2.4), ('respStart', 4.2), ('randNum', 0.877480265)])
444.8921 	EXP 	firstcircle_3: autoDraw = False
444.8921 	EXP 	text_3: autoDraw = False
444.8921 	EXP 	secondcircle: autoDraw = False
444.8921 	EXP 	text_4: autoDraw = False
444.8921 	EXP 	text_4: autoDraw = True
445.3921 	EXP 	text_4: autoDraw = False
445.4087 	EXP 	firstcircle_3: autoDraw = True
446.2920 	EXP 	firstcircle_3: autoDraw = False
446.3087 	EXP 	text_3: autoDraw = True
447.2920 	EXP 	text_3: autoDraw = False
447.3087 	EXP 	secondcircle: autoDraw = True
449.0920 	EXP 	secondcircle: autoDraw = False
449.7773 	DATA 	Keypress: right
449.7787 	EXP 	New trial (rep=0, index=5): OrderedDict([('firstTime', 1.8), ('secondTime', 0.9), ('corrAns', 'left'), ('plusStart', 2.3), ('secondStart', 3.3), ('respStart', 4.2), ('randNum', 0.74232345)])
449.7920 	EXP 	firstcircle_3: autoDraw = False
449.7920 	EXP 	text_3: autoDraw = False
449.7920 	EXP 	secondcircle: autoDraw = False
449.7920 	EXP 	text_4: autoDraw = False
449.7920 	EXP 	text_4: autoDraw = True
450.2920 	EXP 	text_4: autoDraw = False
450.3086 	EXP 	firstcircle_3: autoDraw = True
452.0920 	EXP 	firstcircle_3: autoDraw = False
452.1086 	EXP 	text_3: autoDraw = True
453.0920 	EXP 	text_3: autoDraw = False
453.1086 	EXP 	secondcircle: autoDraw = True
453.9919 	EXP 	secondcircle: autoDraw = False
454.5439 	DATA 	Keypress: left
454.5453 	EXP 	New trial (rep=0, index=6): OrderedDict([('firstTime', 1.8), ('secondTime', 1.2), ('corrAns', 'left'), ('plusStart', 2.3), ('secondStart', 3.3), ('respStart', 4.5), ('randNum', 0.307053849)])
454.5586 	EXP 	firstcircle_3: autoDraw = False
454.5586 	EXP 	text_3: autoDraw = False
454.5586 	EXP 	secondcircle: autoDraw = False
454.5586 	EXP 	text_4: autoDraw = False
454.5586 	EXP 	text_4: autoDraw = True
455.0587 	EXP 	text_4: autoDraw = False
455.0753 	EXP 	firstcircle_3: autoDraw = True
456.8586 	EXP 	firstcircle_3: autoDraw = False
456.8752 	EXP 	text_3: autoDraw = True
457.8586 	EXP 	text_3: autoDraw = False
457.8752 	EXP 	secondcircle: autoDraw = True
459.0585 	EXP 	secondcircle: autoDraw = False
460.4270 	DATA 	Keypress: right
460.4283 	EXP 	New trial (rep=0, index=7): OrderedDict([('firstTime', 3.6), ('secondTime', 3.2), ('corrAns', 'left'), ('plusStart', 4.1), ('secondStart', 5.1), ('respStart', 8.3), ('randNum', 0.331236492)])
460.4418 	EXP 	firstcircle_3: autoDraw = False
460.4418 	EXP 	text_3: autoDraw = False
460.4418 	EXP 	secondcircle: autoDraw = False
460.4418 	EXP 	text_4: autoDraw = False
460.4418 	EXP 	text_4: autoDraw = True
460.9418 	EXP 	text_4: autoDraw = False
460.9585 	EXP 	firstcircle_3: autoDraw = True
464.5418 	EXP 	firstcircle_3: autoDraw = False
464.5585 	EXP 	text_3: autoDraw = True
465.5418 	EXP 	text_3: autoDraw = False
465.5584 	EXP 	secondcircle: autoDraw = True
468.7417 	EXP 	secondcircle: autoDraw = False
469.3103 	DATA 	Keypress: left
469.3117 	EXP 	New trial (rep=0, index=8): OrderedDict([('firstTime', 2.5), ('secondTime', 1.5), ('corrAns', 'left'), ('plusStart', 3.0), ('secondStart', 4.0), ('respStart', 5.5), ('randNum', 0.778562476)])
469.3251 	EXP 	firstcircle_3: autoDraw = False
469.3251 	EXP 	text_3: autoDraw = False
469.3251 	EXP 	secondcircle: autoDraw = False
469.3251 	EXP 	text_4: autoDraw = False
469.3251 	EXP 	text_4: autoDraw = True
469.8251 	EXP 	text_4: autoDraw = False
469.8417 	EXP 	firstcircle_3: autoDraw = True
472.3250 	EXP 	firstcircle_3: autoDraw = False
472.3417 	EXP 	text_3: autoDraw = True
473.3250 	EXP 	text_3: autoDraw = False
473.3417 	EXP 	secondcircle: autoDraw = True
474.8250 	EXP 	secondcircle: autoDraw = False
475.6937 	DATA 	Keypress: left
475.6951 	EXP 	New trial (rep=0, index=9): OrderedDict([('firstTime', 1.2), ('secondTime', 1.8), ('corrAns', 'right'), ('plusStart', 1.7), ('secondStart', 2.7), ('respStart', 4.5), ('randNum', 0.18131893100000002)])
475.7084 	EXP 	firstcircle_3: autoDraw = False
475.7084 	EXP 	text_3: autoDraw = False
475.7084 	EXP 	secondcircle: autoDraw = False
475.7084 	EXP 	text_4: autoDraw = False
475.7084 	EXP 	text_4: autoDraw = True
476.2083 	EXP 	text_4: autoDraw = False
476.2250 	EXP 	firstcircle_3: autoDraw = True
477.4083 	EXP 	firstcircle_3: autoDraw = False
477.4250 	EXP 	text_3: autoDraw = True
478.4083 	EXP 	text_3: autoDraw = False
478.4249 	EXP 	secondcircle: autoDraw = True
480.2083 	EXP 	secondcircle: autoDraw = False
481.5112 	DATA 	Keypress: right
481.5266 	EXP 	New trial (rep=0, index=10): OrderedDict([('firstTime', 2.8), ('secondTime', 2.1), ('corrAns', 'left'), ('plusStart', 3.3), ('secondStart', 4.3), ('respStart', 6.4), ('randNum', 0.897215002)])
481.5416 	EXP 	firstcircle_3: autoDraw = False
481.5416 	EXP 	text_3: autoDraw = False
481.5416 	EXP 	secondcircle: autoDraw = False
481.5416 	EXP 	text_4: autoDraw = False
481.5416 	EXP 	text_4: autoDraw = True
482.0416 	EXP 	text_4: autoDraw = False
482.0582 	EXP 	firstcircle_3: autoDraw = True
484.8415 	EXP 	firstcircle_3: autoDraw = False
484.8582 	EXP 	text_3: autoDraw = True
485.8415 	EXP 	text_3: autoDraw = False
485.8582 	EXP 	secondcircle: autoDraw = True
487.9415 	EXP 	secondcircle: autoDraw = False
489.9768 	DATA 	Keypress: right
489.9782 	EXP 	New trial (rep=0, index=11): OrderedDict([('firstTime', 2.1), ('secondTime', 2.8), ('corrAns', 'right'), ('plusStart', 2.6), ('secondStart', 3.6), ('respStart', 6.4), ('randNum', 0.734438325)])
489.9914 	EXP 	firstcircle_3: autoDraw = False
489.9914 	EXP 	text_3: autoDraw = False
489.9914 	EXP 	secondcircle: autoDraw = False
489.9914 	EXP 	text_4: autoDraw = False
489.9914 	EXP 	text_4: autoDraw = True
490.4914 	EXP 	text_4: autoDraw = False
490.5081 	EXP 	firstcircle_3: autoDraw = True
492.5914 	EXP 	firstcircle_3: autoDraw = False
492.6081 	EXP 	text_3: autoDraw = True
493.5914 	EXP 	text_3: autoDraw = False
493.6081 	EXP 	secondcircle: autoDraw = True
496.3914 	EXP 	secondcircle: autoDraw = False
496.7433 	DATA 	Keypress: right
496.7446 	EXP 	New trial (rep=0, index=12): OrderedDict([('firstTime', 3.2), ('secondTime', 3.6), ('corrAns', 'right'), ('plusStart', 3.7), ('secondStart', 4.7), ('respStart', 8.3), ('randNum', 0.716372322)])
496.7581 	EXP 	firstcircle_3: autoDraw = False
496.7581 	EXP 	text_3: autoDraw = False
496.7581 	EXP 	secondcircle: autoDraw = False
496.7581 	EXP 	text_4: autoDraw = False
496.7581 	EXP 	text_4: autoDraw = True
497.2580 	EXP 	text_4: autoDraw = False
497.2747 	EXP 	firstcircle_3: autoDraw = True
500.4580 	EXP 	firstcircle_3: autoDraw = False
500.4746 	EXP 	text_3: autoDraw = True
501.4580 	EXP 	text_3: autoDraw = False
501.4746 	EXP 	secondcircle: autoDraw = True
505.0580 	EXP 	secondcircle: autoDraw = False
506.9430 	DATA 	Keypress: right
506.9443 	EXP 	New trial (rep=0, index=13): OrderedDict([('firstTime', 2.1), ('secondTime', 3.5), ('corrAns', 'right'), ('plusStart', 2.6), ('secondStart', 3.6), ('respStart', 7.1), ('randNum', 0.2797458)])
506.9580 	EXP 	firstcircle_3: autoDraw = False
506.9580 	EXP 	text_3: autoDraw = False
506.9580 	EXP 	secondcircle: autoDraw = False
506.9580 	EXP 	text_4: autoDraw = False
506.9580 	EXP 	text_4: autoDraw = True
507.4579 	EXP 	text_4: autoDraw = False
507.4746 	EXP 	firstcircle_3: autoDraw = True
509.5579 	EXP 	firstcircle_3: autoDraw = False
509.5745 	EXP 	text_3: autoDraw = True
510.5578 	EXP 	text_3: autoDraw = False
510.5745 	EXP 	secondcircle: autoDraw = True
514.0578 	EXP 	secondcircle: autoDraw = False
514.3097 	DATA 	Keypress: right
514.3111 	EXP 	New trial (rep=0, index=14): OrderedDict([('firstTime', 1.4), ('secondTime', 0.7), ('corrAns', 'left'), ('plusStart', 1.9), ('secondStart', 2.9), ('respStart', 3.6), ('randNum', 0.038284202)])
514.3245 	EXP 	firstcircle_3: autoDraw = False
514.3245 	EXP 	text_3: autoDraw = False
514.3245 	EXP 	secondcircle: autoDraw = False
514.3245 	EXP 	text_4: autoDraw = False
514.3245 	EXP 	text_4: autoDraw = True
514.8244 	EXP 	text_4: autoDraw = False
514.8411 	EXP 	firstcircle_3: autoDraw = True
516.2245 	EXP 	firstcircle_3: autoDraw = False
516.2411 	EXP 	text_3: autoDraw = True
517.2244 	EXP 	text_3: autoDraw = False
517.2411 	EXP 	secondcircle: autoDraw = True
517.9245 	EXP 	secondcircle: autoDraw = False
518.4930 	DATA 	Keypress: left
518.4944 	EXP 	New trial (rep=0, index=15): OrderedDict([('firstTime', 9.9), ('secondTime', 8.8), ('corrAns', 'left'), ('plusStart', 10.4), ('secondStart', 11.4), ('respStart', 20.2), ('randNum', 0.656448526)])
518.5077 	EXP 	firstcircle_3: autoDraw = False
518.5077 	EXP 	text_3: autoDraw = False
518.5077 	EXP 	secondcircle: autoDraw = False
518.5077 	EXP 	text_4: autoDraw = False
518.5077 	EXP 	text_4: autoDraw = True
519.0077 	EXP 	text_4: autoDraw = False
519.0244 	EXP 	firstcircle_3: autoDraw = True
528.9076 	EXP 	firstcircle_3: autoDraw = False
528.9243 	EXP 	text_3: autoDraw = True
529.9076 	EXP 	text_3: autoDraw = False
529.9242 	EXP 	secondcircle: autoDraw = True
538.7075 	EXP 	secondcircle: autoDraw = False
539.8595 	DATA 	Keypress: left
539.8609 	EXP 	New trial (rep=0, index=16): OrderedDict([('firstTime', 3.5), ('secondTime', 2.1), ('corrAns', 'left'), ('plusStart', 4.0), ('secondStart', 5.0), ('respStart', 7.1), ('randNum', 0.25078508899999996)])
539.8741 	EXP 	firstcircle_3: autoDraw = False
539.8741 	EXP 	text_3: autoDraw = False
539.8741 	EXP 	secondcircle: autoDraw = False
539.8741 	EXP 	text_4: autoDraw = False
539.8741 	EXP 	text_4: autoDraw = True
540.3741 	EXP 	text_4: autoDraw = False
540.3908 	EXP 	firstcircle_3: autoDraw = True
543.8741 	EXP 	firstcircle_3: autoDraw = False
543.8907 	EXP 	text_3: autoDraw = True
544.8740 	EXP 	text_3: autoDraw = False
544.8907 	EXP 	secondcircle: autoDraw = True
546.9740 	EXP 	secondcircle: autoDraw = False
548.7594 	DATA 	Keypress: left
548.7607 	EXP 	New trial (rep=0, index=17): OrderedDict([('firstTime', 8.8), ('secondTime', 9.9), ('corrAns', 'right'), ('plusStart', 9.3), ('secondStart', 10.3), ('respStart', 20.2), ('randNum', 0.055985873)])
548.7740 	EXP 	firstcircle_3: autoDraw = False
548.7740 	EXP 	text_3: autoDraw = False
548.7740 	EXP 	secondcircle: autoDraw = False
548.7740 	EXP 	text_4: autoDraw = False
548.7740 	EXP 	text_4: autoDraw = True
549.2740 	EXP 	text_4: autoDraw = False
549.2907 	EXP 	firstcircle_3: autoDraw = True
558.0739 	EXP 	firstcircle_3: autoDraw = False
558.0905 	EXP 	text_3: autoDraw = True
559.0738 	EXP 	text_3: autoDraw = False
559.0905 	EXP 	secondcircle: autoDraw = True
568.9737 	EXP 	secondcircle: autoDraw = False
569.9423 	DATA 	Keypress: right
569.9436 	EXP 	New trial (rep=0, index=18): OrderedDict([('firstTime', 1.5), ('secondTime', 2.5), ('corrAns', 'right'), ('plusStart', 2.0), ('secondStart', 3.0), ('respStart', 5.5), ('randNum', 0.279030548)])
569.9571 	EXP 	firstcircle_3: autoDraw = False
569.9571 	EXP 	text_3: autoDraw = False
569.9571 	EXP 	secondcircle: autoDraw = False
569.9571 	EXP 	text_4: autoDraw = False
569.9571 	EXP 	text_4: autoDraw = True
570.4570 	EXP 	text_4: autoDraw = False
570.4737 	EXP 	firstcircle_3: autoDraw = True
571.9570 	EXP 	firstcircle_3: autoDraw = False
571.9737 	EXP 	text_3: autoDraw = True
572.9570 	EXP 	text_3: autoDraw = False
572.9737 	EXP 	secondcircle: autoDraw = True
575.4570 	EXP 	secondcircle: autoDraw = False
576.5257 	DATA 	Keypress: left
576.5270 	EXP 	New trial (rep=0, index=19): OrderedDict([('firstTime', 3.3), ('secondTime', 4.4), ('corrAns', 'right'), ('plusStart', 3.8), ('secondStart', 4.8), ('respStart', 9.2), ('randNum', 0.6214470879999999)])
576.5404 	EXP 	firstcircle_3: autoDraw = False
576.5404 	EXP 	text_3: autoDraw = False
576.5404 	EXP 	secondcircle: autoDraw = False
576.5404 	EXP 	text_4: autoDraw = False
576.5404 	EXP 	text_4: autoDraw = True
577.0403 	EXP 	text_4: autoDraw = False
577.0569 	EXP 	firstcircle_3: autoDraw = True
580.3402 	EXP 	firstcircle_3: autoDraw = False
580.3569 	EXP 	text_3: autoDraw = True
581.3402 	EXP 	text_3: autoDraw = False
581.3569 	EXP 	secondcircle: autoDraw = True
585.7401 	EXP 	secondcircle: autoDraw = False
586.0589 	DATA 	Keypress: right
586.0735 	EXP 	firstcircle_3: autoDraw = False
586.0735 	EXP 	text_3: autoDraw = False
586.0735 	EXP 	secondcircle: autoDraw = False
586.0735 	EXP 	text_4: autoDraw = False
586.0735 	EXP 	text_7: autoDraw = True
592.2091 	DATA 	Keypress: space
592.2148 	EXP 	Imported conditionsTime4.csv as conditions, 20 conditions, 7 params
592.2152 	EXP 	Created sequence: sequential, trialTypes=20, nReps=1, seed=None
592.2156 	EXP 	New trial (rep=0, index=0): OrderedDict([('firstTime', 2.5), ('secondTime', 1.5), ('corrAns', 'left'), ('plusStart', 3.0), ('secondStart', 4.0), ('respStart', 5.5), ('randNum', 0.9526453340000001)])
592.2234 	EXP 	text_7: autoDraw = False
592.2234 	EXP 	text_4: autoDraw = True
592.7234 	EXP 	text_4: autoDraw = False
592.7401 	EXP 	firstcircle_3: autoDraw = True
595.2234 	EXP 	firstcircle_3: autoDraw = False
595.2400 	EXP 	text_3: autoDraw = True
596.2234 	EXP 	text_3: autoDraw = False
596.2400 	EXP 	secondcircle: autoDraw = True
597.7234 	EXP 	secondcircle: autoDraw = False
598.4087 	DATA 	Keypress: left
598.4104 	EXP 	New trial (rep=0, index=1): OrderedDict([('firstTime', 2.8), ('secondTime', 2.1), ('corrAns', 'left'), ('plusStart', 3.3), ('secondStart', 4.3), ('respStart', 6.4), ('randNum', 0.962497787)])
598.4234 	EXP 	firstcircle_3: autoDraw = False
598.4234 	EXP 	text_3: autoDraw = False
598.4234 	EXP 	secondcircle: autoDraw = False
598.4234 	EXP 	text_4: autoDraw = False
598.4234 	EXP 	text_4: autoDraw = True
598.9233 	EXP 	text_4: autoDraw = False
598.9400 	EXP 	firstcircle_3: autoDraw = True
601.7233 	EXP 	firstcircle_3: autoDraw = False
601.7399 	EXP 	text_3: autoDraw = True
602.7234 	EXP 	text_3: autoDraw = False
602.7399 	EXP 	secondcircle: autoDraw = True
604.8232 	EXP 	secondcircle: autoDraw = False
605.5754 	DATA 	Keypress: left
605.5769 	EXP 	New trial (rep=0, index=2): OrderedDict([('firstTime', 2.7), ('secondTime', 1.8), ('corrAns', 'left'), ('plusStart', 3.2), ('secondStart', 4.2), ('respStart', 6.0), ('randNum', 0.06690605599999999)])
605.5899 	EXP 	firstcircle_3: autoDraw = False
605.5899 	EXP 	text_3: autoDraw = False
605.5899 	EXP 	secondcircle: autoDraw = False
605.5899 	EXP 	text_4: autoDraw = False
605.5899 	EXP 	text_4: autoDraw = True
606.0899 	EXP 	text_4: autoDraw = False
606.1066 	EXP 	firstcircle_3: autoDraw = True
608.7898 	EXP 	firstcircle_3: autoDraw = False
608.8065 	EXP 	text_3: autoDraw = True
609.7898 	EXP 	text_3: autoDraw = False
609.8065 	EXP 	secondcircle: autoDraw = True
611.5898 	EXP 	secondcircle: autoDraw = False
612.7084 	DATA 	Keypress: right
612.7098 	EXP 	New trial (rep=0, index=3): OrderedDict([('firstTime', 8.8), ('secondTime', 9.9), ('corrAns', 'right'), ('plusStart', 9.3), ('secondStart', 10.3), ('respStart', 20.2), ('randNum', 0.09555333099999999)])
612.7232 	EXP 	firstcircle_3: autoDraw = False
612.7232 	EXP 	text_3: autoDraw = False
612.7232 	EXP 	secondcircle: autoDraw = False
612.7232 	EXP 	text_4: autoDraw = False
612.7232 	EXP 	text_4: autoDraw = True
613.2231 	EXP 	text_4: autoDraw = False
613.2398 	EXP 	firstcircle_3: autoDraw = True
622.0231 	EXP 	firstcircle_3: autoDraw = False
622.0397 	EXP 	text_3: autoDraw = True
623.0230 	EXP 	text_3: autoDraw = False
623.0397 	EXP 	secondcircle: autoDraw = True
632.9229 	EXP 	secondcircle: autoDraw = False
634.4582 	DATA 	Keypress: right
634.4596 	EXP 	New trial (rep=0, index=4): OrderedDict([('firstTime', 1.8), ('secondTime', 2.7), ('corrAns', 'right'), ('plusStart', 2.3), ('secondStart', 3.3), ('respStart', 6.0), ('randNum', 0.559320406)])
634.4728 	EXP 	firstcircle_3: autoDraw = False
634.4728 	EXP 	text_3: autoDraw = False
634.4728 	EXP 	secondcircle: autoDraw = False
634.4728 	EXP 	text_4: autoDraw = False
634.4728 	EXP 	text_4: autoDraw = True
634.9728 	EXP 	text_4: autoDraw = False
634.9895 	EXP 	firstcircle_3: autoDraw = True
636.7728 	EXP 	firstcircle_3: autoDraw = False
636.7895 	EXP 	text_3: autoDraw = True
637.7728 	EXP 	text_3: autoDraw = False
637.7895 	EXP 	secondcircle: autoDraw = True
640.4728 	EXP 	secondcircle: autoDraw = False
640.8911 	DATA 	Keypress: right
640.8925 	EXP 	New trial (rep=0, index=5): OrderedDict([('firstTime', 3.5), ('secondTime', 2.1), ('corrAns', 'left'), ('plusStart', 4.0), ('secondStart', 5.0), ('respStart', 7.1), ('randNum', 0.885130943)])
640.9061 	EXP 	firstcircle_3: autoDraw = False
640.9061 	EXP 	text_3: autoDraw = False
640.9061 	EXP 	secondcircle: autoDraw = False
640.9061 	EXP 	text_4: autoDraw = False
640.9061 	EXP 	text_4: autoDraw = True
641.4061 	EXP 	text_4: autoDraw = False
641.4227 	EXP 	firstcircle_3: autoDraw = True
643.7245 	DATA 	Keypress: down
644.9060 	EXP 	firstcircle_3: autoDraw = False
644.9227 	EXP 	text_3: autoDraw = True
645.9060 	EXP 	text_3: autoDraw = False
645.9227 	EXP 	secondcircle: autoDraw = True
648.0060 	EXP 	secondcircle: autoDraw = False
649.0246 	DATA 	Keypress: left
649.0260 	EXP 	New trial (rep=0, index=6): OrderedDict([('firstTime', 2.1), ('secondTime', 2.8), ('corrAns', 'right'), ('plusStart', 2.6), ('secondStart', 3.6), ('respStart', 6.4), ('randNum', 0.7843272990000001)])
649.0393 	EXP 	firstcircle_3: autoDraw = False
649.0393 	EXP 	text_3: autoDraw = False
649.0393 	EXP 	secondcircle: autoDraw = False
649.0393 	EXP 	text_4: autoDraw = False
649.0393 	EXP 	text_4: autoDraw = True
649.5394 	EXP 	text_4: autoDraw = False
649.5560 	EXP 	firstcircle_3: autoDraw = True
651.6393 	EXP 	firstcircle_3: autoDraw = False
651.6559 	EXP 	text_3: autoDraw = True
652.6393 	EXP 	text_3: autoDraw = False
652.6559 	EXP 	secondcircle: autoDraw = True
655.4392 	EXP 	secondcircle: autoDraw = False
655.8910 	DATA 	Keypress: right
655.8924 	EXP 	New trial (rep=0, index=7): OrderedDict([('firstTime', 4.4), ('secondTime', 3.3), ('corrAns', 'left'), ('plusStart', 4.9), ('secondStart', 5.9), ('respStart', 9.2), ('randNum', 0.594355042)])
655.9059 	EXP 	firstcircle_3: autoDraw = False
655.9059 	EXP 	text_3: autoDraw = False
655.9059 	EXP 	secondcircle: autoDraw = False
655.9059 	EXP 	text_4: autoDraw = False
655.9059 	EXP 	text_4: autoDraw = True
656.4059 	EXP 	text_4: autoDraw = False
656.4226 	EXP 	firstcircle_3: autoDraw = True
660.8058 	EXP 	firstcircle_3: autoDraw = False
660.8225 	EXP 	text_3: autoDraw = True
661.8058 	EXP 	text_3: autoDraw = False
661.8225 	EXP 	secondcircle: autoDraw = True
665.1057 	EXP 	secondcircle: autoDraw = False
667.5078 	DATA 	Keypress: left
667.5091 	EXP 	New trial (rep=0, index=8): OrderedDict([('firstTime', 0.9), ('secondTime', 1.8), ('corrAns', 'right'), ('plusStart', 1.4), ('secondStart', 2.4), ('respStart', 4.2), ('randNum', 0.39760777399999997)])
667.5225 	EXP 	firstcircle_3: autoDraw = False
667.5225 	EXP 	text_3: autoDraw = False
667.5225 	EXP 	secondcircle: autoDraw = False
667.5225 	EXP 	text_4: autoDraw = False
667.5225 	EXP 	text_4: autoDraw = True
668.0224 	EXP 	text_4: autoDraw = False
668.0390 	EXP 	firstcircle_3: autoDraw = True
668.9224 	EXP 	firstcircle_3: autoDraw = False
668.9390 	EXP 	text_3: autoDraw = True
669.9224 	EXP 	text_3: autoDraw = False
669.9390 	EXP 	secondcircle: autoDraw = True
671.7223 	EXP 	secondcircle: autoDraw = False
672.1410 	DATA 	Keypress: right
672.1423 	EXP 	New trial (rep=0, index=9): OrderedDict([('firstTime', 3.6), ('secondTime', 3.2), ('corrAns', 'left'), ('plusStart', 4.1), ('secondStart', 5.1), ('respStart', 8.3), ('randNum', 0.454525661)])
672.1557 	EXP 	firstcircle_3: autoDraw = False
672.1557 	EXP 	text_3: autoDraw = False
672.1557 	EXP 	secondcircle: autoDraw = False
672.1557 	EXP 	text_4: autoDraw = False
672.1557 	EXP 	text_4: autoDraw = True
672.6557 	EXP 	text_4: autoDraw = False
672.6723 	EXP 	firstcircle_3: autoDraw = True
676.2556 	EXP 	firstcircle_3: autoDraw = False
676.2723 	EXP 	text_3: autoDraw = True
677.2556 	EXP 	text_3: autoDraw = False
677.2723 	EXP 	secondcircle: autoDraw = True
680.4556 	EXP 	secondcircle: autoDraw = False
681.9575 	DATA 	Keypress: left
681.9589 	EXP 	New trial (rep=0, index=10): OrderedDict([('firstTime', 9.9), ('secondTime', 8.8), ('corrAns', 'left'), ('plusStart', 10.4), ('secondStart', 11.4), ('respStart', 20.2), ('randNum', 0.335173919)])
681.9722 	EXP 	firstcircle_3: autoDraw = False
681.9722 	EXP 	text_3: autoDraw = False
681.9722 	EXP 	secondcircle: autoDraw = False
681.9722 	EXP 	text_4: autoDraw = False
681.9722 	EXP 	text_4: autoDraw = True
682.4722 	EXP 	text_4: autoDraw = False
682.4889 	EXP 	firstcircle_3: autoDraw = True
692.3720 	EXP 	firstcircle_3: autoDraw = False
692.3888 	EXP 	text_3: autoDraw = True
693.3720 	EXP 	text_3: autoDraw = False
693.3888 	EXP 	secondcircle: autoDraw = True
702.1719 	EXP 	secondcircle: autoDraw = False
703.5239 	DATA 	Keypress: left
703.5254 	EXP 	New trial (rep=0, index=11): OrderedDict([('firstTime', 1.8), ('secondTime', 1.2), ('corrAns', 'left'), ('plusStart', 2.3), ('secondStart', 3.3), ('respStart', 4.5), ('randNum', 0.050156068)])
703.5387 	EXP 	firstcircle_3: autoDraw = False
703.5387 	EXP 	text_3: autoDraw = False
703.5387 	EXP 	secondcircle: autoDraw = False
703.5387 	EXP 	text_4: autoDraw = False
703.5387 	EXP 	text_4: autoDraw = True
704.0386 	EXP 	text_4: autoDraw = False
704.0552 	EXP 	firstcircle_3: autoDraw = True
705.8385 	EXP 	firstcircle_3: autoDraw = False
705.8552 	EXP 	text_3: autoDraw = True
706.8385 	EXP 	text_3: autoDraw = False
706.8552 	EXP 	secondcircle: autoDraw = True
708.0385 	EXP 	secondcircle: autoDraw = False
709.7908 	DATA 	Keypress: right
709.8068 	EXP 	New trial (rep=0, index=12): OrderedDict([('firstTime', 2.1), ('secondTime', 3.5), ('corrAns', 'right'), ('plusStart', 2.6), ('secondStart', 3.6), ('respStart', 7.1), ('randNum', 0.553210354)])
709.8218 	EXP 	firstcircle_3: autoDraw = False
709.8218 	EXP 	text_3: autoDraw = False
709.8218 	EXP 	secondcircle: autoDraw = False
709.8218 	EXP 	text_4: autoDraw = False
709.8218 	EXP 	text_4: autoDraw = True
710.3218 	EXP 	text_4: autoDraw = False
710.3385 	EXP 	firstcircle_3: autoDraw = True
712.4218 	EXP 	firstcircle_3: autoDraw = False
712.4384 	EXP 	text_3: autoDraw = True
713.4218 	EXP 	text_3: autoDraw = False
713.4384 	EXP 	secondcircle: autoDraw = True
716.9217 	EXP 	secondcircle: autoDraw = False
718.2406 	DATA 	Keypress: right
718.2420 	EXP 	New trial (rep=0, index=13): OrderedDict([('firstTime', 3.2), ('secondTime', 3.6), ('corrAns', 'right'), ('plusStart', 3.7), ('secondStart', 4.7), ('respStart', 8.3), ('randNum', 0.062598668)])
718.2551 	EXP 	firstcircle_3: autoDraw = False
718.2551 	EXP 	text_3: autoDraw = False
718.2551 	EXP 	secondcircle: autoDraw = False
718.2551 	EXP 	text_4: autoDraw = False
718.2551 	EXP 	text_4: autoDraw = True
718.7551 	EXP 	text_4: autoDraw = False
718.7717 	EXP 	firstcircle_3: autoDraw = True
721.9550 	EXP 	firstcircle_3: autoDraw = False
721.9717 	EXP 	text_3: autoDraw = True
722.9550 	EXP 	text_3: autoDraw = False
722.9717 	EXP 	secondcircle: autoDraw = True
726.5549 	EXP 	secondcircle: autoDraw = False
727.0905 	DATA 	Keypress: right
727.0919 	EXP 	New trial (rep=0, index=14): OrderedDict([('firstTime', 1.5), ('secondTime', 2.5), ('corrAns', 'right'), ('plusStart', 2.0), ('secondStart', 3.0), ('respStart', 5.5), ('randNum', 0.851613693)])
727.1050 	EXP 	firstcircle_3: autoDraw = False
727.1050 	EXP 	text_3: autoDraw = False
727.1050 	EXP 	secondcircle: autoDraw = False
727.1050 	EXP 	text_4: autoDraw = False
727.1050 	EXP 	text_4: autoDraw = True
727.6049 	EXP 	text_4: autoDraw = False
727.6216 	EXP 	firstcircle_3: autoDraw = True
729.1049 	EXP 	firstcircle_3: autoDraw = False
729.1216 	EXP 	text_3: autoDraw = True
730.1049 	EXP 	text_3: autoDraw = False
730.1215 	EXP 	secondcircle: autoDraw = True
732.6048 	EXP 	secondcircle: autoDraw = False
732.8902 	DATA 	Keypress: right
732.8917 	EXP 	New trial (rep=0, index=15): OrderedDict([('firstTime', 1.2), ('secondTime', 1.8), ('corrAns', 'right'), ('plusStart', 1.7), ('secondStart', 2.7), ('respStart', 4.5), ('randNum', 0.9561071459999999)])
732.9048 	EXP 	firstcircle_3: autoDraw = False
732.9048 	EXP 	text_3: autoDraw = False
732.9048 	EXP 	secondcircle: autoDraw = False
732.9048 	EXP 	text_4: autoDraw = False
732.9048 	EXP 	text_4: autoDraw = True
733.4048 	EXP 	text_4: autoDraw = False
733.4215 	EXP 	firstcircle_3: autoDraw = True
734.6048 	EXP 	firstcircle_3: autoDraw = False
734.6215 	EXP 	text_3: autoDraw = True
735.6048 	EXP 	text_3: autoDraw = False
735.6215 	EXP 	secondcircle: autoDraw = True
737.4048 	EXP 	secondcircle: autoDraw = False
738.0911 	DATA 	Keypress: right
738.1064 	EXP 	New trial (rep=0, index=16): OrderedDict([('firstTime', 3.3), ('secondTime', 4.4), ('corrAns', 'right'), ('plusStart', 3.8), ('secondStart', 4.8), ('respStart', 9.2), ('randNum', 0.25372748300000003)])
738.1214 	EXP 	firstcircle_3: autoDraw = False
738.1214 	EXP 	text_3: autoDraw = False
738.1214 	EXP 	secondcircle: autoDraw = False
738.1214 	EXP 	text_4: autoDraw = False
738.1214 	EXP 	text_4: autoDraw = True
738.6214 	EXP 	text_4: autoDraw = False
738.6381 	EXP 	firstcircle_3: autoDraw = True
741.9214 	EXP 	firstcircle_3: autoDraw = False
741.9381 	EXP 	text_3: autoDraw = True
742.9214 	EXP 	text_3: autoDraw = False
742.9380 	EXP 	secondcircle: autoDraw = True
747.3213 	EXP 	secondcircle: autoDraw = False
747.4733 	DATA 	Keypress: right
747.4748 	EXP 	New trial (rep=0, index=17): OrderedDict([('firstTime', 1.8), ('secondTime', 0.9), ('corrAns', 'left'), ('plusStart', 2.3), ('secondStart', 3.3), ('respStart', 4.2), ('randNum', 0.328250033)])
747.4881 	EXP 	firstcircle_3: autoDraw = False
747.4881 	EXP 	text_3: autoDraw = False
747.4881 	EXP 	secondcircle: autoDraw = False
747.4881 	EXP 	text_4: autoDraw = False
747.4881 	EXP 	text_4: autoDraw = True
747.9880 	EXP 	text_4: autoDraw = False
748.0046 	EXP 	firstcircle_3: autoDraw = True
749.7879 	EXP 	firstcircle_3: autoDraw = False
749.8046 	EXP 	text_3: autoDraw = True
750.7879 	EXP 	text_3: autoDraw = False
750.8046 	EXP 	secondcircle: autoDraw = True
751.6879 	EXP 	secondcircle: autoDraw = False
755.3400 	DATA 	Keypress: right
755.3414 	EXP 	New trial (rep=0, index=18): OrderedDict([('firstTime', 1.4), ('secondTime', 0.7), ('corrAns', 'left'), ('plusStart', 1.9), ('secondStart', 2.9), ('respStart', 3.6), ('randNum', 0.26139814899999997)])
755.3545 	EXP 	firstcircle_3: autoDraw = False
755.3545 	EXP 	text_3: autoDraw = False
755.3545 	EXP 	secondcircle: autoDraw = False
755.3545 	EXP 	text_4: autoDraw = False
755.3545 	EXP 	text_4: autoDraw = True
755.8545 	EXP 	text_4: autoDraw = False
755.8712 	EXP 	firstcircle_3: autoDraw = True
757.2545 	EXP 	firstcircle_3: autoDraw = False
757.2712 	EXP 	text_3: autoDraw = True
758.2545 	EXP 	text_3: autoDraw = False
758.2712 	EXP 	secondcircle: autoDraw = True
758.9545 	EXP 	secondcircle: autoDraw = False
759.6566 	DATA 	Keypress: left
759.6579 	EXP 	New trial (rep=0, index=19): OrderedDict([('firstTime', 0.7), ('secondTime', 1.4), ('corrAns', 'right'), ('plusStart', 1.2), ('secondStart', 2.2), ('respStart', 3.6), ('randNum', 0.515481866)])
759.6712 	EXP 	firstcircle_3: autoDraw = False
759.6712 	EXP 	text_3: autoDraw = False
759.6712 	EXP 	secondcircle: autoDraw = False
759.6712 	EXP 	text_4: autoDraw = False
759.6712 	EXP 	text_4: autoDraw = True
760.1711 	EXP 	text_4: autoDraw = False
760.1878 	EXP 	firstcircle_3: autoDraw = True
760.8711 	EXP 	firstcircle_3: autoDraw = False
760.8878 	EXP 	text_3: autoDraw = True
761.8711 	EXP 	text_3: autoDraw = False
761.8878 	EXP 	secondcircle: autoDraw = True
763.2711 	EXP 	secondcircle: autoDraw = False
763.5733 	DATA 	Keypress: right
763.5878 	EXP 	firstcircle_3: autoDraw = False
763.5878 	EXP 	text_3: autoDraw = False
763.5878 	EXP 	secondcircle: autoDraw = False
763.5878 	EXP 	text_4: autoDraw = False
763.5878 	EXP 	text_2: autoDraw = True
766.8559 	EXP 	window1: mouseVisible = True
