5.5524 	WARNING 	User requested fullscreen with size [1024  768], but screen is actually [1440, 900]. Using actual size
6.2178 	EXP 	Created window1 = Window(allowGUI=False, allowStencil=False, args=UNKNOWN, autoLog=True, bitsMode=UNKNOWN, blendMode='avg', color=array([0., 0., 0.]), colorSpace='rgb', fullscr=<method-wrapper '__getattribute__' of attributeSetter object at 0x10fb589e8>, gamma=None, kwargs=UNKNOWN, lms=UNKNOWN, monitor=<psychopy.monitors.calibTools.Monitor object at 0x10fa037f0>, multiSample=False, name='window1', numSamples=2, pos=[0.0, 0.0], screen=0, size=array([2880, 1800]), stereo=False, units='norm', useFBO=True, useRetina=True, viewOri=0.0, viewPos=None, viewScale=None, waitBlanking=True, winType='pyglet')
6.2179 	EXP 	window1: recordFrameIntervals = False
6.3836 	EXP 	window1: recordFrameIntervals = True
6.5671 	EXP 	window1: recordFrameIntervals = False
6.7112 	EXP 	Created insRound1 = TextStim(__class__=<class 'psychopy.visual.text.TextStim'>, alignHoriz='center', alignVert='center', antialias=True, autoLog=True, bold=False, color='white', colorSpace='named', contrast=1.0, depth=0.0, flipHoriz=False, flipVert=False, font='Arial', fontFiles=[], height=0.07, italic=False, languageStyle='LTR', name='insRound1', opacity=1.0, ori=0, pos=array([0., 0.]), rgb=array([255., 255., 255.]), text=str(...), units='norm', win=Window(...), wrapWidth=1)
6.7217 	EXP 	Created text = TextStim(__class__=<class 'psychopy.visual.text.TextStim'>, alignHoriz='center', alignVert='center', antialias=True, autoLog=True, bold=False, color='white', colorSpace='named', contrast=1.0, depth=0.0, flipHoriz=False, flipVert=False, font='Arial', fontFiles=[], height=0.1, italic=False, languageStyle='LTR', name='text', opacity=1.0, ori=0, pos=array([0., 0.]), rgb=array([255., 255., 255.]), text='Block 1 starts\n\nPress space', units='norm', win=Window(...), wrapWidth=1)
6.7284 	EXP 	Created firstcircle_3 = Polygon(__class__=<class 'psychopy.visual.polygon.Polygon'>, autoDraw=False, autoLog=True, closeShape=True, color=method-wrapper(...), colorSpace=None, contrast=1.0, depth=0.0, fillColor=array([1., 1., 1.]), fillColorSpace='rgb', fillRGB=array([1., 1., 1.]), interpolate=True, lineColor=array([1., 1., 1.]), lineColorSpace='rgb', lineRGB=array([1., 1., 1.]), lineWidth=1, name='firstcircle_3', opacity=1.0, ori=array(0.), pos=array([0., 0.]), size=array([0.3, 0.5]), units='norm', vertices=ndarray(...), win=Window(...))
6.7316 	EXP 	Created text_3 = TextStim(__class__=<class 'psychopy.visual.text.TextStim'>, alignHoriz='center', alignVert='center', antialias=True, autoLog=True, bold=False, color='white', colorSpace='named', contrast=1.0, depth=-2.0, flipHoriz=False, flipVert=False, font='Arial', fontFiles=[], height=0.1, italic=False, languageStyle='LTR', name='text_3', opacity=1.0, ori=0, pos=array([0., 0.]), rgb=array([255., 255., 255.]), text='+', units='norm', win=Window(...), wrapWidth=1)
6.7349 	EXP 	Created secondcircle = Polygon(__class__=<class 'psychopy.visual.polygon.Polygon'>, autoDraw=False, autoLog=True, closeShape=True, color=method-wrapper(...), colorSpace=None, contrast=1.0, depth=-3.0, fillColor=array([-1., -1., -1.]), fillColorSpace='rgb', fillRGB=array([-1., -1., -1.]), interpolate=True, lineColor=array([-1., -1., -1.]), lineColorSpace='rgb', lineRGB=array([-1., -1., -1.]), lineWidth=1, name='secondcircle', opacity=1.0, ori=array(0.), pos=array([0., 0.]), size=array([0.3, 0.5]), units='norm', vertices=ndarray(...), win=Window(...))
6.7413 	EXP 	Created text_4 = TextStim(__class__=<class 'psychopy.visual.text.TextStim'>, alignHoriz='center', alignVert='center', antialias=True, autoLog=True, bold=False, color='white', colorSpace='named', contrast=1.0, depth=-4.0, flipHoriz=False, flipVert=False, font='Arial', fontFiles=[], height=0.1, italic=False, languageStyle='LTR', name='text_4', opacity=1.0, ori=0, pos=array([0., 0.]), rgb=array([255., 255., 255.]), text='next', units='norm', win=Window(...), wrapWidth=1)
6.7483 	EXP 	Created text_5 = TextStim(__class__=<class 'psychopy.visual.text.TextStim'>, alignHoriz='center', alignVert='center', antialias=True, autoLog=True, bold=False, color='white', colorSpace='named', contrast=1.0, depth=0.0, flipHoriz=False, flipVert=False, font='Arial', fontFiles=[], height=0.1, italic=False, languageStyle='LTR', name='text_5', opacity=1.0, ori=0, pos=array([0., 0.]), rgb=array([255., 255., 255.]), text='Block 2 starts\n\nPress space', units='norm', win=Window(...), wrapWidth=1)
6.7508 	EXP 	Created firstcircle_3 = Polygon(__class__=<class 'psychopy.visual.polygon.Polygon'>, autoDraw=False, autoLog=True, closeShape=True, color=method-wrapper(...), colorSpace=None, contrast=1.0, depth=0.0, fillColor=array([1., 1., 1.]), fillColorSpace='rgb', fillRGB=array([1., 1., 1.]), interpolate=True, lineColor=array([1., 1., 1.]), lineColorSpace='rgb', lineRGB=array([1., 1., 1.]), lineWidth=1, name='firstcircle_3', opacity=1.0, ori=array(0.), pos=array([0., 0.]), size=array([0.3, 0.5]), units='norm', vertices=ndarray(...), win=Window(...))
6.7527 	EXP 	Created text_3 = TextStim(__class__=<class 'psychopy.visual.text.TextStim'>, alignHoriz='center', alignVert='center', antialias=True, autoLog=True, bold=False, color='white', colorSpace='named', contrast=1.0, depth=-2.0, flipHoriz=False, flipVert=False, font='Arial', fontFiles=[], height=0.1, italic=False, languageStyle='LTR', name='text_3', opacity=1.0, ori=0, pos=array([0., 0.]), rgb=array([255., 255., 255.]), text='+', units='norm', win=Window(...), wrapWidth=1)
6.7555 	EXP 	Created secondcircle = Polygon(__class__=<class 'psychopy.visual.polygon.Polygon'>, autoDraw=False, autoLog=True, closeShape=True, color=method-wrapper(...), colorSpace=None, contrast=1.0, depth=-3.0, fillColor=array([-1., -1., -1.]), fillColorSpace='rgb', fillRGB=array([-1., -1., -1.]), interpolate=True, lineColor=array([-1., -1., -1.]), lineColorSpace='rgb', lineRGB=array([-1., -1., -1.]), lineWidth=1, name='secondcircle', opacity=1.0, ori=array(0.), pos=array([0., 0.]), size=array([0.3, 0.5]), units='norm', vertices=ndarray(...), win=Window(...))
6.7579 	EXP 	Created text_4 = TextStim(__class__=<class 'psychopy.visual.text.TextStim'>, alignHoriz='center', alignVert='center', antialias=True, autoLog=True, bold=False, color='white', colorSpace='named', contrast=1.0, depth=-4.0, flipHoriz=False, flipVert=False, font='Arial', fontFiles=[], height=0.1, italic=False, languageStyle='LTR', name='text_4', opacity=1.0, ori=0, pos=array([0., 0.]), rgb=array([255., 255., 255.]), text='next', units='norm', win=Window(...), wrapWidth=1)
6.7641 	EXP 	Created text_6 = TextStim(__class__=<class 'psychopy.visual.text.TextStim'>, alignHoriz='center', alignVert='center', antialias=True, autoLog=True, bold=False, color='white', colorSpace='named', contrast=1.0, depth=0.0, flipHoriz=False, flipVert=False, font='Arial', fontFiles=[], height=0.1, italic=False, languageStyle='LTR', name='text_6', opacity=1.0, ori=0, pos=array([0., 0.]), rgb=array([255., 255., 255.]), text='Block 3 starts\n\nPress space', units='norm', win=Window(...), wrapWidth=1)
6.7677 	EXP 	Created firstcircle_3 = Polygon(__class__=<class 'psychopy.visual.polygon.Polygon'>, autoDraw=False, autoLog=True, closeShape=True, color=method-wrapper(...), colorSpace=None, contrast=1.0, depth=0.0, fillColor=array([1., 1., 1.]), fillColorSpace='rgb', fillRGB=array([1., 1., 1.]), interpolate=True, lineColor=array([1., 1., 1.]), lineColorSpace='rgb', lineRGB=array([1., 1., 1.]), lineWidth=1, name='firstcircle_3', opacity=1.0, ori=array(0.), pos=array([0., 0.]), size=array([0.3, 0.5]), units='norm', vertices=ndarray(...), win=Window(...))
6.7708 	EXP 	Created text_3 = TextStim(__class__=<class 'psychopy.visual.text.TextStim'>, alignHoriz='center', alignVert='center', antialias=True, autoLog=True, bold=False, color='white', colorSpace='named', contrast=1.0, depth=-2.0, flipHoriz=False, flipVert=False, font='Arial', fontFiles=[], height=0.1, italic=False, languageStyle='LTR', name='text_3', opacity=1.0, ori=0, pos=array([0., 0.]), rgb=array([255., 255., 255.]), text='+', units='norm', win=Window(...), wrapWidth=1)
6.7740 	EXP 	Created secondcircle = Polygon(__class__=<class 'psychopy.visual.polygon.Polygon'>, autoDraw=False, autoLog=True, closeShape=True, color=method-wrapper(...), colorSpace=None, contrast=1.0, depth=-3.0, fillColor=array([-1., -1., -1.]), fillColorSpace='rgb', fillRGB=array([-1., -1., -1.]), interpolate=True, lineColor=array([-1., -1., -1.]), lineColorSpace='rgb', lineRGB=array([-1., -1., -1.]), lineWidth=1, name='secondcircle', opacity=1.0, ori=array(0.), pos=array([0., 0.]), size=array([0.3, 0.5]), units='norm', vertices=ndarray(...), win=Window(...))
6.7766 	EXP 	Created text_4 = TextStim(__class__=<class 'psychopy.visual.text.TextStim'>, alignHoriz='center', alignVert='center', antialias=True, autoLog=True, bold=False, color='white', colorSpace='named', contrast=1.0, depth=-4.0, flipHoriz=False, flipVert=False, font='Arial', fontFiles=[], height=0.1, italic=False, languageStyle='LTR', name='text_4', opacity=1.0, ori=0, pos=array([0., 0.]), rgb=array([255., 255., 255.]), text='next', units='norm', win=Window(...), wrapWidth=1)
6.7830 	EXP 	Created text_7 = TextStim(__class__=<class 'psychopy.visual.text.TextStim'>, alignHoriz='center', alignVert='center', antialias=True, autoLog=True, bold=False, color='white', colorSpace='named', contrast=1.0, depth=0.0, flipHoriz=False, flipVert=False, font='Arial', fontFiles=[], height=0.1, italic=False, languageStyle='LTR', name='text_7', opacity=1.0, ori=0, pos=array([0., 0.]), rgb=array([255., 255., 255.]), text='Block 4 starts\n\nPress space', units='norm', win=Window(...), wrapWidth=1)
6.7857 	EXP 	Created firstcircle_3 = Polygon(__class__=<class 'psychopy.visual.polygon.Polygon'>, autoDraw=False, autoLog=True, closeShape=True, color=method-wrapper(...), colorSpace=None, contrast=1.0, depth=0.0, fillColor=array([1., 1., 1.]), fillColorSpace='rgb', fillRGB=array([1., 1., 1.]), interpolate=True, lineColor=array([1., 1., 1.]), lineColorSpace='rgb', lineRGB=array([1., 1., 1.]), lineWidth=1, name='firstcircle_3', opacity=1.0, ori=array(0.), pos=array([0., 0.]), size=array([0.3, 0.5]), units='norm', vertices=ndarray(...), win=Window(...))
6.7878 	EXP 	Created text_3 = TextStim(__class__=<class 'psychopy.visual.text.TextStim'>, alignHoriz='center', alignVert='center', antialias=True, autoLog=True, bold=False, color='white', colorSpace='named', contrast=1.0, depth=-2.0, flipHoriz=False, flipVert=False, font='Arial', fontFiles=[], height=0.1, italic=False, languageStyle='LTR', name='text_3', opacity=1.0, ori=0, pos=array([0., 0.]), rgb=array([255., 255., 255.]), text='+', units='norm', win=Window(...), wrapWidth=1)
6.7904 	EXP 	Created secondcircle = Polygon(__class__=<class 'psychopy.visual.polygon.Polygon'>, autoDraw=False, autoLog=True, closeShape=True, color=method-wrapper(...), colorSpace=None, contrast=1.0, depth=-3.0, fillColor=array([-1., -1., -1.]), fillColorSpace='rgb', fillRGB=array([-1., -1., -1.]), interpolate=True, lineColor=array([-1., -1., -1.]), lineColorSpace='rgb', lineRGB=array([-1., -1., -1.]), lineWidth=1, name='secondcircle', opacity=1.0, ori=array(0.), pos=array([0., 0.]), size=array([0.3, 0.5]), units='norm', vertices=ndarray(...), win=Window(...))
6.7926 	EXP 	Created text_4 = TextStim(__class__=<class 'psychopy.visual.text.TextStim'>, alignHoriz='center', alignVert='center', antialias=True, autoLog=True, bold=False, color='white', colorSpace='named', contrast=1.0, depth=-4.0, flipHoriz=False, flipVert=False, font='Arial', fontFiles=[], height=0.1, italic=False, languageStyle='LTR', name='text_4', opacity=1.0, ori=0, pos=array([0., 0.]), rgb=array([255., 255., 255.]), text='next', units='norm', win=Window(...), wrapWidth=1)
6.7967 	EXP 	Created text_2 = TextStim(__class__=<class 'psychopy.visual.text.TextStim'>, alignHoriz='center', alignVert='center', antialias=True, autoLog=True, bold=False, color='white', colorSpace='named', contrast=1.0, depth=0.0, flipHoriz=False, flipVert=False, font='Arial', fontFiles=[], height=0.1, italic=False, languageStyle='LTR', name='text_2', opacity=1.0, ori=0, pos=array([0., 0.]), rgb=array([255., 255., 255.]), text='The end', units='norm', win=Window(...), wrapWidth=1)
6.8169 	EXP 	insRound1: autoDraw = True
29.1199 	DATA 	Keypress: space
29.1333 	EXP 	insRound1: autoDraw = False
29.1333 	EXP 	text: autoDraw = True
44.3854 	DATA 	Keypress: space
44.3965 	EXP 	Imported conditionsTime.csv as conditions, 20 conditions, 7 params
44.3968 	EXP 	Created sequence: sequential, trialTypes=20, nReps=1, seed=None
44.3972 	EXP 	New trial (rep=0, index=0): OrderedDict([('firstTime', 1.8), ('secondTime', 1.2), ('corrAns', 'left'), ('plusStart', 2.3), ('secondStart', 3.3), ('respStart', 4.5), ('randNum', 0.17368025899999998)])
44.4163 	EXP 	text: autoDraw = False
44.4163 	EXP 	text_4: autoDraw = True
44.9163 	EXP 	firstcircle_3: autoDraw = True
44.9163 	EXP 	text_4: autoDraw = False
46.7163 	EXP 	firstcircle_3: autoDraw = False
46.7163 	EXP 	text_3: autoDraw = True
47.7163 	EXP 	text_3: autoDraw = False
47.7163 	EXP 	secondcircle: autoDraw = True
48.9163 	EXP 	secondcircle: autoDraw = False
49.3520 	DATA 	Keypress: left
49.3534 	EXP 	New trial (rep=0, index=1): OrderedDict([('firstTime', 3.6), ('secondTime', 3.2), ('corrAns', 'left'), ('plusStart', 4.1), ('secondStart', 5.1), ('respStart', 8.3), ('randNum', 0.41458448299999995)])
49.3663 	EXP 	firstcircle_3: autoDraw = False
49.3663 	EXP 	text_3: autoDraw = False
49.3663 	EXP 	secondcircle: autoDraw = False
49.3663 	EXP 	text_4: autoDraw = False
49.3663 	EXP 	text_4: autoDraw = True
49.8663 	EXP 	text_4: autoDraw = False
49.8829 	EXP 	firstcircle_3: autoDraw = True
53.4663 	EXP 	firstcircle_3: autoDraw = False
53.4829 	EXP 	text_3: autoDraw = True
54.4663 	EXP 	text_3: autoDraw = False
54.4829 	EXP 	secondcircle: autoDraw = True
57.6662 	EXP 	secondcircle: autoDraw = False
58.5349 	DATA 	Keypress: left
58.5360 	EXP 	New trial (rep=0, index=2): OrderedDict([('firstTime', 2.5), ('secondTime', 1.5), ('corrAns', 'left'), ('plusStart', 3.0), ('secondStart', 4.0), ('respStart', 5.5), ('randNum', 0.148607464)])
58.5495 	EXP 	firstcircle_3: autoDraw = False
58.5495 	EXP 	text_3: autoDraw = False
58.5495 	EXP 	secondcircle: autoDraw = False
58.5495 	EXP 	text_4: autoDraw = False
58.5495 	EXP 	text_4: autoDraw = True
59.0495 	EXP 	text_4: autoDraw = False
59.0662 	EXP 	firstcircle_3: autoDraw = True
61.5495 	EXP 	firstcircle_3: autoDraw = False
61.5661 	EXP 	text_3: autoDraw = True
62.5494 	EXP 	text_3: autoDraw = False
62.5661 	EXP 	secondcircle: autoDraw = True
64.0494 	EXP 	secondcircle: autoDraw = False
64.7680 	DATA 	Keypress: left
64.7692 	EXP 	New trial (rep=0, index=3): OrderedDict([('firstTime', 1.8), ('secondTime', 2.7), ('corrAns', 'right'), ('plusStart', 2.3), ('secondStart', 3.3), ('respStart', 6.0), ('randNum', 0.13554984)])
64.7827 	EXP 	firstcircle_3: autoDraw = False
64.7827 	EXP 	text_3: autoDraw = False
64.7827 	EXP 	secondcircle: autoDraw = False
64.7827 	EXP 	text_4: autoDraw = False
64.7827 	EXP 	text_4: autoDraw = True
65.2828 	EXP 	text_4: autoDraw = False
65.2994 	EXP 	firstcircle_3: autoDraw = True
67.0827 	EXP 	firstcircle_3: autoDraw = False
67.0994 	EXP 	text_3: autoDraw = True
68.0827 	EXP 	text_3: autoDraw = False
68.0994 	EXP 	secondcircle: autoDraw = True
70.7827 	EXP 	secondcircle: autoDraw = False
70.9013 	DATA 	Keypress: right
70.9024 	EXP 	New trial (rep=0, index=4): OrderedDict([('firstTime', 1.2), ('secondTime', 1.8), ('corrAns', 'right'), ('plusStart', 1.7), ('secondStart', 2.7), ('respStart', 4.5), ('randNum', 0.309174352)])
70.9160 	EXP 	firstcircle_3: autoDraw = False
70.9160 	EXP 	text_3: autoDraw = False
70.9160 	EXP 	secondcircle: autoDraw = False
70.9160 	EXP 	text_4: autoDraw = False
70.9160 	EXP 	text_4: autoDraw = True
71.4160 	EXP 	text_4: autoDraw = False
71.4326 	EXP 	firstcircle_3: autoDraw = True
72.6160 	EXP 	firstcircle_3: autoDraw = False
72.6326 	EXP 	text_3: autoDraw = True
73.6160 	EXP 	text_3: autoDraw = False
73.6326 	EXP 	secondcircle: autoDraw = True
74.9512 	DATA 	Keypress: right
75.4159 	EXP 	secondcircle: autoDraw = False
76.9511 	DATA 	Keypress: right
76.9523 	EXP 	New trial (rep=0, index=5): OrderedDict([('firstTime', 8.8), ('secondTime', 9.9), ('corrAns', 'right'), ('plusStart', 9.3), ('secondStart', 10.3), ('respStart', 20.2), ('randNum', 0.7009299529999999)])
76.9659 	EXP 	firstcircle_3: autoDraw = False
76.9659 	EXP 	text_3: autoDraw = False
76.9659 	EXP 	secondcircle: autoDraw = False
76.9659 	EXP 	text_4: autoDraw = False
76.9659 	EXP 	text_4: autoDraw = True
77.4659 	EXP 	text_4: autoDraw = False
77.4826 	EXP 	firstcircle_3: autoDraw = True
86.2658 	EXP 	firstcircle_3: autoDraw = False
86.2824 	EXP 	text_3: autoDraw = True
87.2658 	EXP 	text_3: autoDraw = False
87.2824 	EXP 	secondcircle: autoDraw = True
97.1656 	EXP 	secondcircle: autoDraw = False
97.8008 	DATA 	Keypress: right
97.8019 	EXP 	New trial (rep=0, index=6): OrderedDict([('firstTime', 3.3), ('secondTime', 4.4), ('corrAns', 'right'), ('plusStart', 3.8), ('secondStart', 4.8), ('respStart', 9.2), ('randNum', 0.705723743)])
97.8156 	EXP 	firstcircle_3: autoDraw = False
97.8156 	EXP 	text_3: autoDraw = False
97.8156 	EXP 	secondcircle: autoDraw = False
97.8156 	EXP 	text_4: autoDraw = False
97.8156 	EXP 	text_4: autoDraw = True
98.3156 	EXP 	text_4: autoDraw = False
98.3323 	EXP 	firstcircle_3: autoDraw = True
101.6156 	EXP 	firstcircle_3: autoDraw = False
101.6322 	EXP 	text_3: autoDraw = True
102.6156 	EXP 	text_3: autoDraw = False
102.6322 	EXP 	secondcircle: autoDraw = True
107.0155 	EXP 	secondcircle: autoDraw = False
107.8341 	DATA 	Keypress: right
107.8353 	EXP 	New trial (rep=0, index=7): OrderedDict([('firstTime', 3.5), ('secondTime', 2.1), ('corrAns', 'left'), ('plusStart', 4.0), ('secondStart', 5.0), ('respStart', 7.1), ('randNum', 0.544523215)])
107.8489 	EXP 	firstcircle_3: autoDraw = False
107.8489 	EXP 	text_3: autoDraw = False
107.8489 	EXP 	secondcircle: autoDraw = False
107.8489 	EXP 	text_4: autoDraw = False
107.8489 	EXP 	text_4: autoDraw = True
108.3488 	EXP 	text_4: autoDraw = False
108.3656 	EXP 	firstcircle_3: autoDraw = True
111.8488 	EXP 	firstcircle_3: autoDraw = False
111.8654 	EXP 	text_3: autoDraw = True
112.8488 	EXP 	text_3: autoDraw = False
112.8654 	EXP 	secondcircle: autoDraw = True
114.9487 	EXP 	secondcircle: autoDraw = False
115.6341 	DATA 	Keypress: left
115.6353 	EXP 	New trial (rep=0, index=8): OrderedDict([('firstTime', 1.4), ('secondTime', 0.7), ('corrAns', 'left'), ('plusStart', 1.9), ('secondStart', 2.9), ('respStart', 3.6), ('randNum', 0.53553232)])
115.6487 	EXP 	firstcircle_3: autoDraw = False
115.6487 	EXP 	text_3: autoDraw = False
115.6487 	EXP 	secondcircle: autoDraw = False
115.6487 	EXP 	text_4: autoDraw = False
115.6487 	EXP 	text_4: autoDraw = True
116.1487 	EXP 	text_4: autoDraw = False
116.1654 	EXP 	firstcircle_3: autoDraw = True
117.5487 	EXP 	firstcircle_3: autoDraw = False
117.5654 	EXP 	text_3: autoDraw = True
118.5487 	EXP 	text_3: autoDraw = False
118.5653 	EXP 	secondcircle: autoDraw = True
119.2487 	EXP 	secondcircle: autoDraw = False
120.0677 	DATA 	Keypress: left
120.0834 	EXP 	New trial (rep=0, index=9): OrderedDict([('firstTime', 4.4), ('secondTime', 3.3), ('corrAns', 'left'), ('plusStart', 4.9), ('secondStart', 5.9), ('respStart', 9.2), ('randNum', 0.255641654)])
120.0987 	EXP 	firstcircle_3: autoDraw = False
120.0987 	EXP 	text_3: autoDraw = False
120.0987 	EXP 	secondcircle: autoDraw = False
120.0987 	EXP 	text_4: autoDraw = False
120.0987 	EXP 	text_4: autoDraw = True
120.5987 	EXP 	text_4: autoDraw = False
120.6153 	EXP 	firstcircle_3: autoDraw = True
124.9986 	EXP 	firstcircle_3: autoDraw = False
125.0153 	EXP 	text_3: autoDraw = True
125.9986 	EXP 	text_3: autoDraw = False
126.0152 	EXP 	secondcircle: autoDraw = True
129.2985 	EXP 	secondcircle: autoDraw = False
129.9338 	DATA 	Keypress: left
129.9350 	EXP 	New trial (rep=0, index=10): OrderedDict([('firstTime', 3.2), ('secondTime', 3.6), ('corrAns', 'right'), ('plusStart', 3.7), ('secondStart', 4.7), ('respStart', 8.3), ('randNum', 0.140100939)])
129.9485 	EXP 	firstcircle_3: autoDraw = False
129.9485 	EXP 	text_3: autoDraw = False
129.9485 	EXP 	secondcircle: autoDraw = False
129.9485 	EXP 	text_4: autoDraw = False
129.9485 	EXP 	text_4: autoDraw = True
130.4485 	EXP 	text_4: autoDraw = False
130.4652 	EXP 	firstcircle_3: autoDraw = True
133.6485 	EXP 	firstcircle_3: autoDraw = False
133.6651 	EXP 	text_3: autoDraw = True
134.6485 	EXP 	text_3: autoDraw = False
134.6651 	EXP 	secondcircle: autoDraw = True
138.2484 	EXP 	secondcircle: autoDraw = False
138.9003 	DATA 	Keypress: right
138.9014 	EXP 	New trial (rep=0, index=11): OrderedDict([('firstTime', 2.8), ('secondTime', 2.1), ('corrAns', 'left'), ('plusStart', 3.3), ('secondStart', 4.3), ('respStart', 6.4), ('randNum', 0.019093293)])
138.9151 	EXP 	firstcircle_3: autoDraw = False
138.9151 	EXP 	text_3: autoDraw = False
138.9151 	EXP 	secondcircle: autoDraw = False
138.9151 	EXP 	text_4: autoDraw = False
138.9151 	EXP 	text_4: autoDraw = True
139.4151 	EXP 	text_4: autoDraw = False
139.4317 	EXP 	firstcircle_3: autoDraw = True
142.2150 	EXP 	firstcircle_3: autoDraw = False
142.2317 	EXP 	text_3: autoDraw = True
143.2150 	EXP 	text_3: autoDraw = False
143.2317 	EXP 	secondcircle: autoDraw = True
145.3150 	EXP 	secondcircle: autoDraw = False
145.9670 	DATA 	Keypress: left
145.9681 	EXP 	New trial (rep=0, index=12): OrderedDict([('firstTime', 0.9), ('secondTime', 1.8), ('corrAns', 'right'), ('plusStart', 1.4), ('secondStart', 2.4), ('respStart', 4.2), ('randNum', 0.461070472)])
145.9816 	EXP 	firstcircle_3: autoDraw = False
145.9816 	EXP 	text_3: autoDraw = False
145.9816 	EXP 	secondcircle: autoDraw = False
145.9816 	EXP 	text_4: autoDraw = False
145.9816 	EXP 	text_4: autoDraw = True
146.4816 	EXP 	text_4: autoDraw = False
146.4983 	EXP 	firstcircle_3: autoDraw = True
147.3816 	EXP 	firstcircle_3: autoDraw = False
147.3983 	EXP 	text_3: autoDraw = True
148.3817 	EXP 	text_3: autoDraw = False
148.3983 	EXP 	secondcircle: autoDraw = True
150.1816 	EXP 	secondcircle: autoDraw = False
150.9002 	DATA 	Keypress: right
150.9013 	EXP 	New trial (rep=0, index=13): OrderedDict([('firstTime', 2.1), ('secondTime', 2.8), ('corrAns', 'right'), ('plusStart', 2.6), ('secondStart', 3.6), ('respStart', 6.4), ('randNum', 0.22761601199999998)])
150.9149 	EXP 	firstcircle_3: autoDraw = False
150.9149 	EXP 	text_3: autoDraw = False
150.9149 	EXP 	secondcircle: autoDraw = False
150.9149 	EXP 	text_4: autoDraw = False
150.9149 	EXP 	text_4: autoDraw = True
151.4149 	EXP 	text_4: autoDraw = False
151.4316 	EXP 	firstcircle_3: autoDraw = True
153.5149 	EXP 	firstcircle_3: autoDraw = False
153.5315 	EXP 	text_3: autoDraw = True
154.5149 	EXP 	text_3: autoDraw = False
154.5315 	EXP 	secondcircle: autoDraw = True
157.3148 	EXP 	secondcircle: autoDraw = False
157.7335 	DATA 	Keypress: right
157.7346 	EXP 	New trial (rep=0, index=14): OrderedDict([('firstTime', 0.7), ('secondTime', 1.4), ('corrAns', 'right'), ('plusStart', 1.2), ('secondStart', 2.2), ('respStart', 3.6), ('randNum', 0.436550891)])
157.7482 	EXP 	firstcircle_3: autoDraw = False
157.7482 	EXP 	text_3: autoDraw = False
157.7482 	EXP 	secondcircle: autoDraw = False
157.7482 	EXP 	text_4: autoDraw = False
157.7482 	EXP 	text_4: autoDraw = True
158.2481 	EXP 	text_4: autoDraw = False
158.2648 	EXP 	firstcircle_3: autoDraw = True
158.9481 	EXP 	firstcircle_3: autoDraw = False
158.9648 	EXP 	text_3: autoDraw = True
159.9481 	EXP 	text_3: autoDraw = False
159.9648 	EXP 	secondcircle: autoDraw = True
161.3481 	EXP 	secondcircle: autoDraw = False
161.8334 	DATA 	Keypress: right
161.8345 	EXP 	New trial (rep=0, index=15): OrderedDict([('firstTime', 1.8), ('secondTime', 0.9), ('corrAns', 'left'), ('plusStart', 2.3), ('secondStart', 3.3), ('respStart', 4.2), ('randNum', 0.028891147000000002)])
161.8481 	EXP 	firstcircle_3: autoDraw = False
161.8481 	EXP 	text_3: autoDraw = False
161.8481 	EXP 	secondcircle: autoDraw = False
161.8481 	EXP 	text_4: autoDraw = False
161.8481 	EXP 	text_4: autoDraw = True
162.3481 	EXP 	text_4: autoDraw = False
162.3648 	EXP 	firstcircle_3: autoDraw = True
164.1481 	EXP 	firstcircle_3: autoDraw = False
164.1647 	EXP 	text_3: autoDraw = True
165.1481 	EXP 	text_3: autoDraw = False
165.1647 	EXP 	secondcircle: autoDraw = True
166.0480 	EXP 	secondcircle: autoDraw = False
166.7503 	DATA 	Keypress: left
166.7661 	EXP 	New trial (rep=0, index=16): OrderedDict([('firstTime', 2.7), ('secondTime', 1.8), ('corrAns', 'left'), ('plusStart', 3.2), ('secondStart', 4.2), ('respStart', 6.0), ('randNum', 0.277400549)])
166.7814 	EXP 	firstcircle_3: autoDraw = False
166.7814 	EXP 	text_3: autoDraw = False
166.7814 	EXP 	secondcircle: autoDraw = False
166.7814 	EXP 	text_4: autoDraw = False
166.7814 	EXP 	text_4: autoDraw = True
167.2815 	EXP 	text_4: autoDraw = False
167.2980 	EXP 	firstcircle_3: autoDraw = True
169.9813 	EXP 	firstcircle_3: autoDraw = False
169.9980 	EXP 	text_3: autoDraw = True
170.9813 	EXP 	text_3: autoDraw = False
170.9980 	EXP 	secondcircle: autoDraw = True
172.7813 	EXP 	secondcircle: autoDraw = False
173.3664 	DATA 	Keypress: left
173.3674 	EXP 	New trial (rep=0, index=17): OrderedDict([('firstTime', 9.9), ('secondTime', 8.8), ('corrAns', 'left'), ('plusStart', 10.4), ('secondStart', 11.4), ('respStart', 20.2), ('randNum', 0.9607848720000001)])
173.3813 	EXP 	firstcircle_3: autoDraw = False
173.3813 	EXP 	text_3: autoDraw = False
173.3813 	EXP 	secondcircle: autoDraw = False
173.3813 	EXP 	text_4: autoDraw = False
173.3813 	EXP 	text_4: autoDraw = True
173.8813 	EXP 	text_4: autoDraw = False
173.8979 	EXP 	firstcircle_3: autoDraw = True
183.7811 	EXP 	firstcircle_3: autoDraw = False
183.7978 	EXP 	text_3: autoDraw = True
184.7811 	EXP 	text_3: autoDraw = False
184.7978 	EXP 	secondcircle: autoDraw = True
193.5810 	EXP 	secondcircle: autoDraw = False
194.2996 	DATA 	Keypress: right
194.3008 	EXP 	New trial (rep=0, index=18): OrderedDict([('firstTime', 2.1), ('secondTime', 3.5), ('corrAns', 'right'), ('plusStart', 2.6), ('secondStart', 3.6), ('respStart', 7.1), ('randNum', 0.609327094)])
194.3143 	EXP 	firstcircle_3: autoDraw = False
194.3143 	EXP 	text_3: autoDraw = False
194.3143 	EXP 	secondcircle: autoDraw = False
194.3143 	EXP 	text_4: autoDraw = False
194.3143 	EXP 	text_4: autoDraw = True
194.8143 	EXP 	text_4: autoDraw = False
194.8310 	EXP 	firstcircle_3: autoDraw = True
196.9143 	EXP 	firstcircle_3: autoDraw = False
196.9310 	EXP 	text_3: autoDraw = True
197.9143 	EXP 	text_3: autoDraw = False
197.9309 	EXP 	secondcircle: autoDraw = True
201.4142 	EXP 	secondcircle: autoDraw = False
201.7993 	DATA 	Keypress: right
201.8004 	EXP 	New trial (rep=0, index=19): OrderedDict([('firstTime', 1.5), ('secondTime', 2.5), ('corrAns', 'right'), ('plusStart', 2.0), ('secondStart', 3.0), ('respStart', 5.5), ('randNum', 0.487304505)])
201.8142 	EXP 	firstcircle_3: autoDraw = False
201.8142 	EXP 	text_3: autoDraw = False
201.8142 	EXP 	secondcircle: autoDraw = False
201.8142 	EXP 	text_4: autoDraw = False
201.8142 	EXP 	text_4: autoDraw = True
202.3143 	EXP 	text_4: autoDraw = False
202.3309 	EXP 	firstcircle_3: autoDraw = True
203.8142 	EXP 	firstcircle_3: autoDraw = False
203.8309 	EXP 	text_3: autoDraw = True
204.8142 	EXP 	text_3: autoDraw = False
204.8308 	EXP 	secondcircle: autoDraw = True
207.3141 	EXP 	secondcircle: autoDraw = False
207.8827 	DATA 	Keypress: right
207.8975 	EXP 	firstcircle_3: autoDraw = False
207.8975 	EXP 	text_3: autoDraw = False
207.8975 	EXP 	secondcircle: autoDraw = False
207.8975 	EXP 	text_4: autoDraw = False
207.8975 	EXP 	text_5: autoDraw = True
216.0998 	DATA 	Keypress: space
216.1074 	EXP 	Imported conditionsTime2.csv as conditions, 20 conditions, 7 params
216.1077 	EXP 	Created sequence: sequential, trialTypes=20, nReps=1, seed=None
216.1081 	EXP 	New trial (rep=0, index=0): OrderedDict([('firstTime', 9.9), ('secondTime', 8.8), ('corrAns', 'left'), ('plusStart', 10.4), ('secondStart', 11.4), ('respStart', 20.2), ('randNum', 0.6005130679999999)])
216.1141 	EXP 	text_5: autoDraw = False
216.1141 	EXP 	text_4: autoDraw = True
216.6140 	EXP 	text_4: autoDraw = False
216.6307 	EXP 	firstcircle_3: autoDraw = True
226.5139 	EXP 	firstcircle_3: autoDraw = False
226.5306 	EXP 	text_3: autoDraw = True
227.5140 	EXP 	text_3: autoDraw = False
227.5306 	EXP 	secondcircle: autoDraw = True
236.3138 	EXP 	secondcircle: autoDraw = False
237.1657 	DATA 	Keypress: right
237.1670 	EXP 	New trial (rep=0, index=1): OrderedDict([('firstTime', 1.5), ('secondTime', 2.5), ('corrAns', 'right'), ('plusStart', 2.0), ('secondStart', 3.0), ('respStart', 5.5), ('randNum', 0.805142221)])
237.1804 	EXP 	firstcircle_3: autoDraw = False
237.1804 	EXP 	text_3: autoDraw = False
237.1804 	EXP 	secondcircle: autoDraw = False
237.1804 	EXP 	text_4: autoDraw = False
237.1804 	EXP 	text_4: autoDraw = True
237.6804 	EXP 	text_4: autoDraw = False
237.6971 	EXP 	firstcircle_3: autoDraw = True
239.1804 	EXP 	firstcircle_3: autoDraw = False
239.1971 	EXP 	text_3: autoDraw = True
240.1804 	EXP 	text_3: autoDraw = False
240.1970 	EXP 	secondcircle: autoDraw = True
242.6803 	EXP 	secondcircle: autoDraw = False
243.3988 	DATA 	Keypress: right
243.3999 	EXP 	New trial (rep=0, index=2): OrderedDict([('firstTime', 0.7), ('secondTime', 1.4), ('corrAns', 'right'), ('plusStart', 1.2), ('secondStart', 2.2), ('respStart', 3.6), ('randNum', 0.70587608)])
243.4137 	EXP 	firstcircle_3: autoDraw = False
243.4137 	EXP 	text_3: autoDraw = False
243.4137 	EXP 	secondcircle: autoDraw = False
243.4137 	EXP 	text_4: autoDraw = False
243.4137 	EXP 	text_4: autoDraw = True
243.9137 	EXP 	text_4: autoDraw = False
243.9303 	EXP 	firstcircle_3: autoDraw = True
244.6136 	EXP 	firstcircle_3: autoDraw = False
244.6303 	EXP 	text_3: autoDraw = True
245.6136 	EXP 	text_3: autoDraw = False
245.6303 	EXP 	secondcircle: autoDraw = True
247.0136 	EXP 	secondcircle: autoDraw = False
247.6324 	DATA 	Keypress: right
247.6335 	EXP 	New trial (rep=0, index=3): OrderedDict([('firstTime', 1.2), ('secondTime', 1.8), ('corrAns', 'right'), ('plusStart', 1.7), ('secondStart', 2.7), ('respStart', 4.5), ('randNum', 0.276216099)])
247.6469 	EXP 	firstcircle_3: autoDraw = False
247.6469 	EXP 	text_3: autoDraw = False
247.6469 	EXP 	secondcircle: autoDraw = False
247.6469 	EXP 	text_4: autoDraw = False
247.6469 	EXP 	text_4: autoDraw = True
248.1470 	EXP 	text_4: autoDraw = False
248.1636 	EXP 	firstcircle_3: autoDraw = True
249.3470 	EXP 	firstcircle_3: autoDraw = False
249.3636 	EXP 	text_3: autoDraw = True
250.3469 	EXP 	text_3: autoDraw = False
250.3636 	EXP 	secondcircle: autoDraw = True
252.1469 	EXP 	secondcircle: autoDraw = False
252.5655 	DATA 	Keypress: right
252.5666 	EXP 	New trial (rep=0, index=4): OrderedDict([('firstTime', 3.3), ('secondTime', 4.4), ('corrAns', 'right'), ('plusStart', 3.8), ('secondStart', 4.8), ('respStart', 9.2), ('randNum', 0.803512663)])
252.5802 	EXP 	firstcircle_3: autoDraw = False
252.5802 	EXP 	text_3: autoDraw = False
252.5802 	EXP 	secondcircle: autoDraw = False
252.5802 	EXP 	text_4: autoDraw = False
252.5802 	EXP 	text_4: autoDraw = True
253.0802 	EXP 	text_4: autoDraw = False
253.0969 	EXP 	firstcircle_3: autoDraw = True
256.3802 	EXP 	firstcircle_3: autoDraw = False
256.3968 	EXP 	text_3: autoDraw = True
257.3802 	EXP 	text_3: autoDraw = False
257.3968 	EXP 	secondcircle: autoDraw = True
261.7801 	EXP 	secondcircle: autoDraw = False
262.1488 	DATA 	Keypress: right
262.1500 	EXP 	New trial (rep=0, index=5): OrderedDict([('firstTime', 2.1), ('secondTime', 2.8), ('corrAns', 'right'), ('plusStart', 2.6), ('secondStart', 3.6), ('respStart', 6.4), ('randNum', 0.26721103399999996)])
262.1634 	EXP 	firstcircle_3: autoDraw = False
262.1634 	EXP 	text_3: autoDraw = False
262.1634 	EXP 	secondcircle: autoDraw = False
262.1634 	EXP 	text_4: autoDraw = False
262.1634 	EXP 	text_4: autoDraw = True
262.6634 	EXP 	text_4: autoDraw = False
262.6801 	EXP 	firstcircle_3: autoDraw = True
264.7634 	EXP 	firstcircle_3: autoDraw = False
264.7800 	EXP 	text_3: autoDraw = True
265.7634 	EXP 	text_3: autoDraw = False
265.7800 	EXP 	secondcircle: autoDraw = True
268.5633 	EXP 	secondcircle: autoDraw = False
269.1653 	DATA 	Keypress: right
269.1664 	EXP 	New trial (rep=0, index=6): OrderedDict([('firstTime', 2.8), ('secondTime', 2.1), ('corrAns', 'left'), ('plusStart', 3.3), ('secondStart', 4.3), ('respStart', 6.4), ('randNum', 0.1426323)])
269.1800 	EXP 	firstcircle_3: autoDraw = False
269.1800 	EXP 	text_3: autoDraw = False
269.1800 	EXP 	secondcircle: autoDraw = False
269.1800 	EXP 	text_4: autoDraw = False
269.1800 	EXP 	text_4: autoDraw = True
269.6800 	EXP 	text_4: autoDraw = False
269.6966 	EXP 	firstcircle_3: autoDraw = True
272.4799 	EXP 	firstcircle_3: autoDraw = False
272.4966 	EXP 	text_3: autoDraw = True
273.4799 	EXP 	text_3: autoDraw = False
273.4966 	EXP 	secondcircle: autoDraw = True
275.5799 	EXP 	secondcircle: autoDraw = False
276.1490 	DATA 	Keypress: right
276.1646 	EXP 	New trial (rep=0, index=7): OrderedDict([('firstTime', 2.7), ('secondTime', 1.8), ('corrAns', 'left'), ('plusStart', 3.2), ('secondStart', 4.2), ('respStart', 6.0), ('randNum', 0.15619143)])
276.1799 	EXP 	firstcircle_3: autoDraw = False
276.1799 	EXP 	text_3: autoDraw = False
276.1799 	EXP 	secondcircle: autoDraw = False
276.1799 	EXP 	text_4: autoDraw = False
276.1799 	EXP 	text_4: autoDraw = True
276.6799 	EXP 	text_4: autoDraw = False
276.6965 	EXP 	firstcircle_3: autoDraw = True
279.3798 	EXP 	firstcircle_3: autoDraw = False
279.3965 	EXP 	text_3: autoDraw = True
280.3798 	EXP 	text_3: autoDraw = False
280.3965 	EXP 	secondcircle: autoDraw = True
282.1798 	EXP 	secondcircle: autoDraw = False
282.7317 	DATA 	Keypress: right
282.7329 	EXP 	New trial (rep=0, index=8): OrderedDict([('firstTime', 8.8), ('secondTime', 9.9), ('corrAns', 'right'), ('plusStart', 9.3), ('secondStart', 10.3), ('respStart', 20.2), ('randNum', 0.549248995)])
282.7465 	EXP 	firstcircle_3: autoDraw = False
282.7465 	EXP 	text_3: autoDraw = False
282.7465 	EXP 	secondcircle: autoDraw = False
282.7465 	EXP 	text_4: autoDraw = False
282.7465 	EXP 	text_4: autoDraw = True
283.2465 	EXP 	text_4: autoDraw = False
283.2631 	EXP 	firstcircle_3: autoDraw = True
292.0463 	EXP 	firstcircle_3: autoDraw = False
292.0630 	EXP 	text_3: autoDraw = True
293.0463 	EXP 	text_3: autoDraw = False
293.0630 	EXP 	secondcircle: autoDraw = True
302.9462 	EXP 	secondcircle: autoDraw = False
303.3318 	DATA 	Keypress: right
303.3476 	EXP 	New trial (rep=0, index=9): OrderedDict([('firstTime', 2.5), ('secondTime', 1.5), ('corrAns', 'left'), ('plusStart', 3.0), ('secondStart', 4.0), ('respStart', 5.5), ('randNum', 0.358211186)])
303.3629 	EXP 	firstcircle_3: autoDraw = False
303.3629 	EXP 	text_3: autoDraw = False
303.3629 	EXP 	secondcircle: autoDraw = False
303.3629 	EXP 	text_4: autoDraw = False
303.3629 	EXP 	text_4: autoDraw = True
303.8628 	EXP 	text_4: autoDraw = False
303.8795 	EXP 	firstcircle_3: autoDraw = True
306.3628 	EXP 	firstcircle_3: autoDraw = False
306.3795 	EXP 	text_3: autoDraw = True
307.2314 	DATA 	Keypress: right
307.3628 	EXP 	text_3: autoDraw = False
307.3795 	EXP 	secondcircle: autoDraw = True
308.8628 	EXP 	secondcircle: autoDraw = False
309.7980 	DATA 	Keypress: left
309.7991 	EXP 	New trial (rep=0, index=10): OrderedDict([('firstTime', 1.8), ('secondTime', 0.9), ('corrAns', 'left'), ('plusStart', 2.3), ('secondStart', 3.3), ('respStart', 4.2), ('randNum', 0.907401646)])
309.8129 	EXP 	firstcircle_3: autoDraw = False
309.8129 	EXP 	text_3: autoDraw = False
309.8129 	EXP 	secondcircle: autoDraw = False
309.8129 	EXP 	text_4: autoDraw = False
309.8129 	EXP 	text_4: autoDraw = True
310.3128 	EXP 	text_4: autoDraw = False
310.3294 	EXP 	firstcircle_3: autoDraw = True
312.1127 	EXP 	firstcircle_3: autoDraw = False
312.1294 	EXP 	text_3: autoDraw = True
313.1127 	EXP 	text_3: autoDraw = False
313.1294 	EXP 	secondcircle: autoDraw = True
314.0128 	EXP 	secondcircle: autoDraw = False
314.7813 	DATA 	Keypress: left
314.7824 	EXP 	New trial (rep=0, index=11): OrderedDict([('firstTime', 3.2), ('secondTime', 3.6), ('corrAns', 'right'), ('plusStart', 3.7), ('secondStart', 4.7), ('respStart', 8.3), ('randNum', 0.40261677799999995)])
314.7961 	EXP 	firstcircle_3: autoDraw = False
314.7961 	EXP 	text_3: autoDraw = False
314.7961 	EXP 	secondcircle: autoDraw = False
314.7961 	EXP 	text_4: autoDraw = False
314.7961 	EXP 	text_4: autoDraw = True
315.2960 	EXP 	text_4: autoDraw = False
315.3127 	EXP 	firstcircle_3: autoDraw = True
318.4960 	EXP 	firstcircle_3: autoDraw = False
318.5126 	EXP 	text_3: autoDraw = True
319.4960 	EXP 	text_3: autoDraw = False
319.5126 	EXP 	secondcircle: autoDraw = True
323.0959 	EXP 	secondcircle: autoDraw = False
323.9979 	DATA 	Keypress: left
323.9991 	EXP 	New trial (rep=0, index=12): OrderedDict([('firstTime', 2.1), ('secondTime', 3.5), ('corrAns', 'right'), ('plusStart', 2.6), ('secondStart', 3.6), ('respStart', 7.1), ('randNum', 0.699018652)])
324.0126 	EXP 	firstcircle_3: autoDraw = False
324.0126 	EXP 	text_3: autoDraw = False
324.0126 	EXP 	secondcircle: autoDraw = False
324.0126 	EXP 	text_4: autoDraw = False
324.0126 	EXP 	text_4: autoDraw = True
324.5126 	EXP 	text_4: autoDraw = False
324.5292 	EXP 	firstcircle_3: autoDraw = True
326.6125 	EXP 	firstcircle_3: autoDraw = False
326.6292 	EXP 	text_3: autoDraw = True
327.6125 	EXP 	text_3: autoDraw = False
327.6292 	EXP 	secondcircle: autoDraw = True
331.1125 	EXP 	secondcircle: autoDraw = False
331.4480 	DATA 	Keypress: right
331.4492 	EXP 	New trial (rep=0, index=13): OrderedDict([('firstTime', 1.8), ('secondTime', 2.7), ('corrAns', 'right'), ('plusStart', 2.3), ('secondStart', 3.3), ('respStart', 6.0), ('randNum', 0.8590765890000001)])
331.4625 	EXP 	firstcircle_3: autoDraw = False
331.4625 	EXP 	text_3: autoDraw = False
331.4625 	EXP 	secondcircle: autoDraw = False
331.4625 	EXP 	text_4: autoDraw = False
331.4625 	EXP 	text_4: autoDraw = True
331.9625 	EXP 	text_4: autoDraw = False
331.9791 	EXP 	firstcircle_3: autoDraw = True
333.7624 	EXP 	firstcircle_3: autoDraw = False
333.7791 	EXP 	text_3: autoDraw = True
334.7624 	EXP 	text_3: autoDraw = False
334.7791 	EXP 	secondcircle: autoDraw = True
337.4624 	EXP 	secondcircle: autoDraw = False
338.2477 	DATA 	Keypress: left
338.2489 	EXP 	New trial (rep=0, index=14): OrderedDict([('firstTime', 1.4), ('secondTime', 0.7), ('corrAns', 'left'), ('plusStart', 1.9), ('secondStart', 2.9), ('respStart', 3.6), ('randNum', 0.413030013)])
338.2624 	EXP 	firstcircle_3: autoDraw = False
338.2624 	EXP 	text_3: autoDraw = False
338.2624 	EXP 	secondcircle: autoDraw = False
338.2624 	EXP 	text_4: autoDraw = False
338.2624 	EXP 	text_4: autoDraw = True
338.7624 	EXP 	text_4: autoDraw = False
338.7790 	EXP 	firstcircle_3: autoDraw = True
340.1624 	EXP 	firstcircle_3: autoDraw = False
340.1790 	EXP 	text_3: autoDraw = True
341.1623 	EXP 	text_3: autoDraw = False
341.1790 	EXP 	secondcircle: autoDraw = True
341.8623 	EXP 	secondcircle: autoDraw = False
342.7478 	DATA 	Keypress: left
342.7490 	EXP 	New trial (rep=0, index=15): OrderedDict([('firstTime', 3.6), ('secondTime', 3.2), ('corrAns', 'left'), ('plusStart', 4.1), ('secondStart', 5.1), ('respStart', 8.3), ('randNum', 0.12198344800000001)])
342.7623 	EXP 	firstcircle_3: autoDraw = False
342.7623 	EXP 	text_3: autoDraw = False
342.7623 	EXP 	secondcircle: autoDraw = False
342.7623 	EXP 	text_4: autoDraw = False
342.7623 	EXP 	text_4: autoDraw = True
343.2623 	EXP 	text_4: autoDraw = False
343.2790 	EXP 	firstcircle_3: autoDraw = True
346.8623 	EXP 	firstcircle_3: autoDraw = False
346.8789 	EXP 	text_3: autoDraw = True
347.8622 	EXP 	text_3: autoDraw = False
347.8789 	EXP 	secondcircle: autoDraw = True
351.0622 	EXP 	secondcircle: autoDraw = False
351.8475 	DATA 	Keypress: left
351.8487 	EXP 	New trial (rep=0, index=16): OrderedDict([('firstTime', 4.4), ('secondTime', 3.3), ('corrAns', 'left'), ('plusStart', 4.9), ('secondStart', 5.9), ('respStart', 9.2), ('randNum', 0.7908218929999999)])
351.8622 	EXP 	firstcircle_3: autoDraw = False
351.8622 	EXP 	text_3: autoDraw = False
351.8622 	EXP 	secondcircle: autoDraw = False
351.8622 	EXP 	text_4: autoDraw = False
351.8622 	EXP 	text_4: autoDraw = True
352.3622 	EXP 	text_4: autoDraw = False
352.3789 	EXP 	firstcircle_3: autoDraw = True
356.7622 	EXP 	firstcircle_3: autoDraw = False
356.7788 	EXP 	text_3: autoDraw = True
357.7621 	EXP 	text_3: autoDraw = False
357.7788 	EXP 	secondcircle: autoDraw = True
361.0621 	EXP 	secondcircle: autoDraw = False
361.7141 	DATA 	Keypress: left
361.7152 	EXP 	New trial (rep=0, index=17): OrderedDict([('firstTime', 3.5), ('secondTime', 2.1), ('corrAns', 'left'), ('plusStart', 4.0), ('secondStart', 5.0), ('respStart', 7.1), ('randNum', 0.149007794)])
361.7287 	EXP 	firstcircle_3: autoDraw = False
361.7287 	EXP 	text_3: autoDraw = False
361.7287 	EXP 	secondcircle: autoDraw = False
361.7287 	EXP 	text_4: autoDraw = False
361.7287 	EXP 	text_4: autoDraw = True
362.2287 	EXP 	text_4: autoDraw = False
362.2454 	EXP 	firstcircle_3: autoDraw = True
365.7287 	EXP 	firstcircle_3: autoDraw = False
365.7453 	EXP 	text_3: autoDraw = True
366.7287 	EXP 	text_3: autoDraw = False
366.7453 	EXP 	secondcircle: autoDraw = True
368.8287 	EXP 	secondcircle: autoDraw = False
369.8306 	DATA 	Keypress: left
369.8318 	EXP 	New trial (rep=0, index=18): OrderedDict([('firstTime', 1.8), ('secondTime', 1.2), ('corrAns', 'left'), ('plusStart', 2.3), ('secondStart', 3.3), ('respStart', 4.5), ('randNum', 0.44825194799999996)])
369.8453 	EXP 	firstcircle_3: autoDraw = False
369.8453 	EXP 	text_3: autoDraw = False
369.8453 	EXP 	secondcircle: autoDraw = False
369.8453 	EXP 	text_4: autoDraw = False
369.8453 	EXP 	text_4: autoDraw = True
370.3453 	EXP 	text_4: autoDraw = False
370.3619 	EXP 	firstcircle_3: autoDraw = True
372.1453 	EXP 	firstcircle_3: autoDraw = False
372.1619 	EXP 	text_3: autoDraw = True
373.1452 	EXP 	text_3: autoDraw = False
373.1619 	EXP 	secondcircle: autoDraw = True
374.3452 	EXP 	secondcircle: autoDraw = False
375.0305 	DATA 	Keypress: left
375.0317 	EXP 	New trial (rep=0, index=19): OrderedDict([('firstTime', 0.9), ('secondTime', 1.8), ('corrAns', 'right'), ('plusStart', 1.4), ('secondStart', 2.4), ('respStart', 4.2), ('randNum', 0.35938568299999996)])
375.0452 	EXP 	firstcircle_3: autoDraw = False
375.0452 	EXP 	text_3: autoDraw = False
375.0452 	EXP 	secondcircle: autoDraw = False
375.0452 	EXP 	text_4: autoDraw = False
375.0452 	EXP 	text_4: autoDraw = True
375.5452 	EXP 	text_4: autoDraw = False
375.5619 	EXP 	firstcircle_3: autoDraw = True
376.4452 	EXP 	firstcircle_3: autoDraw = False
376.4619 	EXP 	text_3: autoDraw = True
377.4452 	EXP 	text_3: autoDraw = False
377.4619 	EXP 	secondcircle: autoDraw = True
379.2452 	EXP 	secondcircle: autoDraw = False
379.9971 	DATA 	Keypress: right
380.0118 	EXP 	firstcircle_3: autoDraw = False
380.0118 	EXP 	text_3: autoDraw = False
380.0118 	EXP 	secondcircle: autoDraw = False
380.0118 	EXP 	text_4: autoDraw = False
380.0118 	EXP 	text_6: autoDraw = True
381.4642 	DATA 	Keypress: space
381.4722 	EXP 	Imported conditionsTime3.csv as conditions, 20 conditions, 7 params
381.4725 	EXP 	Created sequence: sequential, trialTypes=20, nReps=1, seed=None
381.4729 	EXP 	New trial (rep=0, index=0): OrderedDict([('firstTime', 2.7), ('secondTime', 1.8), ('corrAns', 'left'), ('plusStart', 3.2), ('secondStart', 4.2), ('respStart', 6.0), ('randNum', 0.09224181599999999)])
381.4785 	EXP 	text_6: autoDraw = False
381.4785 	EXP 	text_4: autoDraw = True
381.9785 	EXP 	text_4: autoDraw = False
381.9951 	EXP 	firstcircle_3: autoDraw = True
384.6784 	EXP 	firstcircle_3: autoDraw = False
384.6951 	EXP 	text_3: autoDraw = True
385.6784 	EXP 	text_3: autoDraw = False
385.6951 	EXP 	secondcircle: autoDraw = True
387.4784 	EXP 	secondcircle: autoDraw = False
388.4304 	DATA 	Keypress: right
388.4318 	EXP 	New trial (rep=0, index=1): OrderedDict([('firstTime', 1.8), ('secondTime', 2.7), ('corrAns', 'right'), ('plusStart', 2.3), ('secondStart', 3.3), ('respStart', 6.0), ('randNum', 0.320860695)])
388.4451 	EXP 	firstcircle_3: autoDraw = False
388.4451 	EXP 	text_3: autoDraw = False
388.4451 	EXP 	secondcircle: autoDraw = False
388.4451 	EXP 	text_4: autoDraw = False
388.4451 	EXP 	text_4: autoDraw = True
388.9451 	EXP 	text_4: autoDraw = False
388.9617 	EXP 	firstcircle_3: autoDraw = True
390.7451 	EXP 	firstcircle_3: autoDraw = False
390.7617 	EXP 	text_3: autoDraw = True
391.7450 	EXP 	text_3: autoDraw = False
391.7617 	EXP 	secondcircle: autoDraw = True
394.4450 	EXP 	secondcircle: autoDraw = False
394.9969 	DATA 	Keypress: right
394.9981 	EXP 	New trial (rep=0, index=2): OrderedDict([('firstTime', 0.7), ('secondTime', 1.4), ('corrAns', 'right'), ('plusStart', 1.2), ('secondStart', 2.2), ('respStart', 3.6), ('randNum', 0.091696964)])
395.0116 	EXP 	firstcircle_3: autoDraw = False
395.0116 	EXP 	text_3: autoDraw = False
395.0116 	EXP 	secondcircle: autoDraw = False
395.0116 	EXP 	text_4: autoDraw = False
395.0116 	EXP 	text_4: autoDraw = True
395.5116 	EXP 	text_4: autoDraw = False
395.5283 	EXP 	firstcircle_3: autoDraw = True
396.2116 	EXP 	firstcircle_3: autoDraw = False
396.2283 	EXP 	text_3: autoDraw = True
397.2116 	EXP 	text_3: autoDraw = False
397.2282 	EXP 	secondcircle: autoDraw = True
398.6116 	EXP 	secondcircle: autoDraw = False
399.4458 	DATA 	Keypress: roption
400.7969 	DATA 	Keypress: left
400.7981 	EXP 	New trial (rep=0, index=3): OrderedDict([('firstTime', 4.4), ('secondTime', 3.3), ('corrAns', 'left'), ('plusStart', 4.9), ('secondStart', 5.9), ('respStart', 9.2), ('randNum', 0.010112259)])
400.8115 	EXP 	firstcircle_3: autoDraw = False
400.8115 	EXP 	text_3: autoDraw = False
400.8115 	EXP 	secondcircle: autoDraw = False
400.8115 	EXP 	text_4: autoDraw = False
400.8115 	EXP 	text_4: autoDraw = True
401.3115 	EXP 	text_4: autoDraw = False
401.3282 	EXP 	firstcircle_3: autoDraw = True
405.7115 	EXP 	firstcircle_3: autoDraw = False
405.7281 	EXP 	text_3: autoDraw = True
406.7115 	EXP 	text_3: autoDraw = False
406.7281 	EXP 	secondcircle: autoDraw = True
410.0114 	EXP 	secondcircle: autoDraw = False
410.7801 	DATA 	Keypress: left
410.7812 	EXP 	New trial (rep=0, index=4): OrderedDict([('firstTime', 0.9), ('secondTime', 1.8), ('corrAns', 'right'), ('plusStart', 1.4), ('secondStart', 2.4), ('respStart', 4.2), ('randNum', 0.877480265)])
410.7947 	EXP 	firstcircle_3: autoDraw = False
410.7947 	EXP 	text_3: autoDraw = False
410.7947 	EXP 	secondcircle: autoDraw = False
410.7947 	EXP 	text_4: autoDraw = False
410.7947 	EXP 	text_4: autoDraw = True
411.2947 	EXP 	text_4: autoDraw = False
411.3114 	EXP 	firstcircle_3: autoDraw = True
412.1947 	EXP 	firstcircle_3: autoDraw = False
412.2114 	EXP 	text_3: autoDraw = True
413.1947 	EXP 	text_3: autoDraw = False
413.2114 	EXP 	secondcircle: autoDraw = True
414.9947 	EXP 	secondcircle: autoDraw = False
415.7300 	DATA 	Keypress: right
415.7313 	EXP 	New trial (rep=0, index=5): OrderedDict([('firstTime', 1.8), ('secondTime', 0.9), ('corrAns', 'left'), ('plusStart', 2.3), ('secondStart', 3.3), ('respStart', 4.2), ('randNum', 0.74232345)])
415.7447 	EXP 	firstcircle_3: autoDraw = False
415.7447 	EXP 	text_3: autoDraw = False
415.7447 	EXP 	secondcircle: autoDraw = False
415.7447 	EXP 	text_4: autoDraw = False
415.7447 	EXP 	text_4: autoDraw = True
416.2447 	EXP 	text_4: autoDraw = False
416.2613 	EXP 	firstcircle_3: autoDraw = True
418.0446 	EXP 	firstcircle_3: autoDraw = False
418.0613 	EXP 	text_3: autoDraw = True
419.0446 	EXP 	text_3: autoDraw = False
419.0613 	EXP 	secondcircle: autoDraw = True
419.9446 	EXP 	secondcircle: autoDraw = False
420.6133 	DATA 	Keypress: left
420.6145 	EXP 	New trial (rep=0, index=6): OrderedDict([('firstTime', 1.8), ('secondTime', 1.2), ('corrAns', 'left'), ('plusStart', 2.3), ('secondStart', 3.3), ('respStart', 4.5), ('randNum', 0.307053849)])
420.6280 	EXP 	firstcircle_3: autoDraw = False
420.6280 	EXP 	text_3: autoDraw = False
420.6280 	EXP 	secondcircle: autoDraw = False
420.6280 	EXP 	text_4: autoDraw = False
420.6280 	EXP 	text_4: autoDraw = True
421.1279 	EXP 	text_4: autoDraw = False
421.1446 	EXP 	firstcircle_3: autoDraw = True
422.9279 	EXP 	firstcircle_3: autoDraw = False
422.9446 	EXP 	text_3: autoDraw = True
423.9279 	EXP 	text_3: autoDraw = False
423.9446 	EXP 	secondcircle: autoDraw = True
425.1279 	EXP 	secondcircle: autoDraw = False
425.8632 	DATA 	Keypress: left
425.8644 	EXP 	New trial (rep=0, index=7): OrderedDict([('firstTime', 3.6), ('secondTime', 3.2), ('corrAns', 'left'), ('plusStart', 4.1), ('secondStart', 5.1), ('respStart', 8.3), ('randNum', 0.331236492)])
425.8779 	EXP 	firstcircle_3: autoDraw = False
425.8779 	EXP 	text_3: autoDraw = False
425.8779 	EXP 	secondcircle: autoDraw = False
425.8779 	EXP 	text_4: autoDraw = False
425.8779 	EXP 	text_4: autoDraw = True
426.3779 	EXP 	text_4: autoDraw = False
426.3945 	EXP 	firstcircle_3: autoDraw = True
429.9778 	EXP 	firstcircle_3: autoDraw = False
429.9945 	EXP 	text_3: autoDraw = True
430.9778 	EXP 	text_3: autoDraw = False
430.9945 	EXP 	secondcircle: autoDraw = True
434.1778 	EXP 	secondcircle: autoDraw = False
434.8975 	DATA 	Keypress: left
434.9125 	EXP 	New trial (rep=0, index=8): OrderedDict([('firstTime', 2.5), ('secondTime', 1.5), ('corrAns', 'left'), ('plusStart', 3.0), ('secondStart', 4.0), ('respStart', 5.5), ('randNum', 0.778562476)])
434.9277 	EXP 	firstcircle_3: autoDraw = False
434.9277 	EXP 	text_3: autoDraw = False
434.9277 	EXP 	secondcircle: autoDraw = False
434.9277 	EXP 	text_4: autoDraw = False
434.9277 	EXP 	text_4: autoDraw = True
435.4277 	EXP 	text_4: autoDraw = False
435.4444 	EXP 	firstcircle_3: autoDraw = True
437.9277 	EXP 	firstcircle_3: autoDraw = False
437.9444 	EXP 	text_3: autoDraw = True
438.9277 	EXP 	text_3: autoDraw = False
438.9444 	EXP 	secondcircle: autoDraw = True
440.4277 	EXP 	secondcircle: autoDraw = False
441.1129 	DATA 	Keypress: left
441.1141 	EXP 	New trial (rep=0, index=9): OrderedDict([('firstTime', 1.2), ('secondTime', 1.8), ('corrAns', 'right'), ('plusStart', 1.7), ('secondStart', 2.7), ('respStart', 4.5), ('randNum', 0.18131893100000002)])
441.1277 	EXP 	firstcircle_3: autoDraw = False
441.1277 	EXP 	text_3: autoDraw = False
441.1277 	EXP 	secondcircle: autoDraw = False
441.1277 	EXP 	text_4: autoDraw = False
441.1277 	EXP 	text_4: autoDraw = True
441.6276 	EXP 	text_4: autoDraw = False
441.6443 	EXP 	firstcircle_3: autoDraw = True
442.8276 	EXP 	firstcircle_3: autoDraw = False
442.8443 	EXP 	text_3: autoDraw = True
443.8276 	EXP 	text_3: autoDraw = False
443.8443 	EXP 	secondcircle: autoDraw = True
445.6277 	EXP 	secondcircle: autoDraw = False
446.3128 	DATA 	Keypress: left
446.3140 	EXP 	New trial (rep=0, index=10): OrderedDict([('firstTime', 2.8), ('secondTime', 2.1), ('corrAns', 'left'), ('plusStart', 3.3), ('secondStart', 4.3), ('respStart', 6.4), ('randNum', 0.897215002)])
446.3276 	EXP 	firstcircle_3: autoDraw = False
446.3276 	EXP 	text_3: autoDraw = False
446.3276 	EXP 	secondcircle: autoDraw = False
446.3276 	EXP 	text_4: autoDraw = False
446.3276 	EXP 	text_4: autoDraw = True
446.8276 	EXP 	text_4: autoDraw = False
446.8443 	EXP 	firstcircle_3: autoDraw = True
449.6275 	EXP 	firstcircle_3: autoDraw = False
449.6443 	EXP 	text_3: autoDraw = True
450.6275 	EXP 	text_3: autoDraw = False
450.6442 	EXP 	secondcircle: autoDraw = True
452.7276 	EXP 	secondcircle: autoDraw = False
453.4960 	DATA 	Keypress: left
453.4971 	EXP 	New trial (rep=0, index=11): OrderedDict([('firstTime', 2.1), ('secondTime', 2.8), ('corrAns', 'right'), ('plusStart', 2.6), ('secondStart', 3.6), ('respStart', 6.4), ('randNum', 0.734438325)])
453.5109 	EXP 	firstcircle_3: autoDraw = False
453.5109 	EXP 	text_3: autoDraw = False
453.5109 	EXP 	secondcircle: autoDraw = False
453.5109 	EXP 	text_4: autoDraw = False
453.5109 	EXP 	text_4: autoDraw = True
454.0108 	EXP 	text_4: autoDraw = False
454.0275 	EXP 	firstcircle_3: autoDraw = True
456.1108 	EXP 	firstcircle_3: autoDraw = False
456.1274 	EXP 	text_3: autoDraw = True
457.1108 	EXP 	text_3: autoDraw = False
457.1274 	EXP 	secondcircle: autoDraw = True
459.9107 	EXP 	secondcircle: autoDraw = False
460.6794 	DATA 	Keypress: left
460.6806 	EXP 	New trial (rep=0, index=12): OrderedDict([('firstTime', 3.2), ('secondTime', 3.6), ('corrAns', 'right'), ('plusStart', 3.7), ('secondStart', 4.7), ('respStart', 8.3), ('randNum', 0.716372322)])
460.6941 	EXP 	firstcircle_3: autoDraw = False
460.6941 	EXP 	text_3: autoDraw = False
460.6941 	EXP 	secondcircle: autoDraw = False
460.6941 	EXP 	text_4: autoDraw = False
460.6941 	EXP 	text_4: autoDraw = True
461.1941 	EXP 	text_4: autoDraw = False
461.2107 	EXP 	firstcircle_3: autoDraw = True
464.3940 	EXP 	firstcircle_3: autoDraw = False
464.4107 	EXP 	text_3: autoDraw = True
465.3940 	EXP 	text_3: autoDraw = False
465.4107 	EXP 	secondcircle: autoDraw = True
468.6126 	DATA 	Keypress: right
468.9939 	EXP 	secondcircle: autoDraw = False
469.9792 	DATA 	Keypress: right
469.9804 	EXP 	New trial (rep=0, index=13): OrderedDict([('firstTime', 2.1), ('secondTime', 3.5), ('corrAns', 'right'), ('plusStart', 2.6), ('secondStart', 3.6), ('respStart', 7.1), ('randNum', 0.2797458)])
469.9939 	EXP 	firstcircle_3: autoDraw = False
469.9939 	EXP 	text_3: autoDraw = False
469.9939 	EXP 	secondcircle: autoDraw = False
469.9939 	EXP 	text_4: autoDraw = False
469.9939 	EXP 	text_4: autoDraw = True
470.4939 	EXP 	text_4: autoDraw = False
470.5106 	EXP 	firstcircle_3: autoDraw = True
472.5939 	EXP 	firstcircle_3: autoDraw = False
472.6106 	EXP 	text_3: autoDraw = True
473.5939 	EXP 	text_3: autoDraw = False
473.6106 	EXP 	secondcircle: autoDraw = True
477.0938 	EXP 	secondcircle: autoDraw = False
477.4456 	DATA 	Keypress: right
477.4467 	EXP 	New trial (rep=0, index=14): OrderedDict([('firstTime', 1.4), ('secondTime', 0.7), ('corrAns', 'left'), ('plusStart', 1.9), ('secondStart', 2.9), ('respStart', 3.6), ('randNum', 0.038284202)])
477.4605 	EXP 	firstcircle_3: autoDraw = False
477.4605 	EXP 	text_3: autoDraw = False
477.4605 	EXP 	secondcircle: autoDraw = False
477.4605 	EXP 	text_4: autoDraw = False
477.4605 	EXP 	text_4: autoDraw = True
477.9605 	EXP 	text_4: autoDraw = False
477.9772 	EXP 	firstcircle_3: autoDraw = True
479.3605 	EXP 	firstcircle_3: autoDraw = False
479.3771 	EXP 	text_3: autoDraw = True
480.3605 	EXP 	text_3: autoDraw = False
480.3771 	EXP 	secondcircle: autoDraw = True
481.0604 	EXP 	secondcircle: autoDraw = False
482.0789 	DATA 	Keypress: left
482.0801 	EXP 	New trial (rep=0, index=15): OrderedDict([('firstTime', 9.9), ('secondTime', 8.8), ('corrAns', 'left'), ('plusStart', 10.4), ('secondStart', 11.4), ('respStart', 20.2), ('randNum', 0.656448526)])
482.0938 	EXP 	firstcircle_3: autoDraw = False
482.0938 	EXP 	text_3: autoDraw = False
482.0938 	EXP 	secondcircle: autoDraw = False
482.0938 	EXP 	text_4: autoDraw = False
482.0938 	EXP 	text_4: autoDraw = True
482.5938 	EXP 	text_4: autoDraw = False
482.6104 	EXP 	firstcircle_3: autoDraw = True
492.4936 	EXP 	firstcircle_3: autoDraw = False
492.5103 	EXP 	text_3: autoDraw = True
493.4936 	EXP 	text_3: autoDraw = False
493.5103 	EXP 	secondcircle: autoDraw = True
502.2935 	EXP 	secondcircle: autoDraw = False
503.7119 	DATA 	Keypress: left
503.7130 	EXP 	New trial (rep=0, index=16): OrderedDict([('firstTime', 3.5), ('secondTime', 2.1), ('corrAns', 'left'), ('plusStart', 4.0), ('secondStart', 5.0), ('respStart', 7.1), ('randNum', 0.25078508899999996)])
503.7268 	EXP 	firstcircle_3: autoDraw = False
503.7268 	EXP 	text_3: autoDraw = False
503.7268 	EXP 	secondcircle: autoDraw = False
503.7268 	EXP 	text_4: autoDraw = False
503.7268 	EXP 	text_4: autoDraw = True
504.2268 	EXP 	text_4: autoDraw = False
504.2435 	EXP 	firstcircle_3: autoDraw = True
507.7268 	EXP 	firstcircle_3: autoDraw = False
507.7434 	EXP 	text_3: autoDraw = True
508.7267 	EXP 	text_3: autoDraw = False
508.7434 	EXP 	secondcircle: autoDraw = True
510.8267 	EXP 	secondcircle: autoDraw = False
511.3953 	DATA 	Keypress: left
511.3964 	EXP 	New trial (rep=0, index=17): OrderedDict([('firstTime', 8.8), ('secondTime', 9.9), ('corrAns', 'right'), ('plusStart', 9.3), ('secondStart', 10.3), ('respStart', 20.2), ('randNum', 0.055985873)])
511.4101 	EXP 	firstcircle_3: autoDraw = False
511.4101 	EXP 	text_3: autoDraw = False
511.4101 	EXP 	secondcircle: autoDraw = False
511.4101 	EXP 	text_4: autoDraw = False
511.4101 	EXP 	text_4: autoDraw = True
511.9100 	EXP 	text_4: autoDraw = False
511.9267 	EXP 	firstcircle_3: autoDraw = True
520.7099 	EXP 	firstcircle_3: autoDraw = False
520.7266 	EXP 	text_3: autoDraw = True
521.7099 	EXP 	text_3: autoDraw = False
521.7266 	EXP 	secondcircle: autoDraw = True
531.6098 	EXP 	secondcircle: autoDraw = False
532.0118 	DATA 	Keypress: right
532.0130 	EXP 	New trial (rep=0, index=18): OrderedDict([('firstTime', 1.5), ('secondTime', 2.5), ('corrAns', 'right'), ('plusStart', 2.0), ('secondStart', 3.0), ('respStart', 5.5), ('randNum', 0.279030548)])
532.0264 	EXP 	firstcircle_3: autoDraw = False
532.0264 	EXP 	text_3: autoDraw = False
532.0264 	EXP 	secondcircle: autoDraw = False
532.0264 	EXP 	text_4: autoDraw = False
532.0264 	EXP 	text_4: autoDraw = True
532.5264 	EXP 	text_4: autoDraw = False
532.5431 	EXP 	firstcircle_3: autoDraw = True
532.8442 	DATA 	Mouse: Left button down, pos=(551,777)
532.8447 	DATA 	Mouse:  Left button up, pos=(551,777)
534.0264 	EXP 	firstcircle_3: autoDraw = False
534.0431 	EXP 	text_3: autoDraw = True
535.0264 	EXP 	text_3: autoDraw = False
535.0431 	EXP 	secondcircle: autoDraw = True
537.5264 	EXP 	secondcircle: autoDraw = False
538.3784 	DATA 	Keypress: left
538.3795 	EXP 	New trial (rep=0, index=19): OrderedDict([('firstTime', 3.3), ('secondTime', 4.4), ('corrAns', 'right'), ('plusStart', 3.8), ('secondStart', 4.8), ('respStart', 9.2), ('randNum', 0.6214470879999999)])
538.3931 	EXP 	firstcircle_3: autoDraw = False
538.3931 	EXP 	text_3: autoDraw = False
538.3931 	EXP 	secondcircle: autoDraw = False
538.3931 	EXP 	text_4: autoDraw = False
538.3931 	EXP 	text_4: autoDraw = True
538.8930 	EXP 	text_4: autoDraw = False
538.9097 	EXP 	firstcircle_3: autoDraw = True
542.1929 	EXP 	firstcircle_3: autoDraw = False
542.2096 	EXP 	text_3: autoDraw = True
543.1929 	EXP 	text_3: autoDraw = False
543.2096 	EXP 	secondcircle: autoDraw = True
547.5929 	EXP 	secondcircle: autoDraw = False
547.9949 	DATA 	Keypress: right
548.0095 	EXP 	firstcircle_3: autoDraw = False
548.0095 	EXP 	text_3: autoDraw = False
548.0095 	EXP 	secondcircle: autoDraw = False
548.0095 	EXP 	text_4: autoDraw = False
548.0095 	EXP 	text_7: autoDraw = True
549.2464 	DATA 	Keypress: space
549.2659 	EXP 	Imported conditionsTime4.csv as conditions, 20 conditions, 7 params
549.2663 	EXP 	Created sequence: sequential, trialTypes=20, nReps=1, seed=None
549.2667 	EXP 	New trial (rep=0, index=0): OrderedDict([('firstTime', 2.5), ('secondTime', 1.5), ('corrAns', 'left'), ('plusStart', 3.0), ('secondStart', 4.0), ('respStart', 5.5), ('randNum', 0.9526453340000001)])
549.2762 	EXP 	text_7: autoDraw = False
549.2762 	EXP 	text_4: autoDraw = True
549.7762 	EXP 	text_4: autoDraw = False
549.7930 	EXP 	firstcircle_3: autoDraw = True
552.2762 	EXP 	firstcircle_3: autoDraw = False
552.2928 	EXP 	text_3: autoDraw = True
553.2761 	EXP 	text_3: autoDraw = False
553.2928 	EXP 	secondcircle: autoDraw = True
554.7761 	EXP 	secondcircle: autoDraw = False
555.5281 	DATA 	Keypress: left
555.5296 	EXP 	New trial (rep=0, index=1): OrderedDict([('firstTime', 2.8), ('secondTime', 2.1), ('corrAns', 'left'), ('plusStart', 3.3), ('secondStart', 4.3), ('respStart', 6.4), ('randNum', 0.962497787)])
555.5428 	EXP 	firstcircle_3: autoDraw = False
555.5428 	EXP 	text_3: autoDraw = False
555.5428 	EXP 	secondcircle: autoDraw = False
555.5428 	EXP 	text_4: autoDraw = False
555.5428 	EXP 	text_4: autoDraw = True
556.0428 	EXP 	text_4: autoDraw = False
556.0594 	EXP 	firstcircle_3: autoDraw = True
558.8427 	EXP 	firstcircle_3: autoDraw = False
558.8594 	EXP 	text_3: autoDraw = True
559.8427 	EXP 	text_3: autoDraw = False
559.8594 	EXP 	secondcircle: autoDraw = True
561.9427 	EXP 	secondcircle: autoDraw = False
562.6449 	DATA 	Keypress: left
562.6461 	EXP 	New trial (rep=0, index=2): OrderedDict([('firstTime', 2.7), ('secondTime', 1.8), ('corrAns', 'left'), ('plusStart', 3.2), ('secondStart', 4.2), ('respStart', 6.0), ('randNum', 0.06690605599999999)])
562.6594 	EXP 	firstcircle_3: autoDraw = False
562.6594 	EXP 	text_3: autoDraw = False
562.6594 	EXP 	secondcircle: autoDraw = False
562.6594 	EXP 	text_4: autoDraw = False
562.6594 	EXP 	text_4: autoDraw = True
563.1593 	EXP 	text_4: autoDraw = False
563.1760 	EXP 	firstcircle_3: autoDraw = True
565.8593 	EXP 	firstcircle_3: autoDraw = False
565.8760 	EXP 	text_3: autoDraw = True
566.8593 	EXP 	text_3: autoDraw = False
566.8760 	EXP 	secondcircle: autoDraw = True
568.6593 	EXP 	secondcircle: autoDraw = False
569.3446 	DATA 	Keypress: left
569.3458 	EXP 	New trial (rep=0, index=3): OrderedDict([('firstTime', 8.8), ('secondTime', 9.9), ('corrAns', 'right'), ('plusStart', 9.3), ('secondStart', 10.3), ('respStart', 20.2), ('randNum', 0.09555333099999999)])
569.3593 	EXP 	firstcircle_3: autoDraw = False
569.3593 	EXP 	text_3: autoDraw = False
569.3593 	EXP 	secondcircle: autoDraw = False
569.3593 	EXP 	text_4: autoDraw = False
569.3593 	EXP 	text_4: autoDraw = True
569.8592 	EXP 	text_4: autoDraw = False
569.8759 	EXP 	firstcircle_3: autoDraw = True
578.6591 	EXP 	firstcircle_3: autoDraw = False
578.6758 	EXP 	text_3: autoDraw = True
579.6591 	EXP 	text_3: autoDraw = False
579.6758 	EXP 	secondcircle: autoDraw = True
589.5591 	EXP 	secondcircle: autoDraw = False
590.4277 	DATA 	Keypress: right
590.4288 	EXP 	New trial (rep=0, index=4): OrderedDict([('firstTime', 1.8), ('secondTime', 2.7), ('corrAns', 'right'), ('plusStart', 2.3), ('secondStart', 3.3), ('respStart', 6.0), ('randNum', 0.559320406)])
590.4423 	EXP 	firstcircle_3: autoDraw = False
590.4423 	EXP 	text_3: autoDraw = False
590.4423 	EXP 	secondcircle: autoDraw = False
590.4423 	EXP 	text_4: autoDraw = False
590.4423 	EXP 	text_4: autoDraw = True
590.9423 	EXP 	text_4: autoDraw = False
590.9590 	EXP 	firstcircle_3: autoDraw = True
592.7423 	EXP 	firstcircle_3: autoDraw = False
592.7589 	EXP 	text_3: autoDraw = True
593.7423 	EXP 	text_3: autoDraw = False
593.7589 	EXP 	secondcircle: autoDraw = True
596.4422 	EXP 	secondcircle: autoDraw = False
598.0108 	DATA 	Keypress: right
598.0119 	EXP 	New trial (rep=0, index=5): OrderedDict([('firstTime', 3.5), ('secondTime', 2.1), ('corrAns', 'left'), ('plusStart', 4.0), ('secondStart', 5.0), ('respStart', 7.1), ('randNum', 0.885130943)])
598.0256 	EXP 	firstcircle_3: autoDraw = False
598.0256 	EXP 	text_3: autoDraw = False
598.0256 	EXP 	secondcircle: autoDraw = False
598.0256 	EXP 	text_4: autoDraw = False
598.0256 	EXP 	text_4: autoDraw = True
598.5255 	EXP 	text_4: autoDraw = False
598.5422 	EXP 	firstcircle_3: autoDraw = True
602.0255 	EXP 	firstcircle_3: autoDraw = False
602.0422 	EXP 	text_3: autoDraw = True
603.0255 	EXP 	text_3: autoDraw = False
603.0421 	EXP 	secondcircle: autoDraw = True
605.1254 	EXP 	secondcircle: autoDraw = False
605.8775 	DATA 	Keypress: right
605.8787 	EXP 	New trial (rep=0, index=6): OrderedDict([('firstTime', 2.1), ('secondTime', 2.8), ('corrAns', 'right'), ('plusStart', 2.6), ('secondStart', 3.6), ('respStart', 6.4), ('randNum', 0.7843272990000001)])
605.8922 	EXP 	firstcircle_3: autoDraw = False
605.8922 	EXP 	text_3: autoDraw = False
605.8922 	EXP 	secondcircle: autoDraw = False
605.8922 	EXP 	text_4: autoDraw = False
605.8922 	EXP 	text_4: autoDraw = True
606.3921 	EXP 	text_4: autoDraw = False
606.4088 	EXP 	firstcircle_3: autoDraw = True
608.4921 	EXP 	firstcircle_3: autoDraw = False
608.5087 	EXP 	text_3: autoDraw = True
609.4920 	EXP 	text_3: autoDraw = False
609.5087 	EXP 	secondcircle: autoDraw = True
612.2920 	EXP 	secondcircle: autoDraw = False
612.9940 	DATA 	Keypress: right
612.9951 	EXP 	New trial (rep=0, index=7): OrderedDict([('firstTime', 4.4), ('secondTime', 3.3), ('corrAns', 'left'), ('plusStart', 4.9), ('secondStart', 5.9), ('respStart', 9.2), ('randNum', 0.594355042)])
613.0087 	EXP 	firstcircle_3: autoDraw = False
613.0087 	EXP 	text_3: autoDraw = False
613.0087 	EXP 	secondcircle: autoDraw = False
613.0087 	EXP 	text_4: autoDraw = False
613.0087 	EXP 	text_4: autoDraw = True
613.5087 	EXP 	text_4: autoDraw = False
613.5253 	EXP 	firstcircle_3: autoDraw = True
617.9086 	EXP 	firstcircle_3: autoDraw = False
617.9253 	EXP 	text_3: autoDraw = True
618.9086 	EXP 	text_3: autoDraw = False
618.9253 	EXP 	secondcircle: autoDraw = True
622.2086 	EXP 	secondcircle: autoDraw = False
623.3105 	DATA 	Keypress: left
623.3117 	EXP 	New trial (rep=0, index=8): OrderedDict([('firstTime', 0.9), ('secondTime', 1.8), ('corrAns', 'right'), ('plusStart', 1.4), ('secondStart', 2.4), ('respStart', 4.2), ('randNum', 0.39760777399999997)])
623.3252 	EXP 	firstcircle_3: autoDraw = False
623.3252 	EXP 	text_3: autoDraw = False
623.3252 	EXP 	secondcircle: autoDraw = False
623.3252 	EXP 	text_4: autoDraw = False
623.3252 	EXP 	text_4: autoDraw = True
623.8252 	EXP 	text_4: autoDraw = False
623.8419 	EXP 	firstcircle_3: autoDraw = True
624.7252 	EXP 	firstcircle_3: autoDraw = False
624.7419 	EXP 	text_3: autoDraw = True
625.7252 	EXP 	text_3: autoDraw = False
625.7418 	EXP 	secondcircle: autoDraw = True
627.5251 	EXP 	secondcircle: autoDraw = False
628.2771 	DATA 	Keypress: right
628.2782 	EXP 	New trial (rep=0, index=9): OrderedDict([('firstTime', 3.6), ('secondTime', 3.2), ('corrAns', 'left'), ('plusStart', 4.1), ('secondStart', 5.1), ('respStart', 8.3), ('randNum', 0.454525661)])
628.2919 	EXP 	firstcircle_3: autoDraw = False
628.2919 	EXP 	text_3: autoDraw = False
628.2919 	EXP 	secondcircle: autoDraw = False
628.2919 	EXP 	text_4: autoDraw = False
628.2919 	EXP 	text_4: autoDraw = True
628.7918 	EXP 	text_4: autoDraw = False
628.8085 	EXP 	firstcircle_3: autoDraw = True
632.3917 	EXP 	firstcircle_3: autoDraw = False
632.4084 	EXP 	text_3: autoDraw = True
633.3917 	EXP 	text_3: autoDraw = False
633.4084 	EXP 	secondcircle: autoDraw = True
636.5917 	EXP 	secondcircle: autoDraw = False
637.4103 	DATA 	Keypress: left
637.4115 	EXP 	New trial (rep=0, index=10): OrderedDict([('firstTime', 9.9), ('secondTime', 8.8), ('corrAns', 'left'), ('plusStart', 10.4), ('secondStart', 11.4), ('respStart', 20.2), ('randNum', 0.335173919)])
637.4250 	EXP 	firstcircle_3: autoDraw = False
637.4250 	EXP 	text_3: autoDraw = False
637.4250 	EXP 	secondcircle: autoDraw = False
637.4250 	EXP 	text_4: autoDraw = False
637.4250 	EXP 	text_4: autoDraw = True
637.9250 	EXP 	text_4: autoDraw = False
637.9417 	EXP 	firstcircle_3: autoDraw = True
647.8249 	EXP 	firstcircle_3: autoDraw = False
647.8415 	EXP 	text_3: autoDraw = True
648.8249 	EXP 	text_3: autoDraw = False
648.8416 	EXP 	secondcircle: autoDraw = True
657.6248 	EXP 	secondcircle: autoDraw = False
658.0433 	DATA 	Keypress: right
658.0445 	EXP 	New trial (rep=0, index=11): OrderedDict([('firstTime', 1.8), ('secondTime', 1.2), ('corrAns', 'left'), ('plusStart', 2.3), ('secondStart', 3.3), ('respStart', 4.5), ('randNum', 0.050156068)])
658.0581 	EXP 	firstcircle_3: autoDraw = False
658.0581 	EXP 	text_3: autoDraw = False
658.0581 	EXP 	secondcircle: autoDraw = False
658.0581 	EXP 	text_4: autoDraw = False
658.0581 	EXP 	text_4: autoDraw = True
658.5581 	EXP 	text_4: autoDraw = False
658.5747 	EXP 	firstcircle_3: autoDraw = True
660.3580 	EXP 	firstcircle_3: autoDraw = False
660.3747 	EXP 	text_3: autoDraw = True
661.3580 	EXP 	text_3: autoDraw = False
661.3747 	EXP 	secondcircle: autoDraw = True
662.5580 	EXP 	secondcircle: autoDraw = False
663.4266 	DATA 	Keypress: left
663.4277 	EXP 	New trial (rep=0, index=12): OrderedDict([('firstTime', 2.1), ('secondTime', 3.5), ('corrAns', 'right'), ('plusStart', 2.6), ('secondStart', 3.6), ('respStart', 7.1), ('randNum', 0.553210354)])
663.4413 	EXP 	firstcircle_3: autoDraw = False
663.4413 	EXP 	text_3: autoDraw = False
663.4413 	EXP 	secondcircle: autoDraw = False
663.4413 	EXP 	text_4: autoDraw = False
663.4413 	EXP 	text_4: autoDraw = True
663.9413 	EXP 	text_4: autoDraw = False
663.9580 	EXP 	firstcircle_3: autoDraw = True
666.0413 	EXP 	firstcircle_3: autoDraw = False
666.0580 	EXP 	text_3: autoDraw = True
667.0413 	EXP 	text_3: autoDraw = False
667.0579 	EXP 	secondcircle: autoDraw = True
670.5412 	EXP 	secondcircle: autoDraw = False
671.0766 	DATA 	Keypress: right
671.0777 	EXP 	New trial (rep=0, index=13): OrderedDict([('firstTime', 3.2), ('secondTime', 3.6), ('corrAns', 'right'), ('plusStart', 3.7), ('secondStart', 4.7), ('respStart', 8.3), ('randNum', 0.062598668)])
671.0913 	EXP 	firstcircle_3: autoDraw = False
671.0913 	EXP 	text_3: autoDraw = False
671.0913 	EXP 	secondcircle: autoDraw = False
671.0913 	EXP 	text_4: autoDraw = False
671.0913 	EXP 	text_4: autoDraw = True
671.5912 	EXP 	text_4: autoDraw = False
671.6079 	EXP 	firstcircle_3: autoDraw = True
674.7912 	EXP 	firstcircle_3: autoDraw = False
674.8078 	EXP 	text_3: autoDraw = True
675.7911 	EXP 	text_3: autoDraw = False
675.8078 	EXP 	secondcircle: autoDraw = True
679.3912 	EXP 	secondcircle: autoDraw = False
679.8764 	DATA 	Keypress: right
679.8776 	EXP 	New trial (rep=0, index=14): OrderedDict([('firstTime', 1.5), ('secondTime', 2.5), ('corrAns', 'right'), ('plusStart', 2.0), ('secondStart', 3.0), ('respStart', 5.5), ('randNum', 0.851613693)])
679.8912 	EXP 	firstcircle_3: autoDraw = False
679.8912 	EXP 	text_3: autoDraw = False
679.8912 	EXP 	secondcircle: autoDraw = False
679.8912 	EXP 	text_4: autoDraw = False
679.8912 	EXP 	text_4: autoDraw = True
680.3911 	EXP 	text_4: autoDraw = False
680.4078 	EXP 	firstcircle_3: autoDraw = True
681.8911 	EXP 	firstcircle_3: autoDraw = False
681.9077 	EXP 	text_3: autoDraw = True
682.8911 	EXP 	text_3: autoDraw = False
682.9077 	EXP 	secondcircle: autoDraw = True
685.3911 	EXP 	secondcircle: autoDraw = False
686.7432 	DATA 	Keypress: right
686.7444 	EXP 	New trial (rep=0, index=15): OrderedDict([('firstTime', 1.2), ('secondTime', 1.8), ('corrAns', 'right'), ('plusStart', 1.7), ('secondStart', 2.7), ('respStart', 4.5), ('randNum', 0.9561071459999999)])
686.7577 	EXP 	firstcircle_3: autoDraw = False
686.7577 	EXP 	text_3: autoDraw = False
686.7577 	EXP 	secondcircle: autoDraw = False
686.7577 	EXP 	text_4: autoDraw = False
686.7577 	EXP 	text_4: autoDraw = True
687.2577 	EXP 	text_4: autoDraw = False
687.2743 	EXP 	firstcircle_3: autoDraw = True
688.4576 	EXP 	firstcircle_3: autoDraw = False
688.4743 	EXP 	text_3: autoDraw = True
689.4576 	EXP 	text_3: autoDraw = False
689.4743 	EXP 	secondcircle: autoDraw = True
691.2576 	EXP 	secondcircle: autoDraw = False
691.8098 	DATA 	Keypress: right
691.8109 	EXP 	New trial (rep=0, index=16): OrderedDict([('firstTime', 3.3), ('secondTime', 4.4), ('corrAns', 'right'), ('plusStart', 3.8), ('secondStart', 4.8), ('respStart', 9.2), ('randNum', 0.25372748300000003)])
691.8243 	EXP 	firstcircle_3: autoDraw = False
691.8243 	EXP 	text_3: autoDraw = False
691.8243 	EXP 	secondcircle: autoDraw = False
691.8243 	EXP 	text_4: autoDraw = False
691.8243 	EXP 	text_4: autoDraw = True
692.3243 	EXP 	text_4: autoDraw = False
692.3409 	EXP 	firstcircle_3: autoDraw = True
695.6242 	EXP 	firstcircle_3: autoDraw = False
695.6409 	EXP 	text_3: autoDraw = True
696.6242 	EXP 	text_3: autoDraw = False
696.6409 	EXP 	secondcircle: autoDraw = True
701.0241 	EXP 	secondcircle: autoDraw = False
701.4595 	DATA 	Keypress: right
701.4606 	EXP 	New trial (rep=0, index=17): OrderedDict([('firstTime', 1.8), ('secondTime', 0.9), ('corrAns', 'left'), ('plusStart', 2.3), ('secondStart', 3.3), ('respStart', 4.2), ('randNum', 0.328250033)])
701.4741 	EXP 	firstcircle_3: autoDraw = False
701.4741 	EXP 	text_3: autoDraw = False
701.4741 	EXP 	secondcircle: autoDraw = False
701.4741 	EXP 	text_4: autoDraw = False
701.4741 	EXP 	text_4: autoDraw = True
701.9741 	EXP 	text_4: autoDraw = False
701.9908 	EXP 	firstcircle_3: autoDraw = True
703.7741 	EXP 	firstcircle_3: autoDraw = False
703.7908 	EXP 	text_3: autoDraw = True
704.7741 	EXP 	text_3: autoDraw = False
704.7908 	EXP 	secondcircle: autoDraw = True
705.6741 	EXP 	secondcircle: autoDraw = False
706.4100 	DATA 	Keypress: left
706.4255 	EXP 	New trial (rep=0, index=18): OrderedDict([('firstTime', 1.4), ('secondTime', 0.7), ('corrAns', 'left'), ('plusStart', 1.9), ('secondStart', 2.9), ('respStart', 3.6), ('randNum', 0.26139814899999997)])
706.4407 	EXP 	firstcircle_3: autoDraw = False
706.4407 	EXP 	text_3: autoDraw = False
706.4407 	EXP 	secondcircle: autoDraw = False
706.4407 	EXP 	text_4: autoDraw = False
706.4407 	EXP 	text_4: autoDraw = True
706.9407 	EXP 	text_4: autoDraw = False
706.9574 	EXP 	firstcircle_3: autoDraw = True
708.3407 	EXP 	firstcircle_3: autoDraw = False
708.3574 	EXP 	text_3: autoDraw = True
709.3407 	EXP 	text_3: autoDraw = False
709.3574 	EXP 	secondcircle: autoDraw = True
710.0407 	EXP 	secondcircle: autoDraw = False
710.9093 	DATA 	Keypress: left
710.9104 	EXP 	New trial (rep=0, index=19): OrderedDict([('firstTime', 0.7), ('secondTime', 1.4), ('corrAns', 'right'), ('plusStart', 1.2), ('secondStart', 2.2), ('respStart', 3.6), ('randNum', 0.515481866)])
710.9240 	EXP 	firstcircle_3: autoDraw = False
710.9240 	EXP 	text_3: autoDraw = False
710.9240 	EXP 	secondcircle: autoDraw = False
710.9240 	EXP 	text_4: autoDraw = False
710.9240 	EXP 	text_4: autoDraw = True
711.4240 	EXP 	text_4: autoDraw = False
711.4407 	EXP 	firstcircle_3: autoDraw = True
712.1240 	EXP 	firstcircle_3: autoDraw = False
712.1407 	EXP 	text_3: autoDraw = True
713.1240 	EXP 	text_3: autoDraw = False
713.1406 	EXP 	secondcircle: autoDraw = True
714.5240 	EXP 	secondcircle: autoDraw = False
714.8759 	DATA 	Keypress: right
714.8907 	EXP 	firstcircle_3: autoDraw = False
714.8907 	EXP 	text_3: autoDraw = False
714.8907 	EXP 	secondcircle: autoDraw = False
714.8907 	EXP 	text_4: autoDraw = False
714.8907 	EXP 	text_2: autoDraw = True
718.1556 	EXP 	window1: mouseVisible = True
