1.0714 	WARNING 	sounddevice audio lib was requested but not loaded: sounddevice not working
6.2442 	WARNING 	User requested fullscreen with size [1024  768], but screen is actually [1440, 900]. Using actual size
6.8999 	EXP 	Created window1 = Window(allowGUI=False, allowStencil=False, args=UNKNOWN, autoLog=True, bitsMode=UNKNOWN, blendMode='avg', color=array([0., 0., 0.]), colorSpace='rgb', fullscr=<method-wrapper '__getattribute__' of attributeSetter object at 0x11020dda0>, gamma=None, kwargs=UNKNOWN, lms=UNKNOWN, monitor=<psychopy.monitors.calibTools.Monitor object at 0x11355d400>, multiSample=False, name='window1', numSamples=2, pos=[0.0, 0.0], screen=0, size=array([2880, 1800]), stereo=False, units='norm', useFBO=True, useRetina=True, viewOri=0.0, viewPos=None, viewScale=None, waitBlanking=True, winType='pyglet')
6.8999 	EXP 	window1: recordFrameIntervals = False
7.0656 	EXP 	window1: recordFrameIntervals = True
7.2493 	EXP 	window1: recordFrameIntervals = False
7.3714 	EXP 	Created insRound1 = TextStim(__class__=<class 'psychopy.visual.text.TextStim'>, alignHoriz='center', alignVert='center', antialias=True, autoLog=True, bold=False, color='white', colorSpace='named', contrast=1.0, depth=0.0, flipHoriz=False, flipVert=False, font='Arial', fontFiles=[], height=0.07, italic=False, languageStyle='LTR', name='insRound1', opacity=1.0, ori=0, pos=array([0., 0.]), rgb=array([255., 255., 255.]), text=str(...), units='norm', win=Window(...), wrapWidth=1)
7.3812 	EXP 	Created text = TextStim(__class__=<class 'psychopy.visual.text.TextStim'>, alignHoriz='center', alignVert='center', antialias=True, autoLog=True, bold=False, color='white', colorSpace='named', contrast=1.0, depth=0.0, flipHoriz=False, flipVert=False, font='Arial', fontFiles=[], height=0.1, italic=False, languageStyle='LTR', name='text', opacity=1.0, ori=0, pos=array([0., 0.]), rgb=array([255., 255., 255.]), text='Block 1 starts\n\nPress space', units='norm', win=Window(...), wrapWidth=1)
7.3945 	EXP 	Created firstcircle_3 = Polygon(__class__=<class 'psychopy.visual.polygon.Polygon'>, autoDraw=False, autoLog=True, closeShape=True, color=method-wrapper(...), colorSpace=None, contrast=1.0, depth=0.0, fillColor=array([1., 1., 1.]), fillColorSpace='rgb', fillRGB=array([1., 1., 1.]), interpolate=True, lineColor=array([1., 1., 1.]), lineColorSpace='rgb', lineRGB=array([1., 1., 1.]), lineWidth=1, name='firstcircle_3', opacity=1.0, ori=array(0.), pos=array([0., 0.]), size=array([0.3, 0.5]), units='norm', vertices=ndarray(...), win=Window(...))
7.3986 	EXP 	Created text_3 = TextStim(__class__=<class 'psychopy.visual.text.TextStim'>, alignHoriz='center', alignVert='center', antialias=True, autoLog=True, bold=False, color='white', colorSpace='named', contrast=1.0, depth=-2.0, flipHoriz=False, flipVert=False, font='Arial', fontFiles=[], height=0.1, italic=False, languageStyle='LTR', name='text_3', opacity=1.0, ori=0, pos=array([0., 0.]), rgb=array([255., 255., 255.]), text='+', units='norm', win=Window(...), wrapWidth=1)
7.4022 	EXP 	Created secondcircle = Polygon(__class__=<class 'psychopy.visual.polygon.Polygon'>, autoDraw=False, autoLog=True, closeShape=True, color=method-wrapper(...), colorSpace=None, contrast=1.0, depth=-3.0, fillColor=array([-1., -1., -1.]), fillColorSpace='rgb', fillRGB=array([-1., -1., -1.]), interpolate=True, lineColor=array([-1., -1., -1.]), lineColorSpace='rgb', lineRGB=array([-1., -1., -1.]), lineWidth=1, name='secondcircle', opacity=1.0, ori=array(0.), pos=array([0., 0.]), size=array([0.3, 0.5]), units='norm', vertices=ndarray(...), win=Window(...))
7.4064 	EXP 	Created text_4 = TextStim(__class__=<class 'psychopy.visual.text.TextStim'>, alignHoriz='center', alignVert='center', antialias=True, autoLog=True, bold=False, color='white', colorSpace='named', contrast=1.0, depth=-4.0, flipHoriz=False, flipVert=False, font='Arial', fontFiles=[], height=0.1, italic=False, languageStyle='LTR', name='text_4', opacity=1.0, ori=0, pos=array([0., 0.]), rgb=array([255., 255., 255.]), text='next', units='norm', win=Window(...), wrapWidth=1)
7.4132 	EXP 	Created text_5 = TextStim(__class__=<class 'psychopy.visual.text.TextStim'>, alignHoriz='center', alignVert='center', antialias=True, autoLog=True, bold=False, color='white', colorSpace='named', contrast=1.0, depth=0.0, flipHoriz=False, flipVert=False, font='Arial', fontFiles=[], height=0.1, italic=False, languageStyle='LTR', name='text_5', opacity=1.0, ori=0, pos=array([0., 0.]), rgb=array([255., 255., 255.]), text='Block 2 starts\n\nPress space', units='norm', win=Window(...), wrapWidth=1)
7.4157 	EXP 	Created firstcircle_3 = Polygon(__class__=<class 'psychopy.visual.polygon.Polygon'>, autoDraw=False, autoLog=True, closeShape=True, color=method-wrapper(...), colorSpace=None, contrast=1.0, depth=0.0, fillColor=array([1., 1., 1.]), fillColorSpace='rgb', fillRGB=array([1., 1., 1.]), interpolate=True, lineColor=array([1., 1., 1.]), lineColorSpace='rgb', lineRGB=array([1., 1., 1.]), lineWidth=1, name='firstcircle_3', opacity=1.0, ori=array(0.), pos=array([0., 0.]), size=array([0.3, 0.5]), units='norm', vertices=ndarray(...), win=Window(...))
7.4177 	EXP 	Created text_3 = TextStim(__class__=<class 'psychopy.visual.text.TextStim'>, alignHoriz='center', alignVert='center', antialias=True, autoLog=True, bold=False, color='white', colorSpace='named', contrast=1.0, depth=-2.0, flipHoriz=False, flipVert=False, font='Arial', fontFiles=[], height=0.1, italic=False, languageStyle='LTR', name='text_3', opacity=1.0, ori=0, pos=array([0., 0.]), rgb=array([255., 255., 255.]), text='+', units='norm', win=Window(...), wrapWidth=1)
7.4202 	EXP 	Created secondcircle = Polygon(__class__=<class 'psychopy.visual.polygon.Polygon'>, autoDraw=False, autoLog=True, closeShape=True, color=method-wrapper(...), colorSpace=None, contrast=1.0, depth=-3.0, fillColor=array([-1., -1., -1.]), fillColorSpace='rgb', fillRGB=array([-1., -1., -1.]), interpolate=True, lineColor=array([-1., -1., -1.]), lineColorSpace='rgb', lineRGB=array([-1., -1., -1.]), lineWidth=1, name='secondcircle', opacity=1.0, ori=array(0.), pos=array([0., 0.]), size=array([0.3, 0.5]), units='norm', vertices=ndarray(...), win=Window(...))
7.4223 	EXP 	Created text_4 = TextStim(__class__=<class 'psychopy.visual.text.TextStim'>, alignHoriz='center', alignVert='center', antialias=True, autoLog=True, bold=False, color='white', colorSpace='named', contrast=1.0, depth=-4.0, flipHoriz=False, flipVert=False, font='Arial', fontFiles=[], height=0.1, italic=False, languageStyle='LTR', name='text_4', opacity=1.0, ori=0, pos=array([0., 0.]), rgb=array([255., 255., 255.]), text='next', units='norm', win=Window(...), wrapWidth=1)
7.4281 	EXP 	Created text_6 = TextStim(__class__=<class 'psychopy.visual.text.TextStim'>, alignHoriz='center', alignVert='center', antialias=True, autoLog=True, bold=False, color='white', colorSpace='named', contrast=1.0, depth=0.0, flipHoriz=False, flipVert=False, font='Arial', fontFiles=[], height=0.1, italic=False, languageStyle='LTR', name='text_6', opacity=1.0, ori=0, pos=array([0., 0.]), rgb=array([255., 255., 255.]), text='Block 3 starts\n\nPress space', units='norm', win=Window(...), wrapWidth=1)
7.4306 	EXP 	Created firstcircle_3 = Polygon(__class__=<class 'psychopy.visual.polygon.Polygon'>, autoDraw=False, autoLog=True, closeShape=True, color=method-wrapper(...), colorSpace=None, contrast=1.0, depth=0.0, fillColor=array([1., 1., 1.]), fillColorSpace='rgb', fillRGB=array([1., 1., 1.]), interpolate=True, lineColor=array([1., 1., 1.]), lineColorSpace='rgb', lineRGB=array([1., 1., 1.]), lineWidth=1, name='firstcircle_3', opacity=1.0, ori=array(0.), pos=array([0., 0.]), size=array([0.3, 0.5]), units='norm', vertices=ndarray(...), win=Window(...))
7.4325 	EXP 	Created text_3 = TextStim(__class__=<class 'psychopy.visual.text.TextStim'>, alignHoriz='center', alignVert='center', antialias=True, autoLog=True, bold=False, color='white', colorSpace='named', contrast=1.0, depth=-2.0, flipHoriz=False, flipVert=False, font='Arial', fontFiles=[], height=0.1, italic=False, languageStyle='LTR', name='text_3', opacity=1.0, ori=0, pos=array([0., 0.]), rgb=array([255., 255., 255.]), text='+', units='norm', win=Window(...), wrapWidth=1)
7.4351 	EXP 	Created secondcircle = Polygon(__class__=<class 'psychopy.visual.polygon.Polygon'>, autoDraw=False, autoLog=True, closeShape=True, color=method-wrapper(...), colorSpace=None, contrast=1.0, depth=-3.0, fillColor=array([-1., -1., -1.]), fillColorSpace='rgb', fillRGB=array([-1., -1., -1.]), interpolate=True, lineColor=array([-1., -1., -1.]), lineColorSpace='rgb', lineRGB=array([-1., -1., -1.]), lineWidth=1, name='secondcircle', opacity=1.0, ori=array(0.), pos=array([0., 0.]), size=array([0.3, 0.5]), units='norm', vertices=ndarray(...), win=Window(...))
7.4374 	EXP 	Created text_4 = TextStim(__class__=<class 'psychopy.visual.text.TextStim'>, alignHoriz='center', alignVert='center', antialias=True, autoLog=True, bold=False, color='white', colorSpace='named', contrast=1.0, depth=-4.0, flipHoriz=False, flipVert=False, font='Arial', fontFiles=[], height=0.1, italic=False, languageStyle='LTR', name='text_4', opacity=1.0, ori=0, pos=array([0., 0.]), rgb=array([255., 255., 255.]), text='next', units='norm', win=Window(...), wrapWidth=1)
7.4431 	EXP 	Created text_7 = TextStim(__class__=<class 'psychopy.visual.text.TextStim'>, alignHoriz='center', alignVert='center', antialias=True, autoLog=True, bold=False, color='white', colorSpace='named', contrast=1.0, depth=0.0, flipHoriz=False, flipVert=False, font='Arial', fontFiles=[], height=0.1, italic=False, languageStyle='LTR', name='text_7', opacity=1.0, ori=0, pos=array([0., 0.]), rgb=array([255., 255., 255.]), text='Block 4 starts\n\nPress space', units='norm', win=Window(...), wrapWidth=1)
7.4457 	EXP 	Created firstcircle_3 = Polygon(__class__=<class 'psychopy.visual.polygon.Polygon'>, autoDraw=False, autoLog=True, closeShape=True, color=method-wrapper(...), colorSpace=None, contrast=1.0, depth=0.0, fillColor=array([1., 1., 1.]), fillColorSpace='rgb', fillRGB=array([1., 1., 1.]), interpolate=True, lineColor=array([1., 1., 1.]), lineColorSpace='rgb', lineRGB=array([1., 1., 1.]), lineWidth=1, name='firstcircle_3', opacity=1.0, ori=array(0.), pos=array([0., 0.]), size=array([0.3, 0.5]), units='norm', vertices=ndarray(...), win=Window(...))
7.4477 	EXP 	Created text_3 = TextStim(__class__=<class 'psychopy.visual.text.TextStim'>, alignHoriz='center', alignVert='center', antialias=True, autoLog=True, bold=False, color='white', colorSpace='named', contrast=1.0, depth=-2.0, flipHoriz=False, flipVert=False, font='Arial', fontFiles=[], height=0.1, italic=False, languageStyle='LTR', name='text_3', opacity=1.0, ori=0, pos=array([0., 0.]), rgb=array([255., 255., 255.]), text='+', units='norm', win=Window(...), wrapWidth=1)
7.4501 	EXP 	Created secondcircle = Polygon(__class__=<class 'psychopy.visual.polygon.Polygon'>, autoDraw=False, autoLog=True, closeShape=True, color=method-wrapper(...), colorSpace=None, contrast=1.0, depth=-3.0, fillColor=array([-1., -1., -1.]), fillColorSpace='rgb', fillRGB=array([-1., -1., -1.]), interpolate=True, lineColor=array([-1., -1., -1.]), lineColorSpace='rgb', lineRGB=array([-1., -1., -1.]), lineWidth=1, name='secondcircle', opacity=1.0, ori=array(0.), pos=array([0., 0.]), size=array([0.3, 0.5]), units='norm', vertices=ndarray(...), win=Window(...))
7.4523 	EXP 	Created text_4 = TextStim(__class__=<class 'psychopy.visual.text.TextStim'>, alignHoriz='center', alignVert='center', antialias=True, autoLog=True, bold=False, color='white', colorSpace='named', contrast=1.0, depth=-4.0, flipHoriz=False, flipVert=False, font='Arial', fontFiles=[], height=0.1, italic=False, languageStyle='LTR', name='text_4', opacity=1.0, ori=0, pos=array([0., 0.]), rgb=array([255., 255., 255.]), text='next', units='norm', win=Window(...), wrapWidth=1)
7.4563 	EXP 	Created text_2 = TextStim(__class__=<class 'psychopy.visual.text.TextStim'>, alignHoriz='center', alignVert='center', antialias=True, autoLog=True, bold=False, color='white', colorSpace='named', contrast=1.0, depth=0.0, flipHoriz=False, flipVert=False, font='Arial', fontFiles=[], height=0.1, italic=False, languageStyle='LTR', name='text_2', opacity=1.0, ori=0, pos=array([0., 0.]), rgb=array([255., 255., 255.]), text='The end', units='norm', win=Window(...), wrapWidth=1)
7.4656 	EXP 	insRound1: autoDraw = True
34.4693 	DATA 	Keypress: space
34.4819 	EXP 	insRound1: autoDraw = False
34.4819 	EXP 	text: autoDraw = True
36.5175 	DATA 	Keypress: space
36.5262 	EXP 	Imported conditionsTime.csv as conditions, 20 conditions, 7 params
36.5265 	EXP 	Created sequence: sequential, trialTypes=20, nReps=1, seed=None
36.5269 	EXP 	New trial (rep=0, index=0): OrderedDict([('firstTime', 1.8), ('secondTime', 1.2), ('corrAns', 'left'), ('plusStart', 2.3), ('secondStart', 3.3), ('respStart', 4.5), ('randNum', 0.17368025899999998)])
36.5319 	EXP 	text: autoDraw = False
36.5319 	EXP 	text_4: autoDraw = True
37.0318 	EXP 	text_4: autoDraw = False
37.0485 	EXP 	firstcircle_3: autoDraw = True
38.8318 	EXP 	firstcircle_3: autoDraw = False
38.8485 	EXP 	text_3: autoDraw = True
39.8318 	EXP 	text_3: autoDraw = False
39.8485 	EXP 	secondcircle: autoDraw = True
41.0318 	EXP 	secondcircle: autoDraw = False
43.5175 	DATA 	Keypress: left
43.5191 	EXP 	New trial (rep=0, index=1): OrderedDict([('firstTime', 3.6), ('secondTime', 3.2), ('corrAns', 'left'), ('plusStart', 4.1), ('secondStart', 5.1), ('respStart', 8.3), ('randNum', 0.41458448299999995)])
43.5317 	EXP 	firstcircle_3: autoDraw = False
43.5317 	EXP 	text_3: autoDraw = False
43.5317 	EXP 	secondcircle: autoDraw = False
43.5317 	EXP 	text_4: autoDraw = False
43.5317 	EXP 	text_4: autoDraw = True
44.0317 	EXP 	text_4: autoDraw = False
44.0484 	EXP 	firstcircle_3: autoDraw = True
47.6317 	EXP 	firstcircle_3: autoDraw = False
47.6483 	EXP 	text_3: autoDraw = True
48.6317 	EXP 	text_3: autoDraw = False
48.6484 	EXP 	secondcircle: autoDraw = True
51.8316 	EXP 	secondcircle: autoDraw = False
52.6664 	DATA 	Keypress: right
52.6675 	EXP 	New trial (rep=0, index=2): OrderedDict([('firstTime', 2.5), ('secondTime', 1.5), ('corrAns', 'left'), ('plusStart', 3.0), ('secondStart', 4.0), ('respStart', 5.5), ('randNum', 0.148607464)])
52.6816 	EXP 	firstcircle_3: autoDraw = False
52.6816 	EXP 	text_3: autoDraw = False
52.6816 	EXP 	secondcircle: autoDraw = False
52.6816 	EXP 	text_4: autoDraw = False
52.6816 	EXP 	text_4: autoDraw = True
53.1816 	EXP 	text_4: autoDraw = False
53.1983 	EXP 	firstcircle_3: autoDraw = True
55.6816 	EXP 	firstcircle_3: autoDraw = False
55.6982 	EXP 	text_3: autoDraw = True
56.6816 	EXP 	text_3: autoDraw = False
56.6982 	EXP 	secondcircle: autoDraw = True
58.1815 	EXP 	secondcircle: autoDraw = False
59.0168 	DATA 	Keypress: left
59.0182 	EXP 	New trial (rep=0, index=3): OrderedDict([('firstTime', 1.8), ('secondTime', 2.7), ('corrAns', 'right'), ('plusStart', 2.3), ('secondStart', 3.3), ('respStart', 6.0), ('randNum', 0.13554984)])
59.0316 	EXP 	firstcircle_3: autoDraw = False
59.0316 	EXP 	text_3: autoDraw = False
59.0316 	EXP 	secondcircle: autoDraw = False
59.0316 	EXP 	text_4: autoDraw = False
59.0316 	EXP 	text_4: autoDraw = True
59.5315 	EXP 	text_4: autoDraw = False
59.5482 	EXP 	firstcircle_3: autoDraw = True
61.3315 	EXP 	firstcircle_3: autoDraw = False
61.3482 	EXP 	text_3: autoDraw = True
62.3315 	EXP 	text_3: autoDraw = False
62.3481 	EXP 	secondcircle: autoDraw = True
65.0314 	EXP 	secondcircle: autoDraw = False
66.4668 	DATA 	Keypress: right
66.4682 	EXP 	New trial (rep=0, index=4): OrderedDict([('firstTime', 1.2), ('secondTime', 1.8), ('corrAns', 'right'), ('plusStart', 1.7), ('secondStart', 2.7), ('respStart', 4.5), ('randNum', 0.309174352)])
66.4814 	EXP 	firstcircle_3: autoDraw = False
66.4814 	EXP 	text_3: autoDraw = False
66.4814 	EXP 	secondcircle: autoDraw = False
66.4814 	EXP 	text_4: autoDraw = False
66.4814 	EXP 	text_4: autoDraw = True
66.9814 	EXP 	text_4: autoDraw = False
66.9981 	EXP 	firstcircle_3: autoDraw = True
68.1814 	EXP 	firstcircle_3: autoDraw = False
68.1981 	EXP 	text_3: autoDraw = True
69.1814 	EXP 	text_3: autoDraw = False
69.1981 	EXP 	secondcircle: autoDraw = True
70.9814 	EXP 	secondcircle: autoDraw = False
71.6500 	DATA 	Keypress: right
71.6514 	EXP 	New trial (rep=0, index=5): OrderedDict([('firstTime', 8.8), ('secondTime', 9.9), ('corrAns', 'right'), ('plusStart', 9.3), ('secondStart', 10.3), ('respStart', 20.2), ('randNum', 0.7009299529999999)])
71.6647 	EXP 	firstcircle_3: autoDraw = False
71.6647 	EXP 	text_3: autoDraw = False
71.6647 	EXP 	secondcircle: autoDraw = False
71.6647 	EXP 	text_4: autoDraw = False
71.6647 	EXP 	text_4: autoDraw = True
72.1647 	EXP 	text_4: autoDraw = False
72.1813 	EXP 	firstcircle_3: autoDraw = True
80.9646 	EXP 	firstcircle_3: autoDraw = False
80.9812 	EXP 	text_3: autoDraw = True
81.9646 	EXP 	text_3: autoDraw = False
81.9812 	EXP 	secondcircle: autoDraw = True
91.8644 	EXP 	secondcircle: autoDraw = False
92.5995 	DATA 	Keypress: right
92.6008 	EXP 	New trial (rep=0, index=6): OrderedDict([('firstTime', 3.3), ('secondTime', 4.4), ('corrAns', 'right'), ('plusStart', 3.8), ('secondStart', 4.8), ('respStart', 9.2), ('randNum', 0.705723743)])
92.6145 	EXP 	firstcircle_3: autoDraw = False
92.6145 	EXP 	text_3: autoDraw = False
92.6145 	EXP 	secondcircle: autoDraw = False
92.6145 	EXP 	text_4: autoDraw = False
92.6145 	EXP 	text_4: autoDraw = True
93.1144 	EXP 	text_4: autoDraw = False
93.1311 	EXP 	firstcircle_3: autoDraw = True
96.4144 	EXP 	firstcircle_3: autoDraw = False
96.4310 	EXP 	text_3: autoDraw = True
97.4143 	EXP 	text_3: autoDraw = False
97.4310 	EXP 	secondcircle: autoDraw = True
101.8143 	EXP 	secondcircle: autoDraw = False
102.8829 	DATA 	Keypress: right
102.8842 	EXP 	New trial (rep=0, index=7): OrderedDict([('firstTime', 3.5), ('secondTime', 2.1), ('corrAns', 'left'), ('plusStart', 4.0), ('secondStart', 5.0), ('respStart', 7.1), ('randNum', 0.544523215)])
102.8976 	EXP 	firstcircle_3: autoDraw = False
102.8976 	EXP 	text_3: autoDraw = False
102.8976 	EXP 	secondcircle: autoDraw = False
102.8976 	EXP 	text_4: autoDraw = False
102.8976 	EXP 	text_4: autoDraw = True
103.3976 	EXP 	text_4: autoDraw = False
103.4143 	EXP 	firstcircle_3: autoDraw = True
106.8976 	EXP 	firstcircle_3: autoDraw = False
106.9143 	EXP 	text_3: autoDraw = True
107.8975 	EXP 	text_3: autoDraw = False
107.9142 	EXP 	secondcircle: autoDraw = True
109.9975 	EXP 	secondcircle: autoDraw = False
111.3328 	DATA 	Keypress: left
111.3342 	EXP 	New trial (rep=0, index=8): OrderedDict([('firstTime', 1.4), ('secondTime', 0.7), ('corrAns', 'left'), ('plusStart', 1.9), ('secondStart', 2.9), ('respStart', 3.6), ('randNum', 0.53553232)])
111.3475 	EXP 	firstcircle_3: autoDraw = False
111.3475 	EXP 	text_3: autoDraw = False
111.3475 	EXP 	secondcircle: autoDraw = False
111.3475 	EXP 	text_4: autoDraw = False
111.3475 	EXP 	text_4: autoDraw = True
111.8475 	EXP 	text_4: autoDraw = False
111.8641 	EXP 	firstcircle_3: autoDraw = True
113.2475 	EXP 	firstcircle_3: autoDraw = False
113.2641 	EXP 	text_3: autoDraw = True
114.2474 	EXP 	text_3: autoDraw = False
114.2642 	EXP 	secondcircle: autoDraw = True
114.9474 	EXP 	secondcircle: autoDraw = False
116.0326 	DATA 	Keypress: left
116.0340 	EXP 	New trial (rep=0, index=9): OrderedDict([('firstTime', 4.4), ('secondTime', 3.3), ('corrAns', 'left'), ('plusStart', 4.9), ('secondStart', 5.9), ('respStart', 9.2), ('randNum', 0.255641654)])
116.0474 	EXP 	firstcircle_3: autoDraw = False
116.0474 	EXP 	text_3: autoDraw = False
116.0474 	EXP 	secondcircle: autoDraw = False
116.0474 	EXP 	text_4: autoDraw = False
116.0474 	EXP 	text_4: autoDraw = True
116.5474 	EXP 	text_4: autoDraw = False
116.5641 	EXP 	firstcircle_3: autoDraw = True
120.9474 	EXP 	firstcircle_3: autoDraw = False
120.9640 	EXP 	text_3: autoDraw = True
121.9473 	EXP 	text_3: autoDraw = False
121.9640 	EXP 	secondcircle: autoDraw = True
125.2473 	EXP 	secondcircle: autoDraw = False
126.2993 	DATA 	Keypress: left
126.3006 	EXP 	New trial (rep=0, index=10): OrderedDict([('firstTime', 3.2), ('secondTime', 3.6), ('corrAns', 'right'), ('plusStart', 3.7), ('secondStart', 4.7), ('respStart', 8.3), ('randNum', 0.140100939)])
126.3140 	EXP 	firstcircle_3: autoDraw = False
126.3140 	EXP 	text_3: autoDraw = False
126.3140 	EXP 	secondcircle: autoDraw = False
126.3140 	EXP 	text_4: autoDraw = False
126.3140 	EXP 	text_4: autoDraw = True
126.8140 	EXP 	text_4: autoDraw = False
126.8306 	EXP 	firstcircle_3: autoDraw = True
130.0139 	EXP 	firstcircle_3: autoDraw = False
130.0306 	EXP 	text_3: autoDraw = True
131.0139 	EXP 	text_3: autoDraw = False
131.0306 	EXP 	secondcircle: autoDraw = True
134.6138 	EXP 	secondcircle: autoDraw = False
134.9168 	DATA 	Keypress: right
134.9321 	EXP 	New trial (rep=0, index=11): OrderedDict([('firstTime', 2.8), ('secondTime', 2.1), ('corrAns', 'left'), ('plusStart', 3.3), ('secondStart', 4.3), ('respStart', 6.4), ('randNum', 0.019093293)])
134.9473 	EXP 	firstcircle_3: autoDraw = False
134.9473 	EXP 	text_3: autoDraw = False
134.9473 	EXP 	secondcircle: autoDraw = False
134.9473 	EXP 	text_4: autoDraw = False
134.9473 	EXP 	text_4: autoDraw = True
135.4472 	EXP 	text_4: autoDraw = False
135.4638 	EXP 	firstcircle_3: autoDraw = True
138.2471 	EXP 	firstcircle_3: autoDraw = False
138.2638 	EXP 	text_3: autoDraw = True
139.2471 	EXP 	text_3: autoDraw = False
139.2638 	EXP 	secondcircle: autoDraw = True
141.3471 	EXP 	secondcircle: autoDraw = False
142.1670 	DATA 	Keypress: left
142.1820 	EXP 	New trial (rep=0, index=12): OrderedDict([('firstTime', 0.9), ('secondTime', 1.8), ('corrAns', 'right'), ('plusStart', 1.4), ('secondStart', 2.4), ('respStart', 4.2), ('randNum', 0.461070472)])
142.1971 	EXP 	firstcircle_3: autoDraw = False
142.1971 	EXP 	text_3: autoDraw = False
142.1971 	EXP 	secondcircle: autoDraw = False
142.1971 	EXP 	text_4: autoDraw = False
142.1971 	EXP 	text_4: autoDraw = True
142.6971 	EXP 	text_4: autoDraw = False
142.7137 	EXP 	firstcircle_3: autoDraw = True
143.5970 	EXP 	firstcircle_3: autoDraw = False
143.6137 	EXP 	text_3: autoDraw = True
144.5971 	EXP 	text_3: autoDraw = False
144.6137 	EXP 	secondcircle: autoDraw = True
146.3971 	EXP 	secondcircle: autoDraw = False
146.7489 	DATA 	Keypress: right
146.7503 	EXP 	New trial (rep=0, index=13): OrderedDict([('firstTime', 2.1), ('secondTime', 2.8), ('corrAns', 'right'), ('plusStart', 2.6), ('secondStart', 3.6), ('respStart', 6.4), ('randNum', 0.22761601199999998)])
146.7637 	EXP 	firstcircle_3: autoDraw = False
146.7637 	EXP 	text_3: autoDraw = False
146.7637 	EXP 	secondcircle: autoDraw = False
146.7637 	EXP 	text_4: autoDraw = False
146.7637 	EXP 	text_4: autoDraw = True
147.2637 	EXP 	text_4: autoDraw = False
147.2803 	EXP 	firstcircle_3: autoDraw = True
149.3636 	EXP 	firstcircle_3: autoDraw = False
149.3803 	EXP 	text_3: autoDraw = True
150.3636 	EXP 	text_3: autoDraw = False
150.3803 	EXP 	secondcircle: autoDraw = True
153.1636 	EXP 	secondcircle: autoDraw = False
153.5821 	DATA 	Keypress: right
153.5833 	EXP 	New trial (rep=0, index=14): OrderedDict([('firstTime', 0.7), ('secondTime', 1.4), ('corrAns', 'right'), ('plusStart', 1.2), ('secondStart', 2.2), ('respStart', 3.6), ('randNum', 0.436550891)])
153.5970 	EXP 	firstcircle_3: autoDraw = False
153.5970 	EXP 	text_3: autoDraw = False
153.5970 	EXP 	secondcircle: autoDraw = False
153.5970 	EXP 	text_4: autoDraw = False
153.5970 	EXP 	text_4: autoDraw = True
154.0969 	EXP 	text_4: autoDraw = False
154.1136 	EXP 	firstcircle_3: autoDraw = True
154.7969 	EXP 	firstcircle_3: autoDraw = False
154.8136 	EXP 	text_3: autoDraw = True
155.7969 	EXP 	text_3: autoDraw = False
155.8135 	EXP 	secondcircle: autoDraw = True
157.1969 	EXP 	secondcircle: autoDraw = False
158.6156 	DATA 	Keypress: right
158.6170 	EXP 	New trial (rep=0, index=15): OrderedDict([('firstTime', 1.8), ('secondTime', 0.9), ('corrAns', 'left'), ('plusStart', 2.3), ('secondStart', 3.3), ('respStart', 4.2), ('randNum', 0.028891147000000002)])
158.6302 	EXP 	firstcircle_3: autoDraw = False
158.6302 	EXP 	text_3: autoDraw = False
158.6302 	EXP 	secondcircle: autoDraw = False
158.6302 	EXP 	text_4: autoDraw = False
158.6302 	EXP 	text_4: autoDraw = True
159.1302 	EXP 	text_4: autoDraw = False
159.1468 	EXP 	firstcircle_3: autoDraw = True
160.9301 	EXP 	firstcircle_3: autoDraw = False
160.9468 	EXP 	text_3: autoDraw = True
161.9301 	EXP 	text_3: autoDraw = False
161.9468 	EXP 	secondcircle: autoDraw = True
162.8302 	EXP 	secondcircle: autoDraw = False
163.6655 	DATA 	Keypress: left
163.6668 	EXP 	New trial (rep=0, index=16): OrderedDict([('firstTime', 2.7), ('secondTime', 1.8), ('corrAns', 'left'), ('plusStart', 3.2), ('secondStart', 4.2), ('respStart', 6.0), ('randNum', 0.277400549)])
163.6801 	EXP 	firstcircle_3: autoDraw = False
163.6801 	EXP 	text_3: autoDraw = False
163.6801 	EXP 	secondcircle: autoDraw = False
163.6801 	EXP 	text_4: autoDraw = False
163.6801 	EXP 	text_4: autoDraw = True
164.1801 	EXP 	text_4: autoDraw = False
164.1968 	EXP 	firstcircle_3: autoDraw = True
166.8801 	EXP 	firstcircle_3: autoDraw = False
166.8967 	EXP 	text_3: autoDraw = True
167.8801 	EXP 	text_3: autoDraw = False
167.8967 	EXP 	secondcircle: autoDraw = True
169.6800 	EXP 	secondcircle: autoDraw = False
171.0486 	DATA 	Keypress: left
171.0499 	EXP 	New trial (rep=0, index=17): OrderedDict([('firstTime', 9.9), ('secondTime', 8.8), ('corrAns', 'left'), ('plusStart', 10.4), ('secondStart', 11.4), ('respStart', 20.2), ('randNum', 0.9607848720000001)])
171.0634 	EXP 	firstcircle_3: autoDraw = False
171.0634 	EXP 	text_3: autoDraw = False
171.0634 	EXP 	secondcircle: autoDraw = False
171.0634 	EXP 	text_4: autoDraw = False
171.0634 	EXP 	text_4: autoDraw = True
171.5633 	EXP 	text_4: autoDraw = False
171.5800 	EXP 	firstcircle_3: autoDraw = True
181.4632 	EXP 	firstcircle_3: autoDraw = False
181.4799 	EXP 	text_3: autoDraw = True
182.4632 	EXP 	text_3: autoDraw = False
182.4799 	EXP 	secondcircle: autoDraw = True
191.2631 	EXP 	secondcircle: autoDraw = False
191.9150 	DATA 	Keypress: left
191.9165 	EXP 	New trial (rep=0, index=18): OrderedDict([('firstTime', 2.1), ('secondTime', 3.5), ('corrAns', 'right'), ('plusStart', 2.6), ('secondStart', 3.6), ('respStart', 7.1), ('randNum', 0.609327094)])
191.9297 	EXP 	firstcircle_3: autoDraw = False
191.9297 	EXP 	text_3: autoDraw = False
191.9297 	EXP 	secondcircle: autoDraw = False
191.9297 	EXP 	text_4: autoDraw = False
191.9297 	EXP 	text_4: autoDraw = True
192.4297 	EXP 	text_4: autoDraw = False
192.4464 	EXP 	firstcircle_3: autoDraw = True
194.5297 	EXP 	firstcircle_3: autoDraw = False
194.5464 	EXP 	text_3: autoDraw = True
195.5297 	EXP 	text_3: autoDraw = False
195.5464 	EXP 	secondcircle: autoDraw = True
199.0296 	EXP 	secondcircle: autoDraw = False
199.3984 	DATA 	Keypress: right
199.3997 	EXP 	New trial (rep=0, index=19): OrderedDict([('firstTime', 1.5), ('secondTime', 2.5), ('corrAns', 'right'), ('plusStart', 2.0), ('secondStart', 3.0), ('respStart', 5.5), ('randNum', 0.487304505)])
199.4130 	EXP 	firstcircle_3: autoDraw = False
199.4130 	EXP 	text_3: autoDraw = False
199.4130 	EXP 	secondcircle: autoDraw = False
199.4130 	EXP 	text_4: autoDraw = False
199.4130 	EXP 	text_4: autoDraw = True
199.9130 	EXP 	text_4: autoDraw = False
199.9297 	EXP 	firstcircle_3: autoDraw = True
201.4129 	EXP 	firstcircle_3: autoDraw = False
201.4296 	EXP 	text_3: autoDraw = True
202.4129 	EXP 	text_3: autoDraw = False
202.4296 	EXP 	secondcircle: autoDraw = True
204.9129 	EXP 	secondcircle: autoDraw = False
205.6147 	DATA 	Keypress: right
205.6296 	EXP 	firstcircle_3: autoDraw = False
205.6296 	EXP 	text_3: autoDraw = False
205.6296 	EXP 	secondcircle: autoDraw = False
205.6296 	EXP 	text_4: autoDraw = False
205.6296 	EXP 	text_5: autoDraw = True
207.4153 	DATA 	Keypress: space
207.4210 	EXP 	Imported conditionsTime2.csv as conditions, 20 conditions, 7 params
207.4213 	EXP 	Created sequence: sequential, trialTypes=20, nReps=1, seed=None
207.4217 	EXP 	New trial (rep=0, index=0): OrderedDict([('firstTime', 9.9), ('secondTime', 8.8), ('corrAns', 'left'), ('plusStart', 10.4), ('secondStart', 11.4), ('respStart', 20.2), ('randNum', 0.6005130679999999)])
207.4296 	EXP 	text_5: autoDraw = False
207.4296 	EXP 	text_4: autoDraw = True
207.9295 	EXP 	text_4: autoDraw = False
207.9462 	EXP 	firstcircle_3: autoDraw = True
217.8294 	EXP 	firstcircle_3: autoDraw = False
217.8460 	EXP 	text_3: autoDraw = True
218.8294 	EXP 	text_3: autoDraw = False
218.8460 	EXP 	secondcircle: autoDraw = True
227.6292 	EXP 	secondcircle: autoDraw = False
228.4979 	DATA 	Keypress: right
228.4995 	EXP 	New trial (rep=0, index=1): OrderedDict([('firstTime', 1.5), ('secondTime', 2.5), ('corrAns', 'right'), ('plusStart', 2.0), ('secondStart', 3.0), ('respStart', 5.5), ('randNum', 0.805142221)])
228.5126 	EXP 	firstcircle_3: autoDraw = False
228.5126 	EXP 	text_3: autoDraw = False
228.5126 	EXP 	secondcircle: autoDraw = False
228.5126 	EXP 	text_4: autoDraw = False
228.5126 	EXP 	text_4: autoDraw = True
229.0126 	EXP 	text_4: autoDraw = False
229.0292 	EXP 	firstcircle_3: autoDraw = True
230.5126 	EXP 	firstcircle_3: autoDraw = False
230.5292 	EXP 	text_3: autoDraw = True
231.5125 	EXP 	text_3: autoDraw = False
231.5292 	EXP 	secondcircle: autoDraw = True
234.0125 	EXP 	secondcircle: autoDraw = False
234.3812 	DATA 	Keypress: right
234.3826 	EXP 	New trial (rep=0, index=2): OrderedDict([('firstTime', 0.7), ('secondTime', 1.4), ('corrAns', 'right'), ('plusStart', 1.2), ('secondStart', 2.2), ('respStart', 3.6), ('randNum', 0.70587608)])
234.3958 	EXP 	firstcircle_3: autoDraw = False
234.3958 	EXP 	text_3: autoDraw = False
234.3958 	EXP 	secondcircle: autoDraw = False
234.3958 	EXP 	text_4: autoDraw = False
234.3958 	EXP 	text_4: autoDraw = True
234.8958 	EXP 	text_4: autoDraw = False
234.9125 	EXP 	firstcircle_3: autoDraw = True
235.5958 	EXP 	firstcircle_3: autoDraw = False
235.6125 	EXP 	text_3: autoDraw = True
236.5958 	EXP 	text_3: autoDraw = False
236.6125 	EXP 	secondcircle: autoDraw = True
237.9958 	EXP 	secondcircle: autoDraw = False
239.2978 	DATA 	Keypress: right
239.2993 	EXP 	New trial (rep=0, index=3): OrderedDict([('firstTime', 1.2), ('secondTime', 1.8), ('corrAns', 'right'), ('plusStart', 1.7), ('secondStart', 2.7), ('respStart', 4.5), ('randNum', 0.276216099)])
239.3125 	EXP 	firstcircle_3: autoDraw = False
239.3125 	EXP 	text_3: autoDraw = False
239.3125 	EXP 	secondcircle: autoDraw = False
239.3125 	EXP 	text_4: autoDraw = False
239.3125 	EXP 	text_4: autoDraw = True
239.8124 	EXP 	text_4: autoDraw = False
239.8291 	EXP 	firstcircle_3: autoDraw = True
241.0124 	EXP 	firstcircle_3: autoDraw = False
241.0291 	EXP 	text_3: autoDraw = True
242.0124 	EXP 	text_3: autoDraw = False
242.0291 	EXP 	secondcircle: autoDraw = True
243.8124 	EXP 	secondcircle: autoDraw = False
245.7311 	DATA 	Keypress: right
245.7325 	EXP 	New trial (rep=0, index=4): OrderedDict([('firstTime', 3.3), ('secondTime', 4.4), ('corrAns', 'right'), ('plusStart', 3.8), ('secondStart', 4.8), ('respStart', 9.2), ('randNum', 0.803512663)])
245.7457 	EXP 	firstcircle_3: autoDraw = False
245.7457 	EXP 	text_3: autoDraw = False
245.7457 	EXP 	secondcircle: autoDraw = False
245.7457 	EXP 	text_4: autoDraw = False
245.7457 	EXP 	text_4: autoDraw = True
246.2457 	EXP 	text_4: autoDraw = False
246.2623 	EXP 	firstcircle_3: autoDraw = True
249.5456 	EXP 	firstcircle_3: autoDraw = False
249.5623 	EXP 	text_3: autoDraw = True
250.5456 	EXP 	text_3: autoDraw = False
250.5623 	EXP 	secondcircle: autoDraw = True
254.9455 	EXP 	secondcircle: autoDraw = False
255.3973 	DATA 	Keypress: right
255.3986 	EXP 	New trial (rep=0, index=5): OrderedDict([('firstTime', 2.1), ('secondTime', 2.8), ('corrAns', 'right'), ('plusStart', 2.6), ('secondStart', 3.6), ('respStart', 6.4), ('randNum', 0.26721103399999996)])
255.4122 	EXP 	firstcircle_3: autoDraw = False
255.4122 	EXP 	text_3: autoDraw = False
255.4122 	EXP 	secondcircle: autoDraw = False
255.4122 	EXP 	text_4: autoDraw = False
255.4122 	EXP 	text_4: autoDraw = True
255.9122 	EXP 	text_4: autoDraw = False
255.9289 	EXP 	firstcircle_3: autoDraw = True
258.0122 	EXP 	firstcircle_3: autoDraw = False
258.0289 	EXP 	text_3: autoDraw = True
259.0122 	EXP 	text_3: autoDraw = False
259.0288 	EXP 	secondcircle: autoDraw = True
261.8121 	EXP 	secondcircle: autoDraw = False
262.5475 	DATA 	Keypress: right
262.5489 	EXP 	New trial (rep=0, index=6): OrderedDict([('firstTime', 2.8), ('secondTime', 2.1), ('corrAns', 'left'), ('plusStart', 3.3), ('secondStart', 4.3), ('respStart', 6.4), ('randNum', 0.1426323)])
262.5621 	EXP 	firstcircle_3: autoDraw = False
262.5621 	EXP 	text_3: autoDraw = False
262.5621 	EXP 	secondcircle: autoDraw = False
262.5621 	EXP 	text_4: autoDraw = False
262.5621 	EXP 	text_4: autoDraw = True
263.0621 	EXP 	text_4: autoDraw = False
263.0788 	EXP 	firstcircle_3: autoDraw = True
265.8621 	EXP 	firstcircle_3: autoDraw = False
265.8787 	EXP 	text_3: autoDraw = True
266.8621 	EXP 	text_3: autoDraw = False
266.8787 	EXP 	secondcircle: autoDraw = True
268.9620 	EXP 	secondcircle: autoDraw = False
269.9807 	DATA 	Keypress: left
269.9821 	EXP 	New trial (rep=0, index=7): OrderedDict([('firstTime', 2.7), ('secondTime', 1.8), ('corrAns', 'left'), ('plusStart', 3.2), ('secondStart', 4.2), ('respStart', 6.0), ('randNum', 0.15619143)])
269.9953 	EXP 	firstcircle_3: autoDraw = False
269.9953 	EXP 	text_3: autoDraw = False
269.9953 	EXP 	secondcircle: autoDraw = False
269.9953 	EXP 	text_4: autoDraw = False
269.9953 	EXP 	text_4: autoDraw = True
270.4953 	EXP 	text_4: autoDraw = False
270.5120 	EXP 	firstcircle_3: autoDraw = True
273.1953 	EXP 	firstcircle_3: autoDraw = False
273.2120 	EXP 	text_3: autoDraw = True
274.1954 	EXP 	text_3: autoDraw = False
274.2120 	EXP 	secondcircle: autoDraw = True
275.9953 	EXP 	secondcircle: autoDraw = False
276.7972 	DATA 	Keypress: left
276.7987 	EXP 	New trial (rep=0, index=8): OrderedDict([('firstTime', 8.8), ('secondTime', 9.9), ('corrAns', 'right'), ('plusStart', 9.3), ('secondStart', 10.3), ('respStart', 20.2), ('randNum', 0.549248995)])
276.8119 	EXP 	firstcircle_3: autoDraw = False
276.8119 	EXP 	text_3: autoDraw = False
276.8119 	EXP 	secondcircle: autoDraw = False
276.8119 	EXP 	text_4: autoDraw = False
276.8119 	EXP 	text_4: autoDraw = True
277.3119 	EXP 	text_4: autoDraw = False
277.3286 	EXP 	firstcircle_3: autoDraw = True
286.1118 	EXP 	firstcircle_3: autoDraw = False
286.1285 	EXP 	text_3: autoDraw = True
287.1118 	EXP 	text_3: autoDraw = False
287.1284 	EXP 	secondcircle: autoDraw = True
297.0117 	EXP 	secondcircle: autoDraw = False
297.8636 	DATA 	Keypress: right
297.8649 	EXP 	New trial (rep=0, index=9): OrderedDict([('firstTime', 2.5), ('secondTime', 1.5), ('corrAns', 'left'), ('plusStart', 3.0), ('secondStart', 4.0), ('respStart', 5.5), ('randNum', 0.358211186)])
297.8783 	EXP 	firstcircle_3: autoDraw = False
297.8783 	EXP 	text_3: autoDraw = False
297.8783 	EXP 	secondcircle: autoDraw = False
297.8783 	EXP 	text_4: autoDraw = False
297.8783 	EXP 	text_4: autoDraw = True
298.3783 	EXP 	text_4: autoDraw = False
298.3950 	EXP 	firstcircle_3: autoDraw = True
300.8783 	EXP 	firstcircle_3: autoDraw = False
300.8949 	EXP 	text_3: autoDraw = True
301.8782 	EXP 	text_3: autoDraw = False
301.8949 	EXP 	secondcircle: autoDraw = True
303.3782 	EXP 	secondcircle: autoDraw = False
304.2303 	DATA 	Keypress: left
304.2317 	EXP 	New trial (rep=0, index=10): OrderedDict([('firstTime', 1.8), ('secondTime', 0.9), ('corrAns', 'left'), ('plusStart', 2.3), ('secondStart', 3.3), ('respStart', 4.2), ('randNum', 0.907401646)])
304.2449 	EXP 	firstcircle_3: autoDraw = False
304.2449 	EXP 	text_3: autoDraw = False
304.2449 	EXP 	secondcircle: autoDraw = False
304.2449 	EXP 	text_4: autoDraw = False
304.2449 	EXP 	text_4: autoDraw = True
304.7449 	EXP 	text_4: autoDraw = False
304.7615 	EXP 	firstcircle_3: autoDraw = True
306.5449 	EXP 	firstcircle_3: autoDraw = False
306.5615 	EXP 	text_3: autoDraw = True
307.5448 	EXP 	text_3: autoDraw = False
307.5615 	EXP 	secondcircle: autoDraw = True
308.4448 	EXP 	secondcircle: autoDraw = False
309.2967 	DATA 	Keypress: left
309.2982 	EXP 	New trial (rep=0, index=11): OrderedDict([('firstTime', 3.2), ('secondTime', 3.6), ('corrAns', 'right'), ('plusStart', 3.7), ('secondStart', 4.7), ('respStart', 8.3), ('randNum', 0.40261677799999995)])
309.3115 	EXP 	firstcircle_3: autoDraw = False
309.3115 	EXP 	text_3: autoDraw = False
309.3115 	EXP 	secondcircle: autoDraw = False
309.3115 	EXP 	text_4: autoDraw = False
309.3115 	EXP 	text_4: autoDraw = True
309.8115 	EXP 	text_4: autoDraw = False
309.8281 	EXP 	firstcircle_3: autoDraw = True
313.0114 	EXP 	firstcircle_3: autoDraw = False
313.0281 	EXP 	text_3: autoDraw = True
314.0114 	EXP 	text_3: autoDraw = False
314.0281 	EXP 	secondcircle: autoDraw = True
317.6114 	EXP 	secondcircle: autoDraw = False
318.8467 	DATA 	Keypress: right
318.8480 	EXP 	New trial (rep=0, index=12): OrderedDict([('firstTime', 2.1), ('secondTime', 3.5), ('corrAns', 'right'), ('plusStart', 2.6), ('secondStart', 3.6), ('respStart', 7.1), ('randNum', 0.699018652)])
318.8614 	EXP 	firstcircle_3: autoDraw = False
318.8614 	EXP 	text_3: autoDraw = False
318.8614 	EXP 	secondcircle: autoDraw = False
318.8614 	EXP 	text_4: autoDraw = False
318.8614 	EXP 	text_4: autoDraw = True
319.3613 	EXP 	text_4: autoDraw = False
319.3780 	EXP 	firstcircle_3: autoDraw = True
321.4613 	EXP 	firstcircle_3: autoDraw = False
321.4780 	EXP 	text_3: autoDraw = True
322.4613 	EXP 	text_3: autoDraw = False
322.4780 	EXP 	secondcircle: autoDraw = True
325.9613 	EXP 	secondcircle: autoDraw = False
327.2965 	DATA 	Keypress: right
327.2979 	EXP 	New trial (rep=0, index=13): OrderedDict([('firstTime', 1.8), ('secondTime', 2.7), ('corrAns', 'right'), ('plusStart', 2.3), ('secondStart', 3.3), ('respStart', 6.0), ('randNum', 0.8590765890000001)])
327.3112 	EXP 	firstcircle_3: autoDraw = False
327.3112 	EXP 	text_3: autoDraw = False
327.3112 	EXP 	secondcircle: autoDraw = False
327.3112 	EXP 	text_4: autoDraw = False
327.3112 	EXP 	text_4: autoDraw = True
327.8112 	EXP 	text_4: autoDraw = False
327.8279 	EXP 	firstcircle_3: autoDraw = True
329.6112 	EXP 	firstcircle_3: autoDraw = False
329.6279 	EXP 	text_3: autoDraw = True
330.6112 	EXP 	text_3: autoDraw = False
330.6279 	EXP 	secondcircle: autoDraw = True
333.3112 	EXP 	secondcircle: autoDraw = False
334.5976 	DATA 	Keypress: right
334.6128 	EXP 	New trial (rep=0, index=14): OrderedDict([('firstTime', 1.4), ('secondTime', 0.7), ('corrAns', 'left'), ('plusStart', 1.9), ('secondStart', 2.9), ('respStart', 3.6), ('randNum', 0.413030013)])
334.6278 	EXP 	firstcircle_3: autoDraw = False
334.6278 	EXP 	text_3: autoDraw = False
334.6278 	EXP 	secondcircle: autoDraw = False
334.6278 	EXP 	text_4: autoDraw = False
334.6278 	EXP 	text_4: autoDraw = True
335.1278 	EXP 	text_4: autoDraw = False
335.1445 	EXP 	firstcircle_3: autoDraw = True
336.5278 	EXP 	firstcircle_3: autoDraw = False
336.5444 	EXP 	text_3: autoDraw = True
337.5278 	EXP 	text_3: autoDraw = False
337.5444 	EXP 	secondcircle: autoDraw = True
338.2278 	EXP 	secondcircle: autoDraw = False
338.9630 	DATA 	Keypress: left
338.9644 	EXP 	New trial (rep=0, index=15): OrderedDict([('firstTime', 3.6), ('secondTime', 3.2), ('corrAns', 'left'), ('plusStart', 4.1), ('secondStart', 5.1), ('respStart', 8.3), ('randNum', 0.12198344800000001)])
338.9777 	EXP 	firstcircle_3: autoDraw = False
338.9777 	EXP 	text_3: autoDraw = False
338.9777 	EXP 	secondcircle: autoDraw = False
338.9777 	EXP 	text_4: autoDraw = False
338.9777 	EXP 	text_4: autoDraw = True
339.4777 	EXP 	text_4: autoDraw = False
339.4944 	EXP 	firstcircle_3: autoDraw = True
343.0777 	EXP 	firstcircle_3: autoDraw = False
343.0944 	EXP 	text_3: autoDraw = True
344.0777 	EXP 	text_3: autoDraw = False
344.0943 	EXP 	secondcircle: autoDraw = True
347.2777 	EXP 	secondcircle: autoDraw = False
349.2462 	DATA 	Keypress: right
349.2475 	EXP 	New trial (rep=0, index=16): OrderedDict([('firstTime', 4.4), ('secondTime', 3.3), ('corrAns', 'left'), ('plusStart', 4.9), ('secondStart', 5.9), ('respStart', 9.2), ('randNum', 0.7908218929999999)])
349.2609 	EXP 	firstcircle_3: autoDraw = False
349.2609 	EXP 	text_3: autoDraw = False
349.2609 	EXP 	secondcircle: autoDraw = False
349.2609 	EXP 	text_4: autoDraw = False
349.2609 	EXP 	text_4: autoDraw = True
349.7609 	EXP 	text_4: autoDraw = False
349.7776 	EXP 	firstcircle_3: autoDraw = True
354.1609 	EXP 	firstcircle_3: autoDraw = False
354.1775 	EXP 	text_3: autoDraw = True
355.1609 	EXP 	text_3: autoDraw = False
355.1776 	EXP 	secondcircle: autoDraw = True
358.4608 	EXP 	secondcircle: autoDraw = False
359.2129 	DATA 	Keypress: left
359.2143 	EXP 	New trial (rep=0, index=17): OrderedDict([('firstTime', 3.5), ('secondTime', 2.1), ('corrAns', 'left'), ('plusStart', 4.0), ('secondStart', 5.0), ('respStart', 7.1), ('randNum', 0.149007794)])
359.2275 	EXP 	firstcircle_3: autoDraw = False
359.2275 	EXP 	text_3: autoDraw = False
359.2275 	EXP 	secondcircle: autoDraw = False
359.2275 	EXP 	text_4: autoDraw = False
359.2275 	EXP 	text_4: autoDraw = True
359.7275 	EXP 	text_4: autoDraw = False
359.7441 	EXP 	firstcircle_3: autoDraw = True
363.2275 	EXP 	firstcircle_3: autoDraw = False
363.2442 	EXP 	text_3: autoDraw = True
364.2275 	EXP 	text_3: autoDraw = False
364.2441 	EXP 	secondcircle: autoDraw = True
366.3274 	EXP 	secondcircle: autoDraw = False
367.2962 	DATA 	Keypress: left
367.2976 	EXP 	New trial (rep=0, index=18): OrderedDict([('firstTime', 1.8), ('secondTime', 1.2), ('corrAns', 'left'), ('plusStart', 2.3), ('secondStart', 3.3), ('respStart', 4.5), ('randNum', 0.44825194799999996)])
367.3107 	EXP 	firstcircle_3: autoDraw = False
367.3107 	EXP 	text_3: autoDraw = False
367.3107 	EXP 	secondcircle: autoDraw = False
367.3107 	EXP 	text_4: autoDraw = False
367.3107 	EXP 	text_4: autoDraw = True
367.8107 	EXP 	text_4: autoDraw = False
367.8274 	EXP 	firstcircle_3: autoDraw = True
369.6107 	EXP 	firstcircle_3: autoDraw = False
369.6273 	EXP 	text_3: autoDraw = True
370.6107 	EXP 	text_3: autoDraw = False
370.6273 	EXP 	secondcircle: autoDraw = True
371.8106 	EXP 	secondcircle: autoDraw = False
373.5460 	DATA 	Keypress: right
373.5474 	EXP 	New trial (rep=0, index=19): OrderedDict([('firstTime', 0.9), ('secondTime', 1.8), ('corrAns', 'right'), ('plusStart', 1.4), ('secondStart', 2.4), ('respStart', 4.2), ('randNum', 0.35938568299999996)])
373.5606 	EXP 	firstcircle_3: autoDraw = False
373.5606 	EXP 	text_3: autoDraw = False
373.5606 	EXP 	secondcircle: autoDraw = False
373.5606 	EXP 	text_4: autoDraw = False
373.5606 	EXP 	text_4: autoDraw = True
374.0607 	EXP 	text_4: autoDraw = False
374.0773 	EXP 	firstcircle_3: autoDraw = True
374.9606 	EXP 	firstcircle_3: autoDraw = False
374.9773 	EXP 	text_3: autoDraw = True
375.9606 	EXP 	text_3: autoDraw = False
375.9772 	EXP 	secondcircle: autoDraw = True
377.7606 	EXP 	secondcircle: autoDraw = False
378.4292 	DATA 	Keypress: right
378.4440 	EXP 	firstcircle_3: autoDraw = False
378.4440 	EXP 	text_3: autoDraw = False
378.4440 	EXP 	secondcircle: autoDraw = False
378.4440 	EXP 	text_4: autoDraw = False
378.4440 	EXP 	text_6: autoDraw = True
387.2462 	DATA 	Keypress: space
387.2528 	EXP 	Imported conditionsTime3.csv as conditions, 20 conditions, 7 params
387.2532 	EXP 	Created sequence: sequential, trialTypes=20, nReps=1, seed=None
387.2536 	EXP 	New trial (rep=0, index=0): OrderedDict([('firstTime', 2.7), ('secondTime', 1.8), ('corrAns', 'left'), ('plusStart', 3.2), ('secondStart', 4.2), ('respStart', 6.0), ('randNum', 0.09224181599999999)])
387.2604 	EXP 	text_6: autoDraw = False
387.2604 	EXP 	text_4: autoDraw = True
387.7604 	EXP 	text_4: autoDraw = False
387.7771 	EXP 	firstcircle_3: autoDraw = True
390.4604 	EXP 	firstcircle_3: autoDraw = False
390.4770 	EXP 	text_3: autoDraw = True
391.4604 	EXP 	text_3: autoDraw = False
391.4770 	EXP 	secondcircle: autoDraw = True
393.2603 	EXP 	secondcircle: autoDraw = False
393.8625 	DATA 	Keypress: left
393.8640 	EXP 	New trial (rep=0, index=1): OrderedDict([('firstTime', 1.8), ('secondTime', 2.7), ('corrAns', 'right'), ('plusStart', 2.3), ('secondStart', 3.3), ('respStart', 6.0), ('randNum', 0.320860695)])
393.8770 	EXP 	firstcircle_3: autoDraw = False
393.8770 	EXP 	text_3: autoDraw = False
393.8770 	EXP 	secondcircle: autoDraw = False
393.8770 	EXP 	text_4: autoDraw = False
393.8770 	EXP 	text_4: autoDraw = True
394.3770 	EXP 	text_4: autoDraw = False
394.3937 	EXP 	firstcircle_3: autoDraw = True
396.1770 	EXP 	firstcircle_3: autoDraw = False
396.1936 	EXP 	text_3: autoDraw = True
397.1770 	EXP 	text_3: autoDraw = False
397.1936 	EXP 	secondcircle: autoDraw = True
399.8769 	EXP 	secondcircle: autoDraw = False
400.7956 	DATA 	Keypress: right
400.7969 	EXP 	New trial (rep=0, index=2): OrderedDict([('firstTime', 0.7), ('secondTime', 1.4), ('corrAns', 'right'), ('plusStart', 1.2), ('secondStart', 2.2), ('respStart', 3.6), ('randNum', 0.091696964)])
400.8102 	EXP 	firstcircle_3: autoDraw = False
400.8102 	EXP 	text_3: autoDraw = False
400.8102 	EXP 	secondcircle: autoDraw = False
400.8102 	EXP 	text_4: autoDraw = False
400.8102 	EXP 	text_4: autoDraw = True
401.3102 	EXP 	text_4: autoDraw = False
401.3269 	EXP 	firstcircle_3: autoDraw = True
402.0102 	EXP 	firstcircle_3: autoDraw = False
402.0269 	EXP 	text_3: autoDraw = True
403.0102 	EXP 	text_3: autoDraw = False
403.0269 	EXP 	secondcircle: autoDraw = True
404.4102 	EXP 	secondcircle: autoDraw = False
405.1622 	DATA 	Keypress: right
405.1636 	EXP 	New trial (rep=0, index=3): OrderedDict([('firstTime', 4.4), ('secondTime', 3.3), ('corrAns', 'left'), ('plusStart', 4.9), ('secondStart', 5.9), ('respStart', 9.2), ('randNum', 0.010112259)])
405.1768 	EXP 	firstcircle_3: autoDraw = False
405.1768 	EXP 	text_3: autoDraw = False
405.1768 	EXP 	secondcircle: autoDraw = False
405.1768 	EXP 	text_4: autoDraw = False
405.1768 	EXP 	text_4: autoDraw = True
405.6769 	EXP 	text_4: autoDraw = False
405.6935 	EXP 	firstcircle_3: autoDraw = True
410.0768 	EXP 	firstcircle_3: autoDraw = False
410.0934 	EXP 	text_3: autoDraw = True
411.0768 	EXP 	text_3: autoDraw = False
411.0934 	EXP 	secondcircle: autoDraw = True
414.3767 	EXP 	secondcircle: autoDraw = False
415.1786 	DATA 	Keypress: left
415.1799 	EXP 	New trial (rep=0, index=4): OrderedDict([('firstTime', 0.9), ('secondTime', 1.8), ('corrAns', 'right'), ('plusStart', 1.4), ('secondStart', 2.4), ('respStart', 4.2), ('randNum', 0.877480265)])
415.1934 	EXP 	firstcircle_3: autoDraw = False
415.1934 	EXP 	text_3: autoDraw = False
415.1934 	EXP 	secondcircle: autoDraw = False
415.1934 	EXP 	text_4: autoDraw = False
415.1934 	EXP 	text_4: autoDraw = True
415.6934 	EXP 	text_4: autoDraw = False
415.7101 	EXP 	firstcircle_3: autoDraw = True
416.5934 	EXP 	firstcircle_3: autoDraw = False
416.6100 	EXP 	text_3: autoDraw = True
417.5934 	EXP 	text_3: autoDraw = False
417.6100 	EXP 	secondcircle: autoDraw = True
419.3933 	EXP 	secondcircle: autoDraw = False
420.0620 	DATA 	Keypress: right
420.0634 	EXP 	New trial (rep=0, index=5): OrderedDict([('firstTime', 1.8), ('secondTime', 0.9), ('corrAns', 'left'), ('plusStart', 2.3), ('secondStart', 3.3), ('respStart', 4.2), ('randNum', 0.74232345)])
420.0766 	EXP 	firstcircle_3: autoDraw = False
420.0766 	EXP 	text_3: autoDraw = False
420.0766 	EXP 	secondcircle: autoDraw = False
420.0766 	EXP 	text_4: autoDraw = False
420.0766 	EXP 	text_4: autoDraw = True
420.5766 	EXP 	text_4: autoDraw = False
420.5933 	EXP 	firstcircle_3: autoDraw = True
422.3766 	EXP 	firstcircle_3: autoDraw = False
422.3933 	EXP 	text_3: autoDraw = True
423.3766 	EXP 	text_3: autoDraw = False
423.3933 	EXP 	secondcircle: autoDraw = True
424.2766 	EXP 	secondcircle: autoDraw = False
425.3786 	DATA 	Keypress: left
425.3799 	EXP 	New trial (rep=0, index=6): OrderedDict([('firstTime', 1.8), ('secondTime', 1.2), ('corrAns', 'left'), ('plusStart', 2.3), ('secondStart', 3.3), ('respStart', 4.5), ('randNum', 0.307053849)])
425.3932 	EXP 	firstcircle_3: autoDraw = False
425.3932 	EXP 	text_3: autoDraw = False
425.3932 	EXP 	secondcircle: autoDraw = False
425.3932 	EXP 	text_4: autoDraw = False
425.3932 	EXP 	text_4: autoDraw = True
425.8932 	EXP 	text_4: autoDraw = False
425.9099 	EXP 	firstcircle_3: autoDraw = True
427.6932 	EXP 	firstcircle_3: autoDraw = False
427.7099 	EXP 	text_3: autoDraw = True
428.6932 	EXP 	text_3: autoDraw = False
428.7099 	EXP 	secondcircle: autoDraw = True
429.8932 	EXP 	secondcircle: autoDraw = False
430.6619 	DATA 	Keypress: left
430.6632 	EXP 	New trial (rep=0, index=7): OrderedDict([('firstTime', 3.6), ('secondTime', 3.2), ('corrAns', 'left'), ('plusStart', 4.1), ('secondStart', 5.1), ('respStart', 8.3), ('randNum', 0.331236492)])
430.6765 	EXP 	firstcircle_3: autoDraw = False
430.6765 	EXP 	text_3: autoDraw = False
430.6765 	EXP 	secondcircle: autoDraw = False
430.6765 	EXP 	text_4: autoDraw = False
430.6765 	EXP 	text_4: autoDraw = True
431.1766 	EXP 	text_4: autoDraw = False
431.1932 	EXP 	firstcircle_3: autoDraw = True
434.7764 	EXP 	firstcircle_3: autoDraw = False
434.7931 	EXP 	text_3: autoDraw = True
435.7764 	EXP 	text_3: autoDraw = False
435.7931 	EXP 	secondcircle: autoDraw = True
438.9764 	EXP 	secondcircle: autoDraw = False
440.8294 	DATA 	Keypress: left
440.8447 	EXP 	New trial (rep=0, index=8): OrderedDict([('firstTime', 2.5), ('secondTime', 1.5), ('corrAns', 'left'), ('plusStart', 3.0), ('secondStart', 4.0), ('respStart', 5.5), ('randNum', 0.778562476)])
440.8597 	EXP 	firstcircle_3: autoDraw = False
440.8597 	EXP 	text_3: autoDraw = False
440.8597 	EXP 	secondcircle: autoDraw = False
440.8597 	EXP 	text_4: autoDraw = False
440.8597 	EXP 	text_4: autoDraw = True
441.3597 	EXP 	text_4: autoDraw = False
441.3764 	EXP 	firstcircle_3: autoDraw = True
443.8597 	EXP 	firstcircle_3: autoDraw = False
443.8763 	EXP 	text_3: autoDraw = True
444.8596 	EXP 	text_3: autoDraw = False
444.8763 	EXP 	secondcircle: autoDraw = True
446.3596 	EXP 	secondcircle: autoDraw = False
447.1114 	DATA 	Keypress: left
447.1128 	EXP 	New trial (rep=0, index=9): OrderedDict([('firstTime', 1.2), ('secondTime', 1.8), ('corrAns', 'right'), ('plusStart', 1.7), ('secondStart', 2.7), ('respStart', 4.5), ('randNum', 0.18131893100000002)])
447.1263 	EXP 	firstcircle_3: autoDraw = False
447.1263 	EXP 	text_3: autoDraw = False
447.1263 	EXP 	secondcircle: autoDraw = False
447.1263 	EXP 	text_4: autoDraw = False
447.1263 	EXP 	text_4: autoDraw = True
447.6263 	EXP 	text_4: autoDraw = False
447.6430 	EXP 	firstcircle_3: autoDraw = True
448.8263 	EXP 	firstcircle_3: autoDraw = False
448.8429 	EXP 	text_3: autoDraw = True
449.8263 	EXP 	text_3: autoDraw = False
449.8429 	EXP 	secondcircle: autoDraw = True
451.6262 	EXP 	secondcircle: autoDraw = False
452.2780 	DATA 	Keypress: right
452.2794 	EXP 	New trial (rep=0, index=10): OrderedDict([('firstTime', 2.8), ('secondTime', 2.1), ('corrAns', 'left'), ('plusStart', 3.3), ('secondStart', 4.3), ('respStart', 6.4), ('randNum', 0.897215002)])
452.2929 	EXP 	firstcircle_3: autoDraw = False
452.2929 	EXP 	text_3: autoDraw = False
452.2929 	EXP 	secondcircle: autoDraw = False
452.2929 	EXP 	text_4: autoDraw = False
452.2929 	EXP 	text_4: autoDraw = True
452.7929 	EXP 	text_4: autoDraw = False
452.8095 	EXP 	firstcircle_3: autoDraw = True
455.5928 	EXP 	firstcircle_3: autoDraw = False
455.6095 	EXP 	text_3: autoDraw = True
456.5929 	EXP 	text_3: autoDraw = False
456.6095 	EXP 	secondcircle: autoDraw = True
458.6928 	EXP 	secondcircle: autoDraw = False
459.8281 	DATA 	Keypress: left
459.8295 	EXP 	New trial (rep=0, index=11): OrderedDict([('firstTime', 2.1), ('secondTime', 2.8), ('corrAns', 'right'), ('plusStart', 2.6), ('secondStart', 3.6), ('respStart', 6.4), ('randNum', 0.734438325)])
459.8428 	EXP 	firstcircle_3: autoDraw = False
459.8428 	EXP 	text_3: autoDraw = False
459.8428 	EXP 	secondcircle: autoDraw = False
459.8428 	EXP 	text_4: autoDraw = False
459.8428 	EXP 	text_4: autoDraw = True
460.3428 	EXP 	text_4: autoDraw = False
460.3594 	EXP 	firstcircle_3: autoDraw = True
462.4427 	EXP 	firstcircle_3: autoDraw = False
462.4594 	EXP 	text_3: autoDraw = True
463.4427 	EXP 	text_3: autoDraw = False
463.4594 	EXP 	secondcircle: autoDraw = True
466.2427 	EXP 	secondcircle: autoDraw = False
467.0614 	DATA 	Keypress: right
467.0627 	EXP 	New trial (rep=0, index=12): OrderedDict([('firstTime', 3.2), ('secondTime', 3.6), ('corrAns', 'right'), ('plusStart', 3.7), ('secondStart', 4.7), ('respStart', 8.3), ('randNum', 0.716372322)])
467.0760 	EXP 	firstcircle_3: autoDraw = False
467.0760 	EXP 	text_3: autoDraw = False
467.0760 	EXP 	secondcircle: autoDraw = False
467.0760 	EXP 	text_4: autoDraw = False
467.0760 	EXP 	text_4: autoDraw = True
467.5760 	EXP 	text_4: autoDraw = False
467.5927 	EXP 	firstcircle_3: autoDraw = True
470.7760 	EXP 	firstcircle_3: autoDraw = False
470.7926 	EXP 	text_3: autoDraw = True
471.7760 	EXP 	text_3: autoDraw = False
471.7926 	EXP 	secondcircle: autoDraw = True
475.3759 	EXP 	secondcircle: autoDraw = False
476.2446 	DATA 	Keypress: left
476.2459 	EXP 	New trial (rep=0, index=13): OrderedDict([('firstTime', 2.1), ('secondTime', 3.5), ('corrAns', 'right'), ('plusStart', 2.6), ('secondStart', 3.6), ('respStart', 7.1), ('randNum', 0.2797458)])
476.2592 	EXP 	firstcircle_3: autoDraw = False
476.2592 	EXP 	text_3: autoDraw = False
476.2592 	EXP 	secondcircle: autoDraw = False
476.2592 	EXP 	text_4: autoDraw = False
476.2592 	EXP 	text_4: autoDraw = True
476.7593 	EXP 	text_4: autoDraw = False
476.7759 	EXP 	firstcircle_3: autoDraw = True
478.8592 	EXP 	firstcircle_3: autoDraw = False
478.8759 	EXP 	text_3: autoDraw = True
479.8592 	EXP 	text_3: autoDraw = False
479.8758 	EXP 	secondcircle: autoDraw = True
483.3591 	EXP 	secondcircle: autoDraw = False
484.0611 	DATA 	Keypress: right
484.0625 	EXP 	New trial (rep=0, index=14): OrderedDict([('firstTime', 1.4), ('secondTime', 0.7), ('corrAns', 'left'), ('plusStart', 1.9), ('secondStart', 2.9), ('respStart', 3.6), ('randNum', 0.038284202)])
484.0758 	EXP 	firstcircle_3: autoDraw = False
484.0758 	EXP 	text_3: autoDraw = False
484.0758 	EXP 	secondcircle: autoDraw = False
484.0758 	EXP 	text_4: autoDraw = False
484.0758 	EXP 	text_4: autoDraw = True
484.5758 	EXP 	text_4: autoDraw = False
484.5924 	EXP 	firstcircle_3: autoDraw = True
485.9758 	EXP 	firstcircle_3: autoDraw = False
485.9924 	EXP 	text_3: autoDraw = True
486.9758 	EXP 	text_3: autoDraw = False
486.9924 	EXP 	secondcircle: autoDraw = True
487.6757 	EXP 	secondcircle: autoDraw = False
488.5277 	DATA 	Keypress: left
488.5291 	EXP 	New trial (rep=0, index=15): OrderedDict([('firstTime', 9.9), ('secondTime', 8.8), ('corrAns', 'left'), ('plusStart', 10.4), ('secondStart', 11.4), ('respStart', 20.2), ('randNum', 0.656448526)])
488.5424 	EXP 	firstcircle_3: autoDraw = False
488.5424 	EXP 	text_3: autoDraw = False
488.5424 	EXP 	secondcircle: autoDraw = False
488.5424 	EXP 	text_4: autoDraw = False
488.5424 	EXP 	text_4: autoDraw = True
489.0424 	EXP 	text_4: autoDraw = False
489.0591 	EXP 	firstcircle_3: autoDraw = True
498.9423 	EXP 	firstcircle_3: autoDraw = False
498.9589 	EXP 	text_3: autoDraw = True
499.9422 	EXP 	text_3: autoDraw = False
499.9589 	EXP 	secondcircle: autoDraw = True
508.7421 	EXP 	secondcircle: autoDraw = False
509.3441 	DATA 	Keypress: left
509.3455 	EXP 	New trial (rep=0, index=16): OrderedDict([('firstTime', 3.5), ('secondTime', 2.1), ('corrAns', 'left'), ('plusStart', 4.0), ('secondStart', 5.0), ('respStart', 7.1), ('randNum', 0.25078508899999996)])
509.3588 	EXP 	firstcircle_3: autoDraw = False
509.3588 	EXP 	text_3: autoDraw = False
509.3588 	EXP 	secondcircle: autoDraw = False
509.3588 	EXP 	text_4: autoDraw = False
509.3588 	EXP 	text_4: autoDraw = True
509.8588 	EXP 	text_4: autoDraw = False
509.8754 	EXP 	firstcircle_3: autoDraw = True
513.3587 	EXP 	firstcircle_3: autoDraw = False
513.3754 	EXP 	text_3: autoDraw = True
514.3587 	EXP 	text_3: autoDraw = False
514.3754 	EXP 	secondcircle: autoDraw = True
516.4587 	EXP 	secondcircle: autoDraw = False
517.2941 	DATA 	Keypress: left
517.2955 	EXP 	New trial (rep=0, index=17): OrderedDict([('firstTime', 8.8), ('secondTime', 9.9), ('corrAns', 'right'), ('plusStart', 9.3), ('secondStart', 10.3), ('respStart', 20.2), ('randNum', 0.055985873)])
517.3087 	EXP 	firstcircle_3: autoDraw = False
517.3087 	EXP 	text_3: autoDraw = False
517.3087 	EXP 	secondcircle: autoDraw = False
517.3087 	EXP 	text_4: autoDraw = False
517.3087 	EXP 	text_4: autoDraw = True
517.8087 	EXP 	text_4: autoDraw = False
517.8253 	EXP 	firstcircle_3: autoDraw = True
526.6086 	EXP 	firstcircle_3: autoDraw = False
526.6252 	EXP 	text_3: autoDraw = True
527.6085 	EXP 	text_3: autoDraw = False
527.6252 	EXP 	secondcircle: autoDraw = True
537.5084 	EXP 	secondcircle: autoDraw = False
538.4601 	DATA 	Keypress: right
538.4614 	EXP 	New trial (rep=0, index=18): OrderedDict([('firstTime', 1.5), ('secondTime', 2.5), ('corrAns', 'right'), ('plusStart', 2.0), ('secondStart', 3.0), ('respStart', 5.5), ('randNum', 0.279030548)])
538.4751 	EXP 	firstcircle_3: autoDraw = False
538.4751 	EXP 	text_3: autoDraw = False
538.4751 	EXP 	secondcircle: autoDraw = False
538.4751 	EXP 	text_4: autoDraw = False
538.4751 	EXP 	text_4: autoDraw = True
538.9750 	EXP 	text_4: autoDraw = False
538.9917 	EXP 	firstcircle_3: autoDraw = True
540.4750 	EXP 	firstcircle_3: autoDraw = False
540.4917 	EXP 	text_3: autoDraw = True
541.4750 	EXP 	text_3: autoDraw = False
541.4917 	EXP 	secondcircle: autoDraw = True
543.9750 	EXP 	secondcircle: autoDraw = False
545.4103 	DATA 	Keypress: right
545.4117 	EXP 	New trial (rep=0, index=19): OrderedDict([('firstTime', 3.3), ('secondTime', 4.4), ('corrAns', 'right'), ('plusStart', 3.8), ('secondStart', 4.8), ('respStart', 9.2), ('randNum', 0.6214470879999999)])
545.4250 	EXP 	firstcircle_3: autoDraw = False
545.4250 	EXP 	text_3: autoDraw = False
545.4250 	EXP 	secondcircle: autoDraw = False
545.4250 	EXP 	text_4: autoDraw = False
545.4250 	EXP 	text_4: autoDraw = True
545.9250 	EXP 	text_4: autoDraw = False
545.9416 	EXP 	firstcircle_3: autoDraw = True
549.2250 	EXP 	firstcircle_3: autoDraw = False
549.2416 	EXP 	text_3: autoDraw = True
550.2249 	EXP 	text_3: autoDraw = False
550.2416 	EXP 	secondcircle: autoDraw = True
554.6248 	EXP 	secondcircle: autoDraw = False
555.0936 	DATA 	Keypress: right
555.1082 	EXP 	firstcircle_3: autoDraw = False
555.1082 	EXP 	text_3: autoDraw = False
555.1082 	EXP 	secondcircle: autoDraw = False
555.1082 	EXP 	text_4: autoDraw = False
555.1082 	EXP 	text_7: autoDraw = True
562.1606 	DATA 	Keypress: space
562.1660 	EXP 	Imported conditionsTime4.csv as conditions, 20 conditions, 7 params
562.1663 	EXP 	Created sequence: sequential, trialTypes=20, nReps=1, seed=None
562.1668 	EXP 	New trial (rep=0, index=0): OrderedDict([('firstTime', 2.5), ('secondTime', 1.5), ('corrAns', 'left'), ('plusStart', 3.0), ('secondStart', 4.0), ('respStart', 5.5), ('randNum', 0.9526453340000001)])
562.1748 	EXP 	text_7: autoDraw = False
562.1748 	EXP 	text_4: autoDraw = True
562.6747 	EXP 	text_4: autoDraw = False
562.6914 	EXP 	firstcircle_3: autoDraw = True
565.1747 	EXP 	firstcircle_3: autoDraw = False
565.1914 	EXP 	text_3: autoDraw = True
566.1747 	EXP 	text_3: autoDraw = False
566.1913 	EXP 	secondcircle: autoDraw = True
567.6747 	EXP 	secondcircle: autoDraw = False
568.5431 	DATA 	Keypress: left
568.5447 	EXP 	New trial (rep=0, index=1): OrderedDict([('firstTime', 2.8), ('secondTime', 2.1), ('corrAns', 'left'), ('plusStart', 3.3), ('secondStart', 4.3), ('respStart', 6.4), ('randNum', 0.962497787)])
568.5580 	EXP 	firstcircle_3: autoDraw = False
568.5580 	EXP 	text_3: autoDraw = False
568.5580 	EXP 	secondcircle: autoDraw = False
568.5580 	EXP 	text_4: autoDraw = False
568.5580 	EXP 	text_4: autoDraw = True
569.0580 	EXP 	text_4: autoDraw = False
569.0746 	EXP 	firstcircle_3: autoDraw = True
571.8579 	EXP 	firstcircle_3: autoDraw = False
571.8746 	EXP 	text_3: autoDraw = True
572.8579 	EXP 	text_3: autoDraw = False
572.8746 	EXP 	secondcircle: autoDraw = True
574.9579 	EXP 	secondcircle: autoDraw = False
577.0932 	DATA 	Keypress: left
577.0946 	EXP 	New trial (rep=0, index=2): OrderedDict([('firstTime', 2.7), ('secondTime', 1.8), ('corrAns', 'left'), ('plusStart', 3.2), ('secondStart', 4.2), ('respStart', 6.0), ('randNum', 0.06690605599999999)])
577.1079 	EXP 	firstcircle_3: autoDraw = False
577.1079 	EXP 	text_3: autoDraw = False
577.1079 	EXP 	secondcircle: autoDraw = False
577.1079 	EXP 	text_4: autoDraw = False
577.1079 	EXP 	text_4: autoDraw = True
577.6079 	EXP 	text_4: autoDraw = False
577.6246 	EXP 	firstcircle_3: autoDraw = True
580.3078 	EXP 	firstcircle_3: autoDraw = False
580.3245 	EXP 	text_3: autoDraw = True
581.3078 	EXP 	text_3: autoDraw = False
581.3245 	EXP 	secondcircle: autoDraw = True
583.1078 	EXP 	secondcircle: autoDraw = False
583.8098 	DATA 	Keypress: left
583.8112 	EXP 	New trial (rep=0, index=3): OrderedDict([('firstTime', 8.8), ('secondTime', 9.9), ('corrAns', 'right'), ('plusStart', 9.3), ('secondStart', 10.3), ('respStart', 20.2), ('randNum', 0.09555333099999999)])
583.8244 	EXP 	firstcircle_3: autoDraw = False
583.8244 	EXP 	text_3: autoDraw = False
583.8244 	EXP 	secondcircle: autoDraw = False
583.8244 	EXP 	text_4: autoDraw = False
583.8244 	EXP 	text_4: autoDraw = True
584.3244 	EXP 	text_4: autoDraw = False
584.3411 	EXP 	firstcircle_3: autoDraw = True
593.1243 	EXP 	firstcircle_3: autoDraw = False
593.1410 	EXP 	text_3: autoDraw = True
594.1243 	EXP 	text_3: autoDraw = False
594.1410 	EXP 	secondcircle: autoDraw = True
604.0242 	EXP 	secondcircle: autoDraw = False
604.6928 	DATA 	Keypress: right
604.6942 	EXP 	New trial (rep=0, index=4): OrderedDict([('firstTime', 1.8), ('secondTime', 2.7), ('corrAns', 'right'), ('plusStart', 2.3), ('secondStart', 3.3), ('respStart', 6.0), ('randNum', 0.559320406)])
604.7075 	EXP 	firstcircle_3: autoDraw = False
604.7075 	EXP 	text_3: autoDraw = False
604.7075 	EXP 	secondcircle: autoDraw = False
604.7075 	EXP 	text_4: autoDraw = False
604.7075 	EXP 	text_4: autoDraw = True
605.2075 	EXP 	text_4: autoDraw = False
605.2241 	EXP 	firstcircle_3: autoDraw = True
607.0075 	EXP 	firstcircle_3: autoDraw = False
607.0241 	EXP 	text_3: autoDraw = True
608.0075 	EXP 	text_3: autoDraw = False
608.0241 	EXP 	secondcircle: autoDraw = True
610.7074 	EXP 	secondcircle: autoDraw = False
611.1762 	DATA 	Keypress: right
611.1775 	EXP 	New trial (rep=0, index=5): OrderedDict([('firstTime', 3.5), ('secondTime', 2.1), ('corrAns', 'left'), ('plusStart', 4.0), ('secondStart', 5.0), ('respStart', 7.1), ('randNum', 0.885130943)])
611.1907 	EXP 	firstcircle_3: autoDraw = False
611.1907 	EXP 	text_3: autoDraw = False
611.1907 	EXP 	secondcircle: autoDraw = False
611.1907 	EXP 	text_4: autoDraw = False
611.1907 	EXP 	text_4: autoDraw = True
611.6907 	EXP 	text_4: autoDraw = False
611.7074 	EXP 	firstcircle_3: autoDraw = True
615.1907 	EXP 	firstcircle_3: autoDraw = False
615.2073 	EXP 	text_3: autoDraw = True
616.1907 	EXP 	text_3: autoDraw = False
616.2073 	EXP 	secondcircle: autoDraw = True
618.2906 	EXP 	secondcircle: autoDraw = False
619.3758 	DATA 	Keypress: left
619.3771 	EXP 	New trial (rep=0, index=6): OrderedDict([('firstTime', 2.1), ('secondTime', 2.8), ('corrAns', 'right'), ('plusStart', 2.6), ('secondStart', 3.6), ('respStart', 6.4), ('randNum', 0.7843272990000001)])
619.3906 	EXP 	firstcircle_3: autoDraw = False
619.3906 	EXP 	text_3: autoDraw = False
619.3906 	EXP 	secondcircle: autoDraw = False
619.3906 	EXP 	text_4: autoDraw = False
619.3906 	EXP 	text_4: autoDraw = True
619.8906 	EXP 	text_4: autoDraw = False
619.9073 	EXP 	firstcircle_3: autoDraw = True
621.9906 	EXP 	firstcircle_3: autoDraw = False
622.0073 	EXP 	text_3: autoDraw = True
622.9906 	EXP 	text_3: autoDraw = False
623.0072 	EXP 	secondcircle: autoDraw = True
625.7905 	EXP 	secondcircle: autoDraw = False
626.7759 	DATA 	Keypress: right
626.7772 	EXP 	New trial (rep=0, index=7): OrderedDict([('firstTime', 4.4), ('secondTime', 3.3), ('corrAns', 'left'), ('plusStart', 4.9), ('secondStart', 5.9), ('respStart', 9.2), ('randNum', 0.594355042)])
626.7905 	EXP 	firstcircle_3: autoDraw = False
626.7905 	EXP 	text_3: autoDraw = False
626.7905 	EXP 	secondcircle: autoDraw = False
626.7905 	EXP 	text_4: autoDraw = False
626.7905 	EXP 	text_4: autoDraw = True
627.2906 	EXP 	text_4: autoDraw = False
627.3072 	EXP 	firstcircle_3: autoDraw = True
631.6905 	EXP 	firstcircle_3: autoDraw = False
631.7071 	EXP 	text_3: autoDraw = True
632.6904 	EXP 	text_3: autoDraw = False
632.7071 	EXP 	secondcircle: autoDraw = True
635.9905 	EXP 	secondcircle: autoDraw = False
637.6923 	DATA 	Keypress: left
637.6937 	EXP 	New trial (rep=0, index=8): OrderedDict([('firstTime', 0.9), ('secondTime', 1.8), ('corrAns', 'right'), ('plusStart', 1.4), ('secondStart', 2.4), ('respStart', 4.2), ('randNum', 0.39760777399999997)])
637.7070 	EXP 	firstcircle_3: autoDraw = False
637.7070 	EXP 	text_3: autoDraw = False
637.7070 	EXP 	secondcircle: autoDraw = False
637.7070 	EXP 	text_4: autoDraw = False
637.7070 	EXP 	text_4: autoDraw = True
638.2070 	EXP 	text_4: autoDraw = False
638.2237 	EXP 	firstcircle_3: autoDraw = True
639.1070 	EXP 	firstcircle_3: autoDraw = False
639.1237 	EXP 	text_3: autoDraw = True
640.1070 	EXP 	text_3: autoDraw = False
640.1237 	EXP 	secondcircle: autoDraw = True
641.9070 	EXP 	secondcircle: autoDraw = False
642.4265 	DATA 	Keypress: right
642.4420 	EXP 	New trial (rep=0, index=9): OrderedDict([('firstTime', 3.6), ('secondTime', 3.2), ('corrAns', 'left'), ('plusStart', 4.1), ('secondStart', 5.1), ('respStart', 8.3), ('randNum', 0.454525661)])
642.4570 	EXP 	firstcircle_3: autoDraw = False
642.4570 	EXP 	text_3: autoDraw = False
642.4570 	EXP 	secondcircle: autoDraw = False
642.4570 	EXP 	text_4: autoDraw = False
642.4570 	EXP 	text_4: autoDraw = True
642.9570 	EXP 	text_4: autoDraw = False
642.9736 	EXP 	firstcircle_3: autoDraw = True
646.5569 	EXP 	firstcircle_3: autoDraw = False
646.5736 	EXP 	text_3: autoDraw = True
647.5569 	EXP 	text_3: autoDraw = False
647.5736 	EXP 	secondcircle: autoDraw = True
650.7569 	EXP 	secondcircle: autoDraw = False
651.9423 	DATA 	Keypress: right
651.9436 	EXP 	New trial (rep=0, index=10): OrderedDict([('firstTime', 9.9), ('secondTime', 8.8), ('corrAns', 'left'), ('plusStart', 10.4), ('secondStart', 11.4), ('respStart', 20.2), ('randNum', 0.335173919)])
651.9568 	EXP 	firstcircle_3: autoDraw = False
651.9568 	EXP 	text_3: autoDraw = False
651.9568 	EXP 	secondcircle: autoDraw = False
651.9568 	EXP 	text_4: autoDraw = False
651.9568 	EXP 	text_4: autoDraw = True
652.4568 	EXP 	text_4: autoDraw = False
652.4735 	EXP 	firstcircle_3: autoDraw = True
662.3567 	EXP 	firstcircle_3: autoDraw = False
662.3734 	EXP 	text_3: autoDraw = True
663.3567 	EXP 	text_3: autoDraw = False
663.3734 	EXP 	secondcircle: autoDraw = True
672.1566 	EXP 	secondcircle: autoDraw = False
673.5752 	DATA 	Keypress: right
673.5766 	EXP 	New trial (rep=0, index=11): OrderedDict([('firstTime', 1.8), ('secondTime', 1.2), ('corrAns', 'left'), ('plusStart', 2.3), ('secondStart', 3.3), ('respStart', 4.5), ('randNum', 0.050156068)])
673.5900 	EXP 	firstcircle_3: autoDraw = False
673.5900 	EXP 	text_3: autoDraw = False
673.5900 	EXP 	secondcircle: autoDraw = False
673.5900 	EXP 	text_4: autoDraw = False
673.5900 	EXP 	text_4: autoDraw = True
674.0899 	EXP 	text_4: autoDraw = False
674.1065 	EXP 	firstcircle_3: autoDraw = True
675.8899 	EXP 	firstcircle_3: autoDraw = False
675.9065 	EXP 	text_3: autoDraw = True
676.8899 	EXP 	text_3: autoDraw = False
676.9065 	EXP 	secondcircle: autoDraw = True
678.0899 	EXP 	secondcircle: autoDraw = False
679.1084 	DATA 	Keypress: left
679.1097 	EXP 	New trial (rep=0, index=12): OrderedDict([('firstTime', 2.1), ('secondTime', 3.5), ('corrAns', 'right'), ('plusStart', 2.6), ('secondStart', 3.6), ('respStart', 7.1), ('randNum', 0.553210354)])
679.1231 	EXP 	firstcircle_3: autoDraw = False
679.1231 	EXP 	text_3: autoDraw = False
679.1231 	EXP 	secondcircle: autoDraw = False
679.1231 	EXP 	text_4: autoDraw = False
679.1231 	EXP 	text_4: autoDraw = True
679.6231 	EXP 	text_4: autoDraw = False
679.6398 	EXP 	firstcircle_3: autoDraw = True
681.7231 	EXP 	firstcircle_3: autoDraw = False
681.7398 	EXP 	text_3: autoDraw = True
682.7231 	EXP 	text_3: autoDraw = False
682.7398 	EXP 	secondcircle: autoDraw = True
686.2231 	EXP 	secondcircle: autoDraw = False
686.8918 	DATA 	Keypress: right
686.8932 	EXP 	New trial (rep=0, index=13): OrderedDict([('firstTime', 3.2), ('secondTime', 3.6), ('corrAns', 'right'), ('plusStart', 3.7), ('secondStart', 4.7), ('respStart', 8.3), ('randNum', 0.062598668)])
686.9064 	EXP 	firstcircle_3: autoDraw = False
686.9064 	EXP 	text_3: autoDraw = False
686.9064 	EXP 	secondcircle: autoDraw = False
686.9064 	EXP 	text_4: autoDraw = False
686.9064 	EXP 	text_4: autoDraw = True
687.4064 	EXP 	text_4: autoDraw = False
687.4230 	EXP 	firstcircle_3: autoDraw = True
690.6063 	EXP 	firstcircle_3: autoDraw = False
690.6230 	EXP 	text_3: autoDraw = True
691.6063 	EXP 	text_3: autoDraw = False
691.6230 	EXP 	secondcircle: autoDraw = True
695.2063 	EXP 	secondcircle: autoDraw = False
695.6249 	DATA 	Keypress: right
695.6263 	EXP 	New trial (rep=0, index=14): OrderedDict([('firstTime', 1.5), ('secondTime', 2.5), ('corrAns', 'right'), ('plusStart', 2.0), ('secondStart', 3.0), ('respStart', 5.5), ('randNum', 0.851613693)])
695.6396 	EXP 	firstcircle_3: autoDraw = False
695.6396 	EXP 	text_3: autoDraw = False
695.6396 	EXP 	secondcircle: autoDraw = False
695.6396 	EXP 	text_4: autoDraw = False
695.6396 	EXP 	text_4: autoDraw = True
696.1396 	EXP 	text_4: autoDraw = False
696.1563 	EXP 	firstcircle_3: autoDraw = True
697.6396 	EXP 	firstcircle_3: autoDraw = False
697.6562 	EXP 	text_3: autoDraw = True
698.6396 	EXP 	text_3: autoDraw = False
698.6562 	EXP 	secondcircle: autoDraw = True
701.1395 	EXP 	secondcircle: autoDraw = False
701.9585 	DATA 	Keypress: right
701.9601 	EXP 	New trial (rep=0, index=15): OrderedDict([('firstTime', 1.2), ('secondTime', 1.8), ('corrAns', 'right'), ('plusStart', 1.7), ('secondStart', 2.7), ('respStart', 4.5), ('randNum', 0.9561071459999999)])
701.9729 	EXP 	firstcircle_3: autoDraw = False
701.9729 	EXP 	text_3: autoDraw = False
701.9729 	EXP 	secondcircle: autoDraw = False
701.9729 	EXP 	text_4: autoDraw = False
701.9729 	EXP 	text_4: autoDraw = True
702.4728 	EXP 	text_4: autoDraw = False
702.4895 	EXP 	firstcircle_3: autoDraw = True
703.6728 	EXP 	firstcircle_3: autoDraw = False
703.6895 	EXP 	text_3: autoDraw = True
704.6728 	EXP 	text_3: autoDraw = False
704.6895 	EXP 	secondcircle: autoDraw = True
706.4728 	EXP 	secondcircle: autoDraw = False
707.4081 	DATA 	Keypress: right
707.4095 	EXP 	New trial (rep=0, index=16): OrderedDict([('firstTime', 3.3), ('secondTime', 4.4), ('corrAns', 'right'), ('plusStart', 3.8), ('secondStart', 4.8), ('respStart', 9.2), ('randNum', 0.25372748300000003)])
707.4228 	EXP 	firstcircle_3: autoDraw = False
707.4228 	EXP 	text_3: autoDraw = False
707.4228 	EXP 	secondcircle: autoDraw = False
707.4228 	EXP 	text_4: autoDraw = False
707.4228 	EXP 	text_4: autoDraw = True
707.9228 	EXP 	text_4: autoDraw = False
707.9394 	EXP 	firstcircle_3: autoDraw = True
711.2227 	EXP 	firstcircle_3: autoDraw = False
711.2394 	EXP 	text_3: autoDraw = True
712.2227 	EXP 	text_3: autoDraw = False
712.2394 	EXP 	secondcircle: autoDraw = True
716.6226 	EXP 	secondcircle: autoDraw = False
717.5414 	DATA 	Keypress: right
717.5428 	EXP 	New trial (rep=0, index=17): OrderedDict([('firstTime', 1.8), ('secondTime', 0.9), ('corrAns', 'left'), ('plusStart', 2.3), ('secondStart', 3.3), ('respStart', 4.2), ('randNum', 0.328250033)])
717.5560 	EXP 	firstcircle_3: autoDraw = False
717.5560 	EXP 	text_3: autoDraw = False
717.5560 	EXP 	secondcircle: autoDraw = False
717.5560 	EXP 	text_4: autoDraw = False
717.5560 	EXP 	text_4: autoDraw = True
718.0560 	EXP 	text_4: autoDraw = False
718.0726 	EXP 	firstcircle_3: autoDraw = True
719.8559 	EXP 	firstcircle_3: autoDraw = False
719.8727 	EXP 	text_3: autoDraw = True
720.8559 	EXP 	text_3: autoDraw = False
720.8726 	EXP 	secondcircle: autoDraw = True
721.7560 	EXP 	secondcircle: autoDraw = False
724.3579 	DATA 	Keypress: right
724.3593 	EXP 	New trial (rep=0, index=18): OrderedDict([('firstTime', 1.4), ('secondTime', 0.7), ('corrAns', 'left'), ('plusStart', 1.9), ('secondStart', 2.9), ('respStart', 3.6), ('randNum', 0.26139814899999997)])
724.3725 	EXP 	firstcircle_3: autoDraw = False
724.3725 	EXP 	text_3: autoDraw = False
724.3725 	EXP 	secondcircle: autoDraw = False
724.3725 	EXP 	text_4: autoDraw = False
724.3725 	EXP 	text_4: autoDraw = True
724.8725 	EXP 	text_4: autoDraw = False
724.8892 	EXP 	firstcircle_3: autoDraw = True
726.2725 	EXP 	firstcircle_3: autoDraw = False
726.2892 	EXP 	text_3: autoDraw = True
727.2725 	EXP 	text_3: autoDraw = False
727.2892 	EXP 	secondcircle: autoDraw = True
727.9725 	EXP 	secondcircle: autoDraw = False
728.7075 	DATA 	Keypress: left
728.7088 	EXP 	New trial (rep=0, index=19): OrderedDict([('firstTime', 0.7), ('secondTime', 1.4), ('corrAns', 'right'), ('plusStart', 1.2), ('secondStart', 2.2), ('respStart', 3.6), ('randNum', 0.515481866)])
728.7225 	EXP 	firstcircle_3: autoDraw = False
728.7225 	EXP 	text_3: autoDraw = False
728.7225 	EXP 	secondcircle: autoDraw = False
728.7225 	EXP 	text_4: autoDraw = False
728.7225 	EXP 	text_4: autoDraw = True
729.2225 	EXP 	text_4: autoDraw = False
729.2391 	EXP 	firstcircle_3: autoDraw = True
729.9225 	EXP 	firstcircle_3: autoDraw = False
729.9391 	EXP 	text_3: autoDraw = True
730.9225 	EXP 	text_3: autoDraw = False
730.9391 	EXP 	secondcircle: autoDraw = True
732.3224 	EXP 	secondcircle: autoDraw = False
733.0911 	DATA 	Keypress: right
733.1057 	EXP 	firstcircle_3: autoDraw = False
733.1057 	EXP 	text_3: autoDraw = False
733.1057 	EXP 	secondcircle: autoDraw = False
733.1057 	EXP 	text_4: autoDraw = False
733.1057 	EXP 	text_2: autoDraw = True
736.3758 	EXP 	window1: mouseVisible = True
