1.5402 	WARNING 	sounddevice audio lib was requested but not loaded: sounddevice not working
15.3743 	WARNING 	User requested fullscreen with size [1024  768], but screen is actually [1440, 900]. Using actual size
16.0346 	EXP 	Created window1 = Window(allowGUI=False, allowStencil=False, args=UNKNOWN, autoLog=True, bitsMode=UNKNOWN, blendMode='avg', color=array([0., 0., 0.]), colorSpace='rgb', fullscr=<method-wrapper '__getattribute__' of attributeSetter object at 0x1122f0860>, gamma=None, kwargs=UNKNOWN, lms=UNKNOWN, monitor=<psychopy.monitors.calibTools.Monitor object at 0x113bd7400>, multiSample=False, name='window1', numSamples=2, pos=[0.0, 0.0], screen=0, size=array([2880, 1800]), stereo=False, units='norm', useFBO=True, useRetina=True, viewOri=0.0, viewPos=None, viewScale=None, waitBlanking=True, winType='pyglet')
16.0346 	EXP 	window1: recordFrameIntervals = False
16.2004 	EXP 	window1: recordFrameIntervals = True
16.3839 	EXP 	window1: recordFrameIntervals = False
16.5142 	EXP 	Created insRound1 = TextStim(__class__=<class 'psychopy.visual.text.TextStim'>, alignHoriz='center', alignVert='center', antialias=True, autoLog=True, bold=False, color='white', colorSpace='named', contrast=1.0, depth=0.0, flipHoriz=False, flipVert=False, font='Arial', fontFiles=[], height=0.07, italic=False, languageStyle='LTR', name='insRound1', opacity=1.0, ori=0, pos=array([0., 0.]), rgb=array([255., 255., 255.]), text=str(...), units='norm', win=Window(...), wrapWidth=1)
16.5241 	EXP 	Created text = TextStim(__class__=<class 'psychopy.visual.text.TextStim'>, alignHoriz='center', alignVert='center', antialias=True, autoLog=True, bold=False, color='white', colorSpace='named', contrast=1.0, depth=0.0, flipHoriz=False, flipVert=False, font='Arial', fontFiles=[], height=0.1, italic=False, languageStyle='LTR', name='text', opacity=1.0, ori=0, pos=array([0., 0.]), rgb=array([255., 255., 255.]), text='Block 1 starts\n\nPress space', units='norm', win=Window(...), wrapWidth=1)
16.5351 	EXP 	Created firstcircle_3 = Polygon(__class__=<class 'psychopy.visual.polygon.Polygon'>, autoDraw=False, autoLog=True, closeShape=True, color=method-wrapper(...), colorSpace=None, contrast=1.0, depth=0.0, fillColor=array([1., 1., 1.]), fillColorSpace='rgb', fillRGB=array([1., 1., 1.]), interpolate=True, lineColor=array([1., 1., 1.]), lineColorSpace='rgb', lineRGB=array([1., 1., 1.]), lineWidth=1, name='firstcircle_3', opacity=1.0, ori=array(0.), pos=array([0., 0.]), size=array([0.3, 0.5]), units='norm', vertices=ndarray(...), win=Window(...))
16.5394 	EXP 	Created text_3 = TextStim(__class__=<class 'psychopy.visual.text.TextStim'>, alignHoriz='center', alignVert='center', antialias=True, autoLog=True, bold=False, color='white', colorSpace='named', contrast=1.0, depth=-2.0, flipHoriz=False, flipVert=False, font='Arial', fontFiles=[], height=0.1, italic=False, languageStyle='LTR', name='text_3', opacity=1.0, ori=0, pos=array([0., 0.]), rgb=array([255., 255., 255.]), text='+', units='norm', win=Window(...), wrapWidth=1)
16.5433 	EXP 	Created secondcircle = Polygon(__class__=<class 'psychopy.visual.polygon.Polygon'>, autoDraw=False, autoLog=True, closeShape=True, color=method-wrapper(...), colorSpace=None, contrast=1.0, depth=-3.0, fillColor=array([-1., -1., -1.]), fillColorSpace='rgb', fillRGB=array([-1., -1., -1.]), interpolate=True, lineColor=array([-1., -1., -1.]), lineColorSpace='rgb', lineRGB=array([-1., -1., -1.]), lineWidth=1, name='secondcircle', opacity=1.0, ori=array(0.), pos=array([0., 0.]), size=array([0.3, 0.5]), units='norm', vertices=ndarray(...), win=Window(...))
16.5476 	EXP 	Created text_4 = TextStim(__class__=<class 'psychopy.visual.text.TextStim'>, alignHoriz='center', alignVert='center', antialias=True, autoLog=True, bold=False, color='white', colorSpace='named', contrast=1.0, depth=-4.0, flipHoriz=False, flipVert=False, font='Arial', fontFiles=[], height=0.1, italic=False, languageStyle='LTR', name='text_4', opacity=1.0, ori=0, pos=array([0., 0.]), rgb=array([255., 255., 255.]), text='next', units='norm', win=Window(...), wrapWidth=1)
16.5545 	EXP 	Created text_5 = TextStim(__class__=<class 'psychopy.visual.text.TextStim'>, alignHoriz='center', alignVert='center', antialias=True, autoLog=True, bold=False, color='white', colorSpace='named', contrast=1.0, depth=0.0, flipHoriz=False, flipVert=False, font='Arial', fontFiles=[], height=0.1, italic=False, languageStyle='LTR', name='text_5', opacity=1.0, ori=0, pos=array([0., 0.]), rgb=array([255., 255., 255.]), text='Block 2 starts\n\nPress space', units='norm', win=Window(...), wrapWidth=1)
16.5571 	EXP 	Created firstcircle_3 = Polygon(__class__=<class 'psychopy.visual.polygon.Polygon'>, autoDraw=False, autoLog=True, closeShape=True, color=method-wrapper(...), colorSpace=None, contrast=1.0, depth=0.0, fillColor=array([1., 1., 1.]), fillColorSpace='rgb', fillRGB=array([1., 1., 1.]), interpolate=True, lineColor=array([1., 1., 1.]), lineColorSpace='rgb', lineRGB=array([1., 1., 1.]), lineWidth=1, name='firstcircle_3', opacity=1.0, ori=array(0.), pos=array([0., 0.]), size=array([0.3, 0.5]), units='norm', vertices=ndarray(...), win=Window(...))
16.5590 	EXP 	Created text_3 = TextStim(__class__=<class 'psychopy.visual.text.TextStim'>, alignHoriz='center', alignVert='center', antialias=True, autoLog=True, bold=False, color='white', colorSpace='named', contrast=1.0, depth=-2.0, flipHoriz=False, flipVert=False, font='Arial', fontFiles=[], height=0.1, italic=False, languageStyle='LTR', name='text_3', opacity=1.0, ori=0, pos=array([0., 0.]), rgb=array([255., 255., 255.]), text='+', units='norm', win=Window(...), wrapWidth=1)
16.5615 	EXP 	Created secondcircle = Polygon(__class__=<class 'psychopy.visual.polygon.Polygon'>, autoDraw=False, autoLog=True, closeShape=True, color=method-wrapper(...), colorSpace=None, contrast=1.0, depth=-3.0, fillColor=array([-1., -1., -1.]), fillColorSpace='rgb', fillRGB=array([-1., -1., -1.]), interpolate=True, lineColor=array([-1., -1., -1.]), lineColorSpace='rgb', lineRGB=array([-1., -1., -1.]), lineWidth=1, name='secondcircle', opacity=1.0, ori=array(0.), pos=array([0., 0.]), size=array([0.3, 0.5]), units='norm', vertices=ndarray(...), win=Window(...))
16.5636 	EXP 	Created text_4 = TextStim(__class__=<class 'psychopy.visual.text.TextStim'>, alignHoriz='center', alignVert='center', antialias=True, autoLog=True, bold=False, color='white', colorSpace='named', contrast=1.0, depth=-4.0, flipHoriz=False, flipVert=False, font='Arial', fontFiles=[], height=0.1, italic=False, languageStyle='LTR', name='text_4', opacity=1.0, ori=0, pos=array([0., 0.]), rgb=array([255., 255., 255.]), text='next', units='norm', win=Window(...), wrapWidth=1)
16.5694 	EXP 	Created text_6 = TextStim(__class__=<class 'psychopy.visual.text.TextStim'>, alignHoriz='center', alignVert='center', antialias=True, autoLog=True, bold=False, color='white', colorSpace='named', contrast=1.0, depth=0.0, flipHoriz=False, flipVert=False, font='Arial', fontFiles=[], height=0.1, italic=False, languageStyle='LTR', name='text_6', opacity=1.0, ori=0, pos=array([0., 0.]), rgb=array([255., 255., 255.]), text='Block 3 starts\n\nPress space', units='norm', win=Window(...), wrapWidth=1)
16.5718 	EXP 	Created firstcircle_3 = Polygon(__class__=<class 'psychopy.visual.polygon.Polygon'>, autoDraw=False, autoLog=True, closeShape=True, color=method-wrapper(...), colorSpace=None, contrast=1.0, depth=0.0, fillColor=array([1., 1., 1.]), fillColorSpace='rgb', fillRGB=array([1., 1., 1.]), interpolate=True, lineColor=array([1., 1., 1.]), lineColorSpace='rgb', lineRGB=array([1., 1., 1.]), lineWidth=1, name='firstcircle_3', opacity=1.0, ori=array(0.), pos=array([0., 0.]), size=array([0.3, 0.5]), units='norm', vertices=ndarray(...), win=Window(...))
16.5737 	EXP 	Created text_3 = TextStim(__class__=<class 'psychopy.visual.text.TextStim'>, alignHoriz='center', alignVert='center', antialias=True, autoLog=True, bold=False, color='white', colorSpace='named', contrast=1.0, depth=-2.0, flipHoriz=False, flipVert=False, font='Arial', fontFiles=[], height=0.1, italic=False, languageStyle='LTR', name='text_3', opacity=1.0, ori=0, pos=array([0., 0.]), rgb=array([255., 255., 255.]), text='+', units='norm', win=Window(...), wrapWidth=1)
16.5763 	EXP 	Created secondcircle = Polygon(__class__=<class 'psychopy.visual.polygon.Polygon'>, autoDraw=False, autoLog=True, closeShape=True, color=method-wrapper(...), colorSpace=None, contrast=1.0, depth=-3.0, fillColor=array([-1., -1., -1.]), fillColorSpace='rgb', fillRGB=array([-1., -1., -1.]), interpolate=True, lineColor=array([-1., -1., -1.]), lineColorSpace='rgb', lineRGB=array([-1., -1., -1.]), lineWidth=1, name='secondcircle', opacity=1.0, ori=array(0.), pos=array([0., 0.]), size=array([0.3, 0.5]), units='norm', vertices=ndarray(...), win=Window(...))
16.5785 	EXP 	Created text_4 = TextStim(__class__=<class 'psychopy.visual.text.TextStim'>, alignHoriz='center', alignVert='center', antialias=True, autoLog=True, bold=False, color='white', colorSpace='named', contrast=1.0, depth=-4.0, flipHoriz=False, flipVert=False, font='Arial', fontFiles=[], height=0.1, italic=False, languageStyle='LTR', name='text_4', opacity=1.0, ori=0, pos=array([0., 0.]), rgb=array([255., 255., 255.]), text='next', units='norm', win=Window(...), wrapWidth=1)
16.5844 	EXP 	Created text_7 = TextStim(__class__=<class 'psychopy.visual.text.TextStim'>, alignHoriz='center', alignVert='center', antialias=True, autoLog=True, bold=False, color='white', colorSpace='named', contrast=1.0, depth=0.0, flipHoriz=False, flipVert=False, font='Arial', fontFiles=[], height=0.1, italic=False, languageStyle='LTR', name='text_7', opacity=1.0, ori=0, pos=array([0., 0.]), rgb=array([255., 255., 255.]), text='Block 4 starts\n\nPress space', units='norm', win=Window(...), wrapWidth=1)
16.5869 	EXP 	Created firstcircle_3 = Polygon(__class__=<class 'psychopy.visual.polygon.Polygon'>, autoDraw=False, autoLog=True, closeShape=True, color=method-wrapper(...), colorSpace=None, contrast=1.0, depth=0.0, fillColor=array([1., 1., 1.]), fillColorSpace='rgb', fillRGB=array([1., 1., 1.]), interpolate=True, lineColor=array([1., 1., 1.]), lineColorSpace='rgb', lineRGB=array([1., 1., 1.]), lineWidth=1, name='firstcircle_3', opacity=1.0, ori=array(0.), pos=array([0., 0.]), size=array([0.3, 0.5]), units='norm', vertices=ndarray(...), win=Window(...))
16.5888 	EXP 	Created text_3 = TextStim(__class__=<class 'psychopy.visual.text.TextStim'>, alignHoriz='center', alignVert='center', antialias=True, autoLog=True, bold=False, color='white', colorSpace='named', contrast=1.0, depth=-2.0, flipHoriz=False, flipVert=False, font='Arial', fontFiles=[], height=0.1, italic=False, languageStyle='LTR', name='text_3', opacity=1.0, ori=0, pos=array([0., 0.]), rgb=array([255., 255., 255.]), text='+', units='norm', win=Window(...), wrapWidth=1)
16.5913 	EXP 	Created secondcircle = Polygon(__class__=<class 'psychopy.visual.polygon.Polygon'>, autoDraw=False, autoLog=True, closeShape=True, color=method-wrapper(...), colorSpace=None, contrast=1.0, depth=-3.0, fillColor=array([-1., -1., -1.]), fillColorSpace='rgb', fillRGB=array([-1., -1., -1.]), interpolate=True, lineColor=array([-1., -1., -1.]), lineColorSpace='rgb', lineRGB=array([-1., -1., -1.]), lineWidth=1, name='secondcircle', opacity=1.0, ori=array(0.), pos=array([0., 0.]), size=array([0.3, 0.5]), units='norm', vertices=ndarray(...), win=Window(...))
16.5935 	EXP 	Created text_4 = TextStim(__class__=<class 'psychopy.visual.text.TextStim'>, alignHoriz='center', alignVert='center', antialias=True, autoLog=True, bold=False, color='white', colorSpace='named', contrast=1.0, depth=-4.0, flipHoriz=False, flipVert=False, font='Arial', fontFiles=[], height=0.1, italic=False, languageStyle='LTR', name='text_4', opacity=1.0, ori=0, pos=array([0., 0.]), rgb=array([255., 255., 255.]), text='next', units='norm', win=Window(...), wrapWidth=1)
16.5975 	EXP 	Created text_2 = TextStim(__class__=<class 'psychopy.visual.text.TextStim'>, alignHoriz='center', alignVert='center', antialias=True, autoLog=True, bold=False, color='white', colorSpace='named', contrast=1.0, depth=0.0, flipHoriz=False, flipVert=False, font='Arial', fontFiles=[], height=0.1, italic=False, languageStyle='LTR', name='text_2', opacity=1.0, ori=0, pos=array([0., 0.]), rgb=array([255., 255., 255.]), text='The end', units='norm', win=Window(...), wrapWidth=1)
16.6170 	EXP 	insRound1: autoDraw = True
75.8556 	DATA 	Keypress: space
75.8829 	EXP 	insRound1: autoDraw = False
75.8829 	EXP 	text: autoDraw = True
78.4849 	DATA 	Keypress: space
78.5074 	EXP 	Imported conditionsTime.csv as conditions, 20 conditions, 7 params
78.5078 	EXP 	Created sequence: sequential, trialTypes=20, nReps=1, seed=None
78.5082 	EXP 	New trial (rep=0, index=0): OrderedDict([('firstTime', 1.8), ('secondTime', 1.2), ('corrAns', 'left'), ('plusStart', 2.3), ('secondStart', 3.3), ('respStart', 4.5), ('randNum', 0.17368025899999998)])
78.5162 	EXP 	text: autoDraw = False
78.5162 	EXP 	text_4: autoDraw = True
79.0161 	EXP 	text_4: autoDraw = False
79.0329 	EXP 	firstcircle_3: autoDraw = True
80.8161 	EXP 	firstcircle_3: autoDraw = False
80.8328 	EXP 	text_3: autoDraw = True
81.8161 	EXP 	text_3: autoDraw = False
81.8328 	EXP 	secondcircle: autoDraw = True
83.0161 	EXP 	secondcircle: autoDraw = False
84.1021 	DATA 	Keypress: left
84.1037 	EXP 	New trial (rep=0, index=1): OrderedDict([('firstTime', 3.6), ('secondTime', 3.2), ('corrAns', 'left'), ('plusStart', 4.1), ('secondStart', 5.1), ('respStart', 8.3), ('randNum', 0.41458448299999995)])
84.1161 	EXP 	firstcircle_3: autoDraw = False
84.1161 	EXP 	text_3: autoDraw = False
84.1161 	EXP 	secondcircle: autoDraw = False
84.1161 	EXP 	text_4: autoDraw = False
84.1161 	EXP 	text_4: autoDraw = True
84.6161 	EXP 	text_4: autoDraw = False
84.6328 	EXP 	firstcircle_3: autoDraw = True
88.2160 	EXP 	firstcircle_3: autoDraw = False
88.2327 	EXP 	text_3: autoDraw = True
89.2160 	EXP 	text_3: autoDraw = False
89.2327 	EXP 	secondcircle: autoDraw = True
92.4160 	EXP 	secondcircle: autoDraw = False
93.4846 	DATA 	Keypress: left
93.4860 	EXP 	New trial (rep=0, index=2): OrderedDict([('firstTime', 2.5), ('secondTime', 1.5), ('corrAns', 'left'), ('plusStart', 3.0), ('secondStart', 4.0), ('respStart', 5.5), ('randNum', 0.148607464)])
93.4993 	EXP 	firstcircle_3: autoDraw = False
93.4993 	EXP 	text_3: autoDraw = False
93.4993 	EXP 	secondcircle: autoDraw = False
93.4993 	EXP 	text_4: autoDraw = False
93.4993 	EXP 	text_4: autoDraw = True
93.9993 	EXP 	text_4: autoDraw = False
94.0159 	EXP 	firstcircle_3: autoDraw = True
96.4992 	EXP 	firstcircle_3: autoDraw = False
96.5159 	EXP 	text_3: autoDraw = True
97.4992 	EXP 	text_3: autoDraw = False
97.5159 	EXP 	secondcircle: autoDraw = True
98.9992 	EXP 	secondcircle: autoDraw = False
100.5013 	DATA 	Keypress: left
100.5026 	EXP 	New trial (rep=0, index=3): OrderedDict([('firstTime', 1.8), ('secondTime', 2.7), ('corrAns', 'right'), ('plusStart', 2.3), ('secondStart', 3.3), ('respStart', 6.0), ('randNum', 0.13554984)])
100.5158 	EXP 	firstcircle_3: autoDraw = False
100.5158 	EXP 	text_3: autoDraw = False
100.5158 	EXP 	secondcircle: autoDraw = False
100.5158 	EXP 	text_4: autoDraw = False
100.5158 	EXP 	text_4: autoDraw = True
101.0158 	EXP 	text_4: autoDraw = False
101.0325 	EXP 	firstcircle_3: autoDraw = True
102.8158 	EXP 	firstcircle_3: autoDraw = False
102.8325 	EXP 	text_3: autoDraw = True
103.8158 	EXP 	text_3: autoDraw = False
103.8325 	EXP 	secondcircle: autoDraw = True
106.5158 	EXP 	secondcircle: autoDraw = False
107.2510 	DATA 	Keypress: right
107.2523 	EXP 	New trial (rep=0, index=4): OrderedDict([('firstTime', 1.2), ('secondTime', 1.8), ('corrAns', 'right'), ('plusStart', 1.7), ('secondStart', 2.7), ('respStart', 4.5), ('randNum', 0.309174352)])
107.2658 	EXP 	firstcircle_3: autoDraw = False
107.2658 	EXP 	text_3: autoDraw = False
107.2658 	EXP 	secondcircle: autoDraw = False
107.2658 	EXP 	text_4: autoDraw = False
107.2658 	EXP 	text_4: autoDraw = True
107.7658 	EXP 	text_4: autoDraw = False
107.7824 	EXP 	firstcircle_3: autoDraw = True
108.9657 	EXP 	firstcircle_3: autoDraw = False
108.9824 	EXP 	text_3: autoDraw = True
109.9657 	EXP 	text_3: autoDraw = False
109.9824 	EXP 	secondcircle: autoDraw = True
111.7657 	EXP 	secondcircle: autoDraw = False
112.4510 	DATA 	Keypress: right
112.4524 	EXP 	New trial (rep=0, index=5): OrderedDict([('firstTime', 8.8), ('secondTime', 9.9), ('corrAns', 'right'), ('plusStart', 9.3), ('secondStart', 10.3), ('respStart', 20.2), ('randNum', 0.7009299529999999)])
112.4657 	EXP 	firstcircle_3: autoDraw = False
112.4657 	EXP 	text_3: autoDraw = False
112.4657 	EXP 	secondcircle: autoDraw = False
112.4657 	EXP 	text_4: autoDraw = False
112.4657 	EXP 	text_4: autoDraw = True
112.9657 	EXP 	text_4: autoDraw = False
112.9824 	EXP 	firstcircle_3: autoDraw = True
121.7655 	EXP 	firstcircle_3: autoDraw = False
121.7823 	EXP 	text_3: autoDraw = True
122.7655 	EXP 	text_3: autoDraw = False
122.7822 	EXP 	secondcircle: autoDraw = True
132.6654 	EXP 	secondcircle: autoDraw = False
133.4671 	DATA 	Keypress: right
133.4684 	EXP 	New trial (rep=0, index=6): OrderedDict([('firstTime', 3.3), ('secondTime', 4.4), ('corrAns', 'right'), ('plusStart', 3.8), ('secondStart', 4.8), ('respStart', 9.2), ('randNum', 0.705723743)])
133.4821 	EXP 	firstcircle_3: autoDraw = False
133.4821 	EXP 	text_3: autoDraw = False
133.4821 	EXP 	secondcircle: autoDraw = False
133.4821 	EXP 	text_4: autoDraw = False
133.4821 	EXP 	text_4: autoDraw = True
133.9821 	EXP 	text_4: autoDraw = False
133.9987 	EXP 	firstcircle_3: autoDraw = True
137.2820 	EXP 	firstcircle_3: autoDraw = False
137.2987 	EXP 	text_3: autoDraw = True
138.2820 	EXP 	text_3: autoDraw = False
138.2987 	EXP 	secondcircle: autoDraw = True
142.6820 	EXP 	secondcircle: autoDraw = False
143.2019 	DATA 	Keypress: right
143.2170 	EXP 	New trial (rep=0, index=7): OrderedDict([('firstTime', 3.5), ('secondTime', 2.1), ('corrAns', 'left'), ('plusStart', 4.0), ('secondStart', 5.0), ('respStart', 7.1), ('randNum', 0.544523215)])
143.2319 	EXP 	firstcircle_3: autoDraw = False
143.2319 	EXP 	text_3: autoDraw = False
143.2319 	EXP 	secondcircle: autoDraw = False
143.2319 	EXP 	text_4: autoDraw = False
143.2319 	EXP 	text_4: autoDraw = True
143.7319 	EXP 	text_4: autoDraw = False
143.7486 	EXP 	firstcircle_3: autoDraw = True
147.2319 	EXP 	firstcircle_3: autoDraw = False
147.2486 	EXP 	text_3: autoDraw = True
148.2319 	EXP 	text_3: autoDraw = False
148.2485 	EXP 	secondcircle: autoDraw = True
150.3318 	EXP 	secondcircle: autoDraw = False
151.4338 	DATA 	Keypress: left
151.4351 	EXP 	New trial (rep=0, index=8): OrderedDict([('firstTime', 1.4), ('secondTime', 0.7), ('corrAns', 'left'), ('plusStart', 1.9), ('secondStart', 2.9), ('respStart', 3.6), ('randNum', 0.53553232)])
151.4485 	EXP 	firstcircle_3: autoDraw = False
151.4485 	EXP 	text_3: autoDraw = False
151.4485 	EXP 	secondcircle: autoDraw = False
151.4485 	EXP 	text_4: autoDraw = False
151.4485 	EXP 	text_4: autoDraw = True
151.9485 	EXP 	text_4: autoDraw = False
151.9652 	EXP 	firstcircle_3: autoDraw = True
153.3485 	EXP 	firstcircle_3: autoDraw = False
153.3651 	EXP 	text_3: autoDraw = True
154.3485 	EXP 	text_3: autoDraw = False
154.3651 	EXP 	secondcircle: autoDraw = True
155.0484 	EXP 	secondcircle: autoDraw = False
155.9504 	DATA 	Keypress: left
155.9518 	EXP 	New trial (rep=0, index=9): OrderedDict([('firstTime', 4.4), ('secondTime', 3.3), ('corrAns', 'left'), ('plusStart', 4.9), ('secondStart', 5.9), ('respStart', 9.2), ('randNum', 0.255641654)])
155.9651 	EXP 	firstcircle_3: autoDraw = False
155.9651 	EXP 	text_3: autoDraw = False
155.9651 	EXP 	secondcircle: autoDraw = False
155.9651 	EXP 	text_4: autoDraw = False
155.9651 	EXP 	text_4: autoDraw = True
156.4651 	EXP 	text_4: autoDraw = False
156.4818 	EXP 	firstcircle_3: autoDraw = True
160.8650 	EXP 	firstcircle_3: autoDraw = False
160.8818 	EXP 	text_3: autoDraw = True
161.8650 	EXP 	text_3: autoDraw = False
161.8817 	EXP 	secondcircle: autoDraw = True
165.1650 	EXP 	secondcircle: autoDraw = False
166.0169 	DATA 	Keypress: left
166.0182 	EXP 	New trial (rep=0, index=10): OrderedDict([('firstTime', 3.2), ('secondTime', 3.6), ('corrAns', 'right'), ('plusStart', 3.7), ('secondStart', 4.7), ('respStart', 8.3), ('randNum', 0.140100939)])
166.0316 	EXP 	firstcircle_3: autoDraw = False
166.0316 	EXP 	text_3: autoDraw = False
166.0316 	EXP 	secondcircle: autoDraw = False
166.0316 	EXP 	text_4: autoDraw = False
166.0316 	EXP 	text_4: autoDraw = True
166.5316 	EXP 	text_4: autoDraw = False
166.5483 	EXP 	firstcircle_3: autoDraw = True
169.7316 	EXP 	firstcircle_3: autoDraw = False
169.7482 	EXP 	text_3: autoDraw = True
170.7316 	EXP 	text_3: autoDraw = False
170.7482 	EXP 	secondcircle: autoDraw = True
174.3315 	EXP 	secondcircle: autoDraw = False
175.9835 	DATA 	Keypress: left
175.9849 	EXP 	New trial (rep=0, index=11): OrderedDict([('firstTime', 2.8), ('secondTime', 2.1), ('corrAns', 'left'), ('plusStart', 3.3), ('secondStart', 4.3), ('respStart', 6.4), ('randNum', 0.019093293)])
175.9982 	EXP 	firstcircle_3: autoDraw = False
175.9982 	EXP 	text_3: autoDraw = False
175.9982 	EXP 	secondcircle: autoDraw = False
175.9982 	EXP 	text_4: autoDraw = False
175.9982 	EXP 	text_4: autoDraw = True
176.4982 	EXP 	text_4: autoDraw = False
176.5148 	EXP 	firstcircle_3: autoDraw = True
179.2981 	EXP 	firstcircle_3: autoDraw = False
179.3148 	EXP 	text_3: autoDraw = True
180.2981 	EXP 	text_3: autoDraw = False
180.3148 	EXP 	secondcircle: autoDraw = True
182.3981 	EXP 	secondcircle: autoDraw = False
183.8667 	DATA 	Keypress: right
183.8680 	EXP 	New trial (rep=0, index=12): OrderedDict([('firstTime', 0.9), ('secondTime', 1.8), ('corrAns', 'right'), ('plusStart', 1.4), ('secondStart', 2.4), ('respStart', 4.2), ('randNum', 0.461070472)])
183.8814 	EXP 	firstcircle_3: autoDraw = False
183.8814 	EXP 	text_3: autoDraw = False
183.8814 	EXP 	secondcircle: autoDraw = False
183.8814 	EXP 	text_4: autoDraw = False
183.8814 	EXP 	text_4: autoDraw = True
184.3814 	EXP 	text_4: autoDraw = False
184.3981 	EXP 	firstcircle_3: autoDraw = True
185.2814 	EXP 	firstcircle_3: autoDraw = False
185.2980 	EXP 	text_3: autoDraw = True
186.2814 	EXP 	text_3: autoDraw = False
186.2980 	EXP 	secondcircle: autoDraw = True
188.0813 	EXP 	secondcircle: autoDraw = False
190.0333 	DATA 	Keypress: right
190.0347 	EXP 	New trial (rep=0, index=13): OrderedDict([('firstTime', 2.1), ('secondTime', 2.8), ('corrAns', 'right'), ('plusStart', 2.6), ('secondStart', 3.6), ('respStart', 6.4), ('randNum', 0.22761601199999998)])
190.0480 	EXP 	firstcircle_3: autoDraw = False
190.0480 	EXP 	text_3: autoDraw = False
190.0480 	EXP 	secondcircle: autoDraw = False
190.0480 	EXP 	text_4: autoDraw = False
190.0480 	EXP 	text_4: autoDraw = True
190.5480 	EXP 	text_4: autoDraw = False
190.5646 	EXP 	firstcircle_3: autoDraw = True
192.6479 	EXP 	firstcircle_3: autoDraw = False
192.6646 	EXP 	text_3: autoDraw = True
193.6479 	EXP 	text_3: autoDraw = False
193.6646 	EXP 	secondcircle: autoDraw = True
196.4479 	EXP 	secondcircle: autoDraw = False
197.3165 	DATA 	Keypress: right
197.3179 	EXP 	New trial (rep=0, index=14): OrderedDict([('firstTime', 0.7), ('secondTime', 1.4), ('corrAns', 'right'), ('plusStart', 1.2), ('secondStart', 2.2), ('respStart', 3.6), ('randNum', 0.436550891)])
197.3312 	EXP 	firstcircle_3: autoDraw = False
197.3312 	EXP 	text_3: autoDraw = False
197.3312 	EXP 	secondcircle: autoDraw = False
197.3312 	EXP 	text_4: autoDraw = False
197.3312 	EXP 	text_4: autoDraw = True
197.8312 	EXP 	text_4: autoDraw = False
197.8479 	EXP 	firstcircle_3: autoDraw = True
198.5312 	EXP 	firstcircle_3: autoDraw = False
198.5479 	EXP 	text_3: autoDraw = True
199.5312 	EXP 	text_3: autoDraw = False
199.5478 	EXP 	secondcircle: autoDraw = True
200.9312 	EXP 	secondcircle: autoDraw = False
201.9998 	DATA 	Keypress: right
202.0012 	EXP 	New trial (rep=0, index=15): OrderedDict([('firstTime', 1.8), ('secondTime', 0.9), ('corrAns', 'left'), ('plusStart', 2.3), ('secondStart', 3.3), ('respStart', 4.2), ('randNum', 0.028891147000000002)])
202.0145 	EXP 	firstcircle_3: autoDraw = False
202.0145 	EXP 	text_3: autoDraw = False
202.0145 	EXP 	secondcircle: autoDraw = False
202.0145 	EXP 	text_4: autoDraw = False
202.0145 	EXP 	text_4: autoDraw = True
202.5146 	EXP 	text_4: autoDraw = False
202.5312 	EXP 	firstcircle_3: autoDraw = True
204.3144 	EXP 	firstcircle_3: autoDraw = False
204.3311 	EXP 	text_3: autoDraw = True
205.3144 	EXP 	text_3: autoDraw = False
205.3311 	EXP 	secondcircle: autoDraw = True
206.2144 	EXP 	secondcircle: autoDraw = False
206.9830 	DATA 	Keypress: left
206.9844 	EXP 	New trial (rep=0, index=16): OrderedDict([('firstTime', 2.7), ('secondTime', 1.8), ('corrAns', 'left'), ('plusStart', 3.2), ('secondStart', 4.2), ('respStart', 6.0), ('randNum', 0.277400549)])
206.9977 	EXP 	firstcircle_3: autoDraw = False
206.9977 	EXP 	text_3: autoDraw = False
206.9977 	EXP 	secondcircle: autoDraw = False
206.9977 	EXP 	text_4: autoDraw = False
206.9977 	EXP 	text_4: autoDraw = True
207.4977 	EXP 	text_4: autoDraw = False
207.5144 	EXP 	firstcircle_3: autoDraw = True
210.1977 	EXP 	firstcircle_3: autoDraw = False
210.2144 	EXP 	text_3: autoDraw = True
211.1977 	EXP 	text_3: autoDraw = False
211.2143 	EXP 	secondcircle: autoDraw = True
212.9977 	EXP 	secondcircle: autoDraw = False
213.7830 	DATA 	Keypress: left
213.7844 	EXP 	New trial (rep=0, index=17): OrderedDict([('firstTime', 9.9), ('secondTime', 8.8), ('corrAns', 'left'), ('plusStart', 10.4), ('secondStart', 11.4), ('respStart', 20.2), ('randNum', 0.9607848720000001)])
213.7977 	EXP 	firstcircle_3: autoDraw = False
213.7977 	EXP 	text_3: autoDraw = False
213.7977 	EXP 	secondcircle: autoDraw = False
213.7977 	EXP 	text_4: autoDraw = False
213.7977 	EXP 	text_4: autoDraw = True
214.2976 	EXP 	text_4: autoDraw = False
214.3143 	EXP 	firstcircle_3: autoDraw = True
224.1975 	EXP 	firstcircle_3: autoDraw = False
224.2142 	EXP 	text_3: autoDraw = True
225.1975 	EXP 	text_3: autoDraw = False
225.2142 	EXP 	secondcircle: autoDraw = True
233.9974 	EXP 	secondcircle: autoDraw = False
235.5996 	DATA 	Keypress: left
235.6157 	EXP 	New trial (rep=0, index=18): OrderedDict([('firstTime', 2.1), ('secondTime', 3.5), ('corrAns', 'right'), ('plusStart', 2.6), ('secondStart', 3.6), ('respStart', 7.1), ('randNum', 0.609327094)])
235.6307 	EXP 	firstcircle_3: autoDraw = False
235.6307 	EXP 	text_3: autoDraw = False
235.6307 	EXP 	secondcircle: autoDraw = False
235.6307 	EXP 	text_4: autoDraw = False
235.6307 	EXP 	text_4: autoDraw = True
236.1308 	EXP 	text_4: autoDraw = False
236.1474 	EXP 	firstcircle_3: autoDraw = True
238.2307 	EXP 	firstcircle_3: autoDraw = False
238.2473 	EXP 	text_3: autoDraw = True
239.2306 	EXP 	text_3: autoDraw = False
239.2473 	EXP 	secondcircle: autoDraw = True
242.7306 	EXP 	secondcircle: autoDraw = False
243.4990 	DATA 	Keypress: right
243.5004 	EXP 	New trial (rep=0, index=19): OrderedDict([('firstTime', 1.5), ('secondTime', 2.5), ('corrAns', 'right'), ('plusStart', 2.0), ('secondStart', 3.0), ('respStart', 5.5), ('randNum', 0.487304505)])
243.5140 	EXP 	firstcircle_3: autoDraw = False
243.5140 	EXP 	text_3: autoDraw = False
243.5140 	EXP 	secondcircle: autoDraw = False
243.5140 	EXP 	text_4: autoDraw = False
243.5140 	EXP 	text_4: autoDraw = True
244.0139 	EXP 	text_4: autoDraw = False
244.0306 	EXP 	firstcircle_3: autoDraw = True
245.5139 	EXP 	firstcircle_3: autoDraw = False
245.5306 	EXP 	text_3: autoDraw = True
246.5139 	EXP 	text_3: autoDraw = False
246.5305 	EXP 	secondcircle: autoDraw = True
249.0138 	EXP 	secondcircle: autoDraw = False
249.7492 	DATA 	Keypress: right
249.7638 	EXP 	firstcircle_3: autoDraw = False
249.7638 	EXP 	text_3: autoDraw = False
249.7638 	EXP 	secondcircle: autoDraw = False
249.7638 	EXP 	text_4: autoDraw = False
249.7638 	EXP 	text_5: autoDraw = True
251.6162 	DATA 	Keypress: space
251.6218 	EXP 	Imported conditionsTime2.csv as conditions, 20 conditions, 7 params
251.6221 	EXP 	Created sequence: sequential, trialTypes=20, nReps=1, seed=None
251.6225 	EXP 	New trial (rep=0, index=0): OrderedDict([('firstTime', 9.9), ('secondTime', 8.8), ('corrAns', 'left'), ('plusStart', 10.4), ('secondStart', 11.4), ('respStart', 20.2), ('randNum', 0.6005130679999999)])
251.6305 	EXP 	text_5: autoDraw = False
251.6305 	EXP 	text_4: autoDraw = True
252.1305 	EXP 	text_4: autoDraw = False
252.1471 	EXP 	firstcircle_3: autoDraw = True
262.0303 	EXP 	firstcircle_3: autoDraw = False
262.0470 	EXP 	text_3: autoDraw = True
263.0303 	EXP 	text_3: autoDraw = False
263.0470 	EXP 	secondcircle: autoDraw = True
271.8302 	EXP 	secondcircle: autoDraw = False
272.7158 	DATA 	Keypress: left
272.7321 	EXP 	New trial (rep=0, index=1): OrderedDict([('firstTime', 1.5), ('secondTime', 2.5), ('corrAns', 'right'), ('plusStart', 2.0), ('secondStart', 3.0), ('respStart', 5.5), ('randNum', 0.805142221)])
272.7468 	EXP 	firstcircle_3: autoDraw = False
272.7468 	EXP 	text_3: autoDraw = False
272.7468 	EXP 	secondcircle: autoDraw = False
272.7468 	EXP 	text_4: autoDraw = False
272.7468 	EXP 	text_4: autoDraw = True
273.2469 	EXP 	text_4: autoDraw = False
273.2635 	EXP 	firstcircle_3: autoDraw = True
274.7468 	EXP 	firstcircle_3: autoDraw = False
274.7635 	EXP 	text_3: autoDraw = True
275.7468 	EXP 	text_3: autoDraw = False
275.7635 	EXP 	secondcircle: autoDraw = True
278.2468 	EXP 	secondcircle: autoDraw = False
279.2655 	DATA 	Keypress: right
279.2668 	EXP 	New trial (rep=0, index=2): OrderedDict([('firstTime', 0.7), ('secondTime', 1.4), ('corrAns', 'right'), ('plusStart', 1.2), ('secondStart', 2.2), ('respStart', 3.6), ('randNum', 0.70587608)])
279.2802 	EXP 	firstcircle_3: autoDraw = False
279.2802 	EXP 	text_3: autoDraw = False
279.2802 	EXP 	secondcircle: autoDraw = False
279.2802 	EXP 	text_4: autoDraw = False
279.2802 	EXP 	text_4: autoDraw = True
279.7801 	EXP 	text_4: autoDraw = False
279.7969 	EXP 	firstcircle_3: autoDraw = True
280.4801 	EXP 	firstcircle_3: autoDraw = False
280.4969 	EXP 	text_3: autoDraw = True
281.4801 	EXP 	text_3: autoDraw = False
281.4967 	EXP 	secondcircle: autoDraw = True
282.8801 	EXP 	secondcircle: autoDraw = False
283.4820 	DATA 	Keypress: right
283.4835 	EXP 	New trial (rep=0, index=3): OrderedDict([('firstTime', 1.2), ('secondTime', 1.8), ('corrAns', 'right'), ('plusStart', 1.7), ('secondStart', 2.7), ('respStart', 4.5), ('randNum', 0.276216099)])
283.4968 	EXP 	firstcircle_3: autoDraw = False
283.4968 	EXP 	text_3: autoDraw = False
283.4968 	EXP 	secondcircle: autoDraw = False
283.4968 	EXP 	text_4: autoDraw = False
283.4968 	EXP 	text_4: autoDraw = True
283.9967 	EXP 	text_4: autoDraw = False
284.0134 	EXP 	firstcircle_3: autoDraw = True
285.1967 	EXP 	firstcircle_3: autoDraw = False
285.2134 	EXP 	text_3: autoDraw = True
286.1967 	EXP 	text_3: autoDraw = False
286.2133 	EXP 	secondcircle: autoDraw = True
287.9966 	EXP 	secondcircle: autoDraw = False
288.8319 	DATA 	Keypress: right
288.8333 	EXP 	New trial (rep=0, index=4): OrderedDict([('firstTime', 3.3), ('secondTime', 4.4), ('corrAns', 'right'), ('plusStart', 3.8), ('secondStart', 4.8), ('respStart', 9.2), ('randNum', 0.803512663)])
288.8467 	EXP 	firstcircle_3: autoDraw = False
288.8467 	EXP 	text_3: autoDraw = False
288.8467 	EXP 	secondcircle: autoDraw = False
288.8467 	EXP 	text_4: autoDraw = False
288.8467 	EXP 	text_4: autoDraw = True
289.3466 	EXP 	text_4: autoDraw = False
289.3633 	EXP 	firstcircle_3: autoDraw = True
292.6466 	EXP 	firstcircle_3: autoDraw = False
292.6633 	EXP 	text_3: autoDraw = True
293.6466 	EXP 	text_3: autoDraw = False
293.6632 	EXP 	secondcircle: autoDraw = True
298.0465 	EXP 	secondcircle: autoDraw = False
298.5152 	DATA 	Keypress: right
298.5166 	EXP 	New trial (rep=0, index=5): OrderedDict([('firstTime', 2.1), ('secondTime', 2.8), ('corrAns', 'right'), ('plusStart', 2.6), ('secondStart', 3.6), ('respStart', 6.4), ('randNum', 0.26721103399999996)])
298.5298 	EXP 	firstcircle_3: autoDraw = False
298.5298 	EXP 	text_3: autoDraw = False
298.5298 	EXP 	secondcircle: autoDraw = False
298.5298 	EXP 	text_4: autoDraw = False
298.5298 	EXP 	text_4: autoDraw = True
299.0298 	EXP 	text_4: autoDraw = False
299.0465 	EXP 	firstcircle_3: autoDraw = True
301.1298 	EXP 	firstcircle_3: autoDraw = False
301.1465 	EXP 	text_3: autoDraw = True
302.1298 	EXP 	text_3: autoDraw = False
302.1466 	EXP 	secondcircle: autoDraw = True
304.9298 	EXP 	secondcircle: autoDraw = False
305.7818 	DATA 	Keypress: right
305.7832 	EXP 	New trial (rep=0, index=6): OrderedDict([('firstTime', 2.8), ('secondTime', 2.1), ('corrAns', 'left'), ('plusStart', 3.3), ('secondStart', 4.3), ('respStart', 6.4), ('randNum', 0.1426323)])
305.7965 	EXP 	firstcircle_3: autoDraw = False
305.7965 	EXP 	text_3: autoDraw = False
305.7965 	EXP 	secondcircle: autoDraw = False
305.7965 	EXP 	text_4: autoDraw = False
305.7965 	EXP 	text_4: autoDraw = True
306.2964 	EXP 	text_4: autoDraw = False
306.3131 	EXP 	firstcircle_3: autoDraw = True
309.0964 	EXP 	firstcircle_3: autoDraw = False
309.1130 	EXP 	text_3: autoDraw = True
310.0964 	EXP 	text_3: autoDraw = False
310.1130 	EXP 	secondcircle: autoDraw = True
312.1963 	EXP 	secondcircle: autoDraw = False
313.0650 	DATA 	Keypress: left
313.0664 	EXP 	New trial (rep=0, index=7): OrderedDict([('firstTime', 2.7), ('secondTime', 1.8), ('corrAns', 'left'), ('plusStart', 3.2), ('secondStart', 4.2), ('respStart', 6.0), ('randNum', 0.15619143)])
313.0796 	EXP 	firstcircle_3: autoDraw = False
313.0796 	EXP 	text_3: autoDraw = False
313.0796 	EXP 	secondcircle: autoDraw = False
313.0796 	EXP 	text_4: autoDraw = False
313.0796 	EXP 	text_4: autoDraw = True
313.5796 	EXP 	text_4: autoDraw = False
313.5963 	EXP 	firstcircle_3: autoDraw = True
316.2796 	EXP 	firstcircle_3: autoDraw = False
316.2963 	EXP 	text_3: autoDraw = True
317.2796 	EXP 	text_3: autoDraw = False
317.2963 	EXP 	secondcircle: autoDraw = True
319.0796 	EXP 	secondcircle: autoDraw = False
319.7316 	DATA 	Keypress: left
319.7330 	EXP 	New trial (rep=0, index=8): OrderedDict([('firstTime', 8.8), ('secondTime', 9.9), ('corrAns', 'right'), ('plusStart', 9.3), ('secondStart', 10.3), ('respStart', 20.2), ('randNum', 0.549248995)])
319.7462 	EXP 	firstcircle_3: autoDraw = False
319.7462 	EXP 	text_3: autoDraw = False
319.7462 	EXP 	secondcircle: autoDraw = False
319.7462 	EXP 	text_4: autoDraw = False
319.7462 	EXP 	text_4: autoDraw = True
320.2462 	EXP 	text_4: autoDraw = False
320.2629 	EXP 	firstcircle_3: autoDraw = True
329.0461 	EXP 	firstcircle_3: autoDraw = False
329.0628 	EXP 	text_3: autoDraw = True
330.0461 	EXP 	text_3: autoDraw = False
330.0628 	EXP 	secondcircle: autoDraw = True
339.9459 	EXP 	secondcircle: autoDraw = False
340.7491 	DATA 	Keypress: right
340.7643 	EXP 	New trial (rep=0, index=9): OrderedDict([('firstTime', 2.5), ('secondTime', 1.5), ('corrAns', 'left'), ('plusStart', 3.0), ('secondStart', 4.0), ('respStart', 5.5), ('randNum', 0.358211186)])
340.7793 	EXP 	firstcircle_3: autoDraw = False
340.7793 	EXP 	text_3: autoDraw = False
340.7793 	EXP 	secondcircle: autoDraw = False
340.7793 	EXP 	text_4: autoDraw = False
340.7793 	EXP 	text_4: autoDraw = True
341.2793 	EXP 	text_4: autoDraw = False
341.2959 	EXP 	firstcircle_3: autoDraw = True
343.7792 	EXP 	firstcircle_3: autoDraw = False
343.7959 	EXP 	text_3: autoDraw = True
344.7792 	EXP 	text_3: autoDraw = False
344.7959 	EXP 	secondcircle: autoDraw = True
346.2792 	EXP 	secondcircle: autoDraw = False
346.9313 	DATA 	Keypress: left
346.9327 	EXP 	New trial (rep=0, index=10): OrderedDict([('firstTime', 1.8), ('secondTime', 0.9), ('corrAns', 'left'), ('plusStart', 2.3), ('secondStart', 3.3), ('respStart', 4.2), ('randNum', 0.907401646)])
346.9459 	EXP 	firstcircle_3: autoDraw = False
346.9459 	EXP 	text_3: autoDraw = False
346.9459 	EXP 	secondcircle: autoDraw = False
346.9459 	EXP 	text_4: autoDraw = False
346.9459 	EXP 	text_4: autoDraw = True
347.4458 	EXP 	text_4: autoDraw = False
347.4625 	EXP 	firstcircle_3: autoDraw = True
349.2458 	EXP 	firstcircle_3: autoDraw = False
349.2625 	EXP 	text_3: autoDraw = True
350.2458 	EXP 	text_3: autoDraw = False
350.2625 	EXP 	secondcircle: autoDraw = True
351.1458 	EXP 	secondcircle: autoDraw = False
351.7478 	DATA 	Keypress: left
351.7492 	EXP 	New trial (rep=0, index=11): OrderedDict([('firstTime', 3.2), ('secondTime', 3.6), ('corrAns', 'right'), ('plusStart', 3.7), ('secondStart', 4.7), ('respStart', 8.3), ('randNum', 0.40261677799999995)])
351.7625 	EXP 	firstcircle_3: autoDraw = False
351.7625 	EXP 	text_3: autoDraw = False
351.7625 	EXP 	secondcircle: autoDraw = False
351.7625 	EXP 	text_4: autoDraw = False
351.7625 	EXP 	text_4: autoDraw = True
352.2624 	EXP 	text_4: autoDraw = False
352.2791 	EXP 	firstcircle_3: autoDraw = True
355.4624 	EXP 	firstcircle_3: autoDraw = False
355.4791 	EXP 	text_3: autoDraw = True
356.4624 	EXP 	text_3: autoDraw = False
356.4791 	EXP 	secondcircle: autoDraw = True
360.0623 	EXP 	secondcircle: autoDraw = False
361.7310 	DATA 	Keypress: right
361.7324 	EXP 	New trial (rep=0, index=12): OrderedDict([('firstTime', 2.1), ('secondTime', 3.5), ('corrAns', 'right'), ('plusStart', 2.6), ('secondStart', 3.6), ('respStart', 7.1), ('randNum', 0.699018652)])
361.7456 	EXP 	firstcircle_3: autoDraw = False
361.7456 	EXP 	text_3: autoDraw = False
361.7456 	EXP 	secondcircle: autoDraw = False
361.7456 	EXP 	text_4: autoDraw = False
361.7456 	EXP 	text_4: autoDraw = True
362.2456 	EXP 	text_4: autoDraw = False
362.2623 	EXP 	firstcircle_3: autoDraw = True
364.3456 	EXP 	firstcircle_3: autoDraw = False
364.3623 	EXP 	text_3: autoDraw = True
365.3456 	EXP 	text_3: autoDraw = False
365.3623 	EXP 	secondcircle: autoDraw = True
368.8456 	EXP 	secondcircle: autoDraw = False
370.1476 	DATA 	Keypress: right
370.1490 	EXP 	New trial (rep=0, index=13): OrderedDict([('firstTime', 1.8), ('secondTime', 2.7), ('corrAns', 'right'), ('plusStart', 2.3), ('secondStart', 3.3), ('respStart', 6.0), ('randNum', 0.8590765890000001)])
370.1623 	EXP 	firstcircle_3: autoDraw = False
370.1623 	EXP 	text_3: autoDraw = False
370.1623 	EXP 	secondcircle: autoDraw = False
370.1623 	EXP 	text_4: autoDraw = False
370.1623 	EXP 	text_4: autoDraw = True
370.6622 	EXP 	text_4: autoDraw = False
370.6789 	EXP 	firstcircle_3: autoDraw = True
372.4622 	EXP 	firstcircle_3: autoDraw = False
372.4788 	EXP 	text_3: autoDraw = True
373.4622 	EXP 	text_3: autoDraw = False
373.4788 	EXP 	secondcircle: autoDraw = True
376.1621 	EXP 	secondcircle: autoDraw = False
376.8142 	DATA 	Keypress: right
376.8156 	EXP 	New trial (rep=0, index=14): OrderedDict([('firstTime', 1.4), ('secondTime', 0.7), ('corrAns', 'left'), ('plusStart', 1.9), ('secondStart', 2.9), ('respStart', 3.6), ('randNum', 0.413030013)])
376.8288 	EXP 	firstcircle_3: autoDraw = False
376.8288 	EXP 	text_3: autoDraw = False
376.8288 	EXP 	secondcircle: autoDraw = False
376.8288 	EXP 	text_4: autoDraw = False
376.8288 	EXP 	text_4: autoDraw = True
377.3288 	EXP 	text_4: autoDraw = False
377.3455 	EXP 	firstcircle_3: autoDraw = True
378.7288 	EXP 	firstcircle_3: autoDraw = False
378.7454 	EXP 	text_3: autoDraw = True
379.7287 	EXP 	text_3: autoDraw = False
379.7454 	EXP 	secondcircle: autoDraw = True
380.4287 	EXP 	secondcircle: autoDraw = False
381.3974 	DATA 	Keypress: left
381.3987 	EXP 	New trial (rep=0, index=15): OrderedDict([('firstTime', 3.6), ('secondTime', 3.2), ('corrAns', 'left'), ('plusStart', 4.1), ('secondStart', 5.1), ('respStart', 8.3), ('randNum', 0.12198344800000001)])
381.4121 	EXP 	firstcircle_3: autoDraw = False
381.4121 	EXP 	text_3: autoDraw = False
381.4121 	EXP 	secondcircle: autoDraw = False
381.4121 	EXP 	text_4: autoDraw = False
381.4121 	EXP 	text_4: autoDraw = True
381.9121 	EXP 	text_4: autoDraw = False
381.9287 	EXP 	firstcircle_3: autoDraw = True
385.5120 	EXP 	firstcircle_3: autoDraw = False
385.5287 	EXP 	text_3: autoDraw = True
386.5120 	EXP 	text_3: autoDraw = False
386.5287 	EXP 	secondcircle: autoDraw = True
389.7119 	EXP 	secondcircle: autoDraw = False
392.5306 	DATA 	Keypress: right
392.5319 	EXP 	New trial (rep=0, index=16): OrderedDict([('firstTime', 4.4), ('secondTime', 3.3), ('corrAns', 'left'), ('plusStart', 4.9), ('secondStart', 5.9), ('respStart', 9.2), ('randNum', 0.7908218929999999)])
392.5452 	EXP 	firstcircle_3: autoDraw = False
392.5452 	EXP 	text_3: autoDraw = False
392.5452 	EXP 	secondcircle: autoDraw = False
392.5452 	EXP 	text_4: autoDraw = False
392.5452 	EXP 	text_4: autoDraw = True
393.0452 	EXP 	text_4: autoDraw = False
393.0619 	EXP 	firstcircle_3: autoDraw = True
397.4452 	EXP 	firstcircle_3: autoDraw = False
397.4618 	EXP 	text_3: autoDraw = True
398.4452 	EXP 	text_3: autoDraw = False
398.4618 	EXP 	secondcircle: autoDraw = True
401.7451 	EXP 	secondcircle: autoDraw = False
403.4302 	DATA 	Keypress: left
403.4315 	EXP 	New trial (rep=0, index=17): OrderedDict([('firstTime', 3.5), ('secondTime', 2.1), ('corrAns', 'left'), ('plusStart', 4.0), ('secondStart', 5.0), ('respStart', 7.1), ('randNum', 0.149007794)])
403.4451 	EXP 	firstcircle_3: autoDraw = False
403.4451 	EXP 	text_3: autoDraw = False
403.4451 	EXP 	secondcircle: autoDraw = False
403.4451 	EXP 	text_4: autoDraw = False
403.4451 	EXP 	text_4: autoDraw = True
403.9451 	EXP 	text_4: autoDraw = False
403.9618 	EXP 	firstcircle_3: autoDraw = True
407.4450 	EXP 	firstcircle_3: autoDraw = False
407.4617 	EXP 	text_3: autoDraw = True
408.4451 	EXP 	text_3: autoDraw = False
408.4617 	EXP 	secondcircle: autoDraw = True
410.5450 	EXP 	secondcircle: autoDraw = False
411.2803 	DATA 	Keypress: left
411.2816 	EXP 	New trial (rep=0, index=18): OrderedDict([('firstTime', 1.8), ('secondTime', 1.2), ('corrAns', 'left'), ('plusStart', 2.3), ('secondStart', 3.3), ('respStart', 4.5), ('randNum', 0.44825194799999996)])
411.2950 	EXP 	firstcircle_3: autoDraw = False
411.2950 	EXP 	text_3: autoDraw = False
411.2950 	EXP 	secondcircle: autoDraw = False
411.2950 	EXP 	text_4: autoDraw = False
411.2950 	EXP 	text_4: autoDraw = True
411.7950 	EXP 	text_4: autoDraw = False
411.8116 	EXP 	firstcircle_3: autoDraw = True
413.5950 	EXP 	firstcircle_3: autoDraw = False
413.6116 	EXP 	text_3: autoDraw = True
414.5949 	EXP 	text_3: autoDraw = False
414.6116 	EXP 	secondcircle: autoDraw = True
415.7949 	EXP 	secondcircle: autoDraw = False
417.9636 	DATA 	Keypress: left
417.9650 	EXP 	New trial (rep=0, index=19): OrderedDict([('firstTime', 0.9), ('secondTime', 1.8), ('corrAns', 'right'), ('plusStart', 1.4), ('secondStart', 2.4), ('respStart', 4.2), ('randNum', 0.35938568299999996)])
417.9783 	EXP 	firstcircle_3: autoDraw = False
417.9783 	EXP 	text_3: autoDraw = False
417.9783 	EXP 	secondcircle: autoDraw = False
417.9783 	EXP 	text_4: autoDraw = False
417.9783 	EXP 	text_4: autoDraw = True
418.4782 	EXP 	text_4: autoDraw = False
418.4949 	EXP 	firstcircle_3: autoDraw = True
419.3782 	EXP 	firstcircle_3: autoDraw = False
419.3949 	EXP 	text_3: autoDraw = True
420.3782 	EXP 	text_3: autoDraw = False
420.3949 	EXP 	secondcircle: autoDraw = True
422.1782 	EXP 	secondcircle: autoDraw = False
422.7134 	DATA 	Keypress: right
422.7282 	EXP 	firstcircle_3: autoDraw = False
422.7282 	EXP 	text_3: autoDraw = False
422.7282 	EXP 	secondcircle: autoDraw = False
422.7282 	EXP 	text_4: autoDraw = False
422.7282 	EXP 	text_6: autoDraw = True
424.5803 	DATA 	Keypress: space
424.5869 	EXP 	Imported conditionsTime3.csv as conditions, 20 conditions, 7 params
424.5873 	EXP 	Created sequence: sequential, trialTypes=20, nReps=1, seed=None
424.5877 	EXP 	New trial (rep=0, index=0): OrderedDict([('firstTime', 2.7), ('secondTime', 1.8), ('corrAns', 'left'), ('plusStart', 3.2), ('secondStart', 4.2), ('respStart', 6.0), ('randNum', 0.09224181599999999)])
424.5949 	EXP 	text_6: autoDraw = False
424.5949 	EXP 	text_4: autoDraw = True
425.0948 	EXP 	text_4: autoDraw = False
425.1115 	EXP 	firstcircle_3: autoDraw = True
427.7948 	EXP 	firstcircle_3: autoDraw = False
427.8114 	EXP 	text_3: autoDraw = True
428.7947 	EXP 	text_3: autoDraw = False
428.8114 	EXP 	secondcircle: autoDraw = True
430.5947 	EXP 	secondcircle: autoDraw = False
432.7467 	DATA 	Keypress: left
432.7484 	EXP 	New trial (rep=0, index=1): OrderedDict([('firstTime', 1.8), ('secondTime', 2.7), ('corrAns', 'right'), ('plusStart', 2.3), ('secondStart', 3.3), ('respStart', 6.0), ('randNum', 0.320860695)])
432.7614 	EXP 	firstcircle_3: autoDraw = False
432.7614 	EXP 	text_3: autoDraw = False
432.7614 	EXP 	secondcircle: autoDraw = False
432.7614 	EXP 	text_4: autoDraw = False
432.7614 	EXP 	text_4: autoDraw = True
433.2614 	EXP 	text_4: autoDraw = False
433.2780 	EXP 	firstcircle_3: autoDraw = True
435.0613 	EXP 	firstcircle_3: autoDraw = False
435.0780 	EXP 	text_3: autoDraw = True
436.0613 	EXP 	text_3: autoDraw = False
436.0780 	EXP 	secondcircle: autoDraw = True
438.7613 	EXP 	secondcircle: autoDraw = False
441.1134 	DATA 	Keypress: right
441.1148 	EXP 	New trial (rep=0, index=2): OrderedDict([('firstTime', 0.7), ('secondTime', 1.4), ('corrAns', 'right'), ('plusStart', 1.2), ('secondStart', 2.2), ('respStart', 3.6), ('randNum', 0.091696964)])
441.1279 	EXP 	firstcircle_3: autoDraw = False
441.1279 	EXP 	text_3: autoDraw = False
441.1279 	EXP 	secondcircle: autoDraw = False
441.1279 	EXP 	text_4: autoDraw = False
441.1279 	EXP 	text_4: autoDraw = True
441.6279 	EXP 	text_4: autoDraw = False
441.6446 	EXP 	firstcircle_3: autoDraw = True
442.3279 	EXP 	firstcircle_3: autoDraw = False
442.3446 	EXP 	text_3: autoDraw = True
443.3279 	EXP 	text_3: autoDraw = False
443.3446 	EXP 	secondcircle: autoDraw = True
444.7279 	EXP 	secondcircle: autoDraw = False
445.5132 	DATA 	Keypress: right
445.5145 	EXP 	New trial (rep=0, index=3): OrderedDict([('firstTime', 4.4), ('secondTime', 3.3), ('corrAns', 'left'), ('plusStart', 4.9), ('secondStart', 5.9), ('respStart', 9.2), ('randNum', 0.010112259)])
445.5279 	EXP 	firstcircle_3: autoDraw = False
445.5279 	EXP 	text_3: autoDraw = False
445.5279 	EXP 	secondcircle: autoDraw = False
445.5279 	EXP 	text_4: autoDraw = False
445.5279 	EXP 	text_4: autoDraw = True
446.0279 	EXP 	text_4: autoDraw = False
446.0446 	EXP 	firstcircle_3: autoDraw = True
450.4278 	EXP 	firstcircle_3: autoDraw = False
450.4445 	EXP 	text_3: autoDraw = True
451.4278 	EXP 	text_3: autoDraw = False
451.4444 	EXP 	secondcircle: autoDraw = True
454.7277 	EXP 	secondcircle: autoDraw = False
456.0464 	DATA 	Keypress: left
456.0477 	EXP 	New trial (rep=0, index=4): OrderedDict([('firstTime', 0.9), ('secondTime', 1.8), ('corrAns', 'right'), ('plusStart', 1.4), ('secondStart', 2.4), ('respStart', 4.2), ('randNum', 0.877480265)])
456.0611 	EXP 	firstcircle_3: autoDraw = False
456.0611 	EXP 	text_3: autoDraw = False
456.0611 	EXP 	secondcircle: autoDraw = False
456.0611 	EXP 	text_4: autoDraw = False
456.0611 	EXP 	text_4: autoDraw = True
456.5610 	EXP 	text_4: autoDraw = False
456.5777 	EXP 	firstcircle_3: autoDraw = True
457.4610 	EXP 	firstcircle_3: autoDraw = False
457.4777 	EXP 	text_3: autoDraw = True
458.4610 	EXP 	text_3: autoDraw = False
458.4777 	EXP 	secondcircle: autoDraw = True
460.2610 	EXP 	secondcircle: autoDraw = False
461.1797 	DATA 	Keypress: right
461.1811 	EXP 	New trial (rep=0, index=5): OrderedDict([('firstTime', 1.8), ('secondTime', 0.9), ('corrAns', 'left'), ('plusStart', 2.3), ('secondStart', 3.3), ('respStart', 4.2), ('randNum', 0.74232345)])
461.1943 	EXP 	firstcircle_3: autoDraw = False
461.1943 	EXP 	text_3: autoDraw = False
461.1943 	EXP 	secondcircle: autoDraw = False
461.1943 	EXP 	text_4: autoDraw = False
461.1943 	EXP 	text_4: autoDraw = True
461.6943 	EXP 	text_4: autoDraw = False
461.7110 	EXP 	firstcircle_3: autoDraw = True
463.4943 	EXP 	firstcircle_3: autoDraw = False
463.5110 	EXP 	text_3: autoDraw = True
464.4943 	EXP 	text_3: autoDraw = False
464.5109 	EXP 	secondcircle: autoDraw = True
465.3943 	EXP 	secondcircle: autoDraw = False
466.2460 	DATA 	Keypress: left
466.2474 	EXP 	New trial (rep=0, index=6): OrderedDict([('firstTime', 1.8), ('secondTime', 1.2), ('corrAns', 'left'), ('plusStart', 2.3), ('secondStart', 3.3), ('respStart', 4.5), ('randNum', 0.307053849)])
466.2609 	EXP 	firstcircle_3: autoDraw = False
466.2609 	EXP 	text_3: autoDraw = False
466.2609 	EXP 	secondcircle: autoDraw = False
466.2609 	EXP 	text_4: autoDraw = False
466.2609 	EXP 	text_4: autoDraw = True
466.7609 	EXP 	text_4: autoDraw = False
466.7776 	EXP 	firstcircle_3: autoDraw = True
468.5609 	EXP 	firstcircle_3: autoDraw = False
468.5775 	EXP 	text_3: autoDraw = True
469.5609 	EXP 	text_3: autoDraw = False
469.5775 	EXP 	secondcircle: autoDraw = True
470.7608 	EXP 	secondcircle: autoDraw = False
471.4461 	DATA 	Keypress: left
471.4474 	EXP 	New trial (rep=0, index=7): OrderedDict([('firstTime', 3.6), ('secondTime', 3.2), ('corrAns', 'left'), ('plusStart', 4.1), ('secondStart', 5.1), ('respStart', 8.3), ('randNum', 0.331236492)])
471.4608 	EXP 	firstcircle_3: autoDraw = False
471.4608 	EXP 	text_3: autoDraw = False
471.4608 	EXP 	secondcircle: autoDraw = False
471.4608 	EXP 	text_4: autoDraw = False
471.4608 	EXP 	text_4: autoDraw = True
471.9608 	EXP 	text_4: autoDraw = False
471.9775 	EXP 	firstcircle_3: autoDraw = True
475.5608 	EXP 	firstcircle_3: autoDraw = False
475.5775 	EXP 	text_3: autoDraw = True
476.5608 	EXP 	text_3: autoDraw = False
476.5774 	EXP 	secondcircle: autoDraw = True
479.7607 	EXP 	secondcircle: autoDraw = False
481.8629 	DATA 	Keypress: left
481.8643 	EXP 	New trial (rep=0, index=8): OrderedDict([('firstTime', 2.5), ('secondTime', 1.5), ('corrAns', 'left'), ('plusStart', 3.0), ('secondStart', 4.0), ('respStart', 5.5), ('randNum', 0.778562476)])
481.8774 	EXP 	firstcircle_3: autoDraw = False
481.8774 	EXP 	text_3: autoDraw = False
481.8774 	EXP 	secondcircle: autoDraw = False
481.8774 	EXP 	text_4: autoDraw = False
481.8774 	EXP 	text_4: autoDraw = True
482.3774 	EXP 	text_4: autoDraw = False
482.3941 	EXP 	firstcircle_3: autoDraw = True
484.8773 	EXP 	firstcircle_3: autoDraw = False
484.8940 	EXP 	text_3: autoDraw = True
485.8774 	EXP 	text_3: autoDraw = False
485.8940 	EXP 	secondcircle: autoDraw = True
487.3774 	EXP 	secondcircle: autoDraw = False
488.1126 	DATA 	Keypress: left
488.1141 	EXP 	New trial (rep=0, index=9): OrderedDict([('firstTime', 1.2), ('secondTime', 1.8), ('corrAns', 'right'), ('plusStart', 1.7), ('secondStart', 2.7), ('respStart', 4.5), ('randNum', 0.18131893100000002)])
488.1273 	EXP 	firstcircle_3: autoDraw = False
488.1273 	EXP 	text_3: autoDraw = False
488.1273 	EXP 	secondcircle: autoDraw = False
488.1273 	EXP 	text_4: autoDraw = False
488.1273 	EXP 	text_4: autoDraw = True
488.6273 	EXP 	text_4: autoDraw = False
488.6439 	EXP 	firstcircle_3: autoDraw = True
489.8272 	EXP 	firstcircle_3: autoDraw = False
489.8439 	EXP 	text_3: autoDraw = True
490.8272 	EXP 	text_3: autoDraw = False
490.8439 	EXP 	secondcircle: autoDraw = True
492.6272 	EXP 	secondcircle: autoDraw = False
494.7458 	DATA 	Keypress: right
494.7472 	EXP 	New trial (rep=0, index=10): OrderedDict([('firstTime', 2.8), ('secondTime', 2.1), ('corrAns', 'left'), ('plusStart', 3.3), ('secondStart', 4.3), ('respStart', 6.4), ('randNum', 0.897215002)])
494.7605 	EXP 	firstcircle_3: autoDraw = False
494.7605 	EXP 	text_3: autoDraw = False
494.7605 	EXP 	secondcircle: autoDraw = False
494.7605 	EXP 	text_4: autoDraw = False
494.7605 	EXP 	text_4: autoDraw = True
495.2605 	EXP 	text_4: autoDraw = False
495.2772 	EXP 	firstcircle_3: autoDraw = True
498.0605 	EXP 	firstcircle_3: autoDraw = False
498.0772 	EXP 	text_3: autoDraw = True
499.0605 	EXP 	text_3: autoDraw = False
499.0771 	EXP 	secondcircle: autoDraw = True
501.1605 	EXP 	secondcircle: autoDraw = False
502.5959 	DATA 	Keypress: right
502.5973 	EXP 	New trial (rep=0, index=11): OrderedDict([('firstTime', 2.1), ('secondTime', 2.8), ('corrAns', 'right'), ('plusStart', 2.6), ('secondStart', 3.6), ('respStart', 6.4), ('randNum', 0.734438325)])
502.6104 	EXP 	firstcircle_3: autoDraw = False
502.6104 	EXP 	text_3: autoDraw = False
502.6104 	EXP 	secondcircle: autoDraw = False
502.6104 	EXP 	text_4: autoDraw = False
502.6104 	EXP 	text_4: autoDraw = True
503.1104 	EXP 	text_4: autoDraw = False
503.1271 	EXP 	firstcircle_3: autoDraw = True
505.2104 	EXP 	firstcircle_3: autoDraw = False
505.2270 	EXP 	text_3: autoDraw = True
506.2104 	EXP 	text_3: autoDraw = False
506.2270 	EXP 	secondcircle: autoDraw = True
509.0103 	EXP 	secondcircle: autoDraw = False
509.7957 	DATA 	Keypress: left
509.7972 	EXP 	New trial (rep=0, index=12): OrderedDict([('firstTime', 3.2), ('secondTime', 3.6), ('corrAns', 'right'), ('plusStart', 3.7), ('secondStart', 4.7), ('respStart', 8.3), ('randNum', 0.716372322)])
509.8103 	EXP 	firstcircle_3: autoDraw = False
509.8103 	EXP 	text_3: autoDraw = False
509.8103 	EXP 	secondcircle: autoDraw = False
509.8103 	EXP 	text_4: autoDraw = False
509.8103 	EXP 	text_4: autoDraw = True
510.3103 	EXP 	text_4: autoDraw = False
510.3270 	EXP 	firstcircle_3: autoDraw = True
513.5103 	EXP 	firstcircle_3: autoDraw = False
513.5269 	EXP 	text_3: autoDraw = True
514.5103 	EXP 	text_3: autoDraw = False
514.5269 	EXP 	secondcircle: autoDraw = True
514.5457 	DATA 	Keypress: left
518.1102 	EXP 	secondcircle: autoDraw = False
519.5122 	DATA 	Keypress: right
519.5136 	EXP 	New trial (rep=0, index=13): OrderedDict([('firstTime', 2.1), ('secondTime', 3.5), ('corrAns', 'right'), ('plusStart', 2.6), ('secondStart', 3.6), ('respStart', 7.1), ('randNum', 0.2797458)])
519.5268 	EXP 	firstcircle_3: autoDraw = False
519.5268 	EXP 	text_3: autoDraw = False
519.5268 	EXP 	secondcircle: autoDraw = False
519.5268 	EXP 	text_4: autoDraw = False
519.5268 	EXP 	text_4: autoDraw = True
520.0269 	EXP 	text_4: autoDraw = False
520.0435 	EXP 	firstcircle_3: autoDraw = True
522.1268 	EXP 	firstcircle_3: autoDraw = False
522.1435 	EXP 	text_3: autoDraw = True
523.1269 	EXP 	text_3: autoDraw = False
523.1435 	EXP 	secondcircle: autoDraw = True
526.6268 	EXP 	secondcircle: autoDraw = False
527.2121 	DATA 	Keypress: right
527.2135 	EXP 	New trial (rep=0, index=14): OrderedDict([('firstTime', 1.4), ('secondTime', 0.7), ('corrAns', 'left'), ('plusStart', 1.9), ('secondStart', 2.9), ('respStart', 3.6), ('randNum', 0.038284202)])
527.2267 	EXP 	firstcircle_3: autoDraw = False
527.2267 	EXP 	text_3: autoDraw = False
527.2267 	EXP 	secondcircle: autoDraw = False
527.2267 	EXP 	text_4: autoDraw = False
527.2267 	EXP 	text_4: autoDraw = True
527.7267 	EXP 	text_4: autoDraw = False
527.7434 	EXP 	firstcircle_3: autoDraw = True
529.1267 	EXP 	firstcircle_3: autoDraw = False
529.1434 	EXP 	text_3: autoDraw = True
530.1267 	EXP 	text_3: autoDraw = False
530.1434 	EXP 	secondcircle: autoDraw = True
530.8267 	EXP 	secondcircle: autoDraw = False
531.5951 	DATA 	Keypress: left
531.5965 	EXP 	New trial (rep=0, index=15): OrderedDict([('firstTime', 9.9), ('secondTime', 8.8), ('corrAns', 'left'), ('plusStart', 10.4), ('secondStart', 11.4), ('respStart', 20.2), ('randNum', 0.656448526)])
531.6101 	EXP 	firstcircle_3: autoDraw = False
531.6101 	EXP 	text_3: autoDraw = False
531.6101 	EXP 	secondcircle: autoDraw = False
531.6101 	EXP 	text_4: autoDraw = False
531.6101 	EXP 	text_4: autoDraw = True
532.1100 	EXP 	text_4: autoDraw = False
532.1267 	EXP 	firstcircle_3: autoDraw = True
542.0099 	EXP 	firstcircle_3: autoDraw = False
542.0266 	EXP 	text_3: autoDraw = True
543.0099 	EXP 	text_3: autoDraw = False
543.0265 	EXP 	secondcircle: autoDraw = True
551.8098 	EXP 	secondcircle: autoDraw = False
553.4285 	DATA 	Keypress: right
553.4298 	EXP 	New trial (rep=0, index=16): OrderedDict([('firstTime', 3.5), ('secondTime', 2.1), ('corrAns', 'left'), ('plusStart', 4.0), ('secondStart', 5.0), ('respStart', 7.1), ('randNum', 0.25078508899999996)])
553.4431 	EXP 	firstcircle_3: autoDraw = False
553.4431 	EXP 	text_3: autoDraw = False
553.4431 	EXP 	secondcircle: autoDraw = False
553.4431 	EXP 	text_4: autoDraw = False
553.4431 	EXP 	text_4: autoDraw = True
553.9431 	EXP 	text_4: autoDraw = False
553.9597 	EXP 	firstcircle_3: autoDraw = True
557.4431 	EXP 	firstcircle_3: autoDraw = False
557.4597 	EXP 	text_3: autoDraw = True
558.4430 	EXP 	text_3: autoDraw = False
558.4597 	EXP 	secondcircle: autoDraw = True
560.5430 	EXP 	secondcircle: autoDraw = False
563.3116 	DATA 	Keypress: left
563.3130 	EXP 	New trial (rep=0, index=17): OrderedDict([('firstTime', 8.8), ('secondTime', 9.9), ('corrAns', 'right'), ('plusStart', 9.3), ('secondStart', 10.3), ('respStart', 20.2), ('randNum', 0.055985873)])
563.3263 	EXP 	firstcircle_3: autoDraw = False
563.3263 	EXP 	text_3: autoDraw = False
563.3263 	EXP 	secondcircle: autoDraw = False
563.3263 	EXP 	text_4: autoDraw = False
563.3263 	EXP 	text_4: autoDraw = True
563.8263 	EXP 	text_4: autoDraw = False
563.8429 	EXP 	firstcircle_3: autoDraw = True
572.6261 	EXP 	firstcircle_3: autoDraw = False
572.6428 	EXP 	text_3: autoDraw = True
573.6261 	EXP 	text_3: autoDraw = False
573.6428 	EXP 	secondcircle: autoDraw = True
583.5261 	EXP 	secondcircle: autoDraw = False
584.1944 	DATA 	Keypress: right
584.1958 	EXP 	New trial (rep=0, index=18): OrderedDict([('firstTime', 1.5), ('secondTime', 2.5), ('corrAns', 'right'), ('plusStart', 2.0), ('secondStart', 3.0), ('respStart', 5.5), ('randNum', 0.279030548)])
584.2094 	EXP 	firstcircle_3: autoDraw = False
584.2094 	EXP 	text_3: autoDraw = False
584.2094 	EXP 	secondcircle: autoDraw = False
584.2094 	EXP 	text_4: autoDraw = False
584.2094 	EXP 	text_4: autoDraw = True
584.7093 	EXP 	text_4: autoDraw = False
584.7260 	EXP 	firstcircle_3: autoDraw = True
586.2093 	EXP 	firstcircle_3: autoDraw = False
586.2260 	EXP 	text_3: autoDraw = True
587.2093 	EXP 	text_3: autoDraw = False
587.2259 	EXP 	secondcircle: autoDraw = True
589.7092 	EXP 	secondcircle: autoDraw = False
590.3780 	DATA 	Keypress: right
590.3794 	EXP 	New trial (rep=0, index=19): OrderedDict([('firstTime', 3.3), ('secondTime', 4.4), ('corrAns', 'right'), ('plusStart', 3.8), ('secondStart', 4.8), ('respStart', 9.2), ('randNum', 0.6214470879999999)])
590.3926 	EXP 	firstcircle_3: autoDraw = False
590.3926 	EXP 	text_3: autoDraw = False
590.3926 	EXP 	secondcircle: autoDraw = False
590.3926 	EXP 	text_4: autoDraw = False
590.3926 	EXP 	text_4: autoDraw = True
590.8926 	EXP 	text_4: autoDraw = False
590.9092 	EXP 	firstcircle_3: autoDraw = True
594.1925 	EXP 	firstcircle_3: autoDraw = False
594.2092 	EXP 	text_3: autoDraw = True
595.1925 	EXP 	text_3: autoDraw = False
595.2092 	EXP 	secondcircle: autoDraw = True
599.5924 	EXP 	secondcircle: autoDraw = False
600.2446 	DATA 	Keypress: right
600.2591 	EXP 	firstcircle_3: autoDraw = False
600.2591 	EXP 	text_3: autoDraw = False
600.2591 	EXP 	secondcircle: autoDraw = False
600.2591 	EXP 	text_4: autoDraw = False
600.2591 	EXP 	text_7: autoDraw = True
602.3114 	DATA 	Keypress: space
602.3167 	EXP 	Imported conditionsTime4.csv as conditions, 20 conditions, 7 params
602.3170 	EXP 	Created sequence: sequential, trialTypes=20, nReps=1, seed=None
602.3174 	EXP 	New trial (rep=0, index=0): OrderedDict([('firstTime', 2.5), ('secondTime', 1.5), ('corrAns', 'left'), ('plusStart', 3.0), ('secondStart', 4.0), ('respStart', 5.5), ('randNum', 0.9526453340000001)])
602.3257 	EXP 	text_7: autoDraw = False
602.3257 	EXP 	text_4: autoDraw = True
602.8257 	EXP 	text_4: autoDraw = False
602.8424 	EXP 	firstcircle_3: autoDraw = True
605.3257 	EXP 	firstcircle_3: autoDraw = False
605.3424 	EXP 	text_3: autoDraw = True
606.3257 	EXP 	text_3: autoDraw = False
606.3424 	EXP 	secondcircle: autoDraw = True
607.8257 	EXP 	secondcircle: autoDraw = False
608.9277 	DATA 	Keypress: left
608.9293 	EXP 	New trial (rep=0, index=1): OrderedDict([('firstTime', 2.8), ('secondTime', 2.1), ('corrAns', 'left'), ('plusStart', 3.3), ('secondStart', 4.3), ('respStart', 6.4), ('randNum', 0.962497787)])
608.9424 	EXP 	firstcircle_3: autoDraw = False
608.9424 	EXP 	text_3: autoDraw = False
608.9424 	EXP 	secondcircle: autoDraw = False
608.9424 	EXP 	text_4: autoDraw = False
608.9424 	EXP 	text_4: autoDraw = True
609.4423 	EXP 	text_4: autoDraw = False
609.4590 	EXP 	firstcircle_3: autoDraw = True
612.2423 	EXP 	firstcircle_3: autoDraw = False
612.2589 	EXP 	text_3: autoDraw = True
613.2423 	EXP 	text_3: autoDraw = False
613.2589 	EXP 	secondcircle: autoDraw = True
615.3422 	EXP 	secondcircle: autoDraw = False
616.8276 	DATA 	Keypress: left
616.8290 	EXP 	New trial (rep=0, index=2): OrderedDict([('firstTime', 2.7), ('secondTime', 1.8), ('corrAns', 'left'), ('plusStart', 3.2), ('secondStart', 4.2), ('respStart', 6.0), ('randNum', 0.06690605599999999)])
616.8422 	EXP 	firstcircle_3: autoDraw = False
616.8422 	EXP 	text_3: autoDraw = False
616.8422 	EXP 	secondcircle: autoDraw = False
616.8422 	EXP 	text_4: autoDraw = False
616.8422 	EXP 	text_4: autoDraw = True
617.3422 	EXP 	text_4: autoDraw = False
617.3589 	EXP 	firstcircle_3: autoDraw = True
620.0422 	EXP 	firstcircle_3: autoDraw = False
620.0588 	EXP 	text_3: autoDraw = True
621.0422 	EXP 	text_3: autoDraw = False
621.0588 	EXP 	secondcircle: autoDraw = True
622.8421 	EXP 	secondcircle: autoDraw = False
623.7608 	DATA 	Keypress: left
623.7621 	EXP 	New trial (rep=0, index=3): OrderedDict([('firstTime', 8.8), ('secondTime', 9.9), ('corrAns', 'right'), ('plusStart', 9.3), ('secondStart', 10.3), ('respStart', 20.2), ('randNum', 0.09555333099999999)])
623.7754 	EXP 	firstcircle_3: autoDraw = False
623.7754 	EXP 	text_3: autoDraw = False
623.7754 	EXP 	secondcircle: autoDraw = False
623.7754 	EXP 	text_4: autoDraw = False
623.7754 	EXP 	text_4: autoDraw = True
624.2754 	EXP 	text_4: autoDraw = False
624.2921 	EXP 	firstcircle_3: autoDraw = True
633.0753 	EXP 	firstcircle_3: autoDraw = False
633.0920 	EXP 	text_3: autoDraw = True
634.0753 	EXP 	text_3: autoDraw = False
634.0920 	EXP 	secondcircle: autoDraw = True
643.9752 	EXP 	secondcircle: autoDraw = False
644.4103 	DATA 	Keypress: right
644.4117 	EXP 	New trial (rep=0, index=4): OrderedDict([('firstTime', 1.8), ('secondTime', 2.7), ('corrAns', 'right'), ('plusStart', 2.3), ('secondStart', 3.3), ('respStart', 6.0), ('randNum', 0.559320406)])
644.4252 	EXP 	firstcircle_3: autoDraw = False
644.4252 	EXP 	text_3: autoDraw = False
644.4252 	EXP 	secondcircle: autoDraw = False
644.4252 	EXP 	text_4: autoDraw = False
644.4252 	EXP 	text_4: autoDraw = True
644.9252 	EXP 	text_4: autoDraw = False
644.9418 	EXP 	firstcircle_3: autoDraw = True
646.7251 	EXP 	firstcircle_3: autoDraw = False
646.7418 	EXP 	text_3: autoDraw = True
647.7251 	EXP 	text_3: autoDraw = False
647.7418 	EXP 	secondcircle: autoDraw = True
650.4251 	EXP 	secondcircle: autoDraw = False
651.2604 	DATA 	Keypress: right
651.2617 	EXP 	New trial (rep=0, index=5): OrderedDict([('firstTime', 3.5), ('secondTime', 2.1), ('corrAns', 'left'), ('plusStart', 4.0), ('secondStart', 5.0), ('respStart', 7.1), ('randNum', 0.885130943)])
651.2751 	EXP 	firstcircle_3: autoDraw = False
651.2751 	EXP 	text_3: autoDraw = False
651.2751 	EXP 	secondcircle: autoDraw = False
651.2751 	EXP 	text_4: autoDraw = False
651.2751 	EXP 	text_4: autoDraw = True
651.7751 	EXP 	text_4: autoDraw = False
651.7917 	EXP 	firstcircle_3: autoDraw = True
655.2750 	EXP 	firstcircle_3: autoDraw = False
655.2917 	EXP 	text_3: autoDraw = True
656.2750 	EXP 	text_3: autoDraw = False
656.2917 	EXP 	secondcircle: autoDraw = True
658.3750 	EXP 	secondcircle: autoDraw = False
660.1436 	DATA 	Keypress: left
660.1450 	EXP 	New trial (rep=0, index=6): OrderedDict([('firstTime', 2.1), ('secondTime', 2.8), ('corrAns', 'right'), ('plusStart', 2.6), ('secondStart', 3.6), ('respStart', 6.4), ('randNum', 0.7843272990000001)])
660.1583 	EXP 	firstcircle_3: autoDraw = False
660.1583 	EXP 	text_3: autoDraw = False
660.1583 	EXP 	secondcircle: autoDraw = False
660.1583 	EXP 	text_4: autoDraw = False
660.1583 	EXP 	text_4: autoDraw = True
660.6584 	EXP 	text_4: autoDraw = False
660.6750 	EXP 	firstcircle_3: autoDraw = True
662.7583 	EXP 	firstcircle_3: autoDraw = False
662.7749 	EXP 	text_3: autoDraw = True
663.7582 	EXP 	text_3: autoDraw = False
663.7749 	EXP 	secondcircle: autoDraw = True
666.5582 	EXP 	secondcircle: autoDraw = False
667.7268 	DATA 	Keypress: right
667.7282 	EXP 	New trial (rep=0, index=7): OrderedDict([('firstTime', 4.4), ('secondTime', 3.3), ('corrAns', 'left'), ('plusStart', 4.9), ('secondStart', 5.9), ('respStart', 9.2), ('randNum', 0.594355042)])
667.7415 	EXP 	firstcircle_3: autoDraw = False
667.7415 	EXP 	text_3: autoDraw = False
667.7415 	EXP 	secondcircle: autoDraw = False
667.7415 	EXP 	text_4: autoDraw = False
667.7415 	EXP 	text_4: autoDraw = True
668.2415 	EXP 	text_4: autoDraw = False
668.2582 	EXP 	firstcircle_3: autoDraw = True
672.6415 	EXP 	firstcircle_3: autoDraw = False
672.6582 	EXP 	text_3: autoDraw = True
673.6414 	EXP 	text_3: autoDraw = False
673.6581 	EXP 	secondcircle: autoDraw = True
676.9414 	EXP 	secondcircle: autoDraw = False
678.2100 	DATA 	Keypress: left
678.2114 	EXP 	New trial (rep=0, index=8): OrderedDict([('firstTime', 0.9), ('secondTime', 1.8), ('corrAns', 'right'), ('plusStart', 1.4), ('secondStart', 2.4), ('respStart', 4.2), ('randNum', 0.39760777399999997)])
678.2247 	EXP 	firstcircle_3: autoDraw = False
678.2247 	EXP 	text_3: autoDraw = False
678.2247 	EXP 	secondcircle: autoDraw = False
678.2247 	EXP 	text_4: autoDraw = False
678.2247 	EXP 	text_4: autoDraw = True
678.7247 	EXP 	text_4: autoDraw = False
678.7414 	EXP 	firstcircle_3: autoDraw = True
679.6247 	EXP 	firstcircle_3: autoDraw = False
679.6414 	EXP 	text_3: autoDraw = True
680.6247 	EXP 	text_3: autoDraw = False
680.6413 	EXP 	secondcircle: autoDraw = True
682.4247 	EXP 	secondcircle: autoDraw = False
683.1599 	DATA 	Keypress: right
683.1612 	EXP 	New trial (rep=0, index=9): OrderedDict([('firstTime', 3.6), ('secondTime', 3.2), ('corrAns', 'left'), ('plusStart', 4.1), ('secondStart', 5.1), ('respStart', 8.3), ('randNum', 0.454525661)])
683.1746 	EXP 	firstcircle_3: autoDraw = False
683.1746 	EXP 	text_3: autoDraw = False
683.1746 	EXP 	secondcircle: autoDraw = False
683.1746 	EXP 	text_4: autoDraw = False
683.1746 	EXP 	text_4: autoDraw = True
683.6746 	EXP 	text_4: autoDraw = False
683.6913 	EXP 	firstcircle_3: autoDraw = True
687.2746 	EXP 	firstcircle_3: autoDraw = False
687.2913 	EXP 	text_3: autoDraw = True
688.2746 	EXP 	text_3: autoDraw = False
688.2913 	EXP 	secondcircle: autoDraw = True
691.4745 	EXP 	secondcircle: autoDraw = False
694.0762 	DATA 	Keypress: right
694.0776 	EXP 	New trial (rep=0, index=10): OrderedDict([('firstTime', 9.9), ('secondTime', 8.8), ('corrAns', 'left'), ('plusStart', 10.4), ('secondStart', 11.4), ('respStart', 20.2), ('randNum', 0.335173919)])
694.0912 	EXP 	firstcircle_3: autoDraw = False
694.0912 	EXP 	text_3: autoDraw = False
694.0912 	EXP 	secondcircle: autoDraw = False
694.0912 	EXP 	text_4: autoDraw = False
694.0912 	EXP 	text_4: autoDraw = True
694.5912 	EXP 	text_4: autoDraw = False
694.6078 	EXP 	firstcircle_3: autoDraw = True
704.4910 	EXP 	firstcircle_3: autoDraw = False
704.5077 	EXP 	text_3: autoDraw = True
705.4910 	EXP 	text_3: autoDraw = False
705.5077 	EXP 	secondcircle: autoDraw = True
714.2909 	EXP 	secondcircle: autoDraw = False
715.5607 	DATA 	Keypress: left
715.5759 	EXP 	New trial (rep=0, index=11): OrderedDict([('firstTime', 1.8), ('secondTime', 1.2), ('corrAns', 'left'), ('plusStart', 2.3), ('secondStart', 3.3), ('respStart', 4.5), ('randNum', 0.050156068)])
715.5909 	EXP 	firstcircle_3: autoDraw = False
715.5909 	EXP 	text_3: autoDraw = False
715.5909 	EXP 	secondcircle: autoDraw = False
715.5909 	EXP 	text_4: autoDraw = False
715.5909 	EXP 	text_4: autoDraw = True
716.0909 	EXP 	text_4: autoDraw = False
716.1075 	EXP 	firstcircle_3: autoDraw = True
717.8908 	EXP 	firstcircle_3: autoDraw = False
717.9075 	EXP 	text_3: autoDraw = True
718.8908 	EXP 	text_3: autoDraw = False
718.9075 	EXP 	secondcircle: autoDraw = True
720.0908 	EXP 	secondcircle: autoDraw = False
722.5761 	DATA 	Keypress: left
722.5775 	EXP 	New trial (rep=0, index=12): OrderedDict([('firstTime', 2.1), ('secondTime', 3.5), ('corrAns', 'right'), ('plusStart', 2.6), ('secondStart', 3.6), ('respStart', 7.1), ('randNum', 0.553210354)])
722.5908 	EXP 	firstcircle_3: autoDraw = False
722.5908 	EXP 	text_3: autoDraw = False
722.5908 	EXP 	secondcircle: autoDraw = False
722.5908 	EXP 	text_4: autoDraw = False
722.5908 	EXP 	text_4: autoDraw = True
723.0908 	EXP 	text_4: autoDraw = False
723.1074 	EXP 	firstcircle_3: autoDraw = True
725.1908 	EXP 	firstcircle_3: autoDraw = False
725.2074 	EXP 	text_3: autoDraw = True
726.1907 	EXP 	text_3: autoDraw = False
726.2074 	EXP 	secondcircle: autoDraw = True
729.6907 	EXP 	secondcircle: autoDraw = False
732.9926 	DATA 	Keypress: right
732.9940 	EXP 	New trial (rep=0, index=13): OrderedDict([('firstTime', 3.2), ('secondTime', 3.6), ('corrAns', 'right'), ('plusStart', 3.7), ('secondStart', 4.7), ('respStart', 8.3), ('randNum', 0.062598668)])
733.0073 	EXP 	firstcircle_3: autoDraw = False
733.0073 	EXP 	text_3: autoDraw = False
733.0073 	EXP 	secondcircle: autoDraw = False
733.0073 	EXP 	text_4: autoDraw = False
733.0073 	EXP 	text_4: autoDraw = True
733.5073 	EXP 	text_4: autoDraw = False
733.5240 	EXP 	firstcircle_3: autoDraw = True
736.7073 	EXP 	firstcircle_3: autoDraw = False
736.7239 	EXP 	text_3: autoDraw = True
737.7072 	EXP 	text_3: autoDraw = False
737.7239 	EXP 	secondcircle: autoDraw = True
741.3072 	EXP 	secondcircle: autoDraw = False
741.8592 	DATA 	Keypress: right
741.8606 	EXP 	New trial (rep=0, index=14): OrderedDict([('firstTime', 1.5), ('secondTime', 2.5), ('corrAns', 'right'), ('plusStart', 2.0), ('secondStart', 3.0), ('respStart', 5.5), ('randNum', 0.851613693)])
741.8739 	EXP 	firstcircle_3: autoDraw = False
741.8739 	EXP 	text_3: autoDraw = False
741.8739 	EXP 	secondcircle: autoDraw = False
741.8739 	EXP 	text_4: autoDraw = False
741.8739 	EXP 	text_4: autoDraw = True
742.3738 	EXP 	text_4: autoDraw = False
742.3905 	EXP 	firstcircle_3: autoDraw = True
743.8738 	EXP 	firstcircle_3: autoDraw = False
743.8905 	EXP 	text_3: autoDraw = True
744.8738 	EXP 	text_3: autoDraw = False
744.8905 	EXP 	secondcircle: autoDraw = True
747.3738 	EXP 	secondcircle: autoDraw = False
748.0924 	DATA 	Keypress: right
748.0938 	EXP 	New trial (rep=0, index=15): OrderedDict([('firstTime', 1.2), ('secondTime', 1.8), ('corrAns', 'right'), ('plusStart', 1.7), ('secondStart', 2.7), ('respStart', 4.5), ('randNum', 0.9561071459999999)])
748.1071 	EXP 	firstcircle_3: autoDraw = False
748.1071 	EXP 	text_3: autoDraw = False
748.1071 	EXP 	secondcircle: autoDraw = False
748.1071 	EXP 	text_4: autoDraw = False
748.1071 	EXP 	text_4: autoDraw = True
748.6071 	EXP 	text_4: autoDraw = False
748.6238 	EXP 	firstcircle_3: autoDraw = True
749.8071 	EXP 	firstcircle_3: autoDraw = False
749.8238 	EXP 	text_3: autoDraw = True
750.8071 	EXP 	text_3: autoDraw = False
750.8237 	EXP 	secondcircle: autoDraw = True
752.6070 	EXP 	secondcircle: autoDraw = False
754.5424 	DATA 	Keypress: right
754.5437 	EXP 	New trial (rep=0, index=16): OrderedDict([('firstTime', 3.3), ('secondTime', 4.4), ('corrAns', 'right'), ('plusStart', 3.8), ('secondStart', 4.8), ('respStart', 9.2), ('randNum', 0.25372748300000003)])
754.5570 	EXP 	firstcircle_3: autoDraw = False
754.5570 	EXP 	text_3: autoDraw = False
754.5570 	EXP 	secondcircle: autoDraw = False
754.5570 	EXP 	text_4: autoDraw = False
754.5570 	EXP 	text_4: autoDraw = True
755.0570 	EXP 	text_4: autoDraw = False
755.0737 	EXP 	firstcircle_3: autoDraw = True
758.3570 	EXP 	firstcircle_3: autoDraw = False
758.3736 	EXP 	text_3: autoDraw = True
759.3569 	EXP 	text_3: autoDraw = False
759.3736 	EXP 	secondcircle: autoDraw = True
763.7569 	EXP 	secondcircle: autoDraw = False
765.4422 	DATA 	Keypress: right
765.4435 	EXP 	New trial (rep=0, index=17): OrderedDict([('firstTime', 1.8), ('secondTime', 0.9), ('corrAns', 'left'), ('plusStart', 2.3), ('secondStart', 3.3), ('respStart', 4.2), ('randNum', 0.328250033)])
765.4569 	EXP 	firstcircle_3: autoDraw = False
765.4569 	EXP 	text_3: autoDraw = False
765.4569 	EXP 	secondcircle: autoDraw = False
765.4569 	EXP 	text_4: autoDraw = False
765.4569 	EXP 	text_4: autoDraw = True
765.9569 	EXP 	text_4: autoDraw = False
765.9735 	EXP 	firstcircle_3: autoDraw = True
767.7568 	EXP 	firstcircle_3: autoDraw = False
767.7735 	EXP 	text_3: autoDraw = True
768.7568 	EXP 	text_3: autoDraw = False
768.7735 	EXP 	secondcircle: autoDraw = True
769.6568 	EXP 	secondcircle: autoDraw = False
772.5755 	DATA 	Keypress: left
772.5769 	EXP 	New trial (rep=0, index=18): OrderedDict([('firstTime', 1.4), ('secondTime', 0.7), ('corrAns', 'left'), ('plusStart', 1.9), ('secondStart', 2.9), ('respStart', 3.6), ('randNum', 0.26139814899999997)])
772.5901 	EXP 	firstcircle_3: autoDraw = False
772.5901 	EXP 	text_3: autoDraw = False
772.5901 	EXP 	secondcircle: autoDraw = False
772.5901 	EXP 	text_4: autoDraw = False
772.5901 	EXP 	text_4: autoDraw = True
773.0901 	EXP 	text_4: autoDraw = False
773.1068 	EXP 	firstcircle_3: autoDraw = True
774.4901 	EXP 	firstcircle_3: autoDraw = False
774.5068 	EXP 	text_3: autoDraw = True
775.4901 	EXP 	text_3: autoDraw = False
775.5067 	EXP 	secondcircle: autoDraw = True
776.1901 	EXP 	secondcircle: autoDraw = False
777.9587 	DATA 	Keypress: left
777.9601 	EXP 	New trial (rep=0, index=19): OrderedDict([('firstTime', 0.7), ('secondTime', 1.4), ('corrAns', 'right'), ('plusStart', 1.2), ('secondStart', 2.2), ('respStart', 3.6), ('randNum', 0.515481866)])
777.9734 	EXP 	firstcircle_3: autoDraw = False
777.9734 	EXP 	text_3: autoDraw = False
777.9734 	EXP 	secondcircle: autoDraw = False
777.9734 	EXP 	text_4: autoDraw = False
777.9734 	EXP 	text_4: autoDraw = True
778.4734 	EXP 	text_4: autoDraw = False
778.4900 	EXP 	firstcircle_3: autoDraw = True
779.1734 	EXP 	firstcircle_3: autoDraw = False
779.1901 	EXP 	text_3: autoDraw = True
780.1733 	EXP 	text_3: autoDraw = False
780.1900 	EXP 	secondcircle: autoDraw = True
781.5733 	EXP 	secondcircle: autoDraw = False
782.1587 	DATA 	Keypress: right
782.1733 	EXP 	firstcircle_3: autoDraw = False
782.1733 	EXP 	text_3: autoDraw = False
782.1733 	EXP 	secondcircle: autoDraw = False
782.1733 	EXP 	text_4: autoDraw = False
782.1733 	EXP 	text_2: autoDraw = True
785.4420 	EXP 	window1: mouseVisible = True
