1.0320 	WARNING 	sounddevice audio lib was requested but not loaded: sounddevice not working
9.2634 	WARNING 	User requested fullscreen with size [1024  768], but screen is actually [1440, 900]. Using actual size
9.9172 	EXP 	Created window1 = Window(allowGUI=False, allowStencil=False, args=UNKNOWN, autoLog=True, bitsMode=UNKNOWN, blendMode='avg', color=array([0., 0., 0.]), colorSpace='rgb', fullscr=<method-wrapper '__getattribute__' of attributeSetter object at 0x10ebcadd8>, gamma=None, kwargs=UNKNOWN, lms=UNKNOWN, monitor=<psychopy.monitors.calibTools.Monitor object at 0x113397400>, multiSample=False, name='window1', numSamples=2, pos=[0.0, 0.0], screen=0, size=array([2880, 1800]), stereo=False, units='norm', useFBO=True, useRetina=True, viewOri=0.0, viewPos=None, viewScale=None, waitBlanking=True, winType='pyglet')
9.9172 	EXP 	window1: recordFrameIntervals = False
10.0830 	EXP 	window1: recordFrameIntervals = True
10.2667 	EXP 	window1: recordFrameIntervals = False
10.3842 	EXP 	Created insRound1 = TextStim(__class__=<class 'psychopy.visual.text.TextStim'>, alignHoriz='center', alignVert='center', antialias=True, autoLog=True, bold=False, color='white', colorSpace='named', contrast=1.0, depth=0.0, flipHoriz=False, flipVert=False, font='Arial', fontFiles=[], height=0.07, italic=False, languageStyle='LTR', name='insRound1', opacity=1.0, ori=0, pos=array([0., 0.]), rgb=array([255., 255., 255.]), text=str(...), units='norm', win=Window(...), wrapWidth=1)
10.3947 	EXP 	Created text = TextStim(__class__=<class 'psychopy.visual.text.TextStim'>, alignHoriz='center', alignVert='center', antialias=True, autoLog=True, bold=False, color='white', colorSpace='named', contrast=1.0, depth=0.0, flipHoriz=False, flipVert=False, font='Arial', fontFiles=[], height=0.1, italic=False, languageStyle='LTR', name='text', opacity=1.0, ori=0, pos=array([0., 0.]), rgb=array([255., 255., 255.]), text='Block 1 starts\n\nPress space', units='norm', win=Window(...), wrapWidth=1)
10.4015 	EXP 	Created firstcircle_3 = Polygon(__class__=<class 'psychopy.visual.polygon.Polygon'>, autoDraw=False, autoLog=True, closeShape=True, color=method-wrapper(...), colorSpace=None, contrast=1.0, depth=0.0, fillColor=array([1., 1., 1.]), fillColorSpace='rgb', fillRGB=array([1., 1., 1.]), interpolate=True, lineColor=array([1., 1., 1.]), lineColorSpace='rgb', lineRGB=array([1., 1., 1.]), lineWidth=1, name='firstcircle_3', opacity=1.0, ori=array(0.), pos=array([0., 0.]), size=array([0.3, 0.5]), units='norm', vertices=ndarray(...), win=Window(...))
10.4046 	EXP 	Created text_3 = TextStim(__class__=<class 'psychopy.visual.text.TextStim'>, alignHoriz='center', alignVert='center', antialias=True, autoLog=True, bold=False, color='white', colorSpace='named', contrast=1.0, depth=-2.0, flipHoriz=False, flipVert=False, font='Arial', fontFiles=[], height=0.1, italic=False, languageStyle='LTR', name='text_3', opacity=1.0, ori=0, pos=array([0., 0.]), rgb=array([255., 255., 255.]), text='+', units='norm', win=Window(...), wrapWidth=1)
10.4071 	EXP 	Created secondcircle = Polygon(__class__=<class 'psychopy.visual.polygon.Polygon'>, autoDraw=False, autoLog=True, closeShape=True, color=method-wrapper(...), colorSpace=None, contrast=1.0, depth=-3.0, fillColor=array([-1., -1., -1.]), fillColorSpace='rgb', fillRGB=array([-1., -1., -1.]), interpolate=True, lineColor=array([-1., -1., -1.]), lineColorSpace='rgb', lineRGB=array([-1., -1., -1.]), lineWidth=1, name='secondcircle', opacity=1.0, ori=array(0.), pos=array([0., 0.]), size=array([0.3, 0.5]), units='norm', vertices=ndarray(...), win=Window(...))
10.4105 	EXP 	Created text_4 = TextStim(__class__=<class 'psychopy.visual.text.TextStim'>, alignHoriz='center', alignVert='center', antialias=True, autoLog=True, bold=False, color='white', colorSpace='named', contrast=1.0, depth=-4.0, flipHoriz=False, flipVert=False, font='Arial', fontFiles=[], height=0.1, italic=False, languageStyle='LTR', name='text_4', opacity=1.0, ori=0, pos=array([0., 0.]), rgb=array([255., 255., 255.]), text='next', units='norm', win=Window(...), wrapWidth=1)
10.4165 	EXP 	Created text_5 = TextStim(__class__=<class 'psychopy.visual.text.TextStim'>, alignHoriz='center', alignVert='center', antialias=True, autoLog=True, bold=False, color='white', colorSpace='named', contrast=1.0, depth=0.0, flipHoriz=False, flipVert=False, font='Arial', fontFiles=[], height=0.1, italic=False, languageStyle='LTR', name='text_5', opacity=1.0, ori=0, pos=array([0., 0.]), rgb=array([255., 255., 255.]), text='Block 2 starts\n\nPress space', units='norm', win=Window(...), wrapWidth=1)
10.4191 	EXP 	Created firstcircle_3 = Polygon(__class__=<class 'psychopy.visual.polygon.Polygon'>, autoDraw=False, autoLog=True, closeShape=True, color=method-wrapper(...), colorSpace=None, contrast=1.0, depth=0.0, fillColor=array([1., 1., 1.]), fillColorSpace='rgb', fillRGB=array([1., 1., 1.]), interpolate=True, lineColor=array([1., 1., 1.]), lineColorSpace='rgb', lineRGB=array([1., 1., 1.]), lineWidth=1, name='firstcircle_3', opacity=1.0, ori=array(0.), pos=array([0., 0.]), size=array([0.3, 0.5]), units='norm', vertices=ndarray(...), win=Window(...))
10.4211 	EXP 	Created text_3 = TextStim(__class__=<class 'psychopy.visual.text.TextStim'>, alignHoriz='center', alignVert='center', antialias=True, autoLog=True, bold=False, color='white', colorSpace='named', contrast=1.0, depth=-2.0, flipHoriz=False, flipVert=False, font='Arial', fontFiles=[], height=0.1, italic=False, languageStyle='LTR', name='text_3', opacity=1.0, ori=0, pos=array([0., 0.]), rgb=array([255., 255., 255.]), text='+', units='norm', win=Window(...), wrapWidth=1)
10.4236 	EXP 	Created secondcircle = Polygon(__class__=<class 'psychopy.visual.polygon.Polygon'>, autoDraw=False, autoLog=True, closeShape=True, color=method-wrapper(...), colorSpace=None, contrast=1.0, depth=-3.0, fillColor=array([-1., -1., -1.]), fillColorSpace='rgb', fillRGB=array([-1., -1., -1.]), interpolate=True, lineColor=array([-1., -1., -1.]), lineColorSpace='rgb', lineRGB=array([-1., -1., -1.]), lineWidth=1, name='secondcircle', opacity=1.0, ori=array(0.), pos=array([0., 0.]), size=array([0.3, 0.5]), units='norm', vertices=ndarray(...), win=Window(...))
10.4260 	EXP 	Created text_4 = TextStim(__class__=<class 'psychopy.visual.text.TextStim'>, alignHoriz='center', alignVert='center', antialias=True, autoLog=True, bold=False, color='white', colorSpace='named', contrast=1.0, depth=-4.0, flipHoriz=False, flipVert=False, font='Arial', fontFiles=[], height=0.1, italic=False, languageStyle='LTR', name='text_4', opacity=1.0, ori=0, pos=array([0., 0.]), rgb=array([255., 255., 255.]), text='next', units='norm', win=Window(...), wrapWidth=1)
10.4320 	EXP 	Created text_6 = TextStim(__class__=<class 'psychopy.visual.text.TextStim'>, alignHoriz='center', alignVert='center', antialias=True, autoLog=True, bold=False, color='white', colorSpace='named', contrast=1.0, depth=0.0, flipHoriz=False, flipVert=False, font='Arial', fontFiles=[], height=0.1, italic=False, languageStyle='LTR', name='text_6', opacity=1.0, ori=0, pos=array([0., 0.]), rgb=array([255., 255., 255.]), text='Block 3 starts\n\nPress space', units='norm', win=Window(...), wrapWidth=1)
10.4347 	EXP 	Created firstcircle_3 = Polygon(__class__=<class 'psychopy.visual.polygon.Polygon'>, autoDraw=False, autoLog=True, closeShape=True, color=method-wrapper(...), colorSpace=None, contrast=1.0, depth=0.0, fillColor=array([1., 1., 1.]), fillColorSpace='rgb', fillRGB=array([1., 1., 1.]), interpolate=True, lineColor=array([1., 1., 1.]), lineColorSpace='rgb', lineRGB=array([1., 1., 1.]), lineWidth=1, name='firstcircle_3', opacity=1.0, ori=array(0.), pos=array([0., 0.]), size=array([0.3, 0.5]), units='norm', vertices=ndarray(...), win=Window(...))
10.4366 	EXP 	Created text_3 = TextStim(__class__=<class 'psychopy.visual.text.TextStim'>, alignHoriz='center', alignVert='center', antialias=True, autoLog=True, bold=False, color='white', colorSpace='named', contrast=1.0, depth=-2.0, flipHoriz=False, flipVert=False, font='Arial', fontFiles=[], height=0.1, italic=False, languageStyle='LTR', name='text_3', opacity=1.0, ori=0, pos=array([0., 0.]), rgb=array([255., 255., 255.]), text='+', units='norm', win=Window(...), wrapWidth=1)
10.4393 	EXP 	Created secondcircle = Polygon(__class__=<class 'psychopy.visual.polygon.Polygon'>, autoDraw=False, autoLog=True, closeShape=True, color=method-wrapper(...), colorSpace=None, contrast=1.0, depth=-3.0, fillColor=array([-1., -1., -1.]), fillColorSpace='rgb', fillRGB=array([-1., -1., -1.]), interpolate=True, lineColor=array([-1., -1., -1.]), lineColorSpace='rgb', lineRGB=array([-1., -1., -1.]), lineWidth=1, name='secondcircle', opacity=1.0, ori=array(0.), pos=array([0., 0.]), size=array([0.3, 0.5]), units='norm', vertices=ndarray(...), win=Window(...))
10.4416 	EXP 	Created text_4 = TextStim(__class__=<class 'psychopy.visual.text.TextStim'>, alignHoriz='center', alignVert='center', antialias=True, autoLog=True, bold=False, color='white', colorSpace='named', contrast=1.0, depth=-4.0, flipHoriz=False, flipVert=False, font='Arial', fontFiles=[], height=0.1, italic=False, languageStyle='LTR', name='text_4', opacity=1.0, ori=0, pos=array([0., 0.]), rgb=array([255., 255., 255.]), text='next', units='norm', win=Window(...), wrapWidth=1)
10.4476 	EXP 	Created text_7 = TextStim(__class__=<class 'psychopy.visual.text.TextStim'>, alignHoriz='center', alignVert='center', antialias=True, autoLog=True, bold=False, color='white', colorSpace='named', contrast=1.0, depth=0.0, flipHoriz=False, flipVert=False, font='Arial', fontFiles=[], height=0.1, italic=False, languageStyle='LTR', name='text_7', opacity=1.0, ori=0, pos=array([0., 0.]), rgb=array([255., 255., 255.]), text='Block 4 starts\n\nPress space', units='norm', win=Window(...), wrapWidth=1)
10.4502 	EXP 	Created firstcircle_3 = Polygon(__class__=<class 'psychopy.visual.polygon.Polygon'>, autoDraw=False, autoLog=True, closeShape=True, color=method-wrapper(...), colorSpace=None, contrast=1.0, depth=0.0, fillColor=array([1., 1., 1.]), fillColorSpace='rgb', fillRGB=array([1., 1., 1.]), interpolate=True, lineColor=array([1., 1., 1.]), lineColorSpace='rgb', lineRGB=array([1., 1., 1.]), lineWidth=1, name='firstcircle_3', opacity=1.0, ori=array(0.), pos=array([0., 0.]), size=array([0.3, 0.5]), units='norm', vertices=ndarray(...), win=Window(...))
10.4522 	EXP 	Created text_3 = TextStim(__class__=<class 'psychopy.visual.text.TextStim'>, alignHoriz='center', alignVert='center', antialias=True, autoLog=True, bold=False, color='white', colorSpace='named', contrast=1.0, depth=-2.0, flipHoriz=False, flipVert=False, font='Arial', fontFiles=[], height=0.1, italic=False, languageStyle='LTR', name='text_3', opacity=1.0, ori=0, pos=array([0., 0.]), rgb=array([255., 255., 255.]), text='+', units='norm', win=Window(...), wrapWidth=1)
10.4547 	EXP 	Created secondcircle = Polygon(__class__=<class 'psychopy.visual.polygon.Polygon'>, autoDraw=False, autoLog=True, closeShape=True, color=method-wrapper(...), colorSpace=None, contrast=1.0, depth=-3.0, fillColor=array([-1., -1., -1.]), fillColorSpace='rgb', fillRGB=array([-1., -1., -1.]), interpolate=True, lineColor=array([-1., -1., -1.]), lineColorSpace='rgb', lineRGB=array([-1., -1., -1.]), lineWidth=1, name='secondcircle', opacity=1.0, ori=array(0.), pos=array([0., 0.]), size=array([0.3, 0.5]), units='norm', vertices=ndarray(...), win=Window(...))
10.4570 	EXP 	Created text_4 = TextStim(__class__=<class 'psychopy.visual.text.TextStim'>, alignHoriz='center', alignVert='center', antialias=True, autoLog=True, bold=False, color='white', colorSpace='named', contrast=1.0, depth=-4.0, flipHoriz=False, flipVert=False, font='Arial', fontFiles=[], height=0.1, italic=False, languageStyle='LTR', name='text_4', opacity=1.0, ori=0, pos=array([0., 0.]), rgb=array([255., 255., 255.]), text='next', units='norm', win=Window(...), wrapWidth=1)
10.4612 	EXP 	Created text_2 = TextStim(__class__=<class 'psychopy.visual.text.TextStim'>, alignHoriz='center', alignVert='center', antialias=True, autoLog=True, bold=False, color='white', colorSpace='named', contrast=1.0, depth=0.0, flipHoriz=False, flipVert=False, font='Arial', fontFiles=[], height=0.1, italic=False, languageStyle='LTR', name='text_2', opacity=1.0, ori=0, pos=array([0., 0.]), rgb=array([255., 255., 255.]), text='The end', units='norm', win=Window(...), wrapWidth=1)
10.4829 	EXP 	insRound1: autoDraw = True
82.7523 	DATA 	Keypress: space
82.7652 	EXP 	insRound1: autoDraw = False
82.7652 	EXP 	text: autoDraw = True
84.8675 	DATA 	Keypress: space
84.8761 	EXP 	Imported conditionsTime.csv as conditions, 20 conditions, 7 params
84.8764 	EXP 	Created sequence: sequential, trialTypes=20, nReps=1, seed=None
84.8767 	EXP 	New trial (rep=0, index=0): OrderedDict([('firstTime', 1.8), ('secondTime', 1.2), ('corrAns', 'left'), ('plusStart', 2.3), ('secondStart', 3.3), ('respStart', 4.5), ('randNum', 0.17368025899999998)])
84.8819 	EXP 	text: autoDraw = False
84.8819 	EXP 	text_4: autoDraw = True
85.3818 	EXP 	text_4: autoDraw = False
85.3986 	EXP 	firstcircle_3: autoDraw = True
87.1818 	EXP 	firstcircle_3: autoDraw = False
87.1985 	EXP 	text_3: autoDraw = True
88.1818 	EXP 	text_3: autoDraw = False
88.1984 	EXP 	secondcircle: autoDraw = True
89.3818 	EXP 	secondcircle: autoDraw = False
92.5344 	DATA 	Keypress: left
92.5361 	EXP 	New trial (rep=0, index=1): OrderedDict([('firstTime', 3.6), ('secondTime', 3.2), ('corrAns', 'left'), ('plusStart', 4.1), ('secondStart', 5.1), ('respStart', 8.3), ('randNum', 0.41458448299999995)])
92.5485 	EXP 	firstcircle_3: autoDraw = False
92.5485 	EXP 	text_3: autoDraw = False
92.5485 	EXP 	secondcircle: autoDraw = False
92.5485 	EXP 	text_4: autoDraw = False
92.5485 	EXP 	text_4: autoDraw = True
93.0484 	EXP 	text_4: autoDraw = False
93.0650 	EXP 	firstcircle_3: autoDraw = True
96.6484 	EXP 	firstcircle_3: autoDraw = False
96.6650 	EXP 	text_3: autoDraw = True
97.6483 	EXP 	text_3: autoDraw = False
97.6650 	EXP 	secondcircle: autoDraw = True
100.8483 	EXP 	secondcircle: autoDraw = False
106.8168 	DATA 	Keypress: right
106.8181 	EXP 	New trial (rep=0, index=2): OrderedDict([('firstTime', 2.5), ('secondTime', 1.5), ('corrAns', 'left'), ('plusStart', 3.0), ('secondStart', 4.0), ('respStart', 5.5), ('randNum', 0.148607464)])
106.8315 	EXP 	firstcircle_3: autoDraw = False
106.8315 	EXP 	text_3: autoDraw = False
106.8315 	EXP 	secondcircle: autoDraw = False
106.8315 	EXP 	text_4: autoDraw = False
106.8315 	EXP 	text_4: autoDraw = True
107.3315 	EXP 	text_4: autoDraw = False
107.3482 	EXP 	firstcircle_3: autoDraw = True
109.8315 	EXP 	firstcircle_3: autoDraw = False
109.8481 	EXP 	text_3: autoDraw = True
110.8315 	EXP 	text_3: autoDraw = False
110.8481 	EXP 	secondcircle: autoDraw = True
112.3315 	EXP 	secondcircle: autoDraw = False
122.3499 	DATA 	Keypress: left
122.3512 	EXP 	New trial (rep=0, index=3): OrderedDict([('firstTime', 1.8), ('secondTime', 2.7), ('corrAns', 'right'), ('plusStart', 2.3), ('secondStart', 3.3), ('respStart', 6.0), ('randNum', 0.13554984)])
122.3646 	EXP 	firstcircle_3: autoDraw = False
122.3646 	EXP 	text_3: autoDraw = False
122.3646 	EXP 	secondcircle: autoDraw = False
122.3646 	EXP 	text_4: autoDraw = False
122.3646 	EXP 	text_4: autoDraw = True
122.8646 	EXP 	text_4: autoDraw = False
122.8813 	EXP 	firstcircle_3: autoDraw = True
124.6647 	EXP 	firstcircle_3: autoDraw = False
124.6813 	EXP 	text_3: autoDraw = True
125.6646 	EXP 	text_3: autoDraw = False
125.6813 	EXP 	secondcircle: autoDraw = True
128.3646 	EXP 	secondcircle: autoDraw = False
129.0498 	DATA 	Keypress: right
129.0512 	EXP 	New trial (rep=0, index=4): OrderedDict([('firstTime', 1.2), ('secondTime', 1.8), ('corrAns', 'right'), ('plusStart', 1.7), ('secondStart', 2.7), ('respStart', 4.5), ('randNum', 0.309174352)])
129.0646 	EXP 	firstcircle_3: autoDraw = False
129.0646 	EXP 	text_3: autoDraw = False
129.0646 	EXP 	secondcircle: autoDraw = False
129.0646 	EXP 	text_4: autoDraw = False
129.0646 	EXP 	text_4: autoDraw = True
129.5646 	EXP 	text_4: autoDraw = False
129.5813 	EXP 	firstcircle_3: autoDraw = True
130.7645 	EXP 	firstcircle_3: autoDraw = False
130.7812 	EXP 	text_3: autoDraw = True
131.7645 	EXP 	text_3: autoDraw = False
131.7813 	EXP 	secondcircle: autoDraw = True
133.5645 	EXP 	secondcircle: autoDraw = False
134.8499 	DATA 	Keypress: right
134.8513 	EXP 	New trial (rep=0, index=5): OrderedDict([('firstTime', 8.8), ('secondTime', 9.9), ('corrAns', 'right'), ('plusStart', 9.3), ('secondStart', 10.3), ('respStart', 20.2), ('randNum', 0.7009299529999999)])
134.8645 	EXP 	firstcircle_3: autoDraw = False
134.8645 	EXP 	text_3: autoDraw = False
134.8645 	EXP 	secondcircle: autoDraw = False
134.8645 	EXP 	text_4: autoDraw = False
134.8645 	EXP 	text_4: autoDraw = True
135.3645 	EXP 	text_4: autoDraw = False
135.3812 	EXP 	firstcircle_3: autoDraw = True
144.1644 	EXP 	firstcircle_3: autoDraw = False
144.1810 	EXP 	text_3: autoDraw = True
145.1643 	EXP 	text_3: autoDraw = False
145.1810 	EXP 	secondcircle: autoDraw = True
155.0642 	EXP 	secondcircle: autoDraw = False
156.3825 	DATA 	Keypress: right
156.3843 	EXP 	New trial (rep=0, index=6): OrderedDict([('firstTime', 3.3), ('secondTime', 4.4), ('corrAns', 'right'), ('plusStart', 3.8), ('secondStart', 4.8), ('respStart', 9.2), ('randNum', 0.705723743)])
156.3975 	EXP 	firstcircle_3: autoDraw = False
156.3975 	EXP 	text_3: autoDraw = False
156.3975 	EXP 	secondcircle: autoDraw = False
156.3975 	EXP 	text_4: autoDraw = False
156.3975 	EXP 	text_4: autoDraw = True
156.8975 	EXP 	text_4: autoDraw = False
156.9142 	EXP 	firstcircle_3: autoDraw = True
160.1975 	EXP 	firstcircle_3: autoDraw = False
160.2141 	EXP 	text_3: autoDraw = True
161.1975 	EXP 	text_3: autoDraw = False
161.2142 	EXP 	secondcircle: autoDraw = True
165.5974 	EXP 	secondcircle: autoDraw = False
167.1161 	DATA 	Keypress: right
167.1174 	EXP 	New trial (rep=0, index=7): OrderedDict([('firstTime', 3.5), ('secondTime', 2.1), ('corrAns', 'left'), ('plusStart', 4.0), ('secondStart', 5.0), ('respStart', 7.1), ('randNum', 0.544523215)])
167.1307 	EXP 	firstcircle_3: autoDraw = False
167.1307 	EXP 	text_3: autoDraw = False
167.1307 	EXP 	secondcircle: autoDraw = False
167.1307 	EXP 	text_4: autoDraw = False
167.1307 	EXP 	text_4: autoDraw = True
167.6307 	EXP 	text_4: autoDraw = False
167.6474 	EXP 	firstcircle_3: autoDraw = True
171.1307 	EXP 	firstcircle_3: autoDraw = False
171.1473 	EXP 	text_3: autoDraw = True
172.1306 	EXP 	text_3: autoDraw = False
172.1473 	EXP 	secondcircle: autoDraw = True
174.2306 	EXP 	secondcircle: autoDraw = False
175.8326 	DATA 	Keypress: left
175.8340 	EXP 	New trial (rep=0, index=8): OrderedDict([('firstTime', 1.4), ('secondTime', 0.7), ('corrAns', 'left'), ('plusStart', 1.9), ('secondStart', 2.9), ('respStart', 3.6), ('randNum', 0.53553232)])
175.8473 	EXP 	firstcircle_3: autoDraw = False
175.8473 	EXP 	text_3: autoDraw = False
175.8473 	EXP 	secondcircle: autoDraw = False
175.8473 	EXP 	text_4: autoDraw = False
175.8473 	EXP 	text_4: autoDraw = True
176.3473 	EXP 	text_4: autoDraw = False
176.3639 	EXP 	firstcircle_3: autoDraw = True
177.7472 	EXP 	firstcircle_3: autoDraw = False
177.7640 	EXP 	text_3: autoDraw = True
178.7472 	EXP 	text_3: autoDraw = False
178.7639 	EXP 	secondcircle: autoDraw = True
179.4472 	EXP 	secondcircle: autoDraw = False
181.2991 	DATA 	Keypress: left
181.3004 	EXP 	New trial (rep=0, index=9): OrderedDict([('firstTime', 4.4), ('secondTime', 3.3), ('corrAns', 'left'), ('plusStart', 4.9), ('secondStart', 5.9), ('respStart', 9.2), ('randNum', 0.255641654)])
181.3139 	EXP 	firstcircle_3: autoDraw = False
181.3139 	EXP 	text_3: autoDraw = False
181.3139 	EXP 	secondcircle: autoDraw = False
181.3139 	EXP 	text_4: autoDraw = False
181.3139 	EXP 	text_4: autoDraw = True
181.8138 	EXP 	text_4: autoDraw = False
181.8305 	EXP 	firstcircle_3: autoDraw = True
186.2138 	EXP 	firstcircle_3: autoDraw = False
186.2305 	EXP 	text_3: autoDraw = True
187.2138 	EXP 	text_3: autoDraw = False
187.2304 	EXP 	secondcircle: autoDraw = True
190.5137 	EXP 	secondcircle: autoDraw = False
192.3822 	DATA 	Keypress: left
192.3836 	EXP 	New trial (rep=0, index=10): OrderedDict([('firstTime', 3.2), ('secondTime', 3.6), ('corrAns', 'right'), ('plusStart', 3.7), ('secondStart', 4.7), ('respStart', 8.3), ('randNum', 0.140100939)])
192.3970 	EXP 	firstcircle_3: autoDraw = False
192.3970 	EXP 	text_3: autoDraw = False
192.3970 	EXP 	secondcircle: autoDraw = False
192.3970 	EXP 	text_4: autoDraw = False
192.3970 	EXP 	text_4: autoDraw = True
192.8970 	EXP 	text_4: autoDraw = False
192.9137 	EXP 	firstcircle_3: autoDraw = True
196.0970 	EXP 	firstcircle_3: autoDraw = False
196.1136 	EXP 	text_3: autoDraw = True
197.0970 	EXP 	text_3: autoDraw = False
197.1136 	EXP 	secondcircle: autoDraw = True
200.6969 	EXP 	secondcircle: autoDraw = False
202.7489 	DATA 	Keypress: right
202.7502 	EXP 	New trial (rep=0, index=11): OrderedDict([('firstTime', 2.8), ('secondTime', 2.1), ('corrAns', 'left'), ('plusStart', 3.3), ('secondStart', 4.3), ('respStart', 6.4), ('randNum', 0.019093293)])
202.7636 	EXP 	firstcircle_3: autoDraw = False
202.7636 	EXP 	text_3: autoDraw = False
202.7636 	EXP 	secondcircle: autoDraw = False
202.7636 	EXP 	text_4: autoDraw = False
202.7636 	EXP 	text_4: autoDraw = True
203.2636 	EXP 	text_4: autoDraw = False
203.2802 	EXP 	firstcircle_3: autoDraw = True
206.0635 	EXP 	firstcircle_3: autoDraw = False
206.0802 	EXP 	text_3: autoDraw = True
207.0635 	EXP 	text_3: autoDraw = False
207.0802 	EXP 	secondcircle: autoDraw = True
209.1635 	EXP 	secondcircle: autoDraw = False
211.1654 	DATA 	Keypress: right
211.1667 	EXP 	New trial (rep=0, index=12): OrderedDict([('firstTime', 0.9), ('secondTime', 1.8), ('corrAns', 'right'), ('plusStart', 1.4), ('secondStart', 2.4), ('respStart', 4.2), ('randNum', 0.461070472)])
211.1802 	EXP 	firstcircle_3: autoDraw = False
211.1802 	EXP 	text_3: autoDraw = False
211.1802 	EXP 	secondcircle: autoDraw = False
211.1802 	EXP 	text_4: autoDraw = False
211.1802 	EXP 	text_4: autoDraw = True
211.6801 	EXP 	text_4: autoDraw = False
211.6968 	EXP 	firstcircle_3: autoDraw = True
212.5801 	EXP 	firstcircle_3: autoDraw = False
212.5968 	EXP 	text_3: autoDraw = True
213.5801 	EXP 	text_3: autoDraw = False
213.5968 	EXP 	secondcircle: autoDraw = True
215.3801 	EXP 	secondcircle: autoDraw = False
216.2320 	DATA 	Keypress: right
216.2334 	EXP 	New trial (rep=0, index=13): OrderedDict([('firstTime', 2.1), ('secondTime', 2.8), ('corrAns', 'right'), ('plusStart', 2.6), ('secondStart', 3.6), ('respStart', 6.4), ('randNum', 0.22761601199999998)])
216.2467 	EXP 	firstcircle_3: autoDraw = False
216.2467 	EXP 	text_3: autoDraw = False
216.2467 	EXP 	secondcircle: autoDraw = False
216.2467 	EXP 	text_4: autoDraw = False
216.2467 	EXP 	text_4: autoDraw = True
216.7467 	EXP 	text_4: autoDraw = False
216.7634 	EXP 	firstcircle_3: autoDraw = True
218.8467 	EXP 	firstcircle_3: autoDraw = False
218.8634 	EXP 	text_3: autoDraw = True
219.8467 	EXP 	text_3: autoDraw = False
219.8633 	EXP 	secondcircle: autoDraw = True
222.6466 	EXP 	secondcircle: autoDraw = False
223.5153 	DATA 	Keypress: right
223.5166 	EXP 	New trial (rep=0, index=14): OrderedDict([('firstTime', 0.7), ('secondTime', 1.4), ('corrAns', 'right'), ('plusStart', 1.2), ('secondStart', 2.2), ('respStart', 3.6), ('randNum', 0.436550891)])
223.5299 	EXP 	firstcircle_3: autoDraw = False
223.5299 	EXP 	text_3: autoDraw = False
223.5299 	EXP 	secondcircle: autoDraw = False
223.5299 	EXP 	text_4: autoDraw = False
223.5299 	EXP 	text_4: autoDraw = True
224.0299 	EXP 	text_4: autoDraw = False
224.0466 	EXP 	firstcircle_3: autoDraw = True
224.7299 	EXP 	firstcircle_3: autoDraw = False
224.7466 	EXP 	text_3: autoDraw = True
225.7299 	EXP 	text_3: autoDraw = False
225.7466 	EXP 	secondcircle: autoDraw = True
227.1299 	EXP 	secondcircle: autoDraw = False
228.0651 	DATA 	Keypress: right
228.0665 	EXP 	New trial (rep=0, index=15): OrderedDict([('firstTime', 1.8), ('secondTime', 0.9), ('corrAns', 'left'), ('plusStart', 2.3), ('secondStart', 3.3), ('respStart', 4.2), ('randNum', 0.028891147000000002)])
228.0799 	EXP 	firstcircle_3: autoDraw = False
228.0799 	EXP 	text_3: autoDraw = False
228.0799 	EXP 	secondcircle: autoDraw = False
228.0799 	EXP 	text_4: autoDraw = False
228.0799 	EXP 	text_4: autoDraw = True
228.5799 	EXP 	text_4: autoDraw = False
228.5965 	EXP 	firstcircle_3: autoDraw = True
230.3799 	EXP 	firstcircle_3: autoDraw = False
230.3966 	EXP 	text_3: autoDraw = True
231.3799 	EXP 	text_3: autoDraw = False
231.3965 	EXP 	secondcircle: autoDraw = True
232.2798 	EXP 	secondcircle: autoDraw = False
234.8985 	DATA 	Keypress: left
234.8999 	EXP 	New trial (rep=0, index=16): OrderedDict([('firstTime', 2.7), ('secondTime', 1.8), ('corrAns', 'left'), ('plusStart', 3.2), ('secondStart', 4.2), ('respStart', 6.0), ('randNum', 0.277400549)])
234.9131 	EXP 	firstcircle_3: autoDraw = False
234.9131 	EXP 	text_3: autoDraw = False
234.9131 	EXP 	secondcircle: autoDraw = False
234.9131 	EXP 	text_4: autoDraw = False
234.9131 	EXP 	text_4: autoDraw = True
235.4132 	EXP 	text_4: autoDraw = False
235.4298 	EXP 	firstcircle_3: autoDraw = True
238.1131 	EXP 	firstcircle_3: autoDraw = False
238.1298 	EXP 	text_3: autoDraw = True
239.1131 	EXP 	text_3: autoDraw = False
239.1297 	EXP 	secondcircle: autoDraw = True
240.9130 	EXP 	secondcircle: autoDraw = False
242.6483 	DATA 	Keypress: left
242.6497 	EXP 	New trial (rep=0, index=17): OrderedDict([('firstTime', 9.9), ('secondTime', 8.8), ('corrAns', 'left'), ('plusStart', 10.4), ('secondStart', 11.4), ('respStart', 20.2), ('randNum', 0.9607848720000001)])
242.6630 	EXP 	firstcircle_3: autoDraw = False
242.6630 	EXP 	text_3: autoDraw = False
242.6630 	EXP 	secondcircle: autoDraw = False
242.6630 	EXP 	text_4: autoDraw = False
242.6630 	EXP 	text_4: autoDraw = True
243.1630 	EXP 	text_4: autoDraw = False
243.1797 	EXP 	firstcircle_3: autoDraw = True
253.0629 	EXP 	firstcircle_3: autoDraw = False
253.0795 	EXP 	text_3: autoDraw = True
254.0629 	EXP 	text_3: autoDraw = False
254.0795 	EXP 	secondcircle: autoDraw = True
262.8627 	EXP 	secondcircle: autoDraw = False
264.1823 	DATA 	Keypress: left
264.1978 	EXP 	New trial (rep=0, index=18): OrderedDict([('firstTime', 2.1), ('secondTime', 3.5), ('corrAns', 'right'), ('plusStart', 2.6), ('secondStart', 3.6), ('respStart', 7.1), ('randNum', 0.609327094)])
264.2127 	EXP 	firstcircle_3: autoDraw = False
264.2127 	EXP 	text_3: autoDraw = False
264.2127 	EXP 	secondcircle: autoDraw = False
264.2127 	EXP 	text_4: autoDraw = False
264.2127 	EXP 	text_4: autoDraw = True
264.7127 	EXP 	text_4: autoDraw = False
264.7294 	EXP 	firstcircle_3: autoDraw = True
266.8127 	EXP 	firstcircle_3: autoDraw = False
266.8294 	EXP 	text_3: autoDraw = True
267.8127 	EXP 	text_3: autoDraw = False
267.8293 	EXP 	secondcircle: autoDraw = True
271.3126 	EXP 	secondcircle: autoDraw = False
271.8813 	DATA 	Keypress: right
271.8827 	EXP 	New trial (rep=0, index=19): OrderedDict([('firstTime', 1.5), ('secondTime', 2.5), ('corrAns', 'right'), ('plusStart', 2.0), ('secondStart', 3.0), ('respStart', 5.5), ('randNum', 0.487304505)])
271.8960 	EXP 	firstcircle_3: autoDraw = False
271.8960 	EXP 	text_3: autoDraw = False
271.8960 	EXP 	secondcircle: autoDraw = False
271.8960 	EXP 	text_4: autoDraw = False
271.8960 	EXP 	text_4: autoDraw = True
272.3960 	EXP 	text_4: autoDraw = False
272.4126 	EXP 	firstcircle_3: autoDraw = True
273.8959 	EXP 	firstcircle_3: autoDraw = False
273.9126 	EXP 	text_3: autoDraw = True
274.8959 	EXP 	text_3: autoDraw = False
274.9126 	EXP 	secondcircle: autoDraw = True
277.3959 	EXP 	secondcircle: autoDraw = False
278.1642 	DATA 	Keypress: right
278.1792 	EXP 	firstcircle_3: autoDraw = False
278.1792 	EXP 	text_3: autoDraw = False
278.1792 	EXP 	secondcircle: autoDraw = False
278.1792 	EXP 	text_4: autoDraw = False
278.1792 	EXP 	text_5: autoDraw = True
283.3315 	DATA 	Keypress: space
283.3373 	EXP 	Imported conditionsTime2.csv as conditions, 20 conditions, 7 params
283.3376 	EXP 	Created sequence: sequential, trialTypes=20, nReps=1, seed=None
283.3381 	EXP 	New trial (rep=0, index=0): OrderedDict([('firstTime', 9.9), ('secondTime', 8.8), ('corrAns', 'left'), ('plusStart', 10.4), ('secondStart', 11.4), ('respStart', 20.2), ('randNum', 0.6005130679999999)])
283.3459 	EXP 	text_5: autoDraw = False
283.3459 	EXP 	text_4: autoDraw = True
283.8458 	EXP 	text_4: autoDraw = False
283.8625 	EXP 	firstcircle_3: autoDraw = True
293.7457 	EXP 	firstcircle_3: autoDraw = False
293.7623 	EXP 	text_3: autoDraw = True
294.7456 	EXP 	text_3: autoDraw = False
294.7623 	EXP 	secondcircle: autoDraw = True
303.5455 	EXP 	secondcircle: autoDraw = False
305.3973 	DATA 	Keypress: left
305.3995 	EXP 	New trial (rep=0, index=1): OrderedDict([('firstTime', 1.5), ('secondTime', 2.5), ('corrAns', 'right'), ('plusStart', 2.0), ('secondStart', 3.0), ('respStart', 5.5), ('randNum', 0.805142221)])
305.4122 	EXP 	firstcircle_3: autoDraw = False
305.4122 	EXP 	text_3: autoDraw = False
305.4122 	EXP 	secondcircle: autoDraw = False
305.4122 	EXP 	text_4: autoDraw = False
305.4122 	EXP 	text_4: autoDraw = True
305.9122 	EXP 	text_4: autoDraw = False
305.9288 	EXP 	firstcircle_3: autoDraw = True
307.4122 	EXP 	firstcircle_3: autoDraw = False
307.4288 	EXP 	text_3: autoDraw = True
308.4121 	EXP 	text_3: autoDraw = False
308.4288 	EXP 	secondcircle: autoDraw = True
310.9121 	EXP 	secondcircle: autoDraw = False
311.3805 	DATA 	Keypress: right
311.3818 	EXP 	New trial (rep=0, index=2): OrderedDict([('firstTime', 0.7), ('secondTime', 1.4), ('corrAns', 'right'), ('plusStart', 1.2), ('secondStart', 2.2), ('respStart', 3.6), ('randNum', 0.70587608)])
311.3955 	EXP 	firstcircle_3: autoDraw = False
311.3955 	EXP 	text_3: autoDraw = False
311.3955 	EXP 	secondcircle: autoDraw = False
311.3955 	EXP 	text_4: autoDraw = False
311.3955 	EXP 	text_4: autoDraw = True
311.8954 	EXP 	text_4: autoDraw = False
311.9121 	EXP 	firstcircle_3: autoDraw = True
312.5954 	EXP 	firstcircle_3: autoDraw = False
312.6121 	EXP 	text_3: autoDraw = True
313.5954 	EXP 	text_3: autoDraw = False
313.6121 	EXP 	secondcircle: autoDraw = True
314.9954 	EXP 	secondcircle: autoDraw = False
315.4641 	DATA 	Keypress: right
315.4654 	EXP 	New trial (rep=0, index=3): OrderedDict([('firstTime', 1.2), ('secondTime', 1.8), ('corrAns', 'right'), ('plusStart', 1.7), ('secondStart', 2.7), ('respStart', 4.5), ('randNum', 0.276216099)])
315.4787 	EXP 	firstcircle_3: autoDraw = False
315.4787 	EXP 	text_3: autoDraw = False
315.4787 	EXP 	secondcircle: autoDraw = False
315.4787 	EXP 	text_4: autoDraw = False
315.4787 	EXP 	text_4: autoDraw = True
315.9787 	EXP 	text_4: autoDraw = False
315.9954 	EXP 	firstcircle_3: autoDraw = True
317.1787 	EXP 	firstcircle_3: autoDraw = False
317.1953 	EXP 	text_3: autoDraw = True
318.1787 	EXP 	text_3: autoDraw = False
318.1953 	EXP 	secondcircle: autoDraw = True
319.9786 	EXP 	secondcircle: autoDraw = False
320.7307 	DATA 	Keypress: right
320.7321 	EXP 	New trial (rep=0, index=4): OrderedDict([('firstTime', 3.3), ('secondTime', 4.4), ('corrAns', 'right'), ('plusStart', 3.8), ('secondStart', 4.8), ('respStart', 9.2), ('randNum', 0.803512663)])
320.7453 	EXP 	firstcircle_3: autoDraw = False
320.7453 	EXP 	text_3: autoDraw = False
320.7453 	EXP 	secondcircle: autoDraw = False
320.7453 	EXP 	text_4: autoDraw = False
320.7453 	EXP 	text_4: autoDraw = True
321.2453 	EXP 	text_4: autoDraw = False
321.2620 	EXP 	firstcircle_3: autoDraw = True
324.5453 	EXP 	firstcircle_3: autoDraw = False
324.5619 	EXP 	text_3: autoDraw = True
325.5452 	EXP 	text_3: autoDraw = False
325.5619 	EXP 	secondcircle: autoDraw = True
329.9452 	EXP 	secondcircle: autoDraw = False
330.7139 	DATA 	Keypress: right
330.7153 	EXP 	New trial (rep=0, index=5): OrderedDict([('firstTime', 2.1), ('secondTime', 2.8), ('corrAns', 'right'), ('plusStart', 2.6), ('secondStart', 3.6), ('respStart', 6.4), ('randNum', 0.26721103399999996)])
330.7285 	EXP 	firstcircle_3: autoDraw = False
330.7285 	EXP 	text_3: autoDraw = False
330.7285 	EXP 	secondcircle: autoDraw = False
330.7285 	EXP 	text_4: autoDraw = False
330.7285 	EXP 	text_4: autoDraw = True
331.2285 	EXP 	text_4: autoDraw = False
331.2451 	EXP 	firstcircle_3: autoDraw = True
333.3285 	EXP 	firstcircle_3: autoDraw = False
333.3452 	EXP 	text_3: autoDraw = True
334.3285 	EXP 	text_3: autoDraw = False
334.3451 	EXP 	secondcircle: autoDraw = True
337.1284 	EXP 	secondcircle: autoDraw = False
337.8306 	DATA 	Keypress: right
337.8320 	EXP 	New trial (rep=0, index=6): OrderedDict([('firstTime', 2.8), ('secondTime', 2.1), ('corrAns', 'left'), ('plusStart', 3.3), ('secondStart', 4.3), ('respStart', 6.4), ('randNum', 0.1426323)])
337.8451 	EXP 	firstcircle_3: autoDraw = False
337.8451 	EXP 	text_3: autoDraw = False
337.8451 	EXP 	secondcircle: autoDraw = False
337.8451 	EXP 	text_4: autoDraw = False
337.8451 	EXP 	text_4: autoDraw = True
338.3451 	EXP 	text_4: autoDraw = False
338.3618 	EXP 	firstcircle_3: autoDraw = True
341.1450 	EXP 	firstcircle_3: autoDraw = False
341.1617 	EXP 	text_3: autoDraw = True
342.1450 	EXP 	text_3: autoDraw = False
342.1617 	EXP 	secondcircle: autoDraw = True
344.2450 	EXP 	secondcircle: autoDraw = False
345.2636 	DATA 	Keypress: left
345.2650 	EXP 	New trial (rep=0, index=7): OrderedDict([('firstTime', 2.7), ('secondTime', 1.8), ('corrAns', 'left'), ('plusStart', 3.2), ('secondStart', 4.2), ('respStart', 6.0), ('randNum', 0.15619143)])
345.2783 	EXP 	firstcircle_3: autoDraw = False
345.2783 	EXP 	text_3: autoDraw = False
345.2783 	EXP 	secondcircle: autoDraw = False
345.2783 	EXP 	text_4: autoDraw = False
345.2783 	EXP 	text_4: autoDraw = True
345.7783 	EXP 	text_4: autoDraw = False
345.7950 	EXP 	firstcircle_3: autoDraw = True
348.4783 	EXP 	firstcircle_3: autoDraw = False
348.4950 	EXP 	text_3: autoDraw = True
349.4782 	EXP 	text_3: autoDraw = False
349.4949 	EXP 	secondcircle: autoDraw = True
351.2782 	EXP 	secondcircle: autoDraw = False
355.1133 	DATA 	Keypress: left
355.1147 	EXP 	New trial (rep=0, index=8): OrderedDict([('firstTime', 8.8), ('secondTime', 9.9), ('corrAns', 'right'), ('plusStart', 9.3), ('secondStart', 10.3), ('respStart', 20.2), ('randNum', 0.549248995)])
355.1282 	EXP 	firstcircle_3: autoDraw = False
355.1282 	EXP 	text_3: autoDraw = False
355.1282 	EXP 	secondcircle: autoDraw = False
355.1282 	EXP 	text_4: autoDraw = False
355.1282 	EXP 	text_4: autoDraw = True
355.6282 	EXP 	text_4: autoDraw = False
355.6448 	EXP 	firstcircle_3: autoDraw = True
364.4281 	EXP 	firstcircle_3: autoDraw = False
364.4447 	EXP 	text_3: autoDraw = True
365.4280 	EXP 	text_3: autoDraw = False
365.4447 	EXP 	secondcircle: autoDraw = True
374.5297 	DATA 	Keypress: right
375.3279 	EXP 	secondcircle: autoDraw = False
375.7632 	DATA 	Keypress: right
375.7647 	EXP 	New trial (rep=0, index=9): OrderedDict([('firstTime', 2.5), ('secondTime', 1.5), ('corrAns', 'left'), ('plusStart', 3.0), ('secondStart', 4.0), ('respStart', 5.5), ('randNum', 0.358211186)])
375.7779 	EXP 	firstcircle_3: autoDraw = False
375.7779 	EXP 	text_3: autoDraw = False
375.7779 	EXP 	secondcircle: autoDraw = False
375.7779 	EXP 	text_4: autoDraw = False
375.7779 	EXP 	text_4: autoDraw = True
376.2779 	EXP 	text_4: autoDraw = False
376.2946 	EXP 	firstcircle_3: autoDraw = True
378.7779 	EXP 	firstcircle_3: autoDraw = False
378.7945 	EXP 	text_3: autoDraw = True
379.7778 	EXP 	text_3: autoDraw = False
379.7945 	EXP 	secondcircle: autoDraw = True
381.2778 	EXP 	secondcircle: autoDraw = False
382.6131 	DATA 	Keypress: left
382.6144 	EXP 	New trial (rep=0, index=10): OrderedDict([('firstTime', 1.8), ('secondTime', 0.9), ('corrAns', 'left'), ('plusStart', 2.3), ('secondStart', 3.3), ('respStart', 4.2), ('randNum', 0.907401646)])
382.6278 	EXP 	firstcircle_3: autoDraw = False
382.6278 	EXP 	text_3: autoDraw = False
382.6278 	EXP 	secondcircle: autoDraw = False
382.6278 	EXP 	text_4: autoDraw = False
382.6278 	EXP 	text_4: autoDraw = True
383.1278 	EXP 	text_4: autoDraw = False
383.1445 	EXP 	firstcircle_3: autoDraw = True
384.9278 	EXP 	firstcircle_3: autoDraw = False
384.9444 	EXP 	text_3: autoDraw = True
385.9278 	EXP 	text_3: autoDraw = False
385.9444 	EXP 	secondcircle: autoDraw = True
386.8277 	EXP 	secondcircle: autoDraw = False
388.2134 	DATA 	Keypress: left
388.2148 	EXP 	New trial (rep=0, index=11): OrderedDict([('firstTime', 3.2), ('secondTime', 3.6), ('corrAns', 'right'), ('plusStart', 3.7), ('secondStart', 4.7), ('respStart', 8.3), ('randNum', 0.40261677799999995)])
388.2277 	EXP 	firstcircle_3: autoDraw = False
388.2277 	EXP 	text_3: autoDraw = False
388.2277 	EXP 	secondcircle: autoDraw = False
388.2277 	EXP 	text_4: autoDraw = False
388.2277 	EXP 	text_4: autoDraw = True
388.7277 	EXP 	text_4: autoDraw = False
388.7444 	EXP 	firstcircle_3: autoDraw = True
391.9277 	EXP 	firstcircle_3: autoDraw = False
391.9443 	EXP 	text_3: autoDraw = True
392.9277 	EXP 	text_3: autoDraw = False
392.9443 	EXP 	secondcircle: autoDraw = True
396.5276 	EXP 	secondcircle: autoDraw = False
398.8638 	DATA 	Keypress: left
398.8792 	EXP 	New trial (rep=0, index=12): OrderedDict([('firstTime', 2.1), ('secondTime', 3.5), ('corrAns', 'right'), ('plusStart', 2.6), ('secondStart', 3.6), ('respStart', 7.1), ('randNum', 0.699018652)])
398.8942 	EXP 	firstcircle_3: autoDraw = False
398.8942 	EXP 	text_3: autoDraw = False
398.8942 	EXP 	secondcircle: autoDraw = False
398.8942 	EXP 	text_4: autoDraw = False
398.8942 	EXP 	text_4: autoDraw = True
399.3942 	EXP 	text_4: autoDraw = False
399.4109 	EXP 	firstcircle_3: autoDraw = True
401.4942 	EXP 	firstcircle_3: autoDraw = False
401.5109 	EXP 	text_3: autoDraw = True
402.4942 	EXP 	text_3: autoDraw = False
402.5109 	EXP 	secondcircle: autoDraw = True
405.9942 	EXP 	secondcircle: autoDraw = False
406.9629 	DATA 	Keypress: right
406.9643 	EXP 	New trial (rep=0, index=13): OrderedDict([('firstTime', 1.8), ('secondTime', 2.7), ('corrAns', 'right'), ('plusStart', 2.3), ('secondStart', 3.3), ('respStart', 6.0), ('randNum', 0.8590765890000001)])
406.9775 	EXP 	firstcircle_3: autoDraw = False
406.9775 	EXP 	text_3: autoDraw = False
406.9775 	EXP 	secondcircle: autoDraw = False
406.9775 	EXP 	text_4: autoDraw = False
406.9775 	EXP 	text_4: autoDraw = True
407.4775 	EXP 	text_4: autoDraw = False
407.4942 	EXP 	firstcircle_3: autoDraw = True
409.2774 	EXP 	firstcircle_3: autoDraw = False
409.2941 	EXP 	text_3: autoDraw = True
410.2774 	EXP 	text_3: autoDraw = False
410.2942 	EXP 	secondcircle: autoDraw = True
412.9774 	EXP 	secondcircle: autoDraw = False
413.6795 	DATA 	Keypress: right
413.6810 	EXP 	New trial (rep=0, index=14): OrderedDict([('firstTime', 1.4), ('secondTime', 0.7), ('corrAns', 'left'), ('plusStart', 1.9), ('secondStart', 2.9), ('respStart', 3.6), ('randNum', 0.413030013)])
413.6940 	EXP 	firstcircle_3: autoDraw = False
413.6940 	EXP 	text_3: autoDraw = False
413.6940 	EXP 	secondcircle: autoDraw = False
413.6940 	EXP 	text_4: autoDraw = False
413.6940 	EXP 	text_4: autoDraw = True
414.1940 	EXP 	text_4: autoDraw = False
414.2107 	EXP 	firstcircle_3: autoDraw = True
415.5941 	EXP 	firstcircle_3: autoDraw = False
415.6107 	EXP 	text_3: autoDraw = True
416.5940 	EXP 	text_3: autoDraw = False
416.6107 	EXP 	secondcircle: autoDraw = True
417.2940 	EXP 	secondcircle: autoDraw = False
418.3964 	DATA 	Keypress: left
418.4125 	EXP 	New trial (rep=0, index=15): OrderedDict([('firstTime', 3.6), ('secondTime', 3.2), ('corrAns', 'left'), ('plusStart', 4.1), ('secondStart', 5.1), ('respStart', 8.3), ('randNum', 0.12198344800000001)])
418.4273 	EXP 	firstcircle_3: autoDraw = False
418.4273 	EXP 	text_3: autoDraw = False
418.4273 	EXP 	secondcircle: autoDraw = False
418.4273 	EXP 	text_4: autoDraw = False
418.4273 	EXP 	text_4: autoDraw = True
418.9273 	EXP 	text_4: autoDraw = False
418.9440 	EXP 	firstcircle_3: autoDraw = True
422.5272 	EXP 	firstcircle_3: autoDraw = False
422.5439 	EXP 	text_3: autoDraw = True
423.5272 	EXP 	text_3: autoDraw = False
423.5439 	EXP 	secondcircle: autoDraw = True
426.7272 	EXP 	secondcircle: autoDraw = False
428.2293 	DATA 	Keypress: left
428.2306 	EXP 	New trial (rep=0, index=16): OrderedDict([('firstTime', 4.4), ('secondTime', 3.3), ('corrAns', 'left'), ('plusStart', 4.9), ('secondStart', 5.9), ('respStart', 9.2), ('randNum', 0.7908218929999999)])
428.2438 	EXP 	firstcircle_3: autoDraw = False
428.2438 	EXP 	text_3: autoDraw = False
428.2438 	EXP 	secondcircle: autoDraw = False
428.2438 	EXP 	text_4: autoDraw = False
428.2438 	EXP 	text_4: autoDraw = True
428.7438 	EXP 	text_4: autoDraw = False
428.7605 	EXP 	firstcircle_3: autoDraw = True
433.1438 	EXP 	firstcircle_3: autoDraw = False
433.1605 	EXP 	text_3: autoDraw = True
434.1438 	EXP 	text_3: autoDraw = False
434.1604 	EXP 	secondcircle: autoDraw = True
437.4437 	EXP 	secondcircle: autoDraw = False
439.0455 	DATA 	Keypress: left
439.0469 	EXP 	New trial (rep=0, index=17): OrderedDict([('firstTime', 3.5), ('secondTime', 2.1), ('corrAns', 'left'), ('plusStart', 4.0), ('secondStart', 5.0), ('respStart', 7.1), ('randNum', 0.149007794)])
439.0605 	EXP 	firstcircle_3: autoDraw = False
439.0605 	EXP 	text_3: autoDraw = False
439.0605 	EXP 	secondcircle: autoDraw = False
439.0605 	EXP 	text_4: autoDraw = False
439.0605 	EXP 	text_4: autoDraw = True
439.5604 	EXP 	text_4: autoDraw = False
439.5770 	EXP 	firstcircle_3: autoDraw = True
443.0603 	EXP 	firstcircle_3: autoDraw = False
443.0770 	EXP 	text_3: autoDraw = True
444.0603 	EXP 	text_3: autoDraw = False
444.0770 	EXP 	secondcircle: autoDraw = True
446.1603 	EXP 	secondcircle: autoDraw = False
447.3959 	DATA 	Keypress: left
447.3974 	EXP 	New trial (rep=0, index=18): OrderedDict([('firstTime', 1.8), ('secondTime', 1.2), ('corrAns', 'left'), ('plusStart', 2.3), ('secondStart', 3.3), ('respStart', 4.5), ('randNum', 0.44825194799999996)])
447.4103 	EXP 	firstcircle_3: autoDraw = False
447.4103 	EXP 	text_3: autoDraw = False
447.4103 	EXP 	secondcircle: autoDraw = False
447.4103 	EXP 	text_4: autoDraw = False
447.4103 	EXP 	text_4: autoDraw = True
447.9103 	EXP 	text_4: autoDraw = False
447.9269 	EXP 	firstcircle_3: autoDraw = True
449.7103 	EXP 	firstcircle_3: autoDraw = False
449.7269 	EXP 	text_3: autoDraw = True
450.7102 	EXP 	text_3: autoDraw = False
450.7269 	EXP 	secondcircle: autoDraw = True
451.9103 	EXP 	secondcircle: autoDraw = False
452.9798 	DATA 	Keypress: left
452.9953 	EXP 	New trial (rep=0, index=19): OrderedDict([('firstTime', 0.9), ('secondTime', 1.8), ('corrAns', 'right'), ('plusStart', 1.4), ('secondStart', 2.4), ('respStart', 4.2), ('randNum', 0.35938568299999996)])
453.0102 	EXP 	firstcircle_3: autoDraw = False
453.0102 	EXP 	text_3: autoDraw = False
453.0102 	EXP 	secondcircle: autoDraw = False
453.0102 	EXP 	text_4: autoDraw = False
453.0102 	EXP 	text_4: autoDraw = True
453.5102 	EXP 	text_4: autoDraw = False
453.5268 	EXP 	firstcircle_3: autoDraw = True
454.4102 	EXP 	firstcircle_3: autoDraw = False
454.4268 	EXP 	text_3: autoDraw = True
455.4102 	EXP 	text_3: autoDraw = False
455.4268 	EXP 	secondcircle: autoDraw = True
457.2101 	EXP 	secondcircle: autoDraw = False
458.0293 	DATA 	Keypress: right
458.0601 	EXP 	firstcircle_3: autoDraw = False
458.0601 	EXP 	text_3: autoDraw = False
458.0601 	EXP 	secondcircle: autoDraw = False
458.0601 	EXP 	text_4: autoDraw = False
458.0601 	EXP 	text_6: autoDraw = True
462.3791 	DATA 	Keypress: space
462.3862 	EXP 	Imported conditionsTime3.csv as conditions, 20 conditions, 7 params
462.3865 	EXP 	Created sequence: sequential, trialTypes=20, nReps=1, seed=None
462.3869 	EXP 	New trial (rep=0, index=0): OrderedDict([('firstTime', 2.7), ('secondTime', 1.8), ('corrAns', 'left'), ('plusStart', 3.2), ('secondStart', 4.2), ('respStart', 6.0), ('randNum', 0.09224181599999999)])
462.3934 	EXP 	text_6: autoDraw = False
462.3934 	EXP 	text_4: autoDraw = True
462.8934 	EXP 	text_4: autoDraw = False
462.9100 	EXP 	firstcircle_3: autoDraw = True
465.5934 	EXP 	firstcircle_3: autoDraw = False
465.6100 	EXP 	text_3: autoDraw = True
466.5933 	EXP 	text_3: autoDraw = False
466.6100 	EXP 	secondcircle: autoDraw = True
468.3933 	EXP 	secondcircle: autoDraw = False
469.1453 	DATA 	Keypress: right
469.1469 	EXP 	New trial (rep=0, index=1): OrderedDict([('firstTime', 1.8), ('secondTime', 2.7), ('corrAns', 'right'), ('plusStart', 2.3), ('secondStart', 3.3), ('respStart', 6.0), ('randNum', 0.320860695)])
469.1600 	EXP 	firstcircle_3: autoDraw = False
469.1600 	EXP 	text_3: autoDraw = False
469.1600 	EXP 	secondcircle: autoDraw = False
469.1600 	EXP 	text_4: autoDraw = False
469.1600 	EXP 	text_4: autoDraw = True
469.6600 	EXP 	text_4: autoDraw = False
469.6766 	EXP 	firstcircle_3: autoDraw = True
471.4599 	EXP 	firstcircle_3: autoDraw = False
471.4766 	EXP 	text_3: autoDraw = True
472.4599 	EXP 	text_3: autoDraw = False
472.4766 	EXP 	secondcircle: autoDraw = True
475.1599 	EXP 	secondcircle: autoDraw = False
475.9794 	DATA 	Keypress: right
475.9950 	EXP 	New trial (rep=0, index=2): OrderedDict([('firstTime', 0.7), ('secondTime', 1.4), ('corrAns', 'right'), ('plusStart', 1.2), ('secondStart', 2.2), ('respStart', 3.6), ('randNum', 0.091696964)])
476.0099 	EXP 	firstcircle_3: autoDraw = False
476.0099 	EXP 	text_3: autoDraw = False
476.0099 	EXP 	secondcircle: autoDraw = False
476.0099 	EXP 	text_4: autoDraw = False
476.0099 	EXP 	text_4: autoDraw = True
476.5099 	EXP 	text_4: autoDraw = False
476.5265 	EXP 	firstcircle_3: autoDraw = True
477.2098 	EXP 	firstcircle_3: autoDraw = False
477.2265 	EXP 	text_3: autoDraw = True
478.2098 	EXP 	text_3: autoDraw = False
478.2265 	EXP 	secondcircle: autoDraw = True
479.6098 	EXP 	secondcircle: autoDraw = False
480.4285 	DATA 	Keypress: right
480.4299 	EXP 	New trial (rep=0, index=3): OrderedDict([('firstTime', 4.4), ('secondTime', 3.3), ('corrAns', 'left'), ('plusStart', 4.9), ('secondStart', 5.9), ('respStart', 9.2), ('randNum', 0.010112259)])
480.4431 	EXP 	firstcircle_3: autoDraw = False
480.4431 	EXP 	text_3: autoDraw = False
480.4431 	EXP 	secondcircle: autoDraw = False
480.4431 	EXP 	text_4: autoDraw = False
480.4431 	EXP 	text_4: autoDraw = True
480.9431 	EXP 	text_4: autoDraw = False
480.9598 	EXP 	firstcircle_3: autoDraw = True
485.3431 	EXP 	firstcircle_3: autoDraw = False
485.3597 	EXP 	text_3: autoDraw = True
486.3431 	EXP 	text_3: autoDraw = False
486.3597 	EXP 	secondcircle: autoDraw = True
489.6430 	EXP 	secondcircle: autoDraw = False
490.7117 	DATA 	Keypress: left
490.7131 	EXP 	New trial (rep=0, index=4): OrderedDict([('firstTime', 0.9), ('secondTime', 1.8), ('corrAns', 'right'), ('plusStart', 1.4), ('secondStart', 2.4), ('respStart', 4.2), ('randNum', 0.877480265)])
490.7264 	EXP 	firstcircle_3: autoDraw = False
490.7264 	EXP 	text_3: autoDraw = False
490.7264 	EXP 	secondcircle: autoDraw = False
490.7264 	EXP 	text_4: autoDraw = False
490.7264 	EXP 	text_4: autoDraw = True
491.2264 	EXP 	text_4: autoDraw = False
491.2430 	EXP 	firstcircle_3: autoDraw = True
492.1263 	EXP 	firstcircle_3: autoDraw = False
492.1430 	EXP 	text_3: autoDraw = True
493.1264 	EXP 	text_3: autoDraw = False
493.1430 	EXP 	secondcircle: autoDraw = True
494.9263 	EXP 	secondcircle: autoDraw = False
495.8117 	DATA 	Keypress: right
495.8132 	EXP 	New trial (rep=0, index=5): OrderedDict([('firstTime', 1.8), ('secondTime', 0.9), ('corrAns', 'left'), ('plusStart', 2.3), ('secondStart', 3.3), ('respStart', 4.2), ('randNum', 0.74232345)])
495.8263 	EXP 	firstcircle_3: autoDraw = False
495.8263 	EXP 	text_3: autoDraw = False
495.8263 	EXP 	secondcircle: autoDraw = False
495.8263 	EXP 	text_4: autoDraw = False
495.8263 	EXP 	text_4: autoDraw = True
496.3263 	EXP 	text_4: autoDraw = False
496.3429 	EXP 	firstcircle_3: autoDraw = True
498.1262 	EXP 	firstcircle_3: autoDraw = False
498.1429 	EXP 	text_3: autoDraw = True
499.1262 	EXP 	text_3: autoDraw = False
499.1429 	EXP 	secondcircle: autoDraw = True
500.0262 	EXP 	secondcircle: autoDraw = False
501.2782 	DATA 	Keypress: left
501.2796 	EXP 	New trial (rep=0, index=6): OrderedDict([('firstTime', 1.8), ('secondTime', 1.2), ('corrAns', 'left'), ('plusStart', 2.3), ('secondStart', 3.3), ('respStart', 4.5), ('randNum', 0.307053849)])
501.2929 	EXP 	firstcircle_3: autoDraw = False
501.2929 	EXP 	text_3: autoDraw = False
501.2929 	EXP 	secondcircle: autoDraw = False
501.2929 	EXP 	text_4: autoDraw = False
501.2929 	EXP 	text_4: autoDraw = True
501.7929 	EXP 	text_4: autoDraw = False
501.8095 	EXP 	firstcircle_3: autoDraw = True
503.5928 	EXP 	firstcircle_3: autoDraw = False
503.6095 	EXP 	text_3: autoDraw = True
504.5928 	EXP 	text_3: autoDraw = False
504.6095 	EXP 	secondcircle: autoDraw = True
505.7928 	EXP 	secondcircle: autoDraw = False
506.7782 	DATA 	Keypress: left
506.7796 	EXP 	New trial (rep=0, index=7): OrderedDict([('firstTime', 3.6), ('secondTime', 3.2), ('corrAns', 'left'), ('plusStart', 4.1), ('secondStart', 5.1), ('respStart', 8.3), ('randNum', 0.331236492)])
506.7928 	EXP 	firstcircle_3: autoDraw = False
506.7928 	EXP 	text_3: autoDraw = False
506.7928 	EXP 	secondcircle: autoDraw = False
506.7928 	EXP 	text_4: autoDraw = False
506.7928 	EXP 	text_4: autoDraw = True
507.2928 	EXP 	text_4: autoDraw = False
507.3094 	EXP 	firstcircle_3: autoDraw = True
510.8927 	EXP 	firstcircle_3: autoDraw = False
510.9094 	EXP 	text_3: autoDraw = True
511.8927 	EXP 	text_3: autoDraw = False
511.9094 	EXP 	secondcircle: autoDraw = True
515.0927 	EXP 	secondcircle: autoDraw = False
520.1443 	DATA 	Keypress: left
520.1457 	EXP 	New trial (rep=0, index=8): OrderedDict([('firstTime', 2.5), ('secondTime', 1.5), ('corrAns', 'left'), ('plusStart', 3.0), ('secondStart', 4.0), ('respStart', 5.5), ('randNum', 0.778562476)])
520.1593 	EXP 	firstcircle_3: autoDraw = False
520.1593 	EXP 	text_3: autoDraw = False
520.1593 	EXP 	secondcircle: autoDraw = False
520.1593 	EXP 	text_4: autoDraw = False
520.1593 	EXP 	text_4: autoDraw = True
520.6593 	EXP 	text_4: autoDraw = False
520.6759 	EXP 	firstcircle_3: autoDraw = True
523.1593 	EXP 	firstcircle_3: autoDraw = False
523.1759 	EXP 	text_3: autoDraw = True
524.1592 	EXP 	text_3: autoDraw = False
524.1759 	EXP 	secondcircle: autoDraw = True
525.6592 	EXP 	secondcircle: autoDraw = False
526.7278 	DATA 	Keypress: left
526.7292 	EXP 	New trial (rep=0, index=9): OrderedDict([('firstTime', 1.2), ('secondTime', 1.8), ('corrAns', 'right'), ('plusStart', 1.7), ('secondStart', 2.7), ('respStart', 4.5), ('randNum', 0.18131893100000002)])
526.7425 	EXP 	firstcircle_3: autoDraw = False
526.7425 	EXP 	text_3: autoDraw = False
526.7425 	EXP 	secondcircle: autoDraw = False
526.7425 	EXP 	text_4: autoDraw = False
526.7425 	EXP 	text_4: autoDraw = True
527.2425 	EXP 	text_4: autoDraw = False
527.2592 	EXP 	firstcircle_3: autoDraw = True
528.4425 	EXP 	firstcircle_3: autoDraw = False
528.4592 	EXP 	text_3: autoDraw = True
529.4425 	EXP 	text_3: autoDraw = False
529.4592 	EXP 	secondcircle: autoDraw = True
531.2425 	EXP 	secondcircle: autoDraw = False
532.0945 	DATA 	Keypress: right
532.0959 	EXP 	New trial (rep=0, index=10): OrderedDict([('firstTime', 2.8), ('secondTime', 2.1), ('corrAns', 'left'), ('plusStart', 3.3), ('secondStart', 4.3), ('respStart', 6.4), ('randNum', 0.897215002)])
532.1091 	EXP 	firstcircle_3: autoDraw = False
532.1091 	EXP 	text_3: autoDraw = False
532.1091 	EXP 	secondcircle: autoDraw = False
532.1091 	EXP 	text_4: autoDraw = False
532.1091 	EXP 	text_4: autoDraw = True
532.6091 	EXP 	text_4: autoDraw = False
532.6258 	EXP 	firstcircle_3: autoDraw = True
535.4091 	EXP 	firstcircle_3: autoDraw = False
535.4257 	EXP 	text_3: autoDraw = True
536.4091 	EXP 	text_3: autoDraw = False
536.4257 	EXP 	secondcircle: autoDraw = True
538.5090 	EXP 	secondcircle: autoDraw = False
540.0777 	DATA 	Keypress: left
540.0791 	EXP 	New trial (rep=0, index=11): OrderedDict([('firstTime', 2.1), ('secondTime', 2.8), ('corrAns', 'right'), ('plusStart', 2.6), ('secondStart', 3.6), ('respStart', 6.4), ('randNum', 0.734438325)])
540.0923 	EXP 	firstcircle_3: autoDraw = False
540.0923 	EXP 	text_3: autoDraw = False
540.0923 	EXP 	secondcircle: autoDraw = False
540.0923 	EXP 	text_4: autoDraw = False
540.0923 	EXP 	text_4: autoDraw = True
540.5923 	EXP 	text_4: autoDraw = False
540.6090 	EXP 	firstcircle_3: autoDraw = True
542.6923 	EXP 	firstcircle_3: autoDraw = False
542.7090 	EXP 	text_3: autoDraw = True
543.6923 	EXP 	text_3: autoDraw = False
543.7090 	EXP 	secondcircle: autoDraw = True
546.4923 	EXP 	secondcircle: autoDraw = False
547.2275 	DATA 	Keypress: right
547.2289 	EXP 	New trial (rep=0, index=12): OrderedDict([('firstTime', 3.2), ('secondTime', 3.6), ('corrAns', 'right'), ('plusStart', 3.7), ('secondStart', 4.7), ('respStart', 8.3), ('randNum', 0.716372322)])
547.2422 	EXP 	firstcircle_3: autoDraw = False
547.2422 	EXP 	text_3: autoDraw = False
547.2422 	EXP 	secondcircle: autoDraw = False
547.2422 	EXP 	text_4: autoDraw = False
547.2422 	EXP 	text_4: autoDraw = True
547.7422 	EXP 	text_4: autoDraw = False
547.7589 	EXP 	firstcircle_3: autoDraw = True
550.9422 	EXP 	firstcircle_3: autoDraw = False
550.9589 	EXP 	text_3: autoDraw = True
551.9422 	EXP 	text_3: autoDraw = False
551.9589 	EXP 	secondcircle: autoDraw = True
555.5421 	EXP 	secondcircle: autoDraw = False
556.1941 	DATA 	Keypress: right
556.1955 	EXP 	New trial (rep=0, index=13): OrderedDict([('firstTime', 2.1), ('secondTime', 3.5), ('corrAns', 'right'), ('plusStart', 2.6), ('secondStart', 3.6), ('respStart', 7.1), ('randNum', 0.2797458)])
556.2088 	EXP 	firstcircle_3: autoDraw = False
556.2088 	EXP 	text_3: autoDraw = False
556.2088 	EXP 	secondcircle: autoDraw = False
556.2088 	EXP 	text_4: autoDraw = False
556.2088 	EXP 	text_4: autoDraw = True
556.7088 	EXP 	text_4: autoDraw = False
556.7254 	EXP 	firstcircle_3: autoDraw = True
558.8088 	EXP 	firstcircle_3: autoDraw = False
558.8254 	EXP 	text_3: autoDraw = True
559.8087 	EXP 	text_3: autoDraw = False
559.8254 	EXP 	secondcircle: autoDraw = True
563.3087 	EXP 	secondcircle: autoDraw = False
563.6271 	DATA 	Keypress: right
563.6285 	EXP 	New trial (rep=0, index=14): OrderedDict([('firstTime', 1.4), ('secondTime', 0.7), ('corrAns', 'left'), ('plusStart', 1.9), ('secondStart', 2.9), ('respStart', 3.6), ('randNum', 0.038284202)])
563.6420 	EXP 	firstcircle_3: autoDraw = False
563.6420 	EXP 	text_3: autoDraw = False
563.6420 	EXP 	secondcircle: autoDraw = False
563.6420 	EXP 	text_4: autoDraw = False
563.6420 	EXP 	text_4: autoDraw = True
564.1420 	EXP 	text_4: autoDraw = False
564.1587 	EXP 	firstcircle_3: autoDraw = True
565.5420 	EXP 	firstcircle_3: autoDraw = False
565.5587 	EXP 	text_3: autoDraw = True
566.5420 	EXP 	text_3: autoDraw = False
566.5587 	EXP 	secondcircle: autoDraw = True
567.2420 	EXP 	secondcircle: autoDraw = False
568.3606 	DATA 	Keypress: left
568.3619 	EXP 	New trial (rep=0, index=15): OrderedDict([('firstTime', 9.9), ('secondTime', 8.8), ('corrAns', 'left'), ('plusStart', 10.4), ('secondStart', 11.4), ('respStart', 20.2), ('randNum', 0.656448526)])
568.3753 	EXP 	firstcircle_3: autoDraw = False
568.3753 	EXP 	text_3: autoDraw = False
568.3753 	EXP 	secondcircle: autoDraw = False
568.3753 	EXP 	text_4: autoDraw = False
568.3753 	EXP 	text_4: autoDraw = True
568.8753 	EXP 	text_4: autoDraw = False
568.8919 	EXP 	firstcircle_3: autoDraw = True
578.7751 	EXP 	firstcircle_3: autoDraw = False
578.7918 	EXP 	text_3: autoDraw = True
579.7751 	EXP 	text_3: autoDraw = False
579.7918 	EXP 	secondcircle: autoDraw = True
588.5750 	EXP 	secondcircle: autoDraw = False
590.1434 	DATA 	Keypress: left
590.1448 	EXP 	New trial (rep=0, index=16): OrderedDict([('firstTime', 3.5), ('secondTime', 2.1), ('corrAns', 'left'), ('plusStart', 4.0), ('secondStart', 5.0), ('respStart', 7.1), ('randNum', 0.25078508899999996)])
590.1583 	EXP 	firstcircle_3: autoDraw = False
590.1583 	EXP 	text_3: autoDraw = False
590.1583 	EXP 	secondcircle: autoDraw = False
590.1583 	EXP 	text_4: autoDraw = False
590.1583 	EXP 	text_4: autoDraw = True
590.6583 	EXP 	text_4: autoDraw = False
590.6750 	EXP 	firstcircle_3: autoDraw = True
594.1583 	EXP 	firstcircle_3: autoDraw = False
594.1749 	EXP 	text_3: autoDraw = True
595.1583 	EXP 	text_3: autoDraw = False
595.1749 	EXP 	secondcircle: autoDraw = True
597.2582 	EXP 	secondcircle: autoDraw = False
598.7937 	DATA 	Keypress: left
598.7950 	EXP 	New trial (rep=0, index=17): OrderedDict([('firstTime', 8.8), ('secondTime', 9.9), ('corrAns', 'right'), ('plusStart', 9.3), ('secondStart', 10.3), ('respStart', 20.2), ('randNum', 0.055985873)])
598.8082 	EXP 	firstcircle_3: autoDraw = False
598.8082 	EXP 	text_3: autoDraw = False
598.8082 	EXP 	secondcircle: autoDraw = False
598.8082 	EXP 	text_4: autoDraw = False
598.8082 	EXP 	text_4: autoDraw = True
599.3082 	EXP 	text_4: autoDraw = False
599.3249 	EXP 	firstcircle_3: autoDraw = True
608.1081 	EXP 	firstcircle_3: autoDraw = False
608.1248 	EXP 	text_3: autoDraw = True
609.1081 	EXP 	text_3: autoDraw = False
609.1247 	EXP 	secondcircle: autoDraw = True
619.0079 	EXP 	secondcircle: autoDraw = False
619.9265 	DATA 	Keypress: right
619.9280 	EXP 	New trial (rep=0, index=18): OrderedDict([('firstTime', 1.5), ('secondTime', 2.5), ('corrAns', 'right'), ('plusStart', 2.0), ('secondStart', 3.0), ('respStart', 5.5), ('randNum', 0.279030548)])
619.9413 	EXP 	firstcircle_3: autoDraw = False
619.9413 	EXP 	text_3: autoDraw = False
619.9413 	EXP 	secondcircle: autoDraw = False
619.9413 	EXP 	text_4: autoDraw = False
619.9413 	EXP 	text_4: autoDraw = True
620.4413 	EXP 	text_4: autoDraw = False
620.4579 	EXP 	firstcircle_3: autoDraw = True
621.9412 	EXP 	firstcircle_3: autoDraw = False
621.9579 	EXP 	text_3: autoDraw = True
622.9412 	EXP 	text_3: autoDraw = False
622.9579 	EXP 	secondcircle: autoDraw = True
625.4412 	EXP 	secondcircle: autoDraw = False
626.1265 	DATA 	Keypress: right
626.1279 	EXP 	New trial (rep=0, index=19): OrderedDict([('firstTime', 3.3), ('secondTime', 4.4), ('corrAns', 'right'), ('plusStart', 3.8), ('secondStart', 4.8), ('respStart', 9.2), ('randNum', 0.6214470879999999)])
626.1412 	EXP 	firstcircle_3: autoDraw = False
626.1412 	EXP 	text_3: autoDraw = False
626.1412 	EXP 	secondcircle: autoDraw = False
626.1412 	EXP 	text_4: autoDraw = False
626.1412 	EXP 	text_4: autoDraw = True
626.6412 	EXP 	text_4: autoDraw = False
626.6578 	EXP 	firstcircle_3: autoDraw = True
629.9411 	EXP 	firstcircle_3: autoDraw = False
629.9578 	EXP 	text_3: autoDraw = True
630.9411 	EXP 	text_3: autoDraw = False
630.9578 	EXP 	secondcircle: autoDraw = True
635.3411 	EXP 	secondcircle: autoDraw = False
636.4264 	DATA 	Keypress: right
636.4410 	EXP 	firstcircle_3: autoDraw = False
636.4410 	EXP 	text_3: autoDraw = False
636.4410 	EXP 	secondcircle: autoDraw = False
636.4410 	EXP 	text_4: autoDraw = False
636.4410 	EXP 	text_7: autoDraw = True
638.2601 	DATA 	Keypress: space
638.2656 	EXP 	Imported conditionsTime4.csv as conditions, 20 conditions, 7 params
638.2660 	EXP 	Created sequence: sequential, trialTypes=20, nReps=1, seed=None
638.2664 	EXP 	New trial (rep=0, index=0): OrderedDict([('firstTime', 2.5), ('secondTime', 1.5), ('corrAns', 'left'), ('plusStart', 3.0), ('secondStart', 4.0), ('respStart', 5.5), ('randNum', 0.9526453340000001)])
638.2743 	EXP 	text_7: autoDraw = False
638.2743 	EXP 	text_4: autoDraw = True
638.7743 	EXP 	text_4: autoDraw = False
638.7910 	EXP 	firstcircle_3: autoDraw = True
641.2743 	EXP 	firstcircle_3: autoDraw = False
641.2910 	EXP 	text_3: autoDraw = True
642.2743 	EXP 	text_3: autoDraw = False
642.2910 	EXP 	secondcircle: autoDraw = True
643.7743 	EXP 	secondcircle: autoDraw = False
644.8429 	DATA 	Keypress: left
644.8445 	EXP 	New trial (rep=0, index=1): OrderedDict([('firstTime', 2.8), ('secondTime', 2.1), ('corrAns', 'left'), ('plusStart', 3.3), ('secondStart', 4.3), ('respStart', 6.4), ('randNum', 0.962497787)])
644.8576 	EXP 	firstcircle_3: autoDraw = False
644.8576 	EXP 	text_3: autoDraw = False
644.8576 	EXP 	secondcircle: autoDraw = False
644.8576 	EXP 	text_4: autoDraw = False
644.8576 	EXP 	text_4: autoDraw = True
645.3576 	EXP 	text_4: autoDraw = False
645.3742 	EXP 	firstcircle_3: autoDraw = True
648.1575 	EXP 	firstcircle_3: autoDraw = False
648.1742 	EXP 	text_3: autoDraw = True
649.1575 	EXP 	text_3: autoDraw = False
649.1742 	EXP 	secondcircle: autoDraw = True
651.2575 	EXP 	secondcircle: autoDraw = False
652.6427 	DATA 	Keypress: left
652.6441 	EXP 	New trial (rep=0, index=2): OrderedDict([('firstTime', 2.7), ('secondTime', 1.8), ('corrAns', 'left'), ('plusStart', 3.2), ('secondStart', 4.2), ('respStart', 6.0), ('randNum', 0.06690605599999999)])
652.6575 	EXP 	firstcircle_3: autoDraw = False
652.6575 	EXP 	text_3: autoDraw = False
652.6575 	EXP 	secondcircle: autoDraw = False
652.6575 	EXP 	text_4: autoDraw = False
652.6575 	EXP 	text_4: autoDraw = True
653.1575 	EXP 	text_4: autoDraw = False
653.1741 	EXP 	firstcircle_3: autoDraw = True
655.8574 	EXP 	firstcircle_3: autoDraw = False
655.8741 	EXP 	text_3: autoDraw = True
656.8575 	EXP 	text_3: autoDraw = False
656.8741 	EXP 	secondcircle: autoDraw = True
658.6574 	EXP 	secondcircle: autoDraw = False
659.7927 	DATA 	Keypress: left
659.7941 	EXP 	New trial (rep=0, index=3): OrderedDict([('firstTime', 8.8), ('secondTime', 9.9), ('corrAns', 'right'), ('plusStart', 9.3), ('secondStart', 10.3), ('respStart', 20.2), ('randNum', 0.09555333099999999)])
659.8074 	EXP 	firstcircle_3: autoDraw = False
659.8074 	EXP 	text_3: autoDraw = False
659.8074 	EXP 	secondcircle: autoDraw = False
659.8074 	EXP 	text_4: autoDraw = False
659.8074 	EXP 	text_4: autoDraw = True
660.3074 	EXP 	text_4: autoDraw = False
660.3241 	EXP 	firstcircle_3: autoDraw = True
669.1073 	EXP 	firstcircle_3: autoDraw = False
669.1239 	EXP 	text_3: autoDraw = True
670.1072 	EXP 	text_3: autoDraw = False
670.1239 	EXP 	secondcircle: autoDraw = True
680.0072 	EXP 	secondcircle: autoDraw = False
680.7757 	DATA 	Keypress: right
680.7771 	EXP 	New trial (rep=0, index=4): OrderedDict([('firstTime', 1.8), ('secondTime', 2.7), ('corrAns', 'right'), ('plusStart', 2.3), ('secondStart', 3.3), ('respStart', 6.0), ('randNum', 0.559320406)])
680.7905 	EXP 	firstcircle_3: autoDraw = False
680.7905 	EXP 	text_3: autoDraw = False
680.7905 	EXP 	secondcircle: autoDraw = False
680.7905 	EXP 	text_4: autoDraw = False
680.7905 	EXP 	text_4: autoDraw = True
681.2904 	EXP 	text_4: autoDraw = False
681.3071 	EXP 	firstcircle_3: autoDraw = True
683.0904 	EXP 	firstcircle_3: autoDraw = False
683.1071 	EXP 	text_3: autoDraw = True
684.0904 	EXP 	text_3: autoDraw = False
684.1071 	EXP 	secondcircle: autoDraw = True
686.7904 	EXP 	secondcircle: autoDraw = False
687.8924 	DATA 	Keypress: right
687.8937 	EXP 	New trial (rep=0, index=5): OrderedDict([('firstTime', 3.5), ('secondTime', 2.1), ('corrAns', 'left'), ('plusStart', 4.0), ('secondStart', 5.0), ('respStart', 7.1), ('randNum', 0.885130943)])
687.9070 	EXP 	firstcircle_3: autoDraw = False
687.9070 	EXP 	text_3: autoDraw = False
687.9070 	EXP 	secondcircle: autoDraw = False
687.9070 	EXP 	text_4: autoDraw = False
687.9070 	EXP 	text_4: autoDraw = True
688.4070 	EXP 	text_4: autoDraw = False
688.4237 	EXP 	firstcircle_3: autoDraw = True
691.9070 	EXP 	firstcircle_3: autoDraw = False
691.9236 	EXP 	text_3: autoDraw = True
692.9069 	EXP 	text_3: autoDraw = False
692.9236 	EXP 	secondcircle: autoDraw = True
695.0069 	EXP 	secondcircle: autoDraw = False
696.0923 	DATA 	Keypress: left
696.0937 	EXP 	New trial (rep=0, index=6): OrderedDict([('firstTime', 2.1), ('secondTime', 2.8), ('corrAns', 'right'), ('plusStart', 2.6), ('secondStart', 3.6), ('respStart', 6.4), ('randNum', 0.7843272990000001)])
696.1069 	EXP 	firstcircle_3: autoDraw = False
696.1069 	EXP 	text_3: autoDraw = False
696.1069 	EXP 	secondcircle: autoDraw = False
696.1069 	EXP 	text_4: autoDraw = False
696.1069 	EXP 	text_4: autoDraw = True
696.6069 	EXP 	text_4: autoDraw = False
696.6236 	EXP 	firstcircle_3: autoDraw = True
698.7069 	EXP 	firstcircle_3: autoDraw = False
698.7235 	EXP 	text_3: autoDraw = True
699.7069 	EXP 	text_3: autoDraw = False
699.7235 	EXP 	secondcircle: autoDraw = True
702.5068 	EXP 	secondcircle: autoDraw = False
703.4422 	DATA 	Keypress: right
703.4435 	EXP 	New trial (rep=0, index=7): OrderedDict([('firstTime', 4.4), ('secondTime', 3.3), ('corrAns', 'left'), ('plusStart', 4.9), ('secondStart', 5.9), ('respStart', 9.2), ('randNum', 0.594355042)])
703.4569 	EXP 	firstcircle_3: autoDraw = False
703.4569 	EXP 	text_3: autoDraw = False
703.4569 	EXP 	secondcircle: autoDraw = False
703.4569 	EXP 	text_4: autoDraw = False
703.4569 	EXP 	text_4: autoDraw = True
703.9568 	EXP 	text_4: autoDraw = False
703.9735 	EXP 	firstcircle_3: autoDraw = True
708.3567 	EXP 	firstcircle_3: autoDraw = False
708.3734 	EXP 	text_3: autoDraw = True
709.3567 	EXP 	text_3: autoDraw = False
709.3734 	EXP 	secondcircle: autoDraw = True
712.6567 	EXP 	secondcircle: autoDraw = False
713.6087 	DATA 	Keypress: left
713.6101 	EXP 	New trial (rep=0, index=8): OrderedDict([('firstTime', 0.9), ('secondTime', 1.8), ('corrAns', 'right'), ('plusStart', 1.4), ('secondStart', 2.4), ('respStart', 4.2), ('randNum', 0.39760777399999997)])
713.6234 	EXP 	firstcircle_3: autoDraw = False
713.6234 	EXP 	text_3: autoDraw = False
713.6234 	EXP 	secondcircle: autoDraw = False
713.6234 	EXP 	text_4: autoDraw = False
713.6234 	EXP 	text_4: autoDraw = True
714.1233 	EXP 	text_4: autoDraw = False
714.1400 	EXP 	firstcircle_3: autoDraw = True
715.0233 	EXP 	firstcircle_3: autoDraw = False
715.0400 	EXP 	text_3: autoDraw = True
716.0233 	EXP 	text_3: autoDraw = False
716.0400 	EXP 	secondcircle: autoDraw = True
717.8233 	EXP 	secondcircle: autoDraw = False
718.8252 	DATA 	Keypress: right
718.8266 	EXP 	New trial (rep=0, index=9): OrderedDict([('firstTime', 3.6), ('secondTime', 3.2), ('corrAns', 'left'), ('plusStart', 4.1), ('secondStart', 5.1), ('respStart', 8.3), ('randNum', 0.454525661)])
718.8399 	EXP 	firstcircle_3: autoDraw = False
718.8399 	EXP 	text_3: autoDraw = False
718.8399 	EXP 	secondcircle: autoDraw = False
718.8399 	EXP 	text_4: autoDraw = False
718.8399 	EXP 	text_4: autoDraw = True
719.3399 	EXP 	text_4: autoDraw = False
719.3566 	EXP 	firstcircle_3: autoDraw = True
722.9399 	EXP 	firstcircle_3: autoDraw = False
722.9565 	EXP 	text_3: autoDraw = True
723.9399 	EXP 	text_3: autoDraw = False
723.9565 	EXP 	secondcircle: autoDraw = True
727.1398 	EXP 	secondcircle: autoDraw = False
727.9585 	DATA 	Keypress: left
727.9599 	EXP 	New trial (rep=0, index=10): OrderedDict([('firstTime', 9.9), ('secondTime', 8.8), ('corrAns', 'left'), ('plusStart', 10.4), ('secondStart', 11.4), ('respStart', 20.2), ('randNum', 0.335173919)])
727.9731 	EXP 	firstcircle_3: autoDraw = False
727.9731 	EXP 	text_3: autoDraw = False
727.9731 	EXP 	secondcircle: autoDraw = False
727.9731 	EXP 	text_4: autoDraw = False
727.9731 	EXP 	text_4: autoDraw = True
728.4731 	EXP 	text_4: autoDraw = False
728.4898 	EXP 	firstcircle_3: autoDraw = True
738.3730 	EXP 	firstcircle_3: autoDraw = False
738.3897 	EXP 	text_3: autoDraw = True
739.3730 	EXP 	text_3: autoDraw = False
739.3896 	EXP 	secondcircle: autoDraw = True
748.1729 	EXP 	secondcircle: autoDraw = False
749.2915 	DATA 	Keypress: left
749.2928 	EXP 	New trial (rep=0, index=11): OrderedDict([('firstTime', 1.8), ('secondTime', 1.2), ('corrAns', 'left'), ('plusStart', 2.3), ('secondStart', 3.3), ('respStart', 4.5), ('randNum', 0.050156068)])
749.3062 	EXP 	firstcircle_3: autoDraw = False
749.3062 	EXP 	text_3: autoDraw = False
749.3062 	EXP 	secondcircle: autoDraw = False
749.3062 	EXP 	text_4: autoDraw = False
749.3062 	EXP 	text_4: autoDraw = True
749.8062 	EXP 	text_4: autoDraw = False
749.8228 	EXP 	firstcircle_3: autoDraw = True
751.6062 	EXP 	firstcircle_3: autoDraw = False
751.6228 	EXP 	text_3: autoDraw = True
752.6061 	EXP 	text_3: autoDraw = False
752.6228 	EXP 	secondcircle: autoDraw = True
753.8061 	EXP 	secondcircle: autoDraw = False
754.7914 	DATA 	Keypress: left
754.7928 	EXP 	New trial (rep=0, index=12): OrderedDict([('firstTime', 2.1), ('secondTime', 3.5), ('corrAns', 'right'), ('plusStart', 2.6), ('secondStart', 3.6), ('respStart', 7.1), ('randNum', 0.553210354)])
754.8061 	EXP 	firstcircle_3: autoDraw = False
754.8061 	EXP 	text_3: autoDraw = False
754.8061 	EXP 	secondcircle: autoDraw = False
754.8061 	EXP 	text_4: autoDraw = False
754.8061 	EXP 	text_4: autoDraw = True
755.3061 	EXP 	text_4: autoDraw = False
755.3228 	EXP 	firstcircle_3: autoDraw = True
757.4061 	EXP 	firstcircle_3: autoDraw = False
757.4227 	EXP 	text_3: autoDraw = True
758.4061 	EXP 	text_3: autoDraw = False
758.4227 	EXP 	secondcircle: autoDraw = True
761.9060 	EXP 	secondcircle: autoDraw = False
762.6080 	DATA 	Keypress: right
762.6094 	EXP 	New trial (rep=0, index=13): OrderedDict([('firstTime', 3.2), ('secondTime', 3.6), ('corrAns', 'right'), ('plusStart', 3.7), ('secondStart', 4.7), ('respStart', 8.3), ('randNum', 0.062598668)])
762.6227 	EXP 	firstcircle_3: autoDraw = False
762.6227 	EXP 	text_3: autoDraw = False
762.6227 	EXP 	secondcircle: autoDraw = False
762.6227 	EXP 	text_4: autoDraw = False
762.6227 	EXP 	text_4: autoDraw = True
763.1227 	EXP 	text_4: autoDraw = False
763.1394 	EXP 	firstcircle_3: autoDraw = True
766.3226 	EXP 	firstcircle_3: autoDraw = False
766.3393 	EXP 	text_3: autoDraw = True
767.3227 	EXP 	text_3: autoDraw = False
767.3394 	EXP 	secondcircle: autoDraw = True
770.9226 	EXP 	secondcircle: autoDraw = False
771.9746 	DATA 	Keypress: right
771.9759 	EXP 	New trial (rep=0, index=14): OrderedDict([('firstTime', 1.5), ('secondTime', 2.5), ('corrAns', 'right'), ('plusStart', 2.0), ('secondStart', 3.0), ('respStart', 5.5), ('randNum', 0.851613693)])
771.9892 	EXP 	firstcircle_3: autoDraw = False
771.9892 	EXP 	text_3: autoDraw = False
771.9892 	EXP 	secondcircle: autoDraw = False
771.9892 	EXP 	text_4: autoDraw = False
771.9892 	EXP 	text_4: autoDraw = True
772.4892 	EXP 	text_4: autoDraw = False
772.5059 	EXP 	firstcircle_3: autoDraw = True
773.9892 	EXP 	firstcircle_3: autoDraw = False
774.0058 	EXP 	text_3: autoDraw = True
774.9892 	EXP 	text_3: autoDraw = False
775.0058 	EXP 	secondcircle: autoDraw = True
777.4892 	EXP 	secondcircle: autoDraw = False
778.3751 	DATA 	Keypress: right
778.3766 	EXP 	New trial (rep=0, index=15): OrderedDict([('firstTime', 1.2), ('secondTime', 1.8), ('corrAns', 'right'), ('plusStart', 1.7), ('secondStart', 2.7), ('respStart', 4.5), ('randNum', 0.9561071459999999)])
778.3892 	EXP 	firstcircle_3: autoDraw = False
778.3892 	EXP 	text_3: autoDraw = False
778.3892 	EXP 	secondcircle: autoDraw = False
778.3892 	EXP 	text_4: autoDraw = False
778.3892 	EXP 	text_4: autoDraw = True
778.8891 	EXP 	text_4: autoDraw = False
778.9058 	EXP 	firstcircle_3: autoDraw = True
780.0891 	EXP 	firstcircle_3: autoDraw = False
780.1058 	EXP 	text_3: autoDraw = True
781.0891 	EXP 	text_3: autoDraw = False
781.1058 	EXP 	secondcircle: autoDraw = True
782.8891 	EXP 	secondcircle: autoDraw = False
783.6412 	DATA 	Keypress: right
783.6426 	EXP 	New trial (rep=0, index=16): OrderedDict([('firstTime', 3.3), ('secondTime', 4.4), ('corrAns', 'right'), ('plusStart', 3.8), ('secondStart', 4.8), ('respStart', 9.2), ('randNum', 0.25372748300000003)])
783.6557 	EXP 	firstcircle_3: autoDraw = False
783.6557 	EXP 	text_3: autoDraw = False
783.6557 	EXP 	secondcircle: autoDraw = False
783.6557 	EXP 	text_4: autoDraw = False
783.6557 	EXP 	text_4: autoDraw = True
784.1557 	EXP 	text_4: autoDraw = False
784.1724 	EXP 	firstcircle_3: autoDraw = True
787.4557 	EXP 	firstcircle_3: autoDraw = False
787.4723 	EXP 	text_3: autoDraw = True
788.4556 	EXP 	text_3: autoDraw = False
788.4724 	EXP 	secondcircle: autoDraw = True
792.8556 	EXP 	secondcircle: autoDraw = False
793.3905 	DATA 	Keypress: right
793.3916 	EXP 	New trial (rep=0, index=17): OrderedDict([('firstTime', 1.8), ('secondTime', 0.9), ('corrAns', 'left'), ('plusStart', 2.3), ('secondStart', 3.3), ('respStart', 4.2), ('randNum', 0.328250033)])
793.4056 	EXP 	firstcircle_3: autoDraw = False
793.4056 	EXP 	text_3: autoDraw = False
793.4056 	EXP 	secondcircle: autoDraw = False
793.4056 	EXP 	text_4: autoDraw = False
793.4056 	EXP 	text_4: autoDraw = True
793.9056 	EXP 	text_4: autoDraw = False
793.9222 	EXP 	firstcircle_3: autoDraw = True
795.7055 	EXP 	firstcircle_3: autoDraw = False
795.7222 	EXP 	text_3: autoDraw = True
796.7055 	EXP 	text_3: autoDraw = False
796.7222 	EXP 	secondcircle: autoDraw = True
797.6055 	EXP 	secondcircle: autoDraw = False
798.9241 	DATA 	Keypress: left
798.9255 	EXP 	New trial (rep=0, index=18): OrderedDict([('firstTime', 1.4), ('secondTime', 0.7), ('corrAns', 'left'), ('plusStart', 1.9), ('secondStart', 2.9), ('respStart', 3.6), ('randNum', 0.26139814899999997)])
798.9388 	EXP 	firstcircle_3: autoDraw = False
798.9388 	EXP 	text_3: autoDraw = False
798.9388 	EXP 	secondcircle: autoDraw = False
798.9388 	EXP 	text_4: autoDraw = False
798.9388 	EXP 	text_4: autoDraw = True
799.4388 	EXP 	text_4: autoDraw = False
799.4555 	EXP 	firstcircle_3: autoDraw = True
800.8388 	EXP 	firstcircle_3: autoDraw = False
800.8555 	EXP 	text_3: autoDraw = True
801.8388 	EXP 	text_3: autoDraw = False
801.8555 	EXP 	secondcircle: autoDraw = True
802.5388 	EXP 	secondcircle: autoDraw = False
803.8074 	DATA 	Keypress: left
803.8088 	EXP 	New trial (rep=0, index=19): OrderedDict([('firstTime', 0.7), ('secondTime', 1.4), ('corrAns', 'right'), ('plusStart', 1.2), ('secondStart', 2.2), ('respStart', 3.6), ('randNum', 0.515481866)])
803.8221 	EXP 	firstcircle_3: autoDraw = False
803.8221 	EXP 	text_3: autoDraw = False
803.8221 	EXP 	secondcircle: autoDraw = False
803.8221 	EXP 	text_4: autoDraw = False
803.8221 	EXP 	text_4: autoDraw = True
804.3221 	EXP 	text_4: autoDraw = False
804.3388 	EXP 	firstcircle_3: autoDraw = True
805.0221 	EXP 	firstcircle_3: autoDraw = False
805.0388 	EXP 	text_3: autoDraw = True
806.0221 	EXP 	text_3: autoDraw = False
806.0387 	EXP 	secondcircle: autoDraw = True
807.4222 	EXP 	secondcircle: autoDraw = False
808.1073 	DATA 	Keypress: right
808.1220 	EXP 	firstcircle_3: autoDraw = False
808.1220 	EXP 	text_3: autoDraw = False
808.1220 	EXP 	secondcircle: autoDraw = False
808.1220 	EXP 	text_4: autoDraw = False
808.1220 	EXP 	text_2: autoDraw = True
811.3893 	EXP 	window1: mouseVisible = True
