1.1246 	WARNING 	sounddevice audio lib was requested but not loaded: sounddevice not working
12.2199 	WARNING 	User requested fullscreen with size [1024  768], but screen is actually [1440, 900]. Using actual size
12.8741 	EXP 	Created window1 = Window(allowGUI=False, allowStencil=False, args=UNKNOWN, autoLog=True, bitsMode=UNKNOWN, blendMode='avg', color=array([0., 0., 0.]), colorSpace='rgb', fullscr=<method-wrapper '__getattribute__' of attributeSetter object at 0x10edefdd8>, gamma=None, kwargs=UNKNOWN, lms=UNKNOWN, monitor=<psychopy.monitors.calibTools.Monitor object at 0x11339d400>, multiSample=False, name='window1', numSamples=2, pos=[0.0, 0.0], screen=0, size=array([2880, 1800]), stereo=False, units='norm', useFBO=True, useRetina=True, viewOri=0.0, viewPos=None, viewScale=None, waitBlanking=True, winType='pyglet')
12.8742 	EXP 	window1: recordFrameIntervals = False
13.0398 	EXP 	window1: recordFrameIntervals = True
13.2233 	EXP 	window1: recordFrameIntervals = False
13.3439 	EXP 	Created insRound1 = TextStim(__class__=<class 'psychopy.visual.text.TextStim'>, alignHoriz='center', alignVert='center', antialias=True, autoLog=True, bold=False, color='white', colorSpace='named', contrast=1.0, depth=0.0, flipHoriz=False, flipVert=False, font='Arial', fontFiles=[], height=0.07, italic=False, languageStyle='LTR', name='insRound1', opacity=1.0, ori=0, pos=array([0., 0.]), rgb=array([255., 255., 255.]), text=str(...), units='norm', win=Window(...), wrapWidth=1)
13.3537 	EXP 	Created text = TextStim(__class__=<class 'psychopy.visual.text.TextStim'>, alignHoriz='center', alignVert='center', antialias=True, autoLog=True, bold=False, color='white', colorSpace='named', contrast=1.0, depth=0.0, flipHoriz=False, flipVert=False, font='Arial', fontFiles=[], height=0.1, italic=False, languageStyle='LTR', name='text', opacity=1.0, ori=0, pos=array([0., 0.]), rgb=array([255., 255., 255.]), text='Block 1 starts\n\nPress space', units='norm', win=Window(...), wrapWidth=1)
13.3606 	EXP 	Created firstcircle_3 = Polygon(__class__=<class 'psychopy.visual.polygon.Polygon'>, autoDraw=False, autoLog=True, closeShape=True, color=method-wrapper(...), colorSpace=None, contrast=1.0, depth=0.0, fillColor=array([1., 1., 1.]), fillColorSpace='rgb', fillRGB=array([1., 1., 1.]), interpolate=True, lineColor=array([1., 1., 1.]), lineColorSpace='rgb', lineRGB=array([1., 1., 1.]), lineWidth=1, name='firstcircle_3', opacity=1.0, ori=array(0.), pos=array([0., 0.]), size=array([0.3, 0.5]), units='norm', vertices=ndarray(...), win=Window(...))
13.3637 	EXP 	Created text_3 = TextStim(__class__=<class 'psychopy.visual.text.TextStim'>, alignHoriz='center', alignVert='center', antialias=True, autoLog=True, bold=False, color='white', colorSpace='named', contrast=1.0, depth=-2.0, flipHoriz=False, flipVert=False, font='Arial', fontFiles=[], height=0.1, italic=False, languageStyle='LTR', name='text_3', opacity=1.0, ori=0, pos=array([0., 0.]), rgb=array([255., 255., 255.]), text='+', units='norm', win=Window(...), wrapWidth=1)
13.3662 	EXP 	Created secondcircle = Polygon(__class__=<class 'psychopy.visual.polygon.Polygon'>, autoDraw=False, autoLog=True, closeShape=True, color=method-wrapper(...), colorSpace=None, contrast=1.0, depth=-3.0, fillColor=array([-1., -1., -1.]), fillColorSpace='rgb', fillRGB=array([-1., -1., -1.]), interpolate=True, lineColor=array([-1., -1., -1.]), lineColorSpace='rgb', lineRGB=array([-1., -1., -1.]), lineWidth=1, name='secondcircle', opacity=1.0, ori=array(0.), pos=array([0., 0.]), size=array([0.3, 0.5]), units='norm', vertices=ndarray(...), win=Window(...))
13.3694 	EXP 	Created text_4 = TextStim(__class__=<class 'psychopy.visual.text.TextStim'>, alignHoriz='center', alignVert='center', antialias=True, autoLog=True, bold=False, color='white', colorSpace='named', contrast=1.0, depth=-4.0, flipHoriz=False, flipVert=False, font='Arial', fontFiles=[], height=0.1, italic=False, languageStyle='LTR', name='text_4', opacity=1.0, ori=0, pos=array([0., 0.]), rgb=array([255., 255., 255.]), text='next', units='norm', win=Window(...), wrapWidth=1)
13.3752 	EXP 	Created text_5 = TextStim(__class__=<class 'psychopy.visual.text.TextStim'>, alignHoriz='center', alignVert='center', antialias=True, autoLog=True, bold=False, color='white', colorSpace='named', contrast=1.0, depth=0.0, flipHoriz=False, flipVert=False, font='Arial', fontFiles=[], height=0.1, italic=False, languageStyle='LTR', name='text_5', opacity=1.0, ori=0, pos=array([0., 0.]), rgb=array([255., 255., 255.]), text='Block 2 starts\n\nPress space', units='norm', win=Window(...), wrapWidth=1)
13.3777 	EXP 	Created firstcircle_3 = Polygon(__class__=<class 'psychopy.visual.polygon.Polygon'>, autoDraw=False, autoLog=True, closeShape=True, color=method-wrapper(...), colorSpace=None, contrast=1.0, depth=0.0, fillColor=array([1., 1., 1.]), fillColorSpace='rgb', fillRGB=array([1., 1., 1.]), interpolate=True, lineColor=array([1., 1., 1.]), lineColorSpace='rgb', lineRGB=array([1., 1., 1.]), lineWidth=1, name='firstcircle_3', opacity=1.0, ori=array(0.), pos=array([0., 0.]), size=array([0.3, 0.5]), units='norm', vertices=ndarray(...), win=Window(...))
13.3797 	EXP 	Created text_3 = TextStim(__class__=<class 'psychopy.visual.text.TextStim'>, alignHoriz='center', alignVert='center', antialias=True, autoLog=True, bold=False, color='white', colorSpace='named', contrast=1.0, depth=-2.0, flipHoriz=False, flipVert=False, font='Arial', fontFiles=[], height=0.1, italic=False, languageStyle='LTR', name='text_3', opacity=1.0, ori=0, pos=array([0., 0.]), rgb=array([255., 255., 255.]), text='+', units='norm', win=Window(...), wrapWidth=1)
13.3821 	EXP 	Created secondcircle = Polygon(__class__=<class 'psychopy.visual.polygon.Polygon'>, autoDraw=False, autoLog=True, closeShape=True, color=method-wrapper(...), colorSpace=None, contrast=1.0, depth=-3.0, fillColor=array([-1., -1., -1.]), fillColorSpace='rgb', fillRGB=array([-1., -1., -1.]), interpolate=True, lineColor=array([-1., -1., -1.]), lineColorSpace='rgb', lineRGB=array([-1., -1., -1.]), lineWidth=1, name='secondcircle', opacity=1.0, ori=array(0.), pos=array([0., 0.]), size=array([0.3, 0.5]), units='norm', vertices=ndarray(...), win=Window(...))
13.3844 	EXP 	Created text_4 = TextStim(__class__=<class 'psychopy.visual.text.TextStim'>, alignHoriz='center', alignVert='center', antialias=True, autoLog=True, bold=False, color='white', colorSpace='named', contrast=1.0, depth=-4.0, flipHoriz=False, flipVert=False, font='Arial', fontFiles=[], height=0.1, italic=False, languageStyle='LTR', name='text_4', opacity=1.0, ori=0, pos=array([0., 0.]), rgb=array([255., 255., 255.]), text='next', units='norm', win=Window(...), wrapWidth=1)
13.3903 	EXP 	Created text_6 = TextStim(__class__=<class 'psychopy.visual.text.TextStim'>, alignHoriz='center', alignVert='center', antialias=True, autoLog=True, bold=False, color='white', colorSpace='named', contrast=1.0, depth=0.0, flipHoriz=False, flipVert=False, font='Arial', fontFiles=[], height=0.1, italic=False, languageStyle='LTR', name='text_6', opacity=1.0, ori=0, pos=array([0., 0.]), rgb=array([255., 255., 255.]), text='Block 3 starts\n\nPress space', units='norm', win=Window(...), wrapWidth=1)
13.3927 	EXP 	Created firstcircle_3 = Polygon(__class__=<class 'psychopy.visual.polygon.Polygon'>, autoDraw=False, autoLog=True, closeShape=True, color=method-wrapper(...), colorSpace=None, contrast=1.0, depth=0.0, fillColor=array([1., 1., 1.]), fillColorSpace='rgb', fillRGB=array([1., 1., 1.]), interpolate=True, lineColor=array([1., 1., 1.]), lineColorSpace='rgb', lineRGB=array([1., 1., 1.]), lineWidth=1, name='firstcircle_3', opacity=1.0, ori=array(0.), pos=array([0., 0.]), size=array([0.3, 0.5]), units='norm', vertices=ndarray(...), win=Window(...))
13.3946 	EXP 	Created text_3 = TextStim(__class__=<class 'psychopy.visual.text.TextStim'>, alignHoriz='center', alignVert='center', antialias=True, autoLog=True, bold=False, color='white', colorSpace='named', contrast=1.0, depth=-2.0, flipHoriz=False, flipVert=False, font='Arial', fontFiles=[], height=0.1, italic=False, languageStyle='LTR', name='text_3', opacity=1.0, ori=0, pos=array([0., 0.]), rgb=array([255., 255., 255.]), text='+', units='norm', win=Window(...), wrapWidth=1)
13.3972 	EXP 	Created secondcircle = Polygon(__class__=<class 'psychopy.visual.polygon.Polygon'>, autoDraw=False, autoLog=True, closeShape=True, color=method-wrapper(...), colorSpace=None, contrast=1.0, depth=-3.0, fillColor=array([-1., -1., -1.]), fillColorSpace='rgb', fillRGB=array([-1., -1., -1.]), interpolate=True, lineColor=array([-1., -1., -1.]), lineColorSpace='rgb', lineRGB=array([-1., -1., -1.]), lineWidth=1, name='secondcircle', opacity=1.0, ori=array(0.), pos=array([0., 0.]), size=array([0.3, 0.5]), units='norm', vertices=ndarray(...), win=Window(...))
13.3995 	EXP 	Created text_4 = TextStim(__class__=<class 'psychopy.visual.text.TextStim'>, alignHoriz='center', alignVert='center', antialias=True, autoLog=True, bold=False, color='white', colorSpace='named', contrast=1.0, depth=-4.0, flipHoriz=False, flipVert=False, font='Arial', fontFiles=[], height=0.1, italic=False, languageStyle='LTR', name='text_4', opacity=1.0, ori=0, pos=array([0., 0.]), rgb=array([255., 255., 255.]), text='next', units='norm', win=Window(...), wrapWidth=1)
13.4055 	EXP 	Created text_7 = TextStim(__class__=<class 'psychopy.visual.text.TextStim'>, alignHoriz='center', alignVert='center', antialias=True, autoLog=True, bold=False, color='white', colorSpace='named', contrast=1.0, depth=0.0, flipHoriz=False, flipVert=False, font='Arial', fontFiles=[], height=0.1, italic=False, languageStyle='LTR', name='text_7', opacity=1.0, ori=0, pos=array([0., 0.]), rgb=array([255., 255., 255.]), text='Block 4 starts\n\nPress space', units='norm', win=Window(...), wrapWidth=1)
13.4079 	EXP 	Created firstcircle_3 = Polygon(__class__=<class 'psychopy.visual.polygon.Polygon'>, autoDraw=False, autoLog=True, closeShape=True, color=method-wrapper(...), colorSpace=None, contrast=1.0, depth=0.0, fillColor=array([1., 1., 1.]), fillColorSpace='rgb', fillRGB=array([1., 1., 1.]), interpolate=True, lineColor=array([1., 1., 1.]), lineColorSpace='rgb', lineRGB=array([1., 1., 1.]), lineWidth=1, name='firstcircle_3', opacity=1.0, ori=array(0.), pos=array([0., 0.]), size=array([0.3, 0.5]), units='norm', vertices=ndarray(...), win=Window(...))
13.4099 	EXP 	Created text_3 = TextStim(__class__=<class 'psychopy.visual.text.TextStim'>, alignHoriz='center', alignVert='center', antialias=True, autoLog=True, bold=False, color='white', colorSpace='named', contrast=1.0, depth=-2.0, flipHoriz=False, flipVert=False, font='Arial', fontFiles=[], height=0.1, italic=False, languageStyle='LTR', name='text_3', opacity=1.0, ori=0, pos=array([0., 0.]), rgb=array([255., 255., 255.]), text='+', units='norm', win=Window(...), wrapWidth=1)
13.4123 	EXP 	Created secondcircle = Polygon(__class__=<class 'psychopy.visual.polygon.Polygon'>, autoDraw=False, autoLog=True, closeShape=True, color=method-wrapper(...), colorSpace=None, contrast=1.0, depth=-3.0, fillColor=array([-1., -1., -1.]), fillColorSpace='rgb', fillRGB=array([-1., -1., -1.]), interpolate=True, lineColor=array([-1., -1., -1.]), lineColorSpace='rgb', lineRGB=array([-1., -1., -1.]), lineWidth=1, name='secondcircle', opacity=1.0, ori=array(0.), pos=array([0., 0.]), size=array([0.3, 0.5]), units='norm', vertices=ndarray(...), win=Window(...))
13.4145 	EXP 	Created text_4 = TextStim(__class__=<class 'psychopy.visual.text.TextStim'>, alignHoriz='center', alignVert='center', antialias=True, autoLog=True, bold=False, color='white', colorSpace='named', contrast=1.0, depth=-4.0, flipHoriz=False, flipVert=False, font='Arial', fontFiles=[], height=0.1, italic=False, languageStyle='LTR', name='text_4', opacity=1.0, ori=0, pos=array([0., 0.]), rgb=array([255., 255., 255.]), text='next', units='norm', win=Window(...), wrapWidth=1)
13.4186 	EXP 	Created text_2 = TextStim(__class__=<class 'psychopy.visual.text.TextStim'>, alignHoriz='center', alignVert='center', antialias=True, autoLog=True, bold=False, color='white', colorSpace='named', contrast=1.0, depth=0.0, flipHoriz=False, flipVert=False, font='Arial', fontFiles=[], height=0.1, italic=False, languageStyle='LTR', name='text_2', opacity=1.0, ori=0, pos=array([0., 0.]), rgb=array([255., 255., 255.]), text='The end', units='norm', win=Window(...), wrapWidth=1)
13.4397 	EXP 	insRound1: autoDraw = True
41.4101 	DATA 	Keypress: space
41.4227 	EXP 	insRound1: autoDraw = False
41.4227 	EXP 	text: autoDraw = True
43.4920 	DATA 	Keypress: space
43.5154 	EXP 	Imported conditionsTime.csv as conditions, 20 conditions, 7 params
43.5158 	EXP 	Created sequence: sequential, trialTypes=20, nReps=1, seed=None
43.5163 	EXP 	New trial (rep=0, index=0): OrderedDict([('firstTime', 1.8), ('secondTime', 1.2), ('corrAns', 'left'), ('plusStart', 2.3), ('secondStart', 3.3), ('respStart', 4.5), ('randNum', 0.17368025899999998)])
43.5226 	EXP 	text: autoDraw = False
43.5226 	EXP 	text_4: autoDraw = True
44.0226 	EXP 	text_4: autoDraw = False
44.0393 	EXP 	firstcircle_3: autoDraw = True
45.8226 	EXP 	firstcircle_3: autoDraw = False
45.8392 	EXP 	text_3: autoDraw = True
46.8226 	EXP 	text_3: autoDraw = False
46.8392 	EXP 	secondcircle: autoDraw = True
48.0225 	EXP 	secondcircle: autoDraw = False
49.3595 	DATA 	Keypress: left
49.3745 	EXP 	New trial (rep=0, index=1): OrderedDict([('firstTime', 3.6), ('secondTime', 3.2), ('corrAns', 'left'), ('plusStart', 4.1), ('secondStart', 5.1), ('respStart', 8.3), ('randNum', 0.41458448299999995)])
49.3892 	EXP 	firstcircle_3: autoDraw = False
49.3892 	EXP 	text_3: autoDraw = False
49.3892 	EXP 	secondcircle: autoDraw = False
49.3892 	EXP 	text_4: autoDraw = False
49.3892 	EXP 	text_4: autoDraw = True
49.8892 	EXP 	text_4: autoDraw = False
49.9059 	EXP 	firstcircle_3: autoDraw = True
53.4891 	EXP 	firstcircle_3: autoDraw = False
53.5058 	EXP 	text_3: autoDraw = True
54.4891 	EXP 	text_3: autoDraw = False
54.5058 	EXP 	secondcircle: autoDraw = True
57.6891 	EXP 	secondcircle: autoDraw = False
59.1582 	DATA 	Keypress: left
59.1740 	EXP 	New trial (rep=0, index=2): OrderedDict([('firstTime', 2.5), ('secondTime', 1.5), ('corrAns', 'left'), ('plusStart', 3.0), ('secondStart', 4.0), ('respStart', 5.5), ('randNum', 0.148607464)])
59.1891 	EXP 	firstcircle_3: autoDraw = False
59.1891 	EXP 	text_3: autoDraw = False
59.1891 	EXP 	secondcircle: autoDraw = False
59.1891 	EXP 	text_4: autoDraw = False
59.1891 	EXP 	text_4: autoDraw = True
59.6890 	EXP 	text_4: autoDraw = False
59.7057 	EXP 	firstcircle_3: autoDraw = True
62.1890 	EXP 	firstcircle_3: autoDraw = False
62.2057 	EXP 	text_3: autoDraw = True
63.1890 	EXP 	text_3: autoDraw = False
63.2057 	EXP 	secondcircle: autoDraw = True
64.6890 	EXP 	secondcircle: autoDraw = False
66.5243 	DATA 	Keypress: left
66.5256 	EXP 	New trial (rep=0, index=3): OrderedDict([('firstTime', 1.8), ('secondTime', 2.7), ('corrAns', 'right'), ('plusStart', 2.3), ('secondStart', 3.3), ('respStart', 6.0), ('randNum', 0.13554984)])
66.5390 	EXP 	firstcircle_3: autoDraw = False
66.5390 	EXP 	text_3: autoDraw = False
66.5390 	EXP 	secondcircle: autoDraw = False
66.5390 	EXP 	text_4: autoDraw = False
66.5390 	EXP 	text_4: autoDraw = True
67.0390 	EXP 	text_4: autoDraw = False
67.0556 	EXP 	firstcircle_3: autoDraw = True
68.8389 	EXP 	firstcircle_3: autoDraw = False
68.8556 	EXP 	text_3: autoDraw = True
69.8389 	EXP 	text_3: autoDraw = False
69.8556 	EXP 	secondcircle: autoDraw = True
72.5389 	EXP 	secondcircle: autoDraw = False
74.6742 	DATA 	Keypress: right
74.6756 	EXP 	New trial (rep=0, index=4): OrderedDict([('firstTime', 1.2), ('secondTime', 1.8), ('corrAns', 'right'), ('plusStart', 1.7), ('secondStart', 2.7), ('respStart', 4.5), ('randNum', 0.309174352)])
74.6888 	EXP 	firstcircle_3: autoDraw = False
74.6888 	EXP 	text_3: autoDraw = False
74.6888 	EXP 	secondcircle: autoDraw = False
74.6888 	EXP 	text_4: autoDraw = False
74.6888 	EXP 	text_4: autoDraw = True
75.1888 	EXP 	text_4: autoDraw = False
75.2055 	EXP 	firstcircle_3: autoDraw = True
76.3888 	EXP 	firstcircle_3: autoDraw = False
76.4055 	EXP 	text_3: autoDraw = True
77.3889 	EXP 	text_3: autoDraw = False
77.4055 	EXP 	secondcircle: autoDraw = True
79.1888 	EXP 	secondcircle: autoDraw = False
80.0576 	DATA 	Keypress: right
80.0589 	EXP 	New trial (rep=0, index=5): OrderedDict([('firstTime', 8.8), ('secondTime', 9.9), ('corrAns', 'right'), ('plusStart', 9.3), ('secondStart', 10.3), ('respStart', 20.2), ('randNum', 0.7009299529999999)])
80.0721 	EXP 	firstcircle_3: autoDraw = False
80.0721 	EXP 	text_3: autoDraw = False
80.0721 	EXP 	secondcircle: autoDraw = False
80.0721 	EXP 	text_4: autoDraw = False
80.0721 	EXP 	text_4: autoDraw = True
80.5721 	EXP 	text_4: autoDraw = False
80.5888 	EXP 	firstcircle_3: autoDraw = True
89.3720 	EXP 	firstcircle_3: autoDraw = False
89.3886 	EXP 	text_3: autoDraw = True
90.3720 	EXP 	text_3: autoDraw = False
90.3886 	EXP 	secondcircle: autoDraw = True
100.2718 	EXP 	secondcircle: autoDraw = False
101.7407 	DATA 	Keypress: right
101.7568 	EXP 	New trial (rep=0, index=6): OrderedDict([('firstTime', 3.3), ('secondTime', 4.4), ('corrAns', 'right'), ('plusStart', 3.8), ('secondStart', 4.8), ('respStart', 9.2), ('randNum', 0.705723743)])
101.7718 	EXP 	firstcircle_3: autoDraw = False
101.7718 	EXP 	text_3: autoDraw = False
101.7718 	EXP 	secondcircle: autoDraw = False
101.7718 	EXP 	text_4: autoDraw = False
101.7718 	EXP 	text_4: autoDraw = True
102.2718 	EXP 	text_4: autoDraw = False
102.2885 	EXP 	firstcircle_3: autoDraw = True
105.5718 	EXP 	firstcircle_3: autoDraw = False
105.5884 	EXP 	text_3: autoDraw = True
106.5718 	EXP 	text_3: autoDraw = False
106.5884 	EXP 	secondcircle: autoDraw = True
110.9717 	EXP 	secondcircle: autoDraw = False
113.4571 	DATA 	Keypress: left
113.4584 	EXP 	New trial (rep=0, index=7): OrderedDict([('firstTime', 3.5), ('secondTime', 2.1), ('corrAns', 'left'), ('plusStart', 4.0), ('secondStart', 5.0), ('respStart', 7.1), ('randNum', 0.544523215)])
113.4717 	EXP 	firstcircle_3: autoDraw = False
113.4717 	EXP 	text_3: autoDraw = False
113.4717 	EXP 	secondcircle: autoDraw = False
113.4717 	EXP 	text_4: autoDraw = False
113.4717 	EXP 	text_4: autoDraw = True
113.9717 	EXP 	text_4: autoDraw = False
113.9883 	EXP 	firstcircle_3: autoDraw = True
117.4716 	EXP 	firstcircle_3: autoDraw = False
117.4883 	EXP 	text_3: autoDraw = True
118.4716 	EXP 	text_3: autoDraw = False
118.4883 	EXP 	secondcircle: autoDraw = True
120.5716 	EXP 	secondcircle: autoDraw = False
122.3736 	DATA 	Keypress: left
122.3750 	EXP 	New trial (rep=0, index=8): OrderedDict([('firstTime', 1.4), ('secondTime', 0.7), ('corrAns', 'left'), ('plusStart', 1.9), ('secondStart', 2.9), ('respStart', 3.6), ('randNum', 0.53553232)])
122.3882 	EXP 	firstcircle_3: autoDraw = False
122.3882 	EXP 	text_3: autoDraw = False
122.3882 	EXP 	secondcircle: autoDraw = False
122.3882 	EXP 	text_4: autoDraw = False
122.3882 	EXP 	text_4: autoDraw = True
122.8882 	EXP 	text_4: autoDraw = False
122.9049 	EXP 	firstcircle_3: autoDraw = True
124.2882 	EXP 	firstcircle_3: autoDraw = False
124.3048 	EXP 	text_3: autoDraw = True
125.2882 	EXP 	text_3: autoDraw = False
125.3048 	EXP 	secondcircle: autoDraw = True
125.9882 	EXP 	secondcircle: autoDraw = False
128.2901 	DATA 	Keypress: left
128.2915 	EXP 	New trial (rep=0, index=9): OrderedDict([('firstTime', 4.4), ('secondTime', 3.3), ('corrAns', 'left'), ('plusStart', 4.9), ('secondStart', 5.9), ('respStart', 9.2), ('randNum', 0.255641654)])
128.3048 	EXP 	firstcircle_3: autoDraw = False
128.3048 	EXP 	text_3: autoDraw = False
128.3048 	EXP 	secondcircle: autoDraw = False
128.3048 	EXP 	text_4: autoDraw = False
128.3048 	EXP 	text_4: autoDraw = True
128.8048 	EXP 	text_4: autoDraw = False
128.8215 	EXP 	firstcircle_3: autoDraw = True
133.2047 	EXP 	firstcircle_3: autoDraw = False
133.2215 	EXP 	text_3: autoDraw = True
134.2047 	EXP 	text_3: autoDraw = False
134.2214 	EXP 	secondcircle: autoDraw = True
137.5047 	EXP 	secondcircle: autoDraw = False
138.7067 	DATA 	Keypress: right
138.7080 	EXP 	New trial (rep=0, index=10): OrderedDict([('firstTime', 3.2), ('secondTime', 3.6), ('corrAns', 'right'), ('plusStart', 3.7), ('secondStart', 4.7), ('respStart', 8.3), ('randNum', 0.140100939)])
138.7213 	EXP 	firstcircle_3: autoDraw = False
138.7213 	EXP 	text_3: autoDraw = False
138.7213 	EXP 	secondcircle: autoDraw = False
138.7213 	EXP 	text_4: autoDraw = False
138.7213 	EXP 	text_4: autoDraw = True
139.2213 	EXP 	text_4: autoDraw = False
139.2380 	EXP 	firstcircle_3: autoDraw = True
142.4213 	EXP 	firstcircle_3: autoDraw = False
142.4379 	EXP 	text_3: autoDraw = True
143.4213 	EXP 	text_3: autoDraw = False
143.4379 	EXP 	secondcircle: autoDraw = True
147.0212 	EXP 	secondcircle: autoDraw = False
148.8898 	DATA 	Keypress: right
148.8912 	EXP 	New trial (rep=0, index=11): OrderedDict([('firstTime', 2.8), ('secondTime', 2.1), ('corrAns', 'left'), ('plusStart', 3.3), ('secondStart', 4.3), ('respStart', 6.4), ('randNum', 0.019093293)])
148.9045 	EXP 	firstcircle_3: autoDraw = False
148.9045 	EXP 	text_3: autoDraw = False
148.9045 	EXP 	secondcircle: autoDraw = False
148.9045 	EXP 	text_4: autoDraw = False
148.9045 	EXP 	text_4: autoDraw = True
149.4045 	EXP 	text_4: autoDraw = False
149.4212 	EXP 	firstcircle_3: autoDraw = True
152.2045 	EXP 	firstcircle_3: autoDraw = False
152.2211 	EXP 	text_3: autoDraw = True
153.2044 	EXP 	text_3: autoDraw = False
153.2212 	EXP 	secondcircle: autoDraw = True
155.3044 	EXP 	secondcircle: autoDraw = False
157.4898 	DATA 	Keypress: left
157.4911 	EXP 	New trial (rep=0, index=12): OrderedDict([('firstTime', 0.9), ('secondTime', 1.8), ('corrAns', 'right'), ('plusStart', 1.4), ('secondStart', 2.4), ('respStart', 4.2), ('randNum', 0.461070472)])
157.5044 	EXP 	firstcircle_3: autoDraw = False
157.5044 	EXP 	text_3: autoDraw = False
157.5044 	EXP 	secondcircle: autoDraw = False
157.5044 	EXP 	text_4: autoDraw = False
157.5044 	EXP 	text_4: autoDraw = True
158.0044 	EXP 	text_4: autoDraw = False
158.0211 	EXP 	firstcircle_3: autoDraw = True
158.9044 	EXP 	firstcircle_3: autoDraw = False
158.9210 	EXP 	text_3: autoDraw = True
159.9044 	EXP 	text_3: autoDraw = False
159.9210 	EXP 	secondcircle: autoDraw = True
161.7043 	EXP 	secondcircle: autoDraw = False
164.3563 	DATA 	Keypress: right
164.3576 	EXP 	New trial (rep=0, index=13): OrderedDict([('firstTime', 2.1), ('secondTime', 2.8), ('corrAns', 'right'), ('plusStart', 2.6), ('secondStart', 3.6), ('respStart', 6.4), ('randNum', 0.22761601199999998)])
164.3710 	EXP 	firstcircle_3: autoDraw = False
164.3710 	EXP 	text_3: autoDraw = False
164.3710 	EXP 	secondcircle: autoDraw = False
164.3710 	EXP 	text_4: autoDraw = False
164.3710 	EXP 	text_4: autoDraw = True
164.8710 	EXP 	text_4: autoDraw = False
164.8876 	EXP 	firstcircle_3: autoDraw = True
166.9709 	EXP 	firstcircle_3: autoDraw = False
166.9876 	EXP 	text_3: autoDraw = True
167.9709 	EXP 	text_3: autoDraw = False
167.9876 	EXP 	secondcircle: autoDraw = True
170.7709 	EXP 	secondcircle: autoDraw = False
172.3229 	DATA 	Keypress: right
172.3242 	EXP 	New trial (rep=0, index=14): OrderedDict([('firstTime', 0.7), ('secondTime', 1.4), ('corrAns', 'right'), ('plusStart', 1.2), ('secondStart', 2.2), ('respStart', 3.6), ('randNum', 0.436550891)])
172.3375 	EXP 	firstcircle_3: autoDraw = False
172.3375 	EXP 	text_3: autoDraw = False
172.3375 	EXP 	secondcircle: autoDraw = False
172.3375 	EXP 	text_4: autoDraw = False
172.3375 	EXP 	text_4: autoDraw = True
172.8375 	EXP 	text_4: autoDraw = False
172.8542 	EXP 	firstcircle_3: autoDraw = True
173.5375 	EXP 	firstcircle_3: autoDraw = False
173.5542 	EXP 	text_3: autoDraw = True
174.5375 	EXP 	text_3: autoDraw = False
174.5542 	EXP 	secondcircle: autoDraw = True
175.9375 	EXP 	secondcircle: autoDraw = False
177.4228 	DATA 	Keypress: right
177.4242 	EXP 	New trial (rep=0, index=15): OrderedDict([('firstTime', 1.8), ('secondTime', 0.9), ('corrAns', 'left'), ('plusStart', 2.3), ('secondStart', 3.3), ('respStart', 4.2), ('randNum', 0.028891147000000002)])
177.4375 	EXP 	firstcircle_3: autoDraw = False
177.4375 	EXP 	text_3: autoDraw = False
177.4375 	EXP 	secondcircle: autoDraw = False
177.4375 	EXP 	text_4: autoDraw = False
177.4375 	EXP 	text_4: autoDraw = True
177.9374 	EXP 	text_4: autoDraw = False
177.9541 	EXP 	firstcircle_3: autoDraw = True
179.7374 	EXP 	firstcircle_3: autoDraw = False
179.7541 	EXP 	text_3: autoDraw = True
180.7374 	EXP 	text_3: autoDraw = False
180.7541 	EXP 	secondcircle: autoDraw = True
181.6374 	EXP 	secondcircle: autoDraw = False
184.0060 	DATA 	Keypress: left
184.0074 	EXP 	New trial (rep=0, index=16): OrderedDict([('firstTime', 2.7), ('secondTime', 1.8), ('corrAns', 'left'), ('plusStart', 3.2), ('secondStart', 4.2), ('respStart', 6.0), ('randNum', 0.277400549)])
184.0207 	EXP 	firstcircle_3: autoDraw = False
184.0207 	EXP 	text_3: autoDraw = False
184.0207 	EXP 	secondcircle: autoDraw = False
184.0207 	EXP 	text_4: autoDraw = False
184.0207 	EXP 	text_4: autoDraw = True
184.5208 	EXP 	text_4: autoDraw = False
184.5374 	EXP 	firstcircle_3: autoDraw = True
187.2207 	EXP 	firstcircle_3: autoDraw = False
187.2373 	EXP 	text_3: autoDraw = True
188.2206 	EXP 	text_3: autoDraw = False
188.2373 	EXP 	secondcircle: autoDraw = True
190.0206 	EXP 	secondcircle: autoDraw = False
191.2060 	DATA 	Keypress: left
191.2074 	EXP 	New trial (rep=0, index=17): OrderedDict([('firstTime', 9.9), ('secondTime', 8.8), ('corrAns', 'left'), ('plusStart', 10.4), ('secondStart', 11.4), ('respStart', 20.2), ('randNum', 0.9607848720000001)])
191.2206 	EXP 	firstcircle_3: autoDraw = False
191.2206 	EXP 	text_3: autoDraw = False
191.2206 	EXP 	secondcircle: autoDraw = False
191.2206 	EXP 	text_4: autoDraw = False
191.2206 	EXP 	text_4: autoDraw = True
191.7206 	EXP 	text_4: autoDraw = False
191.7373 	EXP 	firstcircle_3: autoDraw = True
201.6205 	EXP 	firstcircle_3: autoDraw = False
201.6371 	EXP 	text_3: autoDraw = True
202.6205 	EXP 	text_3: autoDraw = False
202.6371 	EXP 	secondcircle: autoDraw = True
211.4204 	EXP 	secondcircle: autoDraw = False
212.5731 	DATA 	Keypress: left
212.5887 	EXP 	New trial (rep=0, index=18): OrderedDict([('firstTime', 2.1), ('secondTime', 3.5), ('corrAns', 'right'), ('plusStart', 2.6), ('secondStart', 3.6), ('respStart', 7.1), ('randNum', 0.609327094)])
212.6037 	EXP 	firstcircle_3: autoDraw = False
212.6037 	EXP 	text_3: autoDraw = False
212.6037 	EXP 	secondcircle: autoDraw = False
212.6037 	EXP 	text_4: autoDraw = False
212.6037 	EXP 	text_4: autoDraw = True
213.1036 	EXP 	text_4: autoDraw = False
213.1203 	EXP 	firstcircle_3: autoDraw = True
215.2037 	EXP 	firstcircle_3: autoDraw = False
215.2203 	EXP 	text_3: autoDraw = True
216.2036 	EXP 	text_3: autoDraw = False
216.2203 	EXP 	secondcircle: autoDraw = True
219.7036 	EXP 	secondcircle: autoDraw = False
222.5049 	DATA 	Keypress: right
222.5219 	EXP 	New trial (rep=0, index=19): OrderedDict([('firstTime', 1.5), ('secondTime', 2.5), ('corrAns', 'right'), ('plusStart', 2.0), ('secondStart', 3.0), ('respStart', 5.5), ('randNum', 0.487304505)])
222.5369 	EXP 	firstcircle_3: autoDraw = False
222.5369 	EXP 	text_3: autoDraw = False
222.5369 	EXP 	secondcircle: autoDraw = False
222.5369 	EXP 	text_4: autoDraw = False
222.5369 	EXP 	text_4: autoDraw = True
223.0368 	EXP 	text_4: autoDraw = False
223.0535 	EXP 	firstcircle_3: autoDraw = True
224.5368 	EXP 	firstcircle_3: autoDraw = False
224.5535 	EXP 	text_3: autoDraw = True
225.5368 	EXP 	text_3: autoDraw = False
225.5535 	EXP 	secondcircle: autoDraw = True
228.0368 	EXP 	secondcircle: autoDraw = False
229.4886 	DATA 	Keypress: right
229.5034 	EXP 	firstcircle_3: autoDraw = False
229.5034 	EXP 	text_3: autoDraw = False
229.5034 	EXP 	secondcircle: autoDraw = False
229.5034 	EXP 	text_4: autoDraw = False
229.5034 	EXP 	text_5: autoDraw = True
232.1057 	DATA 	Keypress: space
232.1113 	EXP 	Imported conditionsTime2.csv as conditions, 20 conditions, 7 params
232.1117 	EXP 	Created sequence: sequential, trialTypes=20, nReps=1, seed=None
232.1121 	EXP 	New trial (rep=0, index=0): OrderedDict([('firstTime', 9.9), ('secondTime', 8.8), ('corrAns', 'left'), ('plusStart', 10.4), ('secondStart', 11.4), ('respStart', 20.2), ('randNum', 0.6005130679999999)])
232.1200 	EXP 	text_5: autoDraw = False
232.1200 	EXP 	text_4: autoDraw = True
232.6201 	EXP 	text_4: autoDraw = False
232.6367 	EXP 	firstcircle_3: autoDraw = True
242.5199 	EXP 	firstcircle_3: autoDraw = False
242.5366 	EXP 	text_3: autoDraw = True
243.5199 	EXP 	text_3: autoDraw = False
243.5366 	EXP 	secondcircle: autoDraw = True
252.3198 	EXP 	secondcircle: autoDraw = False
253.7883 	DATA 	Keypress: left
253.7899 	EXP 	New trial (rep=0, index=1): OrderedDict([('firstTime', 1.5), ('secondTime', 2.5), ('corrAns', 'right'), ('plusStart', 2.0), ('secondStart', 3.0), ('respStart', 5.5), ('randNum', 0.805142221)])
253.8031 	EXP 	firstcircle_3: autoDraw = False
253.8031 	EXP 	text_3: autoDraw = False
253.8031 	EXP 	secondcircle: autoDraw = False
253.8031 	EXP 	text_4: autoDraw = False
253.8031 	EXP 	text_4: autoDraw = True
254.3031 	EXP 	text_4: autoDraw = False
254.3198 	EXP 	firstcircle_3: autoDraw = True
255.8031 	EXP 	firstcircle_3: autoDraw = False
255.8197 	EXP 	text_3: autoDraw = True
256.8031 	EXP 	text_3: autoDraw = False
256.8197 	EXP 	secondcircle: autoDraw = True
259.3030 	EXP 	secondcircle: autoDraw = False
261.2050 	DATA 	Keypress: right
261.2063 	EXP 	New trial (rep=0, index=2): OrderedDict([('firstTime', 0.7), ('secondTime', 1.4), ('corrAns', 'right'), ('plusStart', 1.2), ('secondStart', 2.2), ('respStart', 3.6), ('randNum', 0.70587608)])
261.2197 	EXP 	firstcircle_3: autoDraw = False
261.2197 	EXP 	text_3: autoDraw = False
261.2197 	EXP 	secondcircle: autoDraw = False
261.2197 	EXP 	text_4: autoDraw = False
261.2197 	EXP 	text_4: autoDraw = True
261.7197 	EXP 	text_4: autoDraw = False
261.7363 	EXP 	firstcircle_3: autoDraw = True
262.4197 	EXP 	firstcircle_3: autoDraw = False
262.4363 	EXP 	text_3: autoDraw = True
263.4196 	EXP 	text_3: autoDraw = False
263.4363 	EXP 	secondcircle: autoDraw = True
264.8196 	EXP 	secondcircle: autoDraw = False
265.9882 	DATA 	Keypress: right
265.9895 	EXP 	New trial (rep=0, index=3): OrderedDict([('firstTime', 1.2), ('secondTime', 1.8), ('corrAns', 'right'), ('plusStart', 1.7), ('secondStart', 2.7), ('respStart', 4.5), ('randNum', 0.276216099)])
266.0029 	EXP 	firstcircle_3: autoDraw = False
266.0029 	EXP 	text_3: autoDraw = False
266.0029 	EXP 	secondcircle: autoDraw = False
266.0029 	EXP 	text_4: autoDraw = False
266.0029 	EXP 	text_4: autoDraw = True
266.5029 	EXP 	text_4: autoDraw = False
266.5196 	EXP 	firstcircle_3: autoDraw = True
267.7029 	EXP 	firstcircle_3: autoDraw = False
267.7196 	EXP 	text_3: autoDraw = True
268.7029 	EXP 	text_3: autoDraw = False
268.7196 	EXP 	secondcircle: autoDraw = True
270.5029 	EXP 	secondcircle: autoDraw = False
271.9217 	DATA 	Keypress: left
271.9232 	EXP 	New trial (rep=0, index=4): OrderedDict([('firstTime', 3.3), ('secondTime', 4.4), ('corrAns', 'right'), ('plusStart', 3.8), ('secondStart', 4.8), ('respStart', 9.2), ('randNum', 0.803512663)])
271.9362 	EXP 	firstcircle_3: autoDraw = False
271.9362 	EXP 	text_3: autoDraw = False
271.9362 	EXP 	secondcircle: autoDraw = False
271.9362 	EXP 	text_4: autoDraw = False
271.9362 	EXP 	text_4: autoDraw = True
272.4362 	EXP 	text_4: autoDraw = False
272.4529 	EXP 	firstcircle_3: autoDraw = True
275.7361 	EXP 	firstcircle_3: autoDraw = False
275.7528 	EXP 	text_3: autoDraw = True
276.7361 	EXP 	text_3: autoDraw = False
276.7528 	EXP 	secondcircle: autoDraw = True
281.1361 	EXP 	secondcircle: autoDraw = False
282.1381 	DATA 	Keypress: right
282.1394 	EXP 	New trial (rep=0, index=5): OrderedDict([('firstTime', 2.1), ('secondTime', 2.8), ('corrAns', 'right'), ('plusStart', 2.6), ('secondStart', 3.6), ('respStart', 6.4), ('randNum', 0.26721103399999996)])
282.1527 	EXP 	firstcircle_3: autoDraw = False
282.1527 	EXP 	text_3: autoDraw = False
282.1527 	EXP 	secondcircle: autoDraw = False
282.1527 	EXP 	text_4: autoDraw = False
282.1527 	EXP 	text_4: autoDraw = True
282.6527 	EXP 	text_4: autoDraw = False
282.6694 	EXP 	firstcircle_3: autoDraw = True
284.7527 	EXP 	firstcircle_3: autoDraw = False
284.7693 	EXP 	text_3: autoDraw = True
285.7527 	EXP 	text_3: autoDraw = False
285.7693 	EXP 	secondcircle: autoDraw = True
288.5526 	EXP 	secondcircle: autoDraw = False
289.4715 	DATA 	Keypress: right
289.4728 	EXP 	New trial (rep=0, index=6): OrderedDict([('firstTime', 2.8), ('secondTime', 2.1), ('corrAns', 'left'), ('plusStart', 3.3), ('secondStart', 4.3), ('respStart', 6.4), ('randNum', 0.1426323)])
289.4860 	EXP 	firstcircle_3: autoDraw = False
289.4860 	EXP 	text_3: autoDraw = False
289.4860 	EXP 	secondcircle: autoDraw = False
289.4860 	EXP 	text_4: autoDraw = False
289.4860 	EXP 	text_4: autoDraw = True
289.9859 	EXP 	text_4: autoDraw = False
290.0026 	EXP 	firstcircle_3: autoDraw = True
292.7859 	EXP 	firstcircle_3: autoDraw = False
292.8026 	EXP 	text_3: autoDraw = True
293.7859 	EXP 	text_3: autoDraw = False
293.8026 	EXP 	secondcircle: autoDraw = True
295.8859 	EXP 	secondcircle: autoDraw = False
296.7713 	DATA 	Keypress: left
296.7726 	EXP 	New trial (rep=0, index=7): OrderedDict([('firstTime', 2.7), ('secondTime', 1.8), ('corrAns', 'left'), ('plusStart', 3.2), ('secondStart', 4.2), ('respStart', 6.0), ('randNum', 0.15619143)])
296.7859 	EXP 	firstcircle_3: autoDraw = False
296.7859 	EXP 	text_3: autoDraw = False
296.7859 	EXP 	secondcircle: autoDraw = False
296.7859 	EXP 	text_4: autoDraw = False
296.7859 	EXP 	text_4: autoDraw = True
297.2858 	EXP 	text_4: autoDraw = False
297.3025 	EXP 	firstcircle_3: autoDraw = True
299.9858 	EXP 	firstcircle_3: autoDraw = False
300.0025 	EXP 	text_3: autoDraw = True
300.9858 	EXP 	text_3: autoDraw = False
301.0025 	EXP 	secondcircle: autoDraw = True
302.7858 	EXP 	secondcircle: autoDraw = False
303.7546 	DATA 	Keypress: left
303.7559 	EXP 	New trial (rep=0, index=8): OrderedDict([('firstTime', 8.8), ('secondTime', 9.9), ('corrAns', 'right'), ('plusStart', 9.3), ('secondStart', 10.3), ('respStart', 20.2), ('randNum', 0.549248995)])
303.7691 	EXP 	firstcircle_3: autoDraw = False
303.7691 	EXP 	text_3: autoDraw = False
303.7691 	EXP 	secondcircle: autoDraw = False
303.7691 	EXP 	text_4: autoDraw = False
303.7691 	EXP 	text_4: autoDraw = True
304.2691 	EXP 	text_4: autoDraw = False
304.2858 	EXP 	firstcircle_3: autoDraw = True
313.0690 	EXP 	firstcircle_3: autoDraw = False
313.0856 	EXP 	text_3: autoDraw = True
314.0690 	EXP 	text_3: autoDraw = False
314.0856 	EXP 	secondcircle: autoDraw = True
323.9688 	EXP 	secondcircle: autoDraw = False
325.5041 	DATA 	Keypress: left
325.5054 	EXP 	New trial (rep=0, index=9): OrderedDict([('firstTime', 2.5), ('secondTime', 1.5), ('corrAns', 'left'), ('plusStart', 3.0), ('secondStart', 4.0), ('respStart', 5.5), ('randNum', 0.358211186)])
325.5188 	EXP 	firstcircle_3: autoDraw = False
325.5188 	EXP 	text_3: autoDraw = False
325.5188 	EXP 	secondcircle: autoDraw = False
325.5188 	EXP 	text_4: autoDraw = False
325.5188 	EXP 	text_4: autoDraw = True
326.0188 	EXP 	text_4: autoDraw = False
326.0355 	EXP 	firstcircle_3: autoDraw = True
328.5188 	EXP 	firstcircle_3: autoDraw = False
328.5354 	EXP 	text_3: autoDraw = True
329.5187 	EXP 	text_3: autoDraw = False
329.5354 	EXP 	secondcircle: autoDraw = True
331.0187 	EXP 	secondcircle: autoDraw = False
332.0372 	DATA 	Keypress: left
332.0386 	EXP 	New trial (rep=0, index=10): OrderedDict([('firstTime', 1.8), ('secondTime', 0.9), ('corrAns', 'left'), ('plusStart', 2.3), ('secondStart', 3.3), ('respStart', 4.2), ('randNum', 0.907401646)])
332.0520 	EXP 	firstcircle_3: autoDraw = False
332.0520 	EXP 	text_3: autoDraw = False
332.0520 	EXP 	secondcircle: autoDraw = False
332.0520 	EXP 	text_4: autoDraw = False
332.0520 	EXP 	text_4: autoDraw = True
332.5521 	EXP 	text_4: autoDraw = False
332.5688 	EXP 	firstcircle_3: autoDraw = True
334.3520 	EXP 	firstcircle_3: autoDraw = False
334.3687 	EXP 	text_3: autoDraw = True
335.3520 	EXP 	text_3: autoDraw = False
335.3687 	EXP 	secondcircle: autoDraw = True
336.2520 	EXP 	secondcircle: autoDraw = False
337.3541 	DATA 	Keypress: left
337.3554 	EXP 	New trial (rep=0, index=11): OrderedDict([('firstTime', 3.2), ('secondTime', 3.6), ('corrAns', 'right'), ('plusStart', 3.7), ('secondStart', 4.7), ('respStart', 8.3), ('randNum', 0.40261677799999995)])
337.3686 	EXP 	firstcircle_3: autoDraw = False
337.3686 	EXP 	text_3: autoDraw = False
337.3686 	EXP 	secondcircle: autoDraw = False
337.3686 	EXP 	text_4: autoDraw = False
337.3686 	EXP 	text_4: autoDraw = True
337.8687 	EXP 	text_4: autoDraw = False
337.8853 	EXP 	firstcircle_3: autoDraw = True
341.0686 	EXP 	firstcircle_3: autoDraw = False
341.0853 	EXP 	text_3: autoDraw = True
342.0686 	EXP 	text_3: autoDraw = False
342.0852 	EXP 	secondcircle: autoDraw = True
345.6685 	EXP 	secondcircle: autoDraw = False
347.6369 	DATA 	Keypress: left
347.6382 	EXP 	New trial (rep=0, index=12): OrderedDict([('firstTime', 2.1), ('secondTime', 3.5), ('corrAns', 'right'), ('plusStart', 2.6), ('secondStart', 3.6), ('respStart', 7.1), ('randNum', 0.699018652)])
347.6518 	EXP 	firstcircle_3: autoDraw = False
347.6518 	EXP 	text_3: autoDraw = False
347.6518 	EXP 	secondcircle: autoDraw = False
347.6518 	EXP 	text_4: autoDraw = False
347.6518 	EXP 	text_4: autoDraw = True
348.1518 	EXP 	text_4: autoDraw = False
348.1685 	EXP 	firstcircle_3: autoDraw = True
350.2518 	EXP 	firstcircle_3: autoDraw = False
350.2685 	EXP 	text_3: autoDraw = True
351.2518 	EXP 	text_3: autoDraw = False
351.2685 	EXP 	secondcircle: autoDraw = True
354.7517 	EXP 	secondcircle: autoDraw = False
355.9371 	DATA 	Keypress: right
355.9385 	EXP 	New trial (rep=0, index=13): OrderedDict([('firstTime', 1.8), ('secondTime', 2.7), ('corrAns', 'right'), ('plusStart', 2.3), ('secondStart', 3.3), ('respStart', 6.0), ('randNum', 0.8590765890000001)])
355.9518 	EXP 	firstcircle_3: autoDraw = False
355.9518 	EXP 	text_3: autoDraw = False
355.9518 	EXP 	secondcircle: autoDraw = False
355.9518 	EXP 	text_4: autoDraw = False
355.9518 	EXP 	text_4: autoDraw = True
356.4517 	EXP 	text_4: autoDraw = False
356.4684 	EXP 	firstcircle_3: autoDraw = True
358.2517 	EXP 	firstcircle_3: autoDraw = False
358.2683 	EXP 	text_3: autoDraw = True
359.2517 	EXP 	text_3: autoDraw = False
359.2683 	EXP 	secondcircle: autoDraw = True
361.9516 	EXP 	secondcircle: autoDraw = False
363.2037 	DATA 	Keypress: left
363.2051 	EXP 	New trial (rep=0, index=14): OrderedDict([('firstTime', 1.4), ('secondTime', 0.7), ('corrAns', 'left'), ('plusStart', 1.9), ('secondStart', 2.9), ('respStart', 3.6), ('randNum', 0.413030013)])
363.2183 	EXP 	firstcircle_3: autoDraw = False
363.2183 	EXP 	text_3: autoDraw = False
363.2183 	EXP 	secondcircle: autoDraw = False
363.2183 	EXP 	text_4: autoDraw = False
363.2183 	EXP 	text_4: autoDraw = True
363.7183 	EXP 	text_4: autoDraw = False
363.7349 	EXP 	firstcircle_3: autoDraw = True
365.1183 	EXP 	firstcircle_3: autoDraw = False
365.1349 	EXP 	text_3: autoDraw = True
366.1182 	EXP 	text_3: autoDraw = False
366.1349 	EXP 	secondcircle: autoDraw = True
366.8182 	EXP 	secondcircle: autoDraw = False
367.8369 	DATA 	Keypress: left
367.8383 	EXP 	New trial (rep=0, index=15): OrderedDict([('firstTime', 3.6), ('secondTime', 3.2), ('corrAns', 'left'), ('plusStart', 4.1), ('secondStart', 5.1), ('respStart', 8.3), ('randNum', 0.12198344800000001)])
367.8516 	EXP 	firstcircle_3: autoDraw = False
367.8516 	EXP 	text_3: autoDraw = False
367.8516 	EXP 	secondcircle: autoDraw = False
367.8516 	EXP 	text_4: autoDraw = False
367.8516 	EXP 	text_4: autoDraw = True
368.3516 	EXP 	text_4: autoDraw = False
368.3683 	EXP 	firstcircle_3: autoDraw = True
371.9515 	EXP 	firstcircle_3: autoDraw = False
371.9682 	EXP 	text_3: autoDraw = True
372.9515 	EXP 	text_3: autoDraw = False
372.9682 	EXP 	secondcircle: autoDraw = True
376.1514 	EXP 	secondcircle: autoDraw = False
378.5534 	DATA 	Keypress: left
378.5549 	EXP 	New trial (rep=0, index=16): OrderedDict([('firstTime', 4.4), ('secondTime', 3.3), ('corrAns', 'left'), ('plusStart', 4.9), ('secondStart', 5.9), ('respStart', 9.2), ('randNum', 0.7908218929999999)])
378.5681 	EXP 	firstcircle_3: autoDraw = False
378.5681 	EXP 	text_3: autoDraw = False
378.5681 	EXP 	secondcircle: autoDraw = False
378.5681 	EXP 	text_4: autoDraw = False
378.5681 	EXP 	text_4: autoDraw = True
379.0681 	EXP 	text_4: autoDraw = False
379.0847 	EXP 	firstcircle_3: autoDraw = True
383.4680 	EXP 	firstcircle_3: autoDraw = False
383.4847 	EXP 	text_3: autoDraw = True
384.4680 	EXP 	text_3: autoDraw = False
384.4847 	EXP 	secondcircle: autoDraw = True
387.7680 	EXP 	secondcircle: autoDraw = False
389.0200 	DATA 	Keypress: left
389.0214 	EXP 	New trial (rep=0, index=17): OrderedDict([('firstTime', 3.5), ('secondTime', 2.1), ('corrAns', 'left'), ('plusStart', 4.0), ('secondStart', 5.0), ('respStart', 7.1), ('randNum', 0.149007794)])
389.0347 	EXP 	firstcircle_3: autoDraw = False
389.0347 	EXP 	text_3: autoDraw = False
389.0347 	EXP 	secondcircle: autoDraw = False
389.0347 	EXP 	text_4: autoDraw = False
389.0347 	EXP 	text_4: autoDraw = True
389.5346 	EXP 	text_4: autoDraw = False
389.5513 	EXP 	firstcircle_3: autoDraw = True
393.0346 	EXP 	firstcircle_3: autoDraw = False
393.0512 	EXP 	text_3: autoDraw = True
394.0346 	EXP 	text_3: autoDraw = False
394.0512 	EXP 	secondcircle: autoDraw = True
396.1345 	EXP 	secondcircle: autoDraw = False
397.1197 	DATA 	Keypress: left
397.1211 	EXP 	New trial (rep=0, index=18): OrderedDict([('firstTime', 1.8), ('secondTime', 1.2), ('corrAns', 'left'), ('plusStart', 2.3), ('secondStart', 3.3), ('respStart', 4.5), ('randNum', 0.44825194799999996)])
397.1345 	EXP 	firstcircle_3: autoDraw = False
397.1345 	EXP 	text_3: autoDraw = False
397.1345 	EXP 	secondcircle: autoDraw = False
397.1345 	EXP 	text_4: autoDraw = False
397.1345 	EXP 	text_4: autoDraw = True
397.6345 	EXP 	text_4: autoDraw = False
397.6511 	EXP 	firstcircle_3: autoDraw = True
399.4345 	EXP 	firstcircle_3: autoDraw = False
399.4511 	EXP 	text_3: autoDraw = True
400.4344 	EXP 	text_3: autoDraw = False
400.4511 	EXP 	secondcircle: autoDraw = True
401.6345 	EXP 	secondcircle: autoDraw = False
402.2866 	DATA 	Keypress: right
402.2879 	EXP 	New trial (rep=0, index=19): OrderedDict([('firstTime', 0.9), ('secondTime', 1.8), ('corrAns', 'right'), ('plusStart', 1.4), ('secondStart', 2.4), ('respStart', 4.2), ('randNum', 0.35938568299999996)])
402.3012 	EXP 	firstcircle_3: autoDraw = False
402.3012 	EXP 	text_3: autoDraw = False
402.3012 	EXP 	secondcircle: autoDraw = False
402.3012 	EXP 	text_4: autoDraw = False
402.3012 	EXP 	text_4: autoDraw = True
402.8011 	EXP 	text_4: autoDraw = False
402.8178 	EXP 	firstcircle_3: autoDraw = True
403.7012 	EXP 	firstcircle_3: autoDraw = False
403.7177 	EXP 	text_3: autoDraw = True
404.7011 	EXP 	text_3: autoDraw = False
404.7177 	EXP 	secondcircle: autoDraw = True
406.5010 	EXP 	secondcircle: autoDraw = False
406.8364 	DATA 	Keypress: right
406.8510 	EXP 	firstcircle_3: autoDraw = False
406.8510 	EXP 	text_3: autoDraw = False
406.8510 	EXP 	secondcircle: autoDraw = False
406.8510 	EXP 	text_4: autoDraw = False
406.8510 	EXP 	text_6: autoDraw = True
408.5866 	DATA 	Keypress: space
408.5929 	EXP 	Imported conditionsTime3.csv as conditions, 20 conditions, 7 params
408.5932 	EXP 	Created sequence: sequential, trialTypes=20, nReps=1, seed=None
408.5935 	EXP 	New trial (rep=0, index=0): OrderedDict([('firstTime', 2.7), ('secondTime', 1.8), ('corrAns', 'left'), ('plusStart', 3.2), ('secondStart', 4.2), ('respStart', 6.0), ('randNum', 0.09224181599999999)])
408.6011 	EXP 	text_6: autoDraw = False
408.6011 	EXP 	text_4: autoDraw = True
409.1010 	EXP 	text_4: autoDraw = False
409.1177 	EXP 	firstcircle_3: autoDraw = True
411.8010 	EXP 	firstcircle_3: autoDraw = False
411.8176 	EXP 	text_3: autoDraw = True
412.8010 	EXP 	text_3: autoDraw = False
412.8176 	EXP 	secondcircle: autoDraw = True
414.6009 	EXP 	secondcircle: autoDraw = False
416.1861 	DATA 	Keypress: left
416.1878 	EXP 	New trial (rep=0, index=1): OrderedDict([('firstTime', 1.8), ('secondTime', 2.7), ('corrAns', 'right'), ('plusStart', 2.3), ('secondStart', 3.3), ('respStart', 6.0), ('randNum', 0.320860695)])
416.2009 	EXP 	firstcircle_3: autoDraw = False
416.2009 	EXP 	text_3: autoDraw = False
416.2009 	EXP 	secondcircle: autoDraw = False
416.2009 	EXP 	text_4: autoDraw = False
416.2009 	EXP 	text_4: autoDraw = True
416.7009 	EXP 	text_4: autoDraw = False
416.7176 	EXP 	firstcircle_3: autoDraw = True
418.5009 	EXP 	firstcircle_3: autoDraw = False
418.5176 	EXP 	text_3: autoDraw = True
419.5009 	EXP 	text_3: autoDraw = False
419.5175 	EXP 	secondcircle: autoDraw = True
422.2008 	EXP 	secondcircle: autoDraw = False
422.5363 	DATA 	Keypress: right
422.5376 	EXP 	New trial (rep=0, index=2): OrderedDict([('firstTime', 0.7), ('secondTime', 1.4), ('corrAns', 'right'), ('plusStart', 1.2), ('secondStart', 2.2), ('respStart', 3.6), ('randNum', 0.091696964)])
422.5508 	EXP 	firstcircle_3: autoDraw = False
422.5508 	EXP 	text_3: autoDraw = False
422.5508 	EXP 	secondcircle: autoDraw = False
422.5508 	EXP 	text_4: autoDraw = False
422.5508 	EXP 	text_4: autoDraw = True
423.0508 	EXP 	text_4: autoDraw = False
423.0675 	EXP 	firstcircle_3: autoDraw = True
423.7508 	EXP 	firstcircle_3: autoDraw = False
423.7675 	EXP 	text_3: autoDraw = True
424.7508 	EXP 	text_3: autoDraw = False
424.7675 	EXP 	secondcircle: autoDraw = True
426.1508 	EXP 	secondcircle: autoDraw = False
426.9528 	DATA 	Keypress: right
426.9541 	EXP 	New trial (rep=0, index=3): OrderedDict([('firstTime', 4.4), ('secondTime', 3.3), ('corrAns', 'left'), ('plusStart', 4.9), ('secondStart', 5.9), ('respStart', 9.2), ('randNum', 0.010112259)])
426.9675 	EXP 	firstcircle_3: autoDraw = False
426.9675 	EXP 	text_3: autoDraw = False
426.9675 	EXP 	secondcircle: autoDraw = False
426.9675 	EXP 	text_4: autoDraw = False
426.9675 	EXP 	text_4: autoDraw = True
427.4674 	EXP 	text_4: autoDraw = False
427.4841 	EXP 	firstcircle_3: autoDraw = True
431.8674 	EXP 	firstcircle_3: autoDraw = False
431.8840 	EXP 	text_3: autoDraw = True
432.8673 	EXP 	text_3: autoDraw = False
432.8840 	EXP 	secondcircle: autoDraw = True
436.1673 	EXP 	secondcircle: autoDraw = False
437.9527 	DATA 	Keypress: left
437.9540 	EXP 	New trial (rep=0, index=4): OrderedDict([('firstTime', 0.9), ('secondTime', 1.8), ('corrAns', 'right'), ('plusStart', 1.4), ('secondStart', 2.4), ('respStart', 4.2), ('randNum', 0.877480265)])
437.9673 	EXP 	firstcircle_3: autoDraw = False
437.9673 	EXP 	text_3: autoDraw = False
437.9673 	EXP 	secondcircle: autoDraw = False
437.9673 	EXP 	text_4: autoDraw = False
437.9673 	EXP 	text_4: autoDraw = True
438.4673 	EXP 	text_4: autoDraw = False
438.4839 	EXP 	firstcircle_3: autoDraw = True
439.3673 	EXP 	firstcircle_3: autoDraw = False
439.3839 	EXP 	text_3: autoDraw = True
440.3672 	EXP 	text_3: autoDraw = False
440.3839 	EXP 	secondcircle: autoDraw = True
442.1672 	EXP 	secondcircle: autoDraw = False
444.4526 	DATA 	Keypress: right
444.4539 	EXP 	New trial (rep=0, index=5): OrderedDict([('firstTime', 1.8), ('secondTime', 0.9), ('corrAns', 'left'), ('plusStart', 2.3), ('secondStart', 3.3), ('respStart', 4.2), ('randNum', 0.74232345)])
444.4672 	EXP 	firstcircle_3: autoDraw = False
444.4672 	EXP 	text_3: autoDraw = False
444.4672 	EXP 	secondcircle: autoDraw = False
444.4672 	EXP 	text_4: autoDraw = False
444.4672 	EXP 	text_4: autoDraw = True
444.9672 	EXP 	text_4: autoDraw = False
444.9838 	EXP 	firstcircle_3: autoDraw = True
446.7672 	EXP 	firstcircle_3: autoDraw = False
446.7838 	EXP 	text_3: autoDraw = True
447.7671 	EXP 	text_3: autoDraw = False
447.7838 	EXP 	secondcircle: autoDraw = True
448.6671 	EXP 	secondcircle: autoDraw = False
449.5193 	DATA 	Keypress: left
449.5207 	EXP 	New trial (rep=0, index=6): OrderedDict([('firstTime', 1.8), ('secondTime', 1.2), ('corrAns', 'left'), ('plusStart', 2.3), ('secondStart', 3.3), ('respStart', 4.5), ('randNum', 0.307053849)])
449.5338 	EXP 	firstcircle_3: autoDraw = False
449.5338 	EXP 	text_3: autoDraw = False
449.5338 	EXP 	secondcircle: autoDraw = False
449.5338 	EXP 	text_4: autoDraw = False
449.5338 	EXP 	text_4: autoDraw = True
450.0338 	EXP 	text_4: autoDraw = False
450.0504 	EXP 	firstcircle_3: autoDraw = True
451.8338 	EXP 	firstcircle_3: autoDraw = False
451.8504 	EXP 	text_3: autoDraw = True
452.8338 	EXP 	text_3: autoDraw = False
452.8504 	EXP 	secondcircle: autoDraw = True
454.0337 	EXP 	secondcircle: autoDraw = False
455.0522 	DATA 	Keypress: left
455.0536 	EXP 	New trial (rep=0, index=7): OrderedDict([('firstTime', 3.6), ('secondTime', 3.2), ('corrAns', 'left'), ('plusStart', 4.1), ('secondStart', 5.1), ('respStart', 8.3), ('randNum', 0.331236492)])
455.0670 	EXP 	firstcircle_3: autoDraw = False
455.0670 	EXP 	text_3: autoDraw = False
455.0670 	EXP 	secondcircle: autoDraw = False
455.0670 	EXP 	text_4: autoDraw = False
455.0670 	EXP 	text_4: autoDraw = True
455.5670 	EXP 	text_4: autoDraw = False
455.5837 	EXP 	firstcircle_3: autoDraw = True
459.1670 	EXP 	firstcircle_3: autoDraw = False
459.1837 	EXP 	text_3: autoDraw = True
460.1670 	EXP 	text_3: autoDraw = False
460.1836 	EXP 	secondcircle: autoDraw = True
463.3669 	EXP 	secondcircle: autoDraw = False
464.3191 	DATA 	Keypress: left
464.3204 	EXP 	New trial (rep=0, index=8): OrderedDict([('firstTime', 2.5), ('secondTime', 1.5), ('corrAns', 'left'), ('plusStart', 3.0), ('secondStart', 4.0), ('respStart', 5.5), ('randNum', 0.778562476)])
464.3336 	EXP 	firstcircle_3: autoDraw = False
464.3336 	EXP 	text_3: autoDraw = False
464.3336 	EXP 	secondcircle: autoDraw = False
464.3336 	EXP 	text_4: autoDraw = False
464.3336 	EXP 	text_4: autoDraw = True
464.8336 	EXP 	text_4: autoDraw = False
464.8503 	EXP 	firstcircle_3: autoDraw = True
467.3335 	EXP 	firstcircle_3: autoDraw = False
467.3502 	EXP 	text_3: autoDraw = True
468.3335 	EXP 	text_3: autoDraw = False
468.3502 	EXP 	secondcircle: autoDraw = True
469.8335 	EXP 	secondcircle: autoDraw = False
470.8023 	DATA 	Keypress: left
470.8037 	EXP 	New trial (rep=0, index=9): OrderedDict([('firstTime', 1.2), ('secondTime', 1.8), ('corrAns', 'right'), ('plusStart', 1.7), ('secondStart', 2.7), ('respStart', 4.5), ('randNum', 0.18131893100000002)])
470.8168 	EXP 	firstcircle_3: autoDraw = False
470.8168 	EXP 	text_3: autoDraw = False
470.8168 	EXP 	secondcircle: autoDraw = False
470.8168 	EXP 	text_4: autoDraw = False
470.8168 	EXP 	text_4: autoDraw = True
471.3168 	EXP 	text_4: autoDraw = False
471.3335 	EXP 	firstcircle_3: autoDraw = True
472.5168 	EXP 	firstcircle_3: autoDraw = False
472.5335 	EXP 	text_3: autoDraw = True
473.5168 	EXP 	text_3: autoDraw = False
473.5335 	EXP 	secondcircle: autoDraw = True
475.3168 	EXP 	secondcircle: autoDraw = False
476.7855 	DATA 	Keypress: left
476.7869 	EXP 	New trial (rep=0, index=10): OrderedDict([('firstTime', 2.8), ('secondTime', 2.1), ('corrAns', 'left'), ('plusStart', 3.3), ('secondStart', 4.3), ('respStart', 6.4), ('randNum', 0.897215002)])
476.8001 	EXP 	firstcircle_3: autoDraw = False
476.8001 	EXP 	text_3: autoDraw = False
476.8001 	EXP 	secondcircle: autoDraw = False
476.8001 	EXP 	text_4: autoDraw = False
476.8001 	EXP 	text_4: autoDraw = True
477.3001 	EXP 	text_4: autoDraw = False
477.3167 	EXP 	firstcircle_3: autoDraw = True
480.1000 	EXP 	firstcircle_3: autoDraw = False
480.1167 	EXP 	text_3: autoDraw = True
481.1000 	EXP 	text_3: autoDraw = False
481.1167 	EXP 	secondcircle: autoDraw = True
483.2000 	EXP 	secondcircle: autoDraw = False
485.2852 	DATA 	Keypress: left
485.2866 	EXP 	New trial (rep=0, index=11): OrderedDict([('firstTime', 2.1), ('secondTime', 2.8), ('corrAns', 'right'), ('plusStart', 2.6), ('secondStart', 3.6), ('respStart', 6.4), ('randNum', 0.734438325)])
485.3000 	EXP 	firstcircle_3: autoDraw = False
485.3000 	EXP 	text_3: autoDraw = False
485.3000 	EXP 	secondcircle: autoDraw = False
485.3000 	EXP 	text_4: autoDraw = False
485.3000 	EXP 	text_4: autoDraw = True
485.8000 	EXP 	text_4: autoDraw = False
485.8167 	EXP 	firstcircle_3: autoDraw = True
487.8999 	EXP 	firstcircle_3: autoDraw = False
487.9166 	EXP 	text_3: autoDraw = True
488.8999 	EXP 	text_3: autoDraw = False
488.9166 	EXP 	secondcircle: autoDraw = True
491.6999 	EXP 	secondcircle: autoDraw = False
493.7019 	DATA 	Keypress: left
493.7033 	EXP 	New trial (rep=0, index=12): OrderedDict([('firstTime', 3.2), ('secondTime', 3.6), ('corrAns', 'right'), ('plusStart', 3.7), ('secondStart', 4.7), ('respStart', 8.3), ('randNum', 0.716372322)])
493.7165 	EXP 	firstcircle_3: autoDraw = False
493.7165 	EXP 	text_3: autoDraw = False
493.7165 	EXP 	secondcircle: autoDraw = False
493.7165 	EXP 	text_4: autoDraw = False
493.7165 	EXP 	text_4: autoDraw = True
494.2166 	EXP 	text_4: autoDraw = False
494.2332 	EXP 	firstcircle_3: autoDraw = True
497.4165 	EXP 	firstcircle_3: autoDraw = False
497.4331 	EXP 	text_3: autoDraw = True
498.4165 	EXP 	text_3: autoDraw = False
498.4331 	EXP 	secondcircle: autoDraw = True
502.0164 	EXP 	secondcircle: autoDraw = False
504.0017 	DATA 	Keypress: right
504.0031 	EXP 	New trial (rep=0, index=13): OrderedDict([('firstTime', 2.1), ('secondTime', 3.5), ('corrAns', 'right'), ('plusStart', 2.6), ('secondStart', 3.6), ('respStart', 7.1), ('randNum', 0.2797458)])
504.0164 	EXP 	firstcircle_3: autoDraw = False
504.0164 	EXP 	text_3: autoDraw = False
504.0164 	EXP 	secondcircle: autoDraw = False
504.0164 	EXP 	text_4: autoDraw = False
504.0164 	EXP 	text_4: autoDraw = True
504.5164 	EXP 	text_4: autoDraw = False
504.5330 	EXP 	firstcircle_3: autoDraw = True
506.6163 	EXP 	firstcircle_3: autoDraw = False
506.6330 	EXP 	text_3: autoDraw = True
507.6163 	EXP 	text_3: autoDraw = False
507.6330 	EXP 	secondcircle: autoDraw = True
511.1163 	EXP 	secondcircle: autoDraw = False
511.4702 	DATA 	Keypress: right
511.4847 	EXP 	New trial (rep=0, index=14): OrderedDict([('firstTime', 1.4), ('secondTime', 0.7), ('corrAns', 'left'), ('plusStart', 1.9), ('secondStart', 2.9), ('respStart', 3.6), ('randNum', 0.038284202)])
511.4996 	EXP 	firstcircle_3: autoDraw = False
511.4996 	EXP 	text_3: autoDraw = False
511.4996 	EXP 	secondcircle: autoDraw = False
511.4996 	EXP 	text_4: autoDraw = False
511.4996 	EXP 	text_4: autoDraw = True
511.9996 	EXP 	text_4: autoDraw = False
512.0163 	EXP 	firstcircle_3: autoDraw = True
513.3996 	EXP 	firstcircle_3: autoDraw = False
513.4164 	EXP 	text_3: autoDraw = True
514.3996 	EXP 	text_3: autoDraw = False
514.4163 	EXP 	secondcircle: autoDraw = True
515.0996 	EXP 	secondcircle: autoDraw = False
516.1515 	DATA 	Keypress: left
516.1529 	EXP 	New trial (rep=0, index=15): OrderedDict([('firstTime', 9.9), ('secondTime', 8.8), ('corrAns', 'left'), ('plusStart', 10.4), ('secondStart', 11.4), ('respStart', 20.2), ('randNum', 0.656448526)])
516.1662 	EXP 	firstcircle_3: autoDraw = False
516.1662 	EXP 	text_3: autoDraw = False
516.1662 	EXP 	secondcircle: autoDraw = False
516.1662 	EXP 	text_4: autoDraw = False
516.1662 	EXP 	text_4: autoDraw = True
516.6662 	EXP 	text_4: autoDraw = False
516.6829 	EXP 	firstcircle_3: autoDraw = True
526.5661 	EXP 	firstcircle_3: autoDraw = False
526.5828 	EXP 	text_3: autoDraw = True
527.5661 	EXP 	text_3: autoDraw = False
527.5827 	EXP 	secondcircle: autoDraw = True
536.3660 	EXP 	secondcircle: autoDraw = False
537.3010 	DATA 	Keypress: right
537.3023 	EXP 	New trial (rep=0, index=16): OrderedDict([('firstTime', 3.5), ('secondTime', 2.1), ('corrAns', 'left'), ('plusStart', 4.0), ('secondStart', 5.0), ('respStart', 7.1), ('randNum', 0.25078508899999996)])
537.3159 	EXP 	firstcircle_3: autoDraw = False
537.3159 	EXP 	text_3: autoDraw = False
537.3159 	EXP 	secondcircle: autoDraw = False
537.3159 	EXP 	text_4: autoDraw = False
537.3159 	EXP 	text_4: autoDraw = True
537.8159 	EXP 	text_4: autoDraw = False
537.8326 	EXP 	firstcircle_3: autoDraw = True
541.3159 	EXP 	firstcircle_3: autoDraw = False
541.3326 	EXP 	text_3: autoDraw = True
542.3159 	EXP 	text_3: autoDraw = False
542.3325 	EXP 	secondcircle: autoDraw = True
544.4158 	EXP 	secondcircle: autoDraw = False
545.3846 	DATA 	Keypress: left
545.3859 	EXP 	New trial (rep=0, index=17): OrderedDict([('firstTime', 8.8), ('secondTime', 9.9), ('corrAns', 'right'), ('plusStart', 9.3), ('secondStart', 10.3), ('respStart', 20.2), ('randNum', 0.055985873)])
545.3992 	EXP 	firstcircle_3: autoDraw = False
545.3992 	EXP 	text_3: autoDraw = False
545.3992 	EXP 	secondcircle: autoDraw = False
545.3992 	EXP 	text_4: autoDraw = False
545.3992 	EXP 	text_4: autoDraw = True
545.8992 	EXP 	text_4: autoDraw = False
545.9158 	EXP 	firstcircle_3: autoDraw = True
554.6990 	EXP 	firstcircle_3: autoDraw = False
554.7157 	EXP 	text_3: autoDraw = True
555.6991 	EXP 	text_3: autoDraw = False
555.7157 	EXP 	secondcircle: autoDraw = True
565.5990 	EXP 	secondcircle: autoDraw = False
566.1673 	DATA 	Keypress: right
566.1686 	EXP 	New trial (rep=0, index=18): OrderedDict([('firstTime', 1.5), ('secondTime', 2.5), ('corrAns', 'right'), ('plusStart', 2.0), ('secondStart', 3.0), ('respStart', 5.5), ('randNum', 0.279030548)])
566.1822 	EXP 	firstcircle_3: autoDraw = False
566.1822 	EXP 	text_3: autoDraw = False
566.1822 	EXP 	secondcircle: autoDraw = False
566.1822 	EXP 	text_4: autoDraw = False
566.1822 	EXP 	text_4: autoDraw = True
566.6822 	EXP 	text_4: autoDraw = False
566.6989 	EXP 	firstcircle_3: autoDraw = True
568.1822 	EXP 	firstcircle_3: autoDraw = False
568.1989 	EXP 	text_3: autoDraw = True
569.1822 	EXP 	text_3: autoDraw = False
569.1988 	EXP 	secondcircle: autoDraw = True
571.6821 	EXP 	secondcircle: autoDraw = False
572.8008 	DATA 	Keypress: right
572.8021 	EXP 	New trial (rep=0, index=19): OrderedDict([('firstTime', 3.3), ('secondTime', 4.4), ('corrAns', 'right'), ('plusStart', 3.8), ('secondStart', 4.8), ('respStart', 9.2), ('randNum', 0.6214470879999999)])
572.8155 	EXP 	firstcircle_3: autoDraw = False
572.8155 	EXP 	text_3: autoDraw = False
572.8155 	EXP 	secondcircle: autoDraw = False
572.8155 	EXP 	text_4: autoDraw = False
572.8155 	EXP 	text_4: autoDraw = True
573.3154 	EXP 	text_4: autoDraw = False
573.3321 	EXP 	firstcircle_3: autoDraw = True
576.6154 	EXP 	firstcircle_3: autoDraw = False
576.6321 	EXP 	text_3: autoDraw = True
577.6154 	EXP 	text_3: autoDraw = False
577.6321 	EXP 	secondcircle: autoDraw = True
582.0153 	EXP 	secondcircle: autoDraw = False
583.4174 	DATA 	Keypress: right
583.4320 	EXP 	firstcircle_3: autoDraw = False
583.4320 	EXP 	text_3: autoDraw = False
583.4320 	EXP 	secondcircle: autoDraw = False
583.4320 	EXP 	text_4: autoDraw = False
583.4320 	EXP 	text_7: autoDraw = True
590.1511 	DATA 	Keypress: space
590.1566 	EXP 	Imported conditionsTime4.csv as conditions, 20 conditions, 7 params
590.1569 	EXP 	Created sequence: sequential, trialTypes=20, nReps=1, seed=None
590.1573 	EXP 	New trial (rep=0, index=0): OrderedDict([('firstTime', 2.5), ('secondTime', 1.5), ('corrAns', 'left'), ('plusStart', 3.0), ('secondStart', 4.0), ('respStart', 5.5), ('randNum', 0.9526453340000001)])
590.1653 	EXP 	text_7: autoDraw = False
590.1653 	EXP 	text_4: autoDraw = True
590.6652 	EXP 	text_4: autoDraw = False
590.6819 	EXP 	firstcircle_3: autoDraw = True
593.1652 	EXP 	firstcircle_3: autoDraw = False
593.1818 	EXP 	text_3: autoDraw = True
594.1652 	EXP 	text_3: autoDraw = False
594.1818 	EXP 	secondcircle: autoDraw = True
595.6651 	EXP 	secondcircle: autoDraw = False
596.8016 	DATA 	Keypress: left
596.8170 	EXP 	New trial (rep=0, index=1): OrderedDict([('firstTime', 2.8), ('secondTime', 2.1), ('corrAns', 'left'), ('plusStart', 3.3), ('secondStart', 4.3), ('respStart', 6.4), ('randNum', 0.962497787)])
596.8318 	EXP 	firstcircle_3: autoDraw = False
596.8318 	EXP 	text_3: autoDraw = False
596.8318 	EXP 	secondcircle: autoDraw = False
596.8318 	EXP 	text_4: autoDraw = False
596.8318 	EXP 	text_4: autoDraw = True
597.3318 	EXP 	text_4: autoDraw = False
597.3485 	EXP 	firstcircle_3: autoDraw = True
600.1318 	EXP 	firstcircle_3: autoDraw = False
600.1484 	EXP 	text_3: autoDraw = True
601.1317 	EXP 	text_3: autoDraw = False
601.1484 	EXP 	secondcircle: autoDraw = True
603.2317 	EXP 	secondcircle: autoDraw = False
604.6171 	DATA 	Keypress: left
604.6185 	EXP 	New trial (rep=0, index=2): OrderedDict([('firstTime', 2.7), ('secondTime', 1.8), ('corrAns', 'left'), ('plusStart', 3.2), ('secondStart', 4.2), ('respStart', 6.0), ('randNum', 0.06690605599999999)])
604.6317 	EXP 	firstcircle_3: autoDraw = False
604.6317 	EXP 	text_3: autoDraw = False
604.6317 	EXP 	secondcircle: autoDraw = False
604.6317 	EXP 	text_4: autoDraw = False
604.6317 	EXP 	text_4: autoDraw = True
605.1317 	EXP 	text_4: autoDraw = False
605.1484 	EXP 	firstcircle_3: autoDraw = True
607.8317 	EXP 	firstcircle_3: autoDraw = False
607.8483 	EXP 	text_3: autoDraw = True
608.8316 	EXP 	text_3: autoDraw = False
608.8483 	EXP 	secondcircle: autoDraw = True
610.6316 	EXP 	secondcircle: autoDraw = False
611.9337 	DATA 	Keypress: left
611.9351 	EXP 	New trial (rep=0, index=3): OrderedDict([('firstTime', 8.8), ('secondTime', 9.9), ('corrAns', 'right'), ('plusStart', 9.3), ('secondStart', 10.3), ('respStart', 20.2), ('randNum', 0.09555333099999999)])
611.9483 	EXP 	firstcircle_3: autoDraw = False
611.9483 	EXP 	text_3: autoDraw = False
611.9483 	EXP 	secondcircle: autoDraw = False
611.9483 	EXP 	text_4: autoDraw = False
611.9483 	EXP 	text_4: autoDraw = True
612.4483 	EXP 	text_4: autoDraw = False
612.4649 	EXP 	firstcircle_3: autoDraw = True
621.2482 	EXP 	firstcircle_3: autoDraw = False
621.2648 	EXP 	text_3: autoDraw = True
622.2481 	EXP 	text_3: autoDraw = False
622.2648 	EXP 	secondcircle: autoDraw = True
632.1480 	EXP 	secondcircle: autoDraw = False
633.0667 	DATA 	Keypress: right
633.0681 	EXP 	New trial (rep=0, index=4): OrderedDict([('firstTime', 1.8), ('secondTime', 2.7), ('corrAns', 'right'), ('plusStart', 2.3), ('secondStart', 3.3), ('respStart', 6.0), ('randNum', 0.559320406)])
633.0813 	EXP 	firstcircle_3: autoDraw = False
633.0813 	EXP 	text_3: autoDraw = False
633.0813 	EXP 	secondcircle: autoDraw = False
633.0813 	EXP 	text_4: autoDraw = False
633.0813 	EXP 	text_4: autoDraw = True
633.5813 	EXP 	text_4: autoDraw = False
633.5980 	EXP 	firstcircle_3: autoDraw = True
635.3813 	EXP 	firstcircle_3: autoDraw = False
635.3979 	EXP 	text_3: autoDraw = True
636.3813 	EXP 	text_3: autoDraw = False
636.3979 	EXP 	secondcircle: autoDraw = True
639.0812 	EXP 	secondcircle: autoDraw = False
640.9500 	DATA 	Keypress: right
640.9514 	EXP 	New trial (rep=0, index=5): OrderedDict([('firstTime', 3.5), ('secondTime', 2.1), ('corrAns', 'left'), ('plusStart', 4.0), ('secondStart', 5.0), ('respStart', 7.1), ('randNum', 0.885130943)])
640.9646 	EXP 	firstcircle_3: autoDraw = False
640.9646 	EXP 	text_3: autoDraw = False
640.9646 	EXP 	secondcircle: autoDraw = False
640.9646 	EXP 	text_4: autoDraw = False
640.9646 	EXP 	text_4: autoDraw = True
641.4645 	EXP 	text_4: autoDraw = False
641.4812 	EXP 	firstcircle_3: autoDraw = True
644.9645 	EXP 	firstcircle_3: autoDraw = False
644.9811 	EXP 	text_3: autoDraw = True
645.9645 	EXP 	text_3: autoDraw = False
645.9812 	EXP 	secondcircle: autoDraw = True
648.0644 	EXP 	secondcircle: autoDraw = False
649.5666 	DATA 	Keypress: left
649.5680 	EXP 	New trial (rep=0, index=6): OrderedDict([('firstTime', 2.1), ('secondTime', 2.8), ('corrAns', 'right'), ('plusStart', 2.6), ('secondStart', 3.6), ('respStart', 6.4), ('randNum', 0.7843272990000001)])
649.5812 	EXP 	firstcircle_3: autoDraw = False
649.5812 	EXP 	text_3: autoDraw = False
649.5812 	EXP 	secondcircle: autoDraw = False
649.5812 	EXP 	text_4: autoDraw = False
649.5812 	EXP 	text_4: autoDraw = True
650.0811 	EXP 	text_4: autoDraw = False
650.0977 	EXP 	firstcircle_3: autoDraw = True
652.1811 	EXP 	firstcircle_3: autoDraw = False
652.1977 	EXP 	text_3: autoDraw = True
653.1810 	EXP 	text_3: autoDraw = False
653.1977 	EXP 	secondcircle: autoDraw = True
655.9810 	EXP 	secondcircle: autoDraw = False
657.5163 	DATA 	Keypress: right
657.5174 	EXP 	New trial (rep=0, index=7): OrderedDict([('firstTime', 4.4), ('secondTime', 3.3), ('corrAns', 'left'), ('plusStart', 4.9), ('secondStart', 5.9), ('respStart', 9.2), ('randNum', 0.594355042)])
657.5310 	EXP 	firstcircle_3: autoDraw = False
657.5310 	EXP 	text_3: autoDraw = False
657.5310 	EXP 	secondcircle: autoDraw = False
657.5310 	EXP 	text_4: autoDraw = False
657.5310 	EXP 	text_4: autoDraw = True
658.0310 	EXP 	text_4: autoDraw = False
658.0476 	EXP 	firstcircle_3: autoDraw = True
662.4309 	EXP 	firstcircle_3: autoDraw = False
662.4476 	EXP 	text_3: autoDraw = True
663.4309 	EXP 	text_3: autoDraw = False
663.4476 	EXP 	secondcircle: autoDraw = True
666.7309 	EXP 	secondcircle: autoDraw = False
668.2333 	DATA 	Keypress: left
668.2492 	EXP 	New trial (rep=0, index=8): OrderedDict([('firstTime', 0.9), ('secondTime', 1.8), ('corrAns', 'right'), ('plusStart', 1.4), ('secondStart', 2.4), ('respStart', 4.2), ('randNum', 0.39760777399999997)])
668.2642 	EXP 	firstcircle_3: autoDraw = False
668.2642 	EXP 	text_3: autoDraw = False
668.2642 	EXP 	secondcircle: autoDraw = False
668.2642 	EXP 	text_4: autoDraw = False
668.2642 	EXP 	text_4: autoDraw = True
668.7642 	EXP 	text_4: autoDraw = False
668.7808 	EXP 	firstcircle_3: autoDraw = True
669.6642 	EXP 	firstcircle_3: autoDraw = False
669.6808 	EXP 	text_3: autoDraw = True
670.6641 	EXP 	text_3: autoDraw = False
670.6808 	EXP 	secondcircle: autoDraw = True
672.4641 	EXP 	secondcircle: autoDraw = False
673.6995 	DATA 	Keypress: right
673.7009 	EXP 	New trial (rep=0, index=9): OrderedDict([('firstTime', 3.6), ('secondTime', 3.2), ('corrAns', 'left'), ('plusStart', 4.1), ('secondStart', 5.1), ('respStart', 8.3), ('randNum', 0.454525661)])
673.7141 	EXP 	firstcircle_3: autoDraw = False
673.7141 	EXP 	text_3: autoDraw = False
673.7141 	EXP 	secondcircle: autoDraw = False
673.7141 	EXP 	text_4: autoDraw = False
673.7141 	EXP 	text_4: autoDraw = True
674.2141 	EXP 	text_4: autoDraw = False
674.2308 	EXP 	firstcircle_3: autoDraw = True
677.8140 	EXP 	firstcircle_3: autoDraw = False
677.8307 	EXP 	text_3: autoDraw = True
678.8140 	EXP 	text_3: autoDraw = False
678.8307 	EXP 	secondcircle: autoDraw = True
682.0140 	EXP 	secondcircle: autoDraw = False
684.5827 	DATA 	Keypress: right
684.5840 	EXP 	New trial (rep=0, index=10): OrderedDict([('firstTime', 9.9), ('secondTime', 8.8), ('corrAns', 'left'), ('plusStart', 10.4), ('secondStart', 11.4), ('respStart', 20.2), ('randNum', 0.335173919)])
684.5973 	EXP 	firstcircle_3: autoDraw = False
684.5973 	EXP 	text_3: autoDraw = False
684.5973 	EXP 	secondcircle: autoDraw = False
684.5973 	EXP 	text_4: autoDraw = False
684.5973 	EXP 	text_4: autoDraw = True
685.0973 	EXP 	text_4: autoDraw = False
685.1140 	EXP 	firstcircle_3: autoDraw = True
694.9971 	EXP 	firstcircle_3: autoDraw = False
695.0139 	EXP 	text_3: autoDraw = True
695.9971 	EXP 	text_3: autoDraw = False
696.0138 	EXP 	secondcircle: autoDraw = True
704.7970 	EXP 	secondcircle: autoDraw = False
706.2323 	DATA 	Keypress: left
706.2337 	EXP 	New trial (rep=0, index=11): OrderedDict([('firstTime', 1.8), ('secondTime', 1.2), ('corrAns', 'left'), ('plusStart', 2.3), ('secondStart', 3.3), ('respStart', 4.5), ('randNum', 0.050156068)])
706.2470 	EXP 	firstcircle_3: autoDraw = False
706.2470 	EXP 	text_3: autoDraw = False
706.2470 	EXP 	secondcircle: autoDraw = False
706.2470 	EXP 	text_4: autoDraw = False
706.2470 	EXP 	text_4: autoDraw = True
706.7470 	EXP 	text_4: autoDraw = False
706.7637 	EXP 	firstcircle_3: autoDraw = True
708.5470 	EXP 	firstcircle_3: autoDraw = False
708.5636 	EXP 	text_3: autoDraw = True
709.5470 	EXP 	text_3: autoDraw = False
709.5636 	EXP 	secondcircle: autoDraw = True
710.7469 	EXP 	secondcircle: autoDraw = False
713.3155 	DATA 	Keypress: left
713.3169 	EXP 	New trial (rep=0, index=12): OrderedDict([('firstTime', 2.1), ('secondTime', 3.5), ('corrAns', 'right'), ('plusStart', 2.6), ('secondStart', 3.6), ('respStart', 7.1), ('randNum', 0.553210354)])
713.3303 	EXP 	firstcircle_3: autoDraw = False
713.3303 	EXP 	text_3: autoDraw = False
713.3303 	EXP 	secondcircle: autoDraw = False
713.3303 	EXP 	text_4: autoDraw = False
713.3303 	EXP 	text_4: autoDraw = True
713.8302 	EXP 	text_4: autoDraw = False
713.8469 	EXP 	firstcircle_3: autoDraw = True
715.9302 	EXP 	firstcircle_3: autoDraw = False
715.9469 	EXP 	text_3: autoDraw = True
716.9302 	EXP 	text_3: autoDraw = False
716.9468 	EXP 	secondcircle: autoDraw = True
720.4301 	EXP 	secondcircle: autoDraw = False
721.5651 	DATA 	Keypress: right
721.5661 	EXP 	New trial (rep=0, index=13): OrderedDict([('firstTime', 3.2), ('secondTime', 3.6), ('corrAns', 'right'), ('plusStart', 3.7), ('secondStart', 4.7), ('respStart', 8.3), ('randNum', 0.062598668)])
721.5801 	EXP 	firstcircle_3: autoDraw = False
721.5801 	EXP 	text_3: autoDraw = False
721.5801 	EXP 	secondcircle: autoDraw = False
721.5801 	EXP 	text_4: autoDraw = False
721.5801 	EXP 	text_4: autoDraw = True
722.0801 	EXP 	text_4: autoDraw = False
722.0968 	EXP 	firstcircle_3: autoDraw = True
725.2801 	EXP 	firstcircle_3: autoDraw = False
725.2967 	EXP 	text_3: autoDraw = True
726.2801 	EXP 	text_3: autoDraw = False
726.2967 	EXP 	secondcircle: autoDraw = True
729.8800 	EXP 	secondcircle: autoDraw = False
730.5488 	DATA 	Keypress: right
730.5502 	EXP 	New trial (rep=0, index=14): OrderedDict([('firstTime', 1.5), ('secondTime', 2.5), ('corrAns', 'right'), ('plusStart', 2.0), ('secondStart', 3.0), ('respStart', 5.5), ('randNum', 0.851613693)])
730.5633 	EXP 	firstcircle_3: autoDraw = False
730.5633 	EXP 	text_3: autoDraw = False
730.5633 	EXP 	secondcircle: autoDraw = False
730.5633 	EXP 	text_4: autoDraw = False
730.5633 	EXP 	text_4: autoDraw = True
731.0633 	EXP 	text_4: autoDraw = False
731.0800 	EXP 	firstcircle_3: autoDraw = True
732.5633 	EXP 	firstcircle_3: autoDraw = False
732.5800 	EXP 	text_3: autoDraw = True
733.5633 	EXP 	text_3: autoDraw = False
733.5800 	EXP 	secondcircle: autoDraw = True
736.0633 	EXP 	secondcircle: autoDraw = False
736.7487 	DATA 	Keypress: right
736.7501 	EXP 	New trial (rep=0, index=15): OrderedDict([('firstTime', 1.2), ('secondTime', 1.8), ('corrAns', 'right'), ('plusStart', 1.7), ('secondStart', 2.7), ('respStart', 4.5), ('randNum', 0.9561071459999999)])
736.7632 	EXP 	firstcircle_3: autoDraw = False
736.7632 	EXP 	text_3: autoDraw = False
736.7632 	EXP 	secondcircle: autoDraw = False
736.7632 	EXP 	text_4: autoDraw = False
736.7632 	EXP 	text_4: autoDraw = True
737.2633 	EXP 	text_4: autoDraw = False
737.2799 	EXP 	firstcircle_3: autoDraw = True
738.4632 	EXP 	firstcircle_3: autoDraw = False
738.4799 	EXP 	text_3: autoDraw = True
739.4632 	EXP 	text_3: autoDraw = False
739.4799 	EXP 	secondcircle: autoDraw = True
741.2632 	EXP 	secondcircle: autoDraw = False
743.6149 	DATA 	Keypress: right
743.6163 	EXP 	New trial (rep=0, index=16): OrderedDict([('firstTime', 3.3), ('secondTime', 4.4), ('corrAns', 'right'), ('plusStart', 3.8), ('secondStart', 4.8), ('respStart', 9.2), ('randNum', 0.25372748300000003)])
743.6298 	EXP 	firstcircle_3: autoDraw = False
743.6298 	EXP 	text_3: autoDraw = False
743.6298 	EXP 	secondcircle: autoDraw = False
743.6298 	EXP 	text_4: autoDraw = False
743.6298 	EXP 	text_4: autoDraw = True
744.1298 	EXP 	text_4: autoDraw = False
744.1465 	EXP 	firstcircle_3: autoDraw = True
747.4298 	EXP 	firstcircle_3: autoDraw = False
747.4464 	EXP 	text_3: autoDraw = True
748.4297 	EXP 	text_3: autoDraw = False
748.4464 	EXP 	secondcircle: autoDraw = True
752.8297 	EXP 	secondcircle: autoDraw = False
754.9650 	DATA 	Keypress: right
754.9664 	EXP 	New trial (rep=0, index=17): OrderedDict([('firstTime', 1.8), ('secondTime', 0.9), ('corrAns', 'left'), ('plusStart', 2.3), ('secondStart', 3.3), ('respStart', 4.2), ('randNum', 0.328250033)])
754.9797 	EXP 	firstcircle_3: autoDraw = False
754.9797 	EXP 	text_3: autoDraw = False
754.9797 	EXP 	secondcircle: autoDraw = False
754.9797 	EXP 	text_4: autoDraw = False
754.9797 	EXP 	text_4: autoDraw = True
755.4797 	EXP 	text_4: autoDraw = False
755.4963 	EXP 	firstcircle_3: autoDraw = True
757.2796 	EXP 	firstcircle_3: autoDraw = False
757.2963 	EXP 	text_3: autoDraw = True
758.2796 	EXP 	text_3: autoDraw = False
758.2963 	EXP 	secondcircle: autoDraw = True
759.1796 	EXP 	secondcircle: autoDraw = False
760.7816 	DATA 	Keypress: left
760.7829 	EXP 	New trial (rep=0, index=18): OrderedDict([('firstTime', 1.4), ('secondTime', 0.7), ('corrAns', 'left'), ('plusStart', 1.9), ('secondStart', 2.9), ('respStart', 3.6), ('randNum', 0.26139814899999997)])
760.7963 	EXP 	firstcircle_3: autoDraw = False
760.7963 	EXP 	text_3: autoDraw = False
760.7963 	EXP 	secondcircle: autoDraw = False
760.7963 	EXP 	text_4: autoDraw = False
760.7963 	EXP 	text_4: autoDraw = True
761.2962 	EXP 	text_4: autoDraw = False
761.3130 	EXP 	firstcircle_3: autoDraw = True
762.6962 	EXP 	firstcircle_3: autoDraw = False
762.7129 	EXP 	text_3: autoDraw = True
763.6962 	EXP 	text_3: autoDraw = False
763.7129 	EXP 	secondcircle: autoDraw = True
764.3962 	EXP 	secondcircle: autoDraw = False
766.0815 	DATA 	Keypress: left
766.0829 	EXP 	New trial (rep=0, index=19): OrderedDict([('firstTime', 0.7), ('secondTime', 1.4), ('corrAns', 'right'), ('plusStart', 1.2), ('secondStart', 2.2), ('respStart', 3.6), ('randNum', 0.515481866)])
766.0962 	EXP 	firstcircle_3: autoDraw = False
766.0962 	EXP 	text_3: autoDraw = False
766.0962 	EXP 	secondcircle: autoDraw = False
766.0962 	EXP 	text_4: autoDraw = False
766.0962 	EXP 	text_4: autoDraw = True
766.5962 	EXP 	text_4: autoDraw = False
766.6129 	EXP 	firstcircle_3: autoDraw = True
767.2962 	EXP 	firstcircle_3: autoDraw = False
767.3128 	EXP 	text_3: autoDraw = True
768.2961 	EXP 	text_3: autoDraw = False
768.3128 	EXP 	secondcircle: autoDraw = True
769.6961 	EXP 	secondcircle: autoDraw = False
771.5481 	DATA 	Keypress: right
771.5628 	EXP 	firstcircle_3: autoDraw = False
771.5628 	EXP 	text_3: autoDraw = False
771.5628 	EXP 	secondcircle: autoDraw = False
771.5628 	EXP 	text_4: autoDraw = False
771.5628 	EXP 	text_2: autoDraw = True
774.8312 	EXP 	window1: mouseVisible = True
