1.6096 	WARNING 	sounddevice audio lib was requested but not loaded: sounddevice not working
8.2028 	WARNING 	User requested fullscreen with size [1024  768], but screen is actually [1440, 900]. Using actual size
8.8732 	EXP 	Created window1 = Window(allowGUI=False, allowStencil=False, args=UNKNOWN, autoLog=True, bitsMode=UNKNOWN, blendMode='avg', color=array([0., 0., 0.]), colorSpace='rgb', fullscr=<method-wrapper '__getattribute__' of attributeSetter object at 0x110867da0>, gamma=None, kwargs=UNKNOWN, lms=UNKNOWN, monitor=<psychopy.monitors.calibTools.Monitor object at 0x113ad8400>, multiSample=False, name='window1', numSamples=2, pos=[0.0, 0.0], screen=0, size=array([2880, 1800]), stereo=False, units='norm', useFBO=True, useRetina=True, viewOri=0.0, viewPos=None, viewScale=None, waitBlanking=True, winType='pyglet')
8.8733 	EXP 	window1: recordFrameIntervals = False
9.0389 	EXP 	window1: recordFrameIntervals = True
9.2227 	EXP 	window1: recordFrameIntervals = False
9.3696 	EXP 	Created insRound1 = TextStim(__class__=<class 'psychopy.visual.text.TextStim'>, alignHoriz='center', alignVert='center', antialias=True, autoLog=True, bold=False, color='white', colorSpace='named', contrast=1.0, depth=0.0, flipHoriz=False, flipVert=False, font='Arial', fontFiles=[], height=0.07, italic=False, languageStyle='LTR', name='insRound1', opacity=1.0, ori=0, pos=array([0., 0.]), rgb=array([255., 255., 255.]), text=str(...), units='norm', win=Window(...), wrapWidth=1)
9.3795 	EXP 	Created text = TextStim(__class__=<class 'psychopy.visual.text.TextStim'>, alignHoriz='center', alignVert='center', antialias=True, autoLog=True, bold=False, color='white', colorSpace='named', contrast=1.0, depth=0.0, flipHoriz=False, flipVert=False, font='Arial', fontFiles=[], height=0.1, italic=False, languageStyle='LTR', name='text', opacity=1.0, ori=0, pos=array([0., 0.]), rgb=array([255., 255., 255.]), text='Block 1 starts\n\nPress space', units='norm', win=Window(...), wrapWidth=1)
9.3900 	EXP 	Created firstcircle_3 = Polygon(__class__=<class 'psychopy.visual.polygon.Polygon'>, autoDraw=False, autoLog=True, closeShape=True, color=method-wrapper(...), colorSpace=None, contrast=1.0, depth=0.0, fillColor=array([1., 1., 1.]), fillColorSpace='rgb', fillRGB=array([1., 1., 1.]), interpolate=True, lineColor=array([1., 1., 1.]), lineColorSpace='rgb', lineRGB=array([1., 1., 1.]), lineWidth=1, name='firstcircle_3', opacity=1.0, ori=array(0.), pos=array([0., 0.]), size=array([0.3, 0.5]), units='norm', vertices=ndarray(...), win=Window(...))
9.3931 	EXP 	Created text_3 = TextStim(__class__=<class 'psychopy.visual.text.TextStim'>, alignHoriz='center', alignVert='center', antialias=True, autoLog=True, bold=False, color='white', colorSpace='named', contrast=1.0, depth=-2.0, flipHoriz=False, flipVert=False, font='Arial', fontFiles=[], height=0.1, italic=False, languageStyle='LTR', name='text_3', opacity=1.0, ori=0, pos=array([0., 0.]), rgb=array([255., 255., 255.]), text='+', units='norm', win=Window(...), wrapWidth=1)
9.3957 	EXP 	Created secondcircle = Polygon(__class__=<class 'psychopy.visual.polygon.Polygon'>, autoDraw=False, autoLog=True, closeShape=True, color=method-wrapper(...), colorSpace=None, contrast=1.0, depth=-3.0, fillColor=array([-1., -1., -1.]), fillColorSpace='rgb', fillRGB=array([-1., -1., -1.]), interpolate=True, lineColor=array([-1., -1., -1.]), lineColorSpace='rgb', lineRGB=array([-1., -1., -1.]), lineWidth=1, name='secondcircle', opacity=1.0, ori=array(0.), pos=array([0., 0.]), size=array([0.3, 0.5]), units='norm', vertices=ndarray(...), win=Window(...))
9.3989 	EXP 	Created text_4 = TextStim(__class__=<class 'psychopy.visual.text.TextStim'>, alignHoriz='center', alignVert='center', antialias=True, autoLog=True, bold=False, color='white', colorSpace='named', contrast=1.0, depth=-4.0, flipHoriz=False, flipVert=False, font='Arial', fontFiles=[], height=0.1, italic=False, languageStyle='LTR', name='text_4', opacity=1.0, ori=0, pos=array([0., 0.]), rgb=array([255., 255., 255.]), text='next', units='norm', win=Window(...), wrapWidth=1)
9.4047 	EXP 	Created text_5 = TextStim(__class__=<class 'psychopy.visual.text.TextStim'>, alignHoriz='center', alignVert='center', antialias=True, autoLog=True, bold=False, color='white', colorSpace='named', contrast=1.0, depth=0.0, flipHoriz=False, flipVert=False, font='Arial', fontFiles=[], height=0.1, italic=False, languageStyle='LTR', name='text_5', opacity=1.0, ori=0, pos=array([0., 0.]), rgb=array([255., 255., 255.]), text='Block 2 starts\n\nPress space', units='norm', win=Window(...), wrapWidth=1)
9.4073 	EXP 	Created firstcircle_3 = Polygon(__class__=<class 'psychopy.visual.polygon.Polygon'>, autoDraw=False, autoLog=True, closeShape=True, color=method-wrapper(...), colorSpace=None, contrast=1.0, depth=0.0, fillColor=array([1., 1., 1.]), fillColorSpace='rgb', fillRGB=array([1., 1., 1.]), interpolate=True, lineColor=array([1., 1., 1.]), lineColorSpace='rgb', lineRGB=array([1., 1., 1.]), lineWidth=1, name='firstcircle_3', opacity=1.0, ori=array(0.), pos=array([0., 0.]), size=array([0.3, 0.5]), units='norm', vertices=ndarray(...), win=Window(...))
9.4093 	EXP 	Created text_3 = TextStim(__class__=<class 'psychopy.visual.text.TextStim'>, alignHoriz='center', alignVert='center', antialias=True, autoLog=True, bold=False, color='white', colorSpace='named', contrast=1.0, depth=-2.0, flipHoriz=False, flipVert=False, font='Arial', fontFiles=[], height=0.1, italic=False, languageStyle='LTR', name='text_3', opacity=1.0, ori=0, pos=array([0., 0.]), rgb=array([255., 255., 255.]), text='+', units='norm', win=Window(...), wrapWidth=1)
9.4117 	EXP 	Created secondcircle = Polygon(__class__=<class 'psychopy.visual.polygon.Polygon'>, autoDraw=False, autoLog=True, closeShape=True, color=method-wrapper(...), colorSpace=None, contrast=1.0, depth=-3.0, fillColor=array([-1., -1., -1.]), fillColorSpace='rgb', fillRGB=array([-1., -1., -1.]), interpolate=True, lineColor=array([-1., -1., -1.]), lineColorSpace='rgb', lineRGB=array([-1., -1., -1.]), lineWidth=1, name='secondcircle', opacity=1.0, ori=array(0.), pos=array([0., 0.]), size=array([0.3, 0.5]), units='norm', vertices=ndarray(...), win=Window(...))
9.4139 	EXP 	Created text_4 = TextStim(__class__=<class 'psychopy.visual.text.TextStim'>, alignHoriz='center', alignVert='center', antialias=True, autoLog=True, bold=False, color='white', colorSpace='named', contrast=1.0, depth=-4.0, flipHoriz=False, flipVert=False, font='Arial', fontFiles=[], height=0.1, italic=False, languageStyle='LTR', name='text_4', opacity=1.0, ori=0, pos=array([0., 0.]), rgb=array([255., 255., 255.]), text='next', units='norm', win=Window(...), wrapWidth=1)
9.4196 	EXP 	Created text_6 = TextStim(__class__=<class 'psychopy.visual.text.TextStim'>, alignHoriz='center', alignVert='center', antialias=True, autoLog=True, bold=False, color='white', colorSpace='named', contrast=1.0, depth=0.0, flipHoriz=False, flipVert=False, font='Arial', fontFiles=[], height=0.1, italic=False, languageStyle='LTR', name='text_6', opacity=1.0, ori=0, pos=array([0., 0.]), rgb=array([255., 255., 255.]), text='Block 3 starts\n\nPress space', units='norm', win=Window(...), wrapWidth=1)
9.4220 	EXP 	Created firstcircle_3 = Polygon(__class__=<class 'psychopy.visual.polygon.Polygon'>, autoDraw=False, autoLog=True, closeShape=True, color=method-wrapper(...), colorSpace=None, contrast=1.0, depth=0.0, fillColor=array([1., 1., 1.]), fillColorSpace='rgb', fillRGB=array([1., 1., 1.]), interpolate=True, lineColor=array([1., 1., 1.]), lineColorSpace='rgb', lineRGB=array([1., 1., 1.]), lineWidth=1, name='firstcircle_3', opacity=1.0, ori=array(0.), pos=array([0., 0.]), size=array([0.3, 0.5]), units='norm', vertices=ndarray(...), win=Window(...))
9.4240 	EXP 	Created text_3 = TextStim(__class__=<class 'psychopy.visual.text.TextStim'>, alignHoriz='center', alignVert='center', antialias=True, autoLog=True, bold=False, color='white', colorSpace='named', contrast=1.0, depth=-2.0, flipHoriz=False, flipVert=False, font='Arial', fontFiles=[], height=0.1, italic=False, languageStyle='LTR', name='text_3', opacity=1.0, ori=0, pos=array([0., 0.]), rgb=array([255., 255., 255.]), text='+', units='norm', win=Window(...), wrapWidth=1)
9.4266 	EXP 	Created secondcircle = Polygon(__class__=<class 'psychopy.visual.polygon.Polygon'>, autoDraw=False, autoLog=True, closeShape=True, color=method-wrapper(...), colorSpace=None, contrast=1.0, depth=-3.0, fillColor=array([-1., -1., -1.]), fillColorSpace='rgb', fillRGB=array([-1., -1., -1.]), interpolate=True, lineColor=array([-1., -1., -1.]), lineColorSpace='rgb', lineRGB=array([-1., -1., -1.]), lineWidth=1, name='secondcircle', opacity=1.0, ori=array(0.), pos=array([0., 0.]), size=array([0.3, 0.5]), units='norm', vertices=ndarray(...), win=Window(...))
9.4288 	EXP 	Created text_4 = TextStim(__class__=<class 'psychopy.visual.text.TextStim'>, alignHoriz='center', alignVert='center', antialias=True, autoLog=True, bold=False, color='white', colorSpace='named', contrast=1.0, depth=-4.0, flipHoriz=False, flipVert=False, font='Arial', fontFiles=[], height=0.1, italic=False, languageStyle='LTR', name='text_4', opacity=1.0, ori=0, pos=array([0., 0.]), rgb=array([255., 255., 255.]), text='next', units='norm', win=Window(...), wrapWidth=1)
9.4346 	EXP 	Created text_7 = TextStim(__class__=<class 'psychopy.visual.text.TextStim'>, alignHoriz='center', alignVert='center', antialias=True, autoLog=True, bold=False, color='white', colorSpace='named', contrast=1.0, depth=0.0, flipHoriz=False, flipVert=False, font='Arial', fontFiles=[], height=0.1, italic=False, languageStyle='LTR', name='text_7', opacity=1.0, ori=0, pos=array([0., 0.]), rgb=array([255., 255., 255.]), text='Block 4 starts\n\nPress space', units='norm', win=Window(...), wrapWidth=1)
9.4372 	EXP 	Created firstcircle_3 = Polygon(__class__=<class 'psychopy.visual.polygon.Polygon'>, autoDraw=False, autoLog=True, closeShape=True, color=method-wrapper(...), colorSpace=None, contrast=1.0, depth=0.0, fillColor=array([1., 1., 1.]), fillColorSpace='rgb', fillRGB=array([1., 1., 1.]), interpolate=True, lineColor=array([1., 1., 1.]), lineColorSpace='rgb', lineRGB=array([1., 1., 1.]), lineWidth=1, name='firstcircle_3', opacity=1.0, ori=array(0.), pos=array([0., 0.]), size=array([0.3, 0.5]), units='norm', vertices=ndarray(...), win=Window(...))
9.4392 	EXP 	Created text_3 = TextStim(__class__=<class 'psychopy.visual.text.TextStim'>, alignHoriz='center', alignVert='center', antialias=True, autoLog=True, bold=False, color='white', colorSpace='named', contrast=1.0, depth=-2.0, flipHoriz=False, flipVert=False, font='Arial', fontFiles=[], height=0.1, italic=False, languageStyle='LTR', name='text_3', opacity=1.0, ori=0, pos=array([0., 0.]), rgb=array([255., 255., 255.]), text='+', units='norm', win=Window(...), wrapWidth=1)
9.4423 	EXP 	Created secondcircle = Polygon(__class__=<class 'psychopy.visual.polygon.Polygon'>, autoDraw=False, autoLog=True, closeShape=True, color=method-wrapper(...), colorSpace=None, contrast=1.0, depth=-3.0, fillColor=array([-1., -1., -1.]), fillColorSpace='rgb', fillRGB=array([-1., -1., -1.]), interpolate=True, lineColor=array([-1., -1., -1.]), lineColorSpace='rgb', lineRGB=array([-1., -1., -1.]), lineWidth=1, name='secondcircle', opacity=1.0, ori=array(0.), pos=array([0., 0.]), size=array([0.3, 0.5]), units='norm', vertices=ndarray(...), win=Window(...))
9.4449 	EXP 	Created text_4 = TextStim(__class__=<class 'psychopy.visual.text.TextStim'>, alignHoriz='center', alignVert='center', antialias=True, autoLog=True, bold=False, color='white', colorSpace='named', contrast=1.0, depth=-4.0, flipHoriz=False, flipVert=False, font='Arial', fontFiles=[], height=0.1, italic=False, languageStyle='LTR', name='text_4', opacity=1.0, ori=0, pos=array([0., 0.]), rgb=array([255., 255., 255.]), text='next', units='norm', win=Window(...), wrapWidth=1)
9.4494 	EXP 	Created text_2 = TextStim(__class__=<class 'psychopy.visual.text.TextStim'>, alignHoriz='center', alignVert='center', antialias=True, autoLog=True, bold=False, color='white', colorSpace='named', contrast=1.0, depth=0.0, flipHoriz=False, flipVert=False, font='Arial', fontFiles=[], height=0.1, italic=False, languageStyle='LTR', name='text_2', opacity=1.0, ori=0, pos=array([0., 0.]), rgb=array([255., 255., 255.]), text='The end', units='norm', win=Window(...), wrapWidth=1)
9.4722 	EXP 	insRound1: autoDraw = True
41.4943 	DATA 	Keypress: space
41.5050 	EXP 	insRound1: autoDraw = False
41.5050 	EXP 	text: autoDraw = True
43.4741 	DATA 	Keypress: space
43.4984 	EXP 	Imported conditionsTime.csv as conditions, 20 conditions, 7 params
43.4988 	EXP 	Created sequence: sequential, trialTypes=20, nReps=1, seed=None
43.4992 	EXP 	New trial (rep=0, index=0): OrderedDict([('firstTime', 1.8), ('secondTime', 1.2), ('corrAns', 'left'), ('plusStart', 2.3), ('secondStart', 3.3), ('respStart', 4.5), ('randNum', 0.17368025899999998)])
43.5051 	EXP 	text: autoDraw = False
43.5051 	EXP 	text_4: autoDraw = True
44.0050 	EXP 	text_4: autoDraw = False
44.0217 	EXP 	firstcircle_3: autoDraw = True
45.8050 	EXP 	firstcircle_3: autoDraw = False
45.8217 	EXP 	text_3: autoDraw = True
46.8050 	EXP 	text_3: autoDraw = False
46.8216 	EXP 	secondcircle: autoDraw = True
48.0049 	EXP 	secondcircle: autoDraw = False
52.0403 	DATA 	Keypress: left
52.0417 	EXP 	New trial (rep=0, index=1): OrderedDict([('firstTime', 3.6), ('secondTime', 3.2), ('corrAns', 'left'), ('plusStart', 4.1), ('secondStart', 5.1), ('respStart', 8.3), ('randNum', 0.41458448299999995)])
52.0549 	EXP 	firstcircle_3: autoDraw = False
52.0549 	EXP 	text_3: autoDraw = False
52.0549 	EXP 	secondcircle: autoDraw = False
52.0549 	EXP 	text_4: autoDraw = False
52.0549 	EXP 	text_4: autoDraw = True
52.5549 	EXP 	text_4: autoDraw = False
52.5715 	EXP 	firstcircle_3: autoDraw = True
56.1549 	EXP 	firstcircle_3: autoDraw = False
56.1715 	EXP 	text_3: autoDraw = True
57.1549 	EXP 	text_3: autoDraw = False
57.1715 	EXP 	secondcircle: autoDraw = True
60.3548 	EXP 	secondcircle: autoDraw = False
62.0910 	DATA 	Keypress: right
62.1065 	EXP 	New trial (rep=0, index=2): OrderedDict([('firstTime', 2.5), ('secondTime', 1.5), ('corrAns', 'left'), ('plusStart', 3.0), ('secondStart', 4.0), ('respStart', 5.5), ('randNum', 0.148607464)])
62.1214 	EXP 	firstcircle_3: autoDraw = False
62.1214 	EXP 	text_3: autoDraw = False
62.1214 	EXP 	secondcircle: autoDraw = False
62.1214 	EXP 	text_4: autoDraw = False
62.1214 	EXP 	text_4: autoDraw = True
62.6214 	EXP 	text_4: autoDraw = False
62.6381 	EXP 	firstcircle_3: autoDraw = True
65.1214 	EXP 	firstcircle_3: autoDraw = False
65.1380 	EXP 	text_3: autoDraw = True
66.1214 	EXP 	text_3: autoDraw = False
66.1380 	EXP 	secondcircle: autoDraw = True
67.6213 	EXP 	secondcircle: autoDraw = False
69.1066 	DATA 	Keypress: right
69.1079 	EXP 	New trial (rep=0, index=3): OrderedDict([('firstTime', 1.8), ('secondTime', 2.7), ('corrAns', 'right'), ('plusStart', 2.3), ('secondStart', 3.3), ('respStart', 6.0), ('randNum', 0.13554984)])
69.1213 	EXP 	firstcircle_3: autoDraw = False
69.1213 	EXP 	text_3: autoDraw = False
69.1213 	EXP 	secondcircle: autoDraw = False
69.1213 	EXP 	text_4: autoDraw = False
69.1213 	EXP 	text_4: autoDraw = True
69.6213 	EXP 	text_4: autoDraw = False
69.6380 	EXP 	firstcircle_3: autoDraw = True
71.4213 	EXP 	firstcircle_3: autoDraw = False
71.4380 	EXP 	text_3: autoDraw = True
72.4213 	EXP 	text_3: autoDraw = False
72.4379 	EXP 	secondcircle: autoDraw = True
75.1213 	EXP 	secondcircle: autoDraw = False
75.5399 	DATA 	Keypress: right
75.5413 	EXP 	New trial (rep=0, index=4): OrderedDict([('firstTime', 1.2), ('secondTime', 1.8), ('corrAns', 'right'), ('plusStart', 1.7), ('secondStart', 2.7), ('respStart', 4.5), ('randNum', 0.309174352)])
75.5546 	EXP 	firstcircle_3: autoDraw = False
75.5546 	EXP 	text_3: autoDraw = False
75.5546 	EXP 	secondcircle: autoDraw = False
75.5546 	EXP 	text_4: autoDraw = False
75.5546 	EXP 	text_4: autoDraw = True
76.0546 	EXP 	text_4: autoDraw = False
76.0712 	EXP 	firstcircle_3: autoDraw = True
77.2545 	EXP 	firstcircle_3: autoDraw = False
77.2712 	EXP 	text_3: autoDraw = True
78.2545 	EXP 	text_3: autoDraw = False
78.2712 	EXP 	secondcircle: autoDraw = True
80.0546 	EXP 	secondcircle: autoDraw = False
81.6899 	DATA 	Keypress: right
81.6913 	EXP 	New trial (rep=0, index=5): OrderedDict([('firstTime', 8.8), ('secondTime', 9.9), ('corrAns', 'right'), ('plusStart', 9.3), ('secondStart', 10.3), ('respStart', 20.2), ('randNum', 0.7009299529999999)])
81.7045 	EXP 	firstcircle_3: autoDraw = False
81.7045 	EXP 	text_3: autoDraw = False
81.7045 	EXP 	secondcircle: autoDraw = False
81.7045 	EXP 	text_4: autoDraw = False
81.7045 	EXP 	text_4: autoDraw = True
82.2045 	EXP 	text_4: autoDraw = False
82.2211 	EXP 	firstcircle_3: autoDraw = True
91.0044 	EXP 	firstcircle_3: autoDraw = False
91.0210 	EXP 	text_3: autoDraw = True
92.0043 	EXP 	text_3: autoDraw = False
92.0210 	EXP 	secondcircle: autoDraw = True
101.9042 	EXP 	secondcircle: autoDraw = False
104.5228 	DATA 	Keypress: right
104.5241 	EXP 	New trial (rep=0, index=6): OrderedDict([('firstTime', 3.3), ('secondTime', 4.4), ('corrAns', 'right'), ('plusStart', 3.8), ('secondStart', 4.8), ('respStart', 9.2), ('randNum', 0.705723743)])
104.5375 	EXP 	firstcircle_3: autoDraw = False
104.5375 	EXP 	text_3: autoDraw = False
104.5375 	EXP 	secondcircle: autoDraw = False
104.5375 	EXP 	text_4: autoDraw = False
104.5375 	EXP 	text_4: autoDraw = True
105.0376 	EXP 	text_4: autoDraw = False
105.0542 	EXP 	firstcircle_3: autoDraw = True
108.3374 	EXP 	firstcircle_3: autoDraw = False
108.3541 	EXP 	text_3: autoDraw = True
109.3374 	EXP 	text_3: autoDraw = False
109.3541 	EXP 	secondcircle: autoDraw = True
113.7374 	EXP 	secondcircle: autoDraw = False
114.4061 	DATA 	Keypress: right
114.4074 	EXP 	New trial (rep=0, index=7): OrderedDict([('firstTime', 3.5), ('secondTime', 2.1), ('corrAns', 'left'), ('plusStart', 4.0), ('secondStart', 5.0), ('respStart', 7.1), ('randNum', 0.544523215)])
114.4207 	EXP 	firstcircle_3: autoDraw = False
114.4207 	EXP 	text_3: autoDraw = False
114.4207 	EXP 	secondcircle: autoDraw = False
114.4207 	EXP 	text_4: autoDraw = False
114.4207 	EXP 	text_4: autoDraw = True
114.9207 	EXP 	text_4: autoDraw = False
114.9374 	EXP 	firstcircle_3: autoDraw = True
118.4207 	EXP 	firstcircle_3: autoDraw = False
118.4373 	EXP 	text_3: autoDraw = True
119.4206 	EXP 	text_3: autoDraw = False
119.4373 	EXP 	secondcircle: autoDraw = True
121.5206 	EXP 	secondcircle: autoDraw = False
122.7392 	DATA 	Keypress: left
122.7406 	EXP 	New trial (rep=0, index=8): OrderedDict([('firstTime', 1.4), ('secondTime', 0.7), ('corrAns', 'left'), ('plusStart', 1.9), ('secondStart', 2.9), ('respStart', 3.6), ('randNum', 0.53553232)])
122.7539 	EXP 	firstcircle_3: autoDraw = False
122.7539 	EXP 	text_3: autoDraw = False
122.7539 	EXP 	secondcircle: autoDraw = False
122.7539 	EXP 	text_4: autoDraw = False
122.7539 	EXP 	text_4: autoDraw = True
123.2539 	EXP 	text_4: autoDraw = False
123.2706 	EXP 	firstcircle_3: autoDraw = True
124.6539 	EXP 	firstcircle_3: autoDraw = False
124.6706 	EXP 	text_3: autoDraw = True
125.6539 	EXP 	text_3: autoDraw = False
125.6706 	EXP 	secondcircle: autoDraw = True
126.3539 	EXP 	secondcircle: autoDraw = False
127.4555 	DATA 	Keypress: left
127.4568 	EXP 	New trial (rep=0, index=9): OrderedDict([('firstTime', 4.4), ('secondTime', 3.3), ('corrAns', 'left'), ('plusStart', 4.9), ('secondStart', 5.9), ('respStart', 9.2), ('randNum', 0.255641654)])
127.4705 	EXP 	firstcircle_3: autoDraw = False
127.4705 	EXP 	text_3: autoDraw = False
127.4705 	EXP 	secondcircle: autoDraw = False
127.4705 	EXP 	text_4: autoDraw = False
127.4705 	EXP 	text_4: autoDraw = True
127.9705 	EXP 	text_4: autoDraw = False
127.9872 	EXP 	firstcircle_3: autoDraw = True
132.3705 	EXP 	firstcircle_3: autoDraw = False
132.3871 	EXP 	text_3: autoDraw = True
133.3705 	EXP 	text_3: autoDraw = False
133.3871 	EXP 	secondcircle: autoDraw = True
136.6704 	EXP 	secondcircle: autoDraw = False
137.5225 	DATA 	Keypress: left
137.5238 	EXP 	New trial (rep=0, index=10): OrderedDict([('firstTime', 3.2), ('secondTime', 3.6), ('corrAns', 'right'), ('plusStart', 3.7), ('secondStart', 4.7), ('respStart', 8.3), ('randNum', 0.140100939)])
137.5371 	EXP 	firstcircle_3: autoDraw = False
137.5371 	EXP 	text_3: autoDraw = False
137.5371 	EXP 	secondcircle: autoDraw = False
137.5371 	EXP 	text_4: autoDraw = False
137.5371 	EXP 	text_4: autoDraw = True
138.0371 	EXP 	text_4: autoDraw = False
138.0537 	EXP 	firstcircle_3: autoDraw = True
141.2370 	EXP 	firstcircle_3: autoDraw = False
141.2537 	EXP 	text_3: autoDraw = True
142.2370 	EXP 	text_3: autoDraw = False
142.2537 	EXP 	secondcircle: autoDraw = True
145.8369 	EXP 	secondcircle: autoDraw = False
146.1722 	DATA 	Keypress: right
146.1736 	EXP 	New trial (rep=0, index=11): OrderedDict([('firstTime', 2.8), ('secondTime', 2.1), ('corrAns', 'left'), ('plusStart', 3.3), ('secondStart', 4.3), ('respStart', 6.4), ('randNum', 0.019093293)])
146.1869 	EXP 	firstcircle_3: autoDraw = False
146.1869 	EXP 	text_3: autoDraw = False
146.1869 	EXP 	secondcircle: autoDraw = False
146.1869 	EXP 	text_4: autoDraw = False
146.1869 	EXP 	text_4: autoDraw = True
146.6869 	EXP 	text_4: autoDraw = False
146.7036 	EXP 	firstcircle_3: autoDraw = True
149.4869 	EXP 	firstcircle_3: autoDraw = False
149.5036 	EXP 	text_3: autoDraw = True
150.4869 	EXP 	text_3: autoDraw = False
150.5036 	EXP 	secondcircle: autoDraw = True
152.5869 	EXP 	secondcircle: autoDraw = False
153.8886 	DATA 	Keypress: left
153.8901 	EXP 	New trial (rep=0, index=12): OrderedDict([('firstTime', 0.9), ('secondTime', 1.8), ('corrAns', 'right'), ('plusStart', 1.4), ('secondStart', 2.4), ('respStart', 4.2), ('randNum', 0.461070472)])
153.9035 	EXP 	firstcircle_3: autoDraw = False
153.9035 	EXP 	text_3: autoDraw = False
153.9035 	EXP 	secondcircle: autoDraw = False
153.9035 	EXP 	text_4: autoDraw = False
153.9035 	EXP 	text_4: autoDraw = True
154.4035 	EXP 	text_4: autoDraw = False
154.4202 	EXP 	firstcircle_3: autoDraw = True
155.3035 	EXP 	firstcircle_3: autoDraw = False
155.3201 	EXP 	text_3: autoDraw = True
156.3035 	EXP 	text_3: autoDraw = False
156.3201 	EXP 	secondcircle: autoDraw = True
157.6054 	DATA 	Keypress: right
158.1034 	EXP 	secondcircle: autoDraw = False
163.3886 	DATA 	Keypress: right
163.3899 	EXP 	New trial (rep=0, index=13): OrderedDict([('firstTime', 2.1), ('secondTime', 2.8), ('corrAns', 'right'), ('plusStart', 2.6), ('secondStart', 3.6), ('respStart', 6.4), ('randNum', 0.22761601199999998)])
163.4034 	EXP 	firstcircle_3: autoDraw = False
163.4034 	EXP 	text_3: autoDraw = False
163.4034 	EXP 	secondcircle: autoDraw = False
163.4034 	EXP 	text_4: autoDraw = False
163.4034 	EXP 	text_4: autoDraw = True
163.9034 	EXP 	text_4: autoDraw = False
163.9200 	EXP 	firstcircle_3: autoDraw = True
166.0033 	EXP 	firstcircle_3: autoDraw = False
166.0200 	EXP 	text_3: autoDraw = True
167.0033 	EXP 	text_3: autoDraw = False
167.0200 	EXP 	secondcircle: autoDraw = True
169.3554 	DATA 	Keypress: right
169.8033 	EXP 	secondcircle: autoDraw = False
170.4219 	DATA 	Keypress: right
170.4233 	EXP 	New trial (rep=0, index=14): OrderedDict([('firstTime', 0.7), ('secondTime', 1.4), ('corrAns', 'right'), ('plusStart', 1.2), ('secondStart', 2.2), ('respStart', 3.6), ('randNum', 0.436550891)])
170.4366 	EXP 	firstcircle_3: autoDraw = False
170.4366 	EXP 	text_3: autoDraw = False
170.4366 	EXP 	secondcircle: autoDraw = False
170.4366 	EXP 	text_4: autoDraw = False
170.4366 	EXP 	text_4: autoDraw = True
170.9366 	EXP 	text_4: autoDraw = False
170.9533 	EXP 	firstcircle_3: autoDraw = True
171.6366 	EXP 	firstcircle_3: autoDraw = False
171.6533 	EXP 	text_3: autoDraw = True
172.6366 	EXP 	text_3: autoDraw = False
172.6532 	EXP 	secondcircle: autoDraw = True
174.0366 	EXP 	secondcircle: autoDraw = False
174.3383 	DATA 	Keypress: right
174.3396 	EXP 	New trial (rep=0, index=15): OrderedDict([('firstTime', 1.8), ('secondTime', 0.9), ('corrAns', 'left'), ('plusStart', 2.3), ('secondStart', 3.3), ('respStart', 4.2), ('randNum', 0.028891147000000002)])
174.3532 	EXP 	firstcircle_3: autoDraw = False
174.3532 	EXP 	text_3: autoDraw = False
174.3532 	EXP 	secondcircle: autoDraw = False
174.3532 	EXP 	text_4: autoDraw = False
174.3532 	EXP 	text_4: autoDraw = True
174.8532 	EXP 	text_4: autoDraw = False
174.8699 	EXP 	firstcircle_3: autoDraw = True
176.6532 	EXP 	firstcircle_3: autoDraw = False
176.6698 	EXP 	text_3: autoDraw = True
177.6532 	EXP 	text_3: autoDraw = False
177.6698 	EXP 	secondcircle: autoDraw = True
178.5532 	EXP 	secondcircle: autoDraw = False
179.2553 	DATA 	Keypress: left
179.2715 	EXP 	New trial (rep=0, index=16): OrderedDict([('firstTime', 2.7), ('secondTime', 1.8), ('corrAns', 'left'), ('plusStart', 3.2), ('secondStart', 4.2), ('respStart', 6.0), ('randNum', 0.277400549)])
179.2866 	EXP 	firstcircle_3: autoDraw = False
179.2866 	EXP 	text_3: autoDraw = False
179.2866 	EXP 	secondcircle: autoDraw = False
179.2866 	EXP 	text_4: autoDraw = False
179.2866 	EXP 	text_4: autoDraw = True
179.7865 	EXP 	text_4: autoDraw = False
179.8031 	EXP 	firstcircle_3: autoDraw = True
182.4864 	EXP 	firstcircle_3: autoDraw = False
182.5031 	EXP 	text_3: autoDraw = True
183.4864 	EXP 	text_3: autoDraw = False
183.5031 	EXP 	secondcircle: autoDraw = True
185.2864 	EXP 	secondcircle: autoDraw = False
186.0559 	DATA 	Keypress: left
186.0714 	EXP 	New trial (rep=0, index=17): OrderedDict([('firstTime', 9.9), ('secondTime', 8.8), ('corrAns', 'left'), ('plusStart', 10.4), ('secondStart', 11.4), ('respStart', 20.2), ('randNum', 0.9607848720000001)])
186.0864 	EXP 	firstcircle_3: autoDraw = False
186.0864 	EXP 	text_3: autoDraw = False
186.0864 	EXP 	secondcircle: autoDraw = False
186.0864 	EXP 	text_4: autoDraw = False
186.0864 	EXP 	text_4: autoDraw = True
186.5864 	EXP 	text_4: autoDraw = False
186.6031 	EXP 	firstcircle_3: autoDraw = True
196.4862 	EXP 	firstcircle_3: autoDraw = False
196.5029 	EXP 	text_3: autoDraw = True
197.4862 	EXP 	text_3: autoDraw = False
197.5029 	EXP 	secondcircle: autoDraw = True
206.2861 	EXP 	secondcircle: autoDraw = False
207.0882 	DATA 	Keypress: left
207.0896 	EXP 	New trial (rep=0, index=18): OrderedDict([('firstTime', 2.1), ('secondTime', 3.5), ('corrAns', 'right'), ('plusStart', 2.6), ('secondStart', 3.6), ('respStart', 7.1), ('randNum', 0.609327094)])
207.1028 	EXP 	firstcircle_3: autoDraw = False
207.1028 	EXP 	text_3: autoDraw = False
207.1028 	EXP 	secondcircle: autoDraw = False
207.1028 	EXP 	text_4: autoDraw = False
207.1028 	EXP 	text_4: autoDraw = True
207.6028 	EXP 	text_4: autoDraw = False
207.6194 	EXP 	firstcircle_3: autoDraw = True
209.7027 	EXP 	firstcircle_3: autoDraw = False
209.7194 	EXP 	text_3: autoDraw = True
210.7027 	EXP 	text_3: autoDraw = False
210.7194 	EXP 	secondcircle: autoDraw = True
214.2027 	EXP 	secondcircle: autoDraw = False
214.7047 	DATA 	Keypress: right
214.7061 	EXP 	New trial (rep=0, index=19): OrderedDict([('firstTime', 1.5), ('secondTime', 2.5), ('corrAns', 'right'), ('plusStart', 2.0), ('secondStart', 3.0), ('respStart', 5.5), ('randNum', 0.487304505)])
214.7193 	EXP 	firstcircle_3: autoDraw = False
214.7193 	EXP 	text_3: autoDraw = False
214.7193 	EXP 	secondcircle: autoDraw = False
214.7193 	EXP 	text_4: autoDraw = False
214.7193 	EXP 	text_4: autoDraw = True
215.2193 	EXP 	text_4: autoDraw = False
215.2360 	EXP 	firstcircle_3: autoDraw = True
216.7193 	EXP 	firstcircle_3: autoDraw = False
216.7360 	EXP 	text_3: autoDraw = True
217.7193 	EXP 	text_3: autoDraw = False
217.7360 	EXP 	secondcircle: autoDraw = True
220.2194 	EXP 	secondcircle: autoDraw = False
220.8214 	DATA 	Keypress: right
220.8359 	EXP 	firstcircle_3: autoDraw = False
220.8359 	EXP 	text_3: autoDraw = False
220.8359 	EXP 	secondcircle: autoDraw = False
220.8359 	EXP 	text_4: autoDraw = False
220.8359 	EXP 	text_5: autoDraw = True
222.6716 	DATA 	Keypress: space
222.6773 	EXP 	Imported conditionsTime2.csv as conditions, 20 conditions, 7 params
222.6776 	EXP 	Created sequence: sequential, trialTypes=20, nReps=1, seed=None
222.6780 	EXP 	New trial (rep=0, index=0): OrderedDict([('firstTime', 9.9), ('secondTime', 8.8), ('corrAns', 'left'), ('plusStart', 10.4), ('secondStart', 11.4), ('respStart', 20.2), ('randNum', 0.6005130679999999)])
222.6860 	EXP 	text_5: autoDraw = False
222.6860 	EXP 	text_4: autoDraw = True
223.1859 	EXP 	text_4: autoDraw = False
223.2026 	EXP 	firstcircle_3: autoDraw = True
233.0858 	EXP 	firstcircle_3: autoDraw = False
233.1024 	EXP 	text_3: autoDraw = True
234.0857 	EXP 	text_3: autoDraw = False
234.1024 	EXP 	secondcircle: autoDraw = True
242.8856 	EXP 	secondcircle: autoDraw = False
244.9875 	DATA 	Keypress: left
244.9892 	EXP 	New trial (rep=0, index=1): OrderedDict([('firstTime', 1.5), ('secondTime', 2.5), ('corrAns', 'right'), ('plusStart', 2.0), ('secondStart', 3.0), ('respStart', 5.5), ('randNum', 0.805142221)])
245.0023 	EXP 	firstcircle_3: autoDraw = False
245.0023 	EXP 	text_3: autoDraw = False
245.0023 	EXP 	secondcircle: autoDraw = False
245.0023 	EXP 	text_4: autoDraw = False
245.0023 	EXP 	text_4: autoDraw = True
245.5023 	EXP 	text_4: autoDraw = False
245.5189 	EXP 	firstcircle_3: autoDraw = True
247.0022 	EXP 	firstcircle_3: autoDraw = False
247.0190 	EXP 	text_3: autoDraw = True
248.0022 	EXP 	text_3: autoDraw = False
248.0189 	EXP 	secondcircle: autoDraw = True
249.7376 	DATA 	Keypress: right
250.5022 	EXP 	secondcircle: autoDraw = False
251.0043 	DATA 	Keypress: right
251.0057 	EXP 	New trial (rep=0, index=2): OrderedDict([('firstTime', 0.7), ('secondTime', 1.4), ('corrAns', 'right'), ('plusStart', 1.2), ('secondStart', 2.2), ('respStart', 3.6), ('randNum', 0.70587608)])
251.0189 	EXP 	firstcircle_3: autoDraw = False
251.0189 	EXP 	text_3: autoDraw = False
251.0189 	EXP 	secondcircle: autoDraw = False
251.0189 	EXP 	text_4: autoDraw = False
251.0189 	EXP 	text_4: autoDraw = True
251.5189 	EXP 	text_4: autoDraw = False
251.5355 	EXP 	firstcircle_3: autoDraw = True
252.2188 	EXP 	firstcircle_3: autoDraw = False
252.2355 	EXP 	text_3: autoDraw = True
253.2188 	EXP 	text_3: autoDraw = False
253.2355 	EXP 	secondcircle: autoDraw = True
254.6188 	EXP 	secondcircle: autoDraw = False
255.3040 	DATA 	Keypress: right
255.3054 	EXP 	New trial (rep=0, index=3): OrderedDict([('firstTime', 1.2), ('secondTime', 1.8), ('corrAns', 'right'), ('plusStart', 1.7), ('secondStart', 2.7), ('respStart', 4.5), ('randNum', 0.276216099)])
255.3188 	EXP 	firstcircle_3: autoDraw = False
255.3188 	EXP 	text_3: autoDraw = False
255.3188 	EXP 	secondcircle: autoDraw = False
255.3188 	EXP 	text_4: autoDraw = False
255.3188 	EXP 	text_4: autoDraw = True
255.8188 	EXP 	text_4: autoDraw = False
255.8355 	EXP 	firstcircle_3: autoDraw = True
257.0188 	EXP 	firstcircle_3: autoDraw = False
257.0355 	EXP 	text_3: autoDraw = True
258.0188 	EXP 	text_3: autoDraw = False
258.0354 	EXP 	secondcircle: autoDraw = True
259.8187 	EXP 	secondcircle: autoDraw = False
260.6706 	DATA 	Keypress: right
260.6719 	EXP 	New trial (rep=0, index=4): OrderedDict([('firstTime', 3.3), ('secondTime', 4.4), ('corrAns', 'right'), ('plusStart', 3.8), ('secondStart', 4.8), ('respStart', 9.2), ('randNum', 0.803512663)])
260.6854 	EXP 	firstcircle_3: autoDraw = False
260.6854 	EXP 	text_3: autoDraw = False
260.6854 	EXP 	secondcircle: autoDraw = False
260.6854 	EXP 	text_4: autoDraw = False
260.6854 	EXP 	text_4: autoDraw = True
261.1854 	EXP 	text_4: autoDraw = False
261.2020 	EXP 	firstcircle_3: autoDraw = True
264.4854 	EXP 	firstcircle_3: autoDraw = False
264.5020 	EXP 	text_3: autoDraw = True
265.4853 	EXP 	text_3: autoDraw = False
265.5020 	EXP 	secondcircle: autoDraw = True
269.8853 	EXP 	secondcircle: autoDraw = False
270.4039 	DATA 	Keypress: right
270.4053 	EXP 	New trial (rep=0, index=5): OrderedDict([('firstTime', 2.1), ('secondTime', 2.8), ('corrAns', 'right'), ('plusStart', 2.6), ('secondStart', 3.6), ('respStart', 6.4), ('randNum', 0.26721103399999996)])
270.4186 	EXP 	firstcircle_3: autoDraw = False
270.4186 	EXP 	text_3: autoDraw = False
270.4186 	EXP 	secondcircle: autoDraw = False
270.4186 	EXP 	text_4: autoDraw = False
270.4186 	EXP 	text_4: autoDraw = True
270.9186 	EXP 	text_4: autoDraw = False
270.9353 	EXP 	firstcircle_3: autoDraw = True
273.0186 	EXP 	firstcircle_3: autoDraw = False
273.0353 	EXP 	text_3: autoDraw = True
274.0185 	EXP 	text_3: autoDraw = False
274.0352 	EXP 	secondcircle: autoDraw = True
276.8185 	EXP 	secondcircle: autoDraw = False
277.3036 	DATA 	Keypress: right
277.3049 	EXP 	New trial (rep=0, index=6): OrderedDict([('firstTime', 2.8), ('secondTime', 2.1), ('corrAns', 'left'), ('plusStart', 3.3), ('secondStart', 4.3), ('respStart', 6.4), ('randNum', 0.1426323)])
277.3186 	EXP 	firstcircle_3: autoDraw = False
277.3186 	EXP 	text_3: autoDraw = False
277.3186 	EXP 	secondcircle: autoDraw = False
277.3186 	EXP 	text_4: autoDraw = False
277.3186 	EXP 	text_4: autoDraw = True
277.8185 	EXP 	text_4: autoDraw = False
277.8352 	EXP 	firstcircle_3: autoDraw = True
280.6185 	EXP 	firstcircle_3: autoDraw = False
280.6352 	EXP 	text_3: autoDraw = True
281.6184 	EXP 	text_3: autoDraw = False
281.6352 	EXP 	secondcircle: autoDraw = True
283.7184 	EXP 	secondcircle: autoDraw = False
284.5204 	DATA 	Keypress: left
284.5217 	EXP 	New trial (rep=0, index=7): OrderedDict([('firstTime', 2.7), ('secondTime', 1.8), ('corrAns', 'left'), ('plusStart', 3.2), ('secondStart', 4.2), ('respStart', 6.0), ('randNum', 0.15619143)])
284.5351 	EXP 	firstcircle_3: autoDraw = False
284.5351 	EXP 	text_3: autoDraw = False
284.5351 	EXP 	secondcircle: autoDraw = False
284.5351 	EXP 	text_4: autoDraw = False
284.5351 	EXP 	text_4: autoDraw = True
285.0351 	EXP 	text_4: autoDraw = False
285.0518 	EXP 	firstcircle_3: autoDraw = True
287.7350 	EXP 	firstcircle_3: autoDraw = False
287.7517 	EXP 	text_3: autoDraw = True
288.7350 	EXP 	text_3: autoDraw = False
288.7517 	EXP 	secondcircle: autoDraw = True
290.5350 	EXP 	secondcircle: autoDraw = False
291.2203 	DATA 	Keypress: left
291.2217 	EXP 	New trial (rep=0, index=8): OrderedDict([('firstTime', 8.8), ('secondTime', 9.9), ('corrAns', 'right'), ('plusStart', 9.3), ('secondStart', 10.3), ('respStart', 20.2), ('randNum', 0.549248995)])
291.2350 	EXP 	firstcircle_3: autoDraw = False
291.2350 	EXP 	text_3: autoDraw = False
291.2350 	EXP 	secondcircle: autoDraw = False
291.2350 	EXP 	text_4: autoDraw = False
291.2350 	EXP 	text_4: autoDraw = True
291.7350 	EXP 	text_4: autoDraw = False
291.7516 	EXP 	firstcircle_3: autoDraw = True
300.5349 	EXP 	firstcircle_3: autoDraw = False
300.5515 	EXP 	text_3: autoDraw = True
301.5348 	EXP 	text_3: autoDraw = False
301.5515 	EXP 	secondcircle: autoDraw = True
311.4347 	EXP 	secondcircle: autoDraw = False
313.2033 	DATA 	Keypress: right
313.2047 	EXP 	New trial (rep=0, index=9): OrderedDict([('firstTime', 2.5), ('secondTime', 1.5), ('corrAns', 'left'), ('plusStart', 3.0), ('secondStart', 4.0), ('respStart', 5.5), ('randNum', 0.358211186)])
313.2180 	EXP 	firstcircle_3: autoDraw = False
313.2180 	EXP 	text_3: autoDraw = False
313.2180 	EXP 	secondcircle: autoDraw = False
313.2180 	EXP 	text_4: autoDraw = False
313.2180 	EXP 	text_4: autoDraw = True
313.7180 	EXP 	text_4: autoDraw = False
313.7347 	EXP 	firstcircle_3: autoDraw = True
316.2180 	EXP 	firstcircle_3: autoDraw = False
316.2346 	EXP 	text_3: autoDraw = True
317.2180 	EXP 	text_3: autoDraw = False
317.2346 	EXP 	secondcircle: autoDraw = True
318.7179 	EXP 	secondcircle: autoDraw = False
319.4200 	DATA 	Keypress: left
319.4214 	EXP 	New trial (rep=0, index=10): OrderedDict([('firstTime', 1.8), ('secondTime', 0.9), ('corrAns', 'left'), ('plusStart', 2.3), ('secondStart', 3.3), ('respStart', 4.2), ('randNum', 0.907401646)])
319.4346 	EXP 	firstcircle_3: autoDraw = False
319.4346 	EXP 	text_3: autoDraw = False
319.4346 	EXP 	secondcircle: autoDraw = False
319.4346 	EXP 	text_4: autoDraw = False
319.4346 	EXP 	text_4: autoDraw = True
319.9346 	EXP 	text_4: autoDraw = False
319.9513 	EXP 	firstcircle_3: autoDraw = True
321.7346 	EXP 	firstcircle_3: autoDraw = False
321.7512 	EXP 	text_3: autoDraw = True
322.7345 	EXP 	text_3: autoDraw = False
322.7512 	EXP 	secondcircle: autoDraw = True
323.6345 	EXP 	secondcircle: autoDraw = False
324.4876 	DATA 	Keypress: left
324.5029 	EXP 	New trial (rep=0, index=11): OrderedDict([('firstTime', 3.2), ('secondTime', 3.6), ('corrAns', 'right'), ('plusStart', 3.7), ('secondStart', 4.7), ('respStart', 8.3), ('randNum', 0.40261677799999995)])
324.5179 	EXP 	firstcircle_3: autoDraw = False
324.5179 	EXP 	text_3: autoDraw = False
324.5179 	EXP 	secondcircle: autoDraw = False
324.5179 	EXP 	text_4: autoDraw = False
324.5179 	EXP 	text_4: autoDraw = True
325.0179 	EXP 	text_4: autoDraw = False
325.0345 	EXP 	firstcircle_3: autoDraw = True
328.2179 	EXP 	firstcircle_3: autoDraw = False
328.2345 	EXP 	text_3: autoDraw = True
329.2178 	EXP 	text_3: autoDraw = False
329.2345 	EXP 	secondcircle: autoDraw = True
332.8178 	EXP 	secondcircle: autoDraw = False
333.1530 	DATA 	Keypress: right
333.1543 	EXP 	New trial (rep=0, index=12): OrderedDict([('firstTime', 2.1), ('secondTime', 3.5), ('corrAns', 'right'), ('plusStart', 2.6), ('secondStart', 3.6), ('respStart', 7.1), ('randNum', 0.699018652)])
333.1677 	EXP 	firstcircle_3: autoDraw = False
333.1677 	EXP 	text_3: autoDraw = False
333.1677 	EXP 	secondcircle: autoDraw = False
333.1677 	EXP 	text_4: autoDraw = False
333.1677 	EXP 	text_4: autoDraw = True
333.6677 	EXP 	text_4: autoDraw = False
333.6844 	EXP 	firstcircle_3: autoDraw = True
335.7677 	EXP 	firstcircle_3: autoDraw = False
335.7844 	EXP 	text_3: autoDraw = True
336.7677 	EXP 	text_3: autoDraw = False
336.7844 	EXP 	secondcircle: autoDraw = True
340.2677 	EXP 	secondcircle: autoDraw = False
340.5029 	DATA 	Keypress: right
340.5043 	EXP 	New trial (rep=0, index=13): OrderedDict([('firstTime', 1.8), ('secondTime', 2.7), ('corrAns', 'right'), ('plusStart', 2.3), ('secondStart', 3.3), ('respStart', 6.0), ('randNum', 0.8590765890000001)])
340.5176 	EXP 	firstcircle_3: autoDraw = False
340.5176 	EXP 	text_3: autoDraw = False
340.5176 	EXP 	secondcircle: autoDraw = False
340.5176 	EXP 	text_4: autoDraw = False
340.5176 	EXP 	text_4: autoDraw = True
341.0177 	EXP 	text_4: autoDraw = False
341.0343 	EXP 	firstcircle_3: autoDraw = True
342.8176 	EXP 	firstcircle_3: autoDraw = False
342.8343 	EXP 	text_3: autoDraw = True
343.8176 	EXP 	text_3: autoDraw = False
343.8343 	EXP 	secondcircle: autoDraw = True
346.5176 	EXP 	secondcircle: autoDraw = False
346.8693 	DATA 	Keypress: right
346.8707 	EXP 	New trial (rep=0, index=14): OrderedDict([('firstTime', 1.4), ('secondTime', 0.7), ('corrAns', 'left'), ('plusStart', 1.9), ('secondStart', 2.9), ('respStart', 3.6), ('randNum', 0.413030013)])
346.8842 	EXP 	firstcircle_3: autoDraw = False
346.8842 	EXP 	text_3: autoDraw = False
346.8842 	EXP 	secondcircle: autoDraw = False
346.8842 	EXP 	text_4: autoDraw = False
346.8842 	EXP 	text_4: autoDraw = True
347.3842 	EXP 	text_4: autoDraw = False
347.4009 	EXP 	firstcircle_3: autoDraw = True
348.7842 	EXP 	firstcircle_3: autoDraw = False
348.8009 	EXP 	text_3: autoDraw = True
349.7842 	EXP 	text_3: autoDraw = False
349.8009 	EXP 	secondcircle: autoDraw = True
350.4842 	EXP 	secondcircle: autoDraw = False
351.1861 	DATA 	Keypress: left
351.1875 	EXP 	New trial (rep=0, index=15): OrderedDict([('firstTime', 3.6), ('secondTime', 3.2), ('corrAns', 'left'), ('plusStart', 4.1), ('secondStart', 5.1), ('respStart', 8.3), ('randNum', 0.12198344800000001)])
351.2008 	EXP 	firstcircle_3: autoDraw = False
351.2008 	EXP 	text_3: autoDraw = False
351.2008 	EXP 	secondcircle: autoDraw = False
351.2008 	EXP 	text_4: autoDraw = False
351.2008 	EXP 	text_4: autoDraw = True
351.7008 	EXP 	text_4: autoDraw = False
351.7175 	EXP 	firstcircle_3: autoDraw = True
355.3008 	EXP 	firstcircle_3: autoDraw = False
355.3174 	EXP 	text_3: autoDraw = True
356.3008 	EXP 	text_3: autoDraw = False
356.3174 	EXP 	secondcircle: autoDraw = True
359.5007 	EXP 	secondcircle: autoDraw = False
360.6360 	DATA 	Keypress: right
360.6374 	EXP 	New trial (rep=0, index=16): OrderedDict([('firstTime', 4.4), ('secondTime', 3.3), ('corrAns', 'left'), ('plusStart', 4.9), ('secondStart', 5.9), ('respStart', 9.2), ('randNum', 0.7908218929999999)])
360.6507 	EXP 	firstcircle_3: autoDraw = False
360.6507 	EXP 	text_3: autoDraw = False
360.6507 	EXP 	secondcircle: autoDraw = False
360.6507 	EXP 	text_4: autoDraw = False
360.6507 	EXP 	text_4: autoDraw = True
361.1507 	EXP 	text_4: autoDraw = False
361.1674 	EXP 	firstcircle_3: autoDraw = True
365.5506 	EXP 	firstcircle_3: autoDraw = False
365.5673 	EXP 	text_3: autoDraw = True
366.5506 	EXP 	text_3: autoDraw = False
366.5673 	EXP 	secondcircle: autoDraw = True
369.8506 	EXP 	secondcircle: autoDraw = False
370.5359 	DATA 	Keypress: left
370.5371 	EXP 	New trial (rep=0, index=17): OrderedDict([('firstTime', 3.5), ('secondTime', 2.1), ('corrAns', 'left'), ('plusStart', 4.0), ('secondStart', 5.0), ('respStart', 7.1), ('randNum', 0.149007794)])
370.5506 	EXP 	firstcircle_3: autoDraw = False
370.5506 	EXP 	text_3: autoDraw = False
370.5506 	EXP 	secondcircle: autoDraw = False
370.5506 	EXP 	text_4: autoDraw = False
370.5506 	EXP 	text_4: autoDraw = True
371.0507 	EXP 	text_4: autoDraw = False
371.0672 	EXP 	firstcircle_3: autoDraw = True
374.5505 	EXP 	firstcircle_3: autoDraw = False
374.5672 	EXP 	text_3: autoDraw = True
375.5506 	EXP 	text_3: autoDraw = False
375.5672 	EXP 	secondcircle: autoDraw = True
377.6505 	EXP 	secondcircle: autoDraw = False
378.2692 	DATA 	Keypress: left
378.2706 	EXP 	New trial (rep=0, index=18): OrderedDict([('firstTime', 1.8), ('secondTime', 1.2), ('corrAns', 'left'), ('plusStart', 2.3), ('secondStart', 3.3), ('respStart', 4.5), ('randNum', 0.44825194799999996)])
378.2838 	EXP 	firstcircle_3: autoDraw = False
378.2838 	EXP 	text_3: autoDraw = False
378.2838 	EXP 	secondcircle: autoDraw = False
378.2838 	EXP 	text_4: autoDraw = False
378.2838 	EXP 	text_4: autoDraw = True
378.7838 	EXP 	text_4: autoDraw = False
378.8005 	EXP 	firstcircle_3: autoDraw = True
380.5838 	EXP 	firstcircle_3: autoDraw = False
380.6004 	EXP 	text_3: autoDraw = True
381.5838 	EXP 	text_3: autoDraw = False
381.6004 	EXP 	secondcircle: autoDraw = True
382.7837 	EXP 	secondcircle: autoDraw = False
383.6192 	DATA 	Keypress: left
383.6206 	EXP 	New trial (rep=0, index=19): OrderedDict([('firstTime', 0.9), ('secondTime', 1.8), ('corrAns', 'right'), ('plusStart', 1.4), ('secondStart', 2.4), ('respStart', 4.2), ('randNum', 0.35938568299999996)])
383.6338 	EXP 	firstcircle_3: autoDraw = False
383.6338 	EXP 	text_3: autoDraw = False
383.6338 	EXP 	secondcircle: autoDraw = False
383.6338 	EXP 	text_4: autoDraw = False
383.6338 	EXP 	text_4: autoDraw = True
384.1337 	EXP 	text_4: autoDraw = False
384.1504 	EXP 	firstcircle_3: autoDraw = True
385.0337 	EXP 	firstcircle_3: autoDraw = False
385.0504 	EXP 	text_3: autoDraw = True
386.0337 	EXP 	text_3: autoDraw = False
386.0504 	EXP 	secondcircle: autoDraw = True
387.8337 	EXP 	secondcircle: autoDraw = False
387.8691 	DATA 	Keypress: right
387.8837 	EXP 	firstcircle_3: autoDraw = False
387.8837 	EXP 	text_3: autoDraw = False
387.8837 	EXP 	secondcircle: autoDraw = False
387.8837 	EXP 	text_4: autoDraw = False
387.8837 	EXP 	text_6: autoDraw = True
389.3358 	DATA 	Keypress: space
389.3423 	EXP 	Imported conditionsTime3.csv as conditions, 20 conditions, 7 params
389.3427 	EXP 	Created sequence: sequential, trialTypes=20, nReps=1, seed=None
389.3431 	EXP 	New trial (rep=0, index=0): OrderedDict([('firstTime', 2.7), ('secondTime', 1.8), ('corrAns', 'left'), ('plusStart', 3.2), ('secondStart', 4.2), ('respStart', 6.0), ('randNum', 0.09224181599999999)])
389.3504 	EXP 	text_6: autoDraw = False
389.3504 	EXP 	text_4: autoDraw = True
389.8503 	EXP 	text_4: autoDraw = False
389.8670 	EXP 	firstcircle_3: autoDraw = True
392.5503 	EXP 	firstcircle_3: autoDraw = False
392.5670 	EXP 	text_3: autoDraw = True
393.5503 	EXP 	text_3: autoDraw = False
393.5669 	EXP 	secondcircle: autoDraw = True
395.3502 	EXP 	secondcircle: autoDraw = False
395.7523 	DATA 	Keypress: right
395.7539 	EXP 	New trial (rep=0, index=1): OrderedDict([('firstTime', 1.8), ('secondTime', 2.7), ('corrAns', 'right'), ('plusStart', 2.3), ('secondStart', 3.3), ('respStart', 6.0), ('randNum', 0.320860695)])
395.7670 	EXP 	firstcircle_3: autoDraw = False
395.7670 	EXP 	text_3: autoDraw = False
395.7670 	EXP 	secondcircle: autoDraw = False
395.7670 	EXP 	text_4: autoDraw = False
395.7670 	EXP 	text_4: autoDraw = True
396.2669 	EXP 	text_4: autoDraw = False
396.2836 	EXP 	firstcircle_3: autoDraw = True
398.0669 	EXP 	firstcircle_3: autoDraw = False
398.0835 	EXP 	text_3: autoDraw = True
399.0669 	EXP 	text_3: autoDraw = False
399.0836 	EXP 	secondcircle: autoDraw = True
401.7668 	EXP 	secondcircle: autoDraw = False
402.0357 	DATA 	Keypress: right
402.0371 	EXP 	New trial (rep=0, index=2): OrderedDict([('firstTime', 0.7), ('secondTime', 1.4), ('corrAns', 'right'), ('plusStart', 1.2), ('secondStart', 2.2), ('respStart', 3.6), ('randNum', 0.091696964)])
402.0501 	EXP 	firstcircle_3: autoDraw = False
402.0501 	EXP 	text_3: autoDraw = False
402.0501 	EXP 	secondcircle: autoDraw = False
402.0501 	EXP 	text_4: autoDraw = False
402.0501 	EXP 	text_4: autoDraw = True
402.5501 	EXP 	text_4: autoDraw = False
402.5668 	EXP 	firstcircle_3: autoDraw = True
403.2501 	EXP 	firstcircle_3: autoDraw = False
403.2668 	EXP 	text_3: autoDraw = True
404.2501 	EXP 	text_3: autoDraw = False
404.2668 	EXP 	secondcircle: autoDraw = True
405.6501 	EXP 	secondcircle: autoDraw = False
405.9696 	DATA 	Keypress: right
405.9851 	EXP 	New trial (rep=0, index=3): OrderedDict([('firstTime', 4.4), ('secondTime', 3.3), ('corrAns', 'left'), ('plusStart', 4.9), ('secondStart', 5.9), ('respStart', 9.2), ('randNum', 0.010112259)])
406.0001 	EXP 	firstcircle_3: autoDraw = False
406.0001 	EXP 	text_3: autoDraw = False
406.0001 	EXP 	secondcircle: autoDraw = False
406.0001 	EXP 	text_4: autoDraw = False
406.0001 	EXP 	text_4: autoDraw = True
406.5001 	EXP 	text_4: autoDraw = False
406.5168 	EXP 	firstcircle_3: autoDraw = True
410.9000 	EXP 	firstcircle_3: autoDraw = False
410.9168 	EXP 	text_3: autoDraw = True
411.9000 	EXP 	text_3: autoDraw = False
411.9167 	EXP 	secondcircle: autoDraw = True
415.2000 	EXP 	secondcircle: autoDraw = False
415.8185 	DATA 	Keypress: left
415.8197 	EXP 	New trial (rep=0, index=4): OrderedDict([('firstTime', 0.9), ('secondTime', 1.8), ('corrAns', 'right'), ('plusStart', 1.4), ('secondStart', 2.4), ('respStart', 4.2), ('randNum', 0.877480265)])
415.8334 	EXP 	firstcircle_3: autoDraw = False
415.8334 	EXP 	text_3: autoDraw = False
415.8334 	EXP 	secondcircle: autoDraw = False
415.8334 	EXP 	text_4: autoDraw = False
415.8334 	EXP 	text_4: autoDraw = True
416.3333 	EXP 	text_4: autoDraw = False
416.3499 	EXP 	firstcircle_3: autoDraw = True
417.2333 	EXP 	firstcircle_3: autoDraw = False
417.2500 	EXP 	text_3: autoDraw = True
418.2333 	EXP 	text_3: autoDraw = False
418.2499 	EXP 	secondcircle: autoDraw = True
420.0333 	EXP 	secondcircle: autoDraw = False
420.4853 	DATA 	Keypress: right
420.4866 	EXP 	New trial (rep=0, index=5): OrderedDict([('firstTime', 1.8), ('secondTime', 0.9), ('corrAns', 'left'), ('plusStart', 2.3), ('secondStart', 3.3), ('respStart', 4.2), ('randNum', 0.74232345)])
420.5000 	EXP 	firstcircle_3: autoDraw = False
420.5000 	EXP 	text_3: autoDraw = False
420.5000 	EXP 	secondcircle: autoDraw = False
420.5000 	EXP 	text_4: autoDraw = False
420.5000 	EXP 	text_4: autoDraw = True
420.9999 	EXP 	text_4: autoDraw = False
421.0166 	EXP 	firstcircle_3: autoDraw = True
422.7999 	EXP 	firstcircle_3: autoDraw = False
422.8165 	EXP 	text_3: autoDraw = True
423.7999 	EXP 	text_3: autoDraw = False
423.8165 	EXP 	secondcircle: autoDraw = True
424.6998 	EXP 	secondcircle: autoDraw = False
425.5689 	DATA 	Keypress: left
425.5849 	EXP 	New trial (rep=0, index=6): OrderedDict([('firstTime', 1.8), ('secondTime', 1.2), ('corrAns', 'left'), ('plusStart', 2.3), ('secondStart', 3.3), ('respStart', 4.5), ('randNum', 0.307053849)])
425.5998 	EXP 	firstcircle_3: autoDraw = False
425.5998 	EXP 	text_3: autoDraw = False
425.5998 	EXP 	secondcircle: autoDraw = False
425.5998 	EXP 	text_4: autoDraw = False
425.5998 	EXP 	text_4: autoDraw = True
426.0998 	EXP 	text_4: autoDraw = False
426.1165 	EXP 	firstcircle_3: autoDraw = True
427.8998 	EXP 	firstcircle_3: autoDraw = False
427.9165 	EXP 	text_3: autoDraw = True
428.8998 	EXP 	text_3: autoDraw = False
428.9165 	EXP 	secondcircle: autoDraw = True
430.0998 	EXP 	secondcircle: autoDraw = False
430.8181 	DATA 	Keypress: right
430.8195 	EXP 	New trial (rep=0, index=7): OrderedDict([('firstTime', 3.6), ('secondTime', 3.2), ('corrAns', 'left'), ('plusStart', 4.1), ('secondStart', 5.1), ('respStart', 8.3), ('randNum', 0.331236492)])
430.8331 	EXP 	firstcircle_3: autoDraw = False
430.8331 	EXP 	text_3: autoDraw = False
430.8331 	EXP 	secondcircle: autoDraw = False
430.8331 	EXP 	text_4: autoDraw = False
430.8331 	EXP 	text_4: autoDraw = True
431.3331 	EXP 	text_4: autoDraw = False
431.3498 	EXP 	firstcircle_3: autoDraw = True
434.9332 	EXP 	firstcircle_3: autoDraw = False
434.9497 	EXP 	text_3: autoDraw = True
435.9331 	EXP 	text_3: autoDraw = False
435.9497 	EXP 	secondcircle: autoDraw = True
439.1330 	EXP 	secondcircle: autoDraw = False
439.6017 	DATA 	Keypress: right
439.6031 	EXP 	New trial (rep=0, index=8): OrderedDict([('firstTime', 2.5), ('secondTime', 1.5), ('corrAns', 'left'), ('plusStart', 3.0), ('secondStart', 4.0), ('respStart', 5.5), ('randNum', 0.778562476)])
439.6164 	EXP 	firstcircle_3: autoDraw = False
439.6164 	EXP 	text_3: autoDraw = False
439.6164 	EXP 	secondcircle: autoDraw = False
439.6164 	EXP 	text_4: autoDraw = False
439.6164 	EXP 	text_4: autoDraw = True
440.1163 	EXP 	text_4: autoDraw = False
440.1330 	EXP 	firstcircle_3: autoDraw = True
442.6163 	EXP 	firstcircle_3: autoDraw = False
442.6329 	EXP 	text_3: autoDraw = True
443.6163 	EXP 	text_3: autoDraw = False
443.6329 	EXP 	secondcircle: autoDraw = True
445.1162 	EXP 	secondcircle: autoDraw = False
446.7016 	DATA 	Keypress: left
446.7030 	EXP 	New trial (rep=0, index=9): OrderedDict([('firstTime', 1.2), ('secondTime', 1.8), ('corrAns', 'right'), ('plusStart', 1.7), ('secondStart', 2.7), ('respStart', 4.5), ('randNum', 0.18131893100000002)])
446.7163 	EXP 	firstcircle_3: autoDraw = False
446.7163 	EXP 	text_3: autoDraw = False
446.7163 	EXP 	secondcircle: autoDraw = False
446.7163 	EXP 	text_4: autoDraw = False
446.7163 	EXP 	text_4: autoDraw = True
447.2162 	EXP 	text_4: autoDraw = False
447.2329 	EXP 	firstcircle_3: autoDraw = True
448.4162 	EXP 	firstcircle_3: autoDraw = False
448.4329 	EXP 	text_3: autoDraw = True
449.4162 	EXP 	text_3: autoDraw = False
449.4328 	EXP 	secondcircle: autoDraw = True
451.2162 	EXP 	secondcircle: autoDraw = False
451.6514 	DATA 	Keypress: right
451.6527 	EXP 	New trial (rep=0, index=10): OrderedDict([('firstTime', 2.8), ('secondTime', 2.1), ('corrAns', 'left'), ('plusStart', 3.3), ('secondStart', 4.3), ('respStart', 6.4), ('randNum', 0.897215002)])
451.6661 	EXP 	firstcircle_3: autoDraw = False
451.6661 	EXP 	text_3: autoDraw = False
451.6661 	EXP 	secondcircle: autoDraw = False
451.6661 	EXP 	text_4: autoDraw = False
451.6661 	EXP 	text_4: autoDraw = True
452.1662 	EXP 	text_4: autoDraw = False
452.1828 	EXP 	firstcircle_3: autoDraw = True
454.9661 	EXP 	firstcircle_3: autoDraw = False
454.9828 	EXP 	text_3: autoDraw = True
455.9661 	EXP 	text_3: autoDraw = False
455.9828 	EXP 	secondcircle: autoDraw = True
458.0661 	EXP 	secondcircle: autoDraw = False
458.8182 	DATA 	Keypress: left
458.8200 	EXP 	New trial (rep=0, index=11): OrderedDict([('firstTime', 2.1), ('secondTime', 2.8), ('corrAns', 'right'), ('plusStart', 2.6), ('secondStart', 3.6), ('respStart', 6.4), ('randNum', 0.734438325)])
458.8328 	EXP 	firstcircle_3: autoDraw = False
458.8328 	EXP 	text_3: autoDraw = False
458.8328 	EXP 	secondcircle: autoDraw = False
458.8328 	EXP 	text_4: autoDraw = False
458.8328 	EXP 	text_4: autoDraw = True
459.3327 	EXP 	text_4: autoDraw = False
459.3494 	EXP 	firstcircle_3: autoDraw = True
461.4327 	EXP 	firstcircle_3: autoDraw = False
461.4493 	EXP 	text_3: autoDraw = True
462.4327 	EXP 	text_3: autoDraw = False
462.4493 	EXP 	secondcircle: autoDraw = True
465.2327 	EXP 	secondcircle: autoDraw = False
465.5180 	DATA 	Keypress: right
465.5194 	EXP 	New trial (rep=0, index=12): OrderedDict([('firstTime', 3.2), ('secondTime', 3.6), ('corrAns', 'right'), ('plusStart', 3.7), ('secondStart', 4.7), ('respStart', 8.3), ('randNum', 0.716372322)])
465.5327 	EXP 	firstcircle_3: autoDraw = False
465.5327 	EXP 	text_3: autoDraw = False
465.5327 	EXP 	secondcircle: autoDraw = False
465.5327 	EXP 	text_4: autoDraw = False
465.5327 	EXP 	text_4: autoDraw = True
466.0326 	EXP 	text_4: autoDraw = False
466.0493 	EXP 	firstcircle_3: autoDraw = True
469.2326 	EXP 	firstcircle_3: autoDraw = False
469.2492 	EXP 	text_3: autoDraw = True
470.2326 	EXP 	text_3: autoDraw = False
470.2492 	EXP 	secondcircle: autoDraw = True
473.8325 	EXP 	secondcircle: autoDraw = False
474.4846 	DATA 	Keypress: right
474.4860 	EXP 	New trial (rep=0, index=13): OrderedDict([('firstTime', 2.1), ('secondTime', 3.5), ('corrAns', 'right'), ('plusStart', 2.6), ('secondStart', 3.6), ('respStart', 7.1), ('randNum', 0.2797458)])
474.4992 	EXP 	firstcircle_3: autoDraw = False
474.4992 	EXP 	text_3: autoDraw = False
474.4992 	EXP 	secondcircle: autoDraw = False
474.4992 	EXP 	text_4: autoDraw = False
474.4992 	EXP 	text_4: autoDraw = True
474.9992 	EXP 	text_4: autoDraw = False
475.0159 	EXP 	firstcircle_3: autoDraw = True
477.0991 	EXP 	firstcircle_3: autoDraw = False
477.1158 	EXP 	text_3: autoDraw = True
478.0991 	EXP 	text_3: autoDraw = False
478.1158 	EXP 	secondcircle: autoDraw = True
481.5991 	EXP 	secondcircle: autoDraw = False
481.8678 	DATA 	Keypress: right
481.8691 	EXP 	New trial (rep=0, index=14): OrderedDict([('firstTime', 1.4), ('secondTime', 0.7), ('corrAns', 'left'), ('plusStart', 1.9), ('secondStart', 2.9), ('respStart', 3.6), ('randNum', 0.038284202)])
481.8825 	EXP 	firstcircle_3: autoDraw = False
481.8825 	EXP 	text_3: autoDraw = False
481.8825 	EXP 	secondcircle: autoDraw = False
481.8825 	EXP 	text_4: autoDraw = False
481.8825 	EXP 	text_4: autoDraw = True
482.3824 	EXP 	text_4: autoDraw = False
482.3991 	EXP 	firstcircle_3: autoDraw = True
483.7824 	EXP 	firstcircle_3: autoDraw = False
483.7990 	EXP 	text_3: autoDraw = True
484.7824 	EXP 	text_3: autoDraw = False
484.7990 	EXP 	secondcircle: autoDraw = True
485.4824 	EXP 	secondcircle: autoDraw = False
486.4510 	DATA 	Keypress: left
486.4524 	EXP 	New trial (rep=0, index=15): OrderedDict([('firstTime', 9.9), ('secondTime', 8.8), ('corrAns', 'left'), ('plusStart', 10.4), ('secondStart', 11.4), ('respStart', 20.2), ('randNum', 0.656448526)])
486.4657 	EXP 	firstcircle_3: autoDraw = False
486.4657 	EXP 	text_3: autoDraw = False
486.4657 	EXP 	secondcircle: autoDraw = False
486.4657 	EXP 	text_4: autoDraw = False
486.4657 	EXP 	text_4: autoDraw = True
486.9657 	EXP 	text_4: autoDraw = False
486.9823 	EXP 	firstcircle_3: autoDraw = True
487.0343 	DATA 	Keypress: left
496.8655 	EXP 	firstcircle_3: autoDraw = False
496.8822 	EXP 	text_3: autoDraw = True
497.8655 	EXP 	text_3: autoDraw = False
497.8823 	EXP 	secondcircle: autoDraw = True
506.6654 	EXP 	secondcircle: autoDraw = False
508.0339 	DATA 	Keypress: left
508.0353 	EXP 	New trial (rep=0, index=16): OrderedDict([('firstTime', 3.5), ('secondTime', 2.1), ('corrAns', 'left'), ('plusStart', 4.0), ('secondStart', 5.0), ('respStart', 7.1), ('randNum', 0.25078508899999996)])
508.0487 	EXP 	firstcircle_3: autoDraw = False
508.0487 	EXP 	text_3: autoDraw = False
508.0487 	EXP 	secondcircle: autoDraw = False
508.0487 	EXP 	text_4: autoDraw = False
508.0487 	EXP 	text_4: autoDraw = True
508.5487 	EXP 	text_4: autoDraw = False
508.5654 	EXP 	firstcircle_3: autoDraw = True
512.0487 	EXP 	firstcircle_3: autoDraw = False
512.0653 	EXP 	text_3: autoDraw = True
513.0488 	EXP 	text_3: autoDraw = False
513.0653 	EXP 	secondcircle: autoDraw = True
515.1486 	EXP 	secondcircle: autoDraw = False
516.0840 	DATA 	Keypress: left
516.0854 	EXP 	New trial (rep=0, index=17): OrderedDict([('firstTime', 8.8), ('secondTime', 9.9), ('corrAns', 'right'), ('plusStart', 9.3), ('secondStart', 10.3), ('respStart', 20.2), ('randNum', 0.055985873)])
516.0987 	EXP 	firstcircle_3: autoDraw = False
516.0987 	EXP 	text_3: autoDraw = False
516.0987 	EXP 	secondcircle: autoDraw = False
516.0987 	EXP 	text_4: autoDraw = False
516.0987 	EXP 	text_4: autoDraw = True
516.5986 	EXP 	text_4: autoDraw = False
516.6153 	EXP 	firstcircle_3: autoDraw = True
525.3985 	EXP 	firstcircle_3: autoDraw = False
525.4152 	EXP 	text_3: autoDraw = True
526.3985 	EXP 	text_3: autoDraw = False
526.4151 	EXP 	secondcircle: autoDraw = True
536.2983 	EXP 	secondcircle: autoDraw = False
536.8002 	DATA 	Keypress: right
536.8018 	EXP 	New trial (rep=0, index=18): OrderedDict([('firstTime', 1.5), ('secondTime', 2.5), ('corrAns', 'right'), ('plusStart', 2.0), ('secondStart', 3.0), ('respStart', 5.5), ('randNum', 0.279030548)])
536.8150 	EXP 	firstcircle_3: autoDraw = False
536.8150 	EXP 	text_3: autoDraw = False
536.8150 	EXP 	secondcircle: autoDraw = False
536.8150 	EXP 	text_4: autoDraw = False
536.8150 	EXP 	text_4: autoDraw = True
537.3150 	EXP 	text_4: autoDraw = False
537.3317 	EXP 	firstcircle_3: autoDraw = True
538.8150 	EXP 	firstcircle_3: autoDraw = False
538.8316 	EXP 	text_3: autoDraw = True
539.8150 	EXP 	text_3: autoDraw = False
539.8316 	EXP 	secondcircle: autoDraw = True
542.3149 	EXP 	secondcircle: autoDraw = False
542.6003 	DATA 	Keypress: right
542.6017 	EXP 	New trial (rep=0, index=19): OrderedDict([('firstTime', 3.3), ('secondTime', 4.4), ('corrAns', 'right'), ('plusStart', 3.8), ('secondStart', 4.8), ('respStart', 9.2), ('randNum', 0.6214470879999999)])
542.6149 	EXP 	firstcircle_3: autoDraw = False
542.6149 	EXP 	text_3: autoDraw = False
542.6149 	EXP 	secondcircle: autoDraw = False
542.6149 	EXP 	text_4: autoDraw = False
542.6149 	EXP 	text_4: autoDraw = True
543.1149 	EXP 	text_4: autoDraw = False
543.1316 	EXP 	firstcircle_3: autoDraw = True
546.4149 	EXP 	firstcircle_3: autoDraw = False
546.4315 	EXP 	text_3: autoDraw = True
547.4149 	EXP 	text_3: autoDraw = False
547.4315 	EXP 	secondcircle: autoDraw = True
551.8148 	EXP 	secondcircle: autoDraw = False
552.4168 	DATA 	Keypress: right
552.4315 	EXP 	firstcircle_3: autoDraw = False
552.4315 	EXP 	text_3: autoDraw = False
552.4315 	EXP 	secondcircle: autoDraw = False
552.4315 	EXP 	text_4: autoDraw = False
552.4315 	EXP 	text_7: autoDraw = True
553.7181 	DATA 	Keypress: space
553.7240 	EXP 	Imported conditionsTime4.csv as conditions, 20 conditions, 7 params
553.7244 	EXP 	Created sequence: sequential, trialTypes=20, nReps=1, seed=None
553.7248 	EXP 	New trial (rep=0, index=0): OrderedDict([('firstTime', 2.5), ('secondTime', 1.5), ('corrAns', 'left'), ('plusStart', 3.0), ('secondStart', 4.0), ('respStart', 5.5), ('randNum', 0.9526453340000001)])
553.7314 	EXP 	text_7: autoDraw = False
553.7314 	EXP 	text_4: autoDraw = True
554.2314 	EXP 	text_4: autoDraw = False
554.2481 	EXP 	firstcircle_3: autoDraw = True
556.7314 	EXP 	firstcircle_3: autoDraw = False
556.7481 	EXP 	text_3: autoDraw = True
557.7314 	EXP 	text_3: autoDraw = False
557.7481 	EXP 	secondcircle: autoDraw = True
559.2314 	EXP 	secondcircle: autoDraw = False
560.0502 	DATA 	Keypress: left
560.0519 	EXP 	New trial (rep=0, index=1): OrderedDict([('firstTime', 2.8), ('secondTime', 2.1), ('corrAns', 'left'), ('plusStart', 3.3), ('secondStart', 4.3), ('respStart', 6.4), ('randNum', 0.962497787)])
560.0647 	EXP 	firstcircle_3: autoDraw = False
560.0647 	EXP 	text_3: autoDraw = False
560.0647 	EXP 	secondcircle: autoDraw = False
560.0647 	EXP 	text_4: autoDraw = False
560.0647 	EXP 	text_4: autoDraw = True
560.5647 	EXP 	text_4: autoDraw = False
560.5813 	EXP 	firstcircle_3: autoDraw = True
563.3647 	EXP 	firstcircle_3: autoDraw = False
563.3813 	EXP 	text_3: autoDraw = True
564.3646 	EXP 	text_3: autoDraw = False
564.3813 	EXP 	secondcircle: autoDraw = True
566.4646 	EXP 	secondcircle: autoDraw = False
567.7331 	DATA 	Keypress: right
567.7348 	EXP 	New trial (rep=0, index=2): OrderedDict([('firstTime', 2.7), ('secondTime', 1.8), ('corrAns', 'left'), ('plusStart', 3.2), ('secondStart', 4.2), ('respStart', 6.0), ('randNum', 0.06690605599999999)])
567.7479 	EXP 	firstcircle_3: autoDraw = False
567.7479 	EXP 	text_3: autoDraw = False
567.7479 	EXP 	secondcircle: autoDraw = False
567.7479 	EXP 	text_4: autoDraw = False
567.7479 	EXP 	text_4: autoDraw = True
568.2480 	EXP 	text_4: autoDraw = False
568.2646 	EXP 	firstcircle_3: autoDraw = True
570.9479 	EXP 	firstcircle_3: autoDraw = False
570.9645 	EXP 	text_3: autoDraw = True
571.9479 	EXP 	text_3: autoDraw = False
571.9645 	EXP 	secondcircle: autoDraw = True
573.7478 	EXP 	secondcircle: autoDraw = False
574.7832 	DATA 	Keypress: right
574.7850 	EXP 	New trial (rep=0, index=3): OrderedDict([('firstTime', 8.8), ('secondTime', 9.9), ('corrAns', 'right'), ('plusStart', 9.3), ('secondStart', 10.3), ('respStart', 20.2), ('randNum', 0.09555333099999999)])
574.7979 	EXP 	firstcircle_3: autoDraw = False
574.7979 	EXP 	text_3: autoDraw = False
574.7979 	EXP 	secondcircle: autoDraw = False
574.7979 	EXP 	text_4: autoDraw = False
574.7979 	EXP 	text_4: autoDraw = True
575.2978 	EXP 	text_4: autoDraw = False
575.3145 	EXP 	firstcircle_3: autoDraw = True
583.1665 	DATA 	Keypress: left
584.0977 	EXP 	firstcircle_3: autoDraw = False
584.1144 	EXP 	text_3: autoDraw = True
585.0977 	EXP 	text_3: autoDraw = False
585.1144 	EXP 	secondcircle: autoDraw = True
594.9975 	EXP 	secondcircle: autoDraw = False
595.2995 	DATA 	Keypress: right
595.3009 	EXP 	New trial (rep=0, index=4): OrderedDict([('firstTime', 1.8), ('secondTime', 2.7), ('corrAns', 'right'), ('plusStart', 2.3), ('secondStart', 3.3), ('respStart', 6.0), ('randNum', 0.559320406)])
595.3143 	EXP 	firstcircle_3: autoDraw = False
595.3143 	EXP 	text_3: autoDraw = False
595.3143 	EXP 	secondcircle: autoDraw = False
595.3143 	EXP 	text_4: autoDraw = False
595.3143 	EXP 	text_4: autoDraw = True
595.8142 	EXP 	text_4: autoDraw = False
595.8309 	EXP 	firstcircle_3: autoDraw = True
597.6142 	EXP 	firstcircle_3: autoDraw = False
597.6309 	EXP 	text_3: autoDraw = True
598.6142 	EXP 	text_3: autoDraw = False
598.6308 	EXP 	secondcircle: autoDraw = True
601.3141 	EXP 	secondcircle: autoDraw = False
601.6163 	DATA 	Keypress: right
601.6176 	EXP 	New trial (rep=0, index=5): OrderedDict([('firstTime', 3.5), ('secondTime', 2.1), ('corrAns', 'left'), ('plusStart', 4.0), ('secondStart', 5.0), ('respStart', 7.1), ('randNum', 0.885130943)])
601.6308 	EXP 	firstcircle_3: autoDraw = False
601.6308 	EXP 	text_3: autoDraw = False
601.6308 	EXP 	secondcircle: autoDraw = False
601.6308 	EXP 	text_4: autoDraw = False
601.6308 	EXP 	text_4: autoDraw = True
602.1308 	EXP 	text_4: autoDraw = False
602.1475 	EXP 	firstcircle_3: autoDraw = True
605.6307 	EXP 	firstcircle_3: autoDraw = False
605.6474 	EXP 	text_3: autoDraw = True
606.6307 	EXP 	text_3: autoDraw = False
606.6474 	EXP 	secondcircle: autoDraw = True
608.7307 	EXP 	secondcircle: autoDraw = False
609.1502 	DATA 	Keypress: right
609.1657 	EXP 	New trial (rep=0, index=6): OrderedDict([('firstTime', 2.1), ('secondTime', 2.8), ('corrAns', 'right'), ('plusStart', 2.6), ('secondStart', 3.6), ('respStart', 6.4), ('randNum', 0.7843272990000001)])
609.1807 	EXP 	firstcircle_3: autoDraw = False
609.1807 	EXP 	text_3: autoDraw = False
609.1807 	EXP 	secondcircle: autoDraw = False
609.1807 	EXP 	text_4: autoDraw = False
609.1807 	EXP 	text_4: autoDraw = True
609.6808 	EXP 	text_4: autoDraw = False
609.6973 	EXP 	firstcircle_3: autoDraw = True
611.7806 	EXP 	firstcircle_3: autoDraw = False
611.7973 	EXP 	text_3: autoDraw = True
612.7806 	EXP 	text_3: autoDraw = False
612.7973 	EXP 	secondcircle: autoDraw = True
615.5806 	EXP 	secondcircle: autoDraw = False
616.0828 	DATA 	Keypress: right
616.0842 	EXP 	New trial (rep=0, index=7): OrderedDict([('firstTime', 4.4), ('secondTime', 3.3), ('corrAns', 'left'), ('plusStart', 4.9), ('secondStart', 5.9), ('respStart', 9.2), ('randNum', 0.594355042)])
616.0973 	EXP 	firstcircle_3: autoDraw = False
616.0973 	EXP 	text_3: autoDraw = False
616.0973 	EXP 	secondcircle: autoDraw = False
616.0973 	EXP 	text_4: autoDraw = False
616.0973 	EXP 	text_4: autoDraw = True
616.5973 	EXP 	text_4: autoDraw = False
616.6139 	EXP 	firstcircle_3: autoDraw = True
620.9973 	EXP 	firstcircle_3: autoDraw = False
621.0139 	EXP 	text_3: autoDraw = True
621.9972 	EXP 	text_3: autoDraw = False
622.0138 	EXP 	secondcircle: autoDraw = True
625.2971 	EXP 	secondcircle: autoDraw = False
626.4161 	DATA 	Keypress: left
626.4322 	EXP 	New trial (rep=0, index=8): OrderedDict([('firstTime', 0.9), ('secondTime', 1.8), ('corrAns', 'right'), ('plusStart', 1.4), ('secondStart', 2.4), ('respStart', 4.2), ('randNum', 0.39760777399999997)])
626.4471 	EXP 	firstcircle_3: autoDraw = False
626.4471 	EXP 	text_3: autoDraw = False
626.4471 	EXP 	secondcircle: autoDraw = False
626.4471 	EXP 	text_4: autoDraw = False
626.4471 	EXP 	text_4: autoDraw = True
626.9471 	EXP 	text_4: autoDraw = False
626.9638 	EXP 	firstcircle_3: autoDraw = True
627.8471 	EXP 	firstcircle_3: autoDraw = False
627.8638 	EXP 	text_3: autoDraw = True
628.8471 	EXP 	text_3: autoDraw = False
628.8638 	EXP 	secondcircle: autoDraw = True
630.3491 	DATA 	Keypress: left
630.6471 	EXP 	secondcircle: autoDraw = False
630.8494 	DATA 	Keypress: right
630.8654 	EXP 	New trial (rep=0, index=9): OrderedDict([('firstTime', 3.6), ('secondTime', 3.2), ('corrAns', 'left'), ('plusStart', 4.1), ('secondStart', 5.1), ('respStart', 8.3), ('randNum', 0.454525661)])
630.8804 	EXP 	firstcircle_3: autoDraw = False
630.8804 	EXP 	text_3: autoDraw = False
630.8804 	EXP 	secondcircle: autoDraw = False
630.8804 	EXP 	text_4: autoDraw = False
630.8804 	EXP 	text_4: autoDraw = True
631.3804 	EXP 	text_4: autoDraw = False
631.3971 	EXP 	firstcircle_3: autoDraw = True
631.5156 	DATA 	Keypress: right
634.9803 	EXP 	firstcircle_3: autoDraw = False
634.9970 	EXP 	text_3: autoDraw = True
635.9803 	EXP 	text_3: autoDraw = False
635.9970 	EXP 	secondcircle: autoDraw = True
639.1803 	EXP 	secondcircle: autoDraw = False
639.5999 	DATA 	Keypress: right
639.6154 	EXP 	New trial (rep=0, index=10): OrderedDict([('firstTime', 9.9), ('secondTime', 8.8), ('corrAns', 'left'), ('plusStart', 10.4), ('secondStart', 11.4), ('respStart', 20.2), ('randNum', 0.335173919)])
639.6303 	EXP 	firstcircle_3: autoDraw = False
639.6303 	EXP 	text_3: autoDraw = False
639.6303 	EXP 	secondcircle: autoDraw = False
639.6303 	EXP 	text_4: autoDraw = False
639.6303 	EXP 	text_4: autoDraw = True
640.1303 	EXP 	text_4: autoDraw = False
640.1469 	EXP 	firstcircle_3: autoDraw = True
650.0301 	EXP 	firstcircle_3: autoDraw = False
650.0469 	EXP 	text_3: autoDraw = True
651.0301 	EXP 	text_3: autoDraw = False
651.0468 	EXP 	secondcircle: autoDraw = True
659.8300 	EXP 	secondcircle: autoDraw = False
660.4825 	DATA 	Keypress: right
660.4845 	EXP 	New trial (rep=0, index=11): OrderedDict([('firstTime', 1.8), ('secondTime', 1.2), ('corrAns', 'left'), ('plusStart', 2.3), ('secondStart', 3.3), ('respStart', 4.5), ('randNum', 0.050156068)])
660.4972 	EXP 	firstcircle_3: autoDraw = False
660.4972 	EXP 	text_3: autoDraw = False
660.4972 	EXP 	secondcircle: autoDraw = False
660.4972 	EXP 	text_4: autoDraw = False
660.4972 	EXP 	text_4: autoDraw = True
660.9967 	EXP 	text_4: autoDraw = False
661.0133 	EXP 	firstcircle_3: autoDraw = True
662.7967 	EXP 	firstcircle_3: autoDraw = False
662.8133 	EXP 	text_3: autoDraw = True
663.7966 	EXP 	text_3: autoDraw = False
663.8133 	EXP 	secondcircle: autoDraw = True
664.9967 	EXP 	secondcircle: autoDraw = False
665.9153 	DATA 	Keypress: right
665.9166 	EXP 	New trial (rep=0, index=12): OrderedDict([('firstTime', 2.1), ('secondTime', 3.5), ('corrAns', 'right'), ('plusStart', 2.6), ('secondStart', 3.6), ('respStart', 7.1), ('randNum', 0.553210354)])
665.9299 	EXP 	firstcircle_3: autoDraw = False
665.9299 	EXP 	text_3: autoDraw = False
665.9299 	EXP 	secondcircle: autoDraw = False
665.9299 	EXP 	text_4: autoDraw = False
665.9299 	EXP 	text_4: autoDraw = True
666.4299 	EXP 	text_4: autoDraw = False
666.4466 	EXP 	firstcircle_3: autoDraw = True
666.5151 	DATA 	Keypress: right
668.5299 	EXP 	firstcircle_3: autoDraw = False
668.5466 	EXP 	text_3: autoDraw = True
669.5299 	EXP 	text_3: autoDraw = False
669.5466 	EXP 	secondcircle: autoDraw = True
673.0298 	EXP 	secondcircle: autoDraw = False
673.3652 	DATA 	Keypress: right
673.3665 	EXP 	New trial (rep=0, index=13): OrderedDict([('firstTime', 3.2), ('secondTime', 3.6), ('corrAns', 'right'), ('plusStart', 3.7), ('secondStart', 4.7), ('respStart', 8.3), ('randNum', 0.062598668)])
673.3798 	EXP 	firstcircle_3: autoDraw = False
673.3798 	EXP 	text_3: autoDraw = False
673.3798 	EXP 	secondcircle: autoDraw = False
673.3798 	EXP 	text_4: autoDraw = False
673.3798 	EXP 	text_4: autoDraw = True
673.8798 	EXP 	text_4: autoDraw = False
673.8965 	EXP 	firstcircle_3: autoDraw = True
677.0798 	EXP 	firstcircle_3: autoDraw = False
677.0965 	EXP 	text_3: autoDraw = True
678.0797 	EXP 	text_3: autoDraw = False
678.0964 	EXP 	secondcircle: autoDraw = True
681.6797 	EXP 	secondcircle: autoDraw = False
682.2485 	DATA 	Keypress: right
682.2499 	EXP 	New trial (rep=0, index=14): OrderedDict([('firstTime', 1.5), ('secondTime', 2.5), ('corrAns', 'right'), ('plusStart', 2.0), ('secondStart', 3.0), ('respStart', 5.5), ('randNum', 0.851613693)])
682.2630 	EXP 	firstcircle_3: autoDraw = False
682.2630 	EXP 	text_3: autoDraw = False
682.2630 	EXP 	secondcircle: autoDraw = False
682.2630 	EXP 	text_4: autoDraw = False
682.2630 	EXP 	text_4: autoDraw = True
682.7630 	EXP 	text_4: autoDraw = False
682.7797 	EXP 	firstcircle_3: autoDraw = True
684.2630 	EXP 	firstcircle_3: autoDraw = False
684.2797 	EXP 	text_3: autoDraw = True
685.2630 	EXP 	text_3: autoDraw = False
685.2797 	EXP 	secondcircle: autoDraw = True
687.7630 	EXP 	secondcircle: autoDraw = False
688.4316 	DATA 	Keypress: right
688.4330 	EXP 	New trial (rep=0, index=15): OrderedDict([('firstTime', 1.2), ('secondTime', 1.8), ('corrAns', 'right'), ('plusStart', 1.7), ('secondStart', 2.7), ('respStart', 4.5), ('randNum', 0.9561071459999999)])
688.4463 	EXP 	firstcircle_3: autoDraw = False
688.4463 	EXP 	text_3: autoDraw = False
688.4463 	EXP 	secondcircle: autoDraw = False
688.4463 	EXP 	text_4: autoDraw = False
688.4463 	EXP 	text_4: autoDraw = True
688.9463 	EXP 	text_4: autoDraw = False
688.9630 	EXP 	firstcircle_3: autoDraw = True
690.1463 	EXP 	firstcircle_3: autoDraw = False
690.1629 	EXP 	text_3: autoDraw = True
691.1463 	EXP 	text_3: autoDraw = False
691.1629 	EXP 	secondcircle: autoDraw = True
692.9462 	EXP 	secondcircle: autoDraw = False
694.0149 	DATA 	Keypress: right
694.0162 	EXP 	New trial (rep=0, index=16): OrderedDict([('firstTime', 3.3), ('secondTime', 4.4), ('corrAns', 'right'), ('plusStart', 3.8), ('secondStart', 4.8), ('respStart', 9.2), ('randNum', 0.25372748300000003)])
694.0296 	EXP 	firstcircle_3: autoDraw = False
694.0296 	EXP 	text_3: autoDraw = False
694.0296 	EXP 	secondcircle: autoDraw = False
694.0296 	EXP 	text_4: autoDraw = False
694.0296 	EXP 	text_4: autoDraw = True
694.5295 	EXP 	text_4: autoDraw = False
694.5462 	EXP 	firstcircle_3: autoDraw = True
697.8295 	EXP 	firstcircle_3: autoDraw = False
697.8462 	EXP 	text_3: autoDraw = True
698.8295 	EXP 	text_3: autoDraw = False
698.8462 	EXP 	secondcircle: autoDraw = True
703.2294 	EXP 	secondcircle: autoDraw = False
703.4979 	DATA 	Keypress: right
703.4993 	EXP 	New trial (rep=0, index=17): OrderedDict([('firstTime', 1.8), ('secondTime', 0.9), ('corrAns', 'left'), ('plusStart', 2.3), ('secondStart', 3.3), ('respStart', 4.2), ('randNum', 0.328250033)])
703.5127 	EXP 	firstcircle_3: autoDraw = False
703.5127 	EXP 	text_3: autoDraw = False
703.5127 	EXP 	secondcircle: autoDraw = False
703.5127 	EXP 	text_4: autoDraw = False
703.5127 	EXP 	text_4: autoDraw = True
704.0127 	EXP 	text_4: autoDraw = False
704.0294 	EXP 	firstcircle_3: autoDraw = True
705.8128 	EXP 	firstcircle_3: autoDraw = False
705.8294 	EXP 	text_3: autoDraw = True
706.8127 	EXP 	text_3: autoDraw = False
706.8294 	EXP 	secondcircle: autoDraw = True
707.7127 	EXP 	secondcircle: autoDraw = False
708.8316 	DATA 	Keypress: right
708.8477 	EXP 	New trial (rep=0, index=18): OrderedDict([('firstTime', 1.4), ('secondTime', 0.7), ('corrAns', 'left'), ('plusStart', 1.9), ('secondStart', 2.9), ('respStart', 3.6), ('randNum', 0.26139814899999997)])
708.8627 	EXP 	firstcircle_3: autoDraw = False
708.8627 	EXP 	text_3: autoDraw = False
708.8627 	EXP 	secondcircle: autoDraw = False
708.8627 	EXP 	text_4: autoDraw = False
708.8627 	EXP 	text_4: autoDraw = True
709.3627 	EXP 	text_4: autoDraw = False
709.3793 	EXP 	firstcircle_3: autoDraw = True
709.4647 	DATA 	Keypress: right
710.7627 	EXP 	firstcircle_3: autoDraw = False
710.7794 	EXP 	text_3: autoDraw = True
711.7626 	EXP 	text_3: autoDraw = False
711.7794 	EXP 	secondcircle: autoDraw = True
712.4626 	EXP 	secondcircle: autoDraw = False
713.3479 	DATA 	Keypress: left
713.3493 	EXP 	New trial (rep=0, index=19): OrderedDict([('firstTime', 0.7), ('secondTime', 1.4), ('corrAns', 'right'), ('plusStart', 1.2), ('secondStart', 2.2), ('respStart', 3.6), ('randNum', 0.515481866)])
713.3626 	EXP 	firstcircle_3: autoDraw = False
713.3626 	EXP 	text_3: autoDraw = False
713.3626 	EXP 	secondcircle: autoDraw = False
713.3626 	EXP 	text_4: autoDraw = False
713.3626 	EXP 	text_4: autoDraw = True
713.8626 	EXP 	text_4: autoDraw = False
713.8793 	EXP 	firstcircle_3: autoDraw = True
714.0145 	DATA 	Keypress: left
714.5626 	EXP 	firstcircle_3: autoDraw = False
714.5793 	EXP 	text_3: autoDraw = True
715.5626 	EXP 	text_3: autoDraw = False
715.5793 	EXP 	secondcircle: autoDraw = True
716.9626 	EXP 	secondcircle: autoDraw = False
717.2312 	DATA 	Keypress: right
717.2459 	EXP 	firstcircle_3: autoDraw = False
717.2459 	EXP 	text_3: autoDraw = False
717.2459 	EXP 	secondcircle: autoDraw = False
717.2459 	EXP 	text_4: autoDraw = False
717.2459 	EXP 	text_2: autoDraw = True
720.5140 	EXP 	window1: mouseVisible = True
