1.0754 	WARNING 	sounddevice audio lib was requested but not loaded: sounddevice not working
15.3160 	WARNING 	User requested fullscreen with size [1024  768], but screen is actually [1440, 900]. Using actual size
15.9731 	EXP 	Created window1 = Window(allowGUI=False, allowStencil=False, args=UNKNOWN, autoLog=True, bitsMode=UNKNOWN, blendMode='avg', color=array([0., 0., 0.]), colorSpace='rgb', fullscr=<method-wrapper '__getattribute__' of attributeSetter object at 0x1101badd8>, gamma=None, kwargs=UNKNOWN, lms=UNKNOWN, monitor=<psychopy.monitors.calibTools.Monitor object at 0x113ceda58>, multiSample=False, name='window1', numSamples=2, pos=[0.0, 0.0], screen=0, size=array([2880, 1800]), stereo=False, units='norm', useFBO=True, useRetina=True, viewOri=0.0, viewPos=None, viewScale=None, waitBlanking=True, winType='pyglet')
15.9732 	EXP 	window1: recordFrameIntervals = False
16.1389 	EXP 	window1: recordFrameIntervals = True
16.3225 	EXP 	window1: recordFrameIntervals = False
16.4466 	EXP 	Created insRound1 = TextStim(__class__=<class 'psychopy.visual.text.TextStim'>, alignHoriz='center', alignVert='center', antialias=True, autoLog=True, bold=False, color='white', colorSpace='named', contrast=1.0, depth=0.0, flipHoriz=False, flipVert=False, font='Arial', fontFiles=[], height=0.07, italic=False, languageStyle='LTR', name='insRound1', opacity=1.0, ori=0, pos=array([0., 0.]), rgb=array([255., 255., 255.]), text=str(...), units='norm', win=Window(...), wrapWidth=1)
16.4564 	EXP 	Created text = TextStim(__class__=<class 'psychopy.visual.text.TextStim'>, alignHoriz='center', alignVert='center', antialias=True, autoLog=True, bold=False, color='white', colorSpace='named', contrast=1.0, depth=0.0, flipHoriz=False, flipVert=False, font='Arial', fontFiles=[], height=0.1, italic=False, languageStyle='LTR', name='text', opacity=1.0, ori=0, pos=array([0., 0.]), rgb=array([255., 255., 255.]), text='Block 1 starts\n\nPress space', units='norm', win=Window(...), wrapWidth=1)
16.4632 	EXP 	Created firstcircle_3 = Polygon(__class__=<class 'psychopy.visual.polygon.Polygon'>, autoDraw=False, autoLog=True, closeShape=True, color=method-wrapper(...), colorSpace=None, contrast=1.0, depth=0.0, fillColor=array([1., 1., 1.]), fillColorSpace='rgb', fillRGB=array([1., 1., 1.]), interpolate=True, lineColor=array([1., 1., 1.]), lineColorSpace='rgb', lineRGB=array([1., 1., 1.]), lineWidth=1, name='firstcircle_3', opacity=1.0, ori=array(0.), pos=array([0., 0.]), size=array([0.3, 0.5]), units='norm', vertices=ndarray(...), win=Window(...))
16.4662 	EXP 	Created text_3 = TextStim(__class__=<class 'psychopy.visual.text.TextStim'>, alignHoriz='center', alignVert='center', antialias=True, autoLog=True, bold=False, color='white', colorSpace='named', contrast=1.0, depth=-2.0, flipHoriz=False, flipVert=False, font='Arial', fontFiles=[], height=0.1, italic=False, languageStyle='LTR', name='text_3', opacity=1.0, ori=0, pos=array([0., 0.]), rgb=array([255., 255., 255.]), text='+', units='norm', win=Window(...), wrapWidth=1)
16.4687 	EXP 	Created secondcircle = Polygon(__class__=<class 'psychopy.visual.polygon.Polygon'>, autoDraw=False, autoLog=True, closeShape=True, color=method-wrapper(...), colorSpace=None, contrast=1.0, depth=-3.0, fillColor=array([-1., -1., -1.]), fillColorSpace='rgb', fillRGB=array([-1., -1., -1.]), interpolate=True, lineColor=array([-1., -1., -1.]), lineColorSpace='rgb', lineRGB=array([-1., -1., -1.]), lineWidth=1, name='secondcircle', opacity=1.0, ori=array(0.), pos=array([0., 0.]), size=array([0.3, 0.5]), units='norm', vertices=ndarray(...), win=Window(...))
16.4718 	EXP 	Created text_4 = TextStim(__class__=<class 'psychopy.visual.text.TextStim'>, alignHoriz='center', alignVert='center', antialias=True, autoLog=True, bold=False, color='white', colorSpace='named', contrast=1.0, depth=-4.0, flipHoriz=False, flipVert=False, font='Arial', fontFiles=[], height=0.1, italic=False, languageStyle='LTR', name='text_4', opacity=1.0, ori=0, pos=array([0., 0.]), rgb=array([255., 255., 255.]), text='next', units='norm', win=Window(...), wrapWidth=1)
16.4778 	EXP 	Created text_5 = TextStim(__class__=<class 'psychopy.visual.text.TextStim'>, alignHoriz='center', alignVert='center', antialias=True, autoLog=True, bold=False, color='white', colorSpace='named', contrast=1.0, depth=0.0, flipHoriz=False, flipVert=False, font='Arial', fontFiles=[], height=0.1, italic=False, languageStyle='LTR', name='text_5', opacity=1.0, ori=0, pos=array([0., 0.]), rgb=array([255., 255., 255.]), text='Block 2 starts\n\nPress space', units='norm', win=Window(...), wrapWidth=1)
16.4802 	EXP 	Created firstcircle_3 = Polygon(__class__=<class 'psychopy.visual.polygon.Polygon'>, autoDraw=False, autoLog=True, closeShape=True, color=method-wrapper(...), colorSpace=None, contrast=1.0, depth=0.0, fillColor=array([1., 1., 1.]), fillColorSpace='rgb', fillRGB=array([1., 1., 1.]), interpolate=True, lineColor=array([1., 1., 1.]), lineColorSpace='rgb', lineRGB=array([1., 1., 1.]), lineWidth=1, name='firstcircle_3', opacity=1.0, ori=array(0.), pos=array([0., 0.]), size=array([0.3, 0.5]), units='norm', vertices=ndarray(...), win=Window(...))
16.4822 	EXP 	Created text_3 = TextStim(__class__=<class 'psychopy.visual.text.TextStim'>, alignHoriz='center', alignVert='center', antialias=True, autoLog=True, bold=False, color='white', colorSpace='named', contrast=1.0, depth=-2.0, flipHoriz=False, flipVert=False, font='Arial', fontFiles=[], height=0.1, italic=False, languageStyle='LTR', name='text_3', opacity=1.0, ori=0, pos=array([0., 0.]), rgb=array([255., 255., 255.]), text='+', units='norm', win=Window(...), wrapWidth=1)
16.4847 	EXP 	Created secondcircle = Polygon(__class__=<class 'psychopy.visual.polygon.Polygon'>, autoDraw=False, autoLog=True, closeShape=True, color=method-wrapper(...), colorSpace=None, contrast=1.0, depth=-3.0, fillColor=array([-1., -1., -1.]), fillColorSpace='rgb', fillRGB=array([-1., -1., -1.]), interpolate=True, lineColor=array([-1., -1., -1.]), lineColorSpace='rgb', lineRGB=array([-1., -1., -1.]), lineWidth=1, name='secondcircle', opacity=1.0, ori=array(0.), pos=array([0., 0.]), size=array([0.3, 0.5]), units='norm', vertices=ndarray(...), win=Window(...))
16.4868 	EXP 	Created text_4 = TextStim(__class__=<class 'psychopy.visual.text.TextStim'>, alignHoriz='center', alignVert='center', antialias=True, autoLog=True, bold=False, color='white', colorSpace='named', contrast=1.0, depth=-4.0, flipHoriz=False, flipVert=False, font='Arial', fontFiles=[], height=0.1, italic=False, languageStyle='LTR', name='text_4', opacity=1.0, ori=0, pos=array([0., 0.]), rgb=array([255., 255., 255.]), text='next', units='norm', win=Window(...), wrapWidth=1)
16.4926 	EXP 	Created text_6 = TextStim(__class__=<class 'psychopy.visual.text.TextStim'>, alignHoriz='center', alignVert='center', antialias=True, autoLog=True, bold=False, color='white', colorSpace='named', contrast=1.0, depth=0.0, flipHoriz=False, flipVert=False, font='Arial', fontFiles=[], height=0.1, italic=False, languageStyle='LTR', name='text_6', opacity=1.0, ori=0, pos=array([0., 0.]), rgb=array([255., 255., 255.]), text='Block 3 starts\n\nPress space', units='norm', win=Window(...), wrapWidth=1)
16.4956 	EXP 	Created firstcircle_3 = Polygon(__class__=<class 'psychopy.visual.polygon.Polygon'>, autoDraw=False, autoLog=True, closeShape=True, color=method-wrapper(...), colorSpace=None, contrast=1.0, depth=0.0, fillColor=array([1., 1., 1.]), fillColorSpace='rgb', fillRGB=array([1., 1., 1.]), interpolate=True, lineColor=array([1., 1., 1.]), lineColorSpace='rgb', lineRGB=array([1., 1., 1.]), lineWidth=1, name='firstcircle_3', opacity=1.0, ori=array(0.), pos=array([0., 0.]), size=array([0.3, 0.5]), units='norm', vertices=ndarray(...), win=Window(...))
16.4990 	EXP 	Created text_3 = TextStim(__class__=<class 'psychopy.visual.text.TextStim'>, alignHoriz='center', alignVert='center', antialias=True, autoLog=True, bold=False, color='white', colorSpace='named', contrast=1.0, depth=-2.0, flipHoriz=False, flipVert=False, font='Arial', fontFiles=[], height=0.1, italic=False, languageStyle='LTR', name='text_3', opacity=1.0, ori=0, pos=array([0., 0.]), rgb=array([255., 255., 255.]), text='+', units='norm', win=Window(...), wrapWidth=1)
16.5031 	EXP 	Created secondcircle = Polygon(__class__=<class 'psychopy.visual.polygon.Polygon'>, autoDraw=False, autoLog=True, closeShape=True, color=method-wrapper(...), colorSpace=None, contrast=1.0, depth=-3.0, fillColor=array([-1., -1., -1.]), fillColorSpace='rgb', fillRGB=array([-1., -1., -1.]), interpolate=True, lineColor=array([-1., -1., -1.]), lineColorSpace='rgb', lineRGB=array([-1., -1., -1.]), lineWidth=1, name='secondcircle', opacity=1.0, ori=array(0.), pos=array([0., 0.]), size=array([0.3, 0.5]), units='norm', vertices=ndarray(...), win=Window(...))
16.5060 	EXP 	Created text_4 = TextStim(__class__=<class 'psychopy.visual.text.TextStim'>, alignHoriz='center', alignVert='center', antialias=True, autoLog=True, bold=False, color='white', colorSpace='named', contrast=1.0, depth=-4.0, flipHoriz=False, flipVert=False, font='Arial', fontFiles=[], height=0.1, italic=False, languageStyle='LTR', name='text_4', opacity=1.0, ori=0, pos=array([0., 0.]), rgb=array([255., 255., 255.]), text='next', units='norm', win=Window(...), wrapWidth=1)
16.5129 	EXP 	Created text_7 = TextStim(__class__=<class 'psychopy.visual.text.TextStim'>, alignHoriz='center', alignVert='center', antialias=True, autoLog=True, bold=False, color='white', colorSpace='named', contrast=1.0, depth=0.0, flipHoriz=False, flipVert=False, font='Arial', fontFiles=[], height=0.1, italic=False, languageStyle='LTR', name='text_7', opacity=1.0, ori=0, pos=array([0., 0.]), rgb=array([255., 255., 255.]), text='Block 4 starts\n\nPress space', units='norm', win=Window(...), wrapWidth=1)
16.5158 	EXP 	Created firstcircle_3 = Polygon(__class__=<class 'psychopy.visual.polygon.Polygon'>, autoDraw=False, autoLog=True, closeShape=True, color=method-wrapper(...), colorSpace=None, contrast=1.0, depth=0.0, fillColor=array([1., 1., 1.]), fillColorSpace='rgb', fillRGB=array([1., 1., 1.]), interpolate=True, lineColor=array([1., 1., 1.]), lineColorSpace='rgb', lineRGB=array([1., 1., 1.]), lineWidth=1, name='firstcircle_3', opacity=1.0, ori=array(0.), pos=array([0., 0.]), size=array([0.3, 0.5]), units='norm', vertices=ndarray(...), win=Window(...))
16.5186 	EXP 	Created text_3 = TextStim(__class__=<class 'psychopy.visual.text.TextStim'>, alignHoriz='center', alignVert='center', antialias=True, autoLog=True, bold=False, color='white', colorSpace='named', contrast=1.0, depth=-2.0, flipHoriz=False, flipVert=False, font='Arial', fontFiles=[], height=0.1, italic=False, languageStyle='LTR', name='text_3', opacity=1.0, ori=0, pos=array([0., 0.]), rgb=array([255., 255., 255.]), text='+', units='norm', win=Window(...), wrapWidth=1)
16.5220 	EXP 	Created secondcircle = Polygon(__class__=<class 'psychopy.visual.polygon.Polygon'>, autoDraw=False, autoLog=True, closeShape=True, color=method-wrapper(...), colorSpace=None, contrast=1.0, depth=-3.0, fillColor=array([-1., -1., -1.]), fillColorSpace='rgb', fillRGB=array([-1., -1., -1.]), interpolate=True, lineColor=array([-1., -1., -1.]), lineColorSpace='rgb', lineRGB=array([-1., -1., -1.]), lineWidth=1, name='secondcircle', opacity=1.0, ori=array(0.), pos=array([0., 0.]), size=array([0.3, 0.5]), units='norm', vertices=ndarray(...), win=Window(...))
16.5249 	EXP 	Created text_4 = TextStim(__class__=<class 'psychopy.visual.text.TextStim'>, alignHoriz='center', alignVert='center', antialias=True, autoLog=True, bold=False, color='white', colorSpace='named', contrast=1.0, depth=-4.0, flipHoriz=False, flipVert=False, font='Arial', fontFiles=[], height=0.1, italic=False, languageStyle='LTR', name='text_4', opacity=1.0, ori=0, pos=array([0., 0.]), rgb=array([255., 255., 255.]), text='next', units='norm', win=Window(...), wrapWidth=1)
16.5296 	EXP 	Created text_2 = TextStim(__class__=<class 'psychopy.visual.text.TextStim'>, alignHoriz='center', alignVert='center', antialias=True, autoLog=True, bold=False, color='white', colorSpace='named', contrast=1.0, depth=0.0, flipHoriz=False, flipVert=False, font='Arial', fontFiles=[], height=0.1, italic=False, languageStyle='LTR', name='text_2', opacity=1.0, ori=0, pos=array([0., 0.]), rgb=array([255., 255., 255.]), text='The end', units='norm', win=Window(...), wrapWidth=1)
16.5388 	EXP 	insRound1: autoDraw = True
51.3755 	DATA 	Keypress: space
51.3883 	EXP 	insRound1: autoDraw = False
51.3883 	EXP 	text: autoDraw = True
53.3574 	DATA 	Keypress: space
53.3659 	EXP 	Imported conditionsTime.csv as conditions, 20 conditions, 7 params
53.3662 	EXP 	Created sequence: sequential, trialTypes=20, nReps=1, seed=None
53.3665 	EXP 	New trial (rep=0, index=0): OrderedDict([('firstTime', 1.8), ('secondTime', 1.2), ('corrAns', 'left'), ('plusStart', 2.3), ('secondStart', 3.3), ('respStart', 4.5), ('randNum', 0.17368025899999998)])
53.3716 	EXP 	text: autoDraw = False
53.3716 	EXP 	text_4: autoDraw = True
53.8716 	EXP 	text_4: autoDraw = False
53.8883 	EXP 	firstcircle_3: autoDraw = True
55.6716 	EXP 	firstcircle_3: autoDraw = False
55.6883 	EXP 	text_3: autoDraw = True
56.6716 	EXP 	text_3: autoDraw = False
56.6882 	EXP 	secondcircle: autoDraw = True
57.8716 	EXP 	secondcircle: autoDraw = False
59.1078 	DATA 	Keypress: left
59.1236 	EXP 	New trial (rep=0, index=1): OrderedDict([('firstTime', 3.6), ('secondTime', 3.2), ('corrAns', 'left'), ('plusStart', 4.1), ('secondStart', 5.1), ('respStart', 8.3), ('randNum', 0.41458448299999995)])
59.1382 	EXP 	firstcircle_3: autoDraw = False
59.1382 	EXP 	text_3: autoDraw = False
59.1382 	EXP 	secondcircle: autoDraw = False
59.1382 	EXP 	text_4: autoDraw = False
59.1382 	EXP 	text_4: autoDraw = True
59.6382 	EXP 	text_4: autoDraw = False
59.6549 	EXP 	firstcircle_3: autoDraw = True
63.2381 	EXP 	firstcircle_3: autoDraw = False
63.2548 	EXP 	text_3: autoDraw = True
64.2381 	EXP 	text_3: autoDraw = False
64.2548 	EXP 	secondcircle: autoDraw = True
67.4381 	EXP 	secondcircle: autoDraw = False
70.2734 	DATA 	Keypress: right
70.2748 	EXP 	New trial (rep=0, index=2): OrderedDict([('firstTime', 2.5), ('secondTime', 1.5), ('corrAns', 'left'), ('plusStart', 3.0), ('secondStart', 4.0), ('respStart', 5.5), ('randNum', 0.148607464)])
70.2880 	EXP 	firstcircle_3: autoDraw = False
70.2880 	EXP 	text_3: autoDraw = False
70.2880 	EXP 	secondcircle: autoDraw = False
70.2880 	EXP 	text_4: autoDraw = False
70.2880 	EXP 	text_4: autoDraw = True
70.7881 	EXP 	text_4: autoDraw = False
70.8047 	EXP 	firstcircle_3: autoDraw = True
73.2880 	EXP 	firstcircle_3: autoDraw = False
73.3047 	EXP 	text_3: autoDraw = True
74.2880 	EXP 	text_3: autoDraw = False
74.3047 	EXP 	secondcircle: autoDraw = True
75.7880 	EXP 	secondcircle: autoDraw = False
78.9400 	DATA 	Keypress: left
78.9413 	EXP 	New trial (rep=0, index=3): OrderedDict([('firstTime', 1.8), ('secondTime', 2.7), ('corrAns', 'right'), ('plusStart', 2.3), ('secondStart', 3.3), ('respStart', 6.0), ('randNum', 0.13554984)])
78.9546 	EXP 	firstcircle_3: autoDraw = False
78.9546 	EXP 	text_3: autoDraw = False
78.9546 	EXP 	secondcircle: autoDraw = False
78.9546 	EXP 	text_4: autoDraw = False
78.9546 	EXP 	text_4: autoDraw = True
79.4546 	EXP 	text_4: autoDraw = False
79.4713 	EXP 	firstcircle_3: autoDraw = True
81.2546 	EXP 	firstcircle_3: autoDraw = False
81.2712 	EXP 	text_3: autoDraw = True
82.2545 	EXP 	text_3: autoDraw = False
82.2713 	EXP 	secondcircle: autoDraw = True
84.9545 	EXP 	secondcircle: autoDraw = False
85.6400 	DATA 	Keypress: right
85.6413 	EXP 	New trial (rep=0, index=4): OrderedDict([('firstTime', 1.2), ('secondTime', 1.8), ('corrAns', 'right'), ('plusStart', 1.7), ('secondStart', 2.7), ('respStart', 4.5), ('randNum', 0.309174352)])
85.6545 	EXP 	firstcircle_3: autoDraw = False
85.6545 	EXP 	text_3: autoDraw = False
85.6545 	EXP 	secondcircle: autoDraw = False
85.6545 	EXP 	text_4: autoDraw = False
85.6545 	EXP 	text_4: autoDraw = True
86.1545 	EXP 	text_4: autoDraw = False
86.1712 	EXP 	firstcircle_3: autoDraw = True
87.3545 	EXP 	firstcircle_3: autoDraw = False
87.3711 	EXP 	text_3: autoDraw = True
88.3545 	EXP 	text_3: autoDraw = False
88.3711 	EXP 	secondcircle: autoDraw = True
90.1545 	EXP 	secondcircle: autoDraw = False
90.7231 	DATA 	Keypress: right
90.7244 	EXP 	New trial (rep=0, index=5): OrderedDict([('firstTime', 8.8), ('secondTime', 9.9), ('corrAns', 'right'), ('plusStart', 9.3), ('secondStart', 10.3), ('respStart', 20.2), ('randNum', 0.7009299529999999)])
90.7378 	EXP 	firstcircle_3: autoDraw = False
90.7378 	EXP 	text_3: autoDraw = False
90.7378 	EXP 	secondcircle: autoDraw = False
90.7378 	EXP 	text_4: autoDraw = False
90.7378 	EXP 	text_4: autoDraw = True
91.2378 	EXP 	text_4: autoDraw = False
91.2544 	EXP 	firstcircle_3: autoDraw = True
100.0376 	EXP 	firstcircle_3: autoDraw = False
100.0543 	EXP 	text_3: autoDraw = True
101.0376 	EXP 	text_3: autoDraw = False
101.0543 	EXP 	secondcircle: autoDraw = True
110.9375 	EXP 	secondcircle: autoDraw = False
111.7895 	DATA 	Keypress: right
111.7908 	EXP 	New trial (rep=0, index=6): OrderedDict([('firstTime', 3.3), ('secondTime', 4.4), ('corrAns', 'right'), ('plusStart', 3.8), ('secondStart', 4.8), ('respStart', 9.2), ('randNum', 0.705723743)])
111.8042 	EXP 	firstcircle_3: autoDraw = False
111.8042 	EXP 	text_3: autoDraw = False
111.8042 	EXP 	secondcircle: autoDraw = False
111.8042 	EXP 	text_4: autoDraw = False
111.8042 	EXP 	text_4: autoDraw = True
112.3042 	EXP 	text_4: autoDraw = False
112.3208 	EXP 	firstcircle_3: autoDraw = True
115.6041 	EXP 	firstcircle_3: autoDraw = False
115.6208 	EXP 	text_3: autoDraw = True
116.6041 	EXP 	text_3: autoDraw = False
116.6208 	EXP 	secondcircle: autoDraw = True
121.0040 	EXP 	secondcircle: autoDraw = False
121.7226 	DATA 	Keypress: right
121.7240 	EXP 	New trial (rep=0, index=7): OrderedDict([('firstTime', 3.5), ('secondTime', 2.1), ('corrAns', 'left'), ('plusStart', 4.0), ('secondStart', 5.0), ('respStart', 7.1), ('randNum', 0.544523215)])
121.7374 	EXP 	firstcircle_3: autoDraw = False
121.7374 	EXP 	text_3: autoDraw = False
121.7374 	EXP 	secondcircle: autoDraw = False
121.7374 	EXP 	text_4: autoDraw = False
121.7374 	EXP 	text_4: autoDraw = True
122.2374 	EXP 	text_4: autoDraw = False
122.2540 	EXP 	firstcircle_3: autoDraw = True
125.7373 	EXP 	firstcircle_3: autoDraw = False
125.7540 	EXP 	text_3: autoDraw = True
126.7373 	EXP 	text_3: autoDraw = False
126.7540 	EXP 	secondcircle: autoDraw = True
128.8373 	EXP 	secondcircle: autoDraw = False
130.2391 	DATA 	Keypress: left
130.2404 	EXP 	New trial (rep=0, index=8): OrderedDict([('firstTime', 1.4), ('secondTime', 0.7), ('corrAns', 'left'), ('plusStart', 1.9), ('secondStart', 2.9), ('respStart', 3.6), ('randNum', 0.53553232)])
130.2540 	EXP 	firstcircle_3: autoDraw = False
130.2540 	EXP 	text_3: autoDraw = False
130.2540 	EXP 	secondcircle: autoDraw = False
130.2540 	EXP 	text_4: autoDraw = False
130.2540 	EXP 	text_4: autoDraw = True
130.7539 	EXP 	text_4: autoDraw = False
130.7706 	EXP 	firstcircle_3: autoDraw = True
132.1539 	EXP 	firstcircle_3: autoDraw = False
132.1706 	EXP 	text_3: autoDraw = True
133.1539 	EXP 	text_3: autoDraw = False
133.1705 	EXP 	secondcircle: autoDraw = True
133.8539 	EXP 	secondcircle: autoDraw = False
135.1557 	DATA 	Keypress: left
135.1570 	EXP 	New trial (rep=0, index=9): OrderedDict([('firstTime', 4.4), ('secondTime', 3.3), ('corrAns', 'left'), ('plusStart', 4.9), ('secondStart', 5.9), ('respStart', 9.2), ('randNum', 0.255641654)])
135.1705 	EXP 	firstcircle_3: autoDraw = False
135.1705 	EXP 	text_3: autoDraw = False
135.1705 	EXP 	secondcircle: autoDraw = False
135.1705 	EXP 	text_4: autoDraw = False
135.1705 	EXP 	text_4: autoDraw = True
135.6705 	EXP 	text_4: autoDraw = False
135.6872 	EXP 	firstcircle_3: autoDraw = True
140.0704 	EXP 	firstcircle_3: autoDraw = False
140.0871 	EXP 	text_3: autoDraw = True
141.0705 	EXP 	text_3: autoDraw = False
141.0871 	EXP 	secondcircle: autoDraw = True
144.3704 	EXP 	secondcircle: autoDraw = False
145.5223 	DATA 	Keypress: left
145.5236 	EXP 	New trial (rep=0, index=10): OrderedDict([('firstTime', 3.2), ('secondTime', 3.6), ('corrAns', 'right'), ('plusStart', 3.7), ('secondStart', 4.7), ('respStart', 8.3), ('randNum', 0.140100939)])
145.5370 	EXP 	firstcircle_3: autoDraw = False
145.5370 	EXP 	text_3: autoDraw = False
145.5370 	EXP 	secondcircle: autoDraw = False
145.5370 	EXP 	text_4: autoDraw = False
145.5370 	EXP 	text_4: autoDraw = True
146.0370 	EXP 	text_4: autoDraw = False
146.0537 	EXP 	firstcircle_3: autoDraw = True
149.2370 	EXP 	firstcircle_3: autoDraw = False
149.2537 	EXP 	text_3: autoDraw = True
150.2370 	EXP 	text_3: autoDraw = False
150.2536 	EXP 	secondcircle: autoDraw = True
153.8369 	EXP 	secondcircle: autoDraw = False
155.0889 	DATA 	Keypress: right
155.0902 	EXP 	New trial (rep=0, index=11): OrderedDict([('firstTime', 2.8), ('secondTime', 2.1), ('corrAns', 'left'), ('plusStart', 3.3), ('secondStart', 4.3), ('respStart', 6.4), ('randNum', 0.019093293)])
155.1036 	EXP 	firstcircle_3: autoDraw = False
155.1036 	EXP 	text_3: autoDraw = False
155.1036 	EXP 	secondcircle: autoDraw = False
155.1036 	EXP 	text_4: autoDraw = False
155.1036 	EXP 	text_4: autoDraw = True
155.6036 	EXP 	text_4: autoDraw = False
155.6203 	EXP 	firstcircle_3: autoDraw = True
158.4035 	EXP 	firstcircle_3: autoDraw = False
158.4202 	EXP 	text_3: autoDraw = True
159.4035 	EXP 	text_3: autoDraw = False
159.4202 	EXP 	secondcircle: autoDraw = True
161.5035 	EXP 	secondcircle: autoDraw = False
162.9055 	DATA 	Keypress: left
162.9069 	EXP 	New trial (rep=0, index=12): OrderedDict([('firstTime', 0.9), ('secondTime', 1.8), ('corrAns', 'right'), ('plusStart', 1.4), ('secondStart', 2.4), ('respStart', 4.2), ('randNum', 0.461070472)])
162.9201 	EXP 	firstcircle_3: autoDraw = False
162.9201 	EXP 	text_3: autoDraw = False
162.9201 	EXP 	secondcircle: autoDraw = False
162.9201 	EXP 	text_4: autoDraw = False
162.9201 	EXP 	text_4: autoDraw = True
163.4201 	EXP 	text_4: autoDraw = False
163.4368 	EXP 	firstcircle_3: autoDraw = True
164.3201 	EXP 	firstcircle_3: autoDraw = False
164.3368 	EXP 	text_3: autoDraw = True
165.3201 	EXP 	text_3: autoDraw = False
165.3368 	EXP 	secondcircle: autoDraw = True
167.1201 	EXP 	secondcircle: autoDraw = False
167.9053 	DATA 	Keypress: right
167.9066 	EXP 	New trial (rep=0, index=13): OrderedDict([('firstTime', 2.1), ('secondTime', 2.8), ('corrAns', 'right'), ('plusStart', 2.6), ('secondStart', 3.6), ('respStart', 6.4), ('randNum', 0.22761601199999998)])
167.9201 	EXP 	firstcircle_3: autoDraw = False
167.9201 	EXP 	text_3: autoDraw = False
167.9201 	EXP 	secondcircle: autoDraw = False
167.9201 	EXP 	text_4: autoDraw = False
167.9201 	EXP 	text_4: autoDraw = True
168.4201 	EXP 	text_4: autoDraw = False
168.4367 	EXP 	firstcircle_3: autoDraw = True
170.5200 	EXP 	firstcircle_3: autoDraw = False
170.5367 	EXP 	text_3: autoDraw = True
171.5200 	EXP 	text_3: autoDraw = False
171.5367 	EXP 	secondcircle: autoDraw = True
174.3200 	EXP 	secondcircle: autoDraw = False
175.9219 	DATA 	Keypress: left
175.9232 	EXP 	New trial (rep=0, index=14): OrderedDict([('firstTime', 0.7), ('secondTime', 1.4), ('corrAns', 'right'), ('plusStart', 1.2), ('secondStart', 2.2), ('respStart', 3.6), ('randNum', 0.436550891)])
175.9366 	EXP 	firstcircle_3: autoDraw = False
175.9366 	EXP 	text_3: autoDraw = False
175.9366 	EXP 	secondcircle: autoDraw = False
175.9366 	EXP 	text_4: autoDraw = False
175.9366 	EXP 	text_4: autoDraw = True
176.4366 	EXP 	text_4: autoDraw = False
176.4533 	EXP 	firstcircle_3: autoDraw = True
177.1366 	EXP 	firstcircle_3: autoDraw = False
177.1533 	EXP 	text_3: autoDraw = True
178.1366 	EXP 	text_3: autoDraw = False
178.1533 	EXP 	secondcircle: autoDraw = True
179.5366 	EXP 	secondcircle: autoDraw = False
180.2885 	DATA 	Keypress: right
180.2899 	EXP 	New trial (rep=0, index=15): OrderedDict([('firstTime', 1.8), ('secondTime', 0.9), ('corrAns', 'left'), ('plusStart', 2.3), ('secondStart', 3.3), ('respStart', 4.2), ('randNum', 0.028891147000000002)])
180.3032 	EXP 	firstcircle_3: autoDraw = False
180.3032 	EXP 	text_3: autoDraw = False
180.3032 	EXP 	secondcircle: autoDraw = False
180.3032 	EXP 	text_4: autoDraw = False
180.3032 	EXP 	text_4: autoDraw = True
180.8032 	EXP 	text_4: autoDraw = False
180.8200 	EXP 	firstcircle_3: autoDraw = True
182.6032 	EXP 	firstcircle_3: autoDraw = False
182.6199 	EXP 	text_3: autoDraw = True
183.6032 	EXP 	text_3: autoDraw = False
183.6199 	EXP 	secondcircle: autoDraw = True
184.5032 	EXP 	secondcircle: autoDraw = False
185.9385 	DATA 	Keypress: left
185.9399 	EXP 	New trial (rep=0, index=16): OrderedDict([('firstTime', 2.7), ('secondTime', 1.8), ('corrAns', 'left'), ('plusStart', 3.2), ('secondStart', 4.2), ('respStart', 6.0), ('randNum', 0.277400549)])
185.9532 	EXP 	firstcircle_3: autoDraw = False
185.9532 	EXP 	text_3: autoDraw = False
185.9532 	EXP 	secondcircle: autoDraw = False
185.9532 	EXP 	text_4: autoDraw = False
185.9532 	EXP 	text_4: autoDraw = True
186.4531 	EXP 	text_4: autoDraw = False
186.4698 	EXP 	firstcircle_3: autoDraw = True
189.1531 	EXP 	firstcircle_3: autoDraw = False
189.1698 	EXP 	text_3: autoDraw = True
190.1531 	EXP 	text_3: autoDraw = False
190.1698 	EXP 	secondcircle: autoDraw = True
191.9531 	EXP 	secondcircle: autoDraw = False
193.2385 	DATA 	Keypress: left
193.2398 	EXP 	New trial (rep=0, index=17): OrderedDict([('firstTime', 9.9), ('secondTime', 8.8), ('corrAns', 'left'), ('plusStart', 10.4), ('secondStart', 11.4), ('respStart', 20.2), ('randNum', 0.9607848720000001)])
193.2531 	EXP 	firstcircle_3: autoDraw = False
193.2531 	EXP 	text_3: autoDraw = False
193.2531 	EXP 	secondcircle: autoDraw = False
193.2531 	EXP 	text_4: autoDraw = False
193.2531 	EXP 	text_4: autoDraw = True
193.7531 	EXP 	text_4: autoDraw = False
193.7697 	EXP 	firstcircle_3: autoDraw = True
203.6529 	EXP 	firstcircle_3: autoDraw = False
203.6696 	EXP 	text_3: autoDraw = True
204.6529 	EXP 	text_3: autoDraw = False
204.6696 	EXP 	secondcircle: autoDraw = True
213.4528 	EXP 	secondcircle: autoDraw = False
216.8880 	DATA 	Keypress: right
216.8893 	EXP 	New trial (rep=0, index=18): OrderedDict([('firstTime', 2.1), ('secondTime', 3.5), ('corrAns', 'right'), ('plusStart', 2.6), ('secondStart', 3.6), ('respStart', 7.1), ('randNum', 0.609327094)])
216.9027 	EXP 	firstcircle_3: autoDraw = False
216.9027 	EXP 	text_3: autoDraw = False
216.9027 	EXP 	secondcircle: autoDraw = False
216.9027 	EXP 	text_4: autoDraw = False
216.9027 	EXP 	text_4: autoDraw = True
217.4027 	EXP 	text_4: autoDraw = False
217.4194 	EXP 	firstcircle_3: autoDraw = True
219.5027 	EXP 	firstcircle_3: autoDraw = False
219.5194 	EXP 	text_3: autoDraw = True
220.5027 	EXP 	text_3: autoDraw = False
220.5194 	EXP 	secondcircle: autoDraw = True
224.0026 	EXP 	secondcircle: autoDraw = False
225.0047 	DATA 	Keypress: right
225.0052 	DATA 	Keypress: rshift
225.0066 	EXP 	New trial (rep=0, index=19): OrderedDict([('firstTime', 1.5), ('secondTime', 2.5), ('corrAns', 'right'), ('plusStart', 2.0), ('secondStart', 3.0), ('respStart', 5.5), ('randNum', 0.487304505)])
225.0194 	EXP 	firstcircle_3: autoDraw = False
225.0194 	EXP 	text_3: autoDraw = False
225.0194 	EXP 	secondcircle: autoDraw = False
225.0194 	EXP 	text_4: autoDraw = False
225.0194 	EXP 	text_4: autoDraw = True
225.5193 	EXP 	text_4: autoDraw = False
225.5360 	EXP 	firstcircle_3: autoDraw = True
227.0193 	EXP 	firstcircle_3: autoDraw = False
227.0359 	EXP 	text_3: autoDraw = True
228.0193 	EXP 	text_3: autoDraw = False
228.0359 	EXP 	secondcircle: autoDraw = True
230.5192 	EXP 	secondcircle: autoDraw = False
231.9212 	DATA 	Keypress: right
231.9359 	EXP 	firstcircle_3: autoDraw = False
231.9359 	EXP 	text_3: autoDraw = False
231.9359 	EXP 	secondcircle: autoDraw = False
231.9359 	EXP 	text_4: autoDraw = False
231.9359 	EXP 	text_5: autoDraw = True
235.5383 	DATA 	Keypress: space
235.5437 	EXP 	Imported conditionsTime2.csv as conditions, 20 conditions, 7 params
235.5441 	EXP 	Created sequence: sequential, trialTypes=20, nReps=1, seed=None
235.5445 	EXP 	New trial (rep=0, index=0): OrderedDict([('firstTime', 9.9), ('secondTime', 8.8), ('corrAns', 'left'), ('plusStart', 10.4), ('secondStart', 11.4), ('respStart', 20.2), ('randNum', 0.6005130679999999)])
235.5526 	EXP 	text_5: autoDraw = False
235.5526 	EXP 	text_4: autoDraw = True
236.0525 	EXP 	text_4: autoDraw = False
236.0692 	EXP 	firstcircle_3: autoDraw = True
245.9523 	EXP 	firstcircle_3: autoDraw = False
245.9690 	EXP 	text_3: autoDraw = True
246.9523 	EXP 	text_3: autoDraw = False
246.9690 	EXP 	secondcircle: autoDraw = True
255.7523 	EXP 	secondcircle: autoDraw = False
258.5708 	DATA 	Keypress: left
258.5724 	EXP 	New trial (rep=0, index=1): OrderedDict([('firstTime', 1.5), ('secondTime', 2.5), ('corrAns', 'right'), ('plusStart', 2.0), ('secondStart', 3.0), ('respStart', 5.5), ('randNum', 0.805142221)])
258.5855 	EXP 	firstcircle_3: autoDraw = False
258.5855 	EXP 	text_3: autoDraw = False
258.5855 	EXP 	secondcircle: autoDraw = False
258.5855 	EXP 	text_4: autoDraw = False
258.5855 	EXP 	text_4: autoDraw = True
259.0855 	EXP 	text_4: autoDraw = False
259.1022 	EXP 	firstcircle_3: autoDraw = True
260.5855 	EXP 	firstcircle_3: autoDraw = False
260.6022 	EXP 	text_3: autoDraw = True
261.5855 	EXP 	text_3: autoDraw = False
261.6021 	EXP 	secondcircle: autoDraw = True
264.0854 	EXP 	secondcircle: autoDraw = False
265.1541 	DATA 	Keypress: right
265.1554 	EXP 	New trial (rep=0, index=2): OrderedDict([('firstTime', 0.7), ('secondTime', 1.4), ('corrAns', 'right'), ('plusStart', 1.2), ('secondStart', 2.2), ('respStart', 3.6), ('randNum', 0.70587608)])
265.1688 	EXP 	firstcircle_3: autoDraw = False
265.1688 	EXP 	text_3: autoDraw = False
265.1688 	EXP 	secondcircle: autoDraw = False
265.1688 	EXP 	text_4: autoDraw = False
265.1688 	EXP 	text_4: autoDraw = True
265.6687 	EXP 	text_4: autoDraw = False
265.6854 	EXP 	firstcircle_3: autoDraw = True
266.3687 	EXP 	firstcircle_3: autoDraw = False
266.3854 	EXP 	text_3: autoDraw = True
267.3687 	EXP 	text_3: autoDraw = False
267.3854 	EXP 	secondcircle: autoDraw = True
268.7687 	EXP 	secondcircle: autoDraw = False
269.7373 	DATA 	Keypress: right
269.7387 	EXP 	New trial (rep=0, index=3): OrderedDict([('firstTime', 1.2), ('secondTime', 1.8), ('corrAns', 'right'), ('plusStart', 1.7), ('secondStart', 2.7), ('respStart', 4.5), ('randNum', 0.276216099)])
269.7520 	EXP 	firstcircle_3: autoDraw = False
269.7520 	EXP 	text_3: autoDraw = False
269.7520 	EXP 	secondcircle: autoDraw = False
269.7520 	EXP 	text_4: autoDraw = False
269.7520 	EXP 	text_4: autoDraw = True
270.2521 	EXP 	text_4: autoDraw = False
270.2687 	EXP 	firstcircle_3: autoDraw = True
271.4520 	EXP 	firstcircle_3: autoDraw = False
271.4687 	EXP 	text_3: autoDraw = True
272.4520 	EXP 	text_3: autoDraw = False
272.4687 	EXP 	secondcircle: autoDraw = True
274.2520 	EXP 	secondcircle: autoDraw = False
276.0872 	DATA 	Keypress: right
276.0885 	EXP 	New trial (rep=0, index=4): OrderedDict([('firstTime', 3.3), ('secondTime', 4.4), ('corrAns', 'right'), ('plusStart', 3.8), ('secondStart', 4.8), ('respStart', 9.2), ('randNum', 0.803512663)])
276.1019 	EXP 	firstcircle_3: autoDraw = False
276.1019 	EXP 	text_3: autoDraw = False
276.1019 	EXP 	secondcircle: autoDraw = False
276.1019 	EXP 	text_4: autoDraw = False
276.1019 	EXP 	text_4: autoDraw = True
276.6019 	EXP 	text_4: autoDraw = False
276.6186 	EXP 	firstcircle_3: autoDraw = True
279.9019 	EXP 	firstcircle_3: autoDraw = False
279.9186 	EXP 	text_3: autoDraw = True
280.9019 	EXP 	text_3: autoDraw = False
280.9185 	EXP 	secondcircle: autoDraw = True
285.3018 	EXP 	secondcircle: autoDraw = False
286.2371 	DATA 	Keypress: right
286.2385 	EXP 	New trial (rep=0, index=5): OrderedDict([('firstTime', 2.1), ('secondTime', 2.8), ('corrAns', 'right'), ('plusStart', 2.6), ('secondStart', 3.6), ('respStart', 6.4), ('randNum', 0.26721103399999996)])
286.2518 	EXP 	firstcircle_3: autoDraw = False
286.2518 	EXP 	text_3: autoDraw = False
286.2518 	EXP 	secondcircle: autoDraw = False
286.2518 	EXP 	text_4: autoDraw = False
286.2518 	EXP 	text_4: autoDraw = True
286.7518 	EXP 	text_4: autoDraw = False
286.7685 	EXP 	firstcircle_3: autoDraw = True
288.8518 	EXP 	firstcircle_3: autoDraw = False
288.8684 	EXP 	text_3: autoDraw = True
289.8517 	EXP 	text_3: autoDraw = False
289.8685 	EXP 	secondcircle: autoDraw = True
292.6517 	EXP 	secondcircle: autoDraw = False
293.7871 	DATA 	Keypress: right
293.7885 	EXP 	New trial (rep=0, index=6): OrderedDict([('firstTime', 2.8), ('secondTime', 2.1), ('corrAns', 'left'), ('plusStart', 3.3), ('secondStart', 4.3), ('respStart', 6.4), ('randNum', 0.1426323)])
293.8017 	EXP 	firstcircle_3: autoDraw = False
293.8017 	EXP 	text_3: autoDraw = False
293.8017 	EXP 	secondcircle: autoDraw = False
293.8017 	EXP 	text_4: autoDraw = False
293.8017 	EXP 	text_4: autoDraw = True
294.3017 	EXP 	text_4: autoDraw = False
294.3184 	EXP 	firstcircle_3: autoDraw = True
297.1017 	EXP 	firstcircle_3: autoDraw = False
297.1183 	EXP 	text_3: autoDraw = True
298.1017 	EXP 	text_3: autoDraw = False
298.1183 	EXP 	secondcircle: autoDraw = True
300.2016 	EXP 	secondcircle: autoDraw = False
301.4036 	DATA 	Keypress: left
301.4049 	EXP 	New trial (rep=0, index=7): OrderedDict([('firstTime', 2.7), ('secondTime', 1.8), ('corrAns', 'left'), ('plusStart', 3.2), ('secondStart', 4.2), ('respStart', 6.0), ('randNum', 0.15619143)])
301.4183 	EXP 	firstcircle_3: autoDraw = False
301.4183 	EXP 	text_3: autoDraw = False
301.4183 	EXP 	secondcircle: autoDraw = False
301.4183 	EXP 	text_4: autoDraw = False
301.4183 	EXP 	text_4: autoDraw = True
301.9183 	EXP 	text_4: autoDraw = False
301.9349 	EXP 	firstcircle_3: autoDraw = True
304.6182 	EXP 	firstcircle_3: autoDraw = False
304.6349 	EXP 	text_3: autoDraw = True
305.6182 	EXP 	text_3: autoDraw = False
305.6349 	EXP 	secondcircle: autoDraw = True
307.4182 	EXP 	secondcircle: autoDraw = False
308.6702 	DATA 	Keypress: left
308.6718 	EXP 	New trial (rep=0, index=8): OrderedDict([('firstTime', 8.8), ('secondTime', 9.9), ('corrAns', 'right'), ('plusStart', 9.3), ('secondStart', 10.3), ('respStart', 20.2), ('randNum', 0.549248995)])
308.6849 	EXP 	firstcircle_3: autoDraw = False
308.6849 	EXP 	text_3: autoDraw = False
308.6849 	EXP 	secondcircle: autoDraw = False
308.6849 	EXP 	text_4: autoDraw = False
308.6849 	EXP 	text_4: autoDraw = True
309.1849 	EXP 	text_4: autoDraw = False
309.2015 	EXP 	firstcircle_3: autoDraw = True
317.9847 	EXP 	firstcircle_3: autoDraw = False
318.0014 	EXP 	text_3: autoDraw = True
318.9847 	EXP 	text_3: autoDraw = False
319.0014 	EXP 	secondcircle: autoDraw = True
328.8846 	EXP 	secondcircle: autoDraw = False
331.1032 	DATA 	Keypress: right
331.1046 	EXP 	New trial (rep=0, index=9): OrderedDict([('firstTime', 2.5), ('secondTime', 1.5), ('corrAns', 'left'), ('plusStart', 3.0), ('secondStart', 4.0), ('respStart', 5.5), ('randNum', 0.358211186)])
331.1179 	EXP 	firstcircle_3: autoDraw = False
331.1179 	EXP 	text_3: autoDraw = False
331.1179 	EXP 	secondcircle: autoDraw = False
331.1179 	EXP 	text_4: autoDraw = False
331.1179 	EXP 	text_4: autoDraw = True
331.6179 	EXP 	text_4: autoDraw = False
331.6345 	EXP 	firstcircle_3: autoDraw = True
334.1178 	EXP 	firstcircle_3: autoDraw = False
334.1345 	EXP 	text_3: autoDraw = True
335.1178 	EXP 	text_3: autoDraw = False
335.1345 	EXP 	secondcircle: autoDraw = True
336.6178 	EXP 	secondcircle: autoDraw = False
339.4363 	DATA 	Keypress: right
339.4376 	EXP 	New trial (rep=0, index=10): OrderedDict([('firstTime', 1.8), ('secondTime', 0.9), ('corrAns', 'left'), ('plusStart', 2.3), ('secondStart', 3.3), ('respStart', 4.2), ('randNum', 0.907401646)])
339.4511 	EXP 	firstcircle_3: autoDraw = False
339.4511 	EXP 	text_3: autoDraw = False
339.4511 	EXP 	secondcircle: autoDraw = False
339.4511 	EXP 	text_4: autoDraw = False
339.4511 	EXP 	text_4: autoDraw = True
339.9511 	EXP 	text_4: autoDraw = False
339.9677 	EXP 	firstcircle_3: autoDraw = True
341.7510 	EXP 	firstcircle_3: autoDraw = False
341.7677 	EXP 	text_3: autoDraw = True
342.7510 	EXP 	text_3: autoDraw = False
342.7677 	EXP 	secondcircle: autoDraw = True
343.6510 	EXP 	secondcircle: autoDraw = False
344.7197 	DATA 	Keypress: left
344.7211 	EXP 	New trial (rep=0, index=11): OrderedDict([('firstTime', 3.2), ('secondTime', 3.6), ('corrAns', 'right'), ('plusStart', 3.7), ('secondStart', 4.7), ('respStart', 8.3), ('randNum', 0.40261677799999995)])
344.7343 	EXP 	firstcircle_3: autoDraw = False
344.7343 	EXP 	text_3: autoDraw = False
344.7343 	EXP 	secondcircle: autoDraw = False
344.7343 	EXP 	text_4: autoDraw = False
344.7343 	EXP 	text_4: autoDraw = True
345.2343 	EXP 	text_4: autoDraw = False
345.2510 	EXP 	firstcircle_3: autoDraw = True
348.4344 	EXP 	firstcircle_3: autoDraw = False
348.4510 	EXP 	text_3: autoDraw = True
349.4343 	EXP 	text_3: autoDraw = False
349.4510 	EXP 	secondcircle: autoDraw = True
353.0342 	EXP 	secondcircle: autoDraw = False
354.0529 	DATA 	Keypress: right
354.0542 	EXP 	New trial (rep=0, index=12): OrderedDict([('firstTime', 2.1), ('secondTime', 3.5), ('corrAns', 'right'), ('plusStart', 2.6), ('secondStart', 3.6), ('respStart', 7.1), ('randNum', 0.699018652)])
354.0675 	EXP 	firstcircle_3: autoDraw = False
354.0675 	EXP 	text_3: autoDraw = False
354.0675 	EXP 	secondcircle: autoDraw = False
354.0675 	EXP 	text_4: autoDraw = False
354.0675 	EXP 	text_4: autoDraw = True
354.5675 	EXP 	text_4: autoDraw = False
354.5842 	EXP 	firstcircle_3: autoDraw = True
356.6675 	EXP 	firstcircle_3: autoDraw = False
356.6842 	EXP 	text_3: autoDraw = True
357.6675 	EXP 	text_3: autoDraw = False
357.6842 	EXP 	secondcircle: autoDraw = True
361.1675 	EXP 	secondcircle: autoDraw = False
362.2694 	DATA 	Keypress: right
362.2707 	EXP 	New trial (rep=0, index=13): OrderedDict([('firstTime', 1.8), ('secondTime', 2.7), ('corrAns', 'right'), ('plusStart', 2.3), ('secondStart', 3.3), ('respStart', 6.0), ('randNum', 0.8590765890000001)])
362.2841 	EXP 	firstcircle_3: autoDraw = False
362.2841 	EXP 	text_3: autoDraw = False
362.2841 	EXP 	secondcircle: autoDraw = False
362.2841 	EXP 	text_4: autoDraw = False
362.2841 	EXP 	text_4: autoDraw = True
362.7841 	EXP 	text_4: autoDraw = False
362.8008 	EXP 	firstcircle_3: autoDraw = True
364.5841 	EXP 	firstcircle_3: autoDraw = False
364.6008 	EXP 	text_3: autoDraw = True
365.5841 	EXP 	text_3: autoDraw = False
365.6007 	EXP 	secondcircle: autoDraw = True
368.2840 	EXP 	secondcircle: autoDraw = False
369.2694 	DATA 	Keypress: right
369.2707 	EXP 	New trial (rep=0, index=14): OrderedDict([('firstTime', 1.4), ('secondTime', 0.7), ('corrAns', 'left'), ('plusStart', 1.9), ('secondStart', 2.9), ('respStart', 3.6), ('randNum', 0.413030013)])
369.2840 	EXP 	firstcircle_3: autoDraw = False
369.2840 	EXP 	text_3: autoDraw = False
369.2840 	EXP 	secondcircle: autoDraw = False
369.2840 	EXP 	text_4: autoDraw = False
369.2840 	EXP 	text_4: autoDraw = True
369.7840 	EXP 	text_4: autoDraw = False
369.8007 	EXP 	firstcircle_3: autoDraw = True
371.1840 	EXP 	firstcircle_3: autoDraw = False
371.2007 	EXP 	text_3: autoDraw = True
372.1840 	EXP 	text_3: autoDraw = False
372.2006 	EXP 	secondcircle: autoDraw = True
372.8841 	EXP 	secondcircle: autoDraw = False
374.6860 	DATA 	Keypress: left
374.6873 	EXP 	New trial (rep=0, index=15): OrderedDict([('firstTime', 3.6), ('secondTime', 3.2), ('corrAns', 'left'), ('plusStart', 4.1), ('secondStart', 5.1), ('respStart', 8.3), ('randNum', 0.12198344800000001)])
374.7006 	EXP 	firstcircle_3: autoDraw = False
374.7006 	EXP 	text_3: autoDraw = False
374.7006 	EXP 	secondcircle: autoDraw = False
374.7006 	EXP 	text_4: autoDraw = False
374.7006 	EXP 	text_4: autoDraw = True
375.2006 	EXP 	text_4: autoDraw = False
375.2173 	EXP 	firstcircle_3: autoDraw = True
378.8006 	EXP 	firstcircle_3: autoDraw = False
378.8173 	EXP 	text_3: autoDraw = True
379.8005 	EXP 	text_3: autoDraw = False
379.8172 	EXP 	secondcircle: autoDraw = True
383.0005 	EXP 	secondcircle: autoDraw = False
384.4025 	DATA 	Keypress: left
384.4038 	EXP 	New trial (rep=0, index=16): OrderedDict([('firstTime', 4.4), ('secondTime', 3.3), ('corrAns', 'left'), ('plusStart', 4.9), ('secondStart', 5.9), ('respStart', 9.2), ('randNum', 0.7908218929999999)])
384.4171 	EXP 	firstcircle_3: autoDraw = False
384.4171 	EXP 	text_3: autoDraw = False
384.4171 	EXP 	secondcircle: autoDraw = False
384.4171 	EXP 	text_4: autoDraw = False
384.4171 	EXP 	text_4: autoDraw = True
384.9171 	EXP 	text_4: autoDraw = False
384.9338 	EXP 	firstcircle_3: autoDraw = True
389.3171 	EXP 	firstcircle_3: autoDraw = False
389.3337 	EXP 	text_3: autoDraw = True
390.3171 	EXP 	text_3: autoDraw = False
390.3337 	EXP 	secondcircle: autoDraw = True
393.6170 	EXP 	secondcircle: autoDraw = False
394.6355 	DATA 	Keypress: left
394.6368 	EXP 	New trial (rep=0, index=17): OrderedDict([('firstTime', 3.5), ('secondTime', 2.1), ('corrAns', 'left'), ('plusStart', 4.0), ('secondStart', 5.0), ('respStart', 7.1), ('randNum', 0.149007794)])
394.6503 	EXP 	firstcircle_3: autoDraw = False
394.6503 	EXP 	text_3: autoDraw = False
394.6503 	EXP 	secondcircle: autoDraw = False
394.6503 	EXP 	text_4: autoDraw = False
394.6503 	EXP 	text_4: autoDraw = True
395.1503 	EXP 	text_4: autoDraw = False
395.1670 	EXP 	firstcircle_3: autoDraw = True
398.6503 	EXP 	firstcircle_3: autoDraw = False
398.6670 	EXP 	text_3: autoDraw = True
399.6503 	EXP 	text_3: autoDraw = False
399.6669 	EXP 	secondcircle: autoDraw = True
401.7502 	EXP 	secondcircle: autoDraw = False
402.9522 	DATA 	Keypress: left
402.9535 	EXP 	New trial (rep=0, index=18): OrderedDict([('firstTime', 1.8), ('secondTime', 1.2), ('corrAns', 'left'), ('plusStart', 2.3), ('secondStart', 3.3), ('respStart', 4.5), ('randNum', 0.44825194799999996)])
402.9670 	EXP 	firstcircle_3: autoDraw = False
402.9670 	EXP 	text_3: autoDraw = False
402.9670 	EXP 	secondcircle: autoDraw = False
402.9670 	EXP 	text_4: autoDraw = False
402.9670 	EXP 	text_4: autoDraw = True
403.4669 	EXP 	text_4: autoDraw = False
403.4836 	EXP 	firstcircle_3: autoDraw = True
405.2669 	EXP 	firstcircle_3: autoDraw = False
405.2835 	EXP 	text_3: autoDraw = True
406.2668 	EXP 	text_3: autoDraw = False
406.2835 	EXP 	secondcircle: autoDraw = True
407.4668 	EXP 	secondcircle: autoDraw = False
408.8188 	DATA 	Keypress: left
408.8202 	EXP 	New trial (rep=0, index=19): OrderedDict([('firstTime', 0.9), ('secondTime', 1.8), ('corrAns', 'right'), ('plusStart', 1.4), ('secondStart', 2.4), ('respStart', 4.2), ('randNum', 0.35938568299999996)])
408.8335 	EXP 	firstcircle_3: autoDraw = False
408.8335 	EXP 	text_3: autoDraw = False
408.8335 	EXP 	secondcircle: autoDraw = False
408.8335 	EXP 	text_4: autoDraw = False
408.8335 	EXP 	text_4: autoDraw = True
409.3335 	EXP 	text_4: autoDraw = False
409.3501 	EXP 	firstcircle_3: autoDraw = True
410.2335 	EXP 	firstcircle_3: autoDraw = False
410.2501 	EXP 	text_3: autoDraw = True
411.2334 	EXP 	text_3: autoDraw = False
411.2501 	EXP 	secondcircle: autoDraw = True
413.0334 	EXP 	secondcircle: autoDraw = False
414.7354 	DATA 	Keypress: right
414.7501 	EXP 	firstcircle_3: autoDraw = False
414.7501 	EXP 	text_3: autoDraw = False
414.7501 	EXP 	secondcircle: autoDraw = False
414.7501 	EXP 	text_4: autoDraw = False
414.7501 	EXP 	text_6: autoDraw = True
416.2524 	DATA 	Keypress: space
416.2590 	EXP 	Imported conditionsTime3.csv as conditions, 20 conditions, 7 params
416.2594 	EXP 	Created sequence: sequential, trialTypes=20, nReps=1, seed=None
416.2598 	EXP 	New trial (rep=0, index=0): OrderedDict([('firstTime', 2.7), ('secondTime', 1.8), ('corrAns', 'left'), ('plusStart', 3.2), ('secondStart', 4.2), ('respStart', 6.0), ('randNum', 0.09224181599999999)])
416.2668 	EXP 	text_6: autoDraw = False
416.2668 	EXP 	text_4: autoDraw = True
416.7667 	EXP 	text_4: autoDraw = False
416.7834 	EXP 	firstcircle_3: autoDraw = True
419.4667 	EXP 	firstcircle_3: autoDraw = False
419.4833 	EXP 	text_3: autoDraw = True
420.4667 	EXP 	text_3: autoDraw = False
420.4833 	EXP 	secondcircle: autoDraw = True
422.2666 	EXP 	secondcircle: autoDraw = False
423.8521 	DATA 	Keypress: left
423.8537 	EXP 	New trial (rep=0, index=1): OrderedDict([('firstTime', 1.8), ('secondTime', 2.7), ('corrAns', 'right'), ('plusStart', 2.3), ('secondStart', 3.3), ('respStart', 6.0), ('randNum', 0.320860695)])
423.8666 	EXP 	firstcircle_3: autoDraw = False
423.8666 	EXP 	text_3: autoDraw = False
423.8666 	EXP 	secondcircle: autoDraw = False
423.8666 	EXP 	text_4: autoDraw = False
423.8666 	EXP 	text_4: autoDraw = True
424.3666 	EXP 	text_4: autoDraw = False
424.3833 	EXP 	firstcircle_3: autoDraw = True
426.1666 	EXP 	firstcircle_3: autoDraw = False
426.1833 	EXP 	text_3: autoDraw = True
427.1666 	EXP 	text_3: autoDraw = False
427.1832 	EXP 	secondcircle: autoDraw = True
429.8665 	EXP 	secondcircle: autoDraw = False
430.9852 	DATA 	Keypress: left
430.9866 	EXP 	New trial (rep=0, index=2): OrderedDict([('firstTime', 0.7), ('secondTime', 1.4), ('corrAns', 'right'), ('plusStart', 1.2), ('secondStart', 2.2), ('respStart', 3.6), ('randNum', 0.091696964)])
430.9998 	EXP 	firstcircle_3: autoDraw = False
430.9998 	EXP 	text_3: autoDraw = False
430.9998 	EXP 	secondcircle: autoDraw = False
430.9998 	EXP 	text_4: autoDraw = False
430.9998 	EXP 	text_4: autoDraw = True
431.4998 	EXP 	text_4: autoDraw = False
431.5165 	EXP 	firstcircle_3: autoDraw = True
432.1998 	EXP 	firstcircle_3: autoDraw = False
432.2165 	EXP 	text_3: autoDraw = True
433.1998 	EXP 	text_3: autoDraw = False
433.2165 	EXP 	secondcircle: autoDraw = True
434.5999 	EXP 	secondcircle: autoDraw = False
436.3018 	DATA 	Keypress: right
436.3032 	EXP 	New trial (rep=0, index=3): OrderedDict([('firstTime', 4.4), ('secondTime', 3.3), ('corrAns', 'left'), ('plusStart', 4.9), ('secondStart', 5.9), ('respStart', 9.2), ('randNum', 0.010112259)])
436.3164 	EXP 	firstcircle_3: autoDraw = False
436.3164 	EXP 	text_3: autoDraw = False
436.3164 	EXP 	secondcircle: autoDraw = False
436.3164 	EXP 	text_4: autoDraw = False
436.3164 	EXP 	text_4: autoDraw = True
436.8164 	EXP 	text_4: autoDraw = False
436.8331 	EXP 	firstcircle_3: autoDraw = True
441.2164 	EXP 	firstcircle_3: autoDraw = False
441.2330 	EXP 	text_3: autoDraw = True
442.2164 	EXP 	text_3: autoDraw = False
442.2330 	EXP 	secondcircle: autoDraw = True
443.3028 	DATA 	Keypress: left
445.5163 	EXP 	secondcircle: autoDraw = False
446.3183 	DATA 	Keypress: right
446.3198 	EXP 	New trial (rep=0, index=4): OrderedDict([('firstTime', 0.9), ('secondTime', 1.8), ('corrAns', 'right'), ('plusStart', 1.4), ('secondStart', 2.4), ('respStart', 4.2), ('randNum', 0.877480265)])
446.3330 	EXP 	firstcircle_3: autoDraw = False
446.3330 	EXP 	text_3: autoDraw = False
446.3330 	EXP 	secondcircle: autoDraw = False
446.3330 	EXP 	text_4: autoDraw = False
446.3330 	EXP 	text_4: autoDraw = True
446.8330 	EXP 	text_4: autoDraw = False
446.8496 	EXP 	firstcircle_3: autoDraw = True
447.7330 	EXP 	firstcircle_3: autoDraw = False
447.7496 	EXP 	text_3: autoDraw = True
448.7329 	EXP 	text_3: autoDraw = False
448.7496 	EXP 	secondcircle: autoDraw = True
450.5330 	EXP 	secondcircle: autoDraw = False
451.8016 	DATA 	Keypress: right
451.8030 	EXP 	New trial (rep=0, index=5): OrderedDict([('firstTime', 1.8), ('secondTime', 0.9), ('corrAns', 'left'), ('plusStart', 2.3), ('secondStart', 3.3), ('respStart', 4.2), ('randNum', 0.74232345)])
451.8162 	EXP 	firstcircle_3: autoDraw = False
451.8162 	EXP 	text_3: autoDraw = False
451.8162 	EXP 	secondcircle: autoDraw = False
451.8162 	EXP 	text_4: autoDraw = False
451.8162 	EXP 	text_4: autoDraw = True
452.3162 	EXP 	text_4: autoDraw = False
452.3330 	EXP 	firstcircle_3: autoDraw = True
454.1162 	EXP 	firstcircle_3: autoDraw = False
454.1329 	EXP 	text_3: autoDraw = True
455.1162 	EXP 	text_3: autoDraw = False
455.1329 	EXP 	secondcircle: autoDraw = True
456.0162 	EXP 	secondcircle: autoDraw = False
457.4514 	DATA 	Keypress: left
457.4528 	EXP 	New trial (rep=0, index=6): OrderedDict([('firstTime', 1.8), ('secondTime', 1.2), ('corrAns', 'left'), ('plusStart', 2.3), ('secondStart', 3.3), ('respStart', 4.5), ('randNum', 0.307053849)])
457.4662 	EXP 	firstcircle_3: autoDraw = False
457.4662 	EXP 	text_3: autoDraw = False
457.4662 	EXP 	secondcircle: autoDraw = False
457.4662 	EXP 	text_4: autoDraw = False
457.4662 	EXP 	text_4: autoDraw = True
457.9662 	EXP 	text_4: autoDraw = False
457.9828 	EXP 	firstcircle_3: autoDraw = True
459.7661 	EXP 	firstcircle_3: autoDraw = False
459.7828 	EXP 	text_3: autoDraw = True
460.7661 	EXP 	text_3: autoDraw = False
460.7828 	EXP 	secondcircle: autoDraw = True
461.9661 	EXP 	secondcircle: autoDraw = False
463.2180 	DATA 	Keypress: left
463.2194 	EXP 	New trial (rep=0, index=7): OrderedDict([('firstTime', 3.6), ('secondTime', 3.2), ('corrAns', 'left'), ('plusStart', 4.1), ('secondStart', 5.1), ('respStart', 8.3), ('randNum', 0.331236492)])
463.2328 	EXP 	firstcircle_3: autoDraw = False
463.2328 	EXP 	text_3: autoDraw = False
463.2328 	EXP 	secondcircle: autoDraw = False
463.2328 	EXP 	text_4: autoDraw = False
463.2328 	EXP 	text_4: autoDraw = True
463.7327 	EXP 	text_4: autoDraw = False
463.7494 	EXP 	firstcircle_3: autoDraw = True
467.3327 	EXP 	firstcircle_3: autoDraw = False
467.3494 	EXP 	text_3: autoDraw = True
468.3327 	EXP 	text_3: autoDraw = False
468.3493 	EXP 	secondcircle: autoDraw = True
471.5326 	EXP 	secondcircle: autoDraw = False
473.4513 	DATA 	Keypress: left
473.4526 	EXP 	New trial (rep=0, index=8): OrderedDict([('firstTime', 2.5), ('secondTime', 1.5), ('corrAns', 'left'), ('plusStart', 3.0), ('secondStart', 4.0), ('respStart', 5.5), ('randNum', 0.778562476)])
473.4659 	EXP 	firstcircle_3: autoDraw = False
473.4659 	EXP 	text_3: autoDraw = False
473.4659 	EXP 	secondcircle: autoDraw = False
473.4659 	EXP 	text_4: autoDraw = False
473.4659 	EXP 	text_4: autoDraw = True
473.9659 	EXP 	text_4: autoDraw = False
473.9827 	EXP 	firstcircle_3: autoDraw = True
476.4659 	EXP 	firstcircle_3: autoDraw = False
476.4826 	EXP 	text_3: autoDraw = True
477.4659 	EXP 	text_3: autoDraw = False
477.4826 	EXP 	secondcircle: autoDraw = True
478.9659 	EXP 	secondcircle: autoDraw = False
480.8179 	DATA 	Keypress: left
480.8193 	EXP 	New trial (rep=0, index=9): OrderedDict([('firstTime', 1.2), ('secondTime', 1.8), ('corrAns', 'right'), ('plusStart', 1.7), ('secondStart', 2.7), ('respStart', 4.5), ('randNum', 0.18131893100000002)])
480.8325 	EXP 	firstcircle_3: autoDraw = False
480.8325 	EXP 	text_3: autoDraw = False
480.8325 	EXP 	secondcircle: autoDraw = False
480.8325 	EXP 	text_4: autoDraw = False
480.8325 	EXP 	text_4: autoDraw = True
481.3325 	EXP 	text_4: autoDraw = False
481.3492 	EXP 	firstcircle_3: autoDraw = True
482.5325 	EXP 	firstcircle_3: autoDraw = False
482.5491 	EXP 	text_3: autoDraw = True
483.5325 	EXP 	text_3: autoDraw = False
483.5491 	EXP 	secondcircle: autoDraw = True
485.3324 	EXP 	secondcircle: autoDraw = False
486.6011 	DATA 	Keypress: left
486.6024 	EXP 	New trial (rep=0, index=10): OrderedDict([('firstTime', 2.8), ('secondTime', 2.1), ('corrAns', 'left'), ('plusStart', 3.3), ('secondStart', 4.3), ('respStart', 6.4), ('randNum', 0.897215002)])
486.6158 	EXP 	firstcircle_3: autoDraw = False
486.6158 	EXP 	text_3: autoDraw = False
486.6158 	EXP 	secondcircle: autoDraw = False
486.6158 	EXP 	text_4: autoDraw = False
486.6158 	EXP 	text_4: autoDraw = True
487.1158 	EXP 	text_4: autoDraw = False
487.1324 	EXP 	firstcircle_3: autoDraw = True
489.9157 	EXP 	firstcircle_3: autoDraw = False
489.9324 	EXP 	text_3: autoDraw = True
490.9157 	EXP 	text_3: autoDraw = False
490.9324 	EXP 	secondcircle: autoDraw = True
493.0157 	EXP 	secondcircle: autoDraw = False
493.9010 	DATA 	Keypress: left
493.9023 	EXP 	New trial (rep=0, index=11): OrderedDict([('firstTime', 2.1), ('secondTime', 2.8), ('corrAns', 'right'), ('plusStart', 2.6), ('secondStart', 3.6), ('respStart', 6.4), ('randNum', 0.734438325)])
493.9157 	EXP 	firstcircle_3: autoDraw = False
493.9157 	EXP 	text_3: autoDraw = False
493.9157 	EXP 	secondcircle: autoDraw = False
493.9157 	EXP 	text_4: autoDraw = False
493.9157 	EXP 	text_4: autoDraw = True
494.4157 	EXP 	text_4: autoDraw = False
494.4323 	EXP 	firstcircle_3: autoDraw = True
496.5156 	EXP 	firstcircle_3: autoDraw = False
496.5323 	EXP 	text_3: autoDraw = True
497.5156 	EXP 	text_3: autoDraw = False
497.5323 	EXP 	secondcircle: autoDraw = True
500.3156 	EXP 	secondcircle: autoDraw = False
501.3175 	DATA 	Keypress: left
501.3189 	EXP 	New trial (rep=0, index=12): OrderedDict([('firstTime', 3.2), ('secondTime', 3.6), ('corrAns', 'right'), ('plusStart', 3.7), ('secondStart', 4.7), ('respStart', 8.3), ('randNum', 0.716372322)])
501.3323 	EXP 	firstcircle_3: autoDraw = False
501.3323 	EXP 	text_3: autoDraw = False
501.3323 	EXP 	secondcircle: autoDraw = False
501.3323 	EXP 	text_4: autoDraw = False
501.3323 	EXP 	text_4: autoDraw = True
501.8322 	EXP 	text_4: autoDraw = False
501.8489 	EXP 	firstcircle_3: autoDraw = True
505.0322 	EXP 	firstcircle_3: autoDraw = False
505.0489 	EXP 	text_3: autoDraw = True
506.0322 	EXP 	text_3: autoDraw = False
506.0488 	EXP 	secondcircle: autoDraw = True
509.6321 	EXP 	secondcircle: autoDraw = False
511.6340 	DATA 	Keypress: right
511.6353 	EXP 	New trial (rep=0, index=13): OrderedDict([('firstTime', 2.1), ('secondTime', 3.5), ('corrAns', 'right'), ('plusStart', 2.6), ('secondStart', 3.6), ('respStart', 7.1), ('randNum', 0.2797458)])
511.6488 	EXP 	firstcircle_3: autoDraw = False
511.6488 	EXP 	text_3: autoDraw = False
511.6488 	EXP 	secondcircle: autoDraw = False
511.6488 	EXP 	text_4: autoDraw = False
511.6488 	EXP 	text_4: autoDraw = True
512.1487 	EXP 	text_4: autoDraw = False
512.1654 	EXP 	firstcircle_3: autoDraw = True
514.2487 	EXP 	firstcircle_3: autoDraw = False
514.2654 	EXP 	text_3: autoDraw = True
515.2487 	EXP 	text_3: autoDraw = False
515.2654 	EXP 	secondcircle: autoDraw = True
518.7487 	EXP 	secondcircle: autoDraw = False
519.9006 	DATA 	Keypress: right
519.9020 	EXP 	New trial (rep=0, index=14): OrderedDict([('firstTime', 1.4), ('secondTime', 0.7), ('corrAns', 'left'), ('plusStart', 1.9), ('secondStart', 2.9), ('respStart', 3.6), ('randNum', 0.038284202)])
519.9153 	EXP 	firstcircle_3: autoDraw = False
519.9153 	EXP 	text_3: autoDraw = False
519.9153 	EXP 	secondcircle: autoDraw = False
519.9153 	EXP 	text_4: autoDraw = False
519.9153 	EXP 	text_4: autoDraw = True
520.4153 	EXP 	text_4: autoDraw = False
520.4320 	EXP 	firstcircle_3: autoDraw = True
521.8154 	EXP 	firstcircle_3: autoDraw = False
521.8320 	EXP 	text_3: autoDraw = True
522.8153 	EXP 	text_3: autoDraw = False
522.8319 	EXP 	secondcircle: autoDraw = True
523.5153 	EXP 	secondcircle: autoDraw = False
524.5838 	DATA 	Keypress: left
524.5851 	EXP 	New trial (rep=0, index=15): OrderedDict([('firstTime', 9.9), ('secondTime', 8.8), ('corrAns', 'left'), ('plusStart', 10.4), ('secondStart', 11.4), ('respStart', 20.2), ('randNum', 0.656448526)])
524.5986 	EXP 	firstcircle_3: autoDraw = False
524.5986 	EXP 	text_3: autoDraw = False
524.5986 	EXP 	secondcircle: autoDraw = False
524.5986 	EXP 	text_4: autoDraw = False
524.5986 	EXP 	text_4: autoDraw = True
525.0986 	EXP 	text_4: autoDraw = False
525.1152 	EXP 	firstcircle_3: autoDraw = True
534.9984 	EXP 	firstcircle_3: autoDraw = False
535.0151 	EXP 	text_3: autoDraw = True
535.9984 	EXP 	text_3: autoDraw = False
536.0151 	EXP 	secondcircle: autoDraw = True
544.7984 	EXP 	secondcircle: autoDraw = False
547.1336 	DATA 	Keypress: right
547.1349 	EXP 	New trial (rep=0, index=16): OrderedDict([('firstTime', 3.5), ('secondTime', 2.1), ('corrAns', 'left'), ('plusStart', 4.0), ('secondStart', 5.0), ('respStart', 7.1), ('randNum', 0.25078508899999996)])
547.1483 	EXP 	firstcircle_3: autoDraw = False
547.1483 	EXP 	text_3: autoDraw = False
547.1483 	EXP 	secondcircle: autoDraw = False
547.1483 	EXP 	text_4: autoDraw = False
547.1483 	EXP 	text_4: autoDraw = True
547.6483 	EXP 	text_4: autoDraw = False
547.6649 	EXP 	firstcircle_3: autoDraw = True
551.1482 	EXP 	firstcircle_3: autoDraw = False
551.1649 	EXP 	text_3: autoDraw = True
552.1482 	EXP 	text_3: autoDraw = False
552.1649 	EXP 	secondcircle: autoDraw = True
554.2482 	EXP 	secondcircle: autoDraw = False
555.2671 	DATA 	Keypress: left
555.2686 	EXP 	New trial (rep=0, index=17): OrderedDict([('firstTime', 8.8), ('secondTime', 9.9), ('corrAns', 'right'), ('plusStart', 9.3), ('secondStart', 10.3), ('respStart', 20.2), ('randNum', 0.055985873)])
555.2815 	EXP 	firstcircle_3: autoDraw = False
555.2815 	EXP 	text_3: autoDraw = False
555.2815 	EXP 	secondcircle: autoDraw = False
555.2815 	EXP 	text_4: autoDraw = False
555.2815 	EXP 	text_4: autoDraw = True
555.7815 	EXP 	text_4: autoDraw = False
555.7982 	EXP 	firstcircle_3: autoDraw = True
564.5814 	EXP 	firstcircle_3: autoDraw = False
564.5980 	EXP 	text_3: autoDraw = True
565.5814 	EXP 	text_3: autoDraw = False
565.5980 	EXP 	secondcircle: autoDraw = True
575.4812 	EXP 	secondcircle: autoDraw = False
576.0496 	DATA 	Keypress: right
576.0510 	EXP 	New trial (rep=0, index=18): OrderedDict([('firstTime', 1.5), ('secondTime', 2.5), ('corrAns', 'right'), ('plusStart', 2.0), ('secondStart', 3.0), ('respStart', 5.5), ('randNum', 0.279030548)])
576.0645 	EXP 	firstcircle_3: autoDraw = False
576.0645 	EXP 	text_3: autoDraw = False
576.0645 	EXP 	secondcircle: autoDraw = False
576.0645 	EXP 	text_4: autoDraw = False
576.0645 	EXP 	text_4: autoDraw = True
576.5646 	EXP 	text_4: autoDraw = False
576.5812 	EXP 	firstcircle_3: autoDraw = True
578.0645 	EXP 	firstcircle_3: autoDraw = False
578.0812 	EXP 	text_3: autoDraw = True
579.0645 	EXP 	text_3: autoDraw = False
579.0812 	EXP 	secondcircle: autoDraw = True
581.5645 	EXP 	secondcircle: autoDraw = False
583.0165 	DATA 	Keypress: left
583.0178 	EXP 	New trial (rep=0, index=19): OrderedDict([('firstTime', 3.3), ('secondTime', 4.4), ('corrAns', 'right'), ('plusStart', 3.8), ('secondStart', 4.8), ('respStart', 9.2), ('randNum', 0.6214470879999999)])
583.0311 	EXP 	firstcircle_3: autoDraw = False
583.0311 	EXP 	text_3: autoDraw = False
583.0311 	EXP 	secondcircle: autoDraw = False
583.0311 	EXP 	text_4: autoDraw = False
583.0311 	EXP 	text_4: autoDraw = True
583.5311 	EXP 	text_4: autoDraw = False
583.5478 	EXP 	firstcircle_3: autoDraw = True
586.8311 	EXP 	firstcircle_3: autoDraw = False
586.8477 	EXP 	text_3: autoDraw = True
587.8311 	EXP 	text_3: autoDraw = False
587.8478 	EXP 	secondcircle: autoDraw = True
592.2310 	EXP 	secondcircle: autoDraw = False
594.0667 	DATA 	Keypress: right
594.0811 	EXP 	firstcircle_3: autoDraw = False
594.0811 	EXP 	text_3: autoDraw = False
594.0811 	EXP 	secondcircle: autoDraw = False
594.0811 	EXP 	text_4: autoDraw = False
594.0811 	EXP 	text_7: autoDraw = True
640.7008 	DATA 	Keypress: space
640.7199 	EXP 	Imported conditionsTime4.csv as conditions, 20 conditions, 7 params
640.7202 	EXP 	Created sequence: sequential, trialTypes=20, nReps=1, seed=None
640.7206 	EXP 	New trial (rep=0, index=0): OrderedDict([('firstTime', 2.5), ('secondTime', 1.5), ('corrAns', 'left'), ('plusStart', 3.0), ('secondStart', 4.0), ('respStart', 5.5), ('randNum', 0.9526453340000001)])
640.7304 	EXP 	text_7: autoDraw = False
640.7304 	EXP 	text_4: autoDraw = True
641.2303 	EXP 	text_4: autoDraw = False
641.2470 	EXP 	firstcircle_3: autoDraw = True
643.7303 	EXP 	firstcircle_3: autoDraw = False
643.7470 	EXP 	text_3: autoDraw = True
644.7303 	EXP 	text_3: autoDraw = False
644.7470 	EXP 	secondcircle: autoDraw = True
646.2303 	EXP 	secondcircle: autoDraw = False
648.6491 	DATA 	Keypress: left
648.6507 	EXP 	New trial (rep=0, index=1): OrderedDict([('firstTime', 2.8), ('secondTime', 2.1), ('corrAns', 'left'), ('plusStart', 3.3), ('secondStart', 4.3), ('respStart', 6.4), ('randNum', 0.962497787)])
648.6636 	EXP 	firstcircle_3: autoDraw = False
648.6636 	EXP 	text_3: autoDraw = False
648.6636 	EXP 	secondcircle: autoDraw = False
648.6636 	EXP 	text_4: autoDraw = False
648.6636 	EXP 	text_4: autoDraw = True
649.1636 	EXP 	text_4: autoDraw = False
649.1802 	EXP 	firstcircle_3: autoDraw = True
651.9636 	EXP 	firstcircle_3: autoDraw = False
651.9802 	EXP 	text_3: autoDraw = True
652.9635 	EXP 	text_3: autoDraw = False
652.9802 	EXP 	secondcircle: autoDraw = True
655.0635 	EXP 	secondcircle: autoDraw = False
656.1656 	DATA 	Keypress: left
656.1670 	EXP 	New trial (rep=0, index=2): OrderedDict([('firstTime', 2.7), ('secondTime', 1.8), ('corrAns', 'left'), ('plusStart', 3.2), ('secondStart', 4.2), ('respStart', 6.0), ('randNum', 0.06690605599999999)])
656.1801 	EXP 	firstcircle_3: autoDraw = False
656.1801 	EXP 	text_3: autoDraw = False
656.1801 	EXP 	secondcircle: autoDraw = False
656.1801 	EXP 	text_4: autoDraw = False
656.1801 	EXP 	text_4: autoDraw = True
656.6801 	EXP 	text_4: autoDraw = False
656.6968 	EXP 	firstcircle_3: autoDraw = True
659.3801 	EXP 	firstcircle_3: autoDraw = False
659.3968 	EXP 	text_3: autoDraw = True
660.3801 	EXP 	text_3: autoDraw = False
660.3968 	EXP 	secondcircle: autoDraw = True
662.1801 	EXP 	secondcircle: autoDraw = False
663.2488 	DATA 	Keypress: left
663.2502 	EXP 	New trial (rep=0, index=3): OrderedDict([('firstTime', 8.8), ('secondTime', 9.9), ('corrAns', 'right'), ('plusStart', 9.3), ('secondStart', 10.3), ('respStart', 20.2), ('randNum', 0.09555333099999999)])
663.2634 	EXP 	firstcircle_3: autoDraw = False
663.2634 	EXP 	text_3: autoDraw = False
663.2634 	EXP 	secondcircle: autoDraw = False
663.2634 	EXP 	text_4: autoDraw = False
663.2634 	EXP 	text_4: autoDraw = True
663.7634 	EXP 	text_4: autoDraw = False
663.7800 	EXP 	firstcircle_3: autoDraw = True
672.5633 	EXP 	firstcircle_3: autoDraw = False
672.5799 	EXP 	text_3: autoDraw = True
673.5632 	EXP 	text_3: autoDraw = False
673.5799 	EXP 	secondcircle: autoDraw = True
683.4631 	EXP 	secondcircle: autoDraw = False
685.1319 	DATA 	Keypress: right
685.1333 	EXP 	New trial (rep=0, index=4): OrderedDict([('firstTime', 1.8), ('secondTime', 2.7), ('corrAns', 'right'), ('plusStart', 2.3), ('secondStart', 3.3), ('respStart', 6.0), ('randNum', 0.559320406)])
685.1464 	EXP 	firstcircle_3: autoDraw = False
685.1464 	EXP 	text_3: autoDraw = False
685.1464 	EXP 	secondcircle: autoDraw = False
685.1464 	EXP 	text_4: autoDraw = False
685.1464 	EXP 	text_4: autoDraw = True
685.6464 	EXP 	text_4: autoDraw = False
685.6631 	EXP 	firstcircle_3: autoDraw = True
687.4464 	EXP 	firstcircle_3: autoDraw = False
687.4631 	EXP 	text_3: autoDraw = True
688.4464 	EXP 	text_3: autoDraw = False
688.4630 	EXP 	secondcircle: autoDraw = True
691.1463 	EXP 	secondcircle: autoDraw = False
693.2150 	DATA 	Keypress: right
693.2163 	EXP 	New trial (rep=0, index=5): OrderedDict([('firstTime', 3.5), ('secondTime', 2.1), ('corrAns', 'left'), ('plusStart', 4.0), ('secondStart', 5.0), ('respStart', 7.1), ('randNum', 0.885130943)])
693.2297 	EXP 	firstcircle_3: autoDraw = False
693.2297 	EXP 	text_3: autoDraw = False
693.2297 	EXP 	secondcircle: autoDraw = False
693.2297 	EXP 	text_4: autoDraw = False
693.2297 	EXP 	text_4: autoDraw = True
693.7296 	EXP 	text_4: autoDraw = False
693.7463 	EXP 	firstcircle_3: autoDraw = True
697.2296 	EXP 	firstcircle_3: autoDraw = False
697.2463 	EXP 	text_3: autoDraw = True
698.2296 	EXP 	text_3: autoDraw = False
698.2462 	EXP 	secondcircle: autoDraw = True
700.3295 	EXP 	secondcircle: autoDraw = False
702.3150 	DATA 	Keypress: left
702.3163 	EXP 	New trial (rep=0, index=6): OrderedDict([('firstTime', 2.1), ('secondTime', 2.8), ('corrAns', 'right'), ('plusStart', 2.6), ('secondStart', 3.6), ('respStart', 6.4), ('randNum', 0.7843272990000001)])
702.3295 	EXP 	firstcircle_3: autoDraw = False
702.3295 	EXP 	text_3: autoDraw = False
702.3295 	EXP 	secondcircle: autoDraw = False
702.3295 	EXP 	text_4: autoDraw = False
702.3295 	EXP 	text_4: autoDraw = True
702.8295 	EXP 	text_4: autoDraw = False
702.8462 	EXP 	firstcircle_3: autoDraw = True
704.9295 	EXP 	firstcircle_3: autoDraw = False
704.9461 	EXP 	text_3: autoDraw = True
705.9295 	EXP 	text_3: autoDraw = False
705.9461 	EXP 	secondcircle: autoDraw = True
708.7294 	EXP 	secondcircle: autoDraw = False
709.3315 	DATA 	Keypress: right
709.3329 	EXP 	New trial (rep=0, index=7): OrderedDict([('firstTime', 4.4), ('secondTime', 3.3), ('corrAns', 'left'), ('plusStart', 4.9), ('secondStart', 5.9), ('respStart', 9.2), ('randNum', 0.594355042)])
709.3461 	EXP 	firstcircle_3: autoDraw = False
709.3461 	EXP 	text_3: autoDraw = False
709.3461 	EXP 	secondcircle: autoDraw = False
709.3461 	EXP 	text_4: autoDraw = False
709.3461 	EXP 	text_4: autoDraw = True
709.8461 	EXP 	text_4: autoDraw = False
709.8627 	EXP 	firstcircle_3: autoDraw = True
714.2460 	EXP 	firstcircle_3: autoDraw = False
714.2627 	EXP 	text_3: autoDraw = True
715.2460 	EXP 	text_3: autoDraw = False
715.2627 	EXP 	secondcircle: autoDraw = True
718.5460 	EXP 	secondcircle: autoDraw = False
719.9146 	DATA 	Keypress: left
719.9160 	EXP 	New trial (rep=0, index=8): OrderedDict([('firstTime', 0.9), ('secondTime', 1.8), ('corrAns', 'right'), ('plusStart', 1.4), ('secondStart', 2.4), ('respStart', 4.2), ('randNum', 0.39760777399999997)])
719.9293 	EXP 	firstcircle_3: autoDraw = False
719.9293 	EXP 	text_3: autoDraw = False
719.9293 	EXP 	secondcircle: autoDraw = False
719.9293 	EXP 	text_4: autoDraw = False
719.9293 	EXP 	text_4: autoDraw = True
720.4293 	EXP 	text_4: autoDraw = False
720.4459 	EXP 	firstcircle_3: autoDraw = True
721.3293 	EXP 	firstcircle_3: autoDraw = False
721.3459 	EXP 	text_3: autoDraw = True
722.3292 	EXP 	text_3: autoDraw = False
722.3459 	EXP 	secondcircle: autoDraw = True
724.1292 	EXP 	secondcircle: autoDraw = False
726.2479 	DATA 	Keypress: right
726.2492 	EXP 	New trial (rep=0, index=9): OrderedDict([('firstTime', 3.6), ('secondTime', 3.2), ('corrAns', 'left'), ('plusStart', 4.1), ('secondStart', 5.1), ('respStart', 8.3), ('randNum', 0.454525661)])
726.2625 	EXP 	firstcircle_3: autoDraw = False
726.2625 	EXP 	text_3: autoDraw = False
726.2625 	EXP 	secondcircle: autoDraw = False
726.2625 	EXP 	text_4: autoDraw = False
726.2625 	EXP 	text_4: autoDraw = True
726.7625 	EXP 	text_4: autoDraw = False
726.7792 	EXP 	firstcircle_3: autoDraw = True
730.3625 	EXP 	firstcircle_3: autoDraw = False
730.3792 	EXP 	text_3: autoDraw = True
731.3625 	EXP 	text_3: autoDraw = False
731.3791 	EXP 	secondcircle: autoDraw = True
734.5624 	EXP 	secondcircle: autoDraw = False
743.0142 	DATA 	Keypress: right
743.0155 	EXP 	New trial (rep=0, index=10): OrderedDict([('firstTime', 9.9), ('secondTime', 8.8), ('corrAns', 'left'), ('plusStart', 10.4), ('secondStart', 11.4), ('respStart', 20.2), ('randNum', 0.335173919)])
743.0290 	EXP 	firstcircle_3: autoDraw = False
743.0290 	EXP 	text_3: autoDraw = False
743.0290 	EXP 	secondcircle: autoDraw = False
743.0290 	EXP 	text_4: autoDraw = False
743.0290 	EXP 	text_4: autoDraw = True
743.5290 	EXP 	text_4: autoDraw = False
743.5456 	EXP 	firstcircle_3: autoDraw = True
753.4288 	EXP 	firstcircle_3: autoDraw = False
753.4455 	EXP 	text_3: autoDraw = True
754.4288 	EXP 	text_3: autoDraw = False
754.4455 	EXP 	secondcircle: autoDraw = True
763.2287 	EXP 	secondcircle: autoDraw = False
764.3139 	DATA 	Keypress: right
764.3152 	EXP 	New trial (rep=0, index=11): OrderedDict([('firstTime', 1.8), ('secondTime', 1.2), ('corrAns', 'left'), ('plusStart', 2.3), ('secondStart', 3.3), ('respStart', 4.5), ('randNum', 0.050156068)])
764.3287 	EXP 	firstcircle_3: autoDraw = False
764.3287 	EXP 	text_3: autoDraw = False
764.3287 	EXP 	secondcircle: autoDraw = False
764.3287 	EXP 	text_4: autoDraw = False
764.3287 	EXP 	text_4: autoDraw = True
764.8287 	EXP 	text_4: autoDraw = False
764.8453 	EXP 	firstcircle_3: autoDraw = True
766.6287 	EXP 	firstcircle_3: autoDraw = False
766.6453 	EXP 	text_3: autoDraw = True
767.6286 	EXP 	text_3: autoDraw = False
767.6453 	EXP 	secondcircle: autoDraw = True
768.8286 	EXP 	secondcircle: autoDraw = False
770.2137 	DATA 	Keypress: left
770.2150 	EXP 	New trial (rep=0, index=12): OrderedDict([('firstTime', 2.1), ('secondTime', 3.5), ('corrAns', 'right'), ('plusStart', 2.6), ('secondStart', 3.6), ('respStart', 7.1), ('randNum', 0.553210354)])
770.2286 	EXP 	firstcircle_3: autoDraw = False
770.2286 	EXP 	text_3: autoDraw = False
770.2286 	EXP 	secondcircle: autoDraw = False
770.2286 	EXP 	text_4: autoDraw = False
770.2286 	EXP 	text_4: autoDraw = True
770.7286 	EXP 	text_4: autoDraw = False
770.7453 	EXP 	firstcircle_3: autoDraw = True
772.8286 	EXP 	firstcircle_3: autoDraw = False
772.8452 	EXP 	text_3: autoDraw = True
773.8286 	EXP 	text_3: autoDraw = False
773.8452 	EXP 	secondcircle: autoDraw = True
777.3285 	EXP 	secondcircle: autoDraw = False
778.2806 	DATA 	Keypress: right
778.2820 	EXP 	New trial (rep=0, index=13): OrderedDict([('firstTime', 3.2), ('secondTime', 3.6), ('corrAns', 'right'), ('plusStart', 3.7), ('secondStart', 4.7), ('respStart', 8.3), ('randNum', 0.062598668)])
778.2951 	EXP 	firstcircle_3: autoDraw = False
778.2951 	EXP 	text_3: autoDraw = False
778.2951 	EXP 	secondcircle: autoDraw = False
778.2951 	EXP 	text_4: autoDraw = False
778.2951 	EXP 	text_4: autoDraw = True
778.7952 	EXP 	text_4: autoDraw = False
778.8118 	EXP 	firstcircle_3: autoDraw = True
781.9951 	EXP 	firstcircle_3: autoDraw = False
782.0118 	EXP 	text_3: autoDraw = True
782.9951 	EXP 	text_3: autoDraw = False
783.0118 	EXP 	secondcircle: autoDraw = True
786.5951 	EXP 	secondcircle: autoDraw = False
788.5136 	DATA 	Keypress: right
788.5150 	EXP 	New trial (rep=0, index=14): OrderedDict([('firstTime', 1.5), ('secondTime', 2.5), ('corrAns', 'right'), ('plusStart', 2.0), ('secondStart', 3.0), ('respStart', 5.5), ('randNum', 0.851613693)])
788.5284 	EXP 	firstcircle_3: autoDraw = False
788.5284 	EXP 	text_3: autoDraw = False
788.5284 	EXP 	secondcircle: autoDraw = False
788.5284 	EXP 	text_4: autoDraw = False
788.5284 	EXP 	text_4: autoDraw = True
789.0284 	EXP 	text_4: autoDraw = False
789.0450 	EXP 	firstcircle_3: autoDraw = True
790.5283 	EXP 	firstcircle_3: autoDraw = False
790.5450 	EXP 	text_3: autoDraw = True
791.5283 	EXP 	text_3: autoDraw = False
791.5450 	EXP 	secondcircle: autoDraw = True
794.0283 	EXP 	secondcircle: autoDraw = False
796.0303 	DATA 	Keypress: left
796.0316 	EXP 	New trial (rep=0, index=15): OrderedDict([('firstTime', 1.2), ('secondTime', 1.8), ('corrAns', 'right'), ('plusStart', 1.7), ('secondStart', 2.7), ('respStart', 4.5), ('randNum', 0.9561071459999999)])
796.0449 	EXP 	firstcircle_3: autoDraw = False
796.0449 	EXP 	text_3: autoDraw = False
796.0449 	EXP 	secondcircle: autoDraw = False
796.0449 	EXP 	text_4: autoDraw = False
796.0449 	EXP 	text_4: autoDraw = True
796.5449 	EXP 	text_4: autoDraw = False
796.5616 	EXP 	firstcircle_3: autoDraw = True
797.7449 	EXP 	firstcircle_3: autoDraw = False
797.7616 	EXP 	text_3: autoDraw = True
798.7449 	EXP 	text_3: autoDraw = False
798.7616 	EXP 	secondcircle: autoDraw = True
800.5449 	EXP 	secondcircle: autoDraw = False
802.2469 	DATA 	Keypress: right
802.2483 	EXP 	New trial (rep=0, index=16): OrderedDict([('firstTime', 3.3), ('secondTime', 4.4), ('corrAns', 'right'), ('plusStart', 3.8), ('secondStart', 4.8), ('respStart', 9.2), ('randNum', 0.25372748300000003)])
802.2615 	EXP 	firstcircle_3: autoDraw = False
802.2615 	EXP 	text_3: autoDraw = False
802.2615 	EXP 	secondcircle: autoDraw = False
802.2615 	EXP 	text_4: autoDraw = False
802.2615 	EXP 	text_4: autoDraw = True
802.7615 	EXP 	text_4: autoDraw = False
802.7782 	EXP 	firstcircle_3: autoDraw = True
806.0614 	EXP 	firstcircle_3: autoDraw = False
806.0781 	EXP 	text_3: autoDraw = True
807.0614 	EXP 	text_3: autoDraw = False
807.0781 	EXP 	secondcircle: autoDraw = True
811.4614 	EXP 	secondcircle: autoDraw = False
812.3133 	DATA 	Keypress: right
812.3147 	EXP 	New trial (rep=0, index=17): OrderedDict([('firstTime', 1.8), ('secondTime', 0.9), ('corrAns', 'left'), ('plusStart', 2.3), ('secondStart', 3.3), ('respStart', 4.2), ('randNum', 0.328250033)])
812.3280 	EXP 	firstcircle_3: autoDraw = False
812.3280 	EXP 	text_3: autoDraw = False
812.3280 	EXP 	secondcircle: autoDraw = False
812.3280 	EXP 	text_4: autoDraw = False
812.3280 	EXP 	text_4: autoDraw = True
812.8280 	EXP 	text_4: autoDraw = False
812.8447 	EXP 	firstcircle_3: autoDraw = True
814.6280 	EXP 	firstcircle_3: autoDraw = False
814.6447 	EXP 	text_3: autoDraw = True
815.6280 	EXP 	text_3: autoDraw = False
815.6447 	EXP 	secondcircle: autoDraw = True
816.5280 	EXP 	secondcircle: autoDraw = False
817.8298 	DATA 	Keypress: left
817.8312 	EXP 	New trial (rep=0, index=18): OrderedDict([('firstTime', 1.4), ('secondTime', 0.7), ('corrAns', 'left'), ('plusStart', 1.9), ('secondStart', 2.9), ('respStart', 3.6), ('randNum', 0.26139814899999997)])
817.8446 	EXP 	firstcircle_3: autoDraw = False
817.8446 	EXP 	text_3: autoDraw = False
817.8446 	EXP 	secondcircle: autoDraw = False
817.8446 	EXP 	text_4: autoDraw = False
817.8446 	EXP 	text_4: autoDraw = True
818.3446 	EXP 	text_4: autoDraw = False
818.3613 	EXP 	firstcircle_3: autoDraw = True
819.7446 	EXP 	firstcircle_3: autoDraw = False
819.7613 	EXP 	text_3: autoDraw = True
820.7446 	EXP 	text_3: autoDraw = False
820.7613 	EXP 	secondcircle: autoDraw = True
821.4446 	EXP 	secondcircle: autoDraw = False
822.7633 	DATA 	Keypress: left
822.7646 	EXP 	New trial (rep=0, index=19): OrderedDict([('firstTime', 0.7), ('secondTime', 1.4), ('corrAns', 'right'), ('plusStart', 1.2), ('secondStart', 2.2), ('respStart', 3.6), ('randNum', 0.515481866)])
822.7779 	EXP 	firstcircle_3: autoDraw = False
822.7779 	EXP 	text_3: autoDraw = False
822.7779 	EXP 	secondcircle: autoDraw = False
822.7779 	EXP 	text_4: autoDraw = False
822.7779 	EXP 	text_4: autoDraw = True
823.2779 	EXP 	text_4: autoDraw = False
823.2946 	EXP 	firstcircle_3: autoDraw = True
823.9779 	EXP 	firstcircle_3: autoDraw = False
823.9945 	EXP 	text_3: autoDraw = True
824.9779 	EXP 	text_3: autoDraw = False
824.9945 	EXP 	secondcircle: autoDraw = True
826.3778 	EXP 	secondcircle: autoDraw = False
827.9798 	DATA 	Keypress: right
827.9945 	EXP 	firstcircle_3: autoDraw = False
827.9945 	EXP 	text_3: autoDraw = False
827.9945 	EXP 	secondcircle: autoDraw = False
827.9945 	EXP 	text_4: autoDraw = False
827.9945 	EXP 	text_2: autoDraw = True
829.6469 	DATA 	Keypress: space
831.2678 	EXP 	window1: mouseVisible = True
