1.0141 	WARNING 	sounddevice audio lib was requested but not loaded: sounddevice not working
5.5006 	WARNING 	User requested fullscreen with size [1024  768], but screen is actually [1440, 900]. Using actual size
6.1551 	EXP 	Created window1 = Window(allowGUI=False, allowStencil=False, args=UNKNOWN, autoLog=True, bitsMode=UNKNOWN, blendMode='avg', color=array([0., 0., 0.]), colorSpace='rgb', fullscr=<method-wrapper '__getattribute__' of attributeSetter object at 0x10ed4a828>, gamma=None, kwargs=UNKNOWN, lms=UNKNOWN, monitor=<psychopy.monitors.calibTools.Monitor object at 0x112e309e8>, multiSample=False, name='window1', numSamples=2, pos=[0.0, 0.0], screen=0, size=array([2880, 1800]), stereo=False, units='norm', useFBO=True, useRetina=True, viewOri=0.0, viewPos=None, viewScale=None, waitBlanking=True, winType='pyglet')
6.1551 	EXP 	window1: recordFrameIntervals = False
6.3210 	EXP 	window1: recordFrameIntervals = True
6.5045 	EXP 	window1: recordFrameIntervals = False
6.6129 	EXP 	Created insRound1 = TextStim(__class__=<class 'psychopy.visual.text.TextStim'>, alignHoriz='center', alignVert='center', antialias=True, autoLog=True, bold=False, color='white', colorSpace='named', contrast=1.0, depth=0.0, flipHoriz=False, flipVert=False, font='Arial', fontFiles=[], height=0.07, italic=False, languageStyle='LTR', name='insRound1', opacity=1.0, ori=0, pos=array([0., 0.]), rgb=array([255., 255., 255.]), text=str(...), units='norm', win=Window(...), wrapWidth=1)
6.6226 	EXP 	Created text = TextStim(__class__=<class 'psychopy.visual.text.TextStim'>, alignHoriz='center', alignVert='center', antialias=True, autoLog=True, bold=False, color='white', colorSpace='named', contrast=1.0, depth=0.0, flipHoriz=False, flipVert=False, font='Arial', fontFiles=[], height=0.1, italic=False, languageStyle='LTR', name='text', opacity=1.0, ori=0, pos=array([0., 0.]), rgb=array([255., 255., 255.]), text='Block 1 starts\n\nPress space', units='norm', win=Window(...), wrapWidth=1)
6.6296 	EXP 	Created firstcircle_3 = Polygon(__class__=<class 'psychopy.visual.polygon.Polygon'>, autoDraw=False, autoLog=True, closeShape=True, color=method-wrapper(...), colorSpace=None, contrast=1.0, depth=0.0, fillColor=array([1., 1., 1.]), fillColorSpace='rgb', fillRGB=array([1., 1., 1.]), interpolate=True, lineColor=array([1., 1., 1.]), lineColorSpace='rgb', lineRGB=array([1., 1., 1.]), lineWidth=1, name='firstcircle_3', opacity=1.0, ori=array(0.), pos=array([0., 0.]), size=array([0.3, 0.5]), units='norm', vertices=ndarray(...), win=Window(...))
6.6327 	EXP 	Created text_3 = TextStim(__class__=<class 'psychopy.visual.text.TextStim'>, alignHoriz='center', alignVert='center', antialias=True, autoLog=True, bold=False, color='white', colorSpace='named', contrast=1.0, depth=-2.0, flipHoriz=False, flipVert=False, font='Arial', fontFiles=[], height=0.1, italic=False, languageStyle='LTR', name='text_3', opacity=1.0, ori=0, pos=array([0., 0.]), rgb=array([255., 255., 255.]), text='+', units='norm', win=Window(...), wrapWidth=1)
6.6353 	EXP 	Created secondcircle = Polygon(__class__=<class 'psychopy.visual.polygon.Polygon'>, autoDraw=False, autoLog=True, closeShape=True, color=method-wrapper(...), colorSpace=None, contrast=1.0, depth=-3.0, fillColor=array([-1., -1., -1.]), fillColorSpace='rgb', fillRGB=array([-1., -1., -1.]), interpolate=True, lineColor=array([-1., -1., -1.]), lineColorSpace='rgb', lineRGB=array([-1., -1., -1.]), lineWidth=1, name='secondcircle', opacity=1.0, ori=array(0.), pos=array([0., 0.]), size=array([0.3, 0.5]), units='norm', vertices=ndarray(...), win=Window(...))
6.6384 	EXP 	Created text_4 = TextStim(__class__=<class 'psychopy.visual.text.TextStim'>, alignHoriz='center', alignVert='center', antialias=True, autoLog=True, bold=False, color='white', colorSpace='named', contrast=1.0, depth=-4.0, flipHoriz=False, flipVert=False, font='Arial', fontFiles=[], height=0.1, italic=False, languageStyle='LTR', name='text_4', opacity=1.0, ori=0, pos=array([0., 0.]), rgb=array([255., 255., 255.]), text='next', units='norm', win=Window(...), wrapWidth=1)
6.6442 	EXP 	Created text_5 = TextStim(__class__=<class 'psychopy.visual.text.TextStim'>, alignHoriz='center', alignVert='center', antialias=True, autoLog=True, bold=False, color='white', colorSpace='named', contrast=1.0, depth=0.0, flipHoriz=False, flipVert=False, font='Arial', fontFiles=[], height=0.1, italic=False, languageStyle='LTR', name='text_5', opacity=1.0, ori=0, pos=array([0., 0.]), rgb=array([255., 255., 255.]), text='Block 2 starts\n\nPress space', units='norm', win=Window(...), wrapWidth=1)
6.6469 	EXP 	Created firstcircle_3 = Polygon(__class__=<class 'psychopy.visual.polygon.Polygon'>, autoDraw=False, autoLog=True, closeShape=True, color=method-wrapper(...), colorSpace=None, contrast=1.0, depth=0.0, fillColor=array([1., 1., 1.]), fillColorSpace='rgb', fillRGB=array([1., 1., 1.]), interpolate=True, lineColor=array([1., 1., 1.]), lineColorSpace='rgb', lineRGB=array([1., 1., 1.]), lineWidth=1, name='firstcircle_3', opacity=1.0, ori=array(0.), pos=array([0., 0.]), size=array([0.3, 0.5]), units='norm', vertices=ndarray(...), win=Window(...))
6.6489 	EXP 	Created text_3 = TextStim(__class__=<class 'psychopy.visual.text.TextStim'>, alignHoriz='center', alignVert='center', antialias=True, autoLog=True, bold=False, color='white', colorSpace='named', contrast=1.0, depth=-2.0, flipHoriz=False, flipVert=False, font='Arial', fontFiles=[], height=0.1, italic=False, languageStyle='LTR', name='text_3', opacity=1.0, ori=0, pos=array([0., 0.]), rgb=array([255., 255., 255.]), text='+', units='norm', win=Window(...), wrapWidth=1)
6.6515 	EXP 	Created secondcircle = Polygon(__class__=<class 'psychopy.visual.polygon.Polygon'>, autoDraw=False, autoLog=True, closeShape=True, color=method-wrapper(...), colorSpace=None, contrast=1.0, depth=-3.0, fillColor=array([-1., -1., -1.]), fillColorSpace='rgb', fillRGB=array([-1., -1., -1.]), interpolate=True, lineColor=array([-1., -1., -1.]), lineColorSpace='rgb', lineRGB=array([-1., -1., -1.]), lineWidth=1, name='secondcircle', opacity=1.0, ori=array(0.), pos=array([0., 0.]), size=array([0.3, 0.5]), units='norm', vertices=ndarray(...), win=Window(...))
6.6538 	EXP 	Created text_4 = TextStim(__class__=<class 'psychopy.visual.text.TextStim'>, alignHoriz='center', alignVert='center', antialias=True, autoLog=True, bold=False, color='white', colorSpace='named', contrast=1.0, depth=-4.0, flipHoriz=False, flipVert=False, font='Arial', fontFiles=[], height=0.1, italic=False, languageStyle='LTR', name='text_4', opacity=1.0, ori=0, pos=array([0., 0.]), rgb=array([255., 255., 255.]), text='next', units='norm', win=Window(...), wrapWidth=1)
6.6595 	EXP 	Created text_6 = TextStim(__class__=<class 'psychopy.visual.text.TextStim'>, alignHoriz='center', alignVert='center', antialias=True, autoLog=True, bold=False, color='white', colorSpace='named', contrast=1.0, depth=0.0, flipHoriz=False, flipVert=False, font='Arial', fontFiles=[], height=0.1, italic=False, languageStyle='LTR', name='text_6', opacity=1.0, ori=0, pos=array([0., 0.]), rgb=array([255., 255., 255.]), text='Block 3 starts\n\nPress space', units='norm', win=Window(...), wrapWidth=1)
6.6621 	EXP 	Created firstcircle_3 = Polygon(__class__=<class 'psychopy.visual.polygon.Polygon'>, autoDraw=False, autoLog=True, closeShape=True, color=method-wrapper(...), colorSpace=None, contrast=1.0, depth=0.0, fillColor=array([1., 1., 1.]), fillColorSpace='rgb', fillRGB=array([1., 1., 1.]), interpolate=True, lineColor=array([1., 1., 1.]), lineColorSpace='rgb', lineRGB=array([1., 1., 1.]), lineWidth=1, name='firstcircle_3', opacity=1.0, ori=array(0.), pos=array([0., 0.]), size=array([0.3, 0.5]), units='norm', vertices=ndarray(...), win=Window(...))
6.6641 	EXP 	Created text_3 = TextStim(__class__=<class 'psychopy.visual.text.TextStim'>, alignHoriz='center', alignVert='center', antialias=True, autoLog=True, bold=False, color='white', colorSpace='named', contrast=1.0, depth=-2.0, flipHoriz=False, flipVert=False, font='Arial', fontFiles=[], height=0.1, italic=False, languageStyle='LTR', name='text_3', opacity=1.0, ori=0, pos=array([0., 0.]), rgb=array([255., 255., 255.]), text='+', units='norm', win=Window(...), wrapWidth=1)
6.6668 	EXP 	Created secondcircle = Polygon(__class__=<class 'psychopy.visual.polygon.Polygon'>, autoDraw=False, autoLog=True, closeShape=True, color=method-wrapper(...), colorSpace=None, contrast=1.0, depth=-3.0, fillColor=array([-1., -1., -1.]), fillColorSpace='rgb', fillRGB=array([-1., -1., -1.]), interpolate=True, lineColor=array([-1., -1., -1.]), lineColorSpace='rgb', lineRGB=array([-1., -1., -1.]), lineWidth=1, name='secondcircle', opacity=1.0, ori=array(0.), pos=array([0., 0.]), size=array([0.3, 0.5]), units='norm', vertices=ndarray(...), win=Window(...))
6.6690 	EXP 	Created text_4 = TextStim(__class__=<class 'psychopy.visual.text.TextStim'>, alignHoriz='center', alignVert='center', antialias=True, autoLog=True, bold=False, color='white', colorSpace='named', contrast=1.0, depth=-4.0, flipHoriz=False, flipVert=False, font='Arial', fontFiles=[], height=0.1, italic=False, languageStyle='LTR', name='text_4', opacity=1.0, ori=0, pos=array([0., 0.]), rgb=array([255., 255., 255.]), text='next', units='norm', win=Window(...), wrapWidth=1)
6.6747 	EXP 	Created text_7 = TextStim(__class__=<class 'psychopy.visual.text.TextStim'>, alignHoriz='center', alignVert='center', antialias=True, autoLog=True, bold=False, color='white', colorSpace='named', contrast=1.0, depth=0.0, flipHoriz=False, flipVert=False, font='Arial', fontFiles=[], height=0.1, italic=False, languageStyle='LTR', name='text_7', opacity=1.0, ori=0, pos=array([0., 0.]), rgb=array([255., 255., 255.]), text='Block 4 starts\n\nPress space', units='norm', win=Window(...), wrapWidth=1)
6.6773 	EXP 	Created firstcircle_3 = Polygon(__class__=<class 'psychopy.visual.polygon.Polygon'>, autoDraw=False, autoLog=True, closeShape=True, color=method-wrapper(...), colorSpace=None, contrast=1.0, depth=0.0, fillColor=array([1., 1., 1.]), fillColorSpace='rgb', fillRGB=array([1., 1., 1.]), interpolate=True, lineColor=array([1., 1., 1.]), lineColorSpace='rgb', lineRGB=array([1., 1., 1.]), lineWidth=1, name='firstcircle_3', opacity=1.0, ori=array(0.), pos=array([0., 0.]), size=array([0.3, 0.5]), units='norm', vertices=ndarray(...), win=Window(...))
6.6793 	EXP 	Created text_3 = TextStim(__class__=<class 'psychopy.visual.text.TextStim'>, alignHoriz='center', alignVert='center', antialias=True, autoLog=True, bold=False, color='white', colorSpace='named', contrast=1.0, depth=-2.0, flipHoriz=False, flipVert=False, font='Arial', fontFiles=[], height=0.1, italic=False, languageStyle='LTR', name='text_3', opacity=1.0, ori=0, pos=array([0., 0.]), rgb=array([255., 255., 255.]), text='+', units='norm', win=Window(...), wrapWidth=1)
6.6818 	EXP 	Created secondcircle = Polygon(__class__=<class 'psychopy.visual.polygon.Polygon'>, autoDraw=False, autoLog=True, closeShape=True, color=method-wrapper(...), colorSpace=None, contrast=1.0, depth=-3.0, fillColor=array([-1., -1., -1.]), fillColorSpace='rgb', fillRGB=array([-1., -1., -1.]), interpolate=True, lineColor=array([-1., -1., -1.]), lineColorSpace='rgb', lineRGB=array([-1., -1., -1.]), lineWidth=1, name='secondcircle', opacity=1.0, ori=array(0.), pos=array([0., 0.]), size=array([0.3, 0.5]), units='norm', vertices=ndarray(...), win=Window(...))
6.6840 	EXP 	Created text_4 = TextStim(__class__=<class 'psychopy.visual.text.TextStim'>, alignHoriz='center', alignVert='center', antialias=True, autoLog=True, bold=False, color='white', colorSpace='named', contrast=1.0, depth=-4.0, flipHoriz=False, flipVert=False, font='Arial', fontFiles=[], height=0.1, italic=False, languageStyle='LTR', name='text_4', opacity=1.0, ori=0, pos=array([0., 0.]), rgb=array([255., 255., 255.]), text='next', units='norm', win=Window(...), wrapWidth=1)
6.6881 	EXP 	Created text_2 = TextStim(__class__=<class 'psychopy.visual.text.TextStim'>, alignHoriz='center', alignVert='center', antialias=True, autoLog=True, bold=False, color='white', colorSpace='named', contrast=1.0, depth=0.0, flipHoriz=False, flipVert=False, font='Arial', fontFiles=[], height=0.1, italic=False, languageStyle='LTR', name='text_2', opacity=1.0, ori=0, pos=array([0., 0.]), rgb=array([255., 255., 255.]), text='The end', units='norm', win=Window(...), wrapWidth=1)
6.7041 	EXP 	insRound1: autoDraw = True
35.6911 	DATA 	Keypress: space
35.7037 	EXP 	insRound1: autoDraw = False
35.7037 	EXP 	text: autoDraw = True
37.5060 	DATA 	Keypress: space
37.5148 	EXP 	Imported conditionsTime.csv as conditions, 20 conditions, 7 params
37.5151 	EXP 	Created sequence: sequential, trialTypes=20, nReps=1, seed=None
37.5154 	EXP 	New trial (rep=0, index=0): OrderedDict([('firstTime', 1.8), ('secondTime', 1.2), ('corrAns', 'left'), ('plusStart', 2.3), ('secondStart', 3.3), ('respStart', 4.5), ('randNum', 0.17368025899999998)])
37.5204 	EXP 	text: autoDraw = False
37.5204 	EXP 	text_4: autoDraw = True
38.0204 	EXP 	text_4: autoDraw = False
38.0370 	EXP 	firstcircle_3: autoDraw = True
39.8203 	EXP 	firstcircle_3: autoDraw = False
39.8370 	EXP 	text_3: autoDraw = True
40.8203 	EXP 	text_3: autoDraw = False
40.8370 	EXP 	secondcircle: autoDraw = True
42.0203 	EXP 	secondcircle: autoDraw = False
43.2395 	DATA 	Keypress: left
43.2412 	EXP 	New trial (rep=0, index=1): OrderedDict([('firstTime', 3.6), ('secondTime', 3.2), ('corrAns', 'left'), ('plusStart', 4.1), ('secondStart', 5.1), ('respStart', 8.3), ('randNum', 0.41458448299999995)])
43.2537 	EXP 	firstcircle_3: autoDraw = False
43.2537 	EXP 	text_3: autoDraw = False
43.2537 	EXP 	secondcircle: autoDraw = False
43.2537 	EXP 	text_4: autoDraw = False
43.2537 	EXP 	text_4: autoDraw = True
43.7536 	EXP 	text_4: autoDraw = False
43.7703 	EXP 	firstcircle_3: autoDraw = True
47.3536 	EXP 	firstcircle_3: autoDraw = False
47.3702 	EXP 	text_3: autoDraw = True
48.3536 	EXP 	text_3: autoDraw = False
48.3702 	EXP 	secondcircle: autoDraw = True
51.5535 	EXP 	secondcircle: autoDraw = False
52.5055 	DATA 	Keypress: right
52.5069 	EXP 	New trial (rep=0, index=2): OrderedDict([('firstTime', 2.5), ('secondTime', 1.5), ('corrAns', 'left'), ('plusStart', 3.0), ('secondStart', 4.0), ('respStart', 5.5), ('randNum', 0.148607464)])
52.5202 	EXP 	firstcircle_3: autoDraw = False
52.5202 	EXP 	text_3: autoDraw = False
52.5202 	EXP 	secondcircle: autoDraw = False
52.5202 	EXP 	text_4: autoDraw = False
52.5202 	EXP 	text_4: autoDraw = True
53.0202 	EXP 	text_4: autoDraw = False
53.0368 	EXP 	firstcircle_3: autoDraw = True
55.5202 	EXP 	firstcircle_3: autoDraw = False
55.5368 	EXP 	text_3: autoDraw = True
56.5201 	EXP 	text_3: autoDraw = False
56.5368 	EXP 	secondcircle: autoDraw = True
58.0201 	EXP 	secondcircle: autoDraw = False
58.5888 	DATA 	Keypress: right
58.5902 	EXP 	New trial (rep=0, index=3): OrderedDict([('firstTime', 1.8), ('secondTime', 2.7), ('corrAns', 'right'), ('plusStart', 2.3), ('secondStart', 3.3), ('respStart', 6.0), ('randNum', 0.13554984)])
58.6035 	EXP 	firstcircle_3: autoDraw = False
58.6035 	EXP 	text_3: autoDraw = False
58.6035 	EXP 	secondcircle: autoDraw = False
58.6035 	EXP 	text_4: autoDraw = False
58.6035 	EXP 	text_4: autoDraw = True
59.1034 	EXP 	text_4: autoDraw = False
59.1201 	EXP 	firstcircle_3: autoDraw = True
60.9034 	EXP 	firstcircle_3: autoDraw = False
60.9201 	EXP 	text_3: autoDraw = True
61.9034 	EXP 	text_3: autoDraw = False
61.9200 	EXP 	secondcircle: autoDraw = True
64.6033 	EXP 	secondcircle: autoDraw = False
65.8719 	DATA 	Keypress: right
65.8733 	EXP 	New trial (rep=0, index=4): OrderedDict([('firstTime', 1.2), ('secondTime', 1.8), ('corrAns', 'right'), ('plusStart', 1.7), ('secondStart', 2.7), ('respStart', 4.5), ('randNum', 0.309174352)])
65.8867 	EXP 	firstcircle_3: autoDraw = False
65.8867 	EXP 	text_3: autoDraw = False
65.8867 	EXP 	secondcircle: autoDraw = False
65.8867 	EXP 	text_4: autoDraw = False
65.8867 	EXP 	text_4: autoDraw = True
66.3866 	EXP 	text_4: autoDraw = False
66.4033 	EXP 	firstcircle_3: autoDraw = True
67.5866 	EXP 	firstcircle_3: autoDraw = False
67.6033 	EXP 	text_3: autoDraw = True
68.5866 	EXP 	text_3: autoDraw = False
68.6033 	EXP 	secondcircle: autoDraw = True
70.3866 	EXP 	secondcircle: autoDraw = False
70.9220 	DATA 	Keypress: right
70.9233 	EXP 	New trial (rep=0, index=5): OrderedDict([('firstTime', 8.8), ('secondTime', 9.9), ('corrAns', 'right'), ('plusStart', 9.3), ('secondStart', 10.3), ('respStart', 20.2), ('randNum', 0.7009299529999999)])
70.9366 	EXP 	firstcircle_3: autoDraw = False
70.9366 	EXP 	text_3: autoDraw = False
70.9366 	EXP 	secondcircle: autoDraw = False
70.9366 	EXP 	text_4: autoDraw = False
70.9366 	EXP 	text_4: autoDraw = True
71.4366 	EXP 	text_4: autoDraw = False
71.4532 	EXP 	firstcircle_3: autoDraw = True
80.2365 	EXP 	firstcircle_3: autoDraw = False
80.2531 	EXP 	text_3: autoDraw = True
81.2364 	EXP 	text_3: autoDraw = False
81.2531 	EXP 	secondcircle: autoDraw = True
91.1363 	EXP 	secondcircle: autoDraw = False
93.0048 	DATA 	Keypress: left
93.0062 	EXP 	New trial (rep=0, index=6): OrderedDict([('firstTime', 3.3), ('secondTime', 4.4), ('corrAns', 'right'), ('plusStart', 3.8), ('secondStart', 4.8), ('respStart', 9.2), ('randNum', 0.705723743)])
93.0196 	EXP 	firstcircle_3: autoDraw = False
93.0196 	EXP 	text_3: autoDraw = False
93.0196 	EXP 	secondcircle: autoDraw = False
93.0196 	EXP 	text_4: autoDraw = False
93.0196 	EXP 	text_4: autoDraw = True
93.5196 	EXP 	text_4: autoDraw = False
93.5363 	EXP 	firstcircle_3: autoDraw = True
96.8196 	EXP 	firstcircle_3: autoDraw = False
96.8362 	EXP 	text_3: autoDraw = True
97.8196 	EXP 	text_3: autoDraw = False
97.8362 	EXP 	secondcircle: autoDraw = True
102.2195 	EXP 	secondcircle: autoDraw = False
103.4215 	DATA 	Keypress: right
103.4228 	EXP 	New trial (rep=0, index=7): OrderedDict([('firstTime', 3.5), ('secondTime', 2.1), ('corrAns', 'left'), ('plusStart', 4.0), ('secondStart', 5.0), ('respStart', 7.1), ('randNum', 0.544523215)])
103.4361 	EXP 	firstcircle_3: autoDraw = False
103.4361 	EXP 	text_3: autoDraw = False
103.4361 	EXP 	secondcircle: autoDraw = False
103.4361 	EXP 	text_4: autoDraw = False
103.4361 	EXP 	text_4: autoDraw = True
103.9361 	EXP 	text_4: autoDraw = False
103.9528 	EXP 	firstcircle_3: autoDraw = True
107.4361 	EXP 	firstcircle_3: autoDraw = False
107.4528 	EXP 	text_3: autoDraw = True
108.4361 	EXP 	text_3: autoDraw = False
108.4527 	EXP 	secondcircle: autoDraw = True
110.5361 	EXP 	secondcircle: autoDraw = False
111.1880 	DATA 	Keypress: left
111.1894 	EXP 	New trial (rep=0, index=8): OrderedDict([('firstTime', 1.4), ('secondTime', 0.7), ('corrAns', 'left'), ('plusStart', 1.9), ('secondStart', 2.9), ('respStart', 3.6), ('randNum', 0.53553232)])
111.2028 	EXP 	firstcircle_3: autoDraw = False
111.2028 	EXP 	text_3: autoDraw = False
111.2028 	EXP 	secondcircle: autoDraw = False
111.2028 	EXP 	text_4: autoDraw = False
111.2028 	EXP 	text_4: autoDraw = True
111.7027 	EXP 	text_4: autoDraw = False
111.7194 	EXP 	firstcircle_3: autoDraw = True
113.1027 	EXP 	firstcircle_3: autoDraw = False
113.1194 	EXP 	text_3: autoDraw = True
114.1027 	EXP 	text_3: autoDraw = False
114.1193 	EXP 	secondcircle: autoDraw = True
114.8027 	EXP 	secondcircle: autoDraw = False
115.6380 	DATA 	Keypress: left
115.6393 	EXP 	New trial (rep=0, index=9): OrderedDict([('firstTime', 4.4), ('secondTime', 3.3), ('corrAns', 'left'), ('plusStart', 4.9), ('secondStart', 5.9), ('respStart', 9.2), ('randNum', 0.255641654)])
115.6527 	EXP 	firstcircle_3: autoDraw = False
115.6527 	EXP 	text_3: autoDraw = False
115.6527 	EXP 	secondcircle: autoDraw = False
115.6527 	EXP 	text_4: autoDraw = False
115.6527 	EXP 	text_4: autoDraw = True
116.1527 	EXP 	text_4: autoDraw = False
116.1693 	EXP 	firstcircle_3: autoDraw = True
120.5526 	EXP 	firstcircle_3: autoDraw = False
120.5693 	EXP 	text_3: autoDraw = True
121.5526 	EXP 	text_3: autoDraw = False
121.5692 	EXP 	secondcircle: autoDraw = True
124.8525 	EXP 	secondcircle: autoDraw = False
125.9723 	DATA 	Keypress: right
125.9875 	EXP 	New trial (rep=0, index=10): OrderedDict([('firstTime', 3.2), ('secondTime', 3.6), ('corrAns', 'right'), ('plusStart', 3.7), ('secondStart', 4.7), ('respStart', 8.3), ('randNum', 0.140100939)])
126.0025 	EXP 	firstcircle_3: autoDraw = False
126.0025 	EXP 	text_3: autoDraw = False
126.0025 	EXP 	secondcircle: autoDraw = False
126.0025 	EXP 	text_4: autoDraw = False
126.0025 	EXP 	text_4: autoDraw = True
126.5025 	EXP 	text_4: autoDraw = False
126.5192 	EXP 	firstcircle_3: autoDraw = True
129.7025 	EXP 	firstcircle_3: autoDraw = False
129.7192 	EXP 	text_3: autoDraw = True
130.7024 	EXP 	text_3: autoDraw = False
130.7191 	EXP 	secondcircle: autoDraw = True
134.3024 	EXP 	secondcircle: autoDraw = False
135.0211 	DATA 	Keypress: right
135.0224 	EXP 	New trial (rep=0, index=11): OrderedDict([('firstTime', 2.8), ('secondTime', 2.1), ('corrAns', 'left'), ('plusStart', 3.3), ('secondStart', 4.3), ('respStart', 6.4), ('randNum', 0.019093293)])
135.0357 	EXP 	firstcircle_3: autoDraw = False
135.0357 	EXP 	text_3: autoDraw = False
135.0357 	EXP 	secondcircle: autoDraw = False
135.0357 	EXP 	text_4: autoDraw = False
135.0357 	EXP 	text_4: autoDraw = True
135.5357 	EXP 	text_4: autoDraw = False
135.5524 	EXP 	firstcircle_3: autoDraw = True
138.3357 	EXP 	firstcircle_3: autoDraw = False
138.3523 	EXP 	text_3: autoDraw = True
139.3357 	EXP 	text_3: autoDraw = False
139.3523 	EXP 	secondcircle: autoDraw = True
141.4356 	EXP 	secondcircle: autoDraw = False
142.0377 	DATA 	Keypress: left
142.0391 	EXP 	New trial (rep=0, index=12): OrderedDict([('firstTime', 0.9), ('secondTime', 1.8), ('corrAns', 'right'), ('plusStart', 1.4), ('secondStart', 2.4), ('respStart', 4.2), ('randNum', 0.461070472)])
142.0523 	EXP 	firstcircle_3: autoDraw = False
142.0523 	EXP 	text_3: autoDraw = False
142.0523 	EXP 	secondcircle: autoDraw = False
142.0523 	EXP 	text_4: autoDraw = False
142.0523 	EXP 	text_4: autoDraw = True
142.5523 	EXP 	text_4: autoDraw = False
142.5690 	EXP 	firstcircle_3: autoDraw = True
143.4523 	EXP 	firstcircle_3: autoDraw = False
143.4689 	EXP 	text_3: autoDraw = True
144.4523 	EXP 	text_3: autoDraw = False
144.4689 	EXP 	secondcircle: autoDraw = True
146.2522 	EXP 	secondcircle: autoDraw = False
147.2375 	DATA 	Keypress: right
147.2390 	EXP 	New trial (rep=0, index=13): OrderedDict([('firstTime', 2.1), ('secondTime', 2.8), ('corrAns', 'right'), ('plusStart', 2.6), ('secondStart', 3.6), ('respStart', 6.4), ('randNum', 0.22761601199999998)])
147.2522 	EXP 	firstcircle_3: autoDraw = False
147.2522 	EXP 	text_3: autoDraw = False
147.2522 	EXP 	secondcircle: autoDraw = False
147.2522 	EXP 	text_4: autoDraw = False
147.2522 	EXP 	text_4: autoDraw = True
147.7522 	EXP 	text_4: autoDraw = False
147.7689 	EXP 	firstcircle_3: autoDraw = True
149.8522 	EXP 	firstcircle_3: autoDraw = False
149.8689 	EXP 	text_3: autoDraw = True
150.8522 	EXP 	text_3: autoDraw = False
150.8688 	EXP 	secondcircle: autoDraw = True
153.6521 	EXP 	secondcircle: autoDraw = False
154.1207 	DATA 	Keypress: right
154.1221 	EXP 	New trial (rep=0, index=14): OrderedDict([('firstTime', 0.7), ('secondTime', 1.4), ('corrAns', 'right'), ('plusStart', 1.2), ('secondStart', 2.2), ('respStart', 3.6), ('randNum', 0.436550891)])
154.1355 	EXP 	firstcircle_3: autoDraw = False
154.1355 	EXP 	text_3: autoDraw = False
154.1355 	EXP 	secondcircle: autoDraw = False
154.1355 	EXP 	text_4: autoDraw = False
154.1355 	EXP 	text_4: autoDraw = True
154.6355 	EXP 	text_4: autoDraw = False
154.6521 	EXP 	firstcircle_3: autoDraw = True
155.3354 	EXP 	firstcircle_3: autoDraw = False
155.3521 	EXP 	text_3: autoDraw = True
156.3354 	EXP 	text_3: autoDraw = False
156.3521 	EXP 	secondcircle: autoDraw = True
157.7354 	EXP 	secondcircle: autoDraw = False
158.0373 	DATA 	Keypress: right
158.0388 	EXP 	New trial (rep=0, index=15): OrderedDict([('firstTime', 1.8), ('secondTime', 0.9), ('corrAns', 'left'), ('plusStart', 2.3), ('secondStart', 3.3), ('respStart', 4.2), ('randNum', 0.028891147000000002)])
158.0521 	EXP 	firstcircle_3: autoDraw = False
158.0521 	EXP 	text_3: autoDraw = False
158.0521 	EXP 	secondcircle: autoDraw = False
158.0521 	EXP 	text_4: autoDraw = False
158.0521 	EXP 	text_4: autoDraw = True
158.5521 	EXP 	text_4: autoDraw = False
158.5687 	EXP 	firstcircle_3: autoDraw = True
160.3520 	EXP 	firstcircle_3: autoDraw = False
160.3687 	EXP 	text_3: autoDraw = True
161.3520 	EXP 	text_3: autoDraw = False
161.3687 	EXP 	secondcircle: autoDraw = True
162.2520 	EXP 	secondcircle: autoDraw = False
162.9540 	DATA 	Keypress: left
162.9554 	EXP 	New trial (rep=0, index=16): OrderedDict([('firstTime', 2.7), ('secondTime', 1.8), ('corrAns', 'left'), ('plusStart', 3.2), ('secondStart', 4.2), ('respStart', 6.0), ('randNum', 0.277400549)])
162.9687 	EXP 	firstcircle_3: autoDraw = False
162.9687 	EXP 	text_3: autoDraw = False
162.9687 	EXP 	secondcircle: autoDraw = False
162.9687 	EXP 	text_4: autoDraw = False
162.9687 	EXP 	text_4: autoDraw = True
163.4687 	EXP 	text_4: autoDraw = False
163.4854 	EXP 	firstcircle_3: autoDraw = True
166.1687 	EXP 	firstcircle_3: autoDraw = False
166.1853 	EXP 	text_3: autoDraw = True
167.1686 	EXP 	text_3: autoDraw = False
167.1853 	EXP 	secondcircle: autoDraw = True
168.9686 	EXP 	secondcircle: autoDraw = False
169.5372 	DATA 	Keypress: left
169.5387 	EXP 	New trial (rep=0, index=17): OrderedDict([('firstTime', 9.9), ('secondTime', 8.8), ('corrAns', 'left'), ('plusStart', 10.4), ('secondStart', 11.4), ('respStart', 20.2), ('randNum', 0.9607848720000001)])
169.5519 	EXP 	firstcircle_3: autoDraw = False
169.5519 	EXP 	text_3: autoDraw = False
169.5519 	EXP 	secondcircle: autoDraw = False
169.5519 	EXP 	text_4: autoDraw = False
169.5519 	EXP 	text_4: autoDraw = True
170.0519 	EXP 	text_4: autoDraw = False
170.0686 	EXP 	firstcircle_3: autoDraw = True
179.9518 	EXP 	firstcircle_3: autoDraw = False
179.9685 	EXP 	text_3: autoDraw = True
180.9518 	EXP 	text_3: autoDraw = False
180.9684 	EXP 	secondcircle: autoDraw = True
189.7517 	EXP 	secondcircle: autoDraw = False
191.6036 	DATA 	Keypress: left
191.6051 	EXP 	New trial (rep=0, index=18): OrderedDict([('firstTime', 2.1), ('secondTime', 3.5), ('corrAns', 'right'), ('plusStart', 2.6), ('secondStart', 3.6), ('respStart', 7.1), ('randNum', 0.609327094)])
191.6183 	EXP 	firstcircle_3: autoDraw = False
191.6183 	EXP 	text_3: autoDraw = False
191.6183 	EXP 	secondcircle: autoDraw = False
191.6183 	EXP 	text_4: autoDraw = False
191.6183 	EXP 	text_4: autoDraw = True
192.1183 	EXP 	text_4: autoDraw = False
192.1349 	EXP 	firstcircle_3: autoDraw = True
194.2183 	EXP 	firstcircle_3: autoDraw = False
194.2349 	EXP 	text_3: autoDraw = True
195.2182 	EXP 	text_3: autoDraw = False
195.2349 	EXP 	secondcircle: autoDraw = True
198.7182 	EXP 	secondcircle: autoDraw = False
199.3202 	DATA 	Keypress: right
199.3216 	EXP 	New trial (rep=0, index=19): OrderedDict([('firstTime', 1.5), ('secondTime', 2.5), ('corrAns', 'right'), ('plusStart', 2.0), ('secondStart', 3.0), ('respStart', 5.5), ('randNum', 0.487304505)])
199.3349 	EXP 	firstcircle_3: autoDraw = False
199.3349 	EXP 	text_3: autoDraw = False
199.3349 	EXP 	secondcircle: autoDraw = False
199.3349 	EXP 	text_4: autoDraw = False
199.3349 	EXP 	text_4: autoDraw = True
199.8348 	EXP 	text_4: autoDraw = False
199.8515 	EXP 	firstcircle_3: autoDraw = True
201.3348 	EXP 	firstcircle_3: autoDraw = False
201.3515 	EXP 	text_3: autoDraw = True
202.3348 	EXP 	text_3: autoDraw = False
202.3515 	EXP 	secondcircle: autoDraw = True
204.8348 	EXP 	secondcircle: autoDraw = False
205.5368 	DATA 	Keypress: right
205.5514 	EXP 	firstcircle_3: autoDraw = False
205.5514 	EXP 	text_3: autoDraw = False
205.5514 	EXP 	secondcircle: autoDraw = False
205.5514 	EXP 	text_4: autoDraw = False
205.5514 	EXP 	text_5: autoDraw = True
208.1372 	DATA 	Keypress: space
208.1429 	EXP 	Imported conditionsTime2.csv as conditions, 20 conditions, 7 params
208.1432 	EXP 	Created sequence: sequential, trialTypes=20, nReps=1, seed=None
208.1436 	EXP 	New trial (rep=0, index=0): OrderedDict([('firstTime', 9.9), ('secondTime', 8.8), ('corrAns', 'left'), ('plusStart', 10.4), ('secondStart', 11.4), ('respStart', 20.2), ('randNum', 0.6005130679999999)])
208.1514 	EXP 	text_5: autoDraw = False
208.1514 	EXP 	text_4: autoDraw = True
208.6514 	EXP 	text_4: autoDraw = False
208.6681 	EXP 	firstcircle_3: autoDraw = True
218.5513 	EXP 	firstcircle_3: autoDraw = False
218.5680 	EXP 	text_3: autoDraw = True
219.5512 	EXP 	text_3: autoDraw = False
219.5679 	EXP 	secondcircle: autoDraw = True
228.3511 	EXP 	secondcircle: autoDraw = False
228.9863 	DATA 	Keypress: left
228.9880 	EXP 	New trial (rep=0, index=1): OrderedDict([('firstTime', 1.5), ('secondTime', 2.5), ('corrAns', 'right'), ('plusStart', 2.0), ('secondStart', 3.0), ('respStart', 5.5), ('randNum', 0.805142221)])
229.0011 	EXP 	firstcircle_3: autoDraw = False
229.0011 	EXP 	text_3: autoDraw = False
229.0011 	EXP 	secondcircle: autoDraw = False
229.0011 	EXP 	text_4: autoDraw = False
229.0011 	EXP 	text_4: autoDraw = True
229.5011 	EXP 	text_4: autoDraw = False
229.5178 	EXP 	firstcircle_3: autoDraw = True
231.0011 	EXP 	firstcircle_3: autoDraw = False
231.0178 	EXP 	text_3: autoDraw = True
232.0011 	EXP 	text_3: autoDraw = False
232.0177 	EXP 	secondcircle: autoDraw = True
234.5010 	EXP 	secondcircle: autoDraw = False
235.0699 	DATA 	Keypress: right
235.0713 	EXP 	New trial (rep=0, index=2): OrderedDict([('firstTime', 0.7), ('secondTime', 1.4), ('corrAns', 'right'), ('plusStart', 1.2), ('secondStart', 2.2), ('respStart', 3.6), ('randNum', 0.70587608)])
235.0844 	EXP 	firstcircle_3: autoDraw = False
235.0844 	EXP 	text_3: autoDraw = False
235.0844 	EXP 	secondcircle: autoDraw = False
235.0844 	EXP 	text_4: autoDraw = False
235.0844 	EXP 	text_4: autoDraw = True
235.5844 	EXP 	text_4: autoDraw = False
235.6010 	EXP 	firstcircle_3: autoDraw = True
236.2844 	EXP 	firstcircle_3: autoDraw = False
236.3010 	EXP 	text_3: autoDraw = True
237.2843 	EXP 	text_3: autoDraw = False
237.3010 	EXP 	secondcircle: autoDraw = True
238.6843 	EXP 	secondcircle: autoDraw = False
239.0531 	DATA 	Keypress: right
239.0544 	EXP 	New trial (rep=0, index=3): OrderedDict([('firstTime', 1.2), ('secondTime', 1.8), ('corrAns', 'right'), ('plusStart', 1.7), ('secondStart', 2.7), ('respStart', 4.5), ('randNum', 0.276216099)])
239.0676 	EXP 	firstcircle_3: autoDraw = False
239.0676 	EXP 	text_3: autoDraw = False
239.0676 	EXP 	secondcircle: autoDraw = False
239.0676 	EXP 	text_4: autoDraw = False
239.0676 	EXP 	text_4: autoDraw = True
239.5676 	EXP 	text_4: autoDraw = False
239.5843 	EXP 	firstcircle_3: autoDraw = True
240.7676 	EXP 	firstcircle_3: autoDraw = False
240.7843 	EXP 	text_3: autoDraw = True
241.7676 	EXP 	text_3: autoDraw = False
241.7843 	EXP 	secondcircle: autoDraw = True
243.5676 	EXP 	secondcircle: autoDraw = False
245.0361 	DATA 	Keypress: right
245.0375 	EXP 	New trial (rep=0, index=4): OrderedDict([('firstTime', 3.3), ('secondTime', 4.4), ('corrAns', 'right'), ('plusStart', 3.8), ('secondStart', 4.8), ('respStart', 9.2), ('randNum', 0.803512663)])
245.0509 	EXP 	firstcircle_3: autoDraw = False
245.0509 	EXP 	text_3: autoDraw = False
245.0509 	EXP 	secondcircle: autoDraw = False
245.0509 	EXP 	text_4: autoDraw = False
245.0509 	EXP 	text_4: autoDraw = True
245.5509 	EXP 	text_4: autoDraw = False
245.5676 	EXP 	firstcircle_3: autoDraw = True
248.8509 	EXP 	firstcircle_3: autoDraw = False
248.8675 	EXP 	text_3: autoDraw = True
249.8508 	EXP 	text_3: autoDraw = False
249.8675 	EXP 	secondcircle: autoDraw = True
254.2508 	EXP 	secondcircle: autoDraw = False
254.6862 	DATA 	Keypress: right
254.6875 	EXP 	New trial (rep=0, index=5): OrderedDict([('firstTime', 2.1), ('secondTime', 2.8), ('corrAns', 'right'), ('plusStart', 2.6), ('secondStart', 3.6), ('respStart', 6.4), ('randNum', 0.26721103399999996)])
254.7008 	EXP 	firstcircle_3: autoDraw = False
254.7008 	EXP 	text_3: autoDraw = False
254.7008 	EXP 	secondcircle: autoDraw = False
254.7008 	EXP 	text_4: autoDraw = False
254.7008 	EXP 	text_4: autoDraw = True
255.2008 	EXP 	text_4: autoDraw = False
255.2174 	EXP 	firstcircle_3: autoDraw = True
257.3007 	EXP 	firstcircle_3: autoDraw = False
257.3174 	EXP 	text_3: autoDraw = True
258.3007 	EXP 	text_3: autoDraw = False
258.3174 	EXP 	secondcircle: autoDraw = True
261.1007 	EXP 	secondcircle: autoDraw = False
262.2028 	DATA 	Keypress: right
262.2042 	EXP 	New trial (rep=0, index=6): OrderedDict([('firstTime', 2.8), ('secondTime', 2.1), ('corrAns', 'left'), ('plusStart', 3.3), ('secondStart', 4.3), ('respStart', 6.4), ('randNum', 0.1426323)])
262.2173 	EXP 	firstcircle_3: autoDraw = False
262.2173 	EXP 	text_3: autoDraw = False
262.2173 	EXP 	secondcircle: autoDraw = False
262.2173 	EXP 	text_4: autoDraw = False
262.2173 	EXP 	text_4: autoDraw = True
262.7173 	EXP 	text_4: autoDraw = False
262.7340 	EXP 	firstcircle_3: autoDraw = True
265.5173 	EXP 	firstcircle_3: autoDraw = False
265.5340 	EXP 	text_3: autoDraw = True
266.5173 	EXP 	text_3: autoDraw = False
266.5339 	EXP 	secondcircle: autoDraw = True
268.6172 	EXP 	secondcircle: autoDraw = False
269.6193 	DATA 	Keypress: left
269.6207 	EXP 	New trial (rep=0, index=7): OrderedDict([('firstTime', 2.7), ('secondTime', 1.8), ('corrAns', 'left'), ('plusStart', 3.2), ('secondStart', 4.2), ('respStart', 6.0), ('randNum', 0.15619143)])
269.6339 	EXP 	firstcircle_3: autoDraw = False
269.6339 	EXP 	text_3: autoDraw = False
269.6339 	EXP 	secondcircle: autoDraw = False
269.6339 	EXP 	text_4: autoDraw = False
269.6339 	EXP 	text_4: autoDraw = True
270.1339 	EXP 	text_4: autoDraw = False
270.1506 	EXP 	firstcircle_3: autoDraw = True
272.8339 	EXP 	firstcircle_3: autoDraw = False
272.8505 	EXP 	text_3: autoDraw = True
273.8338 	EXP 	text_3: autoDraw = False
273.8505 	EXP 	secondcircle: autoDraw = True
275.6338 	EXP 	secondcircle: autoDraw = False
276.2526 	DATA 	Keypress: left
276.2540 	EXP 	New trial (rep=0, index=8): OrderedDict([('firstTime', 8.8), ('secondTime', 9.9), ('corrAns', 'right'), ('plusStart', 9.3), ('secondStart', 10.3), ('respStart', 20.2), ('randNum', 0.549248995)])
276.2671 	EXP 	firstcircle_3: autoDraw = False
276.2671 	EXP 	text_3: autoDraw = False
276.2671 	EXP 	secondcircle: autoDraw = False
276.2671 	EXP 	text_4: autoDraw = False
276.2671 	EXP 	text_4: autoDraw = True
276.7671 	EXP 	text_4: autoDraw = False
276.7838 	EXP 	firstcircle_3: autoDraw = True
285.5670 	EXP 	firstcircle_3: autoDraw = False
285.5837 	EXP 	text_3: autoDraw = True
286.5670 	EXP 	text_3: autoDraw = False
286.5837 	EXP 	secondcircle: autoDraw = True
296.4669 	EXP 	secondcircle: autoDraw = False
297.5352 	DATA 	Keypress: right
297.5366 	EXP 	New trial (rep=0, index=9): OrderedDict([('firstTime', 2.5), ('secondTime', 1.5), ('corrAns', 'left'), ('plusStart', 3.0), ('secondStart', 4.0), ('respStart', 5.5), ('randNum', 0.358211186)])
297.5502 	EXP 	firstcircle_3: autoDraw = False
297.5502 	EXP 	text_3: autoDraw = False
297.5502 	EXP 	secondcircle: autoDraw = False
297.5502 	EXP 	text_4: autoDraw = False
297.5502 	EXP 	text_4: autoDraw = True
298.0502 	EXP 	text_4: autoDraw = False
298.0669 	EXP 	firstcircle_3: autoDraw = True
300.5501 	EXP 	firstcircle_3: autoDraw = False
300.5669 	EXP 	text_3: autoDraw = True
301.5501 	EXP 	text_3: autoDraw = False
301.5668 	EXP 	secondcircle: autoDraw = True
303.0501 	EXP 	secondcircle: autoDraw = False
303.9519 	DATA 	Keypress: left
303.9532 	EXP 	New trial (rep=0, index=10): OrderedDict([('firstTime', 1.8), ('secondTime', 0.9), ('corrAns', 'left'), ('plusStart', 2.3), ('secondStart', 3.3), ('respStart', 4.2), ('randNum', 0.907401646)])
303.9668 	EXP 	firstcircle_3: autoDraw = False
303.9668 	EXP 	text_3: autoDraw = False
303.9668 	EXP 	secondcircle: autoDraw = False
303.9668 	EXP 	text_4: autoDraw = False
303.9668 	EXP 	text_4: autoDraw = True
304.4668 	EXP 	text_4: autoDraw = False
304.4834 	EXP 	firstcircle_3: autoDraw = True
306.2667 	EXP 	firstcircle_3: autoDraw = False
306.2835 	EXP 	text_3: autoDraw = True
307.2667 	EXP 	text_3: autoDraw = False
307.2834 	EXP 	secondcircle: autoDraw = True
308.1667 	EXP 	secondcircle: autoDraw = False
309.0357 	DATA 	Keypress: left
309.0518 	EXP 	New trial (rep=0, index=11): OrderedDict([('firstTime', 3.2), ('secondTime', 3.6), ('corrAns', 'right'), ('plusStart', 3.7), ('secondStart', 4.7), ('respStart', 8.3), ('randNum', 0.40261677799999995)])
309.0667 	EXP 	firstcircle_3: autoDraw = False
309.0667 	EXP 	text_3: autoDraw = False
309.0667 	EXP 	secondcircle: autoDraw = False
309.0667 	EXP 	text_4: autoDraw = False
309.0667 	EXP 	text_4: autoDraw = True
309.5667 	EXP 	text_4: autoDraw = False
309.5834 	EXP 	firstcircle_3: autoDraw = True
312.7667 	EXP 	firstcircle_3: autoDraw = False
312.7833 	EXP 	text_3: autoDraw = True
313.7666 	EXP 	text_3: autoDraw = False
313.7833 	EXP 	secondcircle: autoDraw = True
317.3666 	EXP 	secondcircle: autoDraw = False
317.7684 	DATA 	Keypress: right
317.7697 	EXP 	New trial (rep=0, index=12): OrderedDict([('firstTime', 2.1), ('secondTime', 3.5), ('corrAns', 'right'), ('plusStart', 2.6), ('secondStart', 3.6), ('respStart', 7.1), ('randNum', 0.699018652)])
317.7833 	EXP 	firstcircle_3: autoDraw = False
317.7833 	EXP 	text_3: autoDraw = False
317.7833 	EXP 	secondcircle: autoDraw = False
317.7833 	EXP 	text_4: autoDraw = False
317.7833 	EXP 	text_4: autoDraw = True
318.2833 	EXP 	text_4: autoDraw = False
318.2999 	EXP 	firstcircle_3: autoDraw = True
320.3832 	EXP 	firstcircle_3: autoDraw = False
320.3999 	EXP 	text_3: autoDraw = True
321.3832 	EXP 	text_3: autoDraw = False
321.3999 	EXP 	secondcircle: autoDraw = True
324.8831 	EXP 	secondcircle: autoDraw = False
325.3352 	DATA 	Keypress: right
325.3366 	EXP 	New trial (rep=0, index=13): OrderedDict([('firstTime', 1.8), ('secondTime', 2.7), ('corrAns', 'right'), ('plusStart', 2.3), ('secondStart', 3.3), ('respStart', 6.0), ('randNum', 0.8590765890000001)])
325.3498 	EXP 	firstcircle_3: autoDraw = False
325.3498 	EXP 	text_3: autoDraw = False
325.3498 	EXP 	secondcircle: autoDraw = False
325.3498 	EXP 	text_4: autoDraw = False
325.3498 	EXP 	text_4: autoDraw = True
325.8498 	EXP 	text_4: autoDraw = False
325.8665 	EXP 	firstcircle_3: autoDraw = True
327.6498 	EXP 	firstcircle_3: autoDraw = False
327.6665 	EXP 	text_3: autoDraw = True
328.6498 	EXP 	text_3: autoDraw = False
328.6664 	EXP 	secondcircle: autoDraw = True
331.3497 	EXP 	secondcircle: autoDraw = False
332.1020 	DATA 	Keypress: right
332.1181 	EXP 	New trial (rep=0, index=14): OrderedDict([('firstTime', 1.4), ('secondTime', 0.7), ('corrAns', 'left'), ('plusStart', 1.9), ('secondStart', 2.9), ('respStart', 3.6), ('randNum', 0.413030013)])
332.1331 	EXP 	firstcircle_3: autoDraw = False
332.1331 	EXP 	text_3: autoDraw = False
332.1331 	EXP 	secondcircle: autoDraw = False
332.1331 	EXP 	text_4: autoDraw = False
332.1331 	EXP 	text_4: autoDraw = True
332.6330 	EXP 	text_4: autoDraw = False
332.6497 	EXP 	firstcircle_3: autoDraw = True
334.0330 	EXP 	firstcircle_3: autoDraw = False
334.0497 	EXP 	text_3: autoDraw = True
335.0330 	EXP 	text_3: autoDraw = False
335.0497 	EXP 	secondcircle: autoDraw = True
335.7330 	EXP 	secondcircle: autoDraw = False
336.3516 	DATA 	Keypress: left
336.3530 	EXP 	New trial (rep=0, index=15): OrderedDict([('firstTime', 3.6), ('secondTime', 3.2), ('corrAns', 'left'), ('plusStart', 4.1), ('secondStart', 5.1), ('respStart', 8.3), ('randNum', 0.12198344800000001)])
336.3663 	EXP 	firstcircle_3: autoDraw = False
336.3663 	EXP 	text_3: autoDraw = False
336.3663 	EXP 	secondcircle: autoDraw = False
336.3663 	EXP 	text_4: autoDraw = False
336.3663 	EXP 	text_4: autoDraw = True
336.8663 	EXP 	text_4: autoDraw = False
336.8830 	EXP 	firstcircle_3: autoDraw = True
340.4663 	EXP 	firstcircle_3: autoDraw = False
340.4829 	EXP 	text_3: autoDraw = True
341.4663 	EXP 	text_3: autoDraw = False
341.4829 	EXP 	secondcircle: autoDraw = True
344.6662 	EXP 	secondcircle: autoDraw = False
345.1183 	DATA 	Keypress: left
345.1197 	EXP 	New trial (rep=0, index=16): OrderedDict([('firstTime', 4.4), ('secondTime', 3.3), ('corrAns', 'left'), ('plusStart', 4.9), ('secondStart', 5.9), ('respStart', 9.2), ('randNum', 0.7908218929999999)])
345.1329 	EXP 	firstcircle_3: autoDraw = False
345.1329 	EXP 	text_3: autoDraw = False
345.1329 	EXP 	secondcircle: autoDraw = False
345.1329 	EXP 	text_4: autoDraw = False
345.1329 	EXP 	text_4: autoDraw = True
345.6329 	EXP 	text_4: autoDraw = False
345.6495 	EXP 	firstcircle_3: autoDraw = True
350.0328 	EXP 	firstcircle_3: autoDraw = False
350.0495 	EXP 	text_3: autoDraw = True
351.0328 	EXP 	text_3: autoDraw = False
351.0495 	EXP 	secondcircle: autoDraw = True
354.3328 	EXP 	secondcircle: autoDraw = False
354.8348 	DATA 	Keypress: left
354.8362 	EXP 	New trial (rep=0, index=17): OrderedDict([('firstTime', 3.5), ('secondTime', 2.1), ('corrAns', 'left'), ('plusStart', 4.0), ('secondStart', 5.0), ('respStart', 7.1), ('randNum', 0.149007794)])
354.8494 	EXP 	firstcircle_3: autoDraw = False
354.8494 	EXP 	text_3: autoDraw = False
354.8494 	EXP 	secondcircle: autoDraw = False
354.8494 	EXP 	text_4: autoDraw = False
354.8494 	EXP 	text_4: autoDraw = True
355.3494 	EXP 	text_4: autoDraw = False
355.3661 	EXP 	firstcircle_3: autoDraw = True
358.8494 	EXP 	firstcircle_3: autoDraw = False
358.8660 	EXP 	text_3: autoDraw = True
359.8494 	EXP 	text_3: autoDraw = False
359.8660 	EXP 	secondcircle: autoDraw = True
361.9493 	EXP 	secondcircle: autoDraw = False
362.8178 	DATA 	Keypress: left
362.8193 	EXP 	New trial (rep=0, index=18): OrderedDict([('firstTime', 1.8), ('secondTime', 1.2), ('corrAns', 'left'), ('plusStart', 2.3), ('secondStart', 3.3), ('respStart', 4.5), ('randNum', 0.44825194799999996)])
362.8326 	EXP 	firstcircle_3: autoDraw = False
362.8326 	EXP 	text_3: autoDraw = False
362.8326 	EXP 	secondcircle: autoDraw = False
362.8326 	EXP 	text_4: autoDraw = False
362.8326 	EXP 	text_4: autoDraw = True
363.3326 	EXP 	text_4: autoDraw = False
363.3493 	EXP 	firstcircle_3: autoDraw = True
365.1326 	EXP 	firstcircle_3: autoDraw = False
365.1493 	EXP 	text_3: autoDraw = True
366.1326 	EXP 	text_3: autoDraw = False
366.1493 	EXP 	secondcircle: autoDraw = True
367.3326 	EXP 	secondcircle: autoDraw = False
368.0347 	DATA 	Keypress: left
368.0361 	EXP 	New trial (rep=0, index=19): OrderedDict([('firstTime', 0.9), ('secondTime', 1.8), ('corrAns', 'right'), ('plusStart', 1.4), ('secondStart', 2.4), ('respStart', 4.2), ('randNum', 0.35938568299999996)])
368.0492 	EXP 	firstcircle_3: autoDraw = False
368.0492 	EXP 	text_3: autoDraw = False
368.0492 	EXP 	secondcircle: autoDraw = False
368.0492 	EXP 	text_4: autoDraw = False
368.0492 	EXP 	text_4: autoDraw = True
368.5493 	EXP 	text_4: autoDraw = False
368.5659 	EXP 	firstcircle_3: autoDraw = True
369.4492 	EXP 	firstcircle_3: autoDraw = False
369.4659 	EXP 	text_3: autoDraw = True
370.4492 	EXP 	text_3: autoDraw = False
370.4659 	EXP 	secondcircle: autoDraw = True
372.2492 	EXP 	secondcircle: autoDraw = False
372.6345 	DATA 	Keypress: right
372.6492 	EXP 	firstcircle_3: autoDraw = False
372.6492 	EXP 	text_3: autoDraw = False
372.6492 	EXP 	secondcircle: autoDraw = False
372.6492 	EXP 	text_4: autoDraw = False
372.6492 	EXP 	text_6: autoDraw = True
374.5185 	DATA 	Keypress: space
374.5393 	EXP 	Imported conditionsTime3.csv as conditions, 20 conditions, 7 params
374.5396 	EXP 	Created sequence: sequential, trialTypes=20, nReps=1, seed=None
374.5401 	EXP 	New trial (rep=0, index=0): OrderedDict([('firstTime', 2.7), ('secondTime', 1.8), ('corrAns', 'left'), ('plusStart', 3.2), ('secondStart', 4.2), ('respStart', 6.0), ('randNum', 0.09224181599999999)])
374.5491 	EXP 	text_6: autoDraw = False
374.5491 	EXP 	text_4: autoDraw = True
375.0491 	EXP 	text_4: autoDraw = False
375.0658 	EXP 	firstcircle_3: autoDraw = True
377.7492 	EXP 	firstcircle_3: autoDraw = False
377.7658 	EXP 	text_3: autoDraw = True
378.7491 	EXP 	text_3: autoDraw = False
378.7658 	EXP 	secondcircle: autoDraw = True
380.5491 	EXP 	secondcircle: autoDraw = False
381.1678 	DATA 	Keypress: right
381.1694 	EXP 	New trial (rep=0, index=1): OrderedDict([('firstTime', 1.8), ('secondTime', 2.7), ('corrAns', 'right'), ('plusStart', 2.3), ('secondStart', 3.3), ('respStart', 6.0), ('randNum', 0.320860695)])
381.1824 	EXP 	firstcircle_3: autoDraw = False
381.1824 	EXP 	text_3: autoDraw = False
381.1824 	EXP 	secondcircle: autoDraw = False
381.1824 	EXP 	text_4: autoDraw = False
381.1824 	EXP 	text_4: autoDraw = True
381.6824 	EXP 	text_4: autoDraw = False
381.6991 	EXP 	firstcircle_3: autoDraw = True
383.4824 	EXP 	firstcircle_3: autoDraw = False
383.4990 	EXP 	text_3: autoDraw = True
384.4823 	EXP 	text_3: autoDraw = False
384.4990 	EXP 	secondcircle: autoDraw = True
387.1823 	EXP 	secondcircle: autoDraw = False
387.7843 	DATA 	Keypress: right
387.7858 	EXP 	New trial (rep=0, index=2): OrderedDict([('firstTime', 0.7), ('secondTime', 1.4), ('corrAns', 'right'), ('plusStart', 1.2), ('secondStart', 2.2), ('respStart', 3.6), ('randNum', 0.091696964)])
387.7990 	EXP 	firstcircle_3: autoDraw = False
387.7990 	EXP 	text_3: autoDraw = False
387.7990 	EXP 	secondcircle: autoDraw = False
387.7990 	EXP 	text_4: autoDraw = False
387.7990 	EXP 	text_4: autoDraw = True
388.2990 	EXP 	text_4: autoDraw = False
388.3156 	EXP 	firstcircle_3: autoDraw = True
388.9990 	EXP 	firstcircle_3: autoDraw = False
389.0156 	EXP 	text_3: autoDraw = True
389.9989 	EXP 	text_3: autoDraw = False
390.0156 	EXP 	secondcircle: autoDraw = True
391.3989 	EXP 	secondcircle: autoDraw = False
392.2507 	DATA 	Keypress: right
392.2520 	EXP 	New trial (rep=0, index=3): OrderedDict([('firstTime', 4.4), ('secondTime', 3.3), ('corrAns', 'left'), ('plusStart', 4.9), ('secondStart', 5.9), ('respStart', 9.2), ('randNum', 0.010112259)])
392.2656 	EXP 	firstcircle_3: autoDraw = False
392.2656 	EXP 	text_3: autoDraw = False
392.2656 	EXP 	secondcircle: autoDraw = False
392.2656 	EXP 	text_4: autoDraw = False
392.2656 	EXP 	text_4: autoDraw = True
392.7656 	EXP 	text_4: autoDraw = False
392.7822 	EXP 	firstcircle_3: autoDraw = True
397.1655 	EXP 	firstcircle_3: autoDraw = False
397.1822 	EXP 	text_3: autoDraw = True
398.1655 	EXP 	text_3: autoDraw = False
398.1822 	EXP 	secondcircle: autoDraw = True
401.4655 	EXP 	secondcircle: autoDraw = False
402.1008 	DATA 	Keypress: left
402.1021 	EXP 	New trial (rep=0, index=4): OrderedDict([('firstTime', 0.9), ('secondTime', 1.8), ('corrAns', 'right'), ('plusStart', 1.4), ('secondStart', 2.4), ('respStart', 4.2), ('randNum', 0.877480265)])
402.1154 	EXP 	firstcircle_3: autoDraw = False
402.1154 	EXP 	text_3: autoDraw = False
402.1154 	EXP 	secondcircle: autoDraw = False
402.1154 	EXP 	text_4: autoDraw = False
402.1154 	EXP 	text_4: autoDraw = True
402.6154 	EXP 	text_4: autoDraw = False
402.6321 	EXP 	firstcircle_3: autoDraw = True
403.5154 	EXP 	firstcircle_3: autoDraw = False
403.5321 	EXP 	text_3: autoDraw = True
404.5154 	EXP 	text_3: autoDraw = False
404.5321 	EXP 	secondcircle: autoDraw = True
406.3154 	EXP 	secondcircle: autoDraw = False
407.4342 	DATA 	Keypress: left
407.4356 	EXP 	New trial (rep=0, index=5): OrderedDict([('firstTime', 1.8), ('secondTime', 0.9), ('corrAns', 'left'), ('plusStart', 2.3), ('secondStart', 3.3), ('respStart', 4.2), ('randNum', 0.74232345)])
407.4488 	EXP 	firstcircle_3: autoDraw = False
407.4488 	EXP 	text_3: autoDraw = False
407.4488 	EXP 	secondcircle: autoDraw = False
407.4488 	EXP 	text_4: autoDraw = False
407.4488 	EXP 	text_4: autoDraw = True
407.9487 	EXP 	text_4: autoDraw = False
407.9654 	EXP 	firstcircle_3: autoDraw = True
409.7487 	EXP 	firstcircle_3: autoDraw = False
409.7653 	EXP 	text_3: autoDraw = True
410.7487 	EXP 	text_3: autoDraw = False
410.7653 	EXP 	secondcircle: autoDraw = True
411.6487 	EXP 	secondcircle: autoDraw = False
412.3005 	DATA 	Keypress: left
412.3019 	EXP 	New trial (rep=0, index=6): OrderedDict([('firstTime', 1.8), ('secondTime', 1.2), ('corrAns', 'left'), ('plusStart', 2.3), ('secondStart', 3.3), ('respStart', 4.5), ('randNum', 0.307053849)])
412.3153 	EXP 	firstcircle_3: autoDraw = False
412.3153 	EXP 	text_3: autoDraw = False
412.3153 	EXP 	secondcircle: autoDraw = False
412.3153 	EXP 	text_4: autoDraw = False
412.3153 	EXP 	text_4: autoDraw = True
412.8153 	EXP 	text_4: autoDraw = False
412.8320 	EXP 	firstcircle_3: autoDraw = True
414.6153 	EXP 	firstcircle_3: autoDraw = False
414.6319 	EXP 	text_3: autoDraw = True
415.6153 	EXP 	text_3: autoDraw = False
415.6319 	EXP 	secondcircle: autoDraw = True
416.8153 	EXP 	secondcircle: autoDraw = False
417.3840 	DATA 	Keypress: left
417.3854 	EXP 	New trial (rep=0, index=7): OrderedDict([('firstTime', 3.6), ('secondTime', 3.2), ('corrAns', 'left'), ('plusStart', 4.1), ('secondStart', 5.1), ('respStart', 8.3), ('randNum', 0.331236492)])
417.3986 	EXP 	firstcircle_3: autoDraw = False
417.3986 	EXP 	text_3: autoDraw = False
417.3986 	EXP 	secondcircle: autoDraw = False
417.3986 	EXP 	text_4: autoDraw = False
417.3986 	EXP 	text_4: autoDraw = True
417.8986 	EXP 	text_4: autoDraw = False
417.9152 	EXP 	firstcircle_3: autoDraw = True
421.4985 	EXP 	firstcircle_3: autoDraw = False
421.5152 	EXP 	text_3: autoDraw = True
422.4985 	EXP 	text_3: autoDraw = False
422.5152 	EXP 	secondcircle: autoDraw = True
425.6985 	EXP 	secondcircle: autoDraw = False
426.2338 	DATA 	Keypress: left
426.2351 	EXP 	New trial (rep=0, index=8): OrderedDict([('firstTime', 2.5), ('secondTime', 1.5), ('corrAns', 'left'), ('plusStart', 3.0), ('secondStart', 4.0), ('respStart', 5.5), ('randNum', 0.778562476)])
426.2484 	EXP 	firstcircle_3: autoDraw = False
426.2484 	EXP 	text_3: autoDraw = False
426.2484 	EXP 	secondcircle: autoDraw = False
426.2484 	EXP 	text_4: autoDraw = False
426.2484 	EXP 	text_4: autoDraw = True
426.7484 	EXP 	text_4: autoDraw = False
426.7651 	EXP 	firstcircle_3: autoDraw = True
429.2484 	EXP 	firstcircle_3: autoDraw = False
429.2651 	EXP 	text_3: autoDraw = True
430.2484 	EXP 	text_3: autoDraw = False
430.2651 	EXP 	secondcircle: autoDraw = True
431.7484 	EXP 	secondcircle: autoDraw = False
432.3010 	DATA 	Keypress: left
432.3167 	EXP 	New trial (rep=0, index=9): OrderedDict([('firstTime', 1.2), ('secondTime', 1.8), ('corrAns', 'right'), ('plusStart', 1.7), ('secondStart', 2.7), ('respStart', 4.5), ('randNum', 0.18131893100000002)])
432.3317 	EXP 	firstcircle_3: autoDraw = False
432.3317 	EXP 	text_3: autoDraw = False
432.3317 	EXP 	secondcircle: autoDraw = False
432.3317 	EXP 	text_4: autoDraw = False
432.3317 	EXP 	text_4: autoDraw = True
432.8317 	EXP 	text_4: autoDraw = False
432.8484 	EXP 	firstcircle_3: autoDraw = True
434.0317 	EXP 	firstcircle_3: autoDraw = False
434.0484 	EXP 	text_3: autoDraw = True
435.0317 	EXP 	text_3: autoDraw = False
435.0484 	EXP 	secondcircle: autoDraw = True
436.8316 	EXP 	secondcircle: autoDraw = False
437.6340 	DATA 	Keypress: left
437.6500 	EXP 	New trial (rep=0, index=10): OrderedDict([('firstTime', 2.8), ('secondTime', 2.1), ('corrAns', 'left'), ('plusStart', 3.3), ('secondStart', 4.3), ('respStart', 6.4), ('randNum', 0.897215002)])
437.6650 	EXP 	firstcircle_3: autoDraw = False
437.6650 	EXP 	text_3: autoDraw = False
437.6650 	EXP 	secondcircle: autoDraw = False
437.6650 	EXP 	text_4: autoDraw = False
437.6650 	EXP 	text_4: autoDraw = True
438.1650 	EXP 	text_4: autoDraw = False
438.1816 	EXP 	firstcircle_3: autoDraw = True
440.9650 	EXP 	firstcircle_3: autoDraw = False
440.9816 	EXP 	text_3: autoDraw = True
441.9649 	EXP 	text_3: autoDraw = False
441.9816 	EXP 	secondcircle: autoDraw = True
444.0649 	EXP 	secondcircle: autoDraw = False
444.5836 	DATA 	Keypress: right
444.5850 	EXP 	New trial (rep=0, index=11): OrderedDict([('firstTime', 2.1), ('secondTime', 2.8), ('corrAns', 'right'), ('plusStart', 2.6), ('secondStart', 3.6), ('respStart', 6.4), ('randNum', 0.734438325)])
444.5982 	EXP 	firstcircle_3: autoDraw = False
444.5982 	EXP 	text_3: autoDraw = False
444.5982 	EXP 	secondcircle: autoDraw = False
444.5982 	EXP 	text_4: autoDraw = False
444.5982 	EXP 	text_4: autoDraw = True
445.0982 	EXP 	text_4: autoDraw = False
445.1149 	EXP 	firstcircle_3: autoDraw = True
447.1982 	EXP 	firstcircle_3: autoDraw = False
447.2148 	EXP 	text_3: autoDraw = True
448.1982 	EXP 	text_3: autoDraw = False
448.2148 	EXP 	secondcircle: autoDraw = True
450.9981 	EXP 	secondcircle: autoDraw = False
451.4335 	DATA 	Keypress: right
451.4349 	EXP 	New trial (rep=0, index=12): OrderedDict([('firstTime', 3.2), ('secondTime', 3.6), ('corrAns', 'right'), ('plusStart', 3.7), ('secondStart', 4.7), ('respStart', 8.3), ('randNum', 0.716372322)])
451.4481 	EXP 	firstcircle_3: autoDraw = False
451.4481 	EXP 	text_3: autoDraw = False
451.4481 	EXP 	secondcircle: autoDraw = False
451.4481 	EXP 	text_4: autoDraw = False
451.4481 	EXP 	text_4: autoDraw = True
451.9481 	EXP 	text_4: autoDraw = False
451.9648 	EXP 	firstcircle_3: autoDraw = True
455.1481 	EXP 	firstcircle_3: autoDraw = False
455.1647 	EXP 	text_3: autoDraw = True
456.1481 	EXP 	text_3: autoDraw = False
456.1647 	EXP 	secondcircle: autoDraw = True
459.7480 	EXP 	secondcircle: autoDraw = False
460.2497 	DATA 	Keypress: right
460.2511 	EXP 	New trial (rep=0, index=13): OrderedDict([('firstTime', 2.1), ('secondTime', 3.5), ('corrAns', 'right'), ('plusStart', 2.6), ('secondStart', 3.6), ('respStart', 7.1), ('randNum', 0.2797458)])
460.2647 	EXP 	firstcircle_3: autoDraw = False
460.2647 	EXP 	text_3: autoDraw = False
460.2647 	EXP 	secondcircle: autoDraw = False
460.2647 	EXP 	text_4: autoDraw = False
460.2647 	EXP 	text_4: autoDraw = True
460.7646 	EXP 	text_4: autoDraw = False
460.7813 	EXP 	firstcircle_3: autoDraw = True
462.8646 	EXP 	firstcircle_3: autoDraw = False
462.8813 	EXP 	text_3: autoDraw = True
463.8646 	EXP 	text_3: autoDraw = False
463.8813 	EXP 	secondcircle: autoDraw = True
467.3646 	EXP 	secondcircle: autoDraw = False
467.6834 	DATA 	Keypress: right
467.6848 	EXP 	New trial (rep=0, index=14): OrderedDict([('firstTime', 1.4), ('secondTime', 0.7), ('corrAns', 'left'), ('plusStart', 1.9), ('secondStart', 2.9), ('respStart', 3.6), ('randNum', 0.038284202)])
467.6979 	EXP 	firstcircle_3: autoDraw = False
467.6979 	EXP 	text_3: autoDraw = False
467.6979 	EXP 	secondcircle: autoDraw = False
467.6979 	EXP 	text_4: autoDraw = False
467.6979 	EXP 	text_4: autoDraw = True
468.1979 	EXP 	text_4: autoDraw = False
468.2145 	EXP 	firstcircle_3: autoDraw = True
469.5979 	EXP 	firstcircle_3: autoDraw = False
469.6145 	EXP 	text_3: autoDraw = True
470.5979 	EXP 	text_3: autoDraw = False
470.6145 	EXP 	secondcircle: autoDraw = True
471.2979 	EXP 	secondcircle: autoDraw = False
471.8998 	DATA 	Keypress: left
471.9012 	EXP 	New trial (rep=0, index=15): OrderedDict([('firstTime', 9.9), ('secondTime', 8.8), ('corrAns', 'left'), ('plusStart', 10.4), ('secondStart', 11.4), ('respStart', 20.2), ('randNum', 0.656448526)])
471.9145 	EXP 	firstcircle_3: autoDraw = False
471.9145 	EXP 	text_3: autoDraw = False
471.9145 	EXP 	secondcircle: autoDraw = False
471.9145 	EXP 	text_4: autoDraw = False
471.9145 	EXP 	text_4: autoDraw = True
472.4145 	EXP 	text_4: autoDraw = False
472.4312 	EXP 	firstcircle_3: autoDraw = True
482.3144 	EXP 	firstcircle_3: autoDraw = False
482.3310 	EXP 	text_3: autoDraw = True
483.3144 	EXP 	text_3: autoDraw = False
483.3310 	EXP 	secondcircle: autoDraw = True
492.1143 	EXP 	secondcircle: autoDraw = False
492.8660 	DATA 	Keypress: left
492.8673 	EXP 	New trial (rep=0, index=16): OrderedDict([('firstTime', 3.5), ('secondTime', 2.1), ('corrAns', 'left'), ('plusStart', 4.0), ('secondStart', 5.0), ('respStart', 7.1), ('randNum', 0.25078508899999996)])
492.8809 	EXP 	firstcircle_3: autoDraw = False
492.8809 	EXP 	text_3: autoDraw = False
492.8809 	EXP 	secondcircle: autoDraw = False
492.8809 	EXP 	text_4: autoDraw = False
492.8809 	EXP 	text_4: autoDraw = True
493.3809 	EXP 	text_4: autoDraw = False
493.3975 	EXP 	firstcircle_3: autoDraw = True
496.8808 	EXP 	firstcircle_3: autoDraw = False
496.8975 	EXP 	text_3: autoDraw = True
497.8808 	EXP 	text_3: autoDraw = False
497.8975 	EXP 	secondcircle: autoDraw = True
499.9808 	EXP 	secondcircle: autoDraw = False
500.3994 	DATA 	Keypress: left
500.4007 	EXP 	New trial (rep=0, index=17): OrderedDict([('firstTime', 8.8), ('secondTime', 9.9), ('corrAns', 'right'), ('plusStart', 9.3), ('secondStart', 10.3), ('respStart', 20.2), ('randNum', 0.055985873)])
500.4141 	EXP 	firstcircle_3: autoDraw = False
500.4141 	EXP 	text_3: autoDraw = False
500.4141 	EXP 	secondcircle: autoDraw = False
500.4141 	EXP 	text_4: autoDraw = False
500.4141 	EXP 	text_4: autoDraw = True
500.9141 	EXP 	text_4: autoDraw = False
500.9308 	EXP 	firstcircle_3: autoDraw = True
509.7140 	EXP 	firstcircle_3: autoDraw = False
509.7307 	EXP 	text_3: autoDraw = True
510.7140 	EXP 	text_3: autoDraw = False
510.7306 	EXP 	secondcircle: autoDraw = True
520.6138 	EXP 	secondcircle: autoDraw = False
521.0658 	DATA 	Keypress: left
521.0672 	EXP 	New trial (rep=0, index=18): OrderedDict([('firstTime', 1.5), ('secondTime', 2.5), ('corrAns', 'right'), ('plusStart', 2.0), ('secondStart', 3.0), ('respStart', 5.5), ('randNum', 0.279030548)])
521.0805 	EXP 	firstcircle_3: autoDraw = False
521.0805 	EXP 	text_3: autoDraw = False
521.0805 	EXP 	secondcircle: autoDraw = False
521.0805 	EXP 	text_4: autoDraw = False
521.0805 	EXP 	text_4: autoDraw = True
521.5805 	EXP 	text_4: autoDraw = False
521.5972 	EXP 	firstcircle_3: autoDraw = True
523.0805 	EXP 	firstcircle_3: autoDraw = False
523.0971 	EXP 	text_3: autoDraw = True
524.0805 	EXP 	text_3: autoDraw = False
524.0971 	EXP 	secondcircle: autoDraw = True
526.5804 	EXP 	secondcircle: autoDraw = False
527.5991 	DATA 	Keypress: right
527.6004 	EXP 	New trial (rep=0, index=19): OrderedDict([('firstTime', 3.3), ('secondTime', 4.4), ('corrAns', 'right'), ('plusStart', 3.8), ('secondStart', 4.8), ('respStart', 9.2), ('randNum', 0.6214470879999999)])
527.6137 	EXP 	firstcircle_3: autoDraw = False
527.6137 	EXP 	text_3: autoDraw = False
527.6137 	EXP 	secondcircle: autoDraw = False
527.6137 	EXP 	text_4: autoDraw = False
527.6137 	EXP 	text_4: autoDraw = True
528.1138 	EXP 	text_4: autoDraw = False
528.1304 	EXP 	firstcircle_3: autoDraw = True
531.4137 	EXP 	firstcircle_3: autoDraw = False
531.4304 	EXP 	text_3: autoDraw = True
532.4137 	EXP 	text_3: autoDraw = False
532.4304 	EXP 	secondcircle: autoDraw = True
536.8136 	EXP 	secondcircle: autoDraw = False
537.1990 	DATA 	Keypress: right
537.2137 	EXP 	firstcircle_3: autoDraw = False
537.2137 	EXP 	text_3: autoDraw = False
537.2137 	EXP 	secondcircle: autoDraw = False
537.2137 	EXP 	text_4: autoDraw = False
537.2137 	EXP 	text_7: autoDraw = True
541.1159 	DATA 	Keypress: space
541.1214 	EXP 	Imported conditionsTime4.csv as conditions, 20 conditions, 7 params
541.1218 	EXP 	Created sequence: sequential, trialTypes=20, nReps=1, seed=None
541.1222 	EXP 	New trial (rep=0, index=0): OrderedDict([('firstTime', 2.5), ('secondTime', 1.5), ('corrAns', 'left'), ('plusStart', 3.0), ('secondStart', 4.0), ('respStart', 5.5), ('randNum', 0.9526453340000001)])
541.1302 	EXP 	text_7: autoDraw = False
541.1302 	EXP 	text_4: autoDraw = True
541.6302 	EXP 	text_4: autoDraw = False
541.6469 	EXP 	firstcircle_3: autoDraw = True
544.1302 	EXP 	firstcircle_3: autoDraw = False
544.1469 	EXP 	text_3: autoDraw = True
545.1302 	EXP 	text_3: autoDraw = False
545.1469 	EXP 	secondcircle: autoDraw = True
546.6302 	EXP 	secondcircle: autoDraw = False
547.5988 	DATA 	Keypress: left
547.6004 	EXP 	New trial (rep=0, index=1): OrderedDict([('firstTime', 2.8), ('secondTime', 2.1), ('corrAns', 'left'), ('plusStart', 3.3), ('secondStart', 4.3), ('respStart', 6.4), ('randNum', 0.962497787)])
547.6135 	EXP 	firstcircle_3: autoDraw = False
547.6135 	EXP 	text_3: autoDraw = False
547.6135 	EXP 	secondcircle: autoDraw = False
547.6135 	EXP 	text_4: autoDraw = False
547.6135 	EXP 	text_4: autoDraw = True
548.1135 	EXP 	text_4: autoDraw = False
548.1301 	EXP 	firstcircle_3: autoDraw = True
550.9135 	EXP 	firstcircle_3: autoDraw = False
550.9301 	EXP 	text_3: autoDraw = True
551.9134 	EXP 	text_3: autoDraw = False
551.9301 	EXP 	secondcircle: autoDraw = True
554.0134 	EXP 	secondcircle: autoDraw = False
554.9154 	DATA 	Keypress: left
554.9167 	EXP 	New trial (rep=0, index=2): OrderedDict([('firstTime', 2.7), ('secondTime', 1.8), ('corrAns', 'left'), ('plusStart', 3.2), ('secondStart', 4.2), ('respStart', 6.0), ('randNum', 0.06690605599999999)])
554.9301 	EXP 	firstcircle_3: autoDraw = False
554.9301 	EXP 	text_3: autoDraw = False
554.9301 	EXP 	secondcircle: autoDraw = False
554.9301 	EXP 	text_4: autoDraw = False
554.9301 	EXP 	text_4: autoDraw = True
555.4301 	EXP 	text_4: autoDraw = False
555.4467 	EXP 	firstcircle_3: autoDraw = True
558.1300 	EXP 	firstcircle_3: autoDraw = False
558.1467 	EXP 	text_3: autoDraw = True
559.1300 	EXP 	text_3: autoDraw = False
559.1467 	EXP 	secondcircle: autoDraw = True
560.9300 	EXP 	secondcircle: autoDraw = False
561.9487 	DATA 	Keypress: left
561.9501 	EXP 	New trial (rep=0, index=3): OrderedDict([('firstTime', 8.8), ('secondTime', 9.9), ('corrAns', 'right'), ('plusStart', 9.3), ('secondStart', 10.3), ('respStart', 20.2), ('randNum', 0.09555333099999999)])
561.9633 	EXP 	firstcircle_3: autoDraw = False
561.9633 	EXP 	text_3: autoDraw = False
561.9633 	EXP 	secondcircle: autoDraw = False
561.9633 	EXP 	text_4: autoDraw = False
561.9633 	EXP 	text_4: autoDraw = True
562.4633 	EXP 	text_4: autoDraw = False
562.4800 	EXP 	firstcircle_3: autoDraw = True
571.2632 	EXP 	firstcircle_3: autoDraw = False
571.2798 	EXP 	text_3: autoDraw = True
572.2631 	EXP 	text_3: autoDraw = False
572.2798 	EXP 	secondcircle: autoDraw = True
582.1630 	EXP 	secondcircle: autoDraw = False
583.3818 	DATA 	Keypress: right
583.3831 	EXP 	New trial (rep=0, index=4): OrderedDict([('firstTime', 1.8), ('secondTime', 2.7), ('corrAns', 'right'), ('plusStart', 2.3), ('secondStart', 3.3), ('respStart', 6.0), ('randNum', 0.559320406)])
583.3963 	EXP 	firstcircle_3: autoDraw = False
583.3963 	EXP 	text_3: autoDraw = False
583.3963 	EXP 	secondcircle: autoDraw = False
583.3963 	EXP 	text_4: autoDraw = False
583.3963 	EXP 	text_4: autoDraw = True
583.8963 	EXP 	text_4: autoDraw = False
583.9130 	EXP 	firstcircle_3: autoDraw = True
585.6963 	EXP 	firstcircle_3: autoDraw = False
585.7130 	EXP 	text_3: autoDraw = True
586.6963 	EXP 	text_3: autoDraw = False
586.7130 	EXP 	secondcircle: autoDraw = True
589.3963 	EXP 	secondcircle: autoDraw = False
590.5150 	DATA 	Keypress: left
590.5164 	EXP 	New trial (rep=0, index=5): OrderedDict([('firstTime', 3.5), ('secondTime', 2.1), ('corrAns', 'left'), ('plusStart', 4.0), ('secondStart', 5.0), ('respStart', 7.1), ('randNum', 0.885130943)])
590.5296 	EXP 	firstcircle_3: autoDraw = False
590.5296 	EXP 	text_3: autoDraw = False
590.5296 	EXP 	secondcircle: autoDraw = False
590.5296 	EXP 	text_4: autoDraw = False
590.5296 	EXP 	text_4: autoDraw = True
591.0296 	EXP 	text_4: autoDraw = False
591.0462 	EXP 	firstcircle_3: autoDraw = True
594.5295 	EXP 	firstcircle_3: autoDraw = False
594.5462 	EXP 	text_3: autoDraw = True
595.5295 	EXP 	text_3: autoDraw = False
595.5462 	EXP 	secondcircle: autoDraw = True
597.6295 	EXP 	secondcircle: autoDraw = False
598.8982 	DATA 	Keypress: left
598.8996 	EXP 	New trial (rep=0, index=6): OrderedDict([('firstTime', 2.1), ('secondTime', 2.8), ('corrAns', 'right'), ('plusStart', 2.6), ('secondStart', 3.6), ('respStart', 6.4), ('randNum', 0.7843272990000001)])
598.9128 	EXP 	firstcircle_3: autoDraw = False
598.9128 	EXP 	text_3: autoDraw = False
598.9128 	EXP 	secondcircle: autoDraw = False
598.9128 	EXP 	text_4: autoDraw = False
598.9128 	EXP 	text_4: autoDraw = True
599.4128 	EXP 	text_4: autoDraw = False
599.4294 	EXP 	firstcircle_3: autoDraw = True
601.5128 	EXP 	firstcircle_3: autoDraw = False
601.5294 	EXP 	text_3: autoDraw = True
602.5127 	EXP 	text_3: autoDraw = False
602.5294 	EXP 	secondcircle: autoDraw = True
605.3127 	EXP 	secondcircle: autoDraw = False
606.6647 	DATA 	Keypress: right
606.6660 	EXP 	New trial (rep=0, index=7): OrderedDict([('firstTime', 4.4), ('secondTime', 3.3), ('corrAns', 'left'), ('plusStart', 4.9), ('secondStart', 5.9), ('respStart', 9.2), ('randNum', 0.594355042)])
606.6793 	EXP 	firstcircle_3: autoDraw = False
606.6793 	EXP 	text_3: autoDraw = False
606.6793 	EXP 	secondcircle: autoDraw = False
606.6793 	EXP 	text_4: autoDraw = False
606.6793 	EXP 	text_4: autoDraw = True
607.1793 	EXP 	text_4: autoDraw = False
607.1960 	EXP 	firstcircle_3: autoDraw = True
611.5793 	EXP 	firstcircle_3: autoDraw = False
611.5960 	EXP 	text_3: autoDraw = True
612.5793 	EXP 	text_3: autoDraw = False
612.5959 	EXP 	secondcircle: autoDraw = True
615.8792 	EXP 	secondcircle: autoDraw = False
617.1478 	DATA 	Keypress: left
617.1492 	EXP 	New trial (rep=0, index=8): OrderedDict([('firstTime', 0.9), ('secondTime', 1.8), ('corrAns', 'right'), ('plusStart', 1.4), ('secondStart', 2.4), ('respStart', 4.2), ('randNum', 0.39760777399999997)])
617.1626 	EXP 	firstcircle_3: autoDraw = False
617.1626 	EXP 	text_3: autoDraw = False
617.1626 	EXP 	secondcircle: autoDraw = False
617.1626 	EXP 	text_4: autoDraw = False
617.1626 	EXP 	text_4: autoDraw = True
617.6625 	EXP 	text_4: autoDraw = False
617.6792 	EXP 	firstcircle_3: autoDraw = True
618.5625 	EXP 	firstcircle_3: autoDraw = False
618.5792 	EXP 	text_3: autoDraw = True
619.5625 	EXP 	text_3: autoDraw = False
619.5792 	EXP 	secondcircle: autoDraw = True
621.3625 	EXP 	secondcircle: autoDraw = False
622.1979 	DATA 	Keypress: right
622.1993 	EXP 	New trial (rep=0, index=9): OrderedDict([('firstTime', 3.6), ('secondTime', 3.2), ('corrAns', 'left'), ('plusStart', 4.1), ('secondStart', 5.1), ('respStart', 8.3), ('randNum', 0.454525661)])
622.2125 	EXP 	firstcircle_3: autoDraw = False
622.2125 	EXP 	text_3: autoDraw = False
622.2125 	EXP 	secondcircle: autoDraw = False
622.2125 	EXP 	text_4: autoDraw = False
622.2125 	EXP 	text_4: autoDraw = True
622.7125 	EXP 	text_4: autoDraw = False
622.7291 	EXP 	firstcircle_3: autoDraw = True
626.3124 	EXP 	firstcircle_3: autoDraw = False
626.3291 	EXP 	text_3: autoDraw = True
627.3124 	EXP 	text_3: autoDraw = False
627.3291 	EXP 	secondcircle: autoDraw = True
630.5124 	EXP 	secondcircle: autoDraw = False
631.0478 	DATA 	Keypress: right
631.0491 	EXP 	New trial (rep=0, index=10): OrderedDict([('firstTime', 9.9), ('secondTime', 8.8), ('corrAns', 'left'), ('plusStart', 10.4), ('secondStart', 11.4), ('respStart', 20.2), ('randNum', 0.335173919)])
631.0624 	EXP 	firstcircle_3: autoDraw = False
631.0624 	EXP 	text_3: autoDraw = False
631.0624 	EXP 	secondcircle: autoDraw = False
631.0624 	EXP 	text_4: autoDraw = False
631.0624 	EXP 	text_4: autoDraw = True
631.5624 	EXP 	text_4: autoDraw = False
631.5790 	EXP 	firstcircle_3: autoDraw = True
641.4622 	EXP 	firstcircle_3: autoDraw = False
641.4789 	EXP 	text_3: autoDraw = True
642.4622 	EXP 	text_3: autoDraw = False
642.4789 	EXP 	secondcircle: autoDraw = True
651.2621 	EXP 	secondcircle: autoDraw = False
653.0805 	DATA 	Keypress: right
653.0818 	EXP 	New trial (rep=0, index=11): OrderedDict([('firstTime', 1.8), ('secondTime', 1.2), ('corrAns', 'left'), ('plusStart', 2.3), ('secondStart', 3.3), ('respStart', 4.5), ('randNum', 0.050156068)])
653.0954 	EXP 	firstcircle_3: autoDraw = False
653.0954 	EXP 	text_3: autoDraw = False
653.0954 	EXP 	secondcircle: autoDraw = False
653.0954 	EXP 	text_4: autoDraw = False
653.0954 	EXP 	text_4: autoDraw = True
653.5954 	EXP 	text_4: autoDraw = False
653.6121 	EXP 	firstcircle_3: autoDraw = True
655.3954 	EXP 	firstcircle_3: autoDraw = False
655.4120 	EXP 	text_3: autoDraw = True
656.3954 	EXP 	text_3: autoDraw = False
656.4120 	EXP 	secondcircle: autoDraw = True
657.5953 	EXP 	secondcircle: autoDraw = False
659.1473 	DATA 	Keypress: left
659.1487 	EXP 	New trial (rep=0, index=12): OrderedDict([('firstTime', 2.1), ('secondTime', 3.5), ('corrAns', 'right'), ('plusStart', 2.6), ('secondStart', 3.6), ('respStart', 7.1), ('randNum', 0.553210354)])
659.1620 	EXP 	firstcircle_3: autoDraw = False
659.1620 	EXP 	text_3: autoDraw = False
659.1620 	EXP 	secondcircle: autoDraw = False
659.1620 	EXP 	text_4: autoDraw = False
659.1620 	EXP 	text_4: autoDraw = True
659.6620 	EXP 	text_4: autoDraw = False
659.6786 	EXP 	firstcircle_3: autoDraw = True
661.7619 	EXP 	firstcircle_3: autoDraw = False
661.7786 	EXP 	text_3: autoDraw = True
662.7619 	EXP 	text_3: autoDraw = False
662.7786 	EXP 	secondcircle: autoDraw = True
666.2619 	EXP 	secondcircle: autoDraw = False
667.6973 	DATA 	Keypress: left
667.6986 	EXP 	New trial (rep=0, index=13): OrderedDict([('firstTime', 3.2), ('secondTime', 3.6), ('corrAns', 'right'), ('plusStart', 3.7), ('secondStart', 4.7), ('respStart', 8.3), ('randNum', 0.062598668)])
667.7119 	EXP 	firstcircle_3: autoDraw = False
667.7119 	EXP 	text_3: autoDraw = False
667.7119 	EXP 	secondcircle: autoDraw = False
667.7119 	EXP 	text_4: autoDraw = False
667.7119 	EXP 	text_4: autoDraw = True
668.2119 	EXP 	text_4: autoDraw = False
668.2285 	EXP 	firstcircle_3: autoDraw = True
671.4118 	EXP 	firstcircle_3: autoDraw = False
671.4285 	EXP 	text_3: autoDraw = True
672.4118 	EXP 	text_3: autoDraw = False
672.4285 	EXP 	secondcircle: autoDraw = True
676.0117 	EXP 	secondcircle: autoDraw = False
677.7304 	DATA 	Keypress: left
677.7318 	EXP 	New trial (rep=0, index=14): OrderedDict([('firstTime', 1.5), ('secondTime', 2.5), ('corrAns', 'right'), ('plusStart', 2.0), ('secondStart', 3.0), ('respStart', 5.5), ('randNum', 0.851613693)])
677.7451 	EXP 	firstcircle_3: autoDraw = False
677.7451 	EXP 	text_3: autoDraw = False
677.7451 	EXP 	secondcircle: autoDraw = False
677.7451 	EXP 	text_4: autoDraw = False
677.7451 	EXP 	text_4: autoDraw = True
678.2451 	EXP 	text_4: autoDraw = False
678.2617 	EXP 	firstcircle_3: autoDraw = True
679.7450 	EXP 	firstcircle_3: autoDraw = False
679.7617 	EXP 	text_3: autoDraw = True
680.7450 	EXP 	text_3: autoDraw = False
680.7617 	EXP 	secondcircle: autoDraw = True
683.2450 	EXP 	secondcircle: autoDraw = False
684.3304 	DATA 	Keypress: right
684.3318 	EXP 	New trial (rep=0, index=15): OrderedDict([('firstTime', 1.2), ('secondTime', 1.8), ('corrAns', 'right'), ('plusStart', 1.7), ('secondStart', 2.7), ('respStart', 4.5), ('randNum', 0.9561071459999999)])
684.3450 	EXP 	firstcircle_3: autoDraw = False
684.3450 	EXP 	text_3: autoDraw = False
684.3450 	EXP 	secondcircle: autoDraw = False
684.3450 	EXP 	text_4: autoDraw = False
684.3450 	EXP 	text_4: autoDraw = True
684.8450 	EXP 	text_4: autoDraw = False
684.8616 	EXP 	firstcircle_3: autoDraw = True
686.0449 	EXP 	firstcircle_3: autoDraw = False
686.0616 	EXP 	text_3: autoDraw = True
687.0449 	EXP 	text_3: autoDraw = False
687.0616 	EXP 	secondcircle: autoDraw = True
688.8449 	EXP 	secondcircle: autoDraw = False
689.8802 	DATA 	Keypress: left
689.8816 	EXP 	New trial (rep=0, index=16): OrderedDict([('firstTime', 3.3), ('secondTime', 4.4), ('corrAns', 'right'), ('plusStart', 3.8), ('secondStart', 4.8), ('respStart', 9.2), ('randNum', 0.25372748300000003)])
689.8949 	EXP 	firstcircle_3: autoDraw = False
689.8949 	EXP 	text_3: autoDraw = False
689.8949 	EXP 	secondcircle: autoDraw = False
689.8949 	EXP 	text_4: autoDraw = False
689.8949 	EXP 	text_4: autoDraw = True
690.3949 	EXP 	text_4: autoDraw = False
690.4116 	EXP 	firstcircle_3: autoDraw = True
693.6948 	EXP 	firstcircle_3: autoDraw = False
693.7115 	EXP 	text_3: autoDraw = True
694.6949 	EXP 	text_3: autoDraw = False
694.7115 	EXP 	secondcircle: autoDraw = True
699.0948 	EXP 	secondcircle: autoDraw = False
701.8634 	DATA 	Keypress: right
701.8647 	EXP 	New trial (rep=0, index=17): OrderedDict([('firstTime', 1.8), ('secondTime', 0.9), ('corrAns', 'left'), ('plusStart', 2.3), ('secondStart', 3.3), ('respStart', 4.2), ('randNum', 0.328250033)])
701.8781 	EXP 	firstcircle_3: autoDraw = False
701.8781 	EXP 	text_3: autoDraw = False
701.8781 	EXP 	secondcircle: autoDraw = False
701.8781 	EXP 	text_4: autoDraw = False
701.8781 	EXP 	text_4: autoDraw = True
702.3781 	EXP 	text_4: autoDraw = False
702.3947 	EXP 	firstcircle_3: autoDraw = True
704.1780 	EXP 	firstcircle_3: autoDraw = False
704.1947 	EXP 	text_3: autoDraw = True
705.1780 	EXP 	text_3: autoDraw = False
705.1947 	EXP 	secondcircle: autoDraw = True
706.0780 	EXP 	secondcircle: autoDraw = False
707.1134 	DATA 	Keypress: left
707.1148 	EXP 	New trial (rep=0, index=18): OrderedDict([('firstTime', 1.4), ('secondTime', 0.7), ('corrAns', 'left'), ('plusStart', 1.9), ('secondStart', 2.9), ('respStart', 3.6), ('randNum', 0.26139814899999997)])
707.1281 	EXP 	firstcircle_3: autoDraw = False
707.1281 	EXP 	text_3: autoDraw = False
707.1281 	EXP 	secondcircle: autoDraw = False
707.1281 	EXP 	text_4: autoDraw = False
707.1281 	EXP 	text_4: autoDraw = True
707.6280 	EXP 	text_4: autoDraw = False
707.6446 	EXP 	firstcircle_3: autoDraw = True
709.0280 	EXP 	firstcircle_3: autoDraw = False
709.0446 	EXP 	text_3: autoDraw = True
710.0280 	EXP 	text_3: autoDraw = False
710.0446 	EXP 	secondcircle: autoDraw = True
710.7279 	EXP 	secondcircle: autoDraw = False
711.9799 	DATA 	Keypress: left
711.9813 	EXP 	New trial (rep=0, index=19): OrderedDict([('firstTime', 0.7), ('secondTime', 1.4), ('corrAns', 'right'), ('plusStart', 1.2), ('secondStart', 2.2), ('respStart', 3.6), ('randNum', 0.515481866)])
711.9947 	EXP 	firstcircle_3: autoDraw = False
711.9947 	EXP 	text_3: autoDraw = False
711.9947 	EXP 	secondcircle: autoDraw = False
711.9947 	EXP 	text_4: autoDraw = False
711.9947 	EXP 	text_4: autoDraw = True
712.4946 	EXP 	text_4: autoDraw = False
712.5113 	EXP 	firstcircle_3: autoDraw = True
713.1946 	EXP 	firstcircle_3: autoDraw = False
713.2113 	EXP 	text_3: autoDraw = True
714.1946 	EXP 	text_3: autoDraw = False
714.2112 	EXP 	secondcircle: autoDraw = True
715.5945 	EXP 	secondcircle: autoDraw = False
716.9631 	DATA 	Keypress: left
716.9779 	EXP 	firstcircle_3: autoDraw = False
716.9779 	EXP 	text_3: autoDraw = False
716.9779 	EXP 	secondcircle: autoDraw = False
716.9779 	EXP 	text_4: autoDraw = False
716.9779 	EXP 	text_2: autoDraw = True
720.2469 	EXP 	window1: mouseVisible = True
