1.5234 	WARNING 	sounddevice audio lib was requested but not loaded: sounddevice not working
7.3105 	WARNING 	User requested fullscreen with size [1024  768], but screen is actually [1440, 900]. Using actual size
7.9811 	EXP 	Created window1 = Window(allowGUI=False, allowStencil=False, args=UNKNOWN, autoLog=True, bitsMode=UNKNOWN, blendMode='avg', color=array([0., 0., 0.]), colorSpace='rgb', fullscr=<method-wrapper '__getattribute__' of attributeSetter object at 0x110f6cdd8>, gamma=None, kwargs=UNKNOWN, lms=UNKNOWN, monitor=<psychopy.monitors.calibTools.Monitor object at 0x114e07a58>, multiSample=False, name='window1', numSamples=2, pos=[0.0, 0.0], screen=0, size=array([2880, 1800]), stereo=False, units='norm', useFBO=True, useRetina=True, viewOri=0.0, viewPos=None, viewScale=None, waitBlanking=True, winType='pyglet')
7.9811 	EXP 	window1: recordFrameIntervals = False
8.1469 	EXP 	window1: recordFrameIntervals = True
8.3304 	EXP 	window1: recordFrameIntervals = False
8.4684 	EXP 	Created insRound1 = TextStim(__class__=<class 'psychopy.visual.text.TextStim'>, alignHoriz='center', alignVert='center', antialias=True, autoLog=True, bold=False, color='white', colorSpace='named', contrast=1.0, depth=0.0, flipHoriz=False, flipVert=False, font='Arial', fontFiles=[], height=0.07, italic=False, languageStyle='LTR', name='insRound1', opacity=1.0, ori=0, pos=array([0., 0.]), rgb=array([255., 255., 255.]), text=str(...), units='norm', win=Window(...), wrapWidth=1)
8.4782 	EXP 	Created text = TextStim(__class__=<class 'psychopy.visual.text.TextStim'>, alignHoriz='center', alignVert='center', antialias=True, autoLog=True, bold=False, color='white', colorSpace='named', contrast=1.0, depth=0.0, flipHoriz=False, flipVert=False, font='Arial', fontFiles=[], height=0.1, italic=False, languageStyle='LTR', name='text', opacity=1.0, ori=0, pos=array([0., 0.]), rgb=array([255., 255., 255.]), text='Block 1 starts\n\nPress space', units='norm', win=Window(...), wrapWidth=1)
8.4891 	EXP 	Created firstcircle_3 = Polygon(__class__=<class 'psychopy.visual.polygon.Polygon'>, autoDraw=False, autoLog=True, closeShape=True, color=method-wrapper(...), colorSpace=None, contrast=1.0, depth=0.0, fillColor=array([1., 1., 1.]), fillColorSpace='rgb', fillRGB=array([1., 1., 1.]), interpolate=True, lineColor=array([1., 1., 1.]), lineColorSpace='rgb', lineRGB=array([1., 1., 1.]), lineWidth=1, name='firstcircle_3', opacity=1.0, ori=array(0.), pos=array([0., 0.]), size=array([0.3, 0.5]), units='norm', vertices=ndarray(...), win=Window(...))
8.4927 	EXP 	Created text_3 = TextStim(__class__=<class 'psychopy.visual.text.TextStim'>, alignHoriz='center', alignVert='center', antialias=True, autoLog=True, bold=False, color='white', colorSpace='named', contrast=1.0, depth=-2.0, flipHoriz=False, flipVert=False, font='Arial', fontFiles=[], height=0.1, italic=False, languageStyle='LTR', name='text_3', opacity=1.0, ori=0, pos=array([0., 0.]), rgb=array([255., 255., 255.]), text='+', units='norm', win=Window(...), wrapWidth=1)
8.4952 	EXP 	Created secondcircle = Polygon(__class__=<class 'psychopy.visual.polygon.Polygon'>, autoDraw=False, autoLog=True, closeShape=True, color=method-wrapper(...), colorSpace=None, contrast=1.0, depth=-3.0, fillColor=array([-1., -1., -1.]), fillColorSpace='rgb', fillRGB=array([-1., -1., -1.]), interpolate=True, lineColor=array([-1., -1., -1.]), lineColorSpace='rgb', lineRGB=array([-1., -1., -1.]), lineWidth=1, name='secondcircle', opacity=1.0, ori=array(0.), pos=array([0., 0.]), size=array([0.3, 0.5]), units='norm', vertices=ndarray(...), win=Window(...))
8.4983 	EXP 	Created text_4 = TextStim(__class__=<class 'psychopy.visual.text.TextStim'>, alignHoriz='center', alignVert='center', antialias=True, autoLog=True, bold=False, color='white', colorSpace='named', contrast=1.0, depth=-4.0, flipHoriz=False, flipVert=False, font='Arial', fontFiles=[], height=0.1, italic=False, languageStyle='LTR', name='text_4', opacity=1.0, ori=0, pos=array([0., 0.]), rgb=array([255., 255., 255.]), text='next', units='norm', win=Window(...), wrapWidth=1)
8.5040 	EXP 	Created text_5 = TextStim(__class__=<class 'psychopy.visual.text.TextStim'>, alignHoriz='center', alignVert='center', antialias=True, autoLog=True, bold=False, color='white', colorSpace='named', contrast=1.0, depth=0.0, flipHoriz=False, flipVert=False, font='Arial', fontFiles=[], height=0.1, italic=False, languageStyle='LTR', name='text_5', opacity=1.0, ori=0, pos=array([0., 0.]), rgb=array([255., 255., 255.]), text='Block 2 starts\n\nPress space', units='norm', win=Window(...), wrapWidth=1)
8.5065 	EXP 	Created firstcircle_3 = Polygon(__class__=<class 'psychopy.visual.polygon.Polygon'>, autoDraw=False, autoLog=True, closeShape=True, color=method-wrapper(...), colorSpace=None, contrast=1.0, depth=0.0, fillColor=array([1., 1., 1.]), fillColorSpace='rgb', fillRGB=array([1., 1., 1.]), interpolate=True, lineColor=array([1., 1., 1.]), lineColorSpace='rgb', lineRGB=array([1., 1., 1.]), lineWidth=1, name='firstcircle_3', opacity=1.0, ori=array(0.), pos=array([0., 0.]), size=array([0.3, 0.5]), units='norm', vertices=ndarray(...), win=Window(...))
8.5085 	EXP 	Created text_3 = TextStim(__class__=<class 'psychopy.visual.text.TextStim'>, alignHoriz='center', alignVert='center', antialias=True, autoLog=True, bold=False, color='white', colorSpace='named', contrast=1.0, depth=-2.0, flipHoriz=False, flipVert=False, font='Arial', fontFiles=[], height=0.1, italic=False, languageStyle='LTR', name='text_3', opacity=1.0, ori=0, pos=array([0., 0.]), rgb=array([255., 255., 255.]), text='+', units='norm', win=Window(...), wrapWidth=1)
8.5110 	EXP 	Created secondcircle = Polygon(__class__=<class 'psychopy.visual.polygon.Polygon'>, autoDraw=False, autoLog=True, closeShape=True, color=method-wrapper(...), colorSpace=None, contrast=1.0, depth=-3.0, fillColor=array([-1., -1., -1.]), fillColorSpace='rgb', fillRGB=array([-1., -1., -1.]), interpolate=True, lineColor=array([-1., -1., -1.]), lineColorSpace='rgb', lineRGB=array([-1., -1., -1.]), lineWidth=1, name='secondcircle', opacity=1.0, ori=array(0.), pos=array([0., 0.]), size=array([0.3, 0.5]), units='norm', vertices=ndarray(...), win=Window(...))
8.5132 	EXP 	Created text_4 = TextStim(__class__=<class 'psychopy.visual.text.TextStim'>, alignHoriz='center', alignVert='center', antialias=True, autoLog=True, bold=False, color='white', colorSpace='named', contrast=1.0, depth=-4.0, flipHoriz=False, flipVert=False, font='Arial', fontFiles=[], height=0.1, italic=False, languageStyle='LTR', name='text_4', opacity=1.0, ori=0, pos=array([0., 0.]), rgb=array([255., 255., 255.]), text='next', units='norm', win=Window(...), wrapWidth=1)
8.5189 	EXP 	Created text_6 = TextStim(__class__=<class 'psychopy.visual.text.TextStim'>, alignHoriz='center', alignVert='center', antialias=True, autoLog=True, bold=False, color='white', colorSpace='named', contrast=1.0, depth=0.0, flipHoriz=False, flipVert=False, font='Arial', fontFiles=[], height=0.1, italic=False, languageStyle='LTR', name='text_6', opacity=1.0, ori=0, pos=array([0., 0.]), rgb=array([255., 255., 255.]), text='Block 3 starts\n\nPress space', units='norm', win=Window(...), wrapWidth=1)
8.5214 	EXP 	Created firstcircle_3 = Polygon(__class__=<class 'psychopy.visual.polygon.Polygon'>, autoDraw=False, autoLog=True, closeShape=True, color=method-wrapper(...), colorSpace=None, contrast=1.0, depth=0.0, fillColor=array([1., 1., 1.]), fillColorSpace='rgb', fillRGB=array([1., 1., 1.]), interpolate=True, lineColor=array([1., 1., 1.]), lineColorSpace='rgb', lineRGB=array([1., 1., 1.]), lineWidth=1, name='firstcircle_3', opacity=1.0, ori=array(0.), pos=array([0., 0.]), size=array([0.3, 0.5]), units='norm', vertices=ndarray(...), win=Window(...))
8.5234 	EXP 	Created text_3 = TextStim(__class__=<class 'psychopy.visual.text.TextStim'>, alignHoriz='center', alignVert='center', antialias=True, autoLog=True, bold=False, color='white', colorSpace='named', contrast=1.0, depth=-2.0, flipHoriz=False, flipVert=False, font='Arial', fontFiles=[], height=0.1, italic=False, languageStyle='LTR', name='text_3', opacity=1.0, ori=0, pos=array([0., 0.]), rgb=array([255., 255., 255.]), text='+', units='norm', win=Window(...), wrapWidth=1)
8.5260 	EXP 	Created secondcircle = Polygon(__class__=<class 'psychopy.visual.polygon.Polygon'>, autoDraw=False, autoLog=True, closeShape=True, color=method-wrapper(...), colorSpace=None, contrast=1.0, depth=-3.0, fillColor=array([-1., -1., -1.]), fillColorSpace='rgb', fillRGB=array([-1., -1., -1.]), interpolate=True, lineColor=array([-1., -1., -1.]), lineColorSpace='rgb', lineRGB=array([-1., -1., -1.]), lineWidth=1, name='secondcircle', opacity=1.0, ori=array(0.), pos=array([0., 0.]), size=array([0.3, 0.5]), units='norm', vertices=ndarray(...), win=Window(...))
8.5282 	EXP 	Created text_4 = TextStim(__class__=<class 'psychopy.visual.text.TextStim'>, alignHoriz='center', alignVert='center', antialias=True, autoLog=True, bold=False, color='white', colorSpace='named', contrast=1.0, depth=-4.0, flipHoriz=False, flipVert=False, font='Arial', fontFiles=[], height=0.1, italic=False, languageStyle='LTR', name='text_4', opacity=1.0, ori=0, pos=array([0., 0.]), rgb=array([255., 255., 255.]), text='next', units='norm', win=Window(...), wrapWidth=1)
8.5340 	EXP 	Created text_7 = TextStim(__class__=<class 'psychopy.visual.text.TextStim'>, alignHoriz='center', alignVert='center', antialias=True, autoLog=True, bold=False, color='white', colorSpace='named', contrast=1.0, depth=0.0, flipHoriz=False, flipVert=False, font='Arial', fontFiles=[], height=0.1, italic=False, languageStyle='LTR', name='text_7', opacity=1.0, ori=0, pos=array([0., 0.]), rgb=array([255., 255., 255.]), text='Block 4 starts\n\nPress space', units='norm', win=Window(...), wrapWidth=1)
8.5365 	EXP 	Created firstcircle_3 = Polygon(__class__=<class 'psychopy.visual.polygon.Polygon'>, autoDraw=False, autoLog=True, closeShape=True, color=method-wrapper(...), colorSpace=None, contrast=1.0, depth=0.0, fillColor=array([1., 1., 1.]), fillColorSpace='rgb', fillRGB=array([1., 1., 1.]), interpolate=True, lineColor=array([1., 1., 1.]), lineColorSpace='rgb', lineRGB=array([1., 1., 1.]), lineWidth=1, name='firstcircle_3', opacity=1.0, ori=array(0.), pos=array([0., 0.]), size=array([0.3, 0.5]), units='norm', vertices=ndarray(...), win=Window(...))
8.5385 	EXP 	Created text_3 = TextStim(__class__=<class 'psychopy.visual.text.TextStim'>, alignHoriz='center', alignVert='center', antialias=True, autoLog=True, bold=False, color='white', colorSpace='named', contrast=1.0, depth=-2.0, flipHoriz=False, flipVert=False, font='Arial', fontFiles=[], height=0.1, italic=False, languageStyle='LTR', name='text_3', opacity=1.0, ori=0, pos=array([0., 0.]), rgb=array([255., 255., 255.]), text='+', units='norm', win=Window(...), wrapWidth=1)
8.5410 	EXP 	Created secondcircle = Polygon(__class__=<class 'psychopy.visual.polygon.Polygon'>, autoDraw=False, autoLog=True, closeShape=True, color=method-wrapper(...), colorSpace=None, contrast=1.0, depth=-3.0, fillColor=array([-1., -1., -1.]), fillColorSpace='rgb', fillRGB=array([-1., -1., -1.]), interpolate=True, lineColor=array([-1., -1., -1.]), lineColorSpace='rgb', lineRGB=array([-1., -1., -1.]), lineWidth=1, name='secondcircle', opacity=1.0, ori=array(0.), pos=array([0., 0.]), size=array([0.3, 0.5]), units='norm', vertices=ndarray(...), win=Window(...))
8.5432 	EXP 	Created text_4 = TextStim(__class__=<class 'psychopy.visual.text.TextStim'>, alignHoriz='center', alignVert='center', antialias=True, autoLog=True, bold=False, color='white', colorSpace='named', contrast=1.0, depth=-4.0, flipHoriz=False, flipVert=False, font='Arial', fontFiles=[], height=0.1, italic=False, languageStyle='LTR', name='text_4', opacity=1.0, ori=0, pos=array([0., 0.]), rgb=array([255., 255., 255.]), text='next', units='norm', win=Window(...), wrapWidth=1)
8.5473 	EXP 	Created text_2 = TextStim(__class__=<class 'psychopy.visual.text.TextStim'>, alignHoriz='center', alignVert='center', antialias=True, autoLog=True, bold=False, color='white', colorSpace='named', contrast=1.0, depth=0.0, flipHoriz=False, flipVert=False, font='Arial', fontFiles=[], height=0.1, italic=False, languageStyle='LTR', name='text_2', opacity=1.0, ori=0, pos=array([0., 0.]), rgb=array([255., 255., 255.]), text='The end', units='norm', win=Window(...), wrapWidth=1)
8.5635 	EXP 	insRound1: autoDraw = True
36.3360 	DATA 	Keypress: space
36.3465 	EXP 	insRound1: autoDraw = False
36.3465 	EXP 	text: autoDraw = True
38.5155 	DATA 	Keypress: space
38.5386 	EXP 	Imported conditionsTime.csv as conditions, 20 conditions, 7 params
38.5389 	EXP 	Created sequence: sequential, trialTypes=20, nReps=1, seed=None
38.5394 	EXP 	New trial (rep=0, index=0): OrderedDict([('firstTime', 1.8), ('secondTime', 1.2), ('corrAns', 'left'), ('plusStart', 2.3), ('secondStart', 3.3), ('respStart', 4.5), ('randNum', 0.17368025899999998)])
38.5465 	EXP 	text: autoDraw = False
38.5465 	EXP 	text_4: autoDraw = True
39.0464 	EXP 	text_4: autoDraw = False
39.0630 	EXP 	firstcircle_3: autoDraw = True
40.8464 	EXP 	firstcircle_3: autoDraw = False
40.8630 	EXP 	text_3: autoDraw = True
41.8464 	EXP 	text_3: autoDraw = False
41.8630 	EXP 	secondcircle: autoDraw = True
43.0463 	EXP 	secondcircle: autoDraw = False
45.8322 	DATA 	Keypress: left
45.8338 	EXP 	New trial (rep=0, index=1): OrderedDict([('firstTime', 3.6), ('secondTime', 3.2), ('corrAns', 'left'), ('plusStart', 4.1), ('secondStart', 5.1), ('respStart', 8.3), ('randNum', 0.41458448299999995)])
45.8463 	EXP 	firstcircle_3: autoDraw = False
45.8463 	EXP 	text_3: autoDraw = False
45.8463 	EXP 	secondcircle: autoDraw = False
45.8463 	EXP 	text_4: autoDraw = False
45.8463 	EXP 	text_4: autoDraw = True
46.3463 	EXP 	text_4: autoDraw = False
46.3630 	EXP 	firstcircle_3: autoDraw = True
49.9462 	EXP 	firstcircle_3: autoDraw = False
49.9629 	EXP 	text_3: autoDraw = True
50.9462 	EXP 	text_3: autoDraw = False
50.9629 	EXP 	secondcircle: autoDraw = True
54.1462 	EXP 	secondcircle: autoDraw = False
55.0814 	DATA 	Keypress: right
55.0827 	EXP 	New trial (rep=0, index=2): OrderedDict([('firstTime', 2.5), ('secondTime', 1.5), ('corrAns', 'left'), ('plusStart', 3.0), ('secondStart', 4.0), ('respStart', 5.5), ('randNum', 0.148607464)])
55.0962 	EXP 	firstcircle_3: autoDraw = False
55.0962 	EXP 	text_3: autoDraw = False
55.0962 	EXP 	secondcircle: autoDraw = False
55.0962 	EXP 	text_4: autoDraw = False
55.0962 	EXP 	text_4: autoDraw = True
55.5962 	EXP 	text_4: autoDraw = False
55.6128 	EXP 	firstcircle_3: autoDraw = True
58.0961 	EXP 	firstcircle_3: autoDraw = False
58.1128 	EXP 	text_3: autoDraw = True
59.0961 	EXP 	text_3: autoDraw = False
59.1128 	EXP 	secondcircle: autoDraw = True
60.5961 	EXP 	secondcircle: autoDraw = False
61.5814 	DATA 	Keypress: left
61.5828 	EXP 	New trial (rep=0, index=3): OrderedDict([('firstTime', 1.8), ('secondTime', 2.7), ('corrAns', 'right'), ('plusStart', 2.3), ('secondStart', 3.3), ('respStart', 6.0), ('randNum', 0.13554984)])
61.5961 	EXP 	firstcircle_3: autoDraw = False
61.5961 	EXP 	text_3: autoDraw = False
61.5961 	EXP 	secondcircle: autoDraw = False
61.5961 	EXP 	text_4: autoDraw = False
61.5961 	EXP 	text_4: autoDraw = True
62.0961 	EXP 	text_4: autoDraw = False
62.1127 	EXP 	firstcircle_3: autoDraw = True
63.8960 	EXP 	firstcircle_3: autoDraw = False
63.9127 	EXP 	text_3: autoDraw = True
64.8960 	EXP 	text_3: autoDraw = False
64.9127 	EXP 	secondcircle: autoDraw = True
67.5960 	EXP 	secondcircle: autoDraw = False
68.4147 	DATA 	Keypress: right
68.4161 	EXP 	New trial (rep=0, index=4): OrderedDict([('firstTime', 1.2), ('secondTime', 1.8), ('corrAns', 'right'), ('plusStart', 1.7), ('secondStart', 2.7), ('respStart', 4.5), ('randNum', 0.309174352)])
68.4293 	EXP 	firstcircle_3: autoDraw = False
68.4293 	EXP 	text_3: autoDraw = False
68.4293 	EXP 	secondcircle: autoDraw = False
68.4293 	EXP 	text_4: autoDraw = False
68.4293 	EXP 	text_4: autoDraw = True
68.9293 	EXP 	text_4: autoDraw = False
68.9460 	EXP 	firstcircle_3: autoDraw = True
70.1293 	EXP 	firstcircle_3: autoDraw = False
70.1460 	EXP 	text_3: autoDraw = True
71.1293 	EXP 	text_3: autoDraw = False
71.1459 	EXP 	secondcircle: autoDraw = True
72.9292 	EXP 	secondcircle: autoDraw = False
73.7147 	DATA 	Keypress: right
73.7161 	EXP 	New trial (rep=0, index=5): OrderedDict([('firstTime', 8.8), ('secondTime', 9.9), ('corrAns', 'right'), ('plusStart', 9.3), ('secondStart', 10.3), ('respStart', 20.2), ('randNum', 0.7009299529999999)])
73.7293 	EXP 	firstcircle_3: autoDraw = False
73.7293 	EXP 	text_3: autoDraw = False
73.7293 	EXP 	secondcircle: autoDraw = False
73.7293 	EXP 	text_4: autoDraw = False
73.7293 	EXP 	text_4: autoDraw = True
74.2292 	EXP 	text_4: autoDraw = False
74.2459 	EXP 	firstcircle_3: autoDraw = True
83.0291 	EXP 	firstcircle_3: autoDraw = False
83.0458 	EXP 	text_3: autoDraw = True
84.0291 	EXP 	text_3: autoDraw = False
84.0458 	EXP 	secondcircle: autoDraw = True
93.9290 	EXP 	secondcircle: autoDraw = False
94.9308 	DATA 	Keypress: right
94.9321 	EXP 	New trial (rep=0, index=6): OrderedDict([('firstTime', 3.3), ('secondTime', 4.4), ('corrAns', 'right'), ('plusStart', 3.8), ('secondStart', 4.8), ('respStart', 9.2), ('randNum', 0.705723743)])
94.9456 	EXP 	firstcircle_3: autoDraw = False
94.9456 	EXP 	text_3: autoDraw = False
94.9456 	EXP 	secondcircle: autoDraw = False
94.9456 	EXP 	text_4: autoDraw = False
94.9456 	EXP 	text_4: autoDraw = True
95.4456 	EXP 	text_4: autoDraw = False
95.4623 	EXP 	firstcircle_3: autoDraw = True
98.7456 	EXP 	firstcircle_3: autoDraw = False
98.7622 	EXP 	text_3: autoDraw = True
99.7456 	EXP 	text_3: autoDraw = False
99.7622 	EXP 	secondcircle: autoDraw = True
104.1455 	EXP 	secondcircle: autoDraw = False
105.0975 	DATA 	Keypress: right
105.0988 	EXP 	New trial (rep=0, index=7): OrderedDict([('firstTime', 3.5), ('secondTime', 2.1), ('corrAns', 'left'), ('plusStart', 4.0), ('secondStart', 5.0), ('respStart', 7.1), ('randNum', 0.544523215)])
105.1122 	EXP 	firstcircle_3: autoDraw = False
105.1122 	EXP 	text_3: autoDraw = False
105.1122 	EXP 	secondcircle: autoDraw = False
105.1122 	EXP 	text_4: autoDraw = False
105.1122 	EXP 	text_4: autoDraw = True
105.6121 	EXP 	text_4: autoDraw = False
105.6288 	EXP 	firstcircle_3: autoDraw = True
109.1121 	EXP 	firstcircle_3: autoDraw = False
109.1288 	EXP 	text_3: autoDraw = True
110.1121 	EXP 	text_3: autoDraw = False
110.1287 	EXP 	secondcircle: autoDraw = True
112.2121 	EXP 	secondcircle: autoDraw = False
113.3640 	DATA 	Keypress: left
113.3653 	EXP 	New trial (rep=0, index=8): OrderedDict([('firstTime', 1.4), ('secondTime', 0.7), ('corrAns', 'left'), ('plusStart', 1.9), ('secondStart', 2.9), ('respStart', 3.6), ('randNum', 0.53553232)])
113.3787 	EXP 	firstcircle_3: autoDraw = False
113.3787 	EXP 	text_3: autoDraw = False
113.3787 	EXP 	secondcircle: autoDraw = False
113.3787 	EXP 	text_4: autoDraw = False
113.3787 	EXP 	text_4: autoDraw = True
113.8787 	EXP 	text_4: autoDraw = False
113.8954 	EXP 	firstcircle_3: autoDraw = True
115.2787 	EXP 	firstcircle_3: autoDraw = False
115.2954 	EXP 	text_3: autoDraw = True
116.2787 	EXP 	text_3: autoDraw = False
116.2954 	EXP 	secondcircle: autoDraw = True
116.9787 	EXP 	secondcircle: autoDraw = False
117.9640 	DATA 	Keypress: left
117.9653 	EXP 	New trial (rep=0, index=9): OrderedDict([('firstTime', 4.4), ('secondTime', 3.3), ('corrAns', 'left'), ('plusStart', 4.9), ('secondStart', 5.9), ('respStart', 9.2), ('randNum', 0.255641654)])
117.9786 	EXP 	firstcircle_3: autoDraw = False
117.9786 	EXP 	text_3: autoDraw = False
117.9786 	EXP 	secondcircle: autoDraw = False
117.9786 	EXP 	text_4: autoDraw = False
117.9786 	EXP 	text_4: autoDraw = True
118.4787 	EXP 	text_4: autoDraw = False
118.4953 	EXP 	firstcircle_3: autoDraw = True
122.8786 	EXP 	firstcircle_3: autoDraw = False
122.8953 	EXP 	text_3: autoDraw = True
123.8786 	EXP 	text_3: autoDraw = False
123.8952 	EXP 	secondcircle: autoDraw = True
127.1785 	EXP 	secondcircle: autoDraw = False
128.2305 	DATA 	Keypress: left
128.2320 	EXP 	New trial (rep=0, index=10): OrderedDict([('firstTime', 3.2), ('secondTime', 3.6), ('corrAns', 'right'), ('plusStart', 3.7), ('secondStart', 4.7), ('respStart', 8.3), ('randNum', 0.140100939)])
128.2452 	EXP 	firstcircle_3: autoDraw = False
128.2452 	EXP 	text_3: autoDraw = False
128.2452 	EXP 	secondcircle: autoDraw = False
128.2452 	EXP 	text_4: autoDraw = False
128.2452 	EXP 	text_4: autoDraw = True
128.7452 	EXP 	text_4: autoDraw = False
128.7618 	EXP 	firstcircle_3: autoDraw = True
131.9451 	EXP 	firstcircle_3: autoDraw = False
131.9618 	EXP 	text_3: autoDraw = True
132.9451 	EXP 	text_3: autoDraw = False
132.9618 	EXP 	secondcircle: autoDraw = True
136.5451 	EXP 	secondcircle: autoDraw = False
137.3637 	DATA 	Keypress: right
137.3651 	EXP 	New trial (rep=0, index=11): OrderedDict([('firstTime', 2.8), ('secondTime', 2.1), ('corrAns', 'left'), ('plusStart', 3.3), ('secondStart', 4.3), ('respStart', 6.4), ('randNum', 0.019093293)])
137.3785 	EXP 	firstcircle_3: autoDraw = False
137.3785 	EXP 	text_3: autoDraw = False
137.3785 	EXP 	secondcircle: autoDraw = False
137.3785 	EXP 	text_4: autoDraw = False
137.3785 	EXP 	text_4: autoDraw = True
137.8784 	EXP 	text_4: autoDraw = False
137.8950 	EXP 	firstcircle_3: autoDraw = True
140.6784 	EXP 	firstcircle_3: autoDraw = False
140.6950 	EXP 	text_3: autoDraw = True
141.6783 	EXP 	text_3: autoDraw = False
141.6950 	EXP 	secondcircle: autoDraw = True
143.7783 	EXP 	secondcircle: autoDraw = False
145.5970 	DATA 	Keypress: right
145.5984 	EXP 	New trial (rep=0, index=12): OrderedDict([('firstTime', 0.9), ('secondTime', 1.8), ('corrAns', 'right'), ('plusStart', 1.4), ('secondStart', 2.4), ('respStart', 4.2), ('randNum', 0.461070472)])
145.6116 	EXP 	firstcircle_3: autoDraw = False
145.6116 	EXP 	text_3: autoDraw = False
145.6116 	EXP 	secondcircle: autoDraw = False
145.6116 	EXP 	text_4: autoDraw = False
145.6116 	EXP 	text_4: autoDraw = True
146.1116 	EXP 	text_4: autoDraw = False
146.1283 	EXP 	firstcircle_3: autoDraw = True
147.0116 	EXP 	firstcircle_3: autoDraw = False
147.0282 	EXP 	text_3: autoDraw = True
148.0116 	EXP 	text_3: autoDraw = False
148.0282 	EXP 	secondcircle: autoDraw = True
149.8116 	EXP 	secondcircle: autoDraw = False
150.4469 	DATA 	Keypress: right
150.4483 	EXP 	New trial (rep=0, index=13): OrderedDict([('firstTime', 2.1), ('secondTime', 2.8), ('corrAns', 'right'), ('plusStart', 2.6), ('secondStart', 3.6), ('respStart', 6.4), ('randNum', 0.22761601199999998)])
150.4615 	EXP 	firstcircle_3: autoDraw = False
150.4615 	EXP 	text_3: autoDraw = False
150.4615 	EXP 	secondcircle: autoDraw = False
150.4615 	EXP 	text_4: autoDraw = False
150.4615 	EXP 	text_4: autoDraw = True
150.9615 	EXP 	text_4: autoDraw = False
150.9782 	EXP 	firstcircle_3: autoDraw = True
153.0615 	EXP 	firstcircle_3: autoDraw = False
153.0782 	EXP 	text_3: autoDraw = True
154.0615 	EXP 	text_3: autoDraw = False
154.0782 	EXP 	secondcircle: autoDraw = True
156.8615 	EXP 	secondcircle: autoDraw = False
157.7135 	DATA 	Keypress: right
157.7149 	EXP 	New trial (rep=0, index=14): OrderedDict([('firstTime', 0.7), ('secondTime', 1.4), ('corrAns', 'right'), ('plusStart', 1.2), ('secondStart', 2.2), ('respStart', 3.6), ('randNum', 0.436550891)])
157.7281 	EXP 	firstcircle_3: autoDraw = False
157.7281 	EXP 	text_3: autoDraw = False
157.7281 	EXP 	secondcircle: autoDraw = False
157.7281 	EXP 	text_4: autoDraw = False
157.7281 	EXP 	text_4: autoDraw = True
158.2282 	EXP 	text_4: autoDraw = False
158.2448 	EXP 	firstcircle_3: autoDraw = True
158.9281 	EXP 	firstcircle_3: autoDraw = False
158.9448 	EXP 	text_3: autoDraw = True
159.9281 	EXP 	text_3: autoDraw = False
159.9448 	EXP 	secondcircle: autoDraw = True
161.3281 	EXP 	secondcircle: autoDraw = False
162.3800 	DATA 	Keypress: right
162.3813 	EXP 	New trial (rep=0, index=15): OrderedDict([('firstTime', 1.8), ('secondTime', 0.9), ('corrAns', 'left'), ('plusStart', 2.3), ('secondStart', 3.3), ('respStart', 4.2), ('randNum', 0.028891147000000002)])
162.3947 	EXP 	firstcircle_3: autoDraw = False
162.3947 	EXP 	text_3: autoDraw = False
162.3947 	EXP 	secondcircle: autoDraw = False
162.3947 	EXP 	text_4: autoDraw = False
162.3947 	EXP 	text_4: autoDraw = True
162.8947 	EXP 	text_4: autoDraw = False
162.9114 	EXP 	firstcircle_3: autoDraw = True
164.6947 	EXP 	firstcircle_3: autoDraw = False
164.7114 	EXP 	text_3: autoDraw = True
165.6947 	EXP 	text_3: autoDraw = False
165.7113 	EXP 	secondcircle: autoDraw = True
166.5947 	EXP 	secondcircle: autoDraw = False
167.4800 	DATA 	Keypress: left
167.4814 	EXP 	New trial (rep=0, index=16): OrderedDict([('firstTime', 2.7), ('secondTime', 1.8), ('corrAns', 'left'), ('plusStart', 3.2), ('secondStart', 4.2), ('respStart', 6.0), ('randNum', 0.277400549)])
167.4946 	EXP 	firstcircle_3: autoDraw = False
167.4946 	EXP 	text_3: autoDraw = False
167.4946 	EXP 	secondcircle: autoDraw = False
167.4946 	EXP 	text_4: autoDraw = False
167.4946 	EXP 	text_4: autoDraw = True
167.9946 	EXP 	text_4: autoDraw = False
168.0113 	EXP 	firstcircle_3: autoDraw = True
170.6946 	EXP 	firstcircle_3: autoDraw = False
170.7113 	EXP 	text_3: autoDraw = True
171.6946 	EXP 	text_3: autoDraw = False
171.7113 	EXP 	secondcircle: autoDraw = True
173.4946 	EXP 	secondcircle: autoDraw = False
174.5299 	DATA 	Keypress: right
174.5313 	EXP 	New trial (rep=0, index=17): OrderedDict([('firstTime', 9.9), ('secondTime', 8.8), ('corrAns', 'left'), ('plusStart', 10.4), ('secondStart', 11.4), ('respStart', 20.2), ('randNum', 0.9607848720000001)])
174.5446 	EXP 	firstcircle_3: autoDraw = False
174.5446 	EXP 	text_3: autoDraw = False
174.5446 	EXP 	secondcircle: autoDraw = False
174.5446 	EXP 	text_4: autoDraw = False
174.5446 	EXP 	text_4: autoDraw = True
175.0445 	EXP 	text_4: autoDraw = False
175.0612 	EXP 	firstcircle_3: autoDraw = True
184.9444 	EXP 	firstcircle_3: autoDraw = False
184.9611 	EXP 	text_3: autoDraw = True
185.9444 	EXP 	text_3: autoDraw = False
185.9611 	EXP 	secondcircle: autoDraw = True
194.7443 	EXP 	secondcircle: autoDraw = False
195.5963 	DATA 	Keypress: right
195.5976 	EXP 	New trial (rep=0, index=18): OrderedDict([('firstTime', 2.1), ('secondTime', 3.5), ('corrAns', 'right'), ('plusStart', 2.6), ('secondStart', 3.6), ('respStart', 7.1), ('randNum', 0.609327094)])
195.6109 	EXP 	firstcircle_3: autoDraw = False
195.6109 	EXP 	text_3: autoDraw = False
195.6109 	EXP 	secondcircle: autoDraw = False
195.6109 	EXP 	text_4: autoDraw = False
195.6109 	EXP 	text_4: autoDraw = True
196.1109 	EXP 	text_4: autoDraw = False
196.1276 	EXP 	firstcircle_3: autoDraw = True
198.2109 	EXP 	firstcircle_3: autoDraw = False
198.2276 	EXP 	text_3: autoDraw = True
199.2109 	EXP 	text_3: autoDraw = False
199.2277 	EXP 	secondcircle: autoDraw = True
202.7108 	EXP 	secondcircle: autoDraw = False
203.5130 	DATA 	Keypress: right
203.5144 	EXP 	New trial (rep=0, index=19): OrderedDict([('firstTime', 1.5), ('secondTime', 2.5), ('corrAns', 'right'), ('plusStart', 2.0), ('secondStart', 3.0), ('respStart', 5.5), ('randNum', 0.487304505)])
203.5275 	EXP 	firstcircle_3: autoDraw = False
203.5275 	EXP 	text_3: autoDraw = False
203.5275 	EXP 	secondcircle: autoDraw = False
203.5275 	EXP 	text_4: autoDraw = False
203.5275 	EXP 	text_4: autoDraw = True
204.0275 	EXP 	text_4: autoDraw = False
204.0441 	EXP 	firstcircle_3: autoDraw = True
205.5275 	EXP 	firstcircle_3: autoDraw = False
205.5441 	EXP 	text_3: autoDraw = True
206.5275 	EXP 	text_3: autoDraw = False
206.5441 	EXP 	secondcircle: autoDraw = True
209.0274 	EXP 	secondcircle: autoDraw = False
209.7795 	DATA 	Keypress: right
209.7941 	EXP 	firstcircle_3: autoDraw = False
209.7941 	EXP 	text_3: autoDraw = False
209.7941 	EXP 	secondcircle: autoDraw = False
209.7941 	EXP 	text_4: autoDraw = False
209.7941 	EXP 	text_5: autoDraw = True
211.2464 	DATA 	Keypress: space
211.2523 	EXP 	Imported conditionsTime2.csv as conditions, 20 conditions, 7 params
211.2526 	EXP 	Created sequence: sequential, trialTypes=20, nReps=1, seed=None
211.2530 	EXP 	New trial (rep=0, index=0): OrderedDict([('firstTime', 9.9), ('secondTime', 8.8), ('corrAns', 'left'), ('plusStart', 10.4), ('secondStart', 11.4), ('respStart', 20.2), ('randNum', 0.6005130679999999)])
211.2608 	EXP 	text_5: autoDraw = False
211.2608 	EXP 	text_4: autoDraw = True
211.7607 	EXP 	text_4: autoDraw = False
211.7774 	EXP 	firstcircle_3: autoDraw = True
221.6606 	EXP 	firstcircle_3: autoDraw = False
221.6773 	EXP 	text_3: autoDraw = True
222.6606 	EXP 	text_3: autoDraw = False
222.6772 	EXP 	secondcircle: autoDraw = True
231.4605 	EXP 	secondcircle: autoDraw = False
235.1958 	DATA 	Keypress: left
235.1974 	EXP 	New trial (rep=0, index=1): OrderedDict([('firstTime', 1.5), ('secondTime', 2.5), ('corrAns', 'right'), ('plusStart', 2.0), ('secondStart', 3.0), ('respStart', 5.5), ('randNum', 0.805142221)])
235.2105 	EXP 	firstcircle_3: autoDraw = False
235.2105 	EXP 	text_3: autoDraw = False
235.2105 	EXP 	secondcircle: autoDraw = False
235.2105 	EXP 	text_4: autoDraw = False
235.2105 	EXP 	text_4: autoDraw = True
235.7104 	EXP 	text_4: autoDraw = False
235.7271 	EXP 	firstcircle_3: autoDraw = True
237.2104 	EXP 	firstcircle_3: autoDraw = False
237.2270 	EXP 	text_3: autoDraw = True
238.2104 	EXP 	text_3: autoDraw = False
238.2270 	EXP 	secondcircle: autoDraw = True
240.7103 	EXP 	secondcircle: autoDraw = False
241.3790 	DATA 	Keypress: right
241.3806 	EXP 	New trial (rep=0, index=2): OrderedDict([('firstTime', 0.7), ('secondTime', 1.4), ('corrAns', 'right'), ('plusStart', 1.2), ('secondStart', 2.2), ('respStart', 3.6), ('randNum', 0.70587608)])
241.3936 	EXP 	firstcircle_3: autoDraw = False
241.3936 	EXP 	text_3: autoDraw = False
241.3936 	EXP 	secondcircle: autoDraw = False
241.3936 	EXP 	text_4: autoDraw = False
241.3936 	EXP 	text_4: autoDraw = True
241.8936 	EXP 	text_4: autoDraw = False
241.9103 	EXP 	firstcircle_3: autoDraw = True
242.5936 	EXP 	firstcircle_3: autoDraw = False
242.6103 	EXP 	text_3: autoDraw = True
243.5936 	EXP 	text_3: autoDraw = False
243.6103 	EXP 	secondcircle: autoDraw = True
244.9936 	EXP 	secondcircle: autoDraw = False
245.3623 	DATA 	Keypress: right
245.3637 	EXP 	New trial (rep=0, index=3): OrderedDict([('firstTime', 1.2), ('secondTime', 1.8), ('corrAns', 'right'), ('plusStart', 1.7), ('secondStart', 2.7), ('respStart', 4.5), ('randNum', 0.276216099)])
245.3769 	EXP 	firstcircle_3: autoDraw = False
245.3769 	EXP 	text_3: autoDraw = False
245.3769 	EXP 	secondcircle: autoDraw = False
245.3769 	EXP 	text_4: autoDraw = False
245.3769 	EXP 	text_4: autoDraw = True
245.8769 	EXP 	text_4: autoDraw = False
245.8936 	EXP 	firstcircle_3: autoDraw = True
247.0770 	EXP 	firstcircle_3: autoDraw = False
247.0936 	EXP 	text_3: autoDraw = True
248.0769 	EXP 	text_3: autoDraw = False
248.0936 	EXP 	secondcircle: autoDraw = True
249.8769 	EXP 	secondcircle: autoDraw = False
250.4620 	DATA 	Keypress: right
250.4634 	EXP 	New trial (rep=0, index=4): OrderedDict([('firstTime', 3.3), ('secondTime', 4.4), ('corrAns', 'right'), ('plusStart', 3.8), ('secondStart', 4.8), ('respStart', 9.2), ('randNum', 0.803512663)])
250.4769 	EXP 	firstcircle_3: autoDraw = False
250.4769 	EXP 	text_3: autoDraw = False
250.4769 	EXP 	secondcircle: autoDraw = False
250.4769 	EXP 	text_4: autoDraw = False
250.4769 	EXP 	text_4: autoDraw = True
250.9769 	EXP 	text_4: autoDraw = False
250.9935 	EXP 	firstcircle_3: autoDraw = True
254.2768 	EXP 	firstcircle_3: autoDraw = False
254.2936 	EXP 	text_3: autoDraw = True
255.2768 	EXP 	text_3: autoDraw = False
255.2935 	EXP 	secondcircle: autoDraw = True
259.6767 	EXP 	secondcircle: autoDraw = False
260.1788 	DATA 	Keypress: left
260.1804 	EXP 	New trial (rep=0, index=5): OrderedDict([('firstTime', 2.1), ('secondTime', 2.8), ('corrAns', 'right'), ('plusStart', 2.6), ('secondStart', 3.6), ('respStart', 6.4), ('randNum', 0.26721103399999996)])
260.1935 	EXP 	firstcircle_3: autoDraw = False
260.1935 	EXP 	text_3: autoDraw = False
260.1935 	EXP 	secondcircle: autoDraw = False
260.1935 	EXP 	text_4: autoDraw = False
260.1935 	EXP 	text_4: autoDraw = True
260.6934 	EXP 	text_4: autoDraw = False
260.7101 	EXP 	firstcircle_3: autoDraw = True
262.7934 	EXP 	firstcircle_3: autoDraw = False
262.8100 	EXP 	text_3: autoDraw = True
263.7934 	EXP 	text_3: autoDraw = False
263.8100 	EXP 	secondcircle: autoDraw = True
266.5933 	EXP 	secondcircle: autoDraw = False
267.3120 	DATA 	Keypress: right
267.3134 	EXP 	New trial (rep=0, index=6): OrderedDict([('firstTime', 2.8), ('secondTime', 2.1), ('corrAns', 'left'), ('plusStart', 3.3), ('secondStart', 4.3), ('respStart', 6.4), ('randNum', 0.1426323)])
267.3266 	EXP 	firstcircle_3: autoDraw = False
267.3266 	EXP 	text_3: autoDraw = False
267.3266 	EXP 	secondcircle: autoDraw = False
267.3266 	EXP 	text_4: autoDraw = False
267.3266 	EXP 	text_4: autoDraw = True
267.8266 	EXP 	text_4: autoDraw = False
267.8433 	EXP 	firstcircle_3: autoDraw = True
270.6266 	EXP 	firstcircle_3: autoDraw = False
270.6433 	EXP 	text_3: autoDraw = True
271.6266 	EXP 	text_3: autoDraw = False
271.6433 	EXP 	secondcircle: autoDraw = True
273.7266 	EXP 	secondcircle: autoDraw = False
274.4117 	DATA 	Keypress: left
274.4131 	EXP 	New trial (rep=0, index=7): OrderedDict([('firstTime', 2.7), ('secondTime', 1.8), ('corrAns', 'left'), ('plusStart', 3.2), ('secondStart', 4.2), ('respStart', 6.0), ('randNum', 0.15619143)])
274.4266 	EXP 	firstcircle_3: autoDraw = False
274.4266 	EXP 	text_3: autoDraw = False
274.4266 	EXP 	secondcircle: autoDraw = False
274.4266 	EXP 	text_4: autoDraw = False
274.4266 	EXP 	text_4: autoDraw = True
274.9265 	EXP 	text_4: autoDraw = False
274.9432 	EXP 	firstcircle_3: autoDraw = True
277.6265 	EXP 	firstcircle_3: autoDraw = False
277.6432 	EXP 	text_3: autoDraw = True
278.6265 	EXP 	text_3: autoDraw = False
278.6432 	EXP 	secondcircle: autoDraw = True
280.4265 	EXP 	secondcircle: autoDraw = False
281.3451 	DATA 	Keypress: left
281.3465 	EXP 	New trial (rep=0, index=8): OrderedDict([('firstTime', 8.8), ('secondTime', 9.9), ('corrAns', 'right'), ('plusStart', 9.3), ('secondStart', 10.3), ('respStart', 20.2), ('randNum', 0.549248995)])
281.3598 	EXP 	firstcircle_3: autoDraw = False
281.3598 	EXP 	text_3: autoDraw = False
281.3598 	EXP 	secondcircle: autoDraw = False
281.3598 	EXP 	text_4: autoDraw = False
281.3598 	EXP 	text_4: autoDraw = True
281.8598 	EXP 	text_4: autoDraw = False
281.8764 	EXP 	firstcircle_3: autoDraw = True
290.6597 	EXP 	firstcircle_3: autoDraw = False
290.6764 	EXP 	text_3: autoDraw = True
291.6596 	EXP 	text_3: autoDraw = False
291.6763 	EXP 	secondcircle: autoDraw = True
301.5595 	EXP 	secondcircle: autoDraw = False
302.2946 	DATA 	Keypress: left
302.2960 	EXP 	New trial (rep=0, index=9): OrderedDict([('firstTime', 2.5), ('secondTime', 1.5), ('corrAns', 'left'), ('plusStart', 3.0), ('secondStart', 4.0), ('respStart', 5.5), ('randNum', 0.358211186)])
302.3095 	EXP 	firstcircle_3: autoDraw = False
302.3095 	EXP 	text_3: autoDraw = False
302.3095 	EXP 	secondcircle: autoDraw = False
302.3095 	EXP 	text_4: autoDraw = False
302.3095 	EXP 	text_4: autoDraw = True
302.8095 	EXP 	text_4: autoDraw = False
302.8262 	EXP 	firstcircle_3: autoDraw = True
305.3095 	EXP 	firstcircle_3: autoDraw = False
305.3261 	EXP 	text_3: autoDraw = True
306.3094 	EXP 	text_3: autoDraw = False
306.3261 	EXP 	secondcircle: autoDraw = True
307.8094 	EXP 	secondcircle: autoDraw = False
308.4282 	DATA 	Keypress: left
308.4295 	EXP 	New trial (rep=0, index=10): OrderedDict([('firstTime', 1.8), ('secondTime', 0.9), ('corrAns', 'left'), ('plusStart', 2.3), ('secondStart', 3.3), ('respStart', 4.2), ('randNum', 0.907401646)])
308.4428 	EXP 	firstcircle_3: autoDraw = False
308.4428 	EXP 	text_3: autoDraw = False
308.4428 	EXP 	secondcircle: autoDraw = False
308.4428 	EXP 	text_4: autoDraw = False
308.4428 	EXP 	text_4: autoDraw = True
308.9427 	EXP 	text_4: autoDraw = False
308.9594 	EXP 	firstcircle_3: autoDraw = True
310.7427 	EXP 	firstcircle_3: autoDraw = False
310.7594 	EXP 	text_3: autoDraw = True
311.7427 	EXP 	text_3: autoDraw = False
311.7594 	EXP 	secondcircle: autoDraw = True
312.6427 	EXP 	secondcircle: autoDraw = False
313.5614 	DATA 	Keypress: left
313.5627 	EXP 	New trial (rep=0, index=11): OrderedDict([('firstTime', 3.2), ('secondTime', 3.6), ('corrAns', 'right'), ('plusStart', 3.7), ('secondStart', 4.7), ('respStart', 8.3), ('randNum', 0.40261677799999995)])
313.5761 	EXP 	firstcircle_3: autoDraw = False
313.5761 	EXP 	text_3: autoDraw = False
313.5761 	EXP 	secondcircle: autoDraw = False
313.5761 	EXP 	text_4: autoDraw = False
313.5761 	EXP 	text_4: autoDraw = True
314.0760 	EXP 	text_4: autoDraw = False
314.0927 	EXP 	firstcircle_3: autoDraw = True
317.2760 	EXP 	firstcircle_3: autoDraw = False
317.2926 	EXP 	text_3: autoDraw = True
318.2759 	EXP 	text_3: autoDraw = False
318.2926 	EXP 	secondcircle: autoDraw = True
321.8759 	EXP 	secondcircle: autoDraw = False
322.6450 	DATA 	Keypress: right
322.6609 	EXP 	New trial (rep=0, index=12): OrderedDict([('firstTime', 2.1), ('secondTime', 3.5), ('corrAns', 'right'), ('plusStart', 2.6), ('secondStart', 3.6), ('respStart', 7.1), ('randNum', 0.699018652)])
322.6759 	EXP 	firstcircle_3: autoDraw = False
322.6759 	EXP 	text_3: autoDraw = False
322.6759 	EXP 	secondcircle: autoDraw = False
322.6759 	EXP 	text_4: autoDraw = False
322.6759 	EXP 	text_4: autoDraw = True
323.1759 	EXP 	text_4: autoDraw = False
323.1925 	EXP 	firstcircle_3: autoDraw = True
325.2758 	EXP 	firstcircle_3: autoDraw = False
325.2925 	EXP 	text_3: autoDraw = True
326.2758 	EXP 	text_3: autoDraw = False
326.2925 	EXP 	secondcircle: autoDraw = True
329.7758 	EXP 	secondcircle: autoDraw = False
330.5117 	DATA 	Keypress: right
330.5275 	EXP 	New trial (rep=0, index=13): OrderedDict([('firstTime', 1.8), ('secondTime', 2.7), ('corrAns', 'right'), ('plusStart', 2.3), ('secondStart', 3.3), ('respStart', 6.0), ('randNum', 0.8590765890000001)])
330.5425 	EXP 	firstcircle_3: autoDraw = False
330.5425 	EXP 	text_3: autoDraw = False
330.5425 	EXP 	secondcircle: autoDraw = False
330.5425 	EXP 	text_4: autoDraw = False
330.5425 	EXP 	text_4: autoDraw = True
331.0424 	EXP 	text_4: autoDraw = False
331.0592 	EXP 	firstcircle_3: autoDraw = True
332.8424 	EXP 	firstcircle_3: autoDraw = False
332.8591 	EXP 	text_3: autoDraw = True
333.8424 	EXP 	text_3: autoDraw = False
333.8591 	EXP 	secondcircle: autoDraw = True
336.5424 	EXP 	secondcircle: autoDraw = False
337.4278 	DATA 	Keypress: right
337.4291 	EXP 	New trial (rep=0, index=14): OrderedDict([('firstTime', 1.4), ('secondTime', 0.7), ('corrAns', 'left'), ('plusStart', 1.9), ('secondStart', 2.9), ('respStart', 3.6), ('randNum', 0.413030013)])
337.4424 	EXP 	firstcircle_3: autoDraw = False
337.4424 	EXP 	text_3: autoDraw = False
337.4424 	EXP 	secondcircle: autoDraw = False
337.4424 	EXP 	text_4: autoDraw = False
337.4424 	EXP 	text_4: autoDraw = True
337.9423 	EXP 	text_4: autoDraw = False
337.9590 	EXP 	firstcircle_3: autoDraw = True
339.3423 	EXP 	firstcircle_3: autoDraw = False
339.3590 	EXP 	text_3: autoDraw = True
340.3423 	EXP 	text_3: autoDraw = False
340.3590 	EXP 	secondcircle: autoDraw = True
341.0423 	EXP 	secondcircle: autoDraw = False
341.8944 	DATA 	Keypress: left
341.8958 	EXP 	New trial (rep=0, index=15): OrderedDict([('firstTime', 3.6), ('secondTime', 3.2), ('corrAns', 'left'), ('plusStart', 4.1), ('secondStart', 5.1), ('respStart', 8.3), ('randNum', 0.12198344800000001)])
341.9090 	EXP 	firstcircle_3: autoDraw = False
341.9090 	EXP 	text_3: autoDraw = False
341.9090 	EXP 	secondcircle: autoDraw = False
341.9090 	EXP 	text_4: autoDraw = False
341.9090 	EXP 	text_4: autoDraw = True
342.4089 	EXP 	text_4: autoDraw = False
342.4256 	EXP 	firstcircle_3: autoDraw = True
346.0089 	EXP 	firstcircle_3: autoDraw = False
346.0256 	EXP 	text_3: autoDraw = True
347.0089 	EXP 	text_3: autoDraw = False
347.0256 	EXP 	secondcircle: autoDraw = True
350.2088 	EXP 	secondcircle: autoDraw = False
352.9108 	DATA 	Keypress: right
352.9121 	EXP 	New trial (rep=0, index=16): OrderedDict([('firstTime', 4.4), ('secondTime', 3.3), ('corrAns', 'left'), ('plusStart', 4.9), ('secondStart', 5.9), ('respStart', 9.2), ('randNum', 0.7908218929999999)])
352.9255 	EXP 	firstcircle_3: autoDraw = False
352.9255 	EXP 	text_3: autoDraw = False
352.9255 	EXP 	secondcircle: autoDraw = False
352.9255 	EXP 	text_4: autoDraw = False
352.9255 	EXP 	text_4: autoDraw = True
353.4255 	EXP 	text_4: autoDraw = False
353.4421 	EXP 	firstcircle_3: autoDraw = True
357.8254 	EXP 	firstcircle_3: autoDraw = False
357.8421 	EXP 	text_3: autoDraw = True
358.8254 	EXP 	text_3: autoDraw = False
358.8421 	EXP 	secondcircle: autoDraw = True
358.8450 	DATA 	Keypress: right
362.1254 	EXP 	secondcircle: autoDraw = False
363.6111 	DATA 	Keypress: right
363.6271 	EXP 	New trial (rep=0, index=17): OrderedDict([('firstTime', 3.5), ('secondTime', 2.1), ('corrAns', 'left'), ('plusStart', 4.0), ('secondStart', 5.0), ('respStart', 7.1), ('randNum', 0.149007794)])
363.6420 	EXP 	firstcircle_3: autoDraw = False
363.6420 	EXP 	text_3: autoDraw = False
363.6420 	EXP 	secondcircle: autoDraw = False
363.6420 	EXP 	text_4: autoDraw = False
363.6420 	EXP 	text_4: autoDraw = True
364.1420 	EXP 	text_4: autoDraw = False
364.1587 	EXP 	firstcircle_3: autoDraw = True
367.6419 	EXP 	firstcircle_3: autoDraw = False
367.6586 	EXP 	text_3: autoDraw = True
368.6419 	EXP 	text_3: autoDraw = False
368.6586 	EXP 	secondcircle: autoDraw = True
370.7419 	EXP 	secondcircle: autoDraw = False
371.4771 	DATA 	Keypress: left
371.4784 	EXP 	New trial (rep=0, index=18): OrderedDict([('firstTime', 1.8), ('secondTime', 1.2), ('corrAns', 'left'), ('plusStart', 2.3), ('secondStart', 3.3), ('respStart', 4.5), ('randNum', 0.44825194799999996)])
371.4919 	EXP 	firstcircle_3: autoDraw = False
371.4919 	EXP 	text_3: autoDraw = False
371.4919 	EXP 	secondcircle: autoDraw = False
371.4919 	EXP 	text_4: autoDraw = False
371.4919 	EXP 	text_4: autoDraw = True
371.9919 	EXP 	text_4: autoDraw = False
372.0086 	EXP 	firstcircle_3: autoDraw = True
373.7919 	EXP 	firstcircle_3: autoDraw = False
373.8085 	EXP 	text_3: autoDraw = True
374.7919 	EXP 	text_3: autoDraw = False
374.8085 	EXP 	secondcircle: autoDraw = True
375.9918 	EXP 	secondcircle: autoDraw = False
376.6607 	DATA 	Keypress: left
376.6620 	EXP 	New trial (rep=0, index=19): OrderedDict([('firstTime', 0.9), ('secondTime', 1.8), ('corrAns', 'right'), ('plusStart', 1.4), ('secondStart', 2.4), ('respStart', 4.2), ('randNum', 0.35938568299999996)])
376.6752 	EXP 	firstcircle_3: autoDraw = False
376.6752 	EXP 	text_3: autoDraw = False
376.6752 	EXP 	secondcircle: autoDraw = False
376.6752 	EXP 	text_4: autoDraw = False
376.6752 	EXP 	text_4: autoDraw = True
377.1751 	EXP 	text_4: autoDraw = False
377.1918 	EXP 	firstcircle_3: autoDraw = True
378.0751 	EXP 	firstcircle_3: autoDraw = False
378.0918 	EXP 	text_3: autoDraw = True
379.0751 	EXP 	text_3: autoDraw = False
379.0918 	EXP 	secondcircle: autoDraw = True
380.8751 	EXP 	secondcircle: autoDraw = False
381.4936 	DATA 	Keypress: right
381.5084 	EXP 	firstcircle_3: autoDraw = False
381.5084 	EXP 	text_3: autoDraw = False
381.5084 	EXP 	secondcircle: autoDraw = False
381.5084 	EXP 	text_4: autoDraw = False
381.5084 	EXP 	text_6: autoDraw = True
382.6609 	DATA 	Keypress: space
382.6674 	EXP 	Imported conditionsTime3.csv as conditions, 20 conditions, 7 params
382.6677 	EXP 	Created sequence: sequential, trialTypes=20, nReps=1, seed=None
382.6682 	EXP 	New trial (rep=0, index=0): OrderedDict([('firstTime', 2.7), ('secondTime', 1.8), ('corrAns', 'left'), ('plusStart', 3.2), ('secondStart', 4.2), ('respStart', 6.0), ('randNum', 0.09224181599999999)])
382.6751 	EXP 	text_6: autoDraw = False
382.6751 	EXP 	text_4: autoDraw = True
383.1751 	EXP 	text_4: autoDraw = False
383.1917 	EXP 	firstcircle_3: autoDraw = True
385.8751 	EXP 	firstcircle_3: autoDraw = False
385.8917 	EXP 	text_3: autoDraw = True
386.8750 	EXP 	text_3: autoDraw = False
386.8917 	EXP 	secondcircle: autoDraw = True
388.6750 	EXP 	secondcircle: autoDraw = False
389.4601 	DATA 	Keypress: left
389.4617 	EXP 	New trial (rep=0, index=1): OrderedDict([('firstTime', 1.8), ('secondTime', 2.7), ('corrAns', 'right'), ('plusStart', 2.3), ('secondStart', 3.3), ('respStart', 6.0), ('randNum', 0.320860695)])
389.4750 	EXP 	firstcircle_3: autoDraw = False
389.4750 	EXP 	text_3: autoDraw = False
389.4750 	EXP 	secondcircle: autoDraw = False
389.4750 	EXP 	text_4: autoDraw = False
389.4750 	EXP 	text_4: autoDraw = True
389.9750 	EXP 	text_4: autoDraw = False
389.9917 	EXP 	firstcircle_3: autoDraw = True
391.7750 	EXP 	firstcircle_3: autoDraw = False
391.7916 	EXP 	text_3: autoDraw = True
392.7749 	EXP 	text_3: autoDraw = False
392.7916 	EXP 	secondcircle: autoDraw = True
395.4749 	EXP 	secondcircle: autoDraw = False
396.1268 	DATA 	Keypress: right
396.1280 	EXP 	New trial (rep=0, index=2): OrderedDict([('firstTime', 0.7), ('secondTime', 1.4), ('corrAns', 'right'), ('plusStart', 1.2), ('secondStart', 2.2), ('respStart', 3.6), ('randNum', 0.091696964)])
396.1416 	EXP 	firstcircle_3: autoDraw = False
396.1416 	EXP 	text_3: autoDraw = False
396.1416 	EXP 	secondcircle: autoDraw = False
396.1416 	EXP 	text_4: autoDraw = False
396.1416 	EXP 	text_4: autoDraw = True
396.6415 	EXP 	text_4: autoDraw = False
396.6582 	EXP 	firstcircle_3: autoDraw = True
397.3415 	EXP 	firstcircle_3: autoDraw = False
397.3582 	EXP 	text_3: autoDraw = True
398.3415 	EXP 	text_3: autoDraw = False
398.3582 	EXP 	secondcircle: autoDraw = True
399.7415 	EXP 	secondcircle: autoDraw = False
400.1433 	DATA 	Keypress: right
400.1448 	EXP 	New trial (rep=0, index=3): OrderedDict([('firstTime', 4.4), ('secondTime', 3.3), ('corrAns', 'left'), ('plusStart', 4.9), ('secondStart', 5.9), ('respStart', 9.2), ('randNum', 0.010112259)])
400.1582 	EXP 	firstcircle_3: autoDraw = False
400.1582 	EXP 	text_3: autoDraw = False
400.1582 	EXP 	secondcircle: autoDraw = False
400.1582 	EXP 	text_4: autoDraw = False
400.1582 	EXP 	text_4: autoDraw = True
400.6582 	EXP 	text_4: autoDraw = False
400.6748 	EXP 	firstcircle_3: autoDraw = True
405.0581 	EXP 	firstcircle_3: autoDraw = False
405.0748 	EXP 	text_3: autoDraw = True
406.0581 	EXP 	text_3: autoDraw = False
406.0748 	EXP 	secondcircle: autoDraw = True
409.3581 	EXP 	secondcircle: autoDraw = False
410.1268 	DATA 	Keypress: left
410.1282 	EXP 	New trial (rep=0, index=4): OrderedDict([('firstTime', 0.9), ('secondTime', 1.8), ('corrAns', 'right'), ('plusStart', 1.4), ('secondStart', 2.4), ('respStart', 4.2), ('randNum', 0.877480265)])
410.1414 	EXP 	firstcircle_3: autoDraw = False
410.1414 	EXP 	text_3: autoDraw = False
410.1414 	EXP 	secondcircle: autoDraw = False
410.1414 	EXP 	text_4: autoDraw = False
410.1414 	EXP 	text_4: autoDraw = True
410.6414 	EXP 	text_4: autoDraw = False
410.6580 	EXP 	firstcircle_3: autoDraw = True
411.5414 	EXP 	firstcircle_3: autoDraw = False
411.5581 	EXP 	text_3: autoDraw = True
412.5414 	EXP 	text_3: autoDraw = False
412.5580 	EXP 	secondcircle: autoDraw = True
414.3413 	EXP 	secondcircle: autoDraw = False
416.2264 	DATA 	Keypress: right
416.2277 	EXP 	New trial (rep=0, index=5): OrderedDict([('firstTime', 1.8), ('secondTime', 0.9), ('corrAns', 'left'), ('plusStart', 2.3), ('secondStart', 3.3), ('respStart', 4.2), ('randNum', 0.74232345)])
416.2413 	EXP 	firstcircle_3: autoDraw = False
416.2413 	EXP 	text_3: autoDraw = False
416.2413 	EXP 	secondcircle: autoDraw = False
416.2413 	EXP 	text_4: autoDraw = False
416.2413 	EXP 	text_4: autoDraw = True
416.7413 	EXP 	text_4: autoDraw = False
416.7580 	EXP 	firstcircle_3: autoDraw = True
418.5413 	EXP 	firstcircle_3: autoDraw = False
418.5579 	EXP 	text_3: autoDraw = True
419.5412 	EXP 	text_3: autoDraw = False
419.5579 	EXP 	secondcircle: autoDraw = True
420.4412 	EXP 	secondcircle: autoDraw = False
421.2599 	DATA 	Keypress: left
421.2613 	EXP 	New trial (rep=0, index=6): OrderedDict([('firstTime', 1.8), ('secondTime', 1.2), ('corrAns', 'left'), ('plusStart', 2.3), ('secondStart', 3.3), ('respStart', 4.5), ('randNum', 0.307053849)])
421.2746 	EXP 	firstcircle_3: autoDraw = False
421.2746 	EXP 	text_3: autoDraw = False
421.2746 	EXP 	secondcircle: autoDraw = False
421.2746 	EXP 	text_4: autoDraw = False
421.2746 	EXP 	text_4: autoDraw = True
421.7746 	EXP 	text_4: autoDraw = False
421.7912 	EXP 	firstcircle_3: autoDraw = True
423.5745 	EXP 	firstcircle_3: autoDraw = False
423.5912 	EXP 	text_3: autoDraw = True
424.5745 	EXP 	text_3: autoDraw = False
424.5912 	EXP 	secondcircle: autoDraw = True
425.7745 	EXP 	secondcircle: autoDraw = False
426.6765 	DATA 	Keypress: left
426.6778 	EXP 	New trial (rep=0, index=7): OrderedDict([('firstTime', 3.6), ('secondTime', 3.2), ('corrAns', 'left'), ('plusStart', 4.1), ('secondStart', 5.1), ('respStart', 8.3), ('randNum', 0.331236492)])
426.6912 	EXP 	firstcircle_3: autoDraw = False
426.6912 	EXP 	text_3: autoDraw = False
426.6912 	EXP 	secondcircle: autoDraw = False
426.6912 	EXP 	text_4: autoDraw = False
426.6912 	EXP 	text_4: autoDraw = True
427.1911 	EXP 	text_4: autoDraw = False
427.2078 	EXP 	firstcircle_3: autoDraw = True
430.7911 	EXP 	firstcircle_3: autoDraw = False
430.8078 	EXP 	text_3: autoDraw = True
431.7911 	EXP 	text_3: autoDraw = False
431.8078 	EXP 	secondcircle: autoDraw = True
434.9910 	EXP 	secondcircle: autoDraw = False
436.5597 	DATA 	Keypress: right
436.5610 	EXP 	New trial (rep=0, index=8): OrderedDict([('firstTime', 2.5), ('secondTime', 1.5), ('corrAns', 'left'), ('plusStart', 3.0), ('secondStart', 4.0), ('respStart', 5.5), ('randNum', 0.778562476)])
436.5744 	EXP 	firstcircle_3: autoDraw = False
436.5744 	EXP 	text_3: autoDraw = False
436.5744 	EXP 	secondcircle: autoDraw = False
436.5744 	EXP 	text_4: autoDraw = False
436.5744 	EXP 	text_4: autoDraw = True
437.0743 	EXP 	text_4: autoDraw = False
437.0910 	EXP 	firstcircle_3: autoDraw = True
439.5743 	EXP 	firstcircle_3: autoDraw = False
439.5910 	EXP 	text_3: autoDraw = True
440.5743 	EXP 	text_3: autoDraw = False
440.5910 	EXP 	secondcircle: autoDraw = True
442.0743 	EXP 	secondcircle: autoDraw = False
442.7597 	DATA 	Keypress: left
442.7611 	EXP 	New trial (rep=0, index=9): OrderedDict([('firstTime', 1.2), ('secondTime', 1.8), ('corrAns', 'right'), ('plusStart', 1.7), ('secondStart', 2.7), ('respStart', 4.5), ('randNum', 0.18131893100000002)])
442.7743 	EXP 	firstcircle_3: autoDraw = False
442.7743 	EXP 	text_3: autoDraw = False
442.7743 	EXP 	secondcircle: autoDraw = False
442.7743 	EXP 	text_4: autoDraw = False
442.7743 	EXP 	text_4: autoDraw = True
443.2743 	EXP 	text_4: autoDraw = False
443.2909 	EXP 	firstcircle_3: autoDraw = True
444.4742 	EXP 	firstcircle_3: autoDraw = False
444.4910 	EXP 	text_3: autoDraw = True
445.4742 	EXP 	text_3: autoDraw = False
445.4909 	EXP 	secondcircle: autoDraw = True
447.2742 	EXP 	secondcircle: autoDraw = False
448.0095 	DATA 	Keypress: right
448.0108 	EXP 	New trial (rep=0, index=10): OrderedDict([('firstTime', 2.8), ('secondTime', 2.1), ('corrAns', 'left'), ('plusStart', 3.3), ('secondStart', 4.3), ('respStart', 6.4), ('randNum', 0.897215002)])
448.0242 	EXP 	firstcircle_3: autoDraw = False
448.0242 	EXP 	text_3: autoDraw = False
448.0242 	EXP 	secondcircle: autoDraw = False
448.0242 	EXP 	text_4: autoDraw = False
448.0242 	EXP 	text_4: autoDraw = True
448.5242 	EXP 	text_4: autoDraw = False
448.5409 	EXP 	firstcircle_3: autoDraw = True
451.3242 	EXP 	firstcircle_3: autoDraw = False
451.3408 	EXP 	text_3: autoDraw = True
452.3241 	EXP 	text_3: autoDraw = False
452.3408 	EXP 	secondcircle: autoDraw = True
454.4241 	EXP 	secondcircle: autoDraw = False
455.2259 	DATA 	Keypress: right
455.2272 	EXP 	New trial (rep=0, index=11): OrderedDict([('firstTime', 2.1), ('secondTime', 2.8), ('corrAns', 'right'), ('plusStart', 2.6), ('secondStart', 3.6), ('respStart', 6.4), ('randNum', 0.734438325)])
455.2408 	EXP 	firstcircle_3: autoDraw = False
455.2408 	EXP 	text_3: autoDraw = False
455.2408 	EXP 	secondcircle: autoDraw = False
455.2408 	EXP 	text_4: autoDraw = False
455.2408 	EXP 	text_4: autoDraw = True
455.7408 	EXP 	text_4: autoDraw = False
455.7574 	EXP 	firstcircle_3: autoDraw = True
457.8407 	EXP 	firstcircle_3: autoDraw = False
457.8574 	EXP 	text_3: autoDraw = True
458.8407 	EXP 	text_3: autoDraw = False
458.8574 	EXP 	secondcircle: autoDraw = True
461.6407 	EXP 	secondcircle: autoDraw = False
462.2595 	DATA 	Keypress: right
462.2608 	EXP 	New trial (rep=0, index=12): OrderedDict([('firstTime', 3.2), ('secondTime', 3.6), ('corrAns', 'right'), ('plusStart', 3.7), ('secondStart', 4.7), ('respStart', 8.3), ('randNum', 0.716372322)])
462.2740 	EXP 	firstcircle_3: autoDraw = False
462.2740 	EXP 	text_3: autoDraw = False
462.2740 	EXP 	secondcircle: autoDraw = False
462.2740 	EXP 	text_4: autoDraw = False
462.2740 	EXP 	text_4: autoDraw = True
462.7740 	EXP 	text_4: autoDraw = False
462.7907 	EXP 	firstcircle_3: autoDraw = True
465.9740 	EXP 	firstcircle_3: autoDraw = False
465.9906 	EXP 	text_3: autoDraw = True
466.9739 	EXP 	text_3: autoDraw = False
466.9906 	EXP 	secondcircle: autoDraw = True
470.5739 	EXP 	secondcircle: autoDraw = False
471.3094 	DATA 	Keypress: right
471.3108 	EXP 	New trial (rep=0, index=13): OrderedDict([('firstTime', 2.1), ('secondTime', 3.5), ('corrAns', 'right'), ('plusStart', 2.6), ('secondStart', 3.6), ('respStart', 7.1), ('randNum', 0.2797458)])
471.3239 	EXP 	firstcircle_3: autoDraw = False
471.3239 	EXP 	text_3: autoDraw = False
471.3239 	EXP 	secondcircle: autoDraw = False
471.3239 	EXP 	text_4: autoDraw = False
471.3239 	EXP 	text_4: autoDraw = True
471.8239 	EXP 	text_4: autoDraw = False
471.8405 	EXP 	firstcircle_3: autoDraw = True
473.9238 	EXP 	firstcircle_3: autoDraw = False
473.9405 	EXP 	text_3: autoDraw = True
474.9238 	EXP 	text_3: autoDraw = False
474.9405 	EXP 	secondcircle: autoDraw = True
478.4238 	EXP 	secondcircle: autoDraw = False
479.0757 	DATA 	Keypress: right
479.0770 	EXP 	New trial (rep=0, index=14): OrderedDict([('firstTime', 1.4), ('secondTime', 0.7), ('corrAns', 'left'), ('plusStart', 1.9), ('secondStart', 2.9), ('respStart', 3.6), ('randNum', 0.038284202)])
479.0904 	EXP 	firstcircle_3: autoDraw = False
479.0904 	EXP 	text_3: autoDraw = False
479.0904 	EXP 	secondcircle: autoDraw = False
479.0904 	EXP 	text_4: autoDraw = False
479.0904 	EXP 	text_4: autoDraw = True
479.5905 	EXP 	text_4: autoDraw = False
479.6071 	EXP 	firstcircle_3: autoDraw = True
480.9904 	EXP 	firstcircle_3: autoDraw = False
481.0071 	EXP 	text_3: autoDraw = True
481.9904 	EXP 	text_3: autoDraw = False
482.0071 	EXP 	secondcircle: autoDraw = True
482.6904 	EXP 	secondcircle: autoDraw = False
483.5590 	DATA 	Keypress: left
483.5604 	EXP 	New trial (rep=0, index=15): OrderedDict([('firstTime', 9.9), ('secondTime', 8.8), ('corrAns', 'left'), ('plusStart', 10.4), ('secondStart', 11.4), ('respStart', 20.2), ('randNum', 0.656448526)])
483.5737 	EXP 	firstcircle_3: autoDraw = False
483.5737 	EXP 	text_3: autoDraw = False
483.5737 	EXP 	secondcircle: autoDraw = False
483.5737 	EXP 	text_4: autoDraw = False
483.5737 	EXP 	text_4: autoDraw = True
484.0737 	EXP 	text_4: autoDraw = False
484.0904 	EXP 	firstcircle_3: autoDraw = True
493.9736 	EXP 	firstcircle_3: autoDraw = False
493.9902 	EXP 	text_3: autoDraw = True
494.9736 	EXP 	text_3: autoDraw = False
494.9902 	EXP 	secondcircle: autoDraw = True
503.7734 	EXP 	secondcircle: autoDraw = False
504.9086 	DATA 	Keypress: left
504.9100 	EXP 	New trial (rep=0, index=16): OrderedDict([('firstTime', 3.5), ('secondTime', 2.1), ('corrAns', 'left'), ('plusStart', 4.0), ('secondStart', 5.0), ('respStart', 7.1), ('randNum', 0.25078508899999996)])
504.9234 	EXP 	firstcircle_3: autoDraw = False
504.9234 	EXP 	text_3: autoDraw = False
504.9234 	EXP 	secondcircle: autoDraw = False
504.9234 	EXP 	text_4: autoDraw = False
504.9234 	EXP 	text_4: autoDraw = True
505.4234 	EXP 	text_4: autoDraw = False
505.4401 	EXP 	firstcircle_3: autoDraw = True
508.9234 	EXP 	firstcircle_3: autoDraw = False
508.9400 	EXP 	text_3: autoDraw = True
509.9234 	EXP 	text_3: autoDraw = False
509.9400 	EXP 	secondcircle: autoDraw = True
512.0233 	EXP 	secondcircle: autoDraw = False
512.9426 	DATA 	Keypress: left
512.9440 	EXP 	New trial (rep=0, index=17): OrderedDict([('firstTime', 8.8), ('secondTime', 9.9), ('corrAns', 'right'), ('plusStart', 9.3), ('secondStart', 10.3), ('respStart', 20.2), ('randNum', 0.055985873)])
512.9567 	EXP 	firstcircle_3: autoDraw = False
512.9567 	EXP 	text_3: autoDraw = False
512.9567 	EXP 	secondcircle: autoDraw = False
512.9567 	EXP 	text_4: autoDraw = False
512.9567 	EXP 	text_4: autoDraw = True
513.4566 	EXP 	text_4: autoDraw = False
513.4733 	EXP 	firstcircle_3: autoDraw = True
522.2565 	EXP 	firstcircle_3: autoDraw = False
522.2732 	EXP 	text_3: autoDraw = True
523.2565 	EXP 	text_3: autoDraw = False
523.2732 	EXP 	secondcircle: autoDraw = True
533.1564 	EXP 	secondcircle: autoDraw = False
533.9084 	DATA 	Keypress: right
533.9097 	EXP 	New trial (rep=0, index=18): OrderedDict([('firstTime', 1.5), ('secondTime', 2.5), ('corrAns', 'right'), ('plusStart', 2.0), ('secondStart', 3.0), ('respStart', 5.5), ('randNum', 0.279030548)])
533.9230 	EXP 	firstcircle_3: autoDraw = False
533.9230 	EXP 	text_3: autoDraw = False
533.9230 	EXP 	secondcircle: autoDraw = False
533.9230 	EXP 	text_4: autoDraw = False
533.9230 	EXP 	text_4: autoDraw = True
534.4230 	EXP 	text_4: autoDraw = False
534.4397 	EXP 	firstcircle_3: autoDraw = True
535.9230 	EXP 	firstcircle_3: autoDraw = False
535.9397 	EXP 	text_3: autoDraw = True
536.9230 	EXP 	text_3: autoDraw = False
536.9397 	EXP 	secondcircle: autoDraw = True
539.4230 	EXP 	secondcircle: autoDraw = False
540.1416 	DATA 	Keypress: right
540.1431 	EXP 	New trial (rep=0, index=19): OrderedDict([('firstTime', 3.3), ('secondTime', 4.4), ('corrAns', 'right'), ('plusStart', 3.8), ('secondStart', 4.8), ('respStart', 9.2), ('randNum', 0.6214470879999999)])
540.1563 	EXP 	firstcircle_3: autoDraw = False
540.1563 	EXP 	text_3: autoDraw = False
540.1563 	EXP 	secondcircle: autoDraw = False
540.1563 	EXP 	text_4: autoDraw = False
540.1563 	EXP 	text_4: autoDraw = True
540.6563 	EXP 	text_4: autoDraw = False
540.6729 	EXP 	firstcircle_3: autoDraw = True
543.9562 	EXP 	firstcircle_3: autoDraw = False
543.9729 	EXP 	text_3: autoDraw = True
544.9562 	EXP 	text_3: autoDraw = False
544.9729 	EXP 	secondcircle: autoDraw = True
549.3562 	EXP 	secondcircle: autoDraw = False
550.1080 	DATA 	Keypress: right
550.1228 	EXP 	firstcircle_3: autoDraw = False
550.1228 	EXP 	text_3: autoDraw = False
550.1228 	EXP 	secondcircle: autoDraw = False
550.1228 	EXP 	text_4: autoDraw = False
550.1228 	EXP 	text_7: autoDraw = True
551.3419 	DATA 	Keypress: space
551.3474 	EXP 	Imported conditionsTime4.csv as conditions, 20 conditions, 7 params
551.3477 	EXP 	Created sequence: sequential, trialTypes=20, nReps=1, seed=None
551.3482 	EXP 	New trial (rep=0, index=0): OrderedDict([('firstTime', 2.5), ('secondTime', 1.5), ('corrAns', 'left'), ('plusStart', 3.0), ('secondStart', 4.0), ('respStart', 5.5), ('randNum', 0.9526453340000001)])
551.3562 	EXP 	text_7: autoDraw = False
551.3562 	EXP 	text_4: autoDraw = True
551.8561 	EXP 	text_4: autoDraw = False
551.8728 	EXP 	firstcircle_3: autoDraw = True
554.3561 	EXP 	firstcircle_3: autoDraw = False
554.3728 	EXP 	text_3: autoDraw = True
555.3562 	EXP 	text_3: autoDraw = False
555.3728 	EXP 	secondcircle: autoDraw = True
556.8561 	EXP 	secondcircle: autoDraw = False
557.8247 	DATA 	Keypress: left
557.8263 	EXP 	New trial (rep=0, index=1): OrderedDict([('firstTime', 2.8), ('secondTime', 2.1), ('corrAns', 'left'), ('plusStart', 3.3), ('secondStart', 4.3), ('respStart', 6.4), ('randNum', 0.962497787)])
557.8395 	EXP 	firstcircle_3: autoDraw = False
557.8395 	EXP 	text_3: autoDraw = False
557.8395 	EXP 	secondcircle: autoDraw = False
557.8395 	EXP 	text_4: autoDraw = False
557.8395 	EXP 	text_4: autoDraw = True
558.3394 	EXP 	text_4: autoDraw = False
558.3560 	EXP 	firstcircle_3: autoDraw = True
561.1394 	EXP 	firstcircle_3: autoDraw = False
561.1560 	EXP 	text_3: autoDraw = True
562.1393 	EXP 	text_3: autoDraw = False
562.1560 	EXP 	secondcircle: autoDraw = True
564.2393 	EXP 	secondcircle: autoDraw = False
565.2247 	DATA 	Keypress: left
565.2261 	EXP 	New trial (rep=0, index=2): OrderedDict([('firstTime', 2.7), ('secondTime', 1.8), ('corrAns', 'left'), ('plusStart', 3.2), ('secondStart', 4.2), ('respStart', 6.0), ('randNum', 0.06690605599999999)])
565.2393 	EXP 	firstcircle_3: autoDraw = False
565.2393 	EXP 	text_3: autoDraw = False
565.2393 	EXP 	secondcircle: autoDraw = False
565.2393 	EXP 	text_4: autoDraw = False
565.2393 	EXP 	text_4: autoDraw = True
565.7393 	EXP 	text_4: autoDraw = False
565.7559 	EXP 	firstcircle_3: autoDraw = True
568.4392 	EXP 	firstcircle_3: autoDraw = False
568.4559 	EXP 	text_3: autoDraw = True
569.4392 	EXP 	text_3: autoDraw = False
569.4559 	EXP 	secondcircle: autoDraw = True
571.2392 	EXP 	secondcircle: autoDraw = False
572.1746 	DATA 	Keypress: left
572.1759 	EXP 	New trial (rep=0, index=3): OrderedDict([('firstTime', 8.8), ('secondTime', 9.9), ('corrAns', 'right'), ('plusStart', 9.3), ('secondStart', 10.3), ('respStart', 20.2), ('randNum', 0.09555333099999999)])
572.1892 	EXP 	firstcircle_3: autoDraw = False
572.1892 	EXP 	text_3: autoDraw = False
572.1892 	EXP 	secondcircle: autoDraw = False
572.1892 	EXP 	text_4: autoDraw = False
572.1892 	EXP 	text_4: autoDraw = True
572.6892 	EXP 	text_4: autoDraw = False
572.7059 	EXP 	firstcircle_3: autoDraw = True
581.4891 	EXP 	firstcircle_3: autoDraw = False
581.5057 	EXP 	text_3: autoDraw = True
582.4890 	EXP 	text_3: autoDraw = False
582.5057 	EXP 	secondcircle: autoDraw = True
592.3890 	EXP 	secondcircle: autoDraw = False
593.6408 	DATA 	Keypress: right
593.6421 	EXP 	New trial (rep=0, index=4): OrderedDict([('firstTime', 1.8), ('secondTime', 2.7), ('corrAns', 'right'), ('plusStart', 2.3), ('secondStart', 3.3), ('respStart', 6.0), ('randNum', 0.559320406)])
593.6556 	EXP 	firstcircle_3: autoDraw = False
593.6556 	EXP 	text_3: autoDraw = False
593.6556 	EXP 	secondcircle: autoDraw = False
593.6556 	EXP 	text_4: autoDraw = False
593.6556 	EXP 	text_4: autoDraw = True
594.1556 	EXP 	text_4: autoDraw = False
594.1722 	EXP 	firstcircle_3: autoDraw = True
595.9555 	EXP 	firstcircle_3: autoDraw = False
595.9722 	EXP 	text_3: autoDraw = True
596.9555 	EXP 	text_3: autoDraw = False
596.9722 	EXP 	secondcircle: autoDraw = True
599.6555 	EXP 	secondcircle: autoDraw = False
600.4075 	DATA 	Keypress: right
600.4090 	EXP 	New trial (rep=0, index=5): OrderedDict([('firstTime', 3.5), ('secondTime', 2.1), ('corrAns', 'left'), ('plusStart', 4.0), ('secondStart', 5.0), ('respStart', 7.1), ('randNum', 0.885130943)])
600.4221 	EXP 	firstcircle_3: autoDraw = False
600.4221 	EXP 	text_3: autoDraw = False
600.4221 	EXP 	secondcircle: autoDraw = False
600.4221 	EXP 	text_4: autoDraw = False
600.4221 	EXP 	text_4: autoDraw = True
600.9221 	EXP 	text_4: autoDraw = False
600.9388 	EXP 	firstcircle_3: autoDraw = True
604.4221 	EXP 	firstcircle_3: autoDraw = False
604.4387 	EXP 	text_3: autoDraw = True
605.4221 	EXP 	text_3: autoDraw = False
605.4388 	EXP 	secondcircle: autoDraw = True
607.5220 	EXP 	secondcircle: autoDraw = False
608.5242 	DATA 	Keypress: left
608.5255 	EXP 	New trial (rep=0, index=6): OrderedDict([('firstTime', 2.1), ('secondTime', 2.8), ('corrAns', 'right'), ('plusStart', 2.6), ('secondStart', 3.6), ('respStart', 6.4), ('randNum', 0.7843272990000001)])
608.5387 	EXP 	firstcircle_3: autoDraw = False
608.5387 	EXP 	text_3: autoDraw = False
608.5387 	EXP 	secondcircle: autoDraw = False
608.5387 	EXP 	text_4: autoDraw = False
608.5387 	EXP 	text_4: autoDraw = True
609.0387 	EXP 	text_4: autoDraw = False
609.0554 	EXP 	firstcircle_3: autoDraw = True
609.1898 	DATA 	Mouse: wheel shift=(0,0), pos=(454,576)
609.6732 	DATA 	Mouse: wheel shift=(0,0), pos=(454,576)
609.6737 	DATA 	Mouse: wheel shift=(0,0), pos=(454,576)
611.1387 	EXP 	firstcircle_3: autoDraw = False
611.1553 	EXP 	text_3: autoDraw = True
612.1387 	EXP 	text_3: autoDraw = False
612.1553 	EXP 	secondcircle: autoDraw = True
614.9386 	EXP 	secondcircle: autoDraw = False
615.6237 	DATA 	Keypress: right
615.6251 	EXP 	New trial (rep=0, index=7): OrderedDict([('firstTime', 4.4), ('secondTime', 3.3), ('corrAns', 'left'), ('plusStart', 4.9), ('secondStart', 5.9), ('respStart', 9.2), ('randNum', 0.594355042)])
615.6386 	EXP 	firstcircle_3: autoDraw = False
615.6386 	EXP 	text_3: autoDraw = False
615.6386 	EXP 	secondcircle: autoDraw = False
615.6386 	EXP 	text_4: autoDraw = False
615.6386 	EXP 	text_4: autoDraw = True
616.1386 	EXP 	text_4: autoDraw = False
616.1553 	EXP 	firstcircle_3: autoDraw = True
620.5385 	EXP 	firstcircle_3: autoDraw = False
620.5552 	EXP 	text_3: autoDraw = True
621.5385 	EXP 	text_3: autoDraw = False
621.5552 	EXP 	secondcircle: autoDraw = True
624.8385 	EXP 	secondcircle: autoDraw = False
625.7237 	DATA 	Keypress: left
625.7251 	EXP 	New trial (rep=0, index=8): OrderedDict([('firstTime', 0.9), ('secondTime', 1.8), ('corrAns', 'right'), ('plusStart', 1.4), ('secondStart', 2.4), ('respStart', 4.2), ('randNum', 0.39760777399999997)])
625.7385 	EXP 	firstcircle_3: autoDraw = False
625.7385 	EXP 	text_3: autoDraw = False
625.7385 	EXP 	secondcircle: autoDraw = False
625.7385 	EXP 	text_4: autoDraw = False
625.7385 	EXP 	text_4: autoDraw = True
626.2385 	EXP 	text_4: autoDraw = False
626.2551 	EXP 	firstcircle_3: autoDraw = True
627.1385 	EXP 	firstcircle_3: autoDraw = False
627.1551 	EXP 	text_3: autoDraw = True
628.1384 	EXP 	text_3: autoDraw = False
628.1551 	EXP 	secondcircle: autoDraw = True
629.9384 	EXP 	secondcircle: autoDraw = False
631.1738 	DATA 	Keypress: left
631.1752 	EXP 	New trial (rep=0, index=9): OrderedDict([('firstTime', 3.6), ('secondTime', 3.2), ('corrAns', 'left'), ('plusStart', 4.1), ('secondStart', 5.1), ('respStart', 8.3), ('randNum', 0.454525661)])
631.1884 	EXP 	firstcircle_3: autoDraw = False
631.1884 	EXP 	text_3: autoDraw = False
631.1884 	EXP 	secondcircle: autoDraw = False
631.1884 	EXP 	text_4: autoDraw = False
631.1884 	EXP 	text_4: autoDraw = True
631.6884 	EXP 	text_4: autoDraw = False
631.7051 	EXP 	firstcircle_3: autoDraw = True
635.2883 	EXP 	firstcircle_3: autoDraw = False
635.3050 	EXP 	text_3: autoDraw = True
636.2883 	EXP 	text_3: autoDraw = False
636.3050 	EXP 	secondcircle: autoDraw = True
639.4883 	EXP 	secondcircle: autoDraw = False
640.9903 	DATA 	Keypress: left
640.9916 	EXP 	New trial (rep=0, index=10): OrderedDict([('firstTime', 9.9), ('secondTime', 8.8), ('corrAns', 'left'), ('plusStart', 10.4), ('secondStart', 11.4), ('respStart', 20.2), ('randNum', 0.335173919)])
641.0050 	EXP 	firstcircle_3: autoDraw = False
641.0050 	EXP 	text_3: autoDraw = False
641.0050 	EXP 	secondcircle: autoDraw = False
641.0050 	EXP 	text_4: autoDraw = False
641.0050 	EXP 	text_4: autoDraw = True
641.5049 	EXP 	text_4: autoDraw = False
641.5216 	EXP 	firstcircle_3: autoDraw = True
651.4048 	EXP 	firstcircle_3: autoDraw = False
651.4214 	EXP 	text_3: autoDraw = True
652.4048 	EXP 	text_3: autoDraw = False
652.4214 	EXP 	secondcircle: autoDraw = True
661.2047 	EXP 	secondcircle: autoDraw = False
662.3064 	DATA 	Keypress: left
662.3078 	EXP 	New trial (rep=0, index=11): OrderedDict([('firstTime', 1.8), ('secondTime', 1.2), ('corrAns', 'left'), ('plusStart', 2.3), ('secondStart', 3.3), ('respStart', 4.5), ('randNum', 0.050156068)])
662.3213 	EXP 	firstcircle_3: autoDraw = False
662.3213 	EXP 	text_3: autoDraw = False
662.3213 	EXP 	secondcircle: autoDraw = False
662.3213 	EXP 	text_4: autoDraw = False
662.3213 	EXP 	text_4: autoDraw = True
662.8213 	EXP 	text_4: autoDraw = False
662.8380 	EXP 	firstcircle_3: autoDraw = True
664.6213 	EXP 	firstcircle_3: autoDraw = False
664.6379 	EXP 	text_3: autoDraw = True
665.6213 	EXP 	text_3: autoDraw = False
665.6379 	EXP 	secondcircle: autoDraw = True
666.8212 	EXP 	secondcircle: autoDraw = False
667.9400 	DATA 	Keypress: left
667.9413 	EXP 	New trial (rep=0, index=12): OrderedDict([('firstTime', 2.1), ('secondTime', 3.5), ('corrAns', 'right'), ('plusStart', 2.6), ('secondStart', 3.6), ('respStart', 7.1), ('randNum', 0.553210354)])
667.9546 	EXP 	firstcircle_3: autoDraw = False
667.9546 	EXP 	text_3: autoDraw = False
667.9546 	EXP 	secondcircle: autoDraw = False
667.9546 	EXP 	text_4: autoDraw = False
667.9546 	EXP 	text_4: autoDraw = True
668.4546 	EXP 	text_4: autoDraw = False
668.4712 	EXP 	firstcircle_3: autoDraw = True
670.5545 	EXP 	firstcircle_3: autoDraw = False
670.5712 	EXP 	text_3: autoDraw = True
671.5545 	EXP 	text_3: autoDraw = False
671.5712 	EXP 	secondcircle: autoDraw = True
675.0545 	EXP 	secondcircle: autoDraw = False
675.9565 	DATA 	Keypress: right
675.9579 	EXP 	New trial (rep=0, index=13): OrderedDict([('firstTime', 3.2), ('secondTime', 3.6), ('corrAns', 'right'), ('plusStart', 3.7), ('secondStart', 4.7), ('respStart', 8.3), ('randNum', 0.062598668)])
675.9712 	EXP 	firstcircle_3: autoDraw = False
675.9712 	EXP 	text_3: autoDraw = False
675.9712 	EXP 	secondcircle: autoDraw = False
675.9712 	EXP 	text_4: autoDraw = False
675.9712 	EXP 	text_4: autoDraw = True
676.4711 	EXP 	text_4: autoDraw = False
676.4878 	EXP 	firstcircle_3: autoDraw = True
679.6711 	EXP 	firstcircle_3: autoDraw = False
679.6877 	EXP 	text_3: autoDraw = True
680.6711 	EXP 	text_3: autoDraw = False
680.6877 	EXP 	secondcircle: autoDraw = True
684.2710 	EXP 	secondcircle: autoDraw = False
686.5396 	DATA 	Keypress: right
686.5410 	EXP 	New trial (rep=0, index=14): OrderedDict([('firstTime', 1.5), ('secondTime', 2.5), ('corrAns', 'right'), ('plusStart', 2.0), ('secondStart', 3.0), ('respStart', 5.5), ('randNum', 0.851613693)])
686.5543 	EXP 	firstcircle_3: autoDraw = False
686.5543 	EXP 	text_3: autoDraw = False
686.5543 	EXP 	secondcircle: autoDraw = False
686.5543 	EXP 	text_4: autoDraw = False
686.5543 	EXP 	text_4: autoDraw = True
687.0543 	EXP 	text_4: autoDraw = False
687.0710 	EXP 	firstcircle_3: autoDraw = True
688.5543 	EXP 	firstcircle_3: autoDraw = False
688.5709 	EXP 	text_3: autoDraw = True
689.5543 	EXP 	text_3: autoDraw = False
689.5709 	EXP 	secondcircle: autoDraw = True
692.0542 	EXP 	secondcircle: autoDraw = False
692.6731 	DATA 	Keypress: right
692.6744 	EXP 	New trial (rep=0, index=15): OrderedDict([('firstTime', 1.2), ('secondTime', 1.8), ('corrAns', 'right'), ('plusStart', 1.7), ('secondStart', 2.7), ('respStart', 4.5), ('randNum', 0.9561071459999999)])
692.6875 	EXP 	firstcircle_3: autoDraw = False
692.6875 	EXP 	text_3: autoDraw = False
692.6875 	EXP 	secondcircle: autoDraw = False
692.6875 	EXP 	text_4: autoDraw = False
692.6875 	EXP 	text_4: autoDraw = True
693.1876 	EXP 	text_4: autoDraw = False
693.2042 	EXP 	firstcircle_3: autoDraw = True
694.3875 	EXP 	firstcircle_3: autoDraw = False
694.4043 	EXP 	text_3: autoDraw = True
695.3875 	EXP 	text_3: autoDraw = False
695.4042 	EXP 	secondcircle: autoDraw = True
697.1875 	EXP 	secondcircle: autoDraw = False
698.1396 	DATA 	Keypress: right
698.1409 	EXP 	New trial (rep=0, index=16): OrderedDict([('firstTime', 3.3), ('secondTime', 4.4), ('corrAns', 'right'), ('plusStart', 3.8), ('secondStart', 4.8), ('respStart', 9.2), ('randNum', 0.25372748300000003)])
698.1541 	EXP 	firstcircle_3: autoDraw = False
698.1541 	EXP 	text_3: autoDraw = False
698.1541 	EXP 	secondcircle: autoDraw = False
698.1541 	EXP 	text_4: autoDraw = False
698.1541 	EXP 	text_4: autoDraw = True
698.6541 	EXP 	text_4: autoDraw = False
698.6708 	EXP 	firstcircle_3: autoDraw = True
701.9541 	EXP 	firstcircle_3: autoDraw = False
701.9708 	EXP 	text_3: autoDraw = True
702.9541 	EXP 	text_3: autoDraw = False
702.9708 	EXP 	secondcircle: autoDraw = True
707.3540 	EXP 	secondcircle: autoDraw = False
708.0058 	DATA 	Keypress: right
708.0072 	EXP 	New trial (rep=0, index=17): OrderedDict([('firstTime', 1.8), ('secondTime', 0.9), ('corrAns', 'left'), ('plusStart', 2.3), ('secondStart', 3.3), ('respStart', 4.2), ('randNum', 0.328250033)])
708.0207 	EXP 	firstcircle_3: autoDraw = False
708.0207 	EXP 	text_3: autoDraw = False
708.0207 	EXP 	secondcircle: autoDraw = False
708.0207 	EXP 	text_4: autoDraw = False
708.0207 	EXP 	text_4: autoDraw = True
708.5207 	EXP 	text_4: autoDraw = False
708.5373 	EXP 	firstcircle_3: autoDraw = True
710.3207 	EXP 	firstcircle_3: autoDraw = False
710.3373 	EXP 	text_3: autoDraw = True
711.3206 	EXP 	text_3: autoDraw = False
711.3373 	EXP 	secondcircle: autoDraw = True
712.2206 	EXP 	secondcircle: autoDraw = False
713.0560 	DATA 	Keypress: left
713.0574 	EXP 	New trial (rep=0, index=18): OrderedDict([('firstTime', 1.4), ('secondTime', 0.7), ('corrAns', 'left'), ('plusStart', 1.9), ('secondStart', 2.9), ('respStart', 3.6), ('randNum', 0.26139814899999997)])
713.0707 	EXP 	firstcircle_3: autoDraw = False
713.0707 	EXP 	text_3: autoDraw = False
713.0707 	EXP 	secondcircle: autoDraw = False
713.0707 	EXP 	text_4: autoDraw = False
713.0707 	EXP 	text_4: autoDraw = True
713.5706 	EXP 	text_4: autoDraw = False
713.5873 	EXP 	firstcircle_3: autoDraw = True
714.9706 	EXP 	firstcircle_3: autoDraw = False
714.9873 	EXP 	text_3: autoDraw = True
715.9706 	EXP 	text_3: autoDraw = False
715.9872 	EXP 	secondcircle: autoDraw = True
716.6706 	EXP 	secondcircle: autoDraw = False
718.0226 	DATA 	Keypress: left
718.0240 	EXP 	New trial (rep=0, index=19): OrderedDict([('firstTime', 0.7), ('secondTime', 1.4), ('corrAns', 'right'), ('plusStart', 1.2), ('secondStart', 2.2), ('respStart', 3.6), ('randNum', 0.515481866)])
718.0373 	EXP 	firstcircle_3: autoDraw = False
718.0373 	EXP 	text_3: autoDraw = False
718.0373 	EXP 	secondcircle: autoDraw = False
718.0373 	EXP 	text_4: autoDraw = False
718.0373 	EXP 	text_4: autoDraw = True
718.5372 	EXP 	text_4: autoDraw = False
718.5539 	EXP 	firstcircle_3: autoDraw = True
719.2372 	EXP 	firstcircle_3: autoDraw = False
719.2539 	EXP 	text_3: autoDraw = True
720.2372 	EXP 	text_3: autoDraw = False
720.2539 	EXP 	secondcircle: autoDraw = True
721.6372 	EXP 	secondcircle: autoDraw = False
722.2393 	DATA 	Keypress: right
722.2538 	EXP 	firstcircle_3: autoDraw = False
722.2538 	EXP 	text_3: autoDraw = False
722.2538 	EXP 	secondcircle: autoDraw = False
722.2538 	EXP 	text_4: autoDraw = False
722.2538 	EXP 	text_2: autoDraw = True
725.5225 	EXP 	window1: mouseVisible = True
