1.0569 	WARNING 	sounddevice audio lib was requested but not loaded: sounddevice not working
5.4768 	WARNING 	User requested fullscreen with size [1024  768], but screen is actually [1440, 900]. Using actual size
6.1490 	EXP 	Created window1 = Window(allowGUI=False, allowStencil=False, args=UNKNOWN, autoLog=True, bitsMode=UNKNOWN, blendMode='avg', color=array([0., 0., 0.]), colorSpace='rgb', fullscr=<method-wrapper '__getattribute__' of attributeSetter object at 0x10efb0dd8>, gamma=None, kwargs=UNKNOWN, lms=UNKNOWN, monitor=<psychopy.monitors.calibTools.Monitor object at 0x114557400>, multiSample=False, name='window1', numSamples=2, pos=[0.0, 0.0], screen=0, size=array([2880, 1800]), stereo=False, units='norm', useFBO=True, useRetina=True, viewOri=0.0, viewPos=None, viewScale=None, waitBlanking=True, winType='pyglet')
6.1491 	EXP 	window1: recordFrameIntervals = False
6.3147 	EXP 	window1: recordFrameIntervals = True
6.4983 	EXP 	window1: recordFrameIntervals = False
6.6168 	EXP 	Created insRound1 = TextStim(__class__=<class 'psychopy.visual.text.TextStim'>, alignHoriz='center', alignVert='center', antialias=True, autoLog=True, bold=False, color='white', colorSpace='named', contrast=1.0, depth=0.0, flipHoriz=False, flipVert=False, font='Arial', fontFiles=[], height=0.07, italic=False, languageStyle='LTR', name='insRound1', opacity=1.0, ori=0, pos=array([0., 0.]), rgb=array([255., 255., 255.]), text=str(...), units='norm', win=Window(...), wrapWidth=1)
6.6269 	EXP 	Created text = TextStim(__class__=<class 'psychopy.visual.text.TextStim'>, alignHoriz='center', alignVert='center', antialias=True, autoLog=True, bold=False, color='white', colorSpace='named', contrast=1.0, depth=0.0, flipHoriz=False, flipVert=False, font='Arial', fontFiles=[], height=0.1, italic=False, languageStyle='LTR', name='text', opacity=1.0, ori=0, pos=array([0., 0.]), rgb=array([255., 255., 255.]), text='Block 1 starts\n\nPress space', units='norm', win=Window(...), wrapWidth=1)
6.6341 	EXP 	Created firstcircle_3 = Polygon(__class__=<class 'psychopy.visual.polygon.Polygon'>, autoDraw=False, autoLog=True, closeShape=True, color=method-wrapper(...), colorSpace=None, contrast=1.0, depth=0.0, fillColor=array([1., 1., 1.]), fillColorSpace='rgb', fillRGB=array([1., 1., 1.]), interpolate=True, lineColor=array([1., 1., 1.]), lineColorSpace='rgb', lineRGB=array([1., 1., 1.]), lineWidth=1, name='firstcircle_3', opacity=1.0, ori=array(0.), pos=array([0., 0.]), size=array([0.3, 0.5]), units='norm', vertices=ndarray(...), win=Window(...))
6.6373 	EXP 	Created text_3 = TextStim(__class__=<class 'psychopy.visual.text.TextStim'>, alignHoriz='center', alignVert='center', antialias=True, autoLog=True, bold=False, color='white', colorSpace='named', contrast=1.0, depth=-2.0, flipHoriz=False, flipVert=False, font='Arial', fontFiles=[], height=0.1, italic=False, languageStyle='LTR', name='text_3', opacity=1.0, ori=0, pos=array([0., 0.]), rgb=array([255., 255., 255.]), text='+', units='norm', win=Window(...), wrapWidth=1)
6.6399 	EXP 	Created secondcircle = Polygon(__class__=<class 'psychopy.visual.polygon.Polygon'>, autoDraw=False, autoLog=True, closeShape=True, color=method-wrapper(...), colorSpace=None, contrast=1.0, depth=-3.0, fillColor=array([-1., -1., -1.]), fillColorSpace='rgb', fillRGB=array([-1., -1., -1.]), interpolate=True, lineColor=array([-1., -1., -1.]), lineColorSpace='rgb', lineRGB=array([-1., -1., -1.]), lineWidth=1, name='secondcircle', opacity=1.0, ori=array(0.), pos=array([0., 0.]), size=array([0.3, 0.5]), units='norm', vertices=ndarray(...), win=Window(...))
6.6431 	EXP 	Created text_4 = TextStim(__class__=<class 'psychopy.visual.text.TextStim'>, alignHoriz='center', alignVert='center', antialias=True, autoLog=True, bold=False, color='white', colorSpace='named', contrast=1.0, depth=-4.0, flipHoriz=False, flipVert=False, font='Arial', fontFiles=[], height=0.1, italic=False, languageStyle='LTR', name='text_4', opacity=1.0, ori=0, pos=array([0., 0.]), rgb=array([255., 255., 255.]), text='next', units='norm', win=Window(...), wrapWidth=1)
6.6519 	EXP 	Created text_5 = TextStim(__class__=<class 'psychopy.visual.text.TextStim'>, alignHoriz='center', alignVert='center', antialias=True, autoLog=True, bold=False, color='white', colorSpace='named', contrast=1.0, depth=0.0, flipHoriz=False, flipVert=False, font='Arial', fontFiles=[], height=0.1, italic=False, languageStyle='LTR', name='text_5', opacity=1.0, ori=0, pos=array([0., 0.]), rgb=array([255., 255., 255.]), text='Block 2 starts\n\nPress space', units='norm', win=Window(...), wrapWidth=1)
6.6552 	EXP 	Created firstcircle_3 = Polygon(__class__=<class 'psychopy.visual.polygon.Polygon'>, autoDraw=False, autoLog=True, closeShape=True, color=method-wrapper(...), colorSpace=None, contrast=1.0, depth=0.0, fillColor=array([1., 1., 1.]), fillColorSpace='rgb', fillRGB=array([1., 1., 1.]), interpolate=True, lineColor=array([1., 1., 1.]), lineColorSpace='rgb', lineRGB=array([1., 1., 1.]), lineWidth=1, name='firstcircle_3', opacity=1.0, ori=array(0.), pos=array([0., 0.]), size=array([0.3, 0.5]), units='norm', vertices=ndarray(...), win=Window(...))
6.6575 	EXP 	Created text_3 = TextStim(__class__=<class 'psychopy.visual.text.TextStim'>, alignHoriz='center', alignVert='center', antialias=True, autoLog=True, bold=False, color='white', colorSpace='named', contrast=1.0, depth=-2.0, flipHoriz=False, flipVert=False, font='Arial', fontFiles=[], height=0.1, italic=False, languageStyle='LTR', name='text_3', opacity=1.0, ori=0, pos=array([0., 0.]), rgb=array([255., 255., 255.]), text='+', units='norm', win=Window(...), wrapWidth=1)
6.6604 	EXP 	Created secondcircle = Polygon(__class__=<class 'psychopy.visual.polygon.Polygon'>, autoDraw=False, autoLog=True, closeShape=True, color=method-wrapper(...), colorSpace=None, contrast=1.0, depth=-3.0, fillColor=array([-1., -1., -1.]), fillColorSpace='rgb', fillRGB=array([-1., -1., -1.]), interpolate=True, lineColor=array([-1., -1., -1.]), lineColorSpace='rgb', lineRGB=array([-1., -1., -1.]), lineWidth=1, name='secondcircle', opacity=1.0, ori=array(0.), pos=array([0., 0.]), size=array([0.3, 0.5]), units='norm', vertices=ndarray(...), win=Window(...))
6.6627 	EXP 	Created text_4 = TextStim(__class__=<class 'psychopy.visual.text.TextStim'>, alignHoriz='center', alignVert='center', antialias=True, autoLog=True, bold=False, color='white', colorSpace='named', contrast=1.0, depth=-4.0, flipHoriz=False, flipVert=False, font='Arial', fontFiles=[], height=0.1, italic=False, languageStyle='LTR', name='text_4', opacity=1.0, ori=0, pos=array([0., 0.]), rgb=array([255., 255., 255.]), text='next', units='norm', win=Window(...), wrapWidth=1)
6.6685 	EXP 	Created text_6 = TextStim(__class__=<class 'psychopy.visual.text.TextStim'>, alignHoriz='center', alignVert='center', antialias=True, autoLog=True, bold=False, color='white', colorSpace='named', contrast=1.0, depth=0.0, flipHoriz=False, flipVert=False, font='Arial', fontFiles=[], height=0.1, italic=False, languageStyle='LTR', name='text_6', opacity=1.0, ori=0, pos=array([0., 0.]), rgb=array([255., 255., 255.]), text='Block 3 starts\n\nPress space', units='norm', win=Window(...), wrapWidth=1)
6.6711 	EXP 	Created firstcircle_3 = Polygon(__class__=<class 'psychopy.visual.polygon.Polygon'>, autoDraw=False, autoLog=True, closeShape=True, color=method-wrapper(...), colorSpace=None, contrast=1.0, depth=0.0, fillColor=array([1., 1., 1.]), fillColorSpace='rgb', fillRGB=array([1., 1., 1.]), interpolate=True, lineColor=array([1., 1., 1.]), lineColorSpace='rgb', lineRGB=array([1., 1., 1.]), lineWidth=1, name='firstcircle_3', opacity=1.0, ori=array(0.), pos=array([0., 0.]), size=array([0.3, 0.5]), units='norm', vertices=ndarray(...), win=Window(...))
6.6730 	EXP 	Created text_3 = TextStim(__class__=<class 'psychopy.visual.text.TextStim'>, alignHoriz='center', alignVert='center', antialias=True, autoLog=True, bold=False, color='white', colorSpace='named', contrast=1.0, depth=-2.0, flipHoriz=False, flipVert=False, font='Arial', fontFiles=[], height=0.1, italic=False, languageStyle='LTR', name='text_3', opacity=1.0, ori=0, pos=array([0., 0.]), rgb=array([255., 255., 255.]), text='+', units='norm', win=Window(...), wrapWidth=1)
6.6756 	EXP 	Created secondcircle = Polygon(__class__=<class 'psychopy.visual.polygon.Polygon'>, autoDraw=False, autoLog=True, closeShape=True, color=method-wrapper(...), colorSpace=None, contrast=1.0, depth=-3.0, fillColor=array([-1., -1., -1.]), fillColorSpace='rgb', fillRGB=array([-1., -1., -1.]), interpolate=True, lineColor=array([-1., -1., -1.]), lineColorSpace='rgb', lineRGB=array([-1., -1., -1.]), lineWidth=1, name='secondcircle', opacity=1.0, ori=array(0.), pos=array([0., 0.]), size=array([0.3, 0.5]), units='norm', vertices=ndarray(...), win=Window(...))
6.6778 	EXP 	Created text_4 = TextStim(__class__=<class 'psychopy.visual.text.TextStim'>, alignHoriz='center', alignVert='center', antialias=True, autoLog=True, bold=False, color='white', colorSpace='named', contrast=1.0, depth=-4.0, flipHoriz=False, flipVert=False, font='Arial', fontFiles=[], height=0.1, italic=False, languageStyle='LTR', name='text_4', opacity=1.0, ori=0, pos=array([0., 0.]), rgb=array([255., 255., 255.]), text='next', units='norm', win=Window(...), wrapWidth=1)
6.6835 	EXP 	Created text_7 = TextStim(__class__=<class 'psychopy.visual.text.TextStim'>, alignHoriz='center', alignVert='center', antialias=True, autoLog=True, bold=False, color='white', colorSpace='named', contrast=1.0, depth=0.0, flipHoriz=False, flipVert=False, font='Arial', fontFiles=[], height=0.1, italic=False, languageStyle='LTR', name='text_7', opacity=1.0, ori=0, pos=array([0., 0.]), rgb=array([255., 255., 255.]), text='Block 4 starts\n\nPress space', units='norm', win=Window(...), wrapWidth=1)
6.6861 	EXP 	Created firstcircle_3 = Polygon(__class__=<class 'psychopy.visual.polygon.Polygon'>, autoDraw=False, autoLog=True, closeShape=True, color=method-wrapper(...), colorSpace=None, contrast=1.0, depth=0.0, fillColor=array([1., 1., 1.]), fillColorSpace='rgb', fillRGB=array([1., 1., 1.]), interpolate=True, lineColor=array([1., 1., 1.]), lineColorSpace='rgb', lineRGB=array([1., 1., 1.]), lineWidth=1, name='firstcircle_3', opacity=1.0, ori=array(0.), pos=array([0., 0.]), size=array([0.3, 0.5]), units='norm', vertices=ndarray(...), win=Window(...))
6.6881 	EXP 	Created text_3 = TextStim(__class__=<class 'psychopy.visual.text.TextStim'>, alignHoriz='center', alignVert='center', antialias=True, autoLog=True, bold=False, color='white', colorSpace='named', contrast=1.0, depth=-2.0, flipHoriz=False, flipVert=False, font='Arial', fontFiles=[], height=0.1, italic=False, languageStyle='LTR', name='text_3', opacity=1.0, ori=0, pos=array([0., 0.]), rgb=array([255., 255., 255.]), text='+', units='norm', win=Window(...), wrapWidth=1)
6.6906 	EXP 	Created secondcircle = Polygon(__class__=<class 'psychopy.visual.polygon.Polygon'>, autoDraw=False, autoLog=True, closeShape=True, color=method-wrapper(...), colorSpace=None, contrast=1.0, depth=-3.0, fillColor=array([-1., -1., -1.]), fillColorSpace='rgb', fillRGB=array([-1., -1., -1.]), interpolate=True, lineColor=array([-1., -1., -1.]), lineColorSpace='rgb', lineRGB=array([-1., -1., -1.]), lineWidth=1, name='secondcircle', opacity=1.0, ori=array(0.), pos=array([0., 0.]), size=array([0.3, 0.5]), units='norm', vertices=ndarray(...), win=Window(...))
6.6927 	EXP 	Created text_4 = TextStim(__class__=<class 'psychopy.visual.text.TextStim'>, alignHoriz='center', alignVert='center', antialias=True, autoLog=True, bold=False, color='white', colorSpace='named', contrast=1.0, depth=-4.0, flipHoriz=False, flipVert=False, font='Arial', fontFiles=[], height=0.1, italic=False, languageStyle='LTR', name='text_4', opacity=1.0, ori=0, pos=array([0., 0.]), rgb=array([255., 255., 255.]), text='next', units='norm', win=Window(...), wrapWidth=1)
6.6967 	EXP 	Created text_2 = TextStim(__class__=<class 'psychopy.visual.text.TextStim'>, alignHoriz='center', alignVert='center', antialias=True, autoLog=True, bold=False, color='white', colorSpace='named', contrast=1.0, depth=0.0, flipHoriz=False, flipVert=False, font='Arial', fontFiles=[], height=0.1, italic=False, languageStyle='LTR', name='text_2', opacity=1.0, ori=0, pos=array([0., 0.]), rgb=array([255., 255., 255.]), text='The end', units='norm', win=Window(...), wrapWidth=1)
6.7146 	EXP 	insRound1: autoDraw = True
34.7352 	DATA 	Keypress: space
34.7475 	EXP 	insRound1: autoDraw = False
34.7475 	EXP 	text: autoDraw = True
37.1330 	DATA 	Keypress: space
37.1412 	EXP 	Imported conditionsTime.csv as conditions, 20 conditions, 7 params
37.1415 	EXP 	Created sequence: sequential, trialTypes=20, nReps=1, seed=None
37.1419 	EXP 	New trial (rep=0, index=0): OrderedDict([('firstTime', 1.8), ('secondTime', 1.2), ('corrAns', 'left'), ('plusStart', 2.3), ('secondStart', 3.3), ('respStart', 4.5), ('randNum', 0.17368025899999998)])
37.1476 	EXP 	text: autoDraw = False
37.1476 	EXP 	text_4: autoDraw = True
37.6475 	EXP 	text_4: autoDraw = False
37.6642 	EXP 	firstcircle_3: autoDraw = True
39.4475 	EXP 	firstcircle_3: autoDraw = False
39.4641 	EXP 	text_3: autoDraw = True
40.4475 	EXP 	text_3: autoDraw = False
40.4641 	EXP 	secondcircle: autoDraw = True
41.6475 	EXP 	secondcircle: autoDraw = False
43.3501 	DATA 	Keypress: left
43.3517 	EXP 	New trial (rep=0, index=1): OrderedDict([('firstTime', 3.6), ('secondTime', 3.2), ('corrAns', 'left'), ('plusStart', 4.1), ('secondStart', 5.1), ('respStart', 8.3), ('randNum', 0.41458448299999995)])
43.3641 	EXP 	firstcircle_3: autoDraw = False
43.3641 	EXP 	text_3: autoDraw = False
43.3641 	EXP 	secondcircle: autoDraw = False
43.3641 	EXP 	text_4: autoDraw = False
43.3641 	EXP 	text_4: autoDraw = True
43.8641 	EXP 	text_4: autoDraw = False
43.8807 	EXP 	firstcircle_3: autoDraw = True
47.4640 	EXP 	firstcircle_3: autoDraw = False
47.4807 	EXP 	text_3: autoDraw = True
48.4640 	EXP 	text_3: autoDraw = False
48.4807 	EXP 	secondcircle: autoDraw = True
51.6640 	EXP 	secondcircle: autoDraw = False
52.1161 	DATA 	Keypress: right
52.1175 	EXP 	New trial (rep=0, index=2): OrderedDict([('firstTime', 2.5), ('secondTime', 1.5), ('corrAns', 'left'), ('plusStart', 3.0), ('secondStart', 4.0), ('respStart', 5.5), ('randNum', 0.148607464)])
52.1307 	EXP 	firstcircle_3: autoDraw = False
52.1307 	EXP 	text_3: autoDraw = False
52.1307 	EXP 	secondcircle: autoDraw = False
52.1307 	EXP 	text_4: autoDraw = False
52.1307 	EXP 	text_4: autoDraw = True
52.6306 	EXP 	text_4: autoDraw = False
52.6473 	EXP 	firstcircle_3: autoDraw = True
55.1306 	EXP 	firstcircle_3: autoDraw = False
55.1473 	EXP 	text_3: autoDraw = True
56.1306 	EXP 	text_3: autoDraw = False
56.1472 	EXP 	secondcircle: autoDraw = True
57.6306 	EXP 	secondcircle: autoDraw = False
58.8492 	DATA 	Keypress: left
58.8506 	EXP 	New trial (rep=0, index=3): OrderedDict([('firstTime', 1.8), ('secondTime', 2.7), ('corrAns', 'right'), ('plusStart', 2.3), ('secondStart', 3.3), ('respStart', 6.0), ('randNum', 0.13554984)])
58.8639 	EXP 	firstcircle_3: autoDraw = False
58.8639 	EXP 	text_3: autoDraw = False
58.8639 	EXP 	secondcircle: autoDraw = False
58.8639 	EXP 	text_4: autoDraw = False
58.8639 	EXP 	text_4: autoDraw = True
59.3639 	EXP 	text_4: autoDraw = False
59.3806 	EXP 	firstcircle_3: autoDraw = True
61.1638 	EXP 	firstcircle_3: autoDraw = False
61.1805 	EXP 	text_3: autoDraw = True
62.1638 	EXP 	text_3: autoDraw = False
62.1805 	EXP 	secondcircle: autoDraw = True
63.8159 	DATA 	Keypress: right
64.5991 	DATA 	Keypress: right
64.8638 	EXP 	secondcircle: autoDraw = False
66.8500 	DATA 	Keypress: right
66.8655 	EXP 	New trial (rep=0, index=4): OrderedDict([('firstTime', 1.2), ('secondTime', 1.8), ('corrAns', 'right'), ('plusStart', 1.7), ('secondStart', 2.7), ('respStart', 4.5), ('randNum', 0.309174352)])
66.8804 	EXP 	firstcircle_3: autoDraw = False
66.8804 	EXP 	text_3: autoDraw = False
66.8804 	EXP 	secondcircle: autoDraw = False
66.8804 	EXP 	text_4: autoDraw = False
66.8804 	EXP 	text_4: autoDraw = True
67.3804 	EXP 	text_4: autoDraw = False
67.3971 	EXP 	firstcircle_3: autoDraw = True
68.5804 	EXP 	firstcircle_3: autoDraw = False
68.5971 	EXP 	text_3: autoDraw = True
69.5804 	EXP 	text_3: autoDraw = False
69.5971 	EXP 	secondcircle: autoDraw = True
71.3804 	EXP 	secondcircle: autoDraw = False
71.7825 	DATA 	Keypress: right
71.7838 	EXP 	New trial (rep=0, index=5): OrderedDict([('firstTime', 8.8), ('secondTime', 9.9), ('corrAns', 'right'), ('plusStart', 9.3), ('secondStart', 10.3), ('respStart', 20.2), ('randNum', 0.7009299529999999)])
71.7970 	EXP 	firstcircle_3: autoDraw = False
71.7970 	EXP 	text_3: autoDraw = False
71.7970 	EXP 	secondcircle: autoDraw = False
71.7970 	EXP 	text_4: autoDraw = False
71.7970 	EXP 	text_4: autoDraw = True
72.2970 	EXP 	text_4: autoDraw = False
72.3137 	EXP 	firstcircle_3: autoDraw = True
81.0969 	EXP 	firstcircle_3: autoDraw = False
81.1136 	EXP 	text_3: autoDraw = True
82.0969 	EXP 	text_3: autoDraw = False
82.1136 	EXP 	secondcircle: autoDraw = True
91.9968 	EXP 	secondcircle: autoDraw = False
92.2488 	DATA 	Keypress: right
92.2501 	EXP 	New trial (rep=0, index=6): OrderedDict([('firstTime', 3.3), ('secondTime', 4.4), ('corrAns', 'right'), ('plusStart', 3.8), ('secondStart', 4.8), ('respStart', 9.2), ('randNum', 0.705723743)])
92.2634 	EXP 	firstcircle_3: autoDraw = False
92.2634 	EXP 	text_3: autoDraw = False
92.2634 	EXP 	secondcircle: autoDraw = False
92.2634 	EXP 	text_4: autoDraw = False
92.2634 	EXP 	text_4: autoDraw = True
92.7634 	EXP 	text_4: autoDraw = False
92.7801 	EXP 	firstcircle_3: autoDraw = True
96.0634 	EXP 	firstcircle_3: autoDraw = False
96.0800 	EXP 	text_3: autoDraw = True
97.0634 	EXP 	text_3: autoDraw = False
97.0800 	EXP 	secondcircle: autoDraw = True
101.4633 	EXP 	secondcircle: autoDraw = False
101.7654 	DATA 	Keypress: right
101.7667 	EXP 	New trial (rep=0, index=7): OrderedDict([('firstTime', 3.5), ('secondTime', 2.1), ('corrAns', 'left'), ('plusStart', 4.0), ('secondStart', 5.0), ('respStart', 7.1), ('randNum', 0.544523215)])
101.7800 	EXP 	firstcircle_3: autoDraw = False
101.7800 	EXP 	text_3: autoDraw = False
101.7800 	EXP 	secondcircle: autoDraw = False
101.7800 	EXP 	text_4: autoDraw = False
101.7800 	EXP 	text_4: autoDraw = True
102.2800 	EXP 	text_4: autoDraw = False
102.2966 	EXP 	firstcircle_3: autoDraw = True
105.7799 	EXP 	firstcircle_3: autoDraw = False
105.7966 	EXP 	text_3: autoDraw = True
106.7799 	EXP 	text_3: autoDraw = False
106.7966 	EXP 	secondcircle: autoDraw = True
108.8799 	EXP 	secondcircle: autoDraw = False
109.2164 	DATA 	Keypress: left
109.2316 	EXP 	New trial (rep=0, index=8): OrderedDict([('firstTime', 1.4), ('secondTime', 0.7), ('corrAns', 'left'), ('plusStart', 1.9), ('secondStart', 2.9), ('respStart', 3.6), ('randNum', 0.53553232)])
109.2465 	EXP 	firstcircle_3: autoDraw = False
109.2465 	EXP 	text_3: autoDraw = False
109.2465 	EXP 	secondcircle: autoDraw = False
109.2465 	EXP 	text_4: autoDraw = False
109.2465 	EXP 	text_4: autoDraw = True
109.7465 	EXP 	text_4: autoDraw = False
109.7632 	EXP 	firstcircle_3: autoDraw = True
111.1465 	EXP 	firstcircle_3: autoDraw = False
111.1632 	EXP 	text_3: autoDraw = True
112.1465 	EXP 	text_3: autoDraw = False
112.1632 	EXP 	secondcircle: autoDraw = True
112.8465 	EXP 	secondcircle: autoDraw = False
113.5818 	DATA 	Keypress: left
113.5831 	EXP 	New trial (rep=0, index=9): OrderedDict([('firstTime', 4.4), ('secondTime', 3.3), ('corrAns', 'left'), ('plusStart', 4.9), ('secondStart', 5.9), ('respStart', 9.2), ('randNum', 0.255641654)])
113.5965 	EXP 	firstcircle_3: autoDraw = False
113.5965 	EXP 	text_3: autoDraw = False
113.5965 	EXP 	secondcircle: autoDraw = False
113.5965 	EXP 	text_4: autoDraw = False
113.5965 	EXP 	text_4: autoDraw = True
114.0965 	EXP 	text_4: autoDraw = False
114.1131 	EXP 	firstcircle_3: autoDraw = True
118.4964 	EXP 	firstcircle_3: autoDraw = False
118.5131 	EXP 	text_3: autoDraw = True
119.4964 	EXP 	text_3: autoDraw = False
119.5131 	EXP 	secondcircle: autoDraw = True
122.7964 	EXP 	secondcircle: autoDraw = False
123.8982 	DATA 	Keypress: right
123.8995 	EXP 	New trial (rep=0, index=10): OrderedDict([('firstTime', 3.2), ('secondTime', 3.6), ('corrAns', 'right'), ('plusStart', 3.7), ('secondStart', 4.7), ('respStart', 8.3), ('randNum', 0.140100939)])
123.9130 	EXP 	firstcircle_3: autoDraw = False
123.9130 	EXP 	text_3: autoDraw = False
123.9130 	EXP 	secondcircle: autoDraw = False
123.9130 	EXP 	text_4: autoDraw = False
123.9130 	EXP 	text_4: autoDraw = True
124.4130 	EXP 	text_4: autoDraw = False
124.4297 	EXP 	firstcircle_3: autoDraw = True
127.6130 	EXP 	firstcircle_3: autoDraw = False
127.6296 	EXP 	text_3: autoDraw = True
128.6129 	EXP 	text_3: autoDraw = False
128.6296 	EXP 	secondcircle: autoDraw = True
132.2129 	EXP 	secondcircle: autoDraw = False
132.4815 	DATA 	Keypress: right
132.4829 	EXP 	New trial (rep=0, index=11): OrderedDict([('firstTime', 2.8), ('secondTime', 2.1), ('corrAns', 'left'), ('plusStart', 3.3), ('secondStart', 4.3), ('respStart', 6.4), ('randNum', 0.019093293)])
132.4962 	EXP 	firstcircle_3: autoDraw = False
132.4962 	EXP 	text_3: autoDraw = False
132.4962 	EXP 	secondcircle: autoDraw = False
132.4962 	EXP 	text_4: autoDraw = False
132.4962 	EXP 	text_4: autoDraw = True
132.9962 	EXP 	text_4: autoDraw = False
133.0129 	EXP 	firstcircle_3: autoDraw = True
135.7962 	EXP 	firstcircle_3: autoDraw = False
135.8128 	EXP 	text_3: autoDraw = True
136.7962 	EXP 	text_3: autoDraw = False
136.8128 	EXP 	secondcircle: autoDraw = True
138.8961 	EXP 	secondcircle: autoDraw = False
139.8657 	DATA 	Keypress: left
139.8811 	EXP 	New trial (rep=0, index=12): OrderedDict([('firstTime', 0.9), ('secondTime', 1.8), ('corrAns', 'right'), ('plusStart', 1.4), ('secondStart', 2.4), ('respStart', 4.2), ('randNum', 0.461070472)])
139.8961 	EXP 	firstcircle_3: autoDraw = False
139.8961 	EXP 	text_3: autoDraw = False
139.8961 	EXP 	secondcircle: autoDraw = False
139.8961 	EXP 	text_4: autoDraw = False
139.8961 	EXP 	text_4: autoDraw = True
140.3961 	EXP 	text_4: autoDraw = False
140.4128 	EXP 	firstcircle_3: autoDraw = True
141.2961 	EXP 	firstcircle_3: autoDraw = False
141.3128 	EXP 	text_3: autoDraw = True
142.2961 	EXP 	text_3: autoDraw = False
142.3127 	EXP 	secondcircle: autoDraw = True
144.0961 	EXP 	secondcircle: autoDraw = False
144.3146 	DATA 	Keypress: right
144.3160 	EXP 	New trial (rep=0, index=13): OrderedDict([('firstTime', 2.1), ('secondTime', 2.8), ('corrAns', 'right'), ('plusStart', 2.6), ('secondStart', 3.6), ('respStart', 6.4), ('randNum', 0.22761601199999998)])
144.3294 	EXP 	firstcircle_3: autoDraw = False
144.3294 	EXP 	text_3: autoDraw = False
144.3294 	EXP 	secondcircle: autoDraw = False
144.3294 	EXP 	text_4: autoDraw = False
144.3294 	EXP 	text_4: autoDraw = True
144.8294 	EXP 	text_4: autoDraw = False
144.8461 	EXP 	firstcircle_3: autoDraw = True
146.9294 	EXP 	firstcircle_3: autoDraw = False
146.9460 	EXP 	text_3: autoDraw = True
147.9293 	EXP 	text_3: autoDraw = False
147.9460 	EXP 	secondcircle: autoDraw = True
150.7293 	EXP 	secondcircle: autoDraw = False
150.9814 	DATA 	Keypress: right
150.9827 	EXP 	New trial (rep=0, index=14): OrderedDict([('firstTime', 0.7), ('secondTime', 1.4), ('corrAns', 'right'), ('plusStart', 1.2), ('secondStart', 2.2), ('respStart', 3.6), ('randNum', 0.436550891)])
150.9960 	EXP 	firstcircle_3: autoDraw = False
150.9960 	EXP 	text_3: autoDraw = False
150.9960 	EXP 	secondcircle: autoDraw = False
150.9960 	EXP 	text_4: autoDraw = False
150.9960 	EXP 	text_4: autoDraw = True
151.4960 	EXP 	text_4: autoDraw = False
151.5126 	EXP 	firstcircle_3: autoDraw = True
152.1959 	EXP 	firstcircle_3: autoDraw = False
152.2126 	EXP 	text_3: autoDraw = True
153.1959 	EXP 	text_3: autoDraw = False
153.2126 	EXP 	secondcircle: autoDraw = True
154.5959 	EXP 	secondcircle: autoDraw = False
155.2646 	DATA 	Keypress: left
155.2660 	EXP 	New trial (rep=0, index=15): OrderedDict([('firstTime', 1.8), ('secondTime', 0.9), ('corrAns', 'left'), ('plusStart', 2.3), ('secondStart', 3.3), ('respStart', 4.2), ('randNum', 0.028891147000000002)])
155.2792 	EXP 	firstcircle_3: autoDraw = False
155.2792 	EXP 	text_3: autoDraw = False
155.2792 	EXP 	secondcircle: autoDraw = False
155.2792 	EXP 	text_4: autoDraw = False
155.2792 	EXP 	text_4: autoDraw = True
155.7792 	EXP 	text_4: autoDraw = False
155.7959 	EXP 	firstcircle_3: autoDraw = True
157.5792 	EXP 	firstcircle_3: autoDraw = False
157.5959 	EXP 	text_3: autoDraw = True
158.5792 	EXP 	text_3: autoDraw = False
158.5959 	EXP 	secondcircle: autoDraw = True
159.4792 	EXP 	secondcircle: autoDraw = False
160.0811 	DATA 	Keypress: left
160.0825 	EXP 	New trial (rep=0, index=16): OrderedDict([('firstTime', 2.7), ('secondTime', 1.8), ('corrAns', 'left'), ('plusStart', 3.2), ('secondStart', 4.2), ('respStart', 6.0), ('randNum', 0.277400549)])
160.0958 	EXP 	firstcircle_3: autoDraw = False
160.0958 	EXP 	text_3: autoDraw = False
160.0958 	EXP 	secondcircle: autoDraw = False
160.0958 	EXP 	text_4: autoDraw = False
160.0958 	EXP 	text_4: autoDraw = True
160.5958 	EXP 	text_4: autoDraw = False
160.6125 	EXP 	firstcircle_3: autoDraw = True
163.2958 	EXP 	firstcircle_3: autoDraw = False
163.3125 	EXP 	text_3: autoDraw = True
164.2958 	EXP 	text_3: autoDraw = False
164.3125 	EXP 	secondcircle: autoDraw = True
166.0958 	EXP 	secondcircle: autoDraw = False
166.8145 	DATA 	Keypress: left
166.8158 	EXP 	New trial (rep=0, index=17): OrderedDict([('firstTime', 9.9), ('secondTime', 8.8), ('corrAns', 'left'), ('plusStart', 10.4), ('secondStart', 11.4), ('respStart', 20.2), ('randNum', 0.9607848720000001)])
166.8291 	EXP 	firstcircle_3: autoDraw = False
166.8291 	EXP 	text_3: autoDraw = False
166.8291 	EXP 	secondcircle: autoDraw = False
166.8291 	EXP 	text_4: autoDraw = False
166.8291 	EXP 	text_4: autoDraw = True
167.3291 	EXP 	text_4: autoDraw = False
167.3458 	EXP 	firstcircle_3: autoDraw = True
177.2289 	EXP 	firstcircle_3: autoDraw = False
177.2456 	EXP 	text_3: autoDraw = True
178.2289 	EXP 	text_3: autoDraw = False
178.2456 	EXP 	secondcircle: autoDraw = True
187.0288 	EXP 	secondcircle: autoDraw = False
187.4806 	DATA 	Keypress: left
187.4819 	EXP 	New trial (rep=0, index=18): OrderedDict([('firstTime', 2.1), ('secondTime', 3.5), ('corrAns', 'right'), ('plusStart', 2.6), ('secondStart', 3.6), ('respStart', 7.1), ('randNum', 0.609327094)])
187.4955 	EXP 	firstcircle_3: autoDraw = False
187.4955 	EXP 	text_3: autoDraw = False
187.4955 	EXP 	secondcircle: autoDraw = False
187.4955 	EXP 	text_4: autoDraw = False
187.4955 	EXP 	text_4: autoDraw = True
187.9955 	EXP 	text_4: autoDraw = False
188.0121 	EXP 	firstcircle_3: autoDraw = True
190.0954 	EXP 	firstcircle_3: autoDraw = False
190.1121 	EXP 	text_3: autoDraw = True
191.0960 	EXP 	text_3: autoDraw = False
191.1121 	EXP 	secondcircle: autoDraw = True
194.5954 	EXP 	secondcircle: autoDraw = False
194.8807 	DATA 	Keypress: right
194.8821 	EXP 	New trial (rep=0, index=19): OrderedDict([('firstTime', 1.5), ('secondTime', 2.5), ('corrAns', 'right'), ('plusStart', 2.0), ('secondStart', 3.0), ('respStart', 5.5), ('randNum', 0.487304505)])
194.8954 	EXP 	firstcircle_3: autoDraw = False
194.8954 	EXP 	text_3: autoDraw = False
194.8954 	EXP 	secondcircle: autoDraw = False
194.8954 	EXP 	text_4: autoDraw = False
194.8954 	EXP 	text_4: autoDraw = True
195.3954 	EXP 	text_4: autoDraw = False
195.4120 	EXP 	firstcircle_3: autoDraw = True
196.8953 	EXP 	firstcircle_3: autoDraw = False
196.9120 	EXP 	text_3: autoDraw = True
197.8953 	EXP 	text_3: autoDraw = False
197.9120 	EXP 	secondcircle: autoDraw = True
200.3953 	EXP 	secondcircle: autoDraw = False
200.6471 	DATA 	Keypress: right
200.6620 	EXP 	firstcircle_3: autoDraw = False
200.6620 	EXP 	text_3: autoDraw = False
200.6620 	EXP 	secondcircle: autoDraw = False
200.6620 	EXP 	text_4: autoDraw = False
200.6620 	EXP 	text_5: autoDraw = True
202.6308 	DATA 	Keypress: space
202.6362 	EXP 	Imported conditionsTime2.csv as conditions, 20 conditions, 7 params
202.6365 	EXP 	Created sequence: sequential, trialTypes=20, nReps=1, seed=None
202.6369 	EXP 	New trial (rep=0, index=0): OrderedDict([('firstTime', 9.9), ('secondTime', 8.8), ('corrAns', 'left'), ('plusStart', 10.4), ('secondStart', 11.4), ('respStart', 20.2), ('randNum', 0.6005130679999999)])
202.6454 	EXP 	text_5: autoDraw = False
202.6454 	EXP 	text_4: autoDraw = True
203.1453 	EXP 	text_4: autoDraw = False
203.1619 	EXP 	firstcircle_3: autoDraw = True
213.0451 	EXP 	firstcircle_3: autoDraw = False
213.0618 	EXP 	text_3: autoDraw = True
214.0451 	EXP 	text_3: autoDraw = False
214.0618 	EXP 	secondcircle: autoDraw = True
222.8450 	EXP 	secondcircle: autoDraw = False
223.5467 	DATA 	Keypress: left
223.5483 	EXP 	New trial (rep=0, index=1): OrderedDict([('firstTime', 1.5), ('secondTime', 2.5), ('corrAns', 'right'), ('plusStart', 2.0), ('secondStart', 3.0), ('respStart', 5.5), ('randNum', 0.805142221)])
223.5617 	EXP 	firstcircle_3: autoDraw = False
223.5617 	EXP 	text_3: autoDraw = False
223.5617 	EXP 	secondcircle: autoDraw = False
223.5617 	EXP 	text_4: autoDraw = False
223.5617 	EXP 	text_4: autoDraw = True
224.0617 	EXP 	text_4: autoDraw = False
224.0783 	EXP 	firstcircle_3: autoDraw = True
225.5616 	EXP 	firstcircle_3: autoDraw = False
225.5783 	EXP 	text_3: autoDraw = True
226.5616 	EXP 	text_3: autoDraw = False
226.5783 	EXP 	secondcircle: autoDraw = True
229.0616 	EXP 	secondcircle: autoDraw = False
229.3468 	DATA 	Keypress: right
229.3482 	EXP 	New trial (rep=0, index=2): OrderedDict([('firstTime', 0.7), ('secondTime', 1.4), ('corrAns', 'right'), ('plusStart', 1.2), ('secondStart', 2.2), ('respStart', 3.6), ('randNum', 0.70587608)])
229.3616 	EXP 	firstcircle_3: autoDraw = False
229.3616 	EXP 	text_3: autoDraw = False
229.3616 	EXP 	secondcircle: autoDraw = False
229.3616 	EXP 	text_4: autoDraw = False
229.3616 	EXP 	text_4: autoDraw = True
229.8616 	EXP 	text_4: autoDraw = False
229.8782 	EXP 	firstcircle_3: autoDraw = True
230.5616 	EXP 	firstcircle_3: autoDraw = False
230.5782 	EXP 	text_3: autoDraw = True
231.5616 	EXP 	text_3: autoDraw = False
231.5782 	EXP 	secondcircle: autoDraw = True
232.9615 	EXP 	secondcircle: autoDraw = False
233.2635 	DATA 	Keypress: right
233.2649 	EXP 	New trial (rep=0, index=3): OrderedDict([('firstTime', 1.2), ('secondTime', 1.8), ('corrAns', 'right'), ('plusStart', 1.7), ('secondStart', 2.7), ('respStart', 4.5), ('randNum', 0.276216099)])
233.2782 	EXP 	firstcircle_3: autoDraw = False
233.2782 	EXP 	text_3: autoDraw = False
233.2782 	EXP 	secondcircle: autoDraw = False
233.2782 	EXP 	text_4: autoDraw = False
233.2782 	EXP 	text_4: autoDraw = True
233.7782 	EXP 	text_4: autoDraw = False
233.7949 	EXP 	firstcircle_3: autoDraw = True
234.9782 	EXP 	firstcircle_3: autoDraw = False
234.9948 	EXP 	text_3: autoDraw = True
235.9782 	EXP 	text_3: autoDraw = False
235.9948 	EXP 	secondcircle: autoDraw = True
237.7781 	EXP 	secondcircle: autoDraw = False
238.0468 	DATA 	Keypress: right
238.0482 	EXP 	New trial (rep=0, index=4): OrderedDict([('firstTime', 3.3), ('secondTime', 4.4), ('corrAns', 'right'), ('plusStart', 3.8), ('secondStart', 4.8), ('respStart', 9.2), ('randNum', 0.803512663)])
238.0615 	EXP 	firstcircle_3: autoDraw = False
238.0615 	EXP 	text_3: autoDraw = False
238.0615 	EXP 	secondcircle: autoDraw = False
238.0615 	EXP 	text_4: autoDraw = False
238.0615 	EXP 	text_4: autoDraw = True
238.5615 	EXP 	text_4: autoDraw = False
238.5781 	EXP 	firstcircle_3: autoDraw = True
241.8614 	EXP 	firstcircle_3: autoDraw = False
241.8781 	EXP 	text_3: autoDraw = True
242.8614 	EXP 	text_3: autoDraw = False
242.8781 	EXP 	secondcircle: autoDraw = True
247.2613 	EXP 	secondcircle: autoDraw = False
248.0634 	DATA 	Keypress: right
248.0648 	EXP 	New trial (rep=0, index=5): OrderedDict([('firstTime', 2.1), ('secondTime', 2.8), ('corrAns', 'right'), ('plusStart', 2.6), ('secondStart', 3.6), ('respStart', 6.4), ('randNum', 0.26721103399999996)])
248.0780 	EXP 	firstcircle_3: autoDraw = False
248.0780 	EXP 	text_3: autoDraw = False
248.0780 	EXP 	secondcircle: autoDraw = False
248.0780 	EXP 	text_4: autoDraw = False
248.0780 	EXP 	text_4: autoDraw = True
248.5780 	EXP 	text_4: autoDraw = False
248.5946 	EXP 	firstcircle_3: autoDraw = True
250.6780 	EXP 	firstcircle_3: autoDraw = False
250.6946 	EXP 	text_3: autoDraw = True
251.6779 	EXP 	text_3: autoDraw = False
251.6946 	EXP 	secondcircle: autoDraw = True
254.4779 	EXP 	secondcircle: autoDraw = False
254.8798 	DATA 	Keypress: right
254.8812 	EXP 	New trial (rep=0, index=6): OrderedDict([('firstTime', 2.8), ('secondTime', 2.1), ('corrAns', 'left'), ('plusStart', 3.3), ('secondStart', 4.3), ('respStart', 6.4), ('randNum', 0.1426323)])
254.8946 	EXP 	firstcircle_3: autoDraw = False
254.8946 	EXP 	text_3: autoDraw = False
254.8946 	EXP 	secondcircle: autoDraw = False
254.8946 	EXP 	text_4: autoDraw = False
254.8946 	EXP 	text_4: autoDraw = True
255.3945 	EXP 	text_4: autoDraw = False
255.4112 	EXP 	firstcircle_3: autoDraw = True
258.1945 	EXP 	firstcircle_3: autoDraw = False
258.2112 	EXP 	text_3: autoDraw = True
259.1945 	EXP 	text_3: autoDraw = False
259.2113 	EXP 	secondcircle: autoDraw = True
261.2945 	EXP 	secondcircle: autoDraw = False
261.8633 	DATA 	Keypress: left
261.8647 	EXP 	New trial (rep=0, index=7): OrderedDict([('firstTime', 2.7), ('secondTime', 1.8), ('corrAns', 'left'), ('plusStart', 3.2), ('secondStart', 4.2), ('respStart', 6.0), ('randNum', 0.15619143)])
261.8778 	EXP 	firstcircle_3: autoDraw = False
261.8778 	EXP 	text_3: autoDraw = False
261.8778 	EXP 	secondcircle: autoDraw = False
261.8778 	EXP 	text_4: autoDraw = False
261.8778 	EXP 	text_4: autoDraw = True
262.3778 	EXP 	text_4: autoDraw = False
262.3945 	EXP 	firstcircle_3: autoDraw = True
265.0778 	EXP 	firstcircle_3: autoDraw = False
265.0945 	EXP 	text_3: autoDraw = True
266.0777 	EXP 	text_3: autoDraw = False
266.0944 	EXP 	secondcircle: autoDraw = True
267.8777 	EXP 	secondcircle: autoDraw = False
268.8630 	DATA 	Keypress: left
268.8644 	EXP 	New trial (rep=0, index=8): OrderedDict([('firstTime', 8.8), ('secondTime', 9.9), ('corrAns', 'right'), ('plusStart', 9.3), ('secondStart', 10.3), ('respStart', 20.2), ('randNum', 0.549248995)])
268.8777 	EXP 	firstcircle_3: autoDraw = False
268.8777 	EXP 	text_3: autoDraw = False
268.8777 	EXP 	secondcircle: autoDraw = False
268.8777 	EXP 	text_4: autoDraw = False
268.8777 	EXP 	text_4: autoDraw = True
269.3778 	EXP 	text_4: autoDraw = False
269.3944 	EXP 	firstcircle_3: autoDraw = True
278.1776 	EXP 	firstcircle_3: autoDraw = False
278.1943 	EXP 	text_3: autoDraw = True
279.1776 	EXP 	text_3: autoDraw = False
279.1942 	EXP 	secondcircle: autoDraw = True
289.0774 	EXP 	secondcircle: autoDraw = False
289.7460 	DATA 	Keypress: right
289.7474 	EXP 	New trial (rep=0, index=9): OrderedDict([('firstTime', 2.5), ('secondTime', 1.5), ('corrAns', 'left'), ('plusStart', 3.0), ('secondStart', 4.0), ('respStart', 5.5), ('randNum', 0.358211186)])
289.7608 	EXP 	firstcircle_3: autoDraw = False
289.7608 	EXP 	text_3: autoDraw = False
289.7608 	EXP 	secondcircle: autoDraw = False
289.7608 	EXP 	text_4: autoDraw = False
289.7608 	EXP 	text_4: autoDraw = True
290.2607 	EXP 	text_4: autoDraw = False
290.2774 	EXP 	firstcircle_3: autoDraw = True
292.7607 	EXP 	firstcircle_3: autoDraw = False
292.7774 	EXP 	text_3: autoDraw = True
293.7607 	EXP 	text_3: autoDraw = False
293.7774 	EXP 	secondcircle: autoDraw = True
295.2607 	EXP 	secondcircle: autoDraw = False
295.8126 	DATA 	Keypress: left
295.8140 	EXP 	New trial (rep=0, index=10): OrderedDict([('firstTime', 1.8), ('secondTime', 0.9), ('corrAns', 'left'), ('plusStart', 2.3), ('secondStart', 3.3), ('respStart', 4.2), ('randNum', 0.907401646)])
295.8274 	EXP 	firstcircle_3: autoDraw = False
295.8274 	EXP 	text_3: autoDraw = False
295.8274 	EXP 	secondcircle: autoDraw = False
295.8274 	EXP 	text_4: autoDraw = False
295.8274 	EXP 	text_4: autoDraw = True
296.3273 	EXP 	text_4: autoDraw = False
296.3440 	EXP 	firstcircle_3: autoDraw = True
298.1273 	EXP 	firstcircle_3: autoDraw = False
298.1440 	EXP 	text_3: autoDraw = True
299.1273 	EXP 	text_3: autoDraw = False
299.1440 	EXP 	secondcircle: autoDraw = True
300.0273 	EXP 	secondcircle: autoDraw = False
300.6626 	DATA 	Keypress: left
300.6640 	EXP 	New trial (rep=0, index=11): OrderedDict([('firstTime', 3.2), ('secondTime', 3.6), ('corrAns', 'right'), ('plusStart', 3.7), ('secondStart', 4.7), ('respStart', 8.3), ('randNum', 0.40261677799999995)])
300.6773 	EXP 	firstcircle_3: autoDraw = False
300.6773 	EXP 	text_3: autoDraw = False
300.6773 	EXP 	secondcircle: autoDraw = False
300.6773 	EXP 	text_4: autoDraw = False
300.6773 	EXP 	text_4: autoDraw = True
301.1773 	EXP 	text_4: autoDraw = False
301.1939 	EXP 	firstcircle_3: autoDraw = True
304.3772 	EXP 	firstcircle_3: autoDraw = False
304.3939 	EXP 	text_3: autoDraw = True
305.3772 	EXP 	text_3: autoDraw = False
305.3939 	EXP 	secondcircle: autoDraw = True
308.9772 	EXP 	secondcircle: autoDraw = False
309.2958 	DATA 	Keypress: right
309.2972 	EXP 	New trial (rep=0, index=12): OrderedDict([('firstTime', 2.1), ('secondTime', 3.5), ('corrAns', 'right'), ('plusStart', 2.6), ('secondStart', 3.6), ('respStart', 7.1), ('randNum', 0.699018652)])
309.3105 	EXP 	firstcircle_3: autoDraw = False
309.3105 	EXP 	text_3: autoDraw = False
309.3105 	EXP 	secondcircle: autoDraw = False
309.3105 	EXP 	text_4: autoDraw = False
309.3105 	EXP 	text_4: autoDraw = True
309.8105 	EXP 	text_4: autoDraw = False
309.8272 	EXP 	firstcircle_3: autoDraw = True
311.9105 	EXP 	firstcircle_3: autoDraw = False
311.9271 	EXP 	text_3: autoDraw = True
312.9104 	EXP 	text_3: autoDraw = False
312.9271 	EXP 	secondcircle: autoDraw = True
316.4104 	EXP 	secondcircle: autoDraw = False
317.1800 	DATA 	Keypress: right
317.1954 	EXP 	New trial (rep=0, index=13): OrderedDict([('firstTime', 1.8), ('secondTime', 2.7), ('corrAns', 'right'), ('plusStart', 2.3), ('secondStart', 3.3), ('respStart', 6.0), ('randNum', 0.8590765890000001)])
317.2104 	EXP 	firstcircle_3: autoDraw = False
317.2104 	EXP 	text_3: autoDraw = False
317.2104 	EXP 	secondcircle: autoDraw = False
317.2104 	EXP 	text_4: autoDraw = False
317.2104 	EXP 	text_4: autoDraw = True
317.7104 	EXP 	text_4: autoDraw = False
317.7271 	EXP 	firstcircle_3: autoDraw = True
319.5104 	EXP 	firstcircle_3: autoDraw = False
319.5271 	EXP 	text_3: autoDraw = True
320.5103 	EXP 	text_3: autoDraw = False
320.5270 	EXP 	secondcircle: autoDraw = True
323.2103 	EXP 	secondcircle: autoDraw = False
323.9456 	DATA 	Keypress: right
323.9469 	EXP 	New trial (rep=0, index=14): OrderedDict([('firstTime', 1.4), ('secondTime', 0.7), ('corrAns', 'left'), ('plusStart', 1.9), ('secondStart', 2.9), ('respStart', 3.6), ('randNum', 0.413030013)])
323.9603 	EXP 	firstcircle_3: autoDraw = False
323.9603 	EXP 	text_3: autoDraw = False
323.9603 	EXP 	secondcircle: autoDraw = False
323.9603 	EXP 	text_4: autoDraw = False
323.9603 	EXP 	text_4: autoDraw = True
324.4603 	EXP 	text_4: autoDraw = False
324.4770 	EXP 	firstcircle_3: autoDraw = True
325.8603 	EXP 	firstcircle_3: autoDraw = False
325.8769 	EXP 	text_3: autoDraw = True
326.8603 	EXP 	text_3: autoDraw = False
326.8769 	EXP 	secondcircle: autoDraw = True
327.5603 	EXP 	secondcircle: autoDraw = False
328.5456 	DATA 	Keypress: left
328.5469 	EXP 	New trial (rep=0, index=15): OrderedDict([('firstTime', 3.6), ('secondTime', 3.2), ('corrAns', 'left'), ('plusStart', 4.1), ('secondStart', 5.1), ('respStart', 8.3), ('randNum', 0.12198344800000001)])
328.5603 	EXP 	firstcircle_3: autoDraw = False
328.5603 	EXP 	text_3: autoDraw = False
328.5603 	EXP 	secondcircle: autoDraw = False
328.5603 	EXP 	text_4: autoDraw = False
328.5603 	EXP 	text_4: autoDraw = True
329.0602 	EXP 	text_4: autoDraw = False
329.0769 	EXP 	firstcircle_3: autoDraw = True
332.6602 	EXP 	firstcircle_3: autoDraw = False
332.6768 	EXP 	text_3: autoDraw = True
333.6602 	EXP 	text_3: autoDraw = False
333.6768 	EXP 	secondcircle: autoDraw = True
336.8601 	EXP 	secondcircle: autoDraw = False
337.6620 	DATA 	Keypress: right
337.6634 	EXP 	New trial (rep=0, index=16): OrderedDict([('firstTime', 4.4), ('secondTime', 3.3), ('corrAns', 'left'), ('plusStart', 4.9), ('secondStart', 5.9), ('respStart', 9.2), ('randNum', 0.7908218929999999)])
337.6768 	EXP 	firstcircle_3: autoDraw = False
337.6768 	EXP 	text_3: autoDraw = False
337.6768 	EXP 	secondcircle: autoDraw = False
337.6768 	EXP 	text_4: autoDraw = False
337.6768 	EXP 	text_4: autoDraw = True
338.1768 	EXP 	text_4: autoDraw = False
338.1934 	EXP 	firstcircle_3: autoDraw = True
342.5767 	EXP 	firstcircle_3: autoDraw = False
342.5934 	EXP 	text_3: autoDraw = True
343.5767 	EXP 	text_3: autoDraw = False
343.5934 	EXP 	secondcircle: autoDraw = True
346.8766 	EXP 	secondcircle: autoDraw = False
347.2119 	DATA 	Keypress: left
347.2133 	EXP 	New trial (rep=0, index=17): OrderedDict([('firstTime', 3.5), ('secondTime', 2.1), ('corrAns', 'left'), ('plusStart', 4.0), ('secondStart', 5.0), ('respStart', 7.1), ('randNum', 0.149007794)])
347.2267 	EXP 	firstcircle_3: autoDraw = False
347.2267 	EXP 	text_3: autoDraw = False
347.2267 	EXP 	secondcircle: autoDraw = False
347.2267 	EXP 	text_4: autoDraw = False
347.2267 	EXP 	text_4: autoDraw = True
347.7266 	EXP 	text_4: autoDraw = False
347.7433 	EXP 	firstcircle_3: autoDraw = True
351.2266 	EXP 	firstcircle_3: autoDraw = False
351.2433 	EXP 	text_3: autoDraw = True
352.2266 	EXP 	text_3: autoDraw = False
352.2432 	EXP 	secondcircle: autoDraw = True
354.3266 	EXP 	secondcircle: autoDraw = False
354.9290 	DATA 	Keypress: left
354.9449 	EXP 	New trial (rep=0, index=18): OrderedDict([('firstTime', 1.8), ('secondTime', 1.2), ('corrAns', 'left'), ('plusStart', 2.3), ('secondStart', 3.3), ('respStart', 4.5), ('randNum', 0.44825194799999996)])
354.9599 	EXP 	firstcircle_3: autoDraw = False
354.9599 	EXP 	text_3: autoDraw = False
354.9599 	EXP 	secondcircle: autoDraw = False
354.9599 	EXP 	text_4: autoDraw = False
354.9599 	EXP 	text_4: autoDraw = True
355.4599 	EXP 	text_4: autoDraw = False
355.4765 	EXP 	firstcircle_3: autoDraw = True
357.2598 	EXP 	firstcircle_3: autoDraw = False
357.2765 	EXP 	text_3: autoDraw = True
358.2598 	EXP 	text_3: autoDraw = False
358.2765 	EXP 	secondcircle: autoDraw = True
359.4598 	EXP 	secondcircle: autoDraw = False
360.2119 	DATA 	Keypress: left
360.2133 	EXP 	New trial (rep=0, index=19): OrderedDict([('firstTime', 0.9), ('secondTime', 1.8), ('corrAns', 'right'), ('plusStart', 1.4), ('secondStart', 2.4), ('respStart', 4.2), ('randNum', 0.35938568299999996)])
360.2265 	EXP 	firstcircle_3: autoDraw = False
360.2265 	EXP 	text_3: autoDraw = False
360.2265 	EXP 	secondcircle: autoDraw = False
360.2265 	EXP 	text_4: autoDraw = False
360.2265 	EXP 	text_4: autoDraw = True
360.7265 	EXP 	text_4: autoDraw = False
360.7431 	EXP 	firstcircle_3: autoDraw = True
361.6265 	EXP 	firstcircle_3: autoDraw = False
361.6431 	EXP 	text_3: autoDraw = True
362.6265 	EXP 	text_3: autoDraw = False
362.6431 	EXP 	secondcircle: autoDraw = True
364.4264 	EXP 	secondcircle: autoDraw = False
364.7284 	DATA 	Keypress: right
364.7431 	EXP 	firstcircle_3: autoDraw = False
364.7431 	EXP 	text_3: autoDraw = False
364.7431 	EXP 	secondcircle: autoDraw = False
364.7431 	EXP 	text_4: autoDraw = False
364.7431 	EXP 	text_6: autoDraw = True
366.4621 	DATA 	Keypress: space
366.4690 	EXP 	Imported conditionsTime3.csv as conditions, 20 conditions, 7 params
366.4694 	EXP 	Created sequence: sequential, trialTypes=20, nReps=1, seed=None
366.4698 	EXP 	New trial (rep=0, index=0): OrderedDict([('firstTime', 2.7), ('secondTime', 1.8), ('corrAns', 'left'), ('plusStart', 3.2), ('secondStart', 4.2), ('respStart', 6.0), ('randNum', 0.09224181599999999)])
366.4764 	EXP 	text_6: autoDraw = False
366.4764 	EXP 	text_4: autoDraw = True
366.9764 	EXP 	text_4: autoDraw = False
366.9931 	EXP 	firstcircle_3: autoDraw = True
369.6764 	EXP 	firstcircle_3: autoDraw = False
369.6930 	EXP 	text_3: autoDraw = True
370.6763 	EXP 	text_3: autoDraw = False
370.6930 	EXP 	secondcircle: autoDraw = True
372.4763 	EXP 	secondcircle: autoDraw = False
372.9950 	DATA 	Keypress: left
372.9967 	EXP 	New trial (rep=0, index=1): OrderedDict([('firstTime', 1.8), ('secondTime', 2.7), ('corrAns', 'right'), ('plusStart', 2.3), ('secondStart', 3.3), ('respStart', 6.0), ('randNum', 0.320860695)])
373.0097 	EXP 	firstcircle_3: autoDraw = False
373.0097 	EXP 	text_3: autoDraw = False
373.0097 	EXP 	secondcircle: autoDraw = False
373.0097 	EXP 	text_4: autoDraw = False
373.0097 	EXP 	text_4: autoDraw = True
373.5096 	EXP 	text_4: autoDraw = False
373.5263 	EXP 	firstcircle_3: autoDraw = True
375.3096 	EXP 	firstcircle_3: autoDraw = False
375.3263 	EXP 	text_3: autoDraw = True
376.3096 	EXP 	text_3: autoDraw = False
376.3263 	EXP 	secondcircle: autoDraw = True
379.0096 	EXP 	secondcircle: autoDraw = False
379.2782 	DATA 	Keypress: right
379.2795 	EXP 	New trial (rep=0, index=2): OrderedDict([('firstTime', 0.7), ('secondTime', 1.4), ('corrAns', 'right'), ('plusStart', 1.2), ('secondStart', 2.2), ('respStart', 3.6), ('randNum', 0.091696964)])
379.2929 	EXP 	firstcircle_3: autoDraw = False
379.2929 	EXP 	text_3: autoDraw = False
379.2929 	EXP 	secondcircle: autoDraw = False
379.2929 	EXP 	text_4: autoDraw = False
379.2929 	EXP 	text_4: autoDraw = True
379.7929 	EXP 	text_4: autoDraw = False
379.8095 	EXP 	firstcircle_3: autoDraw = True
380.4929 	EXP 	firstcircle_3: autoDraw = False
380.5095 	EXP 	text_3: autoDraw = True
381.4928 	EXP 	text_3: autoDraw = False
381.5095 	EXP 	secondcircle: autoDraw = True
382.8928 	EXP 	secondcircle: autoDraw = False
383.1448 	DATA 	Keypress: right
383.1462 	EXP 	New trial (rep=0, index=3): OrderedDict([('firstTime', 4.4), ('secondTime', 3.3), ('corrAns', 'left'), ('plusStart', 4.9), ('secondStart', 5.9), ('respStart', 9.2), ('randNum', 0.010112259)])
383.1595 	EXP 	firstcircle_3: autoDraw = False
383.1595 	EXP 	text_3: autoDraw = False
383.1595 	EXP 	secondcircle: autoDraw = False
383.1595 	EXP 	text_4: autoDraw = False
383.1595 	EXP 	text_4: autoDraw = True
383.6595 	EXP 	text_4: autoDraw = False
383.6762 	EXP 	firstcircle_3: autoDraw = True
388.0594 	EXP 	firstcircle_3: autoDraw = False
388.0761 	EXP 	text_3: autoDraw = True
389.0594 	EXP 	text_3: autoDraw = False
389.0761 	EXP 	secondcircle: autoDraw = True
392.3594 	EXP 	secondcircle: autoDraw = False
392.8781 	DATA 	Keypress: left
392.8794 	EXP 	New trial (rep=0, index=4): OrderedDict([('firstTime', 0.9), ('secondTime', 1.8), ('corrAns', 'right'), ('plusStart', 1.4), ('secondStart', 2.4), ('respStart', 4.2), ('randNum', 0.877480265)])
392.8927 	EXP 	firstcircle_3: autoDraw = False
392.8927 	EXP 	text_3: autoDraw = False
392.8927 	EXP 	secondcircle: autoDraw = False
392.8927 	EXP 	text_4: autoDraw = False
392.8927 	EXP 	text_4: autoDraw = True
393.3927 	EXP 	text_4: autoDraw = False
393.4094 	EXP 	firstcircle_3: autoDraw = True
394.2927 	EXP 	firstcircle_3: autoDraw = False
394.3094 	EXP 	text_3: autoDraw = True
395.2927 	EXP 	text_3: autoDraw = False
395.3094 	EXP 	secondcircle: autoDraw = True
397.0926 	EXP 	secondcircle: autoDraw = False
397.6779 	DATA 	Keypress: right
397.6793 	EXP 	New trial (rep=0, index=5): OrderedDict([('firstTime', 1.8), ('secondTime', 0.9), ('corrAns', 'left'), ('plusStart', 2.3), ('secondStart', 3.3), ('respStart', 4.2), ('randNum', 0.74232345)])
397.6926 	EXP 	firstcircle_3: autoDraw = False
397.6926 	EXP 	text_3: autoDraw = False
397.6926 	EXP 	secondcircle: autoDraw = False
397.6926 	EXP 	text_4: autoDraw = False
397.6926 	EXP 	text_4: autoDraw = True
398.1926 	EXP 	text_4: autoDraw = False
398.2093 	EXP 	firstcircle_3: autoDraw = True
399.9926 	EXP 	firstcircle_3: autoDraw = False
400.0093 	EXP 	text_3: autoDraw = True
400.9926 	EXP 	text_3: autoDraw = False
401.0093 	EXP 	secondcircle: autoDraw = True
401.8926 	EXP 	secondcircle: autoDraw = False
402.4611 	DATA 	Keypress: left
402.4625 	EXP 	New trial (rep=0, index=6): OrderedDict([('firstTime', 1.8), ('secondTime', 1.2), ('corrAns', 'left'), ('plusStart', 2.3), ('secondStart', 3.3), ('respStart', 4.5), ('randNum', 0.307053849)])
402.4759 	EXP 	firstcircle_3: autoDraw = False
402.4759 	EXP 	text_3: autoDraw = False
402.4759 	EXP 	secondcircle: autoDraw = False
402.4759 	EXP 	text_4: autoDraw = False
402.4759 	EXP 	text_4: autoDraw = True
402.9759 	EXP 	text_4: autoDraw = False
402.9926 	EXP 	firstcircle_3: autoDraw = True
404.7759 	EXP 	firstcircle_3: autoDraw = False
404.7925 	EXP 	text_3: autoDraw = True
405.7759 	EXP 	text_3: autoDraw = False
405.7925 	EXP 	secondcircle: autoDraw = True
406.9758 	EXP 	secondcircle: autoDraw = False
407.6112 	DATA 	Keypress: left
407.6126 	EXP 	New trial (rep=0, index=7): OrderedDict([('firstTime', 3.6), ('secondTime', 3.2), ('corrAns', 'left'), ('plusStart', 4.1), ('secondStart', 5.1), ('respStart', 8.3), ('randNum', 0.331236492)])
407.6259 	EXP 	firstcircle_3: autoDraw = False
407.6259 	EXP 	text_3: autoDraw = False
407.6259 	EXP 	secondcircle: autoDraw = False
407.6259 	EXP 	text_4: autoDraw = False
407.6259 	EXP 	text_4: autoDraw = True
408.1258 	EXP 	text_4: autoDraw = False
408.1425 	EXP 	firstcircle_3: autoDraw = True
411.7258 	EXP 	firstcircle_3: autoDraw = False
411.7425 	EXP 	text_3: autoDraw = True
412.7258 	EXP 	text_3: autoDraw = False
412.7424 	EXP 	secondcircle: autoDraw = True
415.9257 	EXP 	secondcircle: autoDraw = False
416.5110 	DATA 	Keypress: left
416.5124 	EXP 	New trial (rep=0, index=8): OrderedDict([('firstTime', 2.5), ('secondTime', 1.5), ('corrAns', 'left'), ('plusStart', 3.0), ('secondStart', 4.0), ('respStart', 5.5), ('randNum', 0.778562476)])
416.5258 	EXP 	firstcircle_3: autoDraw = False
416.5258 	EXP 	text_3: autoDraw = False
416.5258 	EXP 	secondcircle: autoDraw = False
416.5258 	EXP 	text_4: autoDraw = False
416.5258 	EXP 	text_4: autoDraw = True
417.0257 	EXP 	text_4: autoDraw = False
417.0424 	EXP 	firstcircle_3: autoDraw = True
419.5258 	EXP 	firstcircle_3: autoDraw = False
419.5423 	EXP 	text_3: autoDraw = True
420.5257 	EXP 	text_3: autoDraw = False
420.5423 	EXP 	secondcircle: autoDraw = True
422.0256 	EXP 	secondcircle: autoDraw = False
422.9278 	DATA 	Keypress: left
422.9292 	EXP 	New trial (rep=0, index=9): OrderedDict([('firstTime', 1.2), ('secondTime', 1.8), ('corrAns', 'right'), ('plusStart', 1.7), ('secondStart', 2.7), ('respStart', 4.5), ('randNum', 0.18131893100000002)])
422.9423 	EXP 	firstcircle_3: autoDraw = False
422.9423 	EXP 	text_3: autoDraw = False
422.9423 	EXP 	secondcircle: autoDraw = False
422.9423 	EXP 	text_4: autoDraw = False
422.9423 	EXP 	text_4: autoDraw = True
423.4423 	EXP 	text_4: autoDraw = False
423.4590 	EXP 	firstcircle_3: autoDraw = True
424.6423 	EXP 	firstcircle_3: autoDraw = False
424.6589 	EXP 	text_3: autoDraw = True
425.6423 	EXP 	text_3: autoDraw = False
425.6589 	EXP 	secondcircle: autoDraw = True
427.4422 	EXP 	secondcircle: autoDraw = False
428.7442 	DATA 	Keypress: right
428.7456 	EXP 	New trial (rep=0, index=10): OrderedDict([('firstTime', 2.8), ('secondTime', 2.1), ('corrAns', 'left'), ('plusStart', 3.3), ('secondStart', 4.3), ('respStart', 6.4), ('randNum', 0.897215002)])
428.7589 	EXP 	firstcircle_3: autoDraw = False
428.7589 	EXP 	text_3: autoDraw = False
428.7589 	EXP 	secondcircle: autoDraw = False
428.7589 	EXP 	text_4: autoDraw = False
428.7589 	EXP 	text_4: autoDraw = True
429.2589 	EXP 	text_4: autoDraw = False
429.2756 	EXP 	firstcircle_3: autoDraw = True
432.0588 	EXP 	firstcircle_3: autoDraw = False
432.0755 	EXP 	text_3: autoDraw = True
433.0588 	EXP 	text_3: autoDraw = False
433.0756 	EXP 	secondcircle: autoDraw = True
435.1588 	EXP 	secondcircle: autoDraw = False
436.8939 	DATA 	Keypress: left
436.8952 	EXP 	New trial (rep=0, index=11): OrderedDict([('firstTime', 2.1), ('secondTime', 2.8), ('corrAns', 'right'), ('plusStart', 2.6), ('secondStart', 3.6), ('respStart', 6.4), ('randNum', 0.734438325)])
436.9088 	EXP 	firstcircle_3: autoDraw = False
436.9088 	EXP 	text_3: autoDraw = False
436.9088 	EXP 	secondcircle: autoDraw = False
436.9088 	EXP 	text_4: autoDraw = False
436.9088 	EXP 	text_4: autoDraw = True
437.4088 	EXP 	text_4: autoDraw = False
437.4254 	EXP 	firstcircle_3: autoDraw = True
439.5087 	EXP 	firstcircle_3: autoDraw = False
439.5254 	EXP 	text_3: autoDraw = True
440.5088 	EXP 	text_3: autoDraw = False
440.5255 	EXP 	secondcircle: autoDraw = True
443.3087 	EXP 	secondcircle: autoDraw = False
443.6274 	DATA 	Keypress: right
443.6288 	EXP 	New trial (rep=0, index=12): OrderedDict([('firstTime', 3.2), ('secondTime', 3.6), ('corrAns', 'right'), ('plusStart', 3.7), ('secondStart', 4.7), ('respStart', 8.3), ('randNum', 0.716372322)])
443.6420 	EXP 	firstcircle_3: autoDraw = False
443.6420 	EXP 	text_3: autoDraw = False
443.6420 	EXP 	secondcircle: autoDraw = False
443.6420 	EXP 	text_4: autoDraw = False
443.6420 	EXP 	text_4: autoDraw = True
444.1420 	EXP 	text_4: autoDraw = False
444.1587 	EXP 	firstcircle_3: autoDraw = True
447.3420 	EXP 	firstcircle_3: autoDraw = False
447.3587 	EXP 	text_3: autoDraw = True
448.3420 	EXP 	text_3: autoDraw = False
448.3586 	EXP 	secondcircle: autoDraw = True
451.9419 	EXP 	secondcircle: autoDraw = False
452.3272 	DATA 	Keypress: right
452.3286 	EXP 	New trial (rep=0, index=13): OrderedDict([('firstTime', 2.1), ('secondTime', 3.5), ('corrAns', 'right'), ('plusStart', 2.6), ('secondStart', 3.6), ('respStart', 7.1), ('randNum', 0.2797458)])
452.3419 	EXP 	firstcircle_3: autoDraw = False
452.3419 	EXP 	text_3: autoDraw = False
452.3419 	EXP 	secondcircle: autoDraw = False
452.3419 	EXP 	text_4: autoDraw = False
452.3419 	EXP 	text_4: autoDraw = True
452.8419 	EXP 	text_4: autoDraw = False
452.8586 	EXP 	firstcircle_3: autoDraw = True
454.9419 	EXP 	firstcircle_3: autoDraw = False
454.9585 	EXP 	text_3: autoDraw = True
455.9419 	EXP 	text_3: autoDraw = False
455.9585 	EXP 	secondcircle: autoDraw = True
459.4418 	EXP 	secondcircle: autoDraw = False
459.6938 	DATA 	Keypress: right
459.6952 	EXP 	New trial (rep=0, index=14): OrderedDict([('firstTime', 1.4), ('secondTime', 0.7), ('corrAns', 'left'), ('plusStart', 1.9), ('secondStart', 2.9), ('respStart', 3.6), ('randNum', 0.038284202)])
459.7085 	EXP 	firstcircle_3: autoDraw = False
459.7085 	EXP 	text_3: autoDraw = False
459.7085 	EXP 	secondcircle: autoDraw = False
459.7085 	EXP 	text_4: autoDraw = False
459.7085 	EXP 	text_4: autoDraw = True
460.2085 	EXP 	text_4: autoDraw = False
460.2251 	EXP 	firstcircle_3: autoDraw = True
461.6084 	EXP 	firstcircle_3: autoDraw = False
461.6251 	EXP 	text_3: autoDraw = True
462.6084 	EXP 	text_3: autoDraw = False
462.6251 	EXP 	secondcircle: autoDraw = True
463.3084 	EXP 	secondcircle: autoDraw = False
464.0437 	DATA 	Keypress: left
464.0451 	EXP 	New trial (rep=0, index=15): OrderedDict([('firstTime', 9.9), ('secondTime', 8.8), ('corrAns', 'left'), ('plusStart', 10.4), ('secondStart', 11.4), ('respStart', 20.2), ('randNum', 0.656448526)])
464.0584 	EXP 	firstcircle_3: autoDraw = False
464.0584 	EXP 	text_3: autoDraw = False
464.0584 	EXP 	secondcircle: autoDraw = False
464.0584 	EXP 	text_4: autoDraw = False
464.0584 	EXP 	text_4: autoDraw = True
464.5584 	EXP 	text_4: autoDraw = False
464.5751 	EXP 	firstcircle_3: autoDraw = True
474.4583 	EXP 	firstcircle_3: autoDraw = False
474.4749 	EXP 	text_3: autoDraw = True
475.4583 	EXP 	text_3: autoDraw = False
475.4749 	EXP 	secondcircle: autoDraw = True
484.2581 	EXP 	secondcircle: autoDraw = False
484.7935 	DATA 	Keypress: right
484.7949 	EXP 	New trial (rep=0, index=16): OrderedDict([('firstTime', 3.5), ('secondTime', 2.1), ('corrAns', 'left'), ('plusStart', 4.0), ('secondStart', 5.0), ('respStart', 7.1), ('randNum', 0.25078508899999996)])
484.8082 	EXP 	firstcircle_3: autoDraw = False
484.8082 	EXP 	text_3: autoDraw = False
484.8082 	EXP 	secondcircle: autoDraw = False
484.8082 	EXP 	text_4: autoDraw = False
484.8082 	EXP 	text_4: autoDraw = True
485.3081 	EXP 	text_4: autoDraw = False
485.3248 	EXP 	firstcircle_3: autoDraw = True
488.8081 	EXP 	firstcircle_3: autoDraw = False
488.8247 	EXP 	text_3: autoDraw = True
489.8081 	EXP 	text_3: autoDraw = False
489.8247 	EXP 	secondcircle: autoDraw = True
491.9080 	EXP 	secondcircle: autoDraw = False
492.4768 	DATA 	Keypress: left
492.4782 	EXP 	New trial (rep=0, index=17): OrderedDict([('firstTime', 8.8), ('secondTime', 9.9), ('corrAns', 'right'), ('plusStart', 9.3), ('secondStart', 10.3), ('respStart', 20.2), ('randNum', 0.055985873)])
492.4914 	EXP 	firstcircle_3: autoDraw = False
492.4914 	EXP 	text_3: autoDraw = False
492.4914 	EXP 	secondcircle: autoDraw = False
492.4914 	EXP 	text_4: autoDraw = False
492.4914 	EXP 	text_4: autoDraw = True
492.9913 	EXP 	text_4: autoDraw = False
493.0080 	EXP 	firstcircle_3: autoDraw = True
501.7912 	EXP 	firstcircle_3: autoDraw = False
501.8079 	EXP 	text_3: autoDraw = True
502.7912 	EXP 	text_3: autoDraw = False
502.8079 	EXP 	secondcircle: autoDraw = True
512.6911 	EXP 	secondcircle: autoDraw = False
512.9763 	DATA 	Keypress: right
512.9777 	EXP 	New trial (rep=0, index=18): OrderedDict([('firstTime', 1.5), ('secondTime', 2.5), ('corrAns', 'right'), ('plusStart', 2.0), ('secondStart', 3.0), ('respStart', 5.5), ('randNum', 0.279030548)])
512.9911 	EXP 	firstcircle_3: autoDraw = False
512.9911 	EXP 	text_3: autoDraw = False
512.9911 	EXP 	secondcircle: autoDraw = False
512.9911 	EXP 	text_4: autoDraw = False
512.9911 	EXP 	text_4: autoDraw = True
513.4911 	EXP 	text_4: autoDraw = False
513.5077 	EXP 	firstcircle_3: autoDraw = True
514.9911 	EXP 	firstcircle_3: autoDraw = False
515.0077 	EXP 	text_3: autoDraw = True
515.9910 	EXP 	text_3: autoDraw = False
516.0077 	EXP 	secondcircle: autoDraw = True
518.4910 	EXP 	secondcircle: autoDraw = False
519.1764 	DATA 	Keypress: left
519.1778 	EXP 	New trial (rep=0, index=19): OrderedDict([('firstTime', 3.3), ('secondTime', 4.4), ('corrAns', 'right'), ('plusStart', 3.8), ('secondStart', 4.8), ('respStart', 9.2), ('randNum', 0.6214470879999999)])
519.1911 	EXP 	firstcircle_3: autoDraw = False
519.1911 	EXP 	text_3: autoDraw = False
519.1911 	EXP 	secondcircle: autoDraw = False
519.1911 	EXP 	text_4: autoDraw = False
519.1911 	EXP 	text_4: autoDraw = True
519.6910 	EXP 	text_4: autoDraw = False
519.7076 	EXP 	firstcircle_3: autoDraw = True
522.9909 	EXP 	firstcircle_3: autoDraw = False
523.0077 	EXP 	text_3: autoDraw = True
523.9909 	EXP 	text_3: autoDraw = False
524.0076 	EXP 	secondcircle: autoDraw = True
528.3909 	EXP 	secondcircle: autoDraw = False
529.1595 	DATA 	Keypress: right
529.1742 	EXP 	firstcircle_3: autoDraw = False
529.1742 	EXP 	text_3: autoDraw = False
529.1742 	EXP 	secondcircle: autoDraw = False
529.1742 	EXP 	text_4: autoDraw = False
529.1742 	EXP 	text_7: autoDraw = True
530.8599 	DATA 	Keypress: space
530.8656 	EXP 	Imported conditionsTime4.csv as conditions, 20 conditions, 7 params
530.8660 	EXP 	Created sequence: sequential, trialTypes=20, nReps=1, seed=None
530.8664 	EXP 	New trial (rep=0, index=0): OrderedDict([('firstTime', 2.5), ('secondTime', 1.5), ('corrAns', 'left'), ('plusStart', 3.0), ('secondStart', 4.0), ('respStart', 5.5), ('randNum', 0.9526453340000001)])
530.8742 	EXP 	text_7: autoDraw = False
530.8742 	EXP 	text_4: autoDraw = True
531.0429 	DATA 	Keypress: space
531.3742 	EXP 	text_4: autoDraw = False
531.3908 	EXP 	firstcircle_3: autoDraw = True
533.8741 	EXP 	firstcircle_3: autoDraw = False
533.8908 	EXP 	text_3: autoDraw = True
534.8741 	EXP 	text_3: autoDraw = False
534.8908 	EXP 	secondcircle: autoDraw = True
536.3742 	EXP 	secondcircle: autoDraw = False
537.0761 	DATA 	Keypress: left
537.0777 	EXP 	New trial (rep=0, index=1): OrderedDict([('firstTime', 2.8), ('secondTime', 2.1), ('corrAns', 'left'), ('plusStart', 3.3), ('secondStart', 4.3), ('respStart', 6.4), ('randNum', 0.962497787)])
537.0908 	EXP 	firstcircle_3: autoDraw = False
537.0908 	EXP 	text_3: autoDraw = False
537.0908 	EXP 	secondcircle: autoDraw = False
537.0908 	EXP 	text_4: autoDraw = False
537.0908 	EXP 	text_4: autoDraw = True
537.5907 	EXP 	text_4: autoDraw = False
537.6074 	EXP 	firstcircle_3: autoDraw = True
540.3907 	EXP 	firstcircle_3: autoDraw = False
540.4074 	EXP 	text_3: autoDraw = True
541.3907 	EXP 	text_3: autoDraw = False
541.4074 	EXP 	secondcircle: autoDraw = True
543.4907 	EXP 	secondcircle: autoDraw = False
544.5261 	DATA 	Keypress: left
544.5275 	EXP 	New trial (rep=0, index=2): OrderedDict([('firstTime', 2.7), ('secondTime', 1.8), ('corrAns', 'left'), ('plusStart', 3.2), ('secondStart', 4.2), ('respStart', 6.0), ('randNum', 0.06690605599999999)])
544.5407 	EXP 	firstcircle_3: autoDraw = False
544.5407 	EXP 	text_3: autoDraw = False
544.5407 	EXP 	secondcircle: autoDraw = False
544.5407 	EXP 	text_4: autoDraw = False
544.5407 	EXP 	text_4: autoDraw = True
545.0406 	EXP 	text_4: autoDraw = False
545.0573 	EXP 	firstcircle_3: autoDraw = True
547.7406 	EXP 	firstcircle_3: autoDraw = False
547.7573 	EXP 	text_3: autoDraw = True
548.7406 	EXP 	text_3: autoDraw = False
548.7573 	EXP 	secondcircle: autoDraw = True
550.5406 	EXP 	secondcircle: autoDraw = False
551.0927 	DATA 	Keypress: left
551.0941 	EXP 	New trial (rep=0, index=3): OrderedDict([('firstTime', 8.8), ('secondTime', 9.9), ('corrAns', 'right'), ('plusStart', 9.3), ('secondStart', 10.3), ('respStart', 20.2), ('randNum', 0.09555333099999999)])
551.1072 	EXP 	firstcircle_3: autoDraw = False
551.1072 	EXP 	text_3: autoDraw = False
551.1072 	EXP 	secondcircle: autoDraw = False
551.1072 	EXP 	text_4: autoDraw = False
551.1072 	EXP 	text_4: autoDraw = True
551.6072 	EXP 	text_4: autoDraw = False
551.6239 	EXP 	firstcircle_3: autoDraw = True
560.4071 	EXP 	firstcircle_3: autoDraw = False
560.4238 	EXP 	text_3: autoDraw = True
561.4071 	EXP 	text_3: autoDraw = False
561.4238 	EXP 	secondcircle: autoDraw = True
571.3070 	EXP 	secondcircle: autoDraw = False
571.9921 	DATA 	Keypress: right
571.9934 	EXP 	New trial (rep=0, index=4): OrderedDict([('firstTime', 1.8), ('secondTime', 2.7), ('corrAns', 'right'), ('plusStart', 2.3), ('secondStart', 3.3), ('respStart', 6.0), ('randNum', 0.559320406)])
572.0070 	EXP 	firstcircle_3: autoDraw = False
572.0070 	EXP 	text_3: autoDraw = False
572.0070 	EXP 	secondcircle: autoDraw = False
572.0070 	EXP 	text_4: autoDraw = False
572.0070 	EXP 	text_4: autoDraw = True
572.5069 	EXP 	text_4: autoDraw = False
572.5236 	EXP 	firstcircle_3: autoDraw = True
574.3069 	EXP 	firstcircle_3: autoDraw = False
574.3236 	EXP 	text_3: autoDraw = True
575.3070 	EXP 	text_3: autoDraw = False
575.3236 	EXP 	secondcircle: autoDraw = True
578.0069 	EXP 	secondcircle: autoDraw = False
578.2431 	DATA 	Keypress: right
578.2586 	EXP 	New trial (rep=0, index=5): OrderedDict([('firstTime', 3.5), ('secondTime', 2.1), ('corrAns', 'left'), ('plusStart', 4.0), ('secondStart', 5.0), ('respStart', 7.1), ('randNum', 0.885130943)])
578.2735 	EXP 	firstcircle_3: autoDraw = False
578.2735 	EXP 	text_3: autoDraw = False
578.2735 	EXP 	secondcircle: autoDraw = False
578.2735 	EXP 	text_4: autoDraw = False
578.2735 	EXP 	text_4: autoDraw = True
578.7735 	EXP 	text_4: autoDraw = False
578.7902 	EXP 	firstcircle_3: autoDraw = True
582.2735 	EXP 	firstcircle_3: autoDraw = False
582.2901 	EXP 	text_3: autoDraw = True
583.2735 	EXP 	text_3: autoDraw = False
583.2901 	EXP 	secondcircle: autoDraw = True
585.3735 	EXP 	secondcircle: autoDraw = False
586.2421 	DATA 	Keypress: left
586.2435 	EXP 	New trial (rep=0, index=6): OrderedDict([('firstTime', 2.1), ('secondTime', 2.8), ('corrAns', 'right'), ('plusStart', 2.6), ('secondStart', 3.6), ('respStart', 6.4), ('randNum', 0.7843272990000001)])
586.2568 	EXP 	firstcircle_3: autoDraw = False
586.2568 	EXP 	text_3: autoDraw = False
586.2568 	EXP 	secondcircle: autoDraw = False
586.2568 	EXP 	text_4: autoDraw = False
586.2568 	EXP 	text_4: autoDraw = True
586.7567 	EXP 	text_4: autoDraw = False
586.7734 	EXP 	firstcircle_3: autoDraw = True
588.8567 	EXP 	firstcircle_3: autoDraw = False
588.8734 	EXP 	text_3: autoDraw = True
589.8567 	EXP 	text_3: autoDraw = False
589.8734 	EXP 	secondcircle: autoDraw = True
592.6567 	EXP 	secondcircle: autoDraw = False
593.0753 	DATA 	Keypress: right
593.0766 	EXP 	New trial (rep=0, index=7): OrderedDict([('firstTime', 4.4), ('secondTime', 3.3), ('corrAns', 'left'), ('plusStart', 4.9), ('secondStart', 5.9), ('respStart', 9.2), ('randNum', 0.594355042)])
593.0900 	EXP 	firstcircle_3: autoDraw = False
593.0900 	EXP 	text_3: autoDraw = False
593.0900 	EXP 	secondcircle: autoDraw = False
593.0900 	EXP 	text_4: autoDraw = False
593.0900 	EXP 	text_4: autoDraw = True
593.5900 	EXP 	text_4: autoDraw = False
593.6067 	EXP 	firstcircle_3: autoDraw = True
597.9899 	EXP 	firstcircle_3: autoDraw = False
598.0066 	EXP 	text_3: autoDraw = True
598.9899 	EXP 	text_3: autoDraw = False
599.0066 	EXP 	secondcircle: autoDraw = True
602.2899 	EXP 	secondcircle: autoDraw = False
603.2918 	DATA 	Keypress: left
603.2932 	EXP 	New trial (rep=0, index=8): OrderedDict([('firstTime', 0.9), ('secondTime', 1.8), ('corrAns', 'right'), ('plusStart', 1.4), ('secondStart', 2.4), ('respStart', 4.2), ('randNum', 0.39760777399999997)])
603.3066 	EXP 	firstcircle_3: autoDraw = False
603.3066 	EXP 	text_3: autoDraw = False
603.3066 	EXP 	secondcircle: autoDraw = False
603.3066 	EXP 	text_4: autoDraw = False
603.3066 	EXP 	text_4: autoDraw = True
603.8065 	EXP 	text_4: autoDraw = False
603.8232 	EXP 	firstcircle_3: autoDraw = True
604.7065 	EXP 	firstcircle_3: autoDraw = False
604.7232 	EXP 	text_3: autoDraw = True
605.7065 	EXP 	text_3: autoDraw = False
605.7232 	EXP 	secondcircle: autoDraw = True
607.5065 	EXP 	secondcircle: autoDraw = False
607.7418 	DATA 	Keypress: right
607.7431 	EXP 	New trial (rep=0, index=9): OrderedDict([('firstTime', 3.6), ('secondTime', 3.2), ('corrAns', 'left'), ('plusStart', 4.1), ('secondStart', 5.1), ('respStart', 8.3), ('randNum', 0.454525661)])
607.7565 	EXP 	firstcircle_3: autoDraw = False
607.7565 	EXP 	text_3: autoDraw = False
607.7565 	EXP 	secondcircle: autoDraw = False
607.7565 	EXP 	text_4: autoDraw = False
607.7565 	EXP 	text_4: autoDraw = True
608.2565 	EXP 	text_4: autoDraw = False
608.2731 	EXP 	firstcircle_3: autoDraw = True
611.8564 	EXP 	firstcircle_3: autoDraw = False
611.8731 	EXP 	text_3: autoDraw = True
612.8564 	EXP 	text_3: autoDraw = False
612.8731 	EXP 	secondcircle: autoDraw = True
616.0564 	EXP 	secondcircle: autoDraw = False
616.8581 	DATA 	Keypress: right
616.8595 	EXP 	New trial (rep=0, index=10): OrderedDict([('firstTime', 9.9), ('secondTime', 8.8), ('corrAns', 'left'), ('plusStart', 10.4), ('secondStart', 11.4), ('respStart', 20.2), ('randNum', 0.335173919)])
616.8730 	EXP 	firstcircle_3: autoDraw = False
616.8730 	EXP 	text_3: autoDraw = False
616.8730 	EXP 	secondcircle: autoDraw = False
616.8730 	EXP 	text_4: autoDraw = False
616.8730 	EXP 	text_4: autoDraw = True
617.3730 	EXP 	text_4: autoDraw = False
617.3897 	EXP 	firstcircle_3: autoDraw = True
627.2729 	EXP 	firstcircle_3: autoDraw = False
627.2895 	EXP 	text_3: autoDraw = True
628.2729 	EXP 	text_3: autoDraw = False
628.2895 	EXP 	secondcircle: autoDraw = True
637.0727 	EXP 	secondcircle: autoDraw = False
637.7580 	DATA 	Keypress: left
637.7595 	EXP 	New trial (rep=0, index=11): OrderedDict([('firstTime', 1.8), ('secondTime', 1.2), ('corrAns', 'left'), ('plusStart', 2.3), ('secondStart', 3.3), ('respStart', 4.5), ('randNum', 0.050156068)])
637.7727 	EXP 	firstcircle_3: autoDraw = False
637.7727 	EXP 	text_3: autoDraw = False
637.7727 	EXP 	secondcircle: autoDraw = False
637.7727 	EXP 	text_4: autoDraw = False
637.7727 	EXP 	text_4: autoDraw = True
638.2727 	EXP 	text_4: autoDraw = False
638.2895 	EXP 	firstcircle_3: autoDraw = True
640.0727 	EXP 	firstcircle_3: autoDraw = False
640.0894 	EXP 	text_3: autoDraw = True
641.0727 	EXP 	text_3: autoDraw = False
641.0894 	EXP 	secondcircle: autoDraw = True
642.2727 	EXP 	secondcircle: autoDraw = False
643.4247 	DATA 	Keypress: right
643.4260 	EXP 	New trial (rep=0, index=12): OrderedDict([('firstTime', 2.1), ('secondTime', 3.5), ('corrAns', 'right'), ('plusStart', 2.6), ('secondStart', 3.6), ('respStart', 7.1), ('randNum', 0.553210354)])
643.4393 	EXP 	firstcircle_3: autoDraw = False
643.4393 	EXP 	text_3: autoDraw = False
643.4393 	EXP 	secondcircle: autoDraw = False
643.4393 	EXP 	text_4: autoDraw = False
643.4393 	EXP 	text_4: autoDraw = True
643.9393 	EXP 	text_4: autoDraw = False
643.9560 	EXP 	firstcircle_3: autoDraw = True
646.0393 	EXP 	firstcircle_3: autoDraw = False
646.0560 	EXP 	text_3: autoDraw = True
647.0393 	EXP 	text_3: autoDraw = False
647.0559 	EXP 	secondcircle: autoDraw = True
650.5393 	EXP 	secondcircle: autoDraw = False
650.8079 	DATA 	Keypress: right
650.8094 	EXP 	New trial (rep=0, index=13): OrderedDict([('firstTime', 3.2), ('secondTime', 3.6), ('corrAns', 'right'), ('plusStart', 3.7), ('secondStart', 4.7), ('respStart', 8.3), ('randNum', 0.062598668)])
650.8225 	EXP 	firstcircle_3: autoDraw = False
650.8225 	EXP 	text_3: autoDraw = False
650.8225 	EXP 	secondcircle: autoDraw = False
650.8225 	EXP 	text_4: autoDraw = False
650.8225 	EXP 	text_4: autoDraw = True
651.3225 	EXP 	text_4: autoDraw = False
651.3392 	EXP 	firstcircle_3: autoDraw = True
654.5225 	EXP 	firstcircle_3: autoDraw = False
654.5392 	EXP 	text_3: autoDraw = True
655.5225 	EXP 	text_3: autoDraw = False
655.5392 	EXP 	secondcircle: autoDraw = True
659.1224 	EXP 	secondcircle: autoDraw = False
660.0577 	DATA 	Keypress: left
660.0591 	EXP 	New trial (rep=0, index=14): OrderedDict([('firstTime', 1.5), ('secondTime', 2.5), ('corrAns', 'right'), ('plusStart', 2.0), ('secondStart', 3.0), ('respStart', 5.5), ('randNum', 0.851613693)])
660.0724 	EXP 	firstcircle_3: autoDraw = False
660.0724 	EXP 	text_3: autoDraw = False
660.0724 	EXP 	secondcircle: autoDraw = False
660.0724 	EXP 	text_4: autoDraw = False
660.0724 	EXP 	text_4: autoDraw = True
660.5724 	EXP 	text_4: autoDraw = False
660.5891 	EXP 	firstcircle_3: autoDraw = True
662.0724 	EXP 	firstcircle_3: autoDraw = False
662.0891 	EXP 	text_3: autoDraw = True
663.0724 	EXP 	text_3: autoDraw = False
663.0890 	EXP 	secondcircle: autoDraw = True
665.5724 	EXP 	secondcircle: autoDraw = False
665.9078 	DATA 	Keypress: right
665.9094 	EXP 	New trial (rep=0, index=15): OrderedDict([('firstTime', 1.2), ('secondTime', 1.8), ('corrAns', 'right'), ('plusStart', 1.7), ('secondStart', 2.7), ('respStart', 4.5), ('randNum', 0.9561071459999999)])
665.9223 	EXP 	firstcircle_3: autoDraw = False
665.9223 	EXP 	text_3: autoDraw = False
665.9223 	EXP 	secondcircle: autoDraw = False
665.9223 	EXP 	text_4: autoDraw = False
665.9223 	EXP 	text_4: autoDraw = True
666.4223 	EXP 	text_4: autoDraw = False
666.4390 	EXP 	firstcircle_3: autoDraw = True
667.6223 	EXP 	firstcircle_3: autoDraw = False
667.6391 	EXP 	text_3: autoDraw = True
668.6223 	EXP 	text_3: autoDraw = False
668.6390 	EXP 	secondcircle: autoDraw = True
670.4223 	EXP 	secondcircle: autoDraw = False
671.4578 	DATA 	Keypress: right
671.4591 	EXP 	New trial (rep=0, index=16): OrderedDict([('firstTime', 3.3), ('secondTime', 4.4), ('corrAns', 'right'), ('plusStart', 3.8), ('secondStart', 4.8), ('respStart', 9.2), ('randNum', 0.25372748300000003)])
671.4723 	EXP 	firstcircle_3: autoDraw = False
671.4723 	EXP 	text_3: autoDraw = False
671.4723 	EXP 	secondcircle: autoDraw = False
671.4723 	EXP 	text_4: autoDraw = False
671.4723 	EXP 	text_4: autoDraw = True
671.9723 	EXP 	text_4: autoDraw = False
671.9889 	EXP 	firstcircle_3: autoDraw = True
675.2722 	EXP 	firstcircle_3: autoDraw = False
675.2889 	EXP 	text_3: autoDraw = True
676.2722 	EXP 	text_3: autoDraw = False
676.2889 	EXP 	secondcircle: autoDraw = True
680.6722 	EXP 	secondcircle: autoDraw = False
681.1075 	DATA 	Keypress: right
681.1089 	EXP 	New trial (rep=0, index=17): OrderedDict([('firstTime', 1.8), ('secondTime', 0.9), ('corrAns', 'left'), ('plusStart', 2.3), ('secondStart', 3.3), ('respStart', 4.2), ('randNum', 0.328250033)])
681.1222 	EXP 	firstcircle_3: autoDraw = False
681.1222 	EXP 	text_3: autoDraw = False
681.1222 	EXP 	secondcircle: autoDraw = False
681.1222 	EXP 	text_4: autoDraw = False
681.1222 	EXP 	text_4: autoDraw = True
681.6221 	EXP 	text_4: autoDraw = False
681.6388 	EXP 	firstcircle_3: autoDraw = True
683.4221 	EXP 	firstcircle_3: autoDraw = False
683.4388 	EXP 	text_3: autoDraw = True
684.4221 	EXP 	text_3: autoDraw = False
684.4388 	EXP 	secondcircle: autoDraw = True
685.3221 	EXP 	secondcircle: autoDraw = False
687.3409 	DATA 	Keypress: left
687.3423 	EXP 	New trial (rep=0, index=18): OrderedDict([('firstTime', 1.4), ('secondTime', 0.7), ('corrAns', 'left'), ('plusStart', 1.9), ('secondStart', 2.9), ('respStart', 3.6), ('randNum', 0.26139814899999997)])
687.3554 	EXP 	firstcircle_3: autoDraw = False
687.3554 	EXP 	text_3: autoDraw = False
687.3554 	EXP 	secondcircle: autoDraw = False
687.3554 	EXP 	text_4: autoDraw = False
687.3554 	EXP 	text_4: autoDraw = True
687.8554 	EXP 	text_4: autoDraw = False
687.8721 	EXP 	firstcircle_3: autoDraw = True
689.2554 	EXP 	firstcircle_3: autoDraw = False
689.2721 	EXP 	text_3: autoDraw = True
690.2554 	EXP 	text_3: autoDraw = False
690.2720 	EXP 	secondcircle: autoDraw = True
690.9553 	EXP 	secondcircle: autoDraw = False
692.3073 	DATA 	Keypress: left
692.3088 	EXP 	New trial (rep=0, index=19): OrderedDict([('firstTime', 0.7), ('secondTime', 1.4), ('corrAns', 'right'), ('plusStart', 1.2), ('secondStart', 2.2), ('respStart', 3.6), ('randNum', 0.515481866)])
692.3220 	EXP 	firstcircle_3: autoDraw = False
692.3220 	EXP 	text_3: autoDraw = False
692.3220 	EXP 	secondcircle: autoDraw = False
692.3220 	EXP 	text_4: autoDraw = False
692.3220 	EXP 	text_4: autoDraw = True
692.8220 	EXP 	text_4: autoDraw = False
692.8386 	EXP 	firstcircle_3: autoDraw = True
693.5220 	EXP 	firstcircle_3: autoDraw = False
693.5386 	EXP 	text_3: autoDraw = True
694.5220 	EXP 	text_3: autoDraw = False
694.5386 	EXP 	secondcircle: autoDraw = True
695.9219 	EXP 	secondcircle: autoDraw = False
696.1741 	DATA 	Keypress: right
696.1887 	EXP 	firstcircle_3: autoDraw = False
696.1887 	EXP 	text_3: autoDraw = False
696.1887 	EXP 	secondcircle: autoDraw = False
696.1887 	EXP 	text_4: autoDraw = False
696.1887 	EXP 	text_2: autoDraw = True
699.4538 	EXP 	window1: mouseVisible = True
