1.0143 	WARNING 	sounddevice audio lib was requested but not loaded: sounddevice not working
8.1682 	WARNING 	User requested fullscreen with size [1024  768], but screen is actually [1440, 900]. Using actual size
8.8089 	EXP 	Created window1 = Window(allowGUI=False, allowStencil=False, args=UNKNOWN, autoLog=True, bitsMode=UNKNOWN, blendMode='avg', color=array([0., 0., 0.]), colorSpace='rgb', fullscr=<method-wrapper '__getattribute__' of attributeSetter object at 0x110d54da0>, gamma=None, kwargs=UNKNOWN, lms=UNKNOWN, monitor=<psychopy.monitors.calibTools.Monitor object at 0x113deda58>, multiSample=False, name='window1', numSamples=2, pos=[0.0, 0.0], screen=0, size=array([2880, 1800]), stereo=False, units='norm', useFBO=True, useRetina=True, viewOri=0.0, viewPos=None, viewScale=None, waitBlanking=True, winType='pyglet')
8.8089 	EXP 	window1: recordFrameIntervals = False
8.9747 	EXP 	window1: recordFrameIntervals = True
9.1583 	EXP 	window1: recordFrameIntervals = False
9.2680 	EXP 	Created insRound1 = TextStim(__class__=<class 'psychopy.visual.text.TextStim'>, alignHoriz='center', alignVert='center', antialias=True, autoLog=True, bold=False, color='white', colorSpace='named', contrast=1.0, depth=0.0, flipHoriz=False, flipVert=False, font='Arial', fontFiles=[], height=0.07, italic=False, languageStyle='LTR', name='insRound1', opacity=1.0, ori=0, pos=array([0., 0.]), rgb=array([255., 255., 255.]), text=str(...), units='norm', win=Window(...), wrapWidth=1)
9.2809 	EXP 	Created text = TextStim(__class__=<class 'psychopy.visual.text.TextStim'>, alignHoriz='center', alignVert='center', antialias=True, autoLog=True, bold=False, color='white', colorSpace='named', contrast=1.0, depth=0.0, flipHoriz=False, flipVert=False, font='Arial', fontFiles=[], height=0.1, italic=False, languageStyle='LTR', name='text', opacity=1.0, ori=0, pos=array([0., 0.]), rgb=array([255., 255., 255.]), text='Block 1 starts\n\nPress space', units='norm', win=Window(...), wrapWidth=1)
9.2883 	EXP 	Created firstcircle_3 = Polygon(__class__=<class 'psychopy.visual.polygon.Polygon'>, autoDraw=False, autoLog=True, closeShape=True, color=method-wrapper(...), colorSpace=None, contrast=1.0, depth=0.0, fillColor=array([1., 1., 1.]), fillColorSpace='rgb', fillRGB=array([1., 1., 1.]), interpolate=True, lineColor=array([1., 1., 1.]), lineColorSpace='rgb', lineRGB=array([1., 1., 1.]), lineWidth=1, name='firstcircle_3', opacity=1.0, ori=array(0.), pos=array([0., 0.]), size=array([0.3, 0.5]), units='norm', vertices=ndarray(...), win=Window(...))
9.2915 	EXP 	Created text_3 = TextStim(__class__=<class 'psychopy.visual.text.TextStim'>, alignHoriz='center', alignVert='center', antialias=True, autoLog=True, bold=False, color='white', colorSpace='named', contrast=1.0, depth=-2.0, flipHoriz=False, flipVert=False, font='Arial', fontFiles=[], height=0.1, italic=False, languageStyle='LTR', name='text_3', opacity=1.0, ori=0, pos=array([0., 0.]), rgb=array([255., 255., 255.]), text='+', units='norm', win=Window(...), wrapWidth=1)
9.2940 	EXP 	Created secondcircle = Polygon(__class__=<class 'psychopy.visual.polygon.Polygon'>, autoDraw=False, autoLog=True, closeShape=True, color=method-wrapper(...), colorSpace=None, contrast=1.0, depth=-3.0, fillColor=array([-1., -1., -1.]), fillColorSpace='rgb', fillRGB=array([-1., -1., -1.]), interpolate=True, lineColor=array([-1., -1., -1.]), lineColorSpace='rgb', lineRGB=array([-1., -1., -1.]), lineWidth=1, name='secondcircle', opacity=1.0, ori=array(0.), pos=array([0., 0.]), size=array([0.3, 0.5]), units='norm', vertices=ndarray(...), win=Window(...))
9.2973 	EXP 	Created text_4 = TextStim(__class__=<class 'psychopy.visual.text.TextStim'>, alignHoriz='center', alignVert='center', antialias=True, autoLog=True, bold=False, color='white', colorSpace='named', contrast=1.0, depth=-4.0, flipHoriz=False, flipVert=False, font='Arial', fontFiles=[], height=0.1, italic=False, languageStyle='LTR', name='text_4', opacity=1.0, ori=0, pos=array([0., 0.]), rgb=array([255., 255., 255.]), text='next', units='norm', win=Window(...), wrapWidth=1)
9.3031 	EXP 	Created text_5 = TextStim(__class__=<class 'psychopy.visual.text.TextStim'>, alignHoriz='center', alignVert='center', antialias=True, autoLog=True, bold=False, color='white', colorSpace='named', contrast=1.0, depth=0.0, flipHoriz=False, flipVert=False, font='Arial', fontFiles=[], height=0.1, italic=False, languageStyle='LTR', name='text_5', opacity=1.0, ori=0, pos=array([0., 0.]), rgb=array([255., 255., 255.]), text='Block 2 starts\n\nPress space', units='norm', win=Window(...), wrapWidth=1)
9.3056 	EXP 	Created firstcircle_3 = Polygon(__class__=<class 'psychopy.visual.polygon.Polygon'>, autoDraw=False, autoLog=True, closeShape=True, color=method-wrapper(...), colorSpace=None, contrast=1.0, depth=0.0, fillColor=array([1., 1., 1.]), fillColorSpace='rgb', fillRGB=array([1., 1., 1.]), interpolate=True, lineColor=array([1., 1., 1.]), lineColorSpace='rgb', lineRGB=array([1., 1., 1.]), lineWidth=1, name='firstcircle_3', opacity=1.0, ori=array(0.), pos=array([0., 0.]), size=array([0.3, 0.5]), units='norm', vertices=ndarray(...), win=Window(...))
9.3075 	EXP 	Created text_3 = TextStim(__class__=<class 'psychopy.visual.text.TextStim'>, alignHoriz='center', alignVert='center', antialias=True, autoLog=True, bold=False, color='white', colorSpace='named', contrast=1.0, depth=-2.0, flipHoriz=False, flipVert=False, font='Arial', fontFiles=[], height=0.1, italic=False, languageStyle='LTR', name='text_3', opacity=1.0, ori=0, pos=array([0., 0.]), rgb=array([255., 255., 255.]), text='+', units='norm', win=Window(...), wrapWidth=1)
9.3099 	EXP 	Created secondcircle = Polygon(__class__=<class 'psychopy.visual.polygon.Polygon'>, autoDraw=False, autoLog=True, closeShape=True, color=method-wrapper(...), colorSpace=None, contrast=1.0, depth=-3.0, fillColor=array([-1., -1., -1.]), fillColorSpace='rgb', fillRGB=array([-1., -1., -1.]), interpolate=True, lineColor=array([-1., -1., -1.]), lineColorSpace='rgb', lineRGB=array([-1., -1., -1.]), lineWidth=1, name='secondcircle', opacity=1.0, ori=array(0.), pos=array([0., 0.]), size=array([0.3, 0.5]), units='norm', vertices=ndarray(...), win=Window(...))
9.3121 	EXP 	Created text_4 = TextStim(__class__=<class 'psychopy.visual.text.TextStim'>, alignHoriz='center', alignVert='center', antialias=True, autoLog=True, bold=False, color='white', colorSpace='named', contrast=1.0, depth=-4.0, flipHoriz=False, flipVert=False, font='Arial', fontFiles=[], height=0.1, italic=False, languageStyle='LTR', name='text_4', opacity=1.0, ori=0, pos=array([0., 0.]), rgb=array([255., 255., 255.]), text='next', units='norm', win=Window(...), wrapWidth=1)
9.3178 	EXP 	Created text_6 = TextStim(__class__=<class 'psychopy.visual.text.TextStim'>, alignHoriz='center', alignVert='center', antialias=True, autoLog=True, bold=False, color='white', colorSpace='named', contrast=1.0, depth=0.0, flipHoriz=False, flipVert=False, font='Arial', fontFiles=[], height=0.1, italic=False, languageStyle='LTR', name='text_6', opacity=1.0, ori=0, pos=array([0., 0.]), rgb=array([255., 255., 255.]), text='Block 3 starts\n\nPress space', units='norm', win=Window(...), wrapWidth=1)
9.3203 	EXP 	Created firstcircle_3 = Polygon(__class__=<class 'psychopy.visual.polygon.Polygon'>, autoDraw=False, autoLog=True, closeShape=True, color=method-wrapper(...), colorSpace=None, contrast=1.0, depth=0.0, fillColor=array([1., 1., 1.]), fillColorSpace='rgb', fillRGB=array([1., 1., 1.]), interpolate=True, lineColor=array([1., 1., 1.]), lineColorSpace='rgb', lineRGB=array([1., 1., 1.]), lineWidth=1, name='firstcircle_3', opacity=1.0, ori=array(0.), pos=array([0., 0.]), size=array([0.3, 0.5]), units='norm', vertices=ndarray(...), win=Window(...))
9.3222 	EXP 	Created text_3 = TextStim(__class__=<class 'psychopy.visual.text.TextStim'>, alignHoriz='center', alignVert='center', antialias=True, autoLog=True, bold=False, color='white', colorSpace='named', contrast=1.0, depth=-2.0, flipHoriz=False, flipVert=False, font='Arial', fontFiles=[], height=0.1, italic=False, languageStyle='LTR', name='text_3', opacity=1.0, ori=0, pos=array([0., 0.]), rgb=array([255., 255., 255.]), text='+', units='norm', win=Window(...), wrapWidth=1)
9.3248 	EXP 	Created secondcircle = Polygon(__class__=<class 'psychopy.visual.polygon.Polygon'>, autoDraw=False, autoLog=True, closeShape=True, color=method-wrapper(...), colorSpace=None, contrast=1.0, depth=-3.0, fillColor=array([-1., -1., -1.]), fillColorSpace='rgb', fillRGB=array([-1., -1., -1.]), interpolate=True, lineColor=array([-1., -1., -1.]), lineColorSpace='rgb', lineRGB=array([-1., -1., -1.]), lineWidth=1, name='secondcircle', opacity=1.0, ori=array(0.), pos=array([0., 0.]), size=array([0.3, 0.5]), units='norm', vertices=ndarray(...), win=Window(...))
9.3270 	EXP 	Created text_4 = TextStim(__class__=<class 'psychopy.visual.text.TextStim'>, alignHoriz='center', alignVert='center', antialias=True, autoLog=True, bold=False, color='white', colorSpace='named', contrast=1.0, depth=-4.0, flipHoriz=False, flipVert=False, font='Arial', fontFiles=[], height=0.1, italic=False, languageStyle='LTR', name='text_4', opacity=1.0, ori=0, pos=array([0., 0.]), rgb=array([255., 255., 255.]), text='next', units='norm', win=Window(...), wrapWidth=1)
9.3329 	EXP 	Created text_7 = TextStim(__class__=<class 'psychopy.visual.text.TextStim'>, alignHoriz='center', alignVert='center', antialias=True, autoLog=True, bold=False, color='white', colorSpace='named', contrast=1.0, depth=0.0, flipHoriz=False, flipVert=False, font='Arial', fontFiles=[], height=0.1, italic=False, languageStyle='LTR', name='text_7', opacity=1.0, ori=0, pos=array([0., 0.]), rgb=array([255., 255., 255.]), text='Block 4 starts\n\nPress space', units='norm', win=Window(...), wrapWidth=1)
9.3355 	EXP 	Created firstcircle_3 = Polygon(__class__=<class 'psychopy.visual.polygon.Polygon'>, autoDraw=False, autoLog=True, closeShape=True, color=method-wrapper(...), colorSpace=None, contrast=1.0, depth=0.0, fillColor=array([1., 1., 1.]), fillColorSpace='rgb', fillRGB=array([1., 1., 1.]), interpolate=True, lineColor=array([1., 1., 1.]), lineColorSpace='rgb', lineRGB=array([1., 1., 1.]), lineWidth=1, name='firstcircle_3', opacity=1.0, ori=array(0.), pos=array([0., 0.]), size=array([0.3, 0.5]), units='norm', vertices=ndarray(...), win=Window(...))
9.3375 	EXP 	Created text_3 = TextStim(__class__=<class 'psychopy.visual.text.TextStim'>, alignHoriz='center', alignVert='center', antialias=True, autoLog=True, bold=False, color='white', colorSpace='named', contrast=1.0, depth=-2.0, flipHoriz=False, flipVert=False, font='Arial', fontFiles=[], height=0.1, italic=False, languageStyle='LTR', name='text_3', opacity=1.0, ori=0, pos=array([0., 0.]), rgb=array([255., 255., 255.]), text='+', units='norm', win=Window(...), wrapWidth=1)
9.3400 	EXP 	Created secondcircle = Polygon(__class__=<class 'psychopy.visual.polygon.Polygon'>, autoDraw=False, autoLog=True, closeShape=True, color=method-wrapper(...), colorSpace=None, contrast=1.0, depth=-3.0, fillColor=array([-1., -1., -1.]), fillColorSpace='rgb', fillRGB=array([-1., -1., -1.]), interpolate=True, lineColor=array([-1., -1., -1.]), lineColorSpace='rgb', lineRGB=array([-1., -1., -1.]), lineWidth=1, name='secondcircle', opacity=1.0, ori=array(0.), pos=array([0., 0.]), size=array([0.3, 0.5]), units='norm', vertices=ndarray(...), win=Window(...))
9.3422 	EXP 	Created text_4 = TextStim(__class__=<class 'psychopy.visual.text.TextStim'>, alignHoriz='center', alignVert='center', antialias=True, autoLog=True, bold=False, color='white', colorSpace='named', contrast=1.0, depth=-4.0, flipHoriz=False, flipVert=False, font='Arial', fontFiles=[], height=0.1, italic=False, languageStyle='LTR', name='text_4', opacity=1.0, ori=0, pos=array([0., 0.]), rgb=array([255., 255., 255.]), text='next', units='norm', win=Window(...), wrapWidth=1)
9.3465 	EXP 	Created text_2 = TextStim(__class__=<class 'psychopy.visual.text.TextStim'>, alignHoriz='center', alignVert='center', antialias=True, autoLog=True, bold=False, color='white', colorSpace='named', contrast=1.0, depth=0.0, flipHoriz=False, flipVert=False, font='Arial', fontFiles=[], height=0.1, italic=False, languageStyle='LTR', name='text_2', opacity=1.0, ori=0, pos=array([0., 0.]), rgb=array([255., 255., 255.]), text='The end', units='norm', win=Window(...), wrapWidth=1)
9.3580 	EXP 	insRound1: autoDraw = True
22.0951 	DATA 	Keypress: space
22.1078 	EXP 	insRound1: autoDraw = False
22.1078 	EXP 	text: autoDraw = True
28.4268 	DATA 	Keypress: space
28.4354 	EXP 	Imported conditionsTime.csv as conditions, 20 conditions, 7 params
28.4357 	EXP 	Created sequence: sequential, trialTypes=20, nReps=1, seed=None
28.4362 	EXP 	New trial (rep=0, index=0): OrderedDict([('firstTime', 1.8), ('secondTime', 1.2), ('corrAns', 'left'), ('plusStart', 2.3), ('secondStart', 3.3), ('respStart', 4.5), ('randNum', 0.17368025899999998)])
28.4411 	EXP 	text: autoDraw = False
28.4411 	EXP 	text_4: autoDraw = True
28.9410 	EXP 	text_4: autoDraw = False
28.9577 	EXP 	firstcircle_3: autoDraw = True
30.7410 	EXP 	firstcircle_3: autoDraw = False
30.7577 	EXP 	text_3: autoDraw = True
31.7410 	EXP 	text_3: autoDraw = False
31.7577 	EXP 	secondcircle: autoDraw = True
32.9410 	EXP 	secondcircle: autoDraw = False
33.8769 	DATA 	Keypress: left
33.8785 	EXP 	New trial (rep=0, index=1): OrderedDict([('firstTime', 3.6), ('secondTime', 3.2), ('corrAns', 'left'), ('plusStart', 4.1), ('secondStart', 5.1), ('respStart', 8.3), ('randNum', 0.41458448299999995)])
33.8910 	EXP 	firstcircle_3: autoDraw = False
33.8910 	EXP 	text_3: autoDraw = False
33.8910 	EXP 	secondcircle: autoDraw = False
33.8910 	EXP 	text_4: autoDraw = False
33.8910 	EXP 	text_4: autoDraw = True
34.3909 	EXP 	text_4: autoDraw = False
34.4077 	EXP 	firstcircle_3: autoDraw = True
37.9909 	EXP 	firstcircle_3: autoDraw = False
38.0076 	EXP 	text_3: autoDraw = True
38.9909 	EXP 	text_3: autoDraw = False
39.0076 	EXP 	secondcircle: autoDraw = True
42.1908 	EXP 	secondcircle: autoDraw = False
44.2260 	DATA 	Keypress: left
44.2274 	EXP 	New trial (rep=0, index=2): OrderedDict([('firstTime', 2.5), ('secondTime', 1.5), ('corrAns', 'left'), ('plusStart', 3.0), ('secondStart', 4.0), ('respStart', 5.5), ('randNum', 0.148607464)])
44.2408 	EXP 	firstcircle_3: autoDraw = False
44.2408 	EXP 	text_3: autoDraw = False
44.2408 	EXP 	secondcircle: autoDraw = False
44.2408 	EXP 	text_4: autoDraw = False
44.2408 	EXP 	text_4: autoDraw = True
44.7408 	EXP 	text_4: autoDraw = False
44.7575 	EXP 	firstcircle_3: autoDraw = True
47.2408 	EXP 	firstcircle_3: autoDraw = False
47.2575 	EXP 	text_3: autoDraw = True
48.2408 	EXP 	text_3: autoDraw = False
48.2574 	EXP 	secondcircle: autoDraw = True
49.7407 	EXP 	secondcircle: autoDraw = False
50.4262 	DATA 	Keypress: left
50.4276 	EXP 	New trial (rep=0, index=3): OrderedDict([('firstTime', 1.8), ('secondTime', 2.7), ('corrAns', 'right'), ('plusStart', 2.3), ('secondStart', 3.3), ('respStart', 6.0), ('randNum', 0.13554984)])
50.4407 	EXP 	firstcircle_3: autoDraw = False
50.4407 	EXP 	text_3: autoDraw = False
50.4407 	EXP 	secondcircle: autoDraw = False
50.4407 	EXP 	text_4: autoDraw = False
50.4407 	EXP 	text_4: autoDraw = True
50.9407 	EXP 	text_4: autoDraw = False
50.9574 	EXP 	firstcircle_3: autoDraw = True
52.7407 	EXP 	firstcircle_3: autoDraw = False
52.7574 	EXP 	text_3: autoDraw = True
53.7407 	EXP 	text_3: autoDraw = False
53.7574 	EXP 	secondcircle: autoDraw = True
56.4407 	EXP 	secondcircle: autoDraw = False
57.1094 	DATA 	Keypress: right
57.1108 	EXP 	New trial (rep=0, index=4): OrderedDict([('firstTime', 1.2), ('secondTime', 1.8), ('corrAns', 'right'), ('plusStart', 1.7), ('secondStart', 2.7), ('respStart', 4.5), ('randNum', 0.309174352)])
57.1240 	EXP 	firstcircle_3: autoDraw = False
57.1240 	EXP 	text_3: autoDraw = False
57.1240 	EXP 	secondcircle: autoDraw = False
57.1240 	EXP 	text_4: autoDraw = False
57.1240 	EXP 	text_4: autoDraw = True
57.6240 	EXP 	text_4: autoDraw = False
57.6406 	EXP 	firstcircle_3: autoDraw = True
58.8240 	EXP 	firstcircle_3: autoDraw = False
58.8406 	EXP 	text_3: autoDraw = True
59.8239 	EXP 	text_3: autoDraw = False
59.8406 	EXP 	secondcircle: autoDraw = True
61.6239 	EXP 	secondcircle: autoDraw = False
62.3261 	DATA 	Keypress: right
62.3274 	EXP 	New trial (rep=0, index=5): OrderedDict([('firstTime', 8.8), ('secondTime', 9.9), ('corrAns', 'right'), ('plusStart', 9.3), ('secondStart', 10.3), ('respStart', 20.2), ('randNum', 0.7009299529999999)])
62.3406 	EXP 	firstcircle_3: autoDraw = False
62.3406 	EXP 	text_3: autoDraw = False
62.3406 	EXP 	secondcircle: autoDraw = False
62.3406 	EXP 	text_4: autoDraw = False
62.3406 	EXP 	text_4: autoDraw = True
62.8406 	EXP 	text_4: autoDraw = False
62.8572 	EXP 	firstcircle_3: autoDraw = True
71.6405 	EXP 	firstcircle_3: autoDraw = False
71.6571 	EXP 	text_3: autoDraw = True
72.6404 	EXP 	text_3: autoDraw = False
72.6571 	EXP 	secondcircle: autoDraw = True
82.5403 	EXP 	secondcircle: autoDraw = False
83.1090 	DATA 	Keypress: right
83.1104 	EXP 	New trial (rep=0, index=6): OrderedDict([('firstTime', 3.3), ('secondTime', 4.4), ('corrAns', 'right'), ('plusStart', 3.8), ('secondStart', 4.8), ('respStart', 9.2), ('randNum', 0.705723743)])
83.1236 	EXP 	firstcircle_3: autoDraw = False
83.1236 	EXP 	text_3: autoDraw = False
83.1236 	EXP 	secondcircle: autoDraw = False
83.1236 	EXP 	text_4: autoDraw = False
83.1236 	EXP 	text_4: autoDraw = True
83.6236 	EXP 	text_4: autoDraw = False
83.6403 	EXP 	firstcircle_3: autoDraw = True
86.9236 	EXP 	firstcircle_3: autoDraw = False
86.9403 	EXP 	text_3: autoDraw = True
87.9236 	EXP 	text_3: autoDraw = False
87.9402 	EXP 	secondcircle: autoDraw = True
92.3235 	EXP 	secondcircle: autoDraw = False
92.8922 	DATA 	Keypress: right
92.8936 	EXP 	New trial (rep=0, index=7): OrderedDict([('firstTime', 3.5), ('secondTime', 2.1), ('corrAns', 'left'), ('plusStart', 4.0), ('secondStart', 5.0), ('respStart', 7.1), ('randNum', 0.544523215)])
92.9068 	EXP 	firstcircle_3: autoDraw = False
92.9068 	EXP 	text_3: autoDraw = False
92.9068 	EXP 	secondcircle: autoDraw = False
92.9068 	EXP 	text_4: autoDraw = False
92.9068 	EXP 	text_4: autoDraw = True
93.4069 	EXP 	text_4: autoDraw = False
93.4235 	EXP 	firstcircle_3: autoDraw = True
96.9068 	EXP 	firstcircle_3: autoDraw = False
96.9234 	EXP 	text_3: autoDraw = True
97.9068 	EXP 	text_3: autoDraw = False
97.9234 	EXP 	secondcircle: autoDraw = True
100.0067 	EXP 	secondcircle: autoDraw = False
100.9921 	DATA 	Keypress: left
100.9935 	EXP 	New trial (rep=0, index=8): OrderedDict([('firstTime', 1.4), ('secondTime', 0.7), ('corrAns', 'left'), ('plusStart', 1.9), ('secondStart', 2.9), ('respStart', 3.6), ('randNum', 0.53553232)])
101.0067 	EXP 	firstcircle_3: autoDraw = False
101.0067 	EXP 	text_3: autoDraw = False
101.0067 	EXP 	secondcircle: autoDraw = False
101.0067 	EXP 	text_4: autoDraw = False
101.0067 	EXP 	text_4: autoDraw = True
101.5067 	EXP 	text_4: autoDraw = False
101.5234 	EXP 	firstcircle_3: autoDraw = True
102.9067 	EXP 	firstcircle_3: autoDraw = False
102.9234 	EXP 	text_3: autoDraw = True
103.9067 	EXP 	text_3: autoDraw = False
103.9234 	EXP 	secondcircle: autoDraw = True
104.6067 	EXP 	secondcircle: autoDraw = False
105.3752 	DATA 	Keypress: left
105.3766 	EXP 	New trial (rep=0, index=9): OrderedDict([('firstTime', 4.4), ('secondTime', 3.3), ('corrAns', 'left'), ('plusStart', 4.9), ('secondStart', 5.9), ('respStart', 9.2), ('randNum', 0.255641654)])
105.3900 	EXP 	firstcircle_3: autoDraw = False
105.3900 	EXP 	text_3: autoDraw = False
105.3900 	EXP 	secondcircle: autoDraw = False
105.3900 	EXP 	text_4: autoDraw = False
105.3900 	EXP 	text_4: autoDraw = True
105.8900 	EXP 	text_4: autoDraw = False
105.9067 	EXP 	firstcircle_3: autoDraw = True
110.2899 	EXP 	firstcircle_3: autoDraw = False
110.3066 	EXP 	text_3: autoDraw = True
111.2899 	EXP 	text_3: autoDraw = False
111.3066 	EXP 	secondcircle: autoDraw = True
114.5899 	EXP 	secondcircle: autoDraw = False
115.3919 	DATA 	Keypress: left
115.3933 	EXP 	New trial (rep=0, index=10): OrderedDict([('firstTime', 3.2), ('secondTime', 3.6), ('corrAns', 'right'), ('plusStart', 3.7), ('secondStart', 4.7), ('respStart', 8.3), ('randNum', 0.140100939)])
115.4066 	EXP 	firstcircle_3: autoDraw = False
115.4066 	EXP 	text_3: autoDraw = False
115.4066 	EXP 	secondcircle: autoDraw = False
115.4066 	EXP 	text_4: autoDraw = False
115.4066 	EXP 	text_4: autoDraw = True
115.9065 	EXP 	text_4: autoDraw = False
115.9232 	EXP 	firstcircle_3: autoDraw = True
119.1065 	EXP 	firstcircle_3: autoDraw = False
119.1231 	EXP 	text_3: autoDraw = True
120.1065 	EXP 	text_3: autoDraw = False
120.1231 	EXP 	secondcircle: autoDraw = True
123.7064 	EXP 	secondcircle: autoDraw = False
124.5917 	DATA 	Keypress: left
124.5930 	EXP 	New trial (rep=0, index=11): OrderedDict([('firstTime', 2.8), ('secondTime', 2.1), ('corrAns', 'left'), ('plusStart', 3.3), ('secondStart', 4.3), ('respStart', 6.4), ('randNum', 0.019093293)])
124.6064 	EXP 	firstcircle_3: autoDraw = False
124.6064 	EXP 	text_3: autoDraw = False
124.6064 	EXP 	secondcircle: autoDraw = False
124.6064 	EXP 	text_4: autoDraw = False
124.6064 	EXP 	text_4: autoDraw = True
125.1064 	EXP 	text_4: autoDraw = False
125.1231 	EXP 	firstcircle_3: autoDraw = True
127.9064 	EXP 	firstcircle_3: autoDraw = False
127.9230 	EXP 	text_3: autoDraw = True
128.9063 	EXP 	text_3: autoDraw = False
128.9230 	EXP 	secondcircle: autoDraw = True
131.0063 	EXP 	secondcircle: autoDraw = False
131.6417 	DATA 	Keypress: left
131.6430 	EXP 	New trial (rep=0, index=12): OrderedDict([('firstTime', 0.9), ('secondTime', 1.8), ('corrAns', 'right'), ('plusStart', 1.4), ('secondStart', 2.4), ('respStart', 4.2), ('randNum', 0.461070472)])
131.6563 	EXP 	firstcircle_3: autoDraw = False
131.6563 	EXP 	text_3: autoDraw = False
131.6563 	EXP 	secondcircle: autoDraw = False
131.6563 	EXP 	text_4: autoDraw = False
131.6563 	EXP 	text_4: autoDraw = True
132.1563 	EXP 	text_4: autoDraw = False
132.1730 	EXP 	firstcircle_3: autoDraw = True
133.0563 	EXP 	firstcircle_3: autoDraw = False
133.0730 	EXP 	text_3: autoDraw = True
134.0563 	EXP 	text_3: autoDraw = False
134.0729 	EXP 	secondcircle: autoDraw = True
135.8562 	EXP 	secondcircle: autoDraw = False
136.3914 	DATA 	Keypress: right
136.3927 	EXP 	New trial (rep=0, index=13): OrderedDict([('firstTime', 2.1), ('secondTime', 2.8), ('corrAns', 'right'), ('plusStart', 2.6), ('secondStart', 3.6), ('respStart', 6.4), ('randNum', 0.22761601199999998)])
136.4062 	EXP 	firstcircle_3: autoDraw = False
136.4062 	EXP 	text_3: autoDraw = False
136.4062 	EXP 	secondcircle: autoDraw = False
136.4062 	EXP 	text_4: autoDraw = False
136.4062 	EXP 	text_4: autoDraw = True
136.9062 	EXP 	text_4: autoDraw = False
136.9229 	EXP 	firstcircle_3: autoDraw = True
139.0062 	EXP 	firstcircle_3: autoDraw = False
139.0229 	EXP 	text_3: autoDraw = True
140.0062 	EXP 	text_3: autoDraw = False
140.0229 	EXP 	secondcircle: autoDraw = True
142.8062 	EXP 	secondcircle: autoDraw = False
143.2749 	DATA 	Keypress: right
143.2762 	EXP 	New trial (rep=0, index=14): OrderedDict([('firstTime', 0.7), ('secondTime', 1.4), ('corrAns', 'right'), ('plusStart', 1.2), ('secondStart', 2.2), ('respStart', 3.6), ('randNum', 0.436550891)])
143.2895 	EXP 	firstcircle_3: autoDraw = False
143.2895 	EXP 	text_3: autoDraw = False
143.2895 	EXP 	secondcircle: autoDraw = False
143.2895 	EXP 	text_4: autoDraw = False
143.2895 	EXP 	text_4: autoDraw = True
143.7895 	EXP 	text_4: autoDraw = False
143.8061 	EXP 	firstcircle_3: autoDraw = True
144.4895 	EXP 	firstcircle_3: autoDraw = False
144.5061 	EXP 	text_3: autoDraw = True
145.4895 	EXP 	text_3: autoDraw = False
145.5061 	EXP 	secondcircle: autoDraw = True
146.8894 	EXP 	secondcircle: autoDraw = False
147.4582 	DATA 	Keypress: right
147.4596 	EXP 	New trial (rep=0, index=15): OrderedDict([('firstTime', 1.8), ('secondTime', 0.9), ('corrAns', 'left'), ('plusStart', 2.3), ('secondStart', 3.3), ('respStart', 4.2), ('randNum', 0.028891147000000002)])
147.4728 	EXP 	firstcircle_3: autoDraw = False
147.4728 	EXP 	text_3: autoDraw = False
147.4728 	EXP 	secondcircle: autoDraw = False
147.4728 	EXP 	text_4: autoDraw = False
147.4728 	EXP 	text_4: autoDraw = True
147.9728 	EXP 	text_4: autoDraw = False
147.9894 	EXP 	firstcircle_3: autoDraw = True
149.7727 	EXP 	firstcircle_3: autoDraw = False
149.7894 	EXP 	text_3: autoDraw = True
150.7727 	EXP 	text_3: autoDraw = False
150.7894 	EXP 	secondcircle: autoDraw = True
151.6727 	EXP 	secondcircle: autoDraw = False
152.4081 	DATA 	Keypress: left
152.4094 	EXP 	New trial (rep=0, index=16): OrderedDict([('firstTime', 2.7), ('secondTime', 1.8), ('corrAns', 'left'), ('plusStart', 3.2), ('secondStart', 4.2), ('respStart', 6.0), ('randNum', 0.277400549)])
152.4227 	EXP 	firstcircle_3: autoDraw = False
152.4227 	EXP 	text_3: autoDraw = False
152.4227 	EXP 	secondcircle: autoDraw = False
152.4227 	EXP 	text_4: autoDraw = False
152.4227 	EXP 	text_4: autoDraw = True
152.9227 	EXP 	text_4: autoDraw = False
152.9393 	EXP 	firstcircle_3: autoDraw = True
155.6226 	EXP 	firstcircle_3: autoDraw = False
155.6393 	EXP 	text_3: autoDraw = True
156.6226 	EXP 	text_3: autoDraw = False
156.6393 	EXP 	secondcircle: autoDraw = True
158.4227 	EXP 	secondcircle: autoDraw = False
159.2421 	DATA 	Keypress: left
159.2437 	EXP 	New trial (rep=0, index=17): OrderedDict([('firstTime', 9.9), ('secondTime', 8.8), ('corrAns', 'left'), ('plusStart', 10.4), ('secondStart', 11.4), ('respStart', 20.2), ('randNum', 0.9607848720000001)])
159.2559 	EXP 	firstcircle_3: autoDraw = False
159.2559 	EXP 	text_3: autoDraw = False
159.2559 	EXP 	secondcircle: autoDraw = False
159.2559 	EXP 	text_4: autoDraw = False
159.2559 	EXP 	text_4: autoDraw = True
159.7559 	EXP 	text_4: autoDraw = False
159.7726 	EXP 	firstcircle_3: autoDraw = True
169.6558 	EXP 	firstcircle_3: autoDraw = False
169.6725 	EXP 	text_3: autoDraw = True
170.6558 	EXP 	text_3: autoDraw = False
170.6724 	EXP 	secondcircle: autoDraw = True
179.4557 	EXP 	secondcircle: autoDraw = False
180.4743 	DATA 	Keypress: left
180.4757 	EXP 	New trial (rep=0, index=18): OrderedDict([('firstTime', 2.1), ('secondTime', 3.5), ('corrAns', 'right'), ('plusStart', 2.6), ('secondStart', 3.6), ('respStart', 7.1), ('randNum', 0.609327094)])
180.4890 	EXP 	firstcircle_3: autoDraw = False
180.4890 	EXP 	text_3: autoDraw = False
180.4890 	EXP 	secondcircle: autoDraw = False
180.4890 	EXP 	text_4: autoDraw = False
180.4890 	EXP 	text_4: autoDraw = True
180.9890 	EXP 	text_4: autoDraw = False
181.0056 	EXP 	firstcircle_3: autoDraw = True
183.0889 	EXP 	firstcircle_3: autoDraw = False
183.1056 	EXP 	text_3: autoDraw = True
184.0889 	EXP 	text_3: autoDraw = False
184.1056 	EXP 	secondcircle: autoDraw = True
187.5889 	EXP 	secondcircle: autoDraw = False
188.3742 	DATA 	Keypress: right
188.3756 	EXP 	New trial (rep=0, index=19): OrderedDict([('firstTime', 1.5), ('secondTime', 2.5), ('corrAns', 'right'), ('plusStart', 2.0), ('secondStart', 3.0), ('respStart', 5.5), ('randNum', 0.487304505)])
188.3889 	EXP 	firstcircle_3: autoDraw = False
188.3889 	EXP 	text_3: autoDraw = False
188.3889 	EXP 	secondcircle: autoDraw = False
188.3889 	EXP 	text_4: autoDraw = False
188.3889 	EXP 	text_4: autoDraw = True
188.8889 	EXP 	text_4: autoDraw = False
188.9055 	EXP 	firstcircle_3: autoDraw = True
190.3888 	EXP 	firstcircle_3: autoDraw = False
190.4055 	EXP 	text_3: autoDraw = True
191.3888 	EXP 	text_3: autoDraw = False
191.4055 	EXP 	secondcircle: autoDraw = True
193.8888 	EXP 	secondcircle: autoDraw = False
194.4740 	DATA 	Keypress: right
194.4888 	EXP 	firstcircle_3: autoDraw = False
194.4888 	EXP 	text_3: autoDraw = False
194.4888 	EXP 	secondcircle: autoDraw = False
194.4888 	EXP 	text_4: autoDraw = False
194.4888 	EXP 	text_5: autoDraw = True
207.5741 	DATA 	Keypress: space
207.5795 	EXP 	Imported conditionsTime2.csv as conditions, 20 conditions, 7 params
207.5798 	EXP 	Created sequence: sequential, trialTypes=20, nReps=1, seed=None
207.5802 	EXP 	New trial (rep=0, index=0): OrderedDict([('firstTime', 9.9), ('secondTime', 8.8), ('corrAns', 'left'), ('plusStart', 10.4), ('secondStart', 11.4), ('respStart', 20.2), ('randNum', 0.6005130679999999)])
207.5887 	EXP 	text_5: autoDraw = False
207.5887 	EXP 	text_4: autoDraw = True
208.0886 	EXP 	text_4: autoDraw = False
208.1053 	EXP 	firstcircle_3: autoDraw = True
217.9885 	EXP 	firstcircle_3: autoDraw = False
218.0051 	EXP 	text_3: autoDraw = True
218.9885 	EXP 	text_3: autoDraw = False
219.0051 	EXP 	secondcircle: autoDraw = True
227.7883 	EXP 	secondcircle: autoDraw = False
228.8736 	DATA 	Keypress: left
228.8752 	EXP 	New trial (rep=0, index=1): OrderedDict([('firstTime', 1.5), ('secondTime', 2.5), ('corrAns', 'right'), ('plusStart', 2.0), ('secondStart', 3.0), ('respStart', 5.5), ('randNum', 0.805142221)])
228.8883 	EXP 	firstcircle_3: autoDraw = False
228.8883 	EXP 	text_3: autoDraw = False
228.8883 	EXP 	secondcircle: autoDraw = False
228.8883 	EXP 	text_4: autoDraw = False
228.8883 	EXP 	text_4: autoDraw = True
229.3883 	EXP 	text_4: autoDraw = False
229.4050 	EXP 	firstcircle_3: autoDraw = True
230.8883 	EXP 	firstcircle_3: autoDraw = False
230.9050 	EXP 	text_3: autoDraw = True
231.8883 	EXP 	text_3: autoDraw = False
231.9050 	EXP 	secondcircle: autoDraw = True
234.3883 	EXP 	secondcircle: autoDraw = False
234.8902 	DATA 	Keypress: right
234.8916 	EXP 	New trial (rep=0, index=2): OrderedDict([('firstTime', 0.7), ('secondTime', 1.4), ('corrAns', 'right'), ('plusStart', 1.2), ('secondStart', 2.2), ('respStart', 3.6), ('randNum', 0.70587608)])
234.9050 	EXP 	firstcircle_3: autoDraw = False
234.9050 	EXP 	text_3: autoDraw = False
234.9050 	EXP 	secondcircle: autoDraw = False
234.9050 	EXP 	text_4: autoDraw = False
234.9050 	EXP 	text_4: autoDraw = True
235.4049 	EXP 	text_4: autoDraw = False
235.4216 	EXP 	firstcircle_3: autoDraw = True
236.1049 	EXP 	firstcircle_3: autoDraw = False
236.1216 	EXP 	text_3: autoDraw = True
237.1049 	EXP 	text_3: autoDraw = False
237.1215 	EXP 	secondcircle: autoDraw = True
238.5049 	EXP 	secondcircle: autoDraw = False
239.0402 	DATA 	Keypress: right
239.0415 	EXP 	New trial (rep=0, index=3): OrderedDict([('firstTime', 1.2), ('secondTime', 1.8), ('corrAns', 'right'), ('plusStart', 1.7), ('secondStart', 2.7), ('respStart', 4.5), ('randNum', 0.276216099)])
239.0548 	EXP 	firstcircle_3: autoDraw = False
239.0548 	EXP 	text_3: autoDraw = False
239.0548 	EXP 	secondcircle: autoDraw = False
239.0548 	EXP 	text_4: autoDraw = False
239.0548 	EXP 	text_4: autoDraw = True
239.5548 	EXP 	text_4: autoDraw = False
239.5715 	EXP 	firstcircle_3: autoDraw = True
240.7548 	EXP 	firstcircle_3: autoDraw = False
240.7715 	EXP 	text_3: autoDraw = True
241.7548 	EXP 	text_3: autoDraw = False
241.7715 	EXP 	secondcircle: autoDraw = True
243.5548 	EXP 	secondcircle: autoDraw = False
244.3401 	DATA 	Keypress: right
244.3415 	EXP 	New trial (rep=0, index=4): OrderedDict([('firstTime', 3.3), ('secondTime', 4.4), ('corrAns', 'right'), ('plusStart', 3.8), ('secondStart', 4.8), ('respStart', 9.2), ('randNum', 0.803512663)])
244.3548 	EXP 	firstcircle_3: autoDraw = False
244.3548 	EXP 	text_3: autoDraw = False
244.3548 	EXP 	secondcircle: autoDraw = False
244.3548 	EXP 	text_4: autoDraw = False
244.3548 	EXP 	text_4: autoDraw = True
244.8548 	EXP 	text_4: autoDraw = False
244.8714 	EXP 	firstcircle_3: autoDraw = True
248.1547 	EXP 	firstcircle_3: autoDraw = False
248.1714 	EXP 	text_3: autoDraw = True
249.1547 	EXP 	text_3: autoDraw = False
249.1714 	EXP 	secondcircle: autoDraw = True
253.5547 	EXP 	secondcircle: autoDraw = False
254.2568 	DATA 	Keypress: right
254.2582 	EXP 	New trial (rep=0, index=5): OrderedDict([('firstTime', 2.1), ('secondTime', 2.8), ('corrAns', 'right'), ('plusStart', 2.6), ('secondStart', 3.6), ('respStart', 6.4), ('randNum', 0.26721103399999996)])
254.2713 	EXP 	firstcircle_3: autoDraw = False
254.2713 	EXP 	text_3: autoDraw = False
254.2713 	EXP 	secondcircle: autoDraw = False
254.2713 	EXP 	text_4: autoDraw = False
254.2713 	EXP 	text_4: autoDraw = True
254.7713 	EXP 	text_4: autoDraw = False
254.7880 	EXP 	firstcircle_3: autoDraw = True
256.8713 	EXP 	firstcircle_3: autoDraw = False
256.8879 	EXP 	text_3: autoDraw = True
257.8713 	EXP 	text_3: autoDraw = False
257.8879 	EXP 	secondcircle: autoDraw = True
260.6712 	EXP 	secondcircle: autoDraw = False
261.0232 	DATA 	Keypress: right
261.0246 	EXP 	New trial (rep=0, index=6): OrderedDict([('firstTime', 2.8), ('secondTime', 2.1), ('corrAns', 'left'), ('plusStart', 3.3), ('secondStart', 4.3), ('respStart', 6.4), ('randNum', 0.1426323)])
261.0379 	EXP 	firstcircle_3: autoDraw = False
261.0379 	EXP 	text_3: autoDraw = False
261.0379 	EXP 	secondcircle: autoDraw = False
261.0379 	EXP 	text_4: autoDraw = False
261.0379 	EXP 	text_4: autoDraw = True
261.5379 	EXP 	text_4: autoDraw = False
261.5545 	EXP 	firstcircle_3: autoDraw = True
264.3378 	EXP 	firstcircle_3: autoDraw = False
264.3545 	EXP 	text_3: autoDraw = True
265.3378 	EXP 	text_3: autoDraw = False
265.3545 	EXP 	secondcircle: autoDraw = True
267.4378 	EXP 	secondcircle: autoDraw = False
268.1896 	DATA 	Keypress: left
268.1910 	EXP 	New trial (rep=0, index=7): OrderedDict([('firstTime', 2.7), ('secondTime', 1.8), ('corrAns', 'left'), ('plusStart', 3.2), ('secondStart', 4.2), ('respStart', 6.0), ('randNum', 0.15619143)])
268.2045 	EXP 	firstcircle_3: autoDraw = False
268.2045 	EXP 	text_3: autoDraw = False
268.2045 	EXP 	secondcircle: autoDraw = False
268.2045 	EXP 	text_4: autoDraw = False
268.2045 	EXP 	text_4: autoDraw = True
268.7045 	EXP 	text_4: autoDraw = False
268.7211 	EXP 	firstcircle_3: autoDraw = True
271.4044 	EXP 	firstcircle_3: autoDraw = False
271.4211 	EXP 	text_3: autoDraw = True
272.4044 	EXP 	text_3: autoDraw = False
272.4211 	EXP 	secondcircle: autoDraw = True
274.2044 	EXP 	secondcircle: autoDraw = False
274.9898 	DATA 	Keypress: left
274.9912 	EXP 	New trial (rep=0, index=8): OrderedDict([('firstTime', 8.8), ('secondTime', 9.9), ('corrAns', 'right'), ('plusStart', 9.3), ('secondStart', 10.3), ('respStart', 20.2), ('randNum', 0.549248995)])
275.0044 	EXP 	firstcircle_3: autoDraw = False
275.0044 	EXP 	text_3: autoDraw = False
275.0044 	EXP 	secondcircle: autoDraw = False
275.0044 	EXP 	text_4: autoDraw = False
275.0044 	EXP 	text_4: autoDraw = True
275.5045 	EXP 	text_4: autoDraw = False
275.5211 	EXP 	firstcircle_3: autoDraw = True
284.3042 	EXP 	firstcircle_3: autoDraw = False
284.3209 	EXP 	text_3: autoDraw = True
285.3042 	EXP 	text_3: autoDraw = False
285.3209 	EXP 	secondcircle: autoDraw = True
295.2041 	EXP 	secondcircle: autoDraw = False
295.8732 	DATA 	Keypress: right
295.8891 	EXP 	New trial (rep=0, index=9): OrderedDict([('firstTime', 2.5), ('secondTime', 1.5), ('corrAns', 'left'), ('plusStart', 3.0), ('secondStart', 4.0), ('respStart', 5.5), ('randNum', 0.358211186)])
295.9041 	EXP 	firstcircle_3: autoDraw = False
295.9041 	EXP 	text_3: autoDraw = False
295.9041 	EXP 	secondcircle: autoDraw = False
295.9041 	EXP 	text_4: autoDraw = False
295.9041 	EXP 	text_4: autoDraw = True
296.4041 	EXP 	text_4: autoDraw = False
296.4207 	EXP 	firstcircle_3: autoDraw = True
298.9040 	EXP 	firstcircle_3: autoDraw = False
298.9207 	EXP 	text_3: autoDraw = True
299.9040 	EXP 	text_3: autoDraw = False
299.9207 	EXP 	secondcircle: autoDraw = True
301.4040 	EXP 	secondcircle: autoDraw = False
302.2895 	DATA 	Keypress: left
302.2909 	EXP 	New trial (rep=0, index=10): OrderedDict([('firstTime', 1.8), ('secondTime', 0.9), ('corrAns', 'left'), ('plusStart', 2.3), ('secondStart', 3.3), ('respStart', 4.2), ('randNum', 0.907401646)])
302.3040 	EXP 	firstcircle_3: autoDraw = False
302.3040 	EXP 	text_3: autoDraw = False
302.3040 	EXP 	secondcircle: autoDraw = False
302.3040 	EXP 	text_4: autoDraw = False
302.3040 	EXP 	text_4: autoDraw = True
302.8040 	EXP 	text_4: autoDraw = False
302.8207 	EXP 	firstcircle_3: autoDraw = True
304.6040 	EXP 	firstcircle_3: autoDraw = False
304.6206 	EXP 	text_3: autoDraw = True
305.6040 	EXP 	text_3: autoDraw = False
305.6206 	EXP 	secondcircle: autoDraw = True
306.5039 	EXP 	secondcircle: autoDraw = False
307.3059 	DATA 	Keypress: left
307.3073 	EXP 	New trial (rep=0, index=11): OrderedDict([('firstTime', 3.2), ('secondTime', 3.6), ('corrAns', 'right'), ('plusStart', 3.7), ('secondStart', 4.7), ('respStart', 8.3), ('randNum', 0.40261677799999995)])
307.3206 	EXP 	firstcircle_3: autoDraw = False
307.3206 	EXP 	text_3: autoDraw = False
307.3206 	EXP 	secondcircle: autoDraw = False
307.3206 	EXP 	text_4: autoDraw = False
307.3206 	EXP 	text_4: autoDraw = True
307.8206 	EXP 	text_4: autoDraw = False
307.8373 	EXP 	firstcircle_3: autoDraw = True
311.0205 	EXP 	firstcircle_3: autoDraw = False
311.0372 	EXP 	text_3: autoDraw = True
312.0205 	EXP 	text_3: autoDraw = False
312.0372 	EXP 	secondcircle: autoDraw = True
315.6205 	EXP 	secondcircle: autoDraw = False
316.1724 	DATA 	Keypress: left
316.1738 	EXP 	New trial (rep=0, index=12): OrderedDict([('firstTime', 2.1), ('secondTime', 3.5), ('corrAns', 'right'), ('plusStart', 2.6), ('secondStart', 3.6), ('respStart', 7.1), ('randNum', 0.699018652)])
316.1871 	EXP 	firstcircle_3: autoDraw = False
316.1871 	EXP 	text_3: autoDraw = False
316.1871 	EXP 	secondcircle: autoDraw = False
316.1871 	EXP 	text_4: autoDraw = False
316.1871 	EXP 	text_4: autoDraw = True
316.6872 	EXP 	text_4: autoDraw = False
316.7038 	EXP 	firstcircle_3: autoDraw = True
318.7871 	EXP 	firstcircle_3: autoDraw = False
318.8038 	EXP 	text_3: autoDraw = True
319.7871 	EXP 	text_3: autoDraw = False
319.8038 	EXP 	secondcircle: autoDraw = True
323.2871 	EXP 	secondcircle: autoDraw = False
323.9056 	DATA 	Keypress: right
323.9070 	EXP 	New trial (rep=0, index=13): OrderedDict([('firstTime', 1.8), ('secondTime', 2.7), ('corrAns', 'right'), ('plusStart', 2.3), ('secondStart', 3.3), ('respStart', 6.0), ('randNum', 0.8590765890000001)])
323.9204 	EXP 	firstcircle_3: autoDraw = False
323.9204 	EXP 	text_3: autoDraw = False
323.9204 	EXP 	secondcircle: autoDraw = False
323.9204 	EXP 	text_4: autoDraw = False
323.9204 	EXP 	text_4: autoDraw = True
324.4204 	EXP 	text_4: autoDraw = False
324.4370 	EXP 	firstcircle_3: autoDraw = True
326.2204 	EXP 	firstcircle_3: autoDraw = False
326.2370 	EXP 	text_3: autoDraw = True
327.2203 	EXP 	text_3: autoDraw = False
327.2370 	EXP 	secondcircle: autoDraw = True
329.9203 	EXP 	secondcircle: autoDraw = False
330.5390 	DATA 	Keypress: right
330.5404 	EXP 	New trial (rep=0, index=14): OrderedDict([('firstTime', 1.4), ('secondTime', 0.7), ('corrAns', 'left'), ('plusStart', 1.9), ('secondStart', 2.9), ('respStart', 3.6), ('randNum', 0.413030013)])
330.5537 	EXP 	firstcircle_3: autoDraw = False
330.5537 	EXP 	text_3: autoDraw = False
330.5537 	EXP 	secondcircle: autoDraw = False
330.5537 	EXP 	text_4: autoDraw = False
330.5537 	EXP 	text_4: autoDraw = True
331.0536 	EXP 	text_4: autoDraw = False
331.0703 	EXP 	firstcircle_3: autoDraw = True
332.4536 	EXP 	firstcircle_3: autoDraw = False
332.4703 	EXP 	text_3: autoDraw = True
333.4536 	EXP 	text_3: autoDraw = False
333.4703 	EXP 	secondcircle: autoDraw = True
334.1536 	EXP 	secondcircle: autoDraw = False
334.6892 	DATA 	Keypress: left
334.7052 	EXP 	New trial (rep=0, index=15): OrderedDict([('firstTime', 3.6), ('secondTime', 3.2), ('corrAns', 'left'), ('plusStart', 4.1), ('secondStart', 5.1), ('respStart', 8.3), ('randNum', 0.12198344800000001)])
334.7202 	EXP 	firstcircle_3: autoDraw = False
334.7202 	EXP 	text_3: autoDraw = False
334.7202 	EXP 	secondcircle: autoDraw = False
334.7202 	EXP 	text_4: autoDraw = False
334.7202 	EXP 	text_4: autoDraw = True
335.2202 	EXP 	text_4: autoDraw = False
335.2369 	EXP 	firstcircle_3: autoDraw = True
338.8202 	EXP 	firstcircle_3: autoDraw = False
338.8369 	EXP 	text_3: autoDraw = True
339.8202 	EXP 	text_3: autoDraw = False
339.8368 	EXP 	secondcircle: autoDraw = True
343.0201 	EXP 	secondcircle: autoDraw = False
343.8555 	DATA 	Keypress: left
343.8568 	EXP 	New trial (rep=0, index=16): OrderedDict([('firstTime', 4.4), ('secondTime', 3.3), ('corrAns', 'left'), ('plusStart', 4.9), ('secondStart', 5.9), ('respStart', 9.2), ('randNum', 0.7908218929999999)])
343.8701 	EXP 	firstcircle_3: autoDraw = False
343.8701 	EXP 	text_3: autoDraw = False
343.8701 	EXP 	secondcircle: autoDraw = False
343.8701 	EXP 	text_4: autoDraw = False
343.8701 	EXP 	text_4: autoDraw = True
344.3701 	EXP 	text_4: autoDraw = False
344.3868 	EXP 	firstcircle_3: autoDraw = True
348.7700 	EXP 	firstcircle_3: autoDraw = False
348.7867 	EXP 	text_3: autoDraw = True
349.7700 	EXP 	text_3: autoDraw = False
349.7867 	EXP 	secondcircle: autoDraw = True
353.0700 	EXP 	secondcircle: autoDraw = False
353.7553 	DATA 	Keypress: left
353.7566 	EXP 	New trial (rep=0, index=17): OrderedDict([('firstTime', 3.5), ('secondTime', 2.1), ('corrAns', 'left'), ('plusStart', 4.0), ('secondStart', 5.0), ('respStart', 7.1), ('randNum', 0.149007794)])
353.7700 	EXP 	firstcircle_3: autoDraw = False
353.7700 	EXP 	text_3: autoDraw = False
353.7700 	EXP 	secondcircle: autoDraw = False
353.7700 	EXP 	text_4: autoDraw = False
353.7700 	EXP 	text_4: autoDraw = True
354.2700 	EXP 	text_4: autoDraw = False
354.2867 	EXP 	firstcircle_3: autoDraw = True
357.7699 	EXP 	firstcircle_3: autoDraw = False
357.7866 	EXP 	text_3: autoDraw = True
358.7699 	EXP 	text_3: autoDraw = False
358.7866 	EXP 	secondcircle: autoDraw = True
360.8699 	EXP 	secondcircle: autoDraw = False
361.4883 	DATA 	Keypress: left
361.4897 	EXP 	New trial (rep=0, index=18): OrderedDict([('firstTime', 1.8), ('secondTime', 1.2), ('corrAns', 'left'), ('plusStart', 2.3), ('secondStart', 3.3), ('respStart', 4.5), ('randNum', 0.44825194799999996)])
361.5032 	EXP 	firstcircle_3: autoDraw = False
361.5032 	EXP 	text_3: autoDraw = False
361.5032 	EXP 	secondcircle: autoDraw = False
361.5032 	EXP 	text_4: autoDraw = False
361.5032 	EXP 	text_4: autoDraw = True
362.0032 	EXP 	text_4: autoDraw = False
362.0199 	EXP 	firstcircle_3: autoDraw = True
363.8032 	EXP 	firstcircle_3: autoDraw = False
363.8198 	EXP 	text_3: autoDraw = True
364.8032 	EXP 	text_3: autoDraw = False
364.8198 	EXP 	secondcircle: autoDraw = True
366.0031 	EXP 	secondcircle: autoDraw = False
366.6384 	DATA 	Keypress: left
366.6398 	EXP 	New trial (rep=0, index=19): OrderedDict([('firstTime', 0.9), ('secondTime', 1.8), ('corrAns', 'right'), ('plusStart', 1.4), ('secondStart', 2.4), ('respStart', 4.2), ('randNum', 0.35938568299999996)])
366.6531 	EXP 	firstcircle_3: autoDraw = False
366.6531 	EXP 	text_3: autoDraw = False
366.6531 	EXP 	secondcircle: autoDraw = False
366.6531 	EXP 	text_4: autoDraw = False
366.6531 	EXP 	text_4: autoDraw = True
367.1531 	EXP 	text_4: autoDraw = False
367.1698 	EXP 	firstcircle_3: autoDraw = True
368.0531 	EXP 	firstcircle_3: autoDraw = False
368.0698 	EXP 	text_3: autoDraw = True
369.0531 	EXP 	text_3: autoDraw = False
369.0698 	EXP 	secondcircle: autoDraw = True
370.8531 	EXP 	secondcircle: autoDraw = False
371.5551 	DATA 	Keypress: right
371.5697 	EXP 	firstcircle_3: autoDraw = False
371.5697 	EXP 	text_3: autoDraw = False
371.5697 	EXP 	secondcircle: autoDraw = False
371.5697 	EXP 	text_4: autoDraw = False
371.5697 	EXP 	text_6: autoDraw = True
624.4537 	DATA 	Keypress: space
624.4735 	EXP 	Imported conditionsTime3.csv as conditions, 20 conditions, 7 params
624.4739 	EXP 	Created sequence: sequential, trialTypes=20, nReps=1, seed=None
624.4743 	EXP 	New trial (rep=0, index=0): OrderedDict([('firstTime', 2.7), ('secondTime', 1.8), ('corrAns', 'left'), ('plusStart', 3.2), ('secondStart', 4.2), ('respStart', 6.0), ('randNum', 0.09224181599999999)])
624.4830 	EXP 	text_6: autoDraw = False
624.4830 	EXP 	text_4: autoDraw = True
624.9830 	EXP 	text_4: autoDraw = False
624.9996 	EXP 	firstcircle_3: autoDraw = True
627.6829 	EXP 	firstcircle_3: autoDraw = False
627.6996 	EXP 	text_3: autoDraw = True
628.6829 	EXP 	text_3: autoDraw = False
628.6996 	EXP 	secondcircle: autoDraw = True
630.4829 	EXP 	secondcircle: autoDraw = False
631.1183 	DATA 	Keypress: left
631.1200 	EXP 	New trial (rep=0, index=1): OrderedDict([('firstTime', 1.8), ('secondTime', 2.7), ('corrAns', 'right'), ('plusStart', 2.3), ('secondStart', 3.3), ('respStart', 6.0), ('randNum', 0.320860695)])
631.1329 	EXP 	firstcircle_3: autoDraw = False
631.1329 	EXP 	text_3: autoDraw = False
631.1329 	EXP 	secondcircle: autoDraw = False
631.1329 	EXP 	text_4: autoDraw = False
631.1329 	EXP 	text_4: autoDraw = True
631.6329 	EXP 	text_4: autoDraw = False
631.6496 	EXP 	firstcircle_3: autoDraw = True
633.4329 	EXP 	firstcircle_3: autoDraw = False
633.4495 	EXP 	text_3: autoDraw = True
634.4328 	EXP 	text_3: autoDraw = False
634.4495 	EXP 	secondcircle: autoDraw = True
637.1328 	EXP 	secondcircle: autoDraw = False
637.7017 	DATA 	Keypress: right
637.7031 	EXP 	New trial (rep=0, index=2): OrderedDict([('firstTime', 0.7), ('secondTime', 1.4), ('corrAns', 'right'), ('plusStart', 1.2), ('secondStart', 2.2), ('respStart', 3.6), ('randNum', 0.091696964)])
637.7161 	EXP 	firstcircle_3: autoDraw = False
637.7161 	EXP 	text_3: autoDraw = False
637.7161 	EXP 	secondcircle: autoDraw = False
637.7161 	EXP 	text_4: autoDraw = False
637.7161 	EXP 	text_4: autoDraw = True
638.2161 	EXP 	text_4: autoDraw = False
638.2328 	EXP 	firstcircle_3: autoDraw = True
638.9161 	EXP 	firstcircle_3: autoDraw = False
638.9328 	EXP 	text_3: autoDraw = True
639.9161 	EXP 	text_3: autoDraw = False
639.9328 	EXP 	secondcircle: autoDraw = True
641.3161 	EXP 	secondcircle: autoDraw = False
642.0515 	DATA 	Keypress: right
642.0529 	EXP 	New trial (rep=0, index=3): OrderedDict([('firstTime', 4.4), ('secondTime', 3.3), ('corrAns', 'left'), ('plusStart', 4.9), ('secondStart', 5.9), ('respStart', 9.2), ('randNum', 0.010112259)])
642.0661 	EXP 	firstcircle_3: autoDraw = False
642.0661 	EXP 	text_3: autoDraw = False
642.0661 	EXP 	secondcircle: autoDraw = False
642.0661 	EXP 	text_4: autoDraw = False
642.0661 	EXP 	text_4: autoDraw = True
642.5661 	EXP 	text_4: autoDraw = False
642.5828 	EXP 	firstcircle_3: autoDraw = True
646.9660 	EXP 	firstcircle_3: autoDraw = False
646.9827 	EXP 	text_3: autoDraw = True
647.9660 	EXP 	text_3: autoDraw = False
647.9827 	EXP 	secondcircle: autoDraw = True
651.2660 	EXP 	secondcircle: autoDraw = False
651.9680 	DATA 	Keypress: left
651.9694 	EXP 	New trial (rep=0, index=4): OrderedDict([('firstTime', 0.9), ('secondTime', 1.8), ('corrAns', 'right'), ('plusStart', 1.4), ('secondStart', 2.4), ('respStart', 4.2), ('randNum', 0.877480265)])
651.9826 	EXP 	firstcircle_3: autoDraw = False
651.9826 	EXP 	text_3: autoDraw = False
651.9826 	EXP 	secondcircle: autoDraw = False
651.9826 	EXP 	text_4: autoDraw = False
651.9826 	EXP 	text_4: autoDraw = True
652.4826 	EXP 	text_4: autoDraw = False
652.4993 	EXP 	firstcircle_3: autoDraw = True
653.3826 	EXP 	firstcircle_3: autoDraw = False
653.3993 	EXP 	text_3: autoDraw = True
654.3826 	EXP 	text_3: autoDraw = False
654.3993 	EXP 	secondcircle: autoDraw = True
656.1826 	EXP 	secondcircle: autoDraw = False
656.8013 	DATA 	Keypress: right
656.8027 	EXP 	New trial (rep=0, index=5): OrderedDict([('firstTime', 1.8), ('secondTime', 0.9), ('corrAns', 'left'), ('plusStart', 2.3), ('secondStart', 3.3), ('respStart', 4.2), ('randNum', 0.74232345)])
656.8159 	EXP 	firstcircle_3: autoDraw = False
656.8159 	EXP 	text_3: autoDraw = False
656.8159 	EXP 	secondcircle: autoDraw = False
656.8159 	EXP 	text_4: autoDraw = False
656.8159 	EXP 	text_4: autoDraw = True
657.3159 	EXP 	text_4: autoDraw = False
657.3325 	EXP 	firstcircle_3: autoDraw = True
659.1158 	EXP 	firstcircle_3: autoDraw = False
659.1325 	EXP 	text_3: autoDraw = True
660.1158 	EXP 	text_3: autoDraw = False
660.1325 	EXP 	secondcircle: autoDraw = True
661.0158 	EXP 	secondcircle: autoDraw = False
661.7678 	DATA 	Keypress: left
661.7691 	EXP 	New trial (rep=0, index=6): OrderedDict([('firstTime', 1.8), ('secondTime', 1.2), ('corrAns', 'left'), ('plusStart', 2.3), ('secondStart', 3.3), ('respStart', 4.5), ('randNum', 0.307053849)])
661.7825 	EXP 	firstcircle_3: autoDraw = False
661.7825 	EXP 	text_3: autoDraw = False
661.7825 	EXP 	secondcircle: autoDraw = False
661.7825 	EXP 	text_4: autoDraw = False
661.7825 	EXP 	text_4: autoDraw = True
662.2825 	EXP 	text_4: autoDraw = False
662.2991 	EXP 	firstcircle_3: autoDraw = True
664.0825 	EXP 	firstcircle_3: autoDraw = False
664.0991 	EXP 	text_3: autoDraw = True
665.0824 	EXP 	text_3: autoDraw = False
665.0992 	EXP 	secondcircle: autoDraw = True
666.2824 	EXP 	secondcircle: autoDraw = False
666.9012 	DATA 	Keypress: left
666.9026 	EXP 	New trial (rep=0, index=7): OrderedDict([('firstTime', 3.6), ('secondTime', 3.2), ('corrAns', 'left'), ('plusStart', 4.1), ('secondStart', 5.1), ('respStart', 8.3), ('randNum', 0.331236492)])
666.9157 	EXP 	firstcircle_3: autoDraw = False
666.9157 	EXP 	text_3: autoDraw = False
666.9157 	EXP 	secondcircle: autoDraw = False
666.9157 	EXP 	text_4: autoDraw = False
666.9157 	EXP 	text_4: autoDraw = True
667.4157 	EXP 	text_4: autoDraw = False
667.4324 	EXP 	firstcircle_3: autoDraw = True
671.0157 	EXP 	firstcircle_3: autoDraw = False
671.0324 	EXP 	text_3: autoDraw = True
672.0157 	EXP 	text_3: autoDraw = False
672.0323 	EXP 	secondcircle: autoDraw = True
675.2156 	EXP 	secondcircle: autoDraw = False
675.8844 	DATA 	Keypress: left
675.8858 	EXP 	New trial (rep=0, index=8): OrderedDict([('firstTime', 2.5), ('secondTime', 1.5), ('corrAns', 'left'), ('plusStart', 3.0), ('secondStart', 4.0), ('respStart', 5.5), ('randNum', 0.778562476)])
675.8990 	EXP 	firstcircle_3: autoDraw = False
675.8990 	EXP 	text_3: autoDraw = False
675.8990 	EXP 	secondcircle: autoDraw = False
675.8990 	EXP 	text_4: autoDraw = False
675.8990 	EXP 	text_4: autoDraw = True
676.3990 	EXP 	text_4: autoDraw = False
676.4156 	EXP 	firstcircle_3: autoDraw = True
678.8989 	EXP 	firstcircle_3: autoDraw = False
678.9156 	EXP 	text_3: autoDraw = True
679.8989 	EXP 	text_3: autoDraw = False
679.9156 	EXP 	secondcircle: autoDraw = True
681.3989 	EXP 	secondcircle: autoDraw = False
682.0677 	DATA 	Keypress: left
682.0691 	EXP 	New trial (rep=0, index=9): OrderedDict([('firstTime', 1.2), ('secondTime', 1.8), ('corrAns', 'right'), ('plusStart', 1.7), ('secondStart', 2.7), ('respStart', 4.5), ('randNum', 0.18131893100000002)])
682.0822 	EXP 	firstcircle_3: autoDraw = False
682.0822 	EXP 	text_3: autoDraw = False
682.0822 	EXP 	secondcircle: autoDraw = False
682.0822 	EXP 	text_4: autoDraw = False
682.0822 	EXP 	text_4: autoDraw = True
682.5822 	EXP 	text_4: autoDraw = False
682.5989 	EXP 	firstcircle_3: autoDraw = True
683.7822 	EXP 	firstcircle_3: autoDraw = False
683.7988 	EXP 	text_3: autoDraw = True
684.7822 	EXP 	text_3: autoDraw = False
684.7988 	EXP 	secondcircle: autoDraw = True
686.5821 	EXP 	secondcircle: autoDraw = False
687.4175 	DATA 	Keypress: right
687.4189 	EXP 	New trial (rep=0, index=10): OrderedDict([('firstTime', 2.8), ('secondTime', 2.1), ('corrAns', 'left'), ('plusStart', 3.3), ('secondStart', 4.3), ('respStart', 6.4), ('randNum', 0.897215002)])
687.4321 	EXP 	firstcircle_3: autoDraw = False
687.4321 	EXP 	text_3: autoDraw = False
687.4321 	EXP 	secondcircle: autoDraw = False
687.4321 	EXP 	text_4: autoDraw = False
687.4321 	EXP 	text_4: autoDraw = True
687.9321 	EXP 	text_4: autoDraw = False
687.9488 	EXP 	firstcircle_3: autoDraw = True
690.7321 	EXP 	firstcircle_3: autoDraw = False
690.7487 	EXP 	text_3: autoDraw = True
691.7321 	EXP 	text_3: autoDraw = False
691.7487 	EXP 	secondcircle: autoDraw = True
693.8320 	EXP 	secondcircle: autoDraw = False
694.9175 	DATA 	Keypress: left
694.9188 	EXP 	New trial (rep=0, index=11): OrderedDict([('firstTime', 2.1), ('secondTime', 2.8), ('corrAns', 'right'), ('plusStart', 2.6), ('secondStart', 3.6), ('respStart', 6.4), ('randNum', 0.734438325)])
694.9320 	EXP 	firstcircle_3: autoDraw = False
694.9320 	EXP 	text_3: autoDraw = False
694.9320 	EXP 	secondcircle: autoDraw = False
694.9320 	EXP 	text_4: autoDraw = False
694.9320 	EXP 	text_4: autoDraw = True
695.4320 	EXP 	text_4: autoDraw = False
695.4487 	EXP 	firstcircle_3: autoDraw = True
697.5321 	EXP 	firstcircle_3: autoDraw = False
697.5487 	EXP 	text_3: autoDraw = True
698.5320 	EXP 	text_3: autoDraw = False
698.5486 	EXP 	secondcircle: autoDraw = True
701.3319 	EXP 	secondcircle: autoDraw = False
702.0337 	DATA 	Keypress: right
702.0351 	EXP 	New trial (rep=0, index=12): OrderedDict([('firstTime', 3.2), ('secondTime', 3.6), ('corrAns', 'right'), ('plusStart', 3.7), ('secondStart', 4.7), ('respStart', 8.3), ('randNum', 0.716372322)])
702.0486 	EXP 	firstcircle_3: autoDraw = False
702.0486 	EXP 	text_3: autoDraw = False
702.0486 	EXP 	secondcircle: autoDraw = False
702.0486 	EXP 	text_4: autoDraw = False
702.0486 	EXP 	text_4: autoDraw = True
702.5486 	EXP 	text_4: autoDraw = False
702.5653 	EXP 	firstcircle_3: autoDraw = True
705.7486 	EXP 	firstcircle_3: autoDraw = False
705.7652 	EXP 	text_3: autoDraw = True
706.7485 	EXP 	text_3: autoDraw = False
706.7652 	EXP 	secondcircle: autoDraw = True
710.3485 	EXP 	secondcircle: autoDraw = False
711.1503 	DATA 	Keypress: right
711.1517 	EXP 	New trial (rep=0, index=13): OrderedDict([('firstTime', 2.1), ('secondTime', 3.5), ('corrAns', 'right'), ('plusStart', 2.6), ('secondStart', 3.6), ('respStart', 7.1), ('randNum', 0.2797458)])
711.1652 	EXP 	firstcircle_3: autoDraw = False
711.1652 	EXP 	text_3: autoDraw = False
711.1652 	EXP 	secondcircle: autoDraw = False
711.1652 	EXP 	text_4: autoDraw = False
711.1652 	EXP 	text_4: autoDraw = True
711.6651 	EXP 	text_4: autoDraw = False
711.6818 	EXP 	firstcircle_3: autoDraw = True
713.7651 	EXP 	firstcircle_3: autoDraw = False
713.7818 	EXP 	text_3: autoDraw = True
714.7651 	EXP 	text_3: autoDraw = False
714.7818 	EXP 	secondcircle: autoDraw = True
718.2651 	EXP 	secondcircle: autoDraw = False
718.7672 	DATA 	Keypress: right
718.7685 	EXP 	New trial (rep=0, index=14): OrderedDict([('firstTime', 1.4), ('secondTime', 0.7), ('corrAns', 'left'), ('plusStart', 1.9), ('secondStart', 2.9), ('respStart', 3.6), ('randNum', 0.038284202)])
718.7817 	EXP 	firstcircle_3: autoDraw = False
718.7817 	EXP 	text_3: autoDraw = False
718.7817 	EXP 	secondcircle: autoDraw = False
718.7817 	EXP 	text_4: autoDraw = False
718.7817 	EXP 	text_4: autoDraw = True
719.2817 	EXP 	text_4: autoDraw = False
719.2984 	EXP 	firstcircle_3: autoDraw = True
720.6817 	EXP 	firstcircle_3: autoDraw = False
720.6983 	EXP 	text_3: autoDraw = True
721.6817 	EXP 	text_3: autoDraw = False
721.6983 	EXP 	secondcircle: autoDraw = True
722.3817 	EXP 	secondcircle: autoDraw = False
724.3336 	DATA 	Keypress: left
724.3350 	EXP 	New trial (rep=0, index=15): OrderedDict([('firstTime', 9.9), ('secondTime', 8.8), ('corrAns', 'left'), ('plusStart', 10.4), ('secondStart', 11.4), ('respStart', 20.2), ('randNum', 0.656448526)])
724.3483 	EXP 	firstcircle_3: autoDraw = False
724.3483 	EXP 	text_3: autoDraw = False
724.3483 	EXP 	secondcircle: autoDraw = False
724.3483 	EXP 	text_4: autoDraw = False
724.3483 	EXP 	text_4: autoDraw = True
724.8483 	EXP 	text_4: autoDraw = False
724.8650 	EXP 	firstcircle_3: autoDraw = True
734.7482 	EXP 	firstcircle_3: autoDraw = False
734.7648 	EXP 	text_3: autoDraw = True
735.7481 	EXP 	text_3: autoDraw = False
735.7648 	EXP 	secondcircle: autoDraw = True
744.5480 	EXP 	secondcircle: autoDraw = False
745.4500 	DATA 	Keypress: left
745.4513 	EXP 	New trial (rep=0, index=16): OrderedDict([('firstTime', 3.5), ('secondTime', 2.1), ('corrAns', 'left'), ('plusStart', 4.0), ('secondStart', 5.0), ('respStart', 7.1), ('randNum', 0.25078508899999996)])
745.4647 	EXP 	firstcircle_3: autoDraw = False
745.4647 	EXP 	text_3: autoDraw = False
745.4647 	EXP 	secondcircle: autoDraw = False
745.4647 	EXP 	text_4: autoDraw = False
745.4647 	EXP 	text_4: autoDraw = True
745.9647 	EXP 	text_4: autoDraw = False
745.9814 	EXP 	firstcircle_3: autoDraw = True
749.4647 	EXP 	firstcircle_3: autoDraw = False
749.4813 	EXP 	text_3: autoDraw = True
750.4647 	EXP 	text_3: autoDraw = False
750.4813 	EXP 	secondcircle: autoDraw = True
752.5646 	EXP 	secondcircle: autoDraw = False
753.2166 	DATA 	Keypress: left
753.2179 	EXP 	New trial (rep=0, index=17): OrderedDict([('firstTime', 8.8), ('secondTime', 9.9), ('corrAns', 'right'), ('plusStart', 9.3), ('secondStart', 10.3), ('respStart', 20.2), ('randNum', 0.055985873)])
753.2312 	EXP 	firstcircle_3: autoDraw = False
753.2312 	EXP 	text_3: autoDraw = False
753.2312 	EXP 	secondcircle: autoDraw = False
753.2312 	EXP 	text_4: autoDraw = False
753.2312 	EXP 	text_4: autoDraw = True
753.7312 	EXP 	text_4: autoDraw = False
753.7479 	EXP 	firstcircle_3: autoDraw = True
762.5311 	EXP 	firstcircle_3: autoDraw = False
762.5478 	EXP 	text_3: autoDraw = True
763.5311 	EXP 	text_3: autoDraw = False
763.5478 	EXP 	secondcircle: autoDraw = True
773.4310 	EXP 	secondcircle: autoDraw = False
774.1827 	DATA 	Keypress: right
774.1840 	EXP 	New trial (rep=0, index=18): OrderedDict([('firstTime', 1.5), ('secondTime', 2.5), ('corrAns', 'right'), ('plusStart', 2.0), ('secondStart', 3.0), ('respStart', 5.5), ('randNum', 0.279030548)])
774.1976 	EXP 	firstcircle_3: autoDraw = False
774.1976 	EXP 	text_3: autoDraw = False
774.1976 	EXP 	secondcircle: autoDraw = False
774.1976 	EXP 	text_4: autoDraw = False
774.1976 	EXP 	text_4: autoDraw = True
774.6976 	EXP 	text_4: autoDraw = False
774.7143 	EXP 	firstcircle_3: autoDraw = True
776.1976 	EXP 	firstcircle_3: autoDraw = False
776.2143 	EXP 	text_3: autoDraw = True
777.1976 	EXP 	text_3: autoDraw = False
777.2142 	EXP 	secondcircle: autoDraw = True
779.6975 	EXP 	secondcircle: autoDraw = False
780.1832 	DATA 	Keypress: right
780.1992 	EXP 	New trial (rep=0, index=19): OrderedDict([('firstTime', 3.3), ('secondTime', 4.4), ('corrAns', 'right'), ('plusStart', 3.8), ('secondStart', 4.8), ('respStart', 9.2), ('randNum', 0.6214470879999999)])
780.2142 	EXP 	firstcircle_3: autoDraw = False
780.2142 	EXP 	text_3: autoDraw = False
780.2142 	EXP 	secondcircle: autoDraw = False
780.2142 	EXP 	text_4: autoDraw = False
780.2142 	EXP 	text_4: autoDraw = True
780.7143 	EXP 	text_4: autoDraw = False
780.7309 	EXP 	firstcircle_3: autoDraw = True
784.0142 	EXP 	firstcircle_3: autoDraw = False
784.0308 	EXP 	text_3: autoDraw = True
785.0142 	EXP 	text_3: autoDraw = False
785.0308 	EXP 	secondcircle: autoDraw = True
789.4141 	EXP 	secondcircle: autoDraw = False
789.7495 	DATA 	Keypress: right
789.7641 	EXP 	firstcircle_3: autoDraw = False
789.7641 	EXP 	text_3: autoDraw = False
789.7641 	EXP 	secondcircle: autoDraw = False
789.7641 	EXP 	text_4: autoDraw = False
789.7641 	EXP 	text_7: autoDraw = True
794.7831 	DATA 	Keypress: space
794.7887 	EXP 	Imported conditionsTime4.csv as conditions, 20 conditions, 7 params
794.7890 	EXP 	Created sequence: sequential, trialTypes=20, nReps=1, seed=None
794.7894 	EXP 	New trial (rep=0, index=0): OrderedDict([('firstTime', 2.5), ('secondTime', 1.5), ('corrAns', 'left'), ('plusStart', 3.0), ('secondStart', 4.0), ('respStart', 5.5), ('randNum', 0.9526453340000001)])
794.7974 	EXP 	text_7: autoDraw = False
794.7974 	EXP 	text_4: autoDraw = True
795.2973 	EXP 	text_4: autoDraw = False
795.3140 	EXP 	firstcircle_3: autoDraw = True
797.7973 	EXP 	firstcircle_3: autoDraw = False
797.8140 	EXP 	text_3: autoDraw = True
798.7973 	EXP 	text_3: autoDraw = False
798.8140 	EXP 	secondcircle: autoDraw = True
800.2973 	EXP 	secondcircle: autoDraw = False
801.0991 	DATA 	Keypress: left
801.1007 	EXP 	New trial (rep=0, index=1): OrderedDict([('firstTime', 2.8), ('secondTime', 2.1), ('corrAns', 'left'), ('plusStart', 3.3), ('secondStart', 4.3), ('respStart', 6.4), ('randNum', 0.962497787)])
801.1139 	EXP 	firstcircle_3: autoDraw = False
801.1139 	EXP 	text_3: autoDraw = False
801.1139 	EXP 	secondcircle: autoDraw = False
801.1139 	EXP 	text_4: autoDraw = False
801.1139 	EXP 	text_4: autoDraw = True
801.6139 	EXP 	text_4: autoDraw = False
801.6306 	EXP 	firstcircle_3: autoDraw = True
804.4139 	EXP 	firstcircle_3: autoDraw = False
804.4306 	EXP 	text_3: autoDraw = True
805.4139 	EXP 	text_3: autoDraw = False
805.4305 	EXP 	secondcircle: autoDraw = True
807.5138 	EXP 	secondcircle: autoDraw = False
808.3659 	DATA 	Keypress: left
808.3674 	EXP 	New trial (rep=0, index=2): OrderedDict([('firstTime', 2.7), ('secondTime', 1.8), ('corrAns', 'left'), ('plusStart', 3.2), ('secondStart', 4.2), ('respStart', 6.0), ('randNum', 0.06690605599999999)])
808.3805 	EXP 	firstcircle_3: autoDraw = False
808.3805 	EXP 	text_3: autoDraw = False
808.3805 	EXP 	secondcircle: autoDraw = False
808.3805 	EXP 	text_4: autoDraw = False
808.3805 	EXP 	text_4: autoDraw = True
808.8805 	EXP 	text_4: autoDraw = False
808.8972 	EXP 	firstcircle_3: autoDraw = True
811.5805 	EXP 	firstcircle_3: autoDraw = False
811.5971 	EXP 	text_3: autoDraw = True
812.5804 	EXP 	text_3: autoDraw = False
812.5971 	EXP 	secondcircle: autoDraw = True
814.3804 	EXP 	secondcircle: autoDraw = False
815.1491 	DATA 	Keypress: left
815.1505 	EXP 	New trial (rep=0, index=3): OrderedDict([('firstTime', 8.8), ('secondTime', 9.9), ('corrAns', 'right'), ('plusStart', 9.3), ('secondStart', 10.3), ('respStart', 20.2), ('randNum', 0.09555333099999999)])
815.1637 	EXP 	firstcircle_3: autoDraw = False
815.1637 	EXP 	text_3: autoDraw = False
815.1637 	EXP 	secondcircle: autoDraw = False
815.1637 	EXP 	text_4: autoDraw = False
815.1637 	EXP 	text_4: autoDraw = True
815.6637 	EXP 	text_4: autoDraw = False
815.6804 	EXP 	firstcircle_3: autoDraw = True
824.4636 	EXP 	firstcircle_3: autoDraw = False
824.4803 	EXP 	text_3: autoDraw = True
825.4636 	EXP 	text_3: autoDraw = False
825.4803 	EXP 	secondcircle: autoDraw = True
835.3635 	EXP 	secondcircle: autoDraw = False
835.8818 	DATA 	Keypress: right
835.8832 	EXP 	New trial (rep=0, index=4): OrderedDict([('firstTime', 1.8), ('secondTime', 2.7), ('corrAns', 'right'), ('plusStart', 2.3), ('secondStart', 3.3), ('respStart', 6.0), ('randNum', 0.559320406)])
835.8968 	EXP 	firstcircle_3: autoDraw = False
835.8968 	EXP 	text_3: autoDraw = False
835.8968 	EXP 	secondcircle: autoDraw = False
835.8968 	EXP 	text_4: autoDraw = False
835.8968 	EXP 	text_4: autoDraw = True
836.3968 	EXP 	text_4: autoDraw = False
836.4135 	EXP 	firstcircle_3: autoDraw = True
838.1968 	EXP 	firstcircle_3: autoDraw = False
838.2134 	EXP 	text_3: autoDraw = True
839.1968 	EXP 	text_3: autoDraw = False
839.2134 	EXP 	secondcircle: autoDraw = True
841.8967 	EXP 	secondcircle: autoDraw = False
842.2321 	DATA 	Keypress: right
842.2335 	EXP 	New trial (rep=0, index=5): OrderedDict([('firstTime', 3.5), ('secondTime', 2.1), ('corrAns', 'left'), ('plusStart', 4.0), ('secondStart', 5.0), ('respStart', 7.1), ('randNum', 0.885130943)])
842.2468 	EXP 	firstcircle_3: autoDraw = False
842.2468 	EXP 	text_3: autoDraw = False
842.2468 	EXP 	secondcircle: autoDraw = False
842.2468 	EXP 	text_4: autoDraw = False
842.2468 	EXP 	text_4: autoDraw = True
842.7467 	EXP 	text_4: autoDraw = False
842.7634 	EXP 	firstcircle_3: autoDraw = True
846.2467 	EXP 	firstcircle_3: autoDraw = False
846.2633 	EXP 	text_3: autoDraw = True
847.2466 	EXP 	text_3: autoDraw = False
847.2633 	EXP 	secondcircle: autoDraw = True
849.3467 	EXP 	secondcircle: autoDraw = False
850.3317 	DATA 	Keypress: left
850.3329 	EXP 	New trial (rep=0, index=6): OrderedDict([('firstTime', 2.1), ('secondTime', 2.8), ('corrAns', 'right'), ('plusStart', 2.6), ('secondStart', 3.6), ('respStart', 6.4), ('randNum', 0.7843272990000001)])
850.3466 	EXP 	firstcircle_3: autoDraw = False
850.3466 	EXP 	text_3: autoDraw = False
850.3466 	EXP 	secondcircle: autoDraw = False
850.3466 	EXP 	text_4: autoDraw = False
850.3466 	EXP 	text_4: autoDraw = True
850.8466 	EXP 	text_4: autoDraw = False
850.8633 	EXP 	firstcircle_3: autoDraw = True
852.9466 	EXP 	firstcircle_3: autoDraw = False
852.9632 	EXP 	text_3: autoDraw = True
853.9465 	EXP 	text_3: autoDraw = False
853.9632 	EXP 	secondcircle: autoDraw = True
856.7465 	EXP 	secondcircle: autoDraw = False
857.0984 	DATA 	Keypress: right
857.0997 	EXP 	New trial (rep=0, index=7): OrderedDict([('firstTime', 4.4), ('secondTime', 3.3), ('corrAns', 'left'), ('plusStart', 4.9), ('secondStart', 5.9), ('respStart', 9.2), ('randNum', 0.594355042)])
857.1132 	EXP 	firstcircle_3: autoDraw = False
857.1132 	EXP 	text_3: autoDraw = False
857.1132 	EXP 	secondcircle: autoDraw = False
857.1132 	EXP 	text_4: autoDraw = False
857.1132 	EXP 	text_4: autoDraw = True
857.6132 	EXP 	text_4: autoDraw = False
857.6298 	EXP 	firstcircle_3: autoDraw = True
862.0131 	EXP 	firstcircle_3: autoDraw = False
862.0298 	EXP 	text_3: autoDraw = True
863.0131 	EXP 	text_3: autoDraw = False
863.0298 	EXP 	secondcircle: autoDraw = True
866.3130 	EXP 	secondcircle: autoDraw = False
867.2151 	DATA 	Keypress: left
867.2165 	EXP 	New trial (rep=0, index=8): OrderedDict([('firstTime', 0.9), ('secondTime', 1.8), ('corrAns', 'right'), ('plusStart', 1.4), ('secondStart', 2.4), ('respStart', 4.2), ('randNum', 0.39760777399999997)])
867.2297 	EXP 	firstcircle_3: autoDraw = False
867.2297 	EXP 	text_3: autoDraw = False
867.2297 	EXP 	secondcircle: autoDraw = False
867.2297 	EXP 	text_4: autoDraw = False
867.2297 	EXP 	text_4: autoDraw = True
867.7297 	EXP 	text_4: autoDraw = False
867.7464 	EXP 	firstcircle_3: autoDraw = True
868.6297 	EXP 	firstcircle_3: autoDraw = False
868.6463 	EXP 	text_3: autoDraw = True
869.6297 	EXP 	text_3: autoDraw = False
869.6463 	EXP 	secondcircle: autoDraw = True
871.4296 	EXP 	secondcircle: autoDraw = False
871.9150 	DATA 	Keypress: right
871.9164 	EXP 	New trial (rep=0, index=9): OrderedDict([('firstTime', 3.6), ('secondTime', 3.2), ('corrAns', 'left'), ('plusStart', 4.1), ('secondStart', 5.1), ('respStart', 8.3), ('randNum', 0.454525661)])
871.9297 	EXP 	firstcircle_3: autoDraw = False
871.9297 	EXP 	text_3: autoDraw = False
871.9297 	EXP 	secondcircle: autoDraw = False
871.9297 	EXP 	text_4: autoDraw = False
871.9297 	EXP 	text_4: autoDraw = True
872.4296 	EXP 	text_4: autoDraw = False
872.4463 	EXP 	firstcircle_3: autoDraw = True
876.0296 	EXP 	firstcircle_3: autoDraw = False
876.0463 	EXP 	text_3: autoDraw = True
877.0296 	EXP 	text_3: autoDraw = False
877.0462 	EXP 	secondcircle: autoDraw = True
880.2295 	EXP 	secondcircle: autoDraw = False
881.0983 	DATA 	Keypress: left
881.1001 	EXP 	New trial (rep=0, index=10): OrderedDict([('firstTime', 9.9), ('secondTime', 8.8), ('corrAns', 'left'), ('plusStart', 10.4), ('secondStart', 11.4), ('respStart', 20.2), ('randNum', 0.335173919)])
881.1128 	EXP 	firstcircle_3: autoDraw = False
881.1128 	EXP 	text_3: autoDraw = False
881.1128 	EXP 	secondcircle: autoDraw = False
881.1128 	EXP 	text_4: autoDraw = False
881.1128 	EXP 	text_4: autoDraw = True
881.6128 	EXP 	text_4: autoDraw = False
881.6295 	EXP 	firstcircle_3: autoDraw = True
891.5127 	EXP 	firstcircle_3: autoDraw = False
891.5294 	EXP 	text_3: autoDraw = True
892.5127 	EXP 	text_3: autoDraw = False
892.5294 	EXP 	secondcircle: autoDraw = True
901.3126 	EXP 	secondcircle: autoDraw = False
904.4644 	DATA 	Keypress: left
904.4658 	EXP 	New trial (rep=0, index=11): OrderedDict([('firstTime', 1.8), ('secondTime', 1.2), ('corrAns', 'left'), ('plusStart', 2.3), ('secondStart', 3.3), ('respStart', 4.5), ('randNum', 0.050156068)])
904.4792 	EXP 	firstcircle_3: autoDraw = False
904.4792 	EXP 	text_3: autoDraw = False
904.4792 	EXP 	secondcircle: autoDraw = False
904.4792 	EXP 	text_4: autoDraw = False
904.4792 	EXP 	text_4: autoDraw = True
904.9792 	EXP 	text_4: autoDraw = False
904.9959 	EXP 	firstcircle_3: autoDraw = True
906.7792 	EXP 	firstcircle_3: autoDraw = False
906.7958 	EXP 	text_3: autoDraw = True
907.7792 	EXP 	text_3: autoDraw = False
907.7958 	EXP 	secondcircle: autoDraw = True
908.9791 	EXP 	secondcircle: autoDraw = False
909.7311 	DATA 	Keypress: left
909.7325 	EXP 	New trial (rep=0, index=12): OrderedDict([('firstTime', 2.1), ('secondTime', 3.5), ('corrAns', 'right'), ('plusStart', 2.6), ('secondStart', 3.6), ('respStart', 7.1), ('randNum', 0.553210354)])
909.7458 	EXP 	firstcircle_3: autoDraw = False
909.7458 	EXP 	text_3: autoDraw = False
909.7458 	EXP 	secondcircle: autoDraw = False
909.7458 	EXP 	text_4: autoDraw = False
909.7458 	EXP 	text_4: autoDraw = True
910.2458 	EXP 	text_4: autoDraw = False
910.2625 	EXP 	firstcircle_3: autoDraw = True
912.3458 	EXP 	firstcircle_3: autoDraw = False
912.3624 	EXP 	text_3: autoDraw = True
913.3457 	EXP 	text_3: autoDraw = False
913.3624 	EXP 	secondcircle: autoDraw = True
916.8457 	EXP 	secondcircle: autoDraw = False
917.2476 	DATA 	Keypress: right
917.2489 	EXP 	New trial (rep=0, index=13): OrderedDict([('firstTime', 3.2), ('secondTime', 3.6), ('corrAns', 'right'), ('plusStart', 3.7), ('secondStart', 4.7), ('respStart', 8.3), ('randNum', 0.062598668)])
917.2624 	EXP 	firstcircle_3: autoDraw = False
917.2624 	EXP 	text_3: autoDraw = False
917.2624 	EXP 	secondcircle: autoDraw = False
917.2624 	EXP 	text_4: autoDraw = False
917.2624 	EXP 	text_4: autoDraw = True
917.7623 	EXP 	text_4: autoDraw = False
917.7790 	EXP 	firstcircle_3: autoDraw = True
920.9623 	EXP 	firstcircle_3: autoDraw = False
920.9790 	EXP 	text_3: autoDraw = True
921.9623 	EXP 	text_3: autoDraw = False
921.9790 	EXP 	secondcircle: autoDraw = True
925.5623 	EXP 	secondcircle: autoDraw = False
926.1310 	DATA 	Keypress: right
926.1324 	EXP 	New trial (rep=0, index=14): OrderedDict([('firstTime', 1.5), ('secondTime', 2.5), ('corrAns', 'right'), ('plusStart', 2.0), ('secondStart', 3.0), ('respStart', 5.5), ('randNum', 0.851613693)])
926.1457 	EXP 	firstcircle_3: autoDraw = False
926.1457 	EXP 	text_3: autoDraw = False
926.1457 	EXP 	secondcircle: autoDraw = False
926.1457 	EXP 	text_4: autoDraw = False
926.1457 	EXP 	text_4: autoDraw = True
926.6456 	EXP 	text_4: autoDraw = False
926.6622 	EXP 	firstcircle_3: autoDraw = True
928.1455 	EXP 	firstcircle_3: autoDraw = False
928.1622 	EXP 	text_3: autoDraw = True
929.1456 	EXP 	text_3: autoDraw = False
929.1622 	EXP 	secondcircle: autoDraw = True
931.6455 	EXP 	secondcircle: autoDraw = False
932.2140 	DATA 	Keypress: right
932.2154 	EXP 	New trial (rep=0, index=15): OrderedDict([('firstTime', 1.2), ('secondTime', 1.8), ('corrAns', 'right'), ('plusStart', 1.7), ('secondStart', 2.7), ('respStart', 4.5), ('randNum', 0.9561071459999999)])
932.2288 	EXP 	firstcircle_3: autoDraw = False
932.2288 	EXP 	text_3: autoDraw = False
932.2288 	EXP 	secondcircle: autoDraw = False
932.2288 	EXP 	text_4: autoDraw = False
932.2288 	EXP 	text_4: autoDraw = True
932.7288 	EXP 	text_4: autoDraw = False
932.7455 	EXP 	firstcircle_3: autoDraw = True
933.9288 	EXP 	firstcircle_3: autoDraw = False
933.9455 	EXP 	text_3: autoDraw = True
934.9288 	EXP 	text_3: autoDraw = False
934.9455 	EXP 	secondcircle: autoDraw = True
936.7288 	EXP 	secondcircle: autoDraw = False
937.5305 	DATA 	Keypress: right
937.5318 	EXP 	New trial (rep=0, index=16): OrderedDict([('firstTime', 3.3), ('secondTime', 4.4), ('corrAns', 'right'), ('plusStart', 3.8), ('secondStart', 4.8), ('respStart', 9.2), ('randNum', 0.25372748300000003)])
937.5454 	EXP 	firstcircle_3: autoDraw = False
937.5454 	EXP 	text_3: autoDraw = False
937.5454 	EXP 	secondcircle: autoDraw = False
937.5454 	EXP 	text_4: autoDraw = False
937.5454 	EXP 	text_4: autoDraw = True
938.0455 	EXP 	text_4: autoDraw = False
938.0621 	EXP 	firstcircle_3: autoDraw = True
941.3454 	EXP 	firstcircle_3: autoDraw = False
941.3621 	EXP 	text_3: autoDraw = True
942.3454 	EXP 	text_3: autoDraw = False
942.3620 	EXP 	secondcircle: autoDraw = True
946.7453 	EXP 	secondcircle: autoDraw = False
947.2642 	DATA 	Keypress: right
947.2657 	EXP 	New trial (rep=0, index=17): OrderedDict([('firstTime', 1.8), ('secondTime', 0.9), ('corrAns', 'left'), ('plusStart', 2.3), ('secondStart', 3.3), ('respStart', 4.2), ('randNum', 0.328250033)])
947.2786 	EXP 	firstcircle_3: autoDraw = False
947.2786 	EXP 	text_3: autoDraw = False
947.2786 	EXP 	secondcircle: autoDraw = False
947.2786 	EXP 	text_4: autoDraw = False
947.2786 	EXP 	text_4: autoDraw = True
947.7786 	EXP 	text_4: autoDraw = False
947.7953 	EXP 	firstcircle_3: autoDraw = True
949.5786 	EXP 	firstcircle_3: autoDraw = False
949.5953 	EXP 	text_3: autoDraw = True
950.5786 	EXP 	text_3: autoDraw = False
950.5953 	EXP 	secondcircle: autoDraw = True
951.4786 	EXP 	secondcircle: autoDraw = False
952.4639 	DATA 	Keypress: left
952.4653 	EXP 	New trial (rep=0, index=18): OrderedDict([('firstTime', 1.4), ('secondTime', 0.7), ('corrAns', 'left'), ('plusStart', 1.9), ('secondStart', 2.9), ('respStart', 3.6), ('randNum', 0.26139814899999997)])
952.4786 	EXP 	firstcircle_3: autoDraw = False
952.4786 	EXP 	text_3: autoDraw = False
952.4786 	EXP 	secondcircle: autoDraw = False
952.4786 	EXP 	text_4: autoDraw = False
952.4786 	EXP 	text_4: autoDraw = True
952.9785 	EXP 	text_4: autoDraw = False
952.9952 	EXP 	firstcircle_3: autoDraw = True
954.3785 	EXP 	firstcircle_3: autoDraw = False
954.3952 	EXP 	text_3: autoDraw = True
955.3785 	EXP 	text_3: autoDraw = False
955.3952 	EXP 	secondcircle: autoDraw = True
956.0785 	EXP 	secondcircle: autoDraw = False
956.7638 	DATA 	Keypress: left
956.7651 	EXP 	New trial (rep=0, index=19): OrderedDict([('firstTime', 0.7), ('secondTime', 1.4), ('corrAns', 'right'), ('plusStart', 1.2), ('secondStart', 2.2), ('respStart', 3.6), ('randNum', 0.515481866)])
956.7785 	EXP 	firstcircle_3: autoDraw = False
956.7785 	EXP 	text_3: autoDraw = False
956.7785 	EXP 	secondcircle: autoDraw = False
956.7785 	EXP 	text_4: autoDraw = False
956.7785 	EXP 	text_4: autoDraw = True
957.2785 	EXP 	text_4: autoDraw = False
957.2952 	EXP 	firstcircle_3: autoDraw = True
957.9785 	EXP 	firstcircle_3: autoDraw = False
957.9952 	EXP 	text_3: autoDraw = True
958.9785 	EXP 	text_3: autoDraw = False
958.9952 	EXP 	secondcircle: autoDraw = True
960.3784 	EXP 	secondcircle: autoDraw = False
961.1302 	DATA 	Keypress: right
961.1451 	EXP 	firstcircle_3: autoDraw = False
961.1451 	EXP 	text_3: autoDraw = False
961.1451 	EXP 	secondcircle: autoDraw = False
961.1451 	EXP 	text_4: autoDraw = False
961.1451 	EXP 	text_2: autoDraw = True
964.4115 	EXP 	window1: mouseVisible = True
