1.5335 	WARNING 	sounddevice audio lib was requested but not loaded: sounddevice not working
35.3179 	WARNING 	User requested fullscreen with size [1024  768], but screen is actually [1440, 900]. Using actual size
36.0038 	EXP 	Created window1 = Window(allowGUI=False, allowStencil=False, args=UNKNOWN, autoLog=True, bitsMode=UNKNOWN, blendMode='avg', color=array([0., 0., 0.]), colorSpace='rgb', fullscr=<method-wrapper '__getattribute__' of attributeSetter object at 0x10f65fd68>, gamma=None, kwargs=UNKNOWN, lms=UNKNOWN, monitor=<psychopy.monitors.calibTools.Monitor object at 0x113ed7390>, multiSample=False, name='window1', numSamples=2, pos=[0.0, 0.0], screen=0, size=array([2880, 1800]), stereo=False, units='norm', useFBO=True, useRetina=True, viewOri=0.0, viewPos=None, viewScale=None, waitBlanking=True, winType='pyglet')
36.0038 	EXP 	window1: recordFrameIntervals = False
36.1696 	EXP 	window1: recordFrameIntervals = True
36.3530 	EXP 	window1: recordFrameIntervals = False
36.5004 	EXP 	Created insRound1 = TextStim(__class__=<class 'psychopy.visual.text.TextStim'>, alignHoriz='center', alignVert='center', antialias=True, autoLog=True, bold=False, color='white', colorSpace='named', contrast=1.0, depth=0.0, flipHoriz=False, flipVert=False, font='Arial', fontFiles=[], height=0.07, italic=False, languageStyle='LTR', name='insRound1', opacity=1.0, ori=0, pos=array([0., 0.]), rgb=array([255., 255., 255.]), text=str(...), units='norm', win=Window(...), wrapWidth=1)
36.5103 	EXP 	Created text = TextStim(__class__=<class 'psychopy.visual.text.TextStim'>, alignHoriz='center', alignVert='center', antialias=True, autoLog=True, bold=False, color='white', colorSpace='named', contrast=1.0, depth=0.0, flipHoriz=False, flipVert=False, font='Arial', fontFiles=[], height=0.1, italic=False, languageStyle='LTR', name='text', opacity=1.0, ori=0, pos=array([0., 0.]), rgb=array([255., 255., 255.]), text='Block 1 starts\n\nPress space', units='norm', win=Window(...), wrapWidth=1)
36.5225 	EXP 	Created firstcircle_3 = Polygon(__class__=<class 'psychopy.visual.polygon.Polygon'>, autoDraw=False, autoLog=True, closeShape=True, color=method-wrapper(...), colorSpace=None, contrast=1.0, depth=0.0, fillColor=array([1., 1., 1.]), fillColorSpace='rgb', fillRGB=array([1., 1., 1.]), interpolate=True, lineColor=array([1., 1., 1.]), lineColorSpace='rgb', lineRGB=array([1., 1., 1.]), lineWidth=1, name='firstcircle_3', opacity=1.0, ori=array(0.), pos=array([0., 0.]), size=array([0.3, 0.5]), units='norm', vertices=ndarray(...), win=Window(...))
36.5272 	EXP 	Created text_3 = TextStim(__class__=<class 'psychopy.visual.text.TextStim'>, alignHoriz='center', alignVert='center', antialias=True, autoLog=True, bold=False, color='white', colorSpace='named', contrast=1.0, depth=-2.0, flipHoriz=False, flipVert=False, font='Arial', fontFiles=[], height=0.1, italic=False, languageStyle='LTR', name='text_3', opacity=1.0, ori=0, pos=array([0., 0.]), rgb=array([255., 255., 255.]), text='+', units='norm', win=Window(...), wrapWidth=1)
36.5308 	EXP 	Created secondcircle = Polygon(__class__=<class 'psychopy.visual.polygon.Polygon'>, autoDraw=False, autoLog=True, closeShape=True, color=method-wrapper(...), colorSpace=None, contrast=1.0, depth=-3.0, fillColor=array([-1., -1., -1.]), fillColorSpace='rgb', fillRGB=array([-1., -1., -1.]), interpolate=True, lineColor=array([-1., -1., -1.]), lineColorSpace='rgb', lineRGB=array([-1., -1., -1.]), lineWidth=1, name='secondcircle', opacity=1.0, ori=array(0.), pos=array([0., 0.]), size=array([0.3, 0.5]), units='norm', vertices=ndarray(...), win=Window(...))
36.5351 	EXP 	Created text_4 = TextStim(__class__=<class 'psychopy.visual.text.TextStim'>, alignHoriz='center', alignVert='center', antialias=True, autoLog=True, bold=False, color='white', colorSpace='named', contrast=1.0, depth=-4.0, flipHoriz=False, flipVert=False, font='Arial', fontFiles=[], height=0.1, italic=False, languageStyle='LTR', name='text_4', opacity=1.0, ori=0, pos=array([0., 0.]), rgb=array([255., 255., 255.]), text='next', units='norm', win=Window(...), wrapWidth=1)
36.5419 	EXP 	Created text_5 = TextStim(__class__=<class 'psychopy.visual.text.TextStim'>, alignHoriz='center', alignVert='center', antialias=True, autoLog=True, bold=False, color='white', colorSpace='named', contrast=1.0, depth=0.0, flipHoriz=False, flipVert=False, font='Arial', fontFiles=[], height=0.1, italic=False, languageStyle='LTR', name='text_5', opacity=1.0, ori=0, pos=array([0., 0.]), rgb=array([255., 255., 255.]), text='Block 2 starts\n\nPress space', units='norm', win=Window(...), wrapWidth=1)
36.5443 	EXP 	Created firstcircle_3 = Polygon(__class__=<class 'psychopy.visual.polygon.Polygon'>, autoDraw=False, autoLog=True, closeShape=True, color=method-wrapper(...), colorSpace=None, contrast=1.0, depth=0.0, fillColor=array([1., 1., 1.]), fillColorSpace='rgb', fillRGB=array([1., 1., 1.]), interpolate=True, lineColor=array([1., 1., 1.]), lineColorSpace='rgb', lineRGB=array([1., 1., 1.]), lineWidth=1, name='firstcircle_3', opacity=1.0, ori=array(0.), pos=array([0., 0.]), size=array([0.3, 0.5]), units='norm', vertices=ndarray(...), win=Window(...))
36.5463 	EXP 	Created text_3 = TextStim(__class__=<class 'psychopy.visual.text.TextStim'>, alignHoriz='center', alignVert='center', antialias=True, autoLog=True, bold=False, color='white', colorSpace='named', contrast=1.0, depth=-2.0, flipHoriz=False, flipVert=False, font='Arial', fontFiles=[], height=0.1, italic=False, languageStyle='LTR', name='text_3', opacity=1.0, ori=0, pos=array([0., 0.]), rgb=array([255., 255., 255.]), text='+', units='norm', win=Window(...), wrapWidth=1)
36.5487 	EXP 	Created secondcircle = Polygon(__class__=<class 'psychopy.visual.polygon.Polygon'>, autoDraw=False, autoLog=True, closeShape=True, color=method-wrapper(...), colorSpace=None, contrast=1.0, depth=-3.0, fillColor=array([-1., -1., -1.]), fillColorSpace='rgb', fillRGB=array([-1., -1., -1.]), interpolate=True, lineColor=array([-1., -1., -1.]), lineColorSpace='rgb', lineRGB=array([-1., -1., -1.]), lineWidth=1, name='secondcircle', opacity=1.0, ori=array(0.), pos=array([0., 0.]), size=array([0.3, 0.5]), units='norm', vertices=ndarray(...), win=Window(...))
36.5508 	EXP 	Created text_4 = TextStim(__class__=<class 'psychopy.visual.text.TextStim'>, alignHoriz='center', alignVert='center', antialias=True, autoLog=True, bold=False, color='white', colorSpace='named', contrast=1.0, depth=-4.0, flipHoriz=False, flipVert=False, font='Arial', fontFiles=[], height=0.1, italic=False, languageStyle='LTR', name='text_4', opacity=1.0, ori=0, pos=array([0., 0.]), rgb=array([255., 255., 255.]), text='next', units='norm', win=Window(...), wrapWidth=1)
36.5567 	EXP 	Created text_6 = TextStim(__class__=<class 'psychopy.visual.text.TextStim'>, alignHoriz='center', alignVert='center', antialias=True, autoLog=True, bold=False, color='white', colorSpace='named', contrast=1.0, depth=0.0, flipHoriz=False, flipVert=False, font='Arial', fontFiles=[], height=0.1, italic=False, languageStyle='LTR', name='text_6', opacity=1.0, ori=0, pos=array([0., 0.]), rgb=array([255., 255., 255.]), text='Block 3 starts\n\nPress space', units='norm', win=Window(...), wrapWidth=1)
36.5592 	EXP 	Created firstcircle_3 = Polygon(__class__=<class 'psychopy.visual.polygon.Polygon'>, autoDraw=False, autoLog=True, closeShape=True, color=method-wrapper(...), colorSpace=None, contrast=1.0, depth=0.0, fillColor=array([1., 1., 1.]), fillColorSpace='rgb', fillRGB=array([1., 1., 1.]), interpolate=True, lineColor=array([1., 1., 1.]), lineColorSpace='rgb', lineRGB=array([1., 1., 1.]), lineWidth=1, name='firstcircle_3', opacity=1.0, ori=array(0.), pos=array([0., 0.]), size=array([0.3, 0.5]), units='norm', vertices=ndarray(...), win=Window(...))
36.5611 	EXP 	Created text_3 = TextStim(__class__=<class 'psychopy.visual.text.TextStim'>, alignHoriz='center', alignVert='center', antialias=True, autoLog=True, bold=False, color='white', colorSpace='named', contrast=1.0, depth=-2.0, flipHoriz=False, flipVert=False, font='Arial', fontFiles=[], height=0.1, italic=False, languageStyle='LTR', name='text_3', opacity=1.0, ori=0, pos=array([0., 0.]), rgb=array([255., 255., 255.]), text='+', units='norm', win=Window(...), wrapWidth=1)
36.5637 	EXP 	Created secondcircle = Polygon(__class__=<class 'psychopy.visual.polygon.Polygon'>, autoDraw=False, autoLog=True, closeShape=True, color=method-wrapper(...), colorSpace=None, contrast=1.0, depth=-3.0, fillColor=array([-1., -1., -1.]), fillColorSpace='rgb', fillRGB=array([-1., -1., -1.]), interpolate=True, lineColor=array([-1., -1., -1.]), lineColorSpace='rgb', lineRGB=array([-1., -1., -1.]), lineWidth=1, name='secondcircle', opacity=1.0, ori=array(0.), pos=array([0., 0.]), size=array([0.3, 0.5]), units='norm', vertices=ndarray(...), win=Window(...))
36.5659 	EXP 	Created text_4 = TextStim(__class__=<class 'psychopy.visual.text.TextStim'>, alignHoriz='center', alignVert='center', antialias=True, autoLog=True, bold=False, color='white', colorSpace='named', contrast=1.0, depth=-4.0, flipHoriz=False, flipVert=False, font='Arial', fontFiles=[], height=0.1, italic=False, languageStyle='LTR', name='text_4', opacity=1.0, ori=0, pos=array([0., 0.]), rgb=array([255., 255., 255.]), text='next', units='norm', win=Window(...), wrapWidth=1)
36.5717 	EXP 	Created text_7 = TextStim(__class__=<class 'psychopy.visual.text.TextStim'>, alignHoriz='center', alignVert='center', antialias=True, autoLog=True, bold=False, color='white', colorSpace='named', contrast=1.0, depth=0.0, flipHoriz=False, flipVert=False, font='Arial', fontFiles=[], height=0.1, italic=False, languageStyle='LTR', name='text_7', opacity=1.0, ori=0, pos=array([0., 0.]), rgb=array([255., 255., 255.]), text='Block 4 starts\n\nPress space', units='norm', win=Window(...), wrapWidth=1)
36.5742 	EXP 	Created firstcircle_3 = Polygon(__class__=<class 'psychopy.visual.polygon.Polygon'>, autoDraw=False, autoLog=True, closeShape=True, color=method-wrapper(...), colorSpace=None, contrast=1.0, depth=0.0, fillColor=array([1., 1., 1.]), fillColorSpace='rgb', fillRGB=array([1., 1., 1.]), interpolate=True, lineColor=array([1., 1., 1.]), lineColorSpace='rgb', lineRGB=array([1., 1., 1.]), lineWidth=1, name='firstcircle_3', opacity=1.0, ori=array(0.), pos=array([0., 0.]), size=array([0.3, 0.5]), units='norm', vertices=ndarray(...), win=Window(...))
36.5761 	EXP 	Created text_3 = TextStim(__class__=<class 'psychopy.visual.text.TextStim'>, alignHoriz='center', alignVert='center', antialias=True, autoLog=True, bold=False, color='white', colorSpace='named', contrast=1.0, depth=-2.0, flipHoriz=False, flipVert=False, font='Arial', fontFiles=[], height=0.1, italic=False, languageStyle='LTR', name='text_3', opacity=1.0, ori=0, pos=array([0., 0.]), rgb=array([255., 255., 255.]), text='+', units='norm', win=Window(...), wrapWidth=1)
36.5785 	EXP 	Created secondcircle = Polygon(__class__=<class 'psychopy.visual.polygon.Polygon'>, autoDraw=False, autoLog=True, closeShape=True, color=method-wrapper(...), colorSpace=None, contrast=1.0, depth=-3.0, fillColor=array([-1., -1., -1.]), fillColorSpace='rgb', fillRGB=array([-1., -1., -1.]), interpolate=True, lineColor=array([-1., -1., -1.]), lineColorSpace='rgb', lineRGB=array([-1., -1., -1.]), lineWidth=1, name='secondcircle', opacity=1.0, ori=array(0.), pos=array([0., 0.]), size=array([0.3, 0.5]), units='norm', vertices=ndarray(...), win=Window(...))
36.5807 	EXP 	Created text_4 = TextStim(__class__=<class 'psychopy.visual.text.TextStim'>, alignHoriz='center', alignVert='center', antialias=True, autoLog=True, bold=False, color='white', colorSpace='named', contrast=1.0, depth=-4.0, flipHoriz=False, flipVert=False, font='Arial', fontFiles=[], height=0.1, italic=False, languageStyle='LTR', name='text_4', opacity=1.0, ori=0, pos=array([0., 0.]), rgb=array([255., 255., 255.]), text='next', units='norm', win=Window(...), wrapWidth=1)
36.5847 	EXP 	Created text_2 = TextStim(__class__=<class 'psychopy.visual.text.TextStim'>, alignHoriz='center', alignVert='center', antialias=True, autoLog=True, bold=False, color='white', colorSpace='named', contrast=1.0, depth=0.0, flipHoriz=False, flipVert=False, font='Arial', fontFiles=[], height=0.1, italic=False, languageStyle='LTR', name='text_2', opacity=1.0, ori=0, pos=array([0., 0.]), rgb=array([255., 255., 255.]), text='The end', units='norm', win=Window(...), wrapWidth=1)
36.6028 	EXP 	insRound1: autoDraw = True
238.7344 	DATA 	Mouse: Right button down, pos=(668,376)
238.8345 	DATA 	Mouse:  Right button up, pos=(668,385)
280.7221 	DATA 	Keypress: space
280.7328 	EXP 	insRound1: autoDraw = False
280.7328 	EXP 	text: autoDraw = True
286.1184 	DATA 	Keypress: space
286.1436 	EXP 	Imported conditionsTime.csv as conditions, 20 conditions, 7 params
286.1440 	EXP 	Created sequence: sequential, trialTypes=20, nReps=1, seed=None
286.1445 	EXP 	New trial (rep=0, index=0): OrderedDict([('firstTime', 1.8), ('secondTime', 1.2), ('corrAns', 'left'), ('plusStart', 2.3), ('secondStart', 3.3), ('respStart', 4.5), ('randNum', 0.17368025899999998)])
286.1495 	EXP 	text: autoDraw = False
286.1495 	EXP 	text_4: autoDraw = True
286.6494 	EXP 	text_4: autoDraw = False
286.6661 	EXP 	firstcircle_3: autoDraw = True
288.4494 	EXP 	firstcircle_3: autoDraw = False
288.4660 	EXP 	text_3: autoDraw = True
289.4493 	EXP 	text_3: autoDraw = False
289.4660 	EXP 	secondcircle: autoDraw = True
290.6493 	EXP 	secondcircle: autoDraw = False
291.1853 	DATA 	Keypress: left
291.1878 	EXP 	New trial (rep=0, index=1): OrderedDict([('firstTime', 3.6), ('secondTime', 3.2), ('corrAns', 'left'), ('plusStart', 4.1), ('secondStart', 5.1), ('respStart', 8.3), ('randNum', 0.41458448299999995)])
291.1993 	EXP 	firstcircle_3: autoDraw = False
291.1993 	EXP 	text_3: autoDraw = False
291.1993 	EXP 	secondcircle: autoDraw = False
291.1993 	EXP 	text_4: autoDraw = False
291.1993 	EXP 	text_4: autoDraw = True
291.6993 	EXP 	text_4: autoDraw = False
291.7160 	EXP 	firstcircle_3: autoDraw = True
295.2993 	EXP 	firstcircle_3: autoDraw = False
295.3160 	EXP 	text_3: autoDraw = True
296.2993 	EXP 	text_3: autoDraw = False
296.3159 	EXP 	secondcircle: autoDraw = True
299.4992 	EXP 	secondcircle: autoDraw = False
300.0012 	DATA 	Keypress: left
300.0026 	EXP 	New trial (rep=0, index=2): OrderedDict([('firstTime', 2.5), ('secondTime', 1.5), ('corrAns', 'left'), ('plusStart', 3.0), ('secondStart', 4.0), ('respStart', 5.5), ('randNum', 0.148607464)])
300.0159 	EXP 	firstcircle_3: autoDraw = False
300.0159 	EXP 	text_3: autoDraw = False
300.0159 	EXP 	secondcircle: autoDraw = False
300.0159 	EXP 	text_4: autoDraw = False
300.0159 	EXP 	text_4: autoDraw = True
300.5159 	EXP 	text_4: autoDraw = False
300.5325 	EXP 	firstcircle_3: autoDraw = True
303.0158 	EXP 	firstcircle_3: autoDraw = False
303.0325 	EXP 	text_3: autoDraw = True
304.0158 	EXP 	text_3: autoDraw = False
304.0325 	EXP 	secondcircle: autoDraw = True
305.5158 	EXP 	secondcircle: autoDraw = False
306.0344 	DATA 	Keypress: left
306.0357 	EXP 	New trial (rep=0, index=3): OrderedDict([('firstTime', 1.8), ('secondTime', 2.7), ('corrAns', 'right'), ('plusStart', 2.3), ('secondStart', 3.3), ('respStart', 6.0), ('randNum', 0.13554984)])
306.0491 	EXP 	firstcircle_3: autoDraw = False
306.0491 	EXP 	text_3: autoDraw = False
306.0491 	EXP 	secondcircle: autoDraw = False
306.0491 	EXP 	text_4: autoDraw = False
306.0491 	EXP 	text_4: autoDraw = True
306.5491 	EXP 	text_4: autoDraw = False
306.5658 	EXP 	firstcircle_3: autoDraw = True
308.3491 	EXP 	firstcircle_3: autoDraw = False
308.3658 	EXP 	text_3: autoDraw = True
309.3491 	EXP 	text_3: autoDraw = False
309.3658 	EXP 	secondcircle: autoDraw = True
312.0491 	EXP 	secondcircle: autoDraw = False
313.5511 	DATA 	Keypress: right
313.5524 	EXP 	New trial (rep=0, index=4): OrderedDict([('firstTime', 1.2), ('secondTime', 1.8), ('corrAns', 'right'), ('plusStart', 1.7), ('secondStart', 2.7), ('respStart', 4.5), ('randNum', 0.309174352)])
313.5657 	EXP 	firstcircle_3: autoDraw = False
313.5657 	EXP 	text_3: autoDraw = False
313.5657 	EXP 	secondcircle: autoDraw = False
313.5657 	EXP 	text_4: autoDraw = False
313.5657 	EXP 	text_4: autoDraw = True
314.0657 	EXP 	text_4: autoDraw = False
314.0824 	EXP 	firstcircle_3: autoDraw = True
315.2658 	EXP 	firstcircle_3: autoDraw = False
315.2823 	EXP 	text_3: autoDraw = True
316.2657 	EXP 	text_3: autoDraw = False
316.2823 	EXP 	secondcircle: autoDraw = True
318.0656 	EXP 	secondcircle: autoDraw = False
318.6343 	DATA 	Keypress: right
318.6358 	EXP 	New trial (rep=0, index=5): OrderedDict([('firstTime', 8.8), ('secondTime', 9.9), ('corrAns', 'right'), ('plusStart', 9.3), ('secondStart', 10.3), ('respStart', 20.2), ('randNum', 0.7009299529999999)])
318.6490 	EXP 	firstcircle_3: autoDraw = False
318.6490 	EXP 	text_3: autoDraw = False
318.6490 	EXP 	secondcircle: autoDraw = False
318.6490 	EXP 	text_4: autoDraw = False
318.6490 	EXP 	text_4: autoDraw = True
319.1490 	EXP 	text_4: autoDraw = False
319.1656 	EXP 	firstcircle_3: autoDraw = True
327.9488 	EXP 	firstcircle_3: autoDraw = False
327.9655 	EXP 	text_3: autoDraw = True
328.9488 	EXP 	text_3: autoDraw = False
328.9655 	EXP 	secondcircle: autoDraw = True
338.8487 	EXP 	secondcircle: autoDraw = False
339.3007 	DATA 	Keypress: right
339.3020 	EXP 	New trial (rep=0, index=6): OrderedDict([('firstTime', 3.3), ('secondTime', 4.4), ('corrAns', 'right'), ('plusStart', 3.8), ('secondStart', 4.8), ('respStart', 9.2), ('randNum', 0.705723743)])
339.3154 	EXP 	firstcircle_3: autoDraw = False
339.3154 	EXP 	text_3: autoDraw = False
339.3154 	EXP 	secondcircle: autoDraw = False
339.3154 	EXP 	text_4: autoDraw = False
339.3154 	EXP 	text_4: autoDraw = True
339.8153 	EXP 	text_4: autoDraw = False
339.8320 	EXP 	firstcircle_3: autoDraw = True
343.1153 	EXP 	firstcircle_3: autoDraw = False
343.1320 	EXP 	text_3: autoDraw = True
344.1153 	EXP 	text_3: autoDraw = False
344.1320 	EXP 	secondcircle: autoDraw = True
348.5152 	EXP 	secondcircle: autoDraw = False
349.0340 	DATA 	Keypress: right
349.0353 	EXP 	New trial (rep=0, index=7): OrderedDict([('firstTime', 3.5), ('secondTime', 2.1), ('corrAns', 'left'), ('plusStart', 4.0), ('secondStart', 5.0), ('respStart', 7.1), ('randNum', 0.544523215)])
349.0486 	EXP 	firstcircle_3: autoDraw = False
349.0486 	EXP 	text_3: autoDraw = False
349.0486 	EXP 	secondcircle: autoDraw = False
349.0486 	EXP 	text_4: autoDraw = False
349.0486 	EXP 	text_4: autoDraw = True
349.5485 	EXP 	text_4: autoDraw = False
349.5652 	EXP 	firstcircle_3: autoDraw = True
353.0485 	EXP 	firstcircle_3: autoDraw = False
353.0652 	EXP 	text_3: autoDraw = True
354.0485 	EXP 	text_3: autoDraw = False
354.0651 	EXP 	secondcircle: autoDraw = True
356.1485 	EXP 	secondcircle: autoDraw = False
356.7005 	DATA 	Keypress: left
356.7019 	EXP 	New trial (rep=0, index=8): OrderedDict([('firstTime', 1.4), ('secondTime', 0.7), ('corrAns', 'left'), ('plusStart', 1.9), ('secondStart', 2.9), ('respStart', 3.6), ('randNum', 0.53553232)])
356.7151 	EXP 	firstcircle_3: autoDraw = False
356.7151 	EXP 	text_3: autoDraw = False
356.7151 	EXP 	secondcircle: autoDraw = False
356.7151 	EXP 	text_4: autoDraw = False
356.7151 	EXP 	text_4: autoDraw = True
357.2151 	EXP 	text_4: autoDraw = False
357.2318 	EXP 	firstcircle_3: autoDraw = True
358.6151 	EXP 	firstcircle_3: autoDraw = False
358.6317 	EXP 	text_3: autoDraw = True
359.6151 	EXP 	text_3: autoDraw = False
359.6317 	EXP 	secondcircle: autoDraw = True
360.3151 	EXP 	secondcircle: autoDraw = False
360.8671 	DATA 	Keypress: left
360.8684 	EXP 	New trial (rep=0, index=9): OrderedDict([('firstTime', 4.4), ('secondTime', 3.3), ('corrAns', 'left'), ('plusStart', 4.9), ('secondStart', 5.9), ('respStart', 9.2), ('randNum', 0.255641654)])
360.8817 	EXP 	firstcircle_3: autoDraw = False
360.8817 	EXP 	text_3: autoDraw = False
360.8817 	EXP 	secondcircle: autoDraw = False
360.8817 	EXP 	text_4: autoDraw = False
360.8817 	EXP 	text_4: autoDraw = True
361.3817 	EXP 	text_4: autoDraw = False
361.3984 	EXP 	firstcircle_3: autoDraw = True
365.7817 	EXP 	firstcircle_3: autoDraw = False
365.7983 	EXP 	text_3: autoDraw = True
366.7816 	EXP 	text_3: autoDraw = False
366.7983 	EXP 	secondcircle: autoDraw = True
370.0816 	EXP 	secondcircle: autoDraw = False
370.5336 	DATA 	Keypress: left
370.5349 	EXP 	New trial (rep=0, index=10): OrderedDict([('firstTime', 3.2), ('secondTime', 3.6), ('corrAns', 'right'), ('plusStart', 3.7), ('secondStart', 4.7), ('respStart', 8.3), ('randNum', 0.140100939)])
370.5483 	EXP 	firstcircle_3: autoDraw = False
370.5483 	EXP 	text_3: autoDraw = False
370.5483 	EXP 	secondcircle: autoDraw = False
370.5483 	EXP 	text_4: autoDraw = False
370.5483 	EXP 	text_4: autoDraw = True
371.0483 	EXP 	text_4: autoDraw = False
371.0649 	EXP 	firstcircle_3: autoDraw = True
374.2482 	EXP 	firstcircle_3: autoDraw = False
374.2649 	EXP 	text_3: autoDraw = True
375.2482 	EXP 	text_3: autoDraw = False
375.2649 	EXP 	secondcircle: autoDraw = True
378.8482 	EXP 	secondcircle: autoDraw = False
379.2168 	DATA 	Keypress: right
379.2181 	EXP 	New trial (rep=0, index=11): OrderedDict([('firstTime', 2.8), ('secondTime', 2.1), ('corrAns', 'left'), ('plusStart', 3.3), ('secondStart', 4.3), ('respStart', 6.4), ('randNum', 0.019093293)])
379.2315 	EXP 	firstcircle_3: autoDraw = False
379.2315 	EXP 	text_3: autoDraw = False
379.2315 	EXP 	secondcircle: autoDraw = False
379.2315 	EXP 	text_4: autoDraw = False
379.2315 	EXP 	text_4: autoDraw = True
379.7315 	EXP 	text_4: autoDraw = False
379.7481 	EXP 	firstcircle_3: autoDraw = True
382.5314 	EXP 	firstcircle_3: autoDraw = False
382.5481 	EXP 	text_3: autoDraw = True
383.5314 	EXP 	text_3: autoDraw = False
383.5481 	EXP 	secondcircle: autoDraw = True
385.6314 	EXP 	secondcircle: autoDraw = False
386.5666 	DATA 	Keypress: left
386.5678 	EXP 	New trial (rep=0, index=12): OrderedDict([('firstTime', 0.9), ('secondTime', 1.8), ('corrAns', 'right'), ('plusStart', 1.4), ('secondStart', 2.4), ('respStart', 4.2), ('randNum', 0.461070472)])
386.5814 	EXP 	firstcircle_3: autoDraw = False
386.5814 	EXP 	text_3: autoDraw = False
386.5814 	EXP 	secondcircle: autoDraw = False
386.5814 	EXP 	text_4: autoDraw = False
386.5814 	EXP 	text_4: autoDraw = True
387.0814 	EXP 	text_4: autoDraw = False
387.0980 	EXP 	firstcircle_3: autoDraw = True
387.9814 	EXP 	firstcircle_3: autoDraw = False
387.9980 	EXP 	text_3: autoDraw = True
388.9813 	EXP 	text_3: autoDraw = False
388.9980 	EXP 	secondcircle: autoDraw = True
390.7813 	EXP 	secondcircle: autoDraw = False
391.1330 	DATA 	Keypress: right
391.1344 	EXP 	New trial (rep=0, index=13): OrderedDict([('firstTime', 2.1), ('secondTime', 2.8), ('corrAns', 'right'), ('plusStart', 2.6), ('secondStart', 3.6), ('respStart', 6.4), ('randNum', 0.22761601199999998)])
391.1480 	EXP 	firstcircle_3: autoDraw = False
391.1480 	EXP 	text_3: autoDraw = False
391.1480 	EXP 	secondcircle: autoDraw = False
391.1480 	EXP 	text_4: autoDraw = False
391.1480 	EXP 	text_4: autoDraw = True
391.6480 	EXP 	text_4: autoDraw = False
391.6646 	EXP 	firstcircle_3: autoDraw = True
393.7480 	EXP 	firstcircle_3: autoDraw = False
393.7646 	EXP 	text_3: autoDraw = True
394.7479 	EXP 	text_3: autoDraw = False
394.7646 	EXP 	secondcircle: autoDraw = True
397.5479 	EXP 	secondcircle: autoDraw = False
397.8999 	DATA 	Keypress: right
397.9012 	EXP 	New trial (rep=0, index=14): OrderedDict([('firstTime', 0.7), ('secondTime', 1.4), ('corrAns', 'right'), ('plusStart', 1.2), ('secondStart', 2.2), ('respStart', 3.6), ('randNum', 0.436550891)])
397.9146 	EXP 	firstcircle_3: autoDraw = False
397.9146 	EXP 	text_3: autoDraw = False
397.9146 	EXP 	secondcircle: autoDraw = False
397.9146 	EXP 	text_4: autoDraw = False
397.9146 	EXP 	text_4: autoDraw = True
398.4145 	EXP 	text_4: autoDraw = False
398.4312 	EXP 	firstcircle_3: autoDraw = True
399.1145 	EXP 	firstcircle_3: autoDraw = False
399.1312 	EXP 	text_3: autoDraw = True
400.1146 	EXP 	text_3: autoDraw = False
400.1312 	EXP 	secondcircle: autoDraw = True
401.5145 	EXP 	secondcircle: autoDraw = False
401.7831 	DATA 	Keypress: right
401.7844 	EXP 	New trial (rep=0, index=15): OrderedDict([('firstTime', 1.8), ('secondTime', 0.9), ('corrAns', 'left'), ('plusStart', 2.3), ('secondStart', 3.3), ('respStart', 4.2), ('randNum', 0.028891147000000002)])
401.7979 	EXP 	firstcircle_3: autoDraw = False
401.7979 	EXP 	text_3: autoDraw = False
401.7979 	EXP 	secondcircle: autoDraw = False
401.7979 	EXP 	text_4: autoDraw = False
401.7979 	EXP 	text_4: autoDraw = True
402.2978 	EXP 	text_4: autoDraw = False
402.3145 	EXP 	firstcircle_3: autoDraw = True
404.0978 	EXP 	firstcircle_3: autoDraw = False
404.1145 	EXP 	text_3: autoDraw = True
405.0978 	EXP 	text_3: autoDraw = False
405.1145 	EXP 	secondcircle: autoDraw = True
405.9978 	EXP 	secondcircle: autoDraw = False
407.0330 	DATA 	Keypress: left
407.0345 	EXP 	New trial (rep=0, index=16): OrderedDict([('firstTime', 2.7), ('secondTime', 1.8), ('corrAns', 'left'), ('plusStart', 3.2), ('secondStart', 4.2), ('respStart', 6.0), ('randNum', 0.277400549)])
407.0478 	EXP 	firstcircle_3: autoDraw = False
407.0478 	EXP 	text_3: autoDraw = False
407.0478 	EXP 	secondcircle: autoDraw = False
407.0478 	EXP 	text_4: autoDraw = False
407.0478 	EXP 	text_4: autoDraw = True
407.5478 	EXP 	text_4: autoDraw = False
407.5644 	EXP 	firstcircle_3: autoDraw = True
410.2477 	EXP 	firstcircle_3: autoDraw = False
410.2644 	EXP 	text_3: autoDraw = True
411.2477 	EXP 	text_3: autoDraw = False
411.2644 	EXP 	secondcircle: autoDraw = True
413.0477 	EXP 	secondcircle: autoDraw = False
413.6498 	DATA 	Keypress: left
413.6511 	EXP 	New trial (rep=0, index=17): OrderedDict([('firstTime', 9.9), ('secondTime', 8.8), ('corrAns', 'left'), ('plusStart', 10.4), ('secondStart', 11.4), ('respStart', 20.2), ('randNum', 0.9607848720000001)])
413.6643 	EXP 	firstcircle_3: autoDraw = False
413.6643 	EXP 	text_3: autoDraw = False
413.6643 	EXP 	secondcircle: autoDraw = False
413.6643 	EXP 	text_4: autoDraw = False
413.6643 	EXP 	text_4: autoDraw = True
414.1643 	EXP 	text_4: autoDraw = False
414.1810 	EXP 	firstcircle_3: autoDraw = True
424.0642 	EXP 	firstcircle_3: autoDraw = False
424.0809 	EXP 	text_3: autoDraw = True
425.0642 	EXP 	text_3: autoDraw = False
425.0809 	EXP 	secondcircle: autoDraw = True
433.8641 	EXP 	secondcircle: autoDraw = False
434.4669 	DATA 	Keypress: left
434.4824 	EXP 	New trial (rep=0, index=18): OrderedDict([('firstTime', 2.1), ('secondTime', 3.5), ('corrAns', 'right'), ('plusStart', 2.6), ('secondStart', 3.6), ('respStart', 7.1), ('randNum', 0.609327094)])
434.4974 	EXP 	firstcircle_3: autoDraw = False
434.4974 	EXP 	text_3: autoDraw = False
434.4974 	EXP 	secondcircle: autoDraw = False
434.4974 	EXP 	text_4: autoDraw = False
434.4974 	EXP 	text_4: autoDraw = True
434.9974 	EXP 	text_4: autoDraw = False
435.0141 	EXP 	firstcircle_3: autoDraw = True
437.0974 	EXP 	firstcircle_3: autoDraw = False
437.1140 	EXP 	text_3: autoDraw = True
438.0974 	EXP 	text_3: autoDraw = False
438.1140 	EXP 	secondcircle: autoDraw = True
441.5973 	EXP 	secondcircle: autoDraw = False
441.9493 	DATA 	Keypress: right
441.9507 	EXP 	New trial (rep=0, index=19): OrderedDict([('firstTime', 1.5), ('secondTime', 2.5), ('corrAns', 'right'), ('plusStart', 2.0), ('secondStart', 3.0), ('respStart', 5.5), ('randNum', 0.487304505)])
441.9640 	EXP 	firstcircle_3: autoDraw = False
441.9640 	EXP 	text_3: autoDraw = False
441.9640 	EXP 	secondcircle: autoDraw = False
441.9640 	EXP 	text_4: autoDraw = False
441.9640 	EXP 	text_4: autoDraw = True
442.4640 	EXP 	text_4: autoDraw = False
442.4806 	EXP 	firstcircle_3: autoDraw = True
443.9639 	EXP 	firstcircle_3: autoDraw = False
443.9806 	EXP 	text_3: autoDraw = True
444.9639 	EXP 	text_3: autoDraw = False
444.9806 	EXP 	secondcircle: autoDraw = True
447.4639 	EXP 	secondcircle: autoDraw = False
447.8660 	DATA 	Keypress: right
447.8805 	EXP 	firstcircle_3: autoDraw = False
447.8805 	EXP 	text_3: autoDraw = False
447.8805 	EXP 	secondcircle: autoDraw = False
447.8805 	EXP 	text_4: autoDraw = False
447.8805 	EXP 	text_5: autoDraw = True
451.3508 	DATA 	Keypress: space
451.3700 	EXP 	Imported conditionsTime2.csv as conditions, 20 conditions, 7 params
451.3704 	EXP 	Created sequence: sequential, trialTypes=20, nReps=1, seed=None
451.3708 	EXP 	New trial (rep=0, index=0): OrderedDict([('firstTime', 9.9), ('secondTime', 8.8), ('corrAns', 'left'), ('plusStart', 10.4), ('secondStart', 11.4), ('respStart', 20.2), ('randNum', 0.6005130679999999)])
451.3805 	EXP 	text_5: autoDraw = False
451.3805 	EXP 	text_4: autoDraw = True
451.8805 	EXP 	text_4: autoDraw = False
451.8972 	EXP 	firstcircle_3: autoDraw = True
461.7804 	EXP 	firstcircle_3: autoDraw = False
461.7970 	EXP 	text_3: autoDraw = True
462.7803 	EXP 	text_3: autoDraw = False
462.7970 	EXP 	secondcircle: autoDraw = True
471.5802 	EXP 	secondcircle: autoDraw = False
472.1654 	DATA 	Keypress: left
472.1670 	EXP 	New trial (rep=0, index=1): OrderedDict([('firstTime', 1.5), ('secondTime', 2.5), ('corrAns', 'right'), ('plusStart', 2.0), ('secondStart', 3.0), ('respStart', 5.5), ('randNum', 0.805142221)])
472.1802 	EXP 	firstcircle_3: autoDraw = False
472.1802 	EXP 	text_3: autoDraw = False
472.1802 	EXP 	secondcircle: autoDraw = False
472.1802 	EXP 	text_4: autoDraw = False
472.1802 	EXP 	text_4: autoDraw = True
472.6802 	EXP 	text_4: autoDraw = False
472.6969 	EXP 	firstcircle_3: autoDraw = True
474.1802 	EXP 	firstcircle_3: autoDraw = False
474.1969 	EXP 	text_3: autoDraw = True
475.1802 	EXP 	text_3: autoDraw = False
475.1969 	EXP 	secondcircle: autoDraw = True
477.6801 	EXP 	secondcircle: autoDraw = False
478.0320 	DATA 	Keypress: right
478.0333 	EXP 	New trial (rep=0, index=2): OrderedDict([('firstTime', 0.7), ('secondTime', 1.4), ('corrAns', 'right'), ('plusStart', 1.2), ('secondStart', 2.2), ('respStart', 3.6), ('randNum', 0.70587608)])
478.0468 	EXP 	firstcircle_3: autoDraw = False
478.0468 	EXP 	text_3: autoDraw = False
478.0468 	EXP 	secondcircle: autoDraw = False
478.0468 	EXP 	text_4: autoDraw = False
478.0468 	EXP 	text_4: autoDraw = True
478.5468 	EXP 	text_4: autoDraw = False
478.5635 	EXP 	firstcircle_3: autoDraw = True
479.2468 	EXP 	firstcircle_3: autoDraw = False
479.2635 	EXP 	text_3: autoDraw = True
480.2468 	EXP 	text_3: autoDraw = False
480.2635 	EXP 	secondcircle: autoDraw = True
481.6468 	EXP 	secondcircle: autoDraw = False
482.4651 	DATA 	Keypress: right
482.4665 	EXP 	New trial (rep=0, index=3): OrderedDict([('firstTime', 1.2), ('secondTime', 1.8), ('corrAns', 'right'), ('plusStart', 1.7), ('secondStart', 2.7), ('respStart', 4.5), ('randNum', 0.276216099)])
482.4801 	EXP 	firstcircle_3: autoDraw = False
482.4801 	EXP 	text_3: autoDraw = False
482.4801 	EXP 	secondcircle: autoDraw = False
482.4801 	EXP 	text_4: autoDraw = False
482.4801 	EXP 	text_4: autoDraw = True
482.9801 	EXP 	text_4: autoDraw = False
482.9967 	EXP 	firstcircle_3: autoDraw = True
484.1801 	EXP 	firstcircle_3: autoDraw = False
484.1967 	EXP 	text_3: autoDraw = True
485.1800 	EXP 	text_3: autoDraw = False
485.1967 	EXP 	secondcircle: autoDraw = True
486.9800 	EXP 	secondcircle: autoDraw = False
487.4153 	DATA 	Keypress: right
487.4167 	EXP 	New trial (rep=0, index=4): OrderedDict([('firstTime', 3.3), ('secondTime', 4.4), ('corrAns', 'right'), ('plusStart', 3.8), ('secondStart', 4.8), ('respStart', 9.2), ('randNum', 0.803512663)])
487.4300 	EXP 	firstcircle_3: autoDraw = False
487.4300 	EXP 	text_3: autoDraw = False
487.4300 	EXP 	secondcircle: autoDraw = False
487.4300 	EXP 	text_4: autoDraw = False
487.4300 	EXP 	text_4: autoDraw = True
487.9300 	EXP 	text_4: autoDraw = False
487.9467 	EXP 	firstcircle_3: autoDraw = True
491.2300 	EXP 	firstcircle_3: autoDraw = False
491.2466 	EXP 	text_3: autoDraw = True
492.2300 	EXP 	text_3: autoDraw = False
492.2466 	EXP 	secondcircle: autoDraw = True
496.6299 	EXP 	secondcircle: autoDraw = False
496.9485 	DATA 	Keypress: right
496.9498 	EXP 	New trial (rep=0, index=5): OrderedDict([('firstTime', 2.1), ('secondTime', 2.8), ('corrAns', 'right'), ('plusStart', 2.6), ('secondStart', 3.6), ('respStart', 6.4), ('randNum', 0.26721103399999996)])
496.9633 	EXP 	firstcircle_3: autoDraw = False
496.9633 	EXP 	text_3: autoDraw = False
496.9633 	EXP 	secondcircle: autoDraw = False
496.9633 	EXP 	text_4: autoDraw = False
496.9633 	EXP 	text_4: autoDraw = True
497.4632 	EXP 	text_4: autoDraw = False
497.4799 	EXP 	firstcircle_3: autoDraw = True
499.5632 	EXP 	firstcircle_3: autoDraw = False
499.5798 	EXP 	text_3: autoDraw = True
500.5632 	EXP 	text_3: autoDraw = False
500.5798 	EXP 	secondcircle: autoDraw = True
503.3631 	EXP 	secondcircle: autoDraw = False
503.6984 	DATA 	Keypress: right
503.6997 	EXP 	New trial (rep=0, index=6): OrderedDict([('firstTime', 2.8), ('secondTime', 2.1), ('corrAns', 'left'), ('plusStart', 3.3), ('secondStart', 4.3), ('respStart', 6.4), ('randNum', 0.1426323)])
503.7131 	EXP 	firstcircle_3: autoDraw = False
503.7131 	EXP 	text_3: autoDraw = False
503.7131 	EXP 	secondcircle: autoDraw = False
503.7131 	EXP 	text_4: autoDraw = False
503.7131 	EXP 	text_4: autoDraw = True
504.2131 	EXP 	text_4: autoDraw = False
504.2298 	EXP 	firstcircle_3: autoDraw = True
507.0131 	EXP 	firstcircle_3: autoDraw = False
507.0298 	EXP 	text_3: autoDraw = True
508.0131 	EXP 	text_3: autoDraw = False
508.0297 	EXP 	secondcircle: autoDraw = True
510.1130 	EXP 	secondcircle: autoDraw = False
510.9484 	DATA 	Keypress: left
510.9497 	EXP 	New trial (rep=0, index=7): OrderedDict([('firstTime', 2.7), ('secondTime', 1.8), ('corrAns', 'left'), ('plusStart', 3.2), ('secondStart', 4.2), ('respStart', 6.0), ('randNum', 0.15619143)])
510.9631 	EXP 	firstcircle_3: autoDraw = False
510.9631 	EXP 	text_3: autoDraw = False
510.9631 	EXP 	secondcircle: autoDraw = False
510.9631 	EXP 	text_4: autoDraw = False
510.9631 	EXP 	text_4: autoDraw = True
511.4630 	EXP 	text_4: autoDraw = False
511.4797 	EXP 	firstcircle_3: autoDraw = True
514.1630 	EXP 	firstcircle_3: autoDraw = False
514.1797 	EXP 	text_3: autoDraw = True
515.1630 	EXP 	text_3: autoDraw = False
515.1796 	EXP 	secondcircle: autoDraw = True
516.9630 	EXP 	secondcircle: autoDraw = False
517.4316 	DATA 	Keypress: left
517.4330 	EXP 	New trial (rep=0, index=8): OrderedDict([('firstTime', 8.8), ('secondTime', 9.9), ('corrAns', 'right'), ('plusStart', 9.3), ('secondStart', 10.3), ('respStart', 20.2), ('randNum', 0.549248995)])
517.4463 	EXP 	firstcircle_3: autoDraw = False
517.4463 	EXP 	text_3: autoDraw = False
517.4463 	EXP 	secondcircle: autoDraw = False
517.4463 	EXP 	text_4: autoDraw = False
517.4463 	EXP 	text_4: autoDraw = True
517.9463 	EXP 	text_4: autoDraw = False
517.9629 	EXP 	firstcircle_3: autoDraw = True
526.7462 	EXP 	firstcircle_3: autoDraw = False
526.7628 	EXP 	text_3: autoDraw = True
527.7461 	EXP 	text_3: autoDraw = False
527.7628 	EXP 	secondcircle: autoDraw = True
537.6460 	EXP 	secondcircle: autoDraw = False
538.0156 	DATA 	Keypress: right
538.0310 	EXP 	New trial (rep=0, index=9): OrderedDict([('firstTime', 2.5), ('secondTime', 1.5), ('corrAns', 'left'), ('plusStart', 3.0), ('secondStart', 4.0), ('respStart', 5.5), ('randNum', 0.358211186)])
538.0460 	EXP 	firstcircle_3: autoDraw = False
538.0460 	EXP 	text_3: autoDraw = False
538.0460 	EXP 	secondcircle: autoDraw = False
538.0460 	EXP 	text_4: autoDraw = False
538.0460 	EXP 	text_4: autoDraw = True
538.5460 	EXP 	text_4: autoDraw = False
538.5627 	EXP 	firstcircle_3: autoDraw = True
541.0460 	EXP 	firstcircle_3: autoDraw = False
541.0626 	EXP 	text_3: autoDraw = True
542.0459 	EXP 	text_3: autoDraw = False
542.0626 	EXP 	secondcircle: autoDraw = True
543.5459 	EXP 	secondcircle: autoDraw = False
543.9813 	DATA 	Keypress: left
543.9826 	EXP 	New trial (rep=0, index=10): OrderedDict([('firstTime', 1.8), ('secondTime', 0.9), ('corrAns', 'left'), ('plusStart', 2.3), ('secondStart', 3.3), ('respStart', 4.2), ('randNum', 0.907401646)])
543.9959 	EXP 	firstcircle_3: autoDraw = False
543.9959 	EXP 	text_3: autoDraw = False
543.9959 	EXP 	secondcircle: autoDraw = False
543.9959 	EXP 	text_4: autoDraw = False
543.9959 	EXP 	text_4: autoDraw = True
544.4959 	EXP 	text_4: autoDraw = False
544.5126 	EXP 	firstcircle_3: autoDraw = True
546.2959 	EXP 	firstcircle_3: autoDraw = False
546.3125 	EXP 	text_3: autoDraw = True
547.2959 	EXP 	text_3: autoDraw = False
547.3125 	EXP 	secondcircle: autoDraw = True
548.1959 	EXP 	secondcircle: autoDraw = False
548.8818 	DATA 	Keypress: left
548.8975 	EXP 	New trial (rep=0, index=11): OrderedDict([('firstTime', 3.2), ('secondTime', 3.6), ('corrAns', 'right'), ('plusStart', 3.7), ('secondStart', 4.7), ('respStart', 8.3), ('randNum', 0.40261677799999995)])
548.9125 	EXP 	firstcircle_3: autoDraw = False
548.9125 	EXP 	text_3: autoDraw = False
548.9125 	EXP 	secondcircle: autoDraw = False
548.9125 	EXP 	text_4: autoDraw = False
548.9125 	EXP 	text_4: autoDraw = True
549.4125 	EXP 	text_4: autoDraw = False
549.4292 	EXP 	firstcircle_3: autoDraw = True
552.6125 	EXP 	firstcircle_3: autoDraw = False
552.6291 	EXP 	text_3: autoDraw = True
553.6125 	EXP 	text_3: autoDraw = False
553.6291 	EXP 	secondcircle: autoDraw = True
557.2124 	EXP 	secondcircle: autoDraw = False
557.5477 	DATA 	Keypress: right
557.5491 	EXP 	New trial (rep=0, index=12): OrderedDict([('firstTime', 2.1), ('secondTime', 3.5), ('corrAns', 'right'), ('plusStart', 2.6), ('secondStart', 3.6), ('respStart', 7.1), ('randNum', 0.699018652)])
557.5624 	EXP 	firstcircle_3: autoDraw = False
557.5624 	EXP 	text_3: autoDraw = False
557.5624 	EXP 	secondcircle: autoDraw = False
557.5624 	EXP 	text_4: autoDraw = False
557.5624 	EXP 	text_4: autoDraw = True
558.0624 	EXP 	text_4: autoDraw = False
558.0791 	EXP 	firstcircle_3: autoDraw = True
560.1624 	EXP 	firstcircle_3: autoDraw = False
560.1790 	EXP 	text_3: autoDraw = True
561.1624 	EXP 	text_3: autoDraw = False
561.1790 	EXP 	secondcircle: autoDraw = True
564.6623 	EXP 	secondcircle: autoDraw = False
565.0310 	DATA 	Keypress: right
565.0324 	EXP 	New trial (rep=0, index=13): OrderedDict([('firstTime', 1.8), ('secondTime', 2.7), ('corrAns', 'right'), ('plusStart', 2.3), ('secondStart', 3.3), ('respStart', 6.0), ('randNum', 0.8590765890000001)])
565.0456 	EXP 	firstcircle_3: autoDraw = False
565.0456 	EXP 	text_3: autoDraw = False
565.0456 	EXP 	secondcircle: autoDraw = False
565.0456 	EXP 	text_4: autoDraw = False
565.0456 	EXP 	text_4: autoDraw = True
565.5456 	EXP 	text_4: autoDraw = False
565.5623 	EXP 	firstcircle_3: autoDraw = True
567.3456 	EXP 	firstcircle_3: autoDraw = False
567.3623 	EXP 	text_3: autoDraw = True
568.3456 	EXP 	text_3: autoDraw = False
568.3623 	EXP 	secondcircle: autoDraw = True
571.0456 	EXP 	secondcircle: autoDraw = False
571.3809 	DATA 	Keypress: right
571.3822 	EXP 	New trial (rep=0, index=14): OrderedDict([('firstTime', 1.4), ('secondTime', 0.7), ('corrAns', 'left'), ('plusStart', 1.9), ('secondStart', 2.9), ('respStart', 3.6), ('randNum', 0.413030013)])
571.3955 	EXP 	firstcircle_3: autoDraw = False
571.3955 	EXP 	text_3: autoDraw = False
571.3955 	EXP 	secondcircle: autoDraw = False
571.3955 	EXP 	text_4: autoDraw = False
571.3955 	EXP 	text_4: autoDraw = True
571.8955 	EXP 	text_4: autoDraw = False
571.9122 	EXP 	firstcircle_3: autoDraw = True
573.2955 	EXP 	firstcircle_3: autoDraw = False
573.3122 	EXP 	text_3: autoDraw = True
574.2955 	EXP 	text_3: autoDraw = False
574.3122 	EXP 	secondcircle: autoDraw = True
574.9955 	EXP 	secondcircle: autoDraw = False
575.5975 	DATA 	Keypress: left
575.5988 	EXP 	New trial (rep=0, index=15): OrderedDict([('firstTime', 3.6), ('secondTime', 3.2), ('corrAns', 'left'), ('plusStart', 4.1), ('secondStart', 5.1), ('respStart', 8.3), ('randNum', 0.12198344800000001)])
575.6122 	EXP 	firstcircle_3: autoDraw = False
575.6122 	EXP 	text_3: autoDraw = False
575.6122 	EXP 	secondcircle: autoDraw = False
575.6122 	EXP 	text_4: autoDraw = False
575.6122 	EXP 	text_4: autoDraw = True
576.1122 	EXP 	text_4: autoDraw = False
576.1288 	EXP 	firstcircle_3: autoDraw = True
579.7121 	EXP 	firstcircle_3: autoDraw = False
579.7288 	EXP 	text_3: autoDraw = True
580.7121 	EXP 	text_3: autoDraw = False
580.7288 	EXP 	secondcircle: autoDraw = True
583.9120 	EXP 	secondcircle: autoDraw = False
584.4641 	DATA 	Keypress: left
584.4655 	EXP 	New trial (rep=0, index=16): OrderedDict([('firstTime', 4.4), ('secondTime', 3.3), ('corrAns', 'left'), ('plusStart', 4.9), ('secondStart', 5.9), ('respStart', 9.2), ('randNum', 0.7908218929999999)])
584.4787 	EXP 	firstcircle_3: autoDraw = False
584.4787 	EXP 	text_3: autoDraw = False
584.4787 	EXP 	secondcircle: autoDraw = False
584.4787 	EXP 	text_4: autoDraw = False
584.4787 	EXP 	text_4: autoDraw = True
584.9787 	EXP 	text_4: autoDraw = False
584.9954 	EXP 	firstcircle_3: autoDraw = True
589.3786 	EXP 	firstcircle_3: autoDraw = False
589.3953 	EXP 	text_3: autoDraw = True
590.3786 	EXP 	text_3: autoDraw = False
590.3953 	EXP 	secondcircle: autoDraw = True
593.6786 	EXP 	secondcircle: autoDraw = False
594.5973 	DATA 	Keypress: left
594.5988 	EXP 	New trial (rep=0, index=17): OrderedDict([('firstTime', 3.5), ('secondTime', 2.1), ('corrAns', 'left'), ('plusStart', 4.0), ('secondStart', 5.0), ('respStart', 7.1), ('randNum', 0.149007794)])
594.6120 	EXP 	firstcircle_3: autoDraw = False
594.6120 	EXP 	text_3: autoDraw = False
594.6120 	EXP 	secondcircle: autoDraw = False
594.6120 	EXP 	text_4: autoDraw = False
594.6120 	EXP 	text_4: autoDraw = True
595.1119 	EXP 	text_4: autoDraw = False
595.1286 	EXP 	firstcircle_3: autoDraw = True
598.6119 	EXP 	firstcircle_3: autoDraw = False
598.6285 	EXP 	text_3: autoDraw = True
599.6118 	EXP 	text_3: autoDraw = False
599.6285 	EXP 	secondcircle: autoDraw = True
601.7118 	EXP 	secondcircle: autoDraw = False
602.4470 	DATA 	Keypress: left
602.4484 	EXP 	New trial (rep=0, index=18): OrderedDict([('firstTime', 1.8), ('secondTime', 1.2), ('corrAns', 'left'), ('plusStart', 2.3), ('secondStart', 3.3), ('respStart', 4.5), ('randNum', 0.44825194799999996)])
602.4618 	EXP 	firstcircle_3: autoDraw = False
602.4618 	EXP 	text_3: autoDraw = False
602.4618 	EXP 	secondcircle: autoDraw = False
602.4618 	EXP 	text_4: autoDraw = False
602.4618 	EXP 	text_4: autoDraw = True
602.9618 	EXP 	text_4: autoDraw = False
602.9785 	EXP 	firstcircle_3: autoDraw = True
604.7618 	EXP 	firstcircle_3: autoDraw = False
604.7784 	EXP 	text_3: autoDraw = True
605.7617 	EXP 	text_3: autoDraw = False
605.7784 	EXP 	secondcircle: autoDraw = True
606.9617 	EXP 	secondcircle: autoDraw = False
607.6971 	DATA 	Keypress: left
607.6986 	EXP 	New trial (rep=0, index=19): OrderedDict([('firstTime', 0.9), ('secondTime', 1.8), ('corrAns', 'right'), ('plusStart', 1.4), ('secondStart', 2.4), ('respStart', 4.2), ('randNum', 0.35938568299999996)])
607.7118 	EXP 	firstcircle_3: autoDraw = False
607.7118 	EXP 	text_3: autoDraw = False
607.7118 	EXP 	secondcircle: autoDraw = False
607.7118 	EXP 	text_4: autoDraw = False
607.7118 	EXP 	text_4: autoDraw = True
608.2117 	EXP 	text_4: autoDraw = False
608.2284 	EXP 	firstcircle_3: autoDraw = True
609.1117 	EXP 	firstcircle_3: autoDraw = False
609.1284 	EXP 	text_3: autoDraw = True
610.1117 	EXP 	text_3: autoDraw = False
610.1284 	EXP 	secondcircle: autoDraw = True
611.9117 	EXP 	secondcircle: autoDraw = False
612.2137 	DATA 	Keypress: right
612.2283 	EXP 	firstcircle_3: autoDraw = False
612.2283 	EXP 	text_3: autoDraw = False
612.2283 	EXP 	secondcircle: autoDraw = False
612.2283 	EXP 	text_4: autoDraw = False
612.2283 	EXP 	text_6: autoDraw = True
614.1142 	DATA 	Keypress: space
614.1208 	EXP 	Imported conditionsTime3.csv as conditions, 20 conditions, 7 params
614.1212 	EXP 	Created sequence: sequential, trialTypes=20, nReps=1, seed=None
614.1216 	EXP 	New trial (rep=0, index=0): OrderedDict([('firstTime', 2.7), ('secondTime', 1.8), ('corrAns', 'left'), ('plusStart', 3.2), ('secondStart', 4.2), ('respStart', 6.0), ('randNum', 0.09224181599999999)])
614.1284 	EXP 	text_6: autoDraw = False
614.1284 	EXP 	text_4: autoDraw = True
614.6283 	EXP 	text_4: autoDraw = False
614.6450 	EXP 	firstcircle_3: autoDraw = True
617.3283 	EXP 	firstcircle_3: autoDraw = False
617.3449 	EXP 	text_3: autoDraw = True
618.3282 	EXP 	text_3: autoDraw = False
618.3449 	EXP 	secondcircle: autoDraw = True
620.1282 	EXP 	secondcircle: autoDraw = False
620.6469 	DATA 	Keypress: left
620.6486 	EXP 	New trial (rep=0, index=1): OrderedDict([('firstTime', 1.8), ('secondTime', 2.7), ('corrAns', 'right'), ('plusStart', 2.3), ('secondStart', 3.3), ('respStart', 6.0), ('randNum', 0.320860695)])
620.6615 	EXP 	firstcircle_3: autoDraw = False
620.6615 	EXP 	text_3: autoDraw = False
620.6615 	EXP 	secondcircle: autoDraw = False
620.6615 	EXP 	text_4: autoDraw = False
620.6615 	EXP 	text_4: autoDraw = True
621.1615 	EXP 	text_4: autoDraw = False
621.1782 	EXP 	firstcircle_3: autoDraw = True
622.9615 	EXP 	firstcircle_3: autoDraw = False
622.9782 	EXP 	text_3: autoDraw = True
623.9615 	EXP 	text_3: autoDraw = False
623.9782 	EXP 	secondcircle: autoDraw = True
626.6615 	EXP 	secondcircle: autoDraw = False
626.9470 	DATA 	Keypress: right
626.9484 	EXP 	New trial (rep=0, index=2): OrderedDict([('firstTime', 0.7), ('secondTime', 1.4), ('corrAns', 'right'), ('plusStart', 1.2), ('secondStart', 2.2), ('respStart', 3.6), ('randNum', 0.091696964)])
626.9615 	EXP 	firstcircle_3: autoDraw = False
626.9615 	EXP 	text_3: autoDraw = False
626.9615 	EXP 	secondcircle: autoDraw = False
626.9615 	EXP 	text_4: autoDraw = False
626.9615 	EXP 	text_4: autoDraw = True
627.4614 	EXP 	text_4: autoDraw = False
627.4781 	EXP 	firstcircle_3: autoDraw = True
628.1615 	EXP 	firstcircle_3: autoDraw = False
628.1781 	EXP 	text_3: autoDraw = True
629.1614 	EXP 	text_3: autoDraw = False
629.1781 	EXP 	secondcircle: autoDraw = True
630.5614 	EXP 	secondcircle: autoDraw = False
630.8467 	DATA 	Keypress: right
630.8481 	EXP 	New trial (rep=0, index=3): OrderedDict([('firstTime', 4.4), ('secondTime', 3.3), ('corrAns', 'left'), ('plusStart', 4.9), ('secondStart', 5.9), ('respStart', 9.2), ('randNum', 0.010112259)])
630.8614 	EXP 	firstcircle_3: autoDraw = False
630.8614 	EXP 	text_3: autoDraw = False
630.8614 	EXP 	secondcircle: autoDraw = False
630.8614 	EXP 	text_4: autoDraw = False
630.8614 	EXP 	text_4: autoDraw = True
631.3614 	EXP 	text_4: autoDraw = False
631.3781 	EXP 	firstcircle_3: autoDraw = True
635.7614 	EXP 	firstcircle_3: autoDraw = False
635.7780 	EXP 	text_3: autoDraw = True
636.7613 	EXP 	text_3: autoDraw = False
636.7780 	EXP 	secondcircle: autoDraw = True
640.0613 	EXP 	secondcircle: autoDraw = False
640.8468 	DATA 	Keypress: left
640.8482 	EXP 	New trial (rep=0, index=4): OrderedDict([('firstTime', 0.9), ('secondTime', 1.8), ('corrAns', 'right'), ('plusStart', 1.4), ('secondStart', 2.4), ('respStart', 4.2), ('randNum', 0.877480265)])
640.8613 	EXP 	firstcircle_3: autoDraw = False
640.8613 	EXP 	text_3: autoDraw = False
640.8613 	EXP 	secondcircle: autoDraw = False
640.8613 	EXP 	text_4: autoDraw = False
640.8613 	EXP 	text_4: autoDraw = True
641.3613 	EXP 	text_4: autoDraw = False
641.3779 	EXP 	firstcircle_3: autoDraw = True
642.2613 	EXP 	firstcircle_3: autoDraw = False
642.2779 	EXP 	text_3: autoDraw = True
643.2612 	EXP 	text_3: autoDraw = False
643.2779 	EXP 	secondcircle: autoDraw = True
645.0612 	EXP 	secondcircle: autoDraw = False
645.2967 	DATA 	Keypress: right
645.2981 	EXP 	New trial (rep=0, index=5): OrderedDict([('firstTime', 1.8), ('secondTime', 0.9), ('corrAns', 'left'), ('plusStart', 2.3), ('secondStart', 3.3), ('respStart', 4.2), ('randNum', 0.74232345)])
645.3112 	EXP 	firstcircle_3: autoDraw = False
645.3112 	EXP 	text_3: autoDraw = False
645.3112 	EXP 	secondcircle: autoDraw = False
645.3112 	EXP 	text_4: autoDraw = False
645.3112 	EXP 	text_4: autoDraw = True
645.8112 	EXP 	text_4: autoDraw = False
645.8279 	EXP 	firstcircle_3: autoDraw = True
647.6112 	EXP 	firstcircle_3: autoDraw = False
647.6279 	EXP 	text_3: autoDraw = True
648.6112 	EXP 	text_3: autoDraw = False
648.6278 	EXP 	secondcircle: autoDraw = True
649.5112 	EXP 	secondcircle: autoDraw = False
650.1132 	DATA 	Keypress: left
650.1147 	EXP 	New trial (rep=0, index=6): OrderedDict([('firstTime', 1.8), ('secondTime', 1.2), ('corrAns', 'left'), ('plusStart', 2.3), ('secondStart', 3.3), ('respStart', 4.5), ('randNum', 0.307053849)])
650.1278 	EXP 	firstcircle_3: autoDraw = False
650.1278 	EXP 	text_3: autoDraw = False
650.1278 	EXP 	secondcircle: autoDraw = False
650.1278 	EXP 	text_4: autoDraw = False
650.1278 	EXP 	text_4: autoDraw = True
650.6278 	EXP 	text_4: autoDraw = False
650.6445 	EXP 	firstcircle_3: autoDraw = True
652.4278 	EXP 	firstcircle_3: autoDraw = False
652.4445 	EXP 	text_3: autoDraw = True
653.4278 	EXP 	text_3: autoDraw = False
653.4444 	EXP 	secondcircle: autoDraw = True
654.6278 	EXP 	secondcircle: autoDraw = False
655.5464 	DATA 	Keypress: left
655.5479 	EXP 	New trial (rep=0, index=7): OrderedDict([('firstTime', 3.6), ('secondTime', 3.2), ('corrAns', 'left'), ('plusStart', 4.1), ('secondStart', 5.1), ('respStart', 8.3), ('randNum', 0.331236492)])
655.5611 	EXP 	firstcircle_3: autoDraw = False
655.5611 	EXP 	text_3: autoDraw = False
655.5611 	EXP 	secondcircle: autoDraw = False
655.5611 	EXP 	text_4: autoDraw = False
655.5611 	EXP 	text_4: autoDraw = True
656.0611 	EXP 	text_4: autoDraw = False
656.0777 	EXP 	firstcircle_3: autoDraw = True
659.6610 	EXP 	firstcircle_3: autoDraw = False
659.6777 	EXP 	text_3: autoDraw = True
660.6610 	EXP 	text_3: autoDraw = False
660.6777 	EXP 	secondcircle: autoDraw = True
663.8610 	EXP 	secondcircle: autoDraw = False
664.8963 	DATA 	Keypress: right
664.8977 	EXP 	New trial (rep=0, index=8): OrderedDict([('firstTime', 2.5), ('secondTime', 1.5), ('corrAns', 'left'), ('plusStart', 3.0), ('secondStart', 4.0), ('respStart', 5.5), ('randNum', 0.778562476)])
664.9109 	EXP 	firstcircle_3: autoDraw = False
664.9109 	EXP 	text_3: autoDraw = False
664.9109 	EXP 	secondcircle: autoDraw = False
664.9109 	EXP 	text_4: autoDraw = False
664.9109 	EXP 	text_4: autoDraw = True
665.4109 	EXP 	text_4: autoDraw = False
665.4276 	EXP 	firstcircle_3: autoDraw = True
667.9109 	EXP 	firstcircle_3: autoDraw = False
667.9276 	EXP 	text_3: autoDraw = True
668.9109 	EXP 	text_3: autoDraw = False
668.9276 	EXP 	secondcircle: autoDraw = True
670.4109 	EXP 	secondcircle: autoDraw = False
670.9462 	DATA 	Keypress: left
670.9476 	EXP 	New trial (rep=0, index=9): OrderedDict([('firstTime', 1.2), ('secondTime', 1.8), ('corrAns', 'right'), ('plusStart', 1.7), ('secondStart', 2.7), ('respStart', 4.5), ('randNum', 0.18131893100000002)])
670.9609 	EXP 	firstcircle_3: autoDraw = False
670.9609 	EXP 	text_3: autoDraw = False
670.9609 	EXP 	secondcircle: autoDraw = False
670.9609 	EXP 	text_4: autoDraw = False
670.9609 	EXP 	text_4: autoDraw = True
671.4609 	EXP 	text_4: autoDraw = False
671.4775 	EXP 	firstcircle_3: autoDraw = True
672.6608 	EXP 	firstcircle_3: autoDraw = False
672.6775 	EXP 	text_3: autoDraw = True
673.6608 	EXP 	text_3: autoDraw = False
673.6775 	EXP 	secondcircle: autoDraw = True
675.4608 	EXP 	secondcircle: autoDraw = False
676.1296 	DATA 	Keypress: right
676.1309 	EXP 	New trial (rep=0, index=10): OrderedDict([('firstTime', 2.8), ('secondTime', 2.1), ('corrAns', 'left'), ('plusStart', 3.3), ('secondStart', 4.3), ('respStart', 6.4), ('randNum', 0.897215002)])
676.1442 	EXP 	firstcircle_3: autoDraw = False
676.1442 	EXP 	text_3: autoDraw = False
676.1442 	EXP 	secondcircle: autoDraw = False
676.1442 	EXP 	text_4: autoDraw = False
676.1442 	EXP 	text_4: autoDraw = True
676.6442 	EXP 	text_4: autoDraw = False
676.6608 	EXP 	firstcircle_3: autoDraw = True
679.4441 	EXP 	firstcircle_3: autoDraw = False
679.4608 	EXP 	text_3: autoDraw = True
680.4441 	EXP 	text_3: autoDraw = False
680.4607 	EXP 	secondcircle: autoDraw = True
682.5441 	EXP 	secondcircle: autoDraw = False
683.9295 	DATA 	Keypress: left
683.9308 	EXP 	New trial (rep=0, index=11): OrderedDict([('firstTime', 2.1), ('secondTime', 2.8), ('corrAns', 'right'), ('plusStart', 2.6), ('secondStart', 3.6), ('respStart', 6.4), ('randNum', 0.734438325)])
683.9440 	EXP 	firstcircle_3: autoDraw = False
683.9440 	EXP 	text_3: autoDraw = False
683.9440 	EXP 	secondcircle: autoDraw = False
683.9440 	EXP 	text_4: autoDraw = False
683.9440 	EXP 	text_4: autoDraw = True
684.4440 	EXP 	text_4: autoDraw = False
684.4607 	EXP 	firstcircle_3: autoDraw = True
686.5440 	EXP 	firstcircle_3: autoDraw = False
686.5607 	EXP 	text_3: autoDraw = True
687.5440 	EXP 	text_3: autoDraw = False
687.5606 	EXP 	secondcircle: autoDraw = True
690.3439 	EXP 	secondcircle: autoDraw = False
690.9459 	DATA 	Keypress: right
690.9473 	EXP 	New trial (rep=0, index=12): OrderedDict([('firstTime', 3.2), ('secondTime', 3.6), ('corrAns', 'right'), ('plusStart', 3.7), ('secondStart', 4.7), ('respStart', 8.3), ('randNum', 0.716372322)])
690.9606 	EXP 	firstcircle_3: autoDraw = False
690.9606 	EXP 	text_3: autoDraw = False
690.9606 	EXP 	secondcircle: autoDraw = False
690.9606 	EXP 	text_4: autoDraw = False
690.9606 	EXP 	text_4: autoDraw = True
691.4606 	EXP 	text_4: autoDraw = False
691.4773 	EXP 	firstcircle_3: autoDraw = True
694.6605 	EXP 	firstcircle_3: autoDraw = False
694.6772 	EXP 	text_3: autoDraw = True
695.6605 	EXP 	text_3: autoDraw = False
695.6772 	EXP 	secondcircle: autoDraw = True
699.2605 	EXP 	secondcircle: autoDraw = False
699.7459 	DATA 	Keypress: right
699.7472 	EXP 	New trial (rep=0, index=13): OrderedDict([('firstTime', 2.1), ('secondTime', 3.5), ('corrAns', 'right'), ('plusStart', 2.6), ('secondStart', 3.6), ('respStart', 7.1), ('randNum', 0.2797458)])
699.7605 	EXP 	firstcircle_3: autoDraw = False
699.7605 	EXP 	text_3: autoDraw = False
699.7605 	EXP 	secondcircle: autoDraw = False
699.7605 	EXP 	text_4: autoDraw = False
699.7605 	EXP 	text_4: autoDraw = True
700.2605 	EXP 	text_4: autoDraw = False
700.2771 	EXP 	firstcircle_3: autoDraw = True
702.3604 	EXP 	firstcircle_3: autoDraw = False
702.3771 	EXP 	text_3: autoDraw = True
703.3604 	EXP 	text_3: autoDraw = False
703.3771 	EXP 	secondcircle: autoDraw = True
706.8604 	EXP 	secondcircle: autoDraw = False
707.5456 	DATA 	Keypress: left
707.5470 	EXP 	New trial (rep=0, index=14): OrderedDict([('firstTime', 1.4), ('secondTime', 0.7), ('corrAns', 'left'), ('plusStart', 1.9), ('secondStart', 2.9), ('respStart', 3.6), ('randNum', 0.038284202)])
707.5604 	EXP 	firstcircle_3: autoDraw = False
707.5604 	EXP 	text_3: autoDraw = False
707.5604 	EXP 	secondcircle: autoDraw = False
707.5604 	EXP 	text_4: autoDraw = False
707.5604 	EXP 	text_4: autoDraw = True
708.0604 	EXP 	text_4: autoDraw = False
708.0770 	EXP 	firstcircle_3: autoDraw = True
709.4604 	EXP 	firstcircle_3: autoDraw = False
709.4770 	EXP 	text_3: autoDraw = True
710.4604 	EXP 	text_3: autoDraw = False
710.4770 	EXP 	secondcircle: autoDraw = True
711.1603 	EXP 	secondcircle: autoDraw = False
712.2791 	DATA 	Keypress: left
712.2804 	EXP 	New trial (rep=0, index=15): OrderedDict([('firstTime', 9.9), ('secondTime', 8.8), ('corrAns', 'left'), ('plusStart', 10.4), ('secondStart', 11.4), ('respStart', 20.2), ('randNum', 0.656448526)])
712.2936 	EXP 	firstcircle_3: autoDraw = False
712.2936 	EXP 	text_3: autoDraw = False
712.2936 	EXP 	secondcircle: autoDraw = False
712.2936 	EXP 	text_4: autoDraw = False
712.2936 	EXP 	text_4: autoDraw = True
712.7936 	EXP 	text_4: autoDraw = False
712.8103 	EXP 	firstcircle_3: autoDraw = True
722.6935 	EXP 	firstcircle_3: autoDraw = False
722.7102 	EXP 	text_3: autoDraw = True
723.6935 	EXP 	text_3: autoDraw = False
723.7102 	EXP 	secondcircle: autoDraw = True
732.4934 	EXP 	secondcircle: autoDraw = False
733.0291 	DATA 	Keypress: left
733.0450 	EXP 	New trial (rep=0, index=16): OrderedDict([('firstTime', 3.5), ('secondTime', 2.1), ('corrAns', 'left'), ('plusStart', 4.0), ('secondStart', 5.0), ('respStart', 7.1), ('randNum', 0.25078508899999996)])
733.0600 	EXP 	firstcircle_3: autoDraw = False
733.0600 	EXP 	text_3: autoDraw = False
733.0600 	EXP 	secondcircle: autoDraw = False
733.0600 	EXP 	text_4: autoDraw = False
733.0600 	EXP 	text_4: autoDraw = True
733.5600 	EXP 	text_4: autoDraw = False
733.5767 	EXP 	firstcircle_3: autoDraw = True
737.0600 	EXP 	firstcircle_3: autoDraw = False
737.0766 	EXP 	text_3: autoDraw = True
738.0600 	EXP 	text_3: autoDraw = False
738.0766 	EXP 	secondcircle: autoDraw = True
740.1599 	EXP 	secondcircle: autoDraw = False
740.6954 	DATA 	Keypress: left
740.6967 	EXP 	New trial (rep=0, index=17): OrderedDict([('firstTime', 8.8), ('secondTime', 9.9), ('corrAns', 'right'), ('plusStart', 9.3), ('secondStart', 10.3), ('respStart', 20.2), ('randNum', 0.055985873)])
740.7099 	EXP 	firstcircle_3: autoDraw = False
740.7099 	EXP 	text_3: autoDraw = False
740.7099 	EXP 	secondcircle: autoDraw = False
740.7099 	EXP 	text_4: autoDraw = False
740.7099 	EXP 	text_4: autoDraw = True
741.2099 	EXP 	text_4: autoDraw = False
741.2266 	EXP 	firstcircle_3: autoDraw = True
750.0098 	EXP 	firstcircle_3: autoDraw = False
750.0265 	EXP 	text_3: autoDraw = True
751.0098 	EXP 	text_3: autoDraw = False
751.0265 	EXP 	secondcircle: autoDraw = True
760.9096 	EXP 	secondcircle: autoDraw = False
761.2948 	DATA 	Keypress: right
761.2961 	EXP 	New trial (rep=0, index=18): OrderedDict([('firstTime', 1.5), ('secondTime', 2.5), ('corrAns', 'right'), ('plusStart', 2.0), ('secondStart', 3.0), ('respStart', 5.5), ('randNum', 0.279030548)])
761.3097 	EXP 	firstcircle_3: autoDraw = False
761.3097 	EXP 	text_3: autoDraw = False
761.3097 	EXP 	secondcircle: autoDraw = False
761.3097 	EXP 	text_4: autoDraw = False
761.3097 	EXP 	text_4: autoDraw = True
761.8096 	EXP 	text_4: autoDraw = False
761.8263 	EXP 	firstcircle_3: autoDraw = True
763.3096 	EXP 	firstcircle_3: autoDraw = False
763.3263 	EXP 	text_3: autoDraw = True
764.3096 	EXP 	text_3: autoDraw = False
764.3263 	EXP 	secondcircle: autoDraw = True
766.8096 	EXP 	secondcircle: autoDraw = False
767.0449 	DATA 	Keypress: right
767.0462 	EXP 	New trial (rep=0, index=19): OrderedDict([('firstTime', 3.3), ('secondTime', 4.4), ('corrAns', 'right'), ('plusStart', 3.8), ('secondStart', 4.8), ('respStart', 9.2), ('randNum', 0.6214470879999999)])
767.0596 	EXP 	firstcircle_3: autoDraw = False
767.0596 	EXP 	text_3: autoDraw = False
767.0596 	EXP 	secondcircle: autoDraw = False
767.0596 	EXP 	text_4: autoDraw = False
767.0596 	EXP 	text_4: autoDraw = True
767.5596 	EXP 	text_4: autoDraw = False
767.5762 	EXP 	firstcircle_3: autoDraw = True
770.8595 	EXP 	firstcircle_3: autoDraw = False
770.8762 	EXP 	text_3: autoDraw = True
771.8595 	EXP 	text_3: autoDraw = False
771.8762 	EXP 	secondcircle: autoDraw = True
776.2595 	EXP 	secondcircle: autoDraw = False
776.5446 	DATA 	Keypress: right
776.5594 	EXP 	firstcircle_3: autoDraw = False
776.5594 	EXP 	text_3: autoDraw = False
776.5594 	EXP 	secondcircle: autoDraw = False
776.5594 	EXP 	text_4: autoDraw = False
776.5594 	EXP 	text_7: autoDraw = True
778.1783 	DATA 	Keypress: space
778.1837 	EXP 	Imported conditionsTime4.csv as conditions, 20 conditions, 7 params
778.1841 	EXP 	Created sequence: sequential, trialTypes=20, nReps=1, seed=None
778.1845 	EXP 	New trial (rep=0, index=0): OrderedDict([('firstTime', 2.5), ('secondTime', 1.5), ('corrAns', 'left'), ('plusStart', 3.0), ('secondStart', 4.0), ('respStart', 5.5), ('randNum', 0.9526453340000001)])
778.1929 	EXP 	text_7: autoDraw = False
778.1929 	EXP 	text_4: autoDraw = True
778.6928 	EXP 	text_4: autoDraw = False
778.7094 	EXP 	firstcircle_3: autoDraw = True
781.1927 	EXP 	firstcircle_3: autoDraw = False
781.2094 	EXP 	text_3: autoDraw = True
782.1927 	EXP 	text_3: autoDraw = False
782.2094 	EXP 	secondcircle: autoDraw = True
783.6927 	EXP 	secondcircle: autoDraw = False
784.4449 	DATA 	Keypress: left
784.4464 	EXP 	New trial (rep=0, index=1): OrderedDict([('firstTime', 2.8), ('secondTime', 2.1), ('corrAns', 'left'), ('plusStart', 3.3), ('secondStart', 4.3), ('respStart', 6.4), ('randNum', 0.962497787)])
784.4593 	EXP 	firstcircle_3: autoDraw = False
784.4593 	EXP 	text_3: autoDraw = False
784.4593 	EXP 	secondcircle: autoDraw = False
784.4593 	EXP 	text_4: autoDraw = False
784.4593 	EXP 	text_4: autoDraw = True
784.9593 	EXP 	text_4: autoDraw = False
784.9760 	EXP 	firstcircle_3: autoDraw = True
787.7593 	EXP 	firstcircle_3: autoDraw = False
787.7760 	EXP 	text_3: autoDraw = True
788.7593 	EXP 	text_3: autoDraw = False
788.7760 	EXP 	secondcircle: autoDraw = True
790.8593 	EXP 	secondcircle: autoDraw = False
791.6945 	DATA 	Keypress: left
791.6958 	EXP 	New trial (rep=0, index=2): OrderedDict([('firstTime', 2.7), ('secondTime', 1.8), ('corrAns', 'left'), ('plusStart', 3.2), ('secondStart', 4.2), ('respStart', 6.0), ('randNum', 0.06690605599999999)])
791.7092 	EXP 	firstcircle_3: autoDraw = False
791.7092 	EXP 	text_3: autoDraw = False
791.7092 	EXP 	secondcircle: autoDraw = False
791.7092 	EXP 	text_4: autoDraw = False
791.7092 	EXP 	text_4: autoDraw = True
792.2092 	EXP 	text_4: autoDraw = False
792.2259 	EXP 	firstcircle_3: autoDraw = True
794.9092 	EXP 	firstcircle_3: autoDraw = False
794.9259 	EXP 	text_3: autoDraw = True
795.9092 	EXP 	text_3: autoDraw = False
795.9259 	EXP 	secondcircle: autoDraw = True
797.7092 	EXP 	secondcircle: autoDraw = False
798.5777 	DATA 	Keypress: left
798.5791 	EXP 	New trial (rep=0, index=3): OrderedDict([('firstTime', 8.8), ('secondTime', 9.9), ('corrAns', 'right'), ('plusStart', 9.3), ('secondStart', 10.3), ('respStart', 20.2), ('randNum', 0.09555333099999999)])
798.5926 	EXP 	firstcircle_3: autoDraw = False
798.5926 	EXP 	text_3: autoDraw = False
798.5926 	EXP 	secondcircle: autoDraw = False
798.5926 	EXP 	text_4: autoDraw = False
798.5926 	EXP 	text_4: autoDraw = True
799.0925 	EXP 	text_4: autoDraw = False
799.1091 	EXP 	firstcircle_3: autoDraw = True
807.8924 	EXP 	firstcircle_3: autoDraw = False
807.9090 	EXP 	text_3: autoDraw = True
808.8923 	EXP 	text_3: autoDraw = False
808.9090 	EXP 	secondcircle: autoDraw = True
818.7923 	EXP 	secondcircle: autoDraw = False
819.0775 	DATA 	Keypress: right
819.0787 	EXP 	New trial (rep=0, index=4): OrderedDict([('firstTime', 1.8), ('secondTime', 2.7), ('corrAns', 'right'), ('plusStart', 2.3), ('secondStart', 3.3), ('respStart', 6.0), ('randNum', 0.559320406)])
819.0922 	EXP 	firstcircle_3: autoDraw = False
819.0922 	EXP 	text_3: autoDraw = False
819.0922 	EXP 	secondcircle: autoDraw = False
819.0922 	EXP 	text_4: autoDraw = False
819.0922 	EXP 	text_4: autoDraw = True
819.5922 	EXP 	text_4: autoDraw = False
819.6089 	EXP 	firstcircle_3: autoDraw = True
821.3922 	EXP 	firstcircle_3: autoDraw = False
821.4088 	EXP 	text_3: autoDraw = True
822.3922 	EXP 	text_3: autoDraw = False
822.4088 	EXP 	secondcircle: autoDraw = True
825.0921 	EXP 	secondcircle: autoDraw = False
826.0442 	DATA 	Keypress: left
826.0456 	EXP 	New trial (rep=0, index=5): OrderedDict([('firstTime', 3.5), ('secondTime', 2.1), ('corrAns', 'left'), ('plusStart', 4.0), ('secondStart', 5.0), ('respStart', 7.1), ('randNum', 0.885130943)])
826.0588 	EXP 	firstcircle_3: autoDraw = False
826.0588 	EXP 	text_3: autoDraw = False
826.0588 	EXP 	secondcircle: autoDraw = False
826.0588 	EXP 	text_4: autoDraw = False
826.0588 	EXP 	text_4: autoDraw = True
826.5588 	EXP 	text_4: autoDraw = False
826.5754 	EXP 	firstcircle_3: autoDraw = True
830.0588 	EXP 	firstcircle_3: autoDraw = False
830.0754 	EXP 	text_3: autoDraw = True
831.0587 	EXP 	text_3: autoDraw = False
831.0754 	EXP 	secondcircle: autoDraw = True
833.1587 	EXP 	secondcircle: autoDraw = False
833.6941 	DATA 	Keypress: left
833.6955 	EXP 	New trial (rep=0, index=6): OrderedDict([('firstTime', 2.1), ('secondTime', 2.8), ('corrAns', 'right'), ('plusStart', 2.6), ('secondStart', 3.6), ('respStart', 6.4), ('randNum', 0.7843272990000001)])
833.7087 	EXP 	firstcircle_3: autoDraw = False
833.7087 	EXP 	text_3: autoDraw = False
833.7087 	EXP 	secondcircle: autoDraw = False
833.7087 	EXP 	text_4: autoDraw = False
833.7087 	EXP 	text_4: autoDraw = True
834.2087 	EXP 	text_4: autoDraw = False
834.2253 	EXP 	firstcircle_3: autoDraw = True
836.3086 	EXP 	firstcircle_3: autoDraw = False
836.3253 	EXP 	text_3: autoDraw = True
837.3087 	EXP 	text_3: autoDraw = False
837.3253 	EXP 	secondcircle: autoDraw = True
840.1086 	EXP 	secondcircle: autoDraw = False
840.4440 	DATA 	Keypress: right
840.4454 	EXP 	New trial (rep=0, index=7): OrderedDict([('firstTime', 4.4), ('secondTime', 3.3), ('corrAns', 'left'), ('plusStart', 4.9), ('secondStart', 5.9), ('respStart', 9.2), ('randNum', 0.594355042)])
840.4586 	EXP 	firstcircle_3: autoDraw = False
840.4586 	EXP 	text_3: autoDraw = False
840.4586 	EXP 	secondcircle: autoDraw = False
840.4586 	EXP 	text_4: autoDraw = False
840.4586 	EXP 	text_4: autoDraw = True
840.9586 	EXP 	text_4: autoDraw = False
840.9752 	EXP 	firstcircle_3: autoDraw = True
845.3586 	EXP 	firstcircle_3: autoDraw = False
845.3752 	EXP 	text_3: autoDraw = True
846.3585 	EXP 	text_3: autoDraw = False
846.3752 	EXP 	secondcircle: autoDraw = True
849.6585 	EXP 	secondcircle: autoDraw = False
850.2269 	DATA 	Keypress: left
850.2282 	EXP 	New trial (rep=0, index=8): OrderedDict([('firstTime', 0.9), ('secondTime', 1.8), ('corrAns', 'right'), ('plusStart', 1.4), ('secondStart', 2.4), ('respStart', 4.2), ('randNum', 0.39760777399999997)])
850.2418 	EXP 	firstcircle_3: autoDraw = False
850.2418 	EXP 	text_3: autoDraw = False
850.2418 	EXP 	secondcircle: autoDraw = False
850.2418 	EXP 	text_4: autoDraw = False
850.2418 	EXP 	text_4: autoDraw = True
850.7418 	EXP 	text_4: autoDraw = False
850.7585 	EXP 	firstcircle_3: autoDraw = True
851.6418 	EXP 	firstcircle_3: autoDraw = False
851.6584 	EXP 	text_3: autoDraw = True
852.6417 	EXP 	text_3: autoDraw = False
852.6585 	EXP 	secondcircle: autoDraw = True
854.4417 	EXP 	secondcircle: autoDraw = False
856.6271 	DATA 	Keypress: right
856.6285 	EXP 	New trial (rep=0, index=9): OrderedDict([('firstTime', 3.6), ('secondTime', 3.2), ('corrAns', 'left'), ('plusStart', 4.1), ('secondStart', 5.1), ('respStart', 8.3), ('randNum', 0.454525661)])
856.6417 	EXP 	firstcircle_3: autoDraw = False
856.6417 	EXP 	text_3: autoDraw = False
856.6417 	EXP 	secondcircle: autoDraw = False
856.6417 	EXP 	text_4: autoDraw = False
856.6417 	EXP 	text_4: autoDraw = True
857.1418 	EXP 	text_4: autoDraw = False
857.1584 	EXP 	firstcircle_3: autoDraw = True
860.7417 	EXP 	firstcircle_3: autoDraw = False
860.7583 	EXP 	text_3: autoDraw = True
861.7416 	EXP 	text_3: autoDraw = False
861.7583 	EXP 	secondcircle: autoDraw = True
864.9416 	EXP 	secondcircle: autoDraw = False
866.4602 	DATA 	Keypress: right
866.4616 	EXP 	New trial (rep=0, index=10): OrderedDict([('firstTime', 9.9), ('secondTime', 8.8), ('corrAns', 'left'), ('plusStart', 10.4), ('secondStart', 11.4), ('respStart', 20.2), ('randNum', 0.335173919)])
866.4749 	EXP 	firstcircle_3: autoDraw = False
866.4749 	EXP 	text_3: autoDraw = False
866.4749 	EXP 	secondcircle: autoDraw = False
866.4749 	EXP 	text_4: autoDraw = False
866.4749 	EXP 	text_4: autoDraw = True
866.9749 	EXP 	text_4: autoDraw = False
866.9916 	EXP 	firstcircle_3: autoDraw = True
876.8748 	EXP 	firstcircle_3: autoDraw = False
876.8915 	EXP 	text_3: autoDraw = True
877.8747 	EXP 	text_3: autoDraw = False
877.8914 	EXP 	secondcircle: autoDraw = True
886.6746 	EXP 	secondcircle: autoDraw = False
887.4931 	DATA 	Keypress: left
887.4944 	EXP 	New trial (rep=0, index=11): OrderedDict([('firstTime', 1.8), ('secondTime', 1.2), ('corrAns', 'left'), ('plusStart', 2.3), ('secondStart', 3.3), ('respStart', 4.5), ('randNum', 0.050156068)])
887.5080 	EXP 	firstcircle_3: autoDraw = False
887.5080 	EXP 	text_3: autoDraw = False
887.5080 	EXP 	secondcircle: autoDraw = False
887.5080 	EXP 	text_4: autoDraw = False
887.5080 	EXP 	text_4: autoDraw = True
888.0079 	EXP 	text_4: autoDraw = False
888.0246 	EXP 	firstcircle_3: autoDraw = True
889.8079 	EXP 	firstcircle_3: autoDraw = False
889.8246 	EXP 	text_3: autoDraw = True
890.8079 	EXP 	text_3: autoDraw = False
890.8246 	EXP 	secondcircle: autoDraw = True
892.0079 	EXP 	secondcircle: autoDraw = False
892.8933 	DATA 	Keypress: left
892.8946 	EXP 	New trial (rep=0, index=12): OrderedDict([('firstTime', 2.1), ('secondTime', 3.5), ('corrAns', 'right'), ('plusStart', 2.6), ('secondStart', 3.6), ('respStart', 7.1), ('randNum', 0.553210354)])
892.9079 	EXP 	firstcircle_3: autoDraw = False
892.9079 	EXP 	text_3: autoDraw = False
892.9079 	EXP 	secondcircle: autoDraw = False
892.9079 	EXP 	text_4: autoDraw = False
892.9079 	EXP 	text_4: autoDraw = True
893.4079 	EXP 	text_4: autoDraw = False
893.4245 	EXP 	firstcircle_3: autoDraw = True
895.5078 	EXP 	firstcircle_3: autoDraw = False
895.5245 	EXP 	text_3: autoDraw = True
896.5078 	EXP 	text_3: autoDraw = False
896.5245 	EXP 	secondcircle: autoDraw = True
900.0078 	EXP 	secondcircle: autoDraw = False
900.4931 	DATA 	Keypress: right
900.4945 	EXP 	New trial (rep=0, index=13): OrderedDict([('firstTime', 3.2), ('secondTime', 3.6), ('corrAns', 'right'), ('plusStart', 3.7), ('secondStart', 4.7), ('respStart', 8.3), ('randNum', 0.062598668)])
900.5078 	EXP 	firstcircle_3: autoDraw = False
900.5078 	EXP 	text_3: autoDraw = False
900.5078 	EXP 	secondcircle: autoDraw = False
900.5078 	EXP 	text_4: autoDraw = False
900.5078 	EXP 	text_4: autoDraw = True
901.0078 	EXP 	text_4: autoDraw = False
901.0244 	EXP 	firstcircle_3: autoDraw = True
904.2077 	EXP 	firstcircle_3: autoDraw = False
904.2244 	EXP 	text_3: autoDraw = True
905.2077 	EXP 	text_3: autoDraw = False
905.2244 	EXP 	secondcircle: autoDraw = True
908.8077 	EXP 	secondcircle: autoDraw = False
909.3597 	DATA 	Keypress: right
909.3610 	EXP 	New trial (rep=0, index=14): OrderedDict([('firstTime', 1.5), ('secondTime', 2.5), ('corrAns', 'right'), ('plusStart', 2.0), ('secondStart', 3.0), ('respStart', 5.5), ('randNum', 0.851613693)])
909.3744 	EXP 	firstcircle_3: autoDraw = False
909.3744 	EXP 	text_3: autoDraw = False
909.3744 	EXP 	secondcircle: autoDraw = False
909.3744 	EXP 	text_4: autoDraw = False
909.3744 	EXP 	text_4: autoDraw = True
909.8743 	EXP 	text_4: autoDraw = False
909.8910 	EXP 	firstcircle_3: autoDraw = True
911.3743 	EXP 	firstcircle_3: autoDraw = False
911.3910 	EXP 	text_3: autoDraw = True
912.3743 	EXP 	text_3: autoDraw = False
912.3909 	EXP 	secondcircle: autoDraw = True
914.8743 	EXP 	secondcircle: autoDraw = False
915.1429 	DATA 	Keypress: right
915.1442 	EXP 	New trial (rep=0, index=15): OrderedDict([('firstTime', 1.2), ('secondTime', 1.8), ('corrAns', 'right'), ('plusStart', 1.7), ('secondStart', 2.7), ('respStart', 4.5), ('randNum', 0.9561071459999999)])
915.1576 	EXP 	firstcircle_3: autoDraw = False
915.1576 	EXP 	text_3: autoDraw = False
915.1576 	EXP 	secondcircle: autoDraw = False
915.1576 	EXP 	text_4: autoDraw = False
915.1576 	EXP 	text_4: autoDraw = True
915.6576 	EXP 	text_4: autoDraw = False
915.6742 	EXP 	firstcircle_3: autoDraw = True
916.8575 	EXP 	firstcircle_3: autoDraw = False
916.8742 	EXP 	text_3: autoDraw = True
917.8576 	EXP 	text_3: autoDraw = False
917.8742 	EXP 	secondcircle: autoDraw = True
919.6575 	EXP 	secondcircle: autoDraw = False
921.0597 	DATA 	Keypress: right
921.0611 	EXP 	New trial (rep=0, index=16): OrderedDict([('firstTime', 3.3), ('secondTime', 4.4), ('corrAns', 'right'), ('plusStart', 3.8), ('secondStart', 4.8), ('respStart', 9.2), ('randNum', 0.25372748300000003)])
921.0742 	EXP 	firstcircle_3: autoDraw = False
921.0742 	EXP 	text_3: autoDraw = False
921.0742 	EXP 	secondcircle: autoDraw = False
921.0742 	EXP 	text_4: autoDraw = False
921.0742 	EXP 	text_4: autoDraw = True
921.5742 	EXP 	text_4: autoDraw = False
921.5908 	EXP 	firstcircle_3: autoDraw = True
924.8741 	EXP 	firstcircle_3: autoDraw = False
924.8908 	EXP 	text_3: autoDraw = True
925.8741 	EXP 	text_3: autoDraw = False
925.8908 	EXP 	secondcircle: autoDraw = True
930.2096 	DATA 	Keypress: right
930.2741 	EXP 	secondcircle: autoDraw = False
934.4926 	DATA 	Keypress: right
934.4941 	EXP 	New trial (rep=0, index=17): OrderedDict([('firstTime', 1.8), ('secondTime', 0.9), ('corrAns', 'left'), ('plusStart', 2.3), ('secondStart', 3.3), ('respStart', 4.2), ('randNum', 0.328250033)])
934.5073 	EXP 	firstcircle_3: autoDraw = False
934.5073 	EXP 	text_3: autoDraw = False
934.5073 	EXP 	secondcircle: autoDraw = False
934.5073 	EXP 	text_4: autoDraw = False
934.5073 	EXP 	text_4: autoDraw = True
935.0073 	EXP 	text_4: autoDraw = False
935.0240 	EXP 	firstcircle_3: autoDraw = True
936.8073 	EXP 	firstcircle_3: autoDraw = False
936.8239 	EXP 	text_3: autoDraw = True
937.8073 	EXP 	text_3: autoDraw = False
937.8239 	EXP 	secondcircle: autoDraw = True
938.7073 	EXP 	secondcircle: autoDraw = False
939.6426 	DATA 	Keypress: left
939.6442 	EXP 	New trial (rep=0, index=18): OrderedDict([('firstTime', 1.4), ('secondTime', 0.7), ('corrAns', 'left'), ('plusStart', 1.9), ('secondStart', 2.9), ('respStart', 3.6), ('randNum', 0.26139814899999997)])
939.6572 	EXP 	firstcircle_3: autoDraw = False
939.6572 	EXP 	text_3: autoDraw = False
939.6572 	EXP 	secondcircle: autoDraw = False
939.6572 	EXP 	text_4: autoDraw = False
939.6572 	EXP 	text_4: autoDraw = True
940.1572 	EXP 	text_4: autoDraw = False
940.1739 	EXP 	firstcircle_3: autoDraw = True
941.5572 	EXP 	firstcircle_3: autoDraw = False
941.5739 	EXP 	text_3: autoDraw = True
942.5572 	EXP 	text_3: autoDraw = False
942.5739 	EXP 	secondcircle: autoDraw = True
943.2572 	EXP 	secondcircle: autoDraw = False
944.0259 	DATA 	Keypress: left
944.0274 	EXP 	New trial (rep=0, index=19): OrderedDict([('firstTime', 0.7), ('secondTime', 1.4), ('corrAns', 'right'), ('plusStart', 1.2), ('secondStart', 2.2), ('respStart', 3.6), ('randNum', 0.515481866)])
944.0406 	EXP 	firstcircle_3: autoDraw = False
944.0406 	EXP 	text_3: autoDraw = False
944.0406 	EXP 	secondcircle: autoDraw = False
944.0406 	EXP 	text_4: autoDraw = False
944.0406 	EXP 	text_4: autoDraw = True
944.5405 	EXP 	text_4: autoDraw = False
944.5572 	EXP 	firstcircle_3: autoDraw = True
945.2405 	EXP 	firstcircle_3: autoDraw = False
945.2572 	EXP 	text_3: autoDraw = True
946.2405 	EXP 	text_3: autoDraw = False
946.2571 	EXP 	secondcircle: autoDraw = True
947.6405 	EXP 	secondcircle: autoDraw = False
947.9592 	DATA 	Keypress: right
947.9738 	EXP 	firstcircle_3: autoDraw = False
947.9738 	EXP 	text_3: autoDraw = False
947.9738 	EXP 	secondcircle: autoDraw = False
947.9738 	EXP 	text_4: autoDraw = False
947.9738 	EXP 	text_2: autoDraw = True
951.2423 	EXP 	window1: mouseVisible = True
