1.5305 	WARNING 	sounddevice audio lib was requested but not loaded: sounddevice not working
8.3805 	WARNING 	User requested fullscreen with size [1024  768], but screen is actually [1440, 900]. Using actual size
9.0338 	EXP 	Created window1 = Window(allowGUI=False, allowStencil=False, args=UNKNOWN, autoLog=True, bitsMode=UNKNOWN, blendMode='avg', color=array([0., 0., 0.]), colorSpace='rgb', fullscr=<method-wrapper '__getattribute__' of attributeSetter object at 0x10f70bda0>, gamma=None, kwargs=UNKNOWN, lms=UNKNOWN, monitor=<psychopy.monitors.calibTools.Monitor object at 0x113d57400>, multiSample=False, name='window1', numSamples=2, pos=[0.0, 0.0], screen=0, size=array([2880, 1800]), stereo=False, units='norm', useFBO=True, useRetina=True, viewOri=0.0, viewPos=None, viewScale=None, waitBlanking=True, winType='pyglet')
9.0339 	EXP 	window1: recordFrameIntervals = False
9.1994 	EXP 	window1: recordFrameIntervals = True
9.3830 	EXP 	window1: recordFrameIntervals = False
9.5216 	EXP 	Created insRound1 = TextStim(__class__=<class 'psychopy.visual.text.TextStim'>, alignHoriz='center', alignVert='center', antialias=True, autoLog=True, bold=False, color='white', colorSpace='named', contrast=1.0, depth=0.0, flipHoriz=False, flipVert=False, font='Arial', fontFiles=[], height=0.07, italic=False, languageStyle='LTR', name='insRound1', opacity=1.0, ori=0, pos=array([0., 0.]), rgb=array([255., 255., 255.]), text=str(...), units='norm', win=Window(...), wrapWidth=1)
9.5345 	EXP 	Created text = TextStim(__class__=<class 'psychopy.visual.text.TextStim'>, alignHoriz='center', alignVert='center', antialias=True, autoLog=True, bold=False, color='white', colorSpace='named', contrast=1.0, depth=0.0, flipHoriz=False, flipVert=False, font='Arial', fontFiles=[], height=0.1, italic=False, languageStyle='LTR', name='text', opacity=1.0, ori=0, pos=array([0., 0.]), rgb=array([255., 255., 255.]), text='Block 1 starts\n\nPress space', units='norm', win=Window(...), wrapWidth=1)
9.5455 	EXP 	Created firstcircle_3 = Polygon(__class__=<class 'psychopy.visual.polygon.Polygon'>, autoDraw=False, autoLog=True, closeShape=True, color=method-wrapper(...), colorSpace=None, contrast=1.0, depth=0.0, fillColor=array([1., 1., 1.]), fillColorSpace='rgb', fillRGB=array([1., 1., 1.]), interpolate=True, lineColor=array([1., 1., 1.]), lineColorSpace='rgb', lineRGB=array([1., 1., 1.]), lineWidth=1, name='firstcircle_3', opacity=1.0, ori=array(0.), pos=array([0., 0.]), size=array([0.3, 0.5]), units='norm', vertices=ndarray(...), win=Window(...))
9.5485 	EXP 	Created text_3 = TextStim(__class__=<class 'psychopy.visual.text.TextStim'>, alignHoriz='center', alignVert='center', antialias=True, autoLog=True, bold=False, color='white', colorSpace='named', contrast=1.0, depth=-2.0, flipHoriz=False, flipVert=False, font='Arial', fontFiles=[], height=0.1, italic=False, languageStyle='LTR', name='text_3', opacity=1.0, ori=0, pos=array([0., 0.]), rgb=array([255., 255., 255.]), text='+', units='norm', win=Window(...), wrapWidth=1)
9.5510 	EXP 	Created secondcircle = Polygon(__class__=<class 'psychopy.visual.polygon.Polygon'>, autoDraw=False, autoLog=True, closeShape=True, color=method-wrapper(...), colorSpace=None, contrast=1.0, depth=-3.0, fillColor=array([-1., -1., -1.]), fillColorSpace='rgb', fillRGB=array([-1., -1., -1.]), interpolate=True, lineColor=array([-1., -1., -1.]), lineColorSpace='rgb', lineRGB=array([-1., -1., -1.]), lineWidth=1, name='secondcircle', opacity=1.0, ori=array(0.), pos=array([0., 0.]), size=array([0.3, 0.5]), units='norm', vertices=ndarray(...), win=Window(...))
9.5542 	EXP 	Created text_4 = TextStim(__class__=<class 'psychopy.visual.text.TextStim'>, alignHoriz='center', alignVert='center', antialias=True, autoLog=True, bold=False, color='white', colorSpace='named', contrast=1.0, depth=-4.0, flipHoriz=False, flipVert=False, font='Arial', fontFiles=[], height=0.1, italic=False, languageStyle='LTR', name='text_4', opacity=1.0, ori=0, pos=array([0., 0.]), rgb=array([255., 255., 255.]), text='next', units='norm', win=Window(...), wrapWidth=1)
9.5601 	EXP 	Created text_5 = TextStim(__class__=<class 'psychopy.visual.text.TextStim'>, alignHoriz='center', alignVert='center', antialias=True, autoLog=True, bold=False, color='white', colorSpace='named', contrast=1.0, depth=0.0, flipHoriz=False, flipVert=False, font='Arial', fontFiles=[], height=0.1, italic=False, languageStyle='LTR', name='text_5', opacity=1.0, ori=0, pos=array([0., 0.]), rgb=array([255., 255., 255.]), text='Block 2 starts\n\nPress space', units='norm', win=Window(...), wrapWidth=1)
9.5625 	EXP 	Created firstcircle_3 = Polygon(__class__=<class 'psychopy.visual.polygon.Polygon'>, autoDraw=False, autoLog=True, closeShape=True, color=method-wrapper(...), colorSpace=None, contrast=1.0, depth=0.0, fillColor=array([1., 1., 1.]), fillColorSpace='rgb', fillRGB=array([1., 1., 1.]), interpolate=True, lineColor=array([1., 1., 1.]), lineColorSpace='rgb', lineRGB=array([1., 1., 1.]), lineWidth=1, name='firstcircle_3', opacity=1.0, ori=array(0.), pos=array([0., 0.]), size=array([0.3, 0.5]), units='norm', vertices=ndarray(...), win=Window(...))
9.5644 	EXP 	Created text_3 = TextStim(__class__=<class 'psychopy.visual.text.TextStim'>, alignHoriz='center', alignVert='center', antialias=True, autoLog=True, bold=False, color='white', colorSpace='named', contrast=1.0, depth=-2.0, flipHoriz=False, flipVert=False, font='Arial', fontFiles=[], height=0.1, italic=False, languageStyle='LTR', name='text_3', opacity=1.0, ori=0, pos=array([0., 0.]), rgb=array([255., 255., 255.]), text='+', units='norm', win=Window(...), wrapWidth=1)
9.5669 	EXP 	Created secondcircle = Polygon(__class__=<class 'psychopy.visual.polygon.Polygon'>, autoDraw=False, autoLog=True, closeShape=True, color=method-wrapper(...), colorSpace=None, contrast=1.0, depth=-3.0, fillColor=array([-1., -1., -1.]), fillColorSpace='rgb', fillRGB=array([-1., -1., -1.]), interpolate=True, lineColor=array([-1., -1., -1.]), lineColorSpace='rgb', lineRGB=array([-1., -1., -1.]), lineWidth=1, name='secondcircle', opacity=1.0, ori=array(0.), pos=array([0., 0.]), size=array([0.3, 0.5]), units='norm', vertices=ndarray(...), win=Window(...))
9.5691 	EXP 	Created text_4 = TextStim(__class__=<class 'psychopy.visual.text.TextStim'>, alignHoriz='center', alignVert='center', antialias=True, autoLog=True, bold=False, color='white', colorSpace='named', contrast=1.0, depth=-4.0, flipHoriz=False, flipVert=False, font='Arial', fontFiles=[], height=0.1, italic=False, languageStyle='LTR', name='text_4', opacity=1.0, ori=0, pos=array([0., 0.]), rgb=array([255., 255., 255.]), text='next', units='norm', win=Window(...), wrapWidth=1)
9.5749 	EXP 	Created text_6 = TextStim(__class__=<class 'psychopy.visual.text.TextStim'>, alignHoriz='center', alignVert='center', antialias=True, autoLog=True, bold=False, color='white', colorSpace='named', contrast=1.0, depth=0.0, flipHoriz=False, flipVert=False, font='Arial', fontFiles=[], height=0.1, italic=False, languageStyle='LTR', name='text_6', opacity=1.0, ori=0, pos=array([0., 0.]), rgb=array([255., 255., 255.]), text='Block 3 starts\n\nPress space', units='norm', win=Window(...), wrapWidth=1)
9.5774 	EXP 	Created firstcircle_3 = Polygon(__class__=<class 'psychopy.visual.polygon.Polygon'>, autoDraw=False, autoLog=True, closeShape=True, color=method-wrapper(...), colorSpace=None, contrast=1.0, depth=0.0, fillColor=array([1., 1., 1.]), fillColorSpace='rgb', fillRGB=array([1., 1., 1.]), interpolate=True, lineColor=array([1., 1., 1.]), lineColorSpace='rgb', lineRGB=array([1., 1., 1.]), lineWidth=1, name='firstcircle_3', opacity=1.0, ori=array(0.), pos=array([0., 0.]), size=array([0.3, 0.5]), units='norm', vertices=ndarray(...), win=Window(...))
9.5794 	EXP 	Created text_3 = TextStim(__class__=<class 'psychopy.visual.text.TextStim'>, alignHoriz='center', alignVert='center', antialias=True, autoLog=True, bold=False, color='white', colorSpace='named', contrast=1.0, depth=-2.0, flipHoriz=False, flipVert=False, font='Arial', fontFiles=[], height=0.1, italic=False, languageStyle='LTR', name='text_3', opacity=1.0, ori=0, pos=array([0., 0.]), rgb=array([255., 255., 255.]), text='+', units='norm', win=Window(...), wrapWidth=1)
9.5819 	EXP 	Created secondcircle = Polygon(__class__=<class 'psychopy.visual.polygon.Polygon'>, autoDraw=False, autoLog=True, closeShape=True, color=method-wrapper(...), colorSpace=None, contrast=1.0, depth=-3.0, fillColor=array([-1., -1., -1.]), fillColorSpace='rgb', fillRGB=array([-1., -1., -1.]), interpolate=True, lineColor=array([-1., -1., -1.]), lineColorSpace='rgb', lineRGB=array([-1., -1., -1.]), lineWidth=1, name='secondcircle', opacity=1.0, ori=array(0.), pos=array([0., 0.]), size=array([0.3, 0.5]), units='norm', vertices=ndarray(...), win=Window(...))
9.5841 	EXP 	Created text_4 = TextStim(__class__=<class 'psychopy.visual.text.TextStim'>, alignHoriz='center', alignVert='center', antialias=True, autoLog=True, bold=False, color='white', colorSpace='named', contrast=1.0, depth=-4.0, flipHoriz=False, flipVert=False, font='Arial', fontFiles=[], height=0.1, italic=False, languageStyle='LTR', name='text_4', opacity=1.0, ori=0, pos=array([0., 0.]), rgb=array([255., 255., 255.]), text='next', units='norm', win=Window(...), wrapWidth=1)
9.5899 	EXP 	Created text_7 = TextStim(__class__=<class 'psychopy.visual.text.TextStim'>, alignHoriz='center', alignVert='center', antialias=True, autoLog=True, bold=False, color='white', colorSpace='named', contrast=1.0, depth=0.0, flipHoriz=False, flipVert=False, font='Arial', fontFiles=[], height=0.1, italic=False, languageStyle='LTR', name='text_7', opacity=1.0, ori=0, pos=array([0., 0.]), rgb=array([255., 255., 255.]), text='Block 4 starts\n\nPress space', units='norm', win=Window(...), wrapWidth=1)
9.5925 	EXP 	Created firstcircle_3 = Polygon(__class__=<class 'psychopy.visual.polygon.Polygon'>, autoDraw=False, autoLog=True, closeShape=True, color=method-wrapper(...), colorSpace=None, contrast=1.0, depth=0.0, fillColor=array([1., 1., 1.]), fillColorSpace='rgb', fillRGB=array([1., 1., 1.]), interpolate=True, lineColor=array([1., 1., 1.]), lineColorSpace='rgb', lineRGB=array([1., 1., 1.]), lineWidth=1, name='firstcircle_3', opacity=1.0, ori=array(0.), pos=array([0., 0.]), size=array([0.3, 0.5]), units='norm', vertices=ndarray(...), win=Window(...))
9.5945 	EXP 	Created text_3 = TextStim(__class__=<class 'psychopy.visual.text.TextStim'>, alignHoriz='center', alignVert='center', antialias=True, autoLog=True, bold=False, color='white', colorSpace='named', contrast=1.0, depth=-2.0, flipHoriz=False, flipVert=False, font='Arial', fontFiles=[], height=0.1, italic=False, languageStyle='LTR', name='text_3', opacity=1.0, ori=0, pos=array([0., 0.]), rgb=array([255., 255., 255.]), text='+', units='norm', win=Window(...), wrapWidth=1)
9.5969 	EXP 	Created secondcircle = Polygon(__class__=<class 'psychopy.visual.polygon.Polygon'>, autoDraw=False, autoLog=True, closeShape=True, color=method-wrapper(...), colorSpace=None, contrast=1.0, depth=-3.0, fillColor=array([-1., -1., -1.]), fillColorSpace='rgb', fillRGB=array([-1., -1., -1.]), interpolate=True, lineColor=array([-1., -1., -1.]), lineColorSpace='rgb', lineRGB=array([-1., -1., -1.]), lineWidth=1, name='secondcircle', opacity=1.0, ori=array(0.), pos=array([0., 0.]), size=array([0.3, 0.5]), units='norm', vertices=ndarray(...), win=Window(...))
9.5991 	EXP 	Created text_4 = TextStim(__class__=<class 'psychopy.visual.text.TextStim'>, alignHoriz='center', alignVert='center', antialias=True, autoLog=True, bold=False, color='white', colorSpace='named', contrast=1.0, depth=-4.0, flipHoriz=False, flipVert=False, font='Arial', fontFiles=[], height=0.1, italic=False, languageStyle='LTR', name='text_4', opacity=1.0, ori=0, pos=array([0., 0.]), rgb=array([255., 255., 255.]), text='next', units='norm', win=Window(...), wrapWidth=1)
9.6031 	EXP 	Created text_2 = TextStim(__class__=<class 'psychopy.visual.text.TextStim'>, alignHoriz='center', alignVert='center', antialias=True, autoLog=True, bold=False, color='white', colorSpace='named', contrast=1.0, depth=0.0, flipHoriz=False, flipVert=False, font='Arial', fontFiles=[], height=0.1, italic=False, languageStyle='LTR', name='text_2', opacity=1.0, ori=0, pos=array([0., 0.]), rgb=array([255., 255., 255.]), text='The end', units='norm', win=Window(...), wrapWidth=1)
9.6160 	EXP 	insRound1: autoDraw = True
41.3378 	DATA 	Keypress: space
41.3489 	EXP 	insRound1: autoDraw = False
41.3489 	EXP 	text: autoDraw = True
44.0679 	DATA 	Keypress: space
44.0922 	EXP 	Imported conditionsTime.csv as conditions, 20 conditions, 7 params
44.0925 	EXP 	Created sequence: sequential, trialTypes=20, nReps=1, seed=None
44.0929 	EXP 	New trial (rep=0, index=0): OrderedDict([('firstTime', 1.8), ('secondTime', 1.2), ('corrAns', 'left'), ('plusStart', 2.3), ('secondStart', 3.3), ('respStart', 4.5), ('randNum', 0.17368025899999998)])
44.0989 	EXP 	text: autoDraw = False
44.0989 	EXP 	text_4: autoDraw = True
44.5988 	EXP 	text_4: autoDraw = False
44.6155 	EXP 	firstcircle_3: autoDraw = True
46.3988 	EXP 	firstcircle_3: autoDraw = False
46.4154 	EXP 	text_3: autoDraw = True
47.3988 	EXP 	text_3: autoDraw = False
47.4154 	EXP 	secondcircle: autoDraw = True
48.5988 	EXP 	secondcircle: autoDraw = False
49.3702 	DATA 	Keypress: left
49.3717 	EXP 	New trial (rep=0, index=1): OrderedDict([('firstTime', 3.6), ('secondTime', 3.2), ('corrAns', 'left'), ('plusStart', 4.1), ('secondStart', 5.1), ('respStart', 8.3), ('randNum', 0.41458448299999995)])
49.3822 	EXP 	firstcircle_3: autoDraw = False
49.3822 	EXP 	text_3: autoDraw = False
49.3822 	EXP 	secondcircle: autoDraw = False
49.3822 	EXP 	text_4: autoDraw = False
49.3822 	EXP 	text_4: autoDraw = True
49.8821 	EXP 	text_4: autoDraw = False
49.8987 	EXP 	firstcircle_3: autoDraw = True
53.4821 	EXP 	firstcircle_3: autoDraw = False
53.4987 	EXP 	text_3: autoDraw = True
54.4820 	EXP 	text_3: autoDraw = False
54.4987 	EXP 	secondcircle: autoDraw = True
57.6820 	EXP 	secondcircle: autoDraw = False
58.5507 	DATA 	Keypress: right
58.5521 	EXP 	New trial (rep=0, index=2): OrderedDict([('firstTime', 2.5), ('secondTime', 1.5), ('corrAns', 'left'), ('plusStart', 3.0), ('secondStart', 4.0), ('respStart', 5.5), ('randNum', 0.148607464)])
58.5653 	EXP 	firstcircle_3: autoDraw = False
58.5653 	EXP 	text_3: autoDraw = False
58.5653 	EXP 	secondcircle: autoDraw = False
58.5653 	EXP 	text_4: autoDraw = False
58.5653 	EXP 	text_4: autoDraw = True
59.0653 	EXP 	text_4: autoDraw = False
59.0819 	EXP 	firstcircle_3: autoDraw = True
61.5652 	EXP 	firstcircle_3: autoDraw = False
61.5819 	EXP 	text_3: autoDraw = True
62.5652 	EXP 	text_3: autoDraw = False
62.5819 	EXP 	secondcircle: autoDraw = True
62.6175 	DATA 	Keypress: space
64.0652 	EXP 	secondcircle: autoDraw = False
64.6338 	DATA 	Keypress: left
64.6351 	EXP 	New trial (rep=0, index=3): OrderedDict([('firstTime', 1.8), ('secondTime', 2.7), ('corrAns', 'right'), ('plusStart', 2.3), ('secondStart', 3.3), ('respStart', 6.0), ('randNum', 0.13554984)])
64.6485 	EXP 	firstcircle_3: autoDraw = False
64.6485 	EXP 	text_3: autoDraw = False
64.6485 	EXP 	secondcircle: autoDraw = False
64.6485 	EXP 	text_4: autoDraw = False
64.6485 	EXP 	text_4: autoDraw = True
65.1485 	EXP 	text_4: autoDraw = False
65.1652 	EXP 	firstcircle_3: autoDraw = True
66.9485 	EXP 	firstcircle_3: autoDraw = False
66.9652 	EXP 	text_3: autoDraw = True
67.9485 	EXP 	text_3: autoDraw = False
67.9652 	EXP 	secondcircle: autoDraw = True
70.6485 	EXP 	secondcircle: autoDraw = False
71.2505 	DATA 	Keypress: right
71.2519 	EXP 	New trial (rep=0, index=4): OrderedDict([('firstTime', 1.2), ('secondTime', 1.8), ('corrAns', 'right'), ('plusStart', 1.7), ('secondStart', 2.7), ('respStart', 4.5), ('randNum', 0.309174352)])
71.2651 	EXP 	firstcircle_3: autoDraw = False
71.2651 	EXP 	text_3: autoDraw = False
71.2651 	EXP 	secondcircle: autoDraw = False
71.2651 	EXP 	text_4: autoDraw = False
71.2651 	EXP 	text_4: autoDraw = True
71.7651 	EXP 	text_4: autoDraw = False
71.7818 	EXP 	firstcircle_3: autoDraw = True
72.9651 	EXP 	firstcircle_3: autoDraw = False
72.9818 	EXP 	text_3: autoDraw = True
73.9651 	EXP 	text_3: autoDraw = False
73.9818 	EXP 	secondcircle: autoDraw = True
75.7651 	EXP 	secondcircle: autoDraw = False
76.5170 	DATA 	Keypress: right
76.5184 	EXP 	New trial (rep=0, index=5): OrderedDict([('firstTime', 8.8), ('secondTime', 9.9), ('corrAns', 'right'), ('plusStart', 9.3), ('secondStart', 10.3), ('respStart', 20.2), ('randNum', 0.7009299529999999)])
76.5317 	EXP 	firstcircle_3: autoDraw = False
76.5317 	EXP 	text_3: autoDraw = False
76.5317 	EXP 	secondcircle: autoDraw = False
76.5317 	EXP 	text_4: autoDraw = False
76.5317 	EXP 	text_4: autoDraw = True
77.0317 	EXP 	text_4: autoDraw = False
77.0484 	EXP 	firstcircle_3: autoDraw = True
85.8316 	EXP 	firstcircle_3: autoDraw = False
85.8483 	EXP 	text_3: autoDraw = True
86.8316 	EXP 	text_3: autoDraw = False
86.8483 	EXP 	secondcircle: autoDraw = True
96.7314 	EXP 	secondcircle: autoDraw = False
97.4501 	DATA 	Keypress: right
97.4515 	EXP 	New trial (rep=0, index=6): OrderedDict([('firstTime', 3.3), ('secondTime', 4.4), ('corrAns', 'right'), ('plusStart', 3.8), ('secondStart', 4.8), ('respStart', 9.2), ('randNum', 0.705723743)])
97.4648 	EXP 	firstcircle_3: autoDraw = False
97.4648 	EXP 	text_3: autoDraw = False
97.4648 	EXP 	secondcircle: autoDraw = False
97.4648 	EXP 	text_4: autoDraw = False
97.4648 	EXP 	text_4: autoDraw = True
97.9648 	EXP 	text_4: autoDraw = False
97.9814 	EXP 	firstcircle_3: autoDraw = True
101.2647 	EXP 	firstcircle_3: autoDraw = False
101.2814 	EXP 	text_3: autoDraw = True
102.2647 	EXP 	text_3: autoDraw = False
102.2814 	EXP 	secondcircle: autoDraw = True
106.6646 	EXP 	secondcircle: autoDraw = False
107.1166 	DATA 	Keypress: right
107.1180 	EXP 	New trial (rep=0, index=7): OrderedDict([('firstTime', 3.5), ('secondTime', 2.1), ('corrAns', 'left'), ('plusStart', 4.0), ('secondStart', 5.0), ('respStart', 7.1), ('randNum', 0.544523215)])
107.1314 	EXP 	firstcircle_3: autoDraw = False
107.1314 	EXP 	text_3: autoDraw = False
107.1314 	EXP 	secondcircle: autoDraw = False
107.1314 	EXP 	text_4: autoDraw = False
107.1314 	EXP 	text_4: autoDraw = True
107.6313 	EXP 	text_4: autoDraw = False
107.6480 	EXP 	firstcircle_3: autoDraw = True
111.1312 	EXP 	firstcircle_3: autoDraw = False
111.1479 	EXP 	text_3: autoDraw = True
112.1312 	EXP 	text_3: autoDraw = False
112.1479 	EXP 	secondcircle: autoDraw = True
114.2312 	EXP 	secondcircle: autoDraw = False
115.0499 	DATA 	Keypress: left
115.0513 	EXP 	New trial (rep=0, index=8): OrderedDict([('firstTime', 1.4), ('secondTime', 0.7), ('corrAns', 'left'), ('plusStart', 1.9), ('secondStart', 2.9), ('respStart', 3.6), ('randNum', 0.53553232)])
115.0645 	EXP 	firstcircle_3: autoDraw = False
115.0645 	EXP 	text_3: autoDraw = False
115.0645 	EXP 	secondcircle: autoDraw = False
115.0645 	EXP 	text_4: autoDraw = False
115.0645 	EXP 	text_4: autoDraw = True
115.5645 	EXP 	text_4: autoDraw = False
115.5812 	EXP 	firstcircle_3: autoDraw = True
116.9645 	EXP 	firstcircle_3: autoDraw = False
116.9812 	EXP 	text_3: autoDraw = True
117.9645 	EXP 	text_3: autoDraw = False
117.9812 	EXP 	secondcircle: autoDraw = True
118.6645 	EXP 	secondcircle: autoDraw = False
119.4997 	DATA 	Keypress: left
119.5010 	EXP 	New trial (rep=0, index=9): OrderedDict([('firstTime', 4.4), ('secondTime', 3.3), ('corrAns', 'left'), ('plusStart', 4.9), ('secondStart', 5.9), ('respStart', 9.2), ('randNum', 0.255641654)])
119.5145 	EXP 	firstcircle_3: autoDraw = False
119.5145 	EXP 	text_3: autoDraw = False
119.5145 	EXP 	secondcircle: autoDraw = False
119.5145 	EXP 	text_4: autoDraw = False
119.5145 	EXP 	text_4: autoDraw = True
120.0145 	EXP 	text_4: autoDraw = False
120.0311 	EXP 	firstcircle_3: autoDraw = True
124.4144 	EXP 	firstcircle_3: autoDraw = False
124.4311 	EXP 	text_3: autoDraw = True
125.4144 	EXP 	text_3: autoDraw = False
125.4310 	EXP 	secondcircle: autoDraw = True
128.7143 	EXP 	secondcircle: autoDraw = False
129.2328 	DATA 	Keypress: right
129.2342 	EXP 	New trial (rep=0, index=10): OrderedDict([('firstTime', 3.2), ('secondTime', 3.6), ('corrAns', 'right'), ('plusStart', 3.7), ('secondStart', 4.7), ('respStart', 8.3), ('randNum', 0.140100939)])
129.2478 	EXP 	firstcircle_3: autoDraw = False
129.2478 	EXP 	text_3: autoDraw = False
129.2478 	EXP 	secondcircle: autoDraw = False
129.2478 	EXP 	text_4: autoDraw = False
129.2478 	EXP 	text_4: autoDraw = True
129.7477 	EXP 	text_4: autoDraw = False
129.7644 	EXP 	firstcircle_3: autoDraw = True
132.9476 	EXP 	firstcircle_3: autoDraw = False
132.9643 	EXP 	text_3: autoDraw = True
133.9476 	EXP 	text_3: autoDraw = False
133.9643 	EXP 	secondcircle: autoDraw = True
137.5476 	EXP 	secondcircle: autoDraw = False
138.3163 	DATA 	Keypress: right
138.3176 	EXP 	New trial (rep=0, index=11): OrderedDict([('firstTime', 2.8), ('secondTime', 2.1), ('corrAns', 'left'), ('plusStart', 3.3), ('secondStart', 4.3), ('respStart', 6.4), ('randNum', 0.019093293)])
138.3309 	EXP 	firstcircle_3: autoDraw = False
138.3309 	EXP 	text_3: autoDraw = False
138.3309 	EXP 	secondcircle: autoDraw = False
138.3309 	EXP 	text_4: autoDraw = False
138.3309 	EXP 	text_4: autoDraw = True
138.8309 	EXP 	text_4: autoDraw = False
138.8475 	EXP 	firstcircle_3: autoDraw = True
141.6308 	EXP 	firstcircle_3: autoDraw = False
141.6475 	EXP 	text_3: autoDraw = True
142.6308 	EXP 	text_3: autoDraw = False
142.6475 	EXP 	secondcircle: autoDraw = True
144.7308 	EXP 	secondcircle: autoDraw = False
145.3328 	DATA 	Keypress: left
145.3341 	EXP 	New trial (rep=0, index=12): OrderedDict([('firstTime', 0.9), ('secondTime', 1.8), ('corrAns', 'right'), ('plusStart', 1.4), ('secondStart', 2.4), ('respStart', 4.2), ('randNum', 0.461070472)])
145.3475 	EXP 	firstcircle_3: autoDraw = False
145.3475 	EXP 	text_3: autoDraw = False
145.3475 	EXP 	secondcircle: autoDraw = False
145.3475 	EXP 	text_4: autoDraw = False
145.3475 	EXP 	text_4: autoDraw = True
145.8475 	EXP 	text_4: autoDraw = False
145.8641 	EXP 	firstcircle_3: autoDraw = True
146.7474 	EXP 	firstcircle_3: autoDraw = False
146.7641 	EXP 	text_3: autoDraw = True
147.7474 	EXP 	text_3: autoDraw = False
147.7641 	EXP 	secondcircle: autoDraw = True
149.5474 	EXP 	secondcircle: autoDraw = False
150.0160 	DATA 	Keypress: right
150.0176 	EXP 	New trial (rep=0, index=13): OrderedDict([('firstTime', 2.1), ('secondTime', 2.8), ('corrAns', 'right'), ('plusStart', 2.6), ('secondStart', 3.6), ('respStart', 6.4), ('randNum', 0.22761601199999998)])
150.0307 	EXP 	firstcircle_3: autoDraw = False
150.0307 	EXP 	text_3: autoDraw = False
150.0307 	EXP 	secondcircle: autoDraw = False
150.0307 	EXP 	text_4: autoDraw = False
150.0307 	EXP 	text_4: autoDraw = True
150.5307 	EXP 	text_4: autoDraw = False
150.5474 	EXP 	firstcircle_3: autoDraw = True
152.6307 	EXP 	firstcircle_3: autoDraw = False
152.6474 	EXP 	text_3: autoDraw = True
153.6307 	EXP 	text_3: autoDraw = False
153.6474 	EXP 	secondcircle: autoDraw = True
156.4306 	EXP 	secondcircle: autoDraw = False
157.1160 	DATA 	Keypress: right
157.1174 	EXP 	New trial (rep=0, index=14): OrderedDict([('firstTime', 0.7), ('secondTime', 1.4), ('corrAns', 'right'), ('plusStart', 1.2), ('secondStart', 2.2), ('respStart', 3.6), ('randNum', 0.436550891)])
157.1306 	EXP 	firstcircle_3: autoDraw = False
157.1306 	EXP 	text_3: autoDraw = False
157.1306 	EXP 	secondcircle: autoDraw = False
157.1306 	EXP 	text_4: autoDraw = False
157.1306 	EXP 	text_4: autoDraw = True
157.6306 	EXP 	text_4: autoDraw = False
157.6473 	EXP 	firstcircle_3: autoDraw = True
158.3306 	EXP 	firstcircle_3: autoDraw = False
158.3473 	EXP 	text_3: autoDraw = True
159.3306 	EXP 	text_3: autoDraw = False
159.3473 	EXP 	secondcircle: autoDraw = True
160.7306 	EXP 	secondcircle: autoDraw = False
161.0492 	DATA 	Keypress: right
161.0506 	EXP 	New trial (rep=0, index=15): OrderedDict([('firstTime', 1.8), ('secondTime', 0.9), ('corrAns', 'left'), ('plusStart', 2.3), ('secondStart', 3.3), ('respStart', 4.2), ('randNum', 0.028891147000000002)])
161.0640 	EXP 	firstcircle_3: autoDraw = False
161.0640 	EXP 	text_3: autoDraw = False
161.0640 	EXP 	secondcircle: autoDraw = False
161.0640 	EXP 	text_4: autoDraw = False
161.0640 	EXP 	text_4: autoDraw = True
161.5639 	EXP 	text_4: autoDraw = False
161.5806 	EXP 	firstcircle_3: autoDraw = True
163.3639 	EXP 	firstcircle_3: autoDraw = False
163.3805 	EXP 	text_3: autoDraw = True
164.3639 	EXP 	text_3: autoDraw = False
164.3805 	EXP 	secondcircle: autoDraw = True
165.2638 	EXP 	secondcircle: autoDraw = False
166.0326 	DATA 	Keypress: left
166.0340 	EXP 	New trial (rep=0, index=16): OrderedDict([('firstTime', 2.7), ('secondTime', 1.8), ('corrAns', 'left'), ('plusStart', 3.2), ('secondStart', 4.2), ('respStart', 6.0), ('randNum', 0.277400549)])
166.0472 	EXP 	firstcircle_3: autoDraw = False
166.0472 	EXP 	text_3: autoDraw = False
166.0472 	EXP 	secondcircle: autoDraw = False
166.0472 	EXP 	text_4: autoDraw = False
166.0472 	EXP 	text_4: autoDraw = True
166.5472 	EXP 	text_4: autoDraw = False
166.5638 	EXP 	firstcircle_3: autoDraw = True
169.2471 	EXP 	firstcircle_3: autoDraw = False
169.2638 	EXP 	text_3: autoDraw = True
170.2471 	EXP 	text_3: autoDraw = False
170.2638 	EXP 	secondcircle: autoDraw = True
172.0471 	EXP 	secondcircle: autoDraw = False
172.6657 	DATA 	Keypress: left
172.6672 	EXP 	New trial (rep=0, index=17): OrderedDict([('firstTime', 9.9), ('secondTime', 8.8), ('corrAns', 'left'), ('plusStart', 10.4), ('secondStart', 11.4), ('respStart', 20.2), ('randNum', 0.9607848720000001)])
172.6804 	EXP 	firstcircle_3: autoDraw = False
172.6804 	EXP 	text_3: autoDraw = False
172.6804 	EXP 	secondcircle: autoDraw = False
172.6804 	EXP 	text_4: autoDraw = False
172.6804 	EXP 	text_4: autoDraw = True
173.1804 	EXP 	text_4: autoDraw = False
173.1971 	EXP 	firstcircle_3: autoDraw = True
183.0803 	EXP 	firstcircle_3: autoDraw = False
183.0969 	EXP 	text_3: autoDraw = True
184.0803 	EXP 	text_3: autoDraw = False
184.0969 	EXP 	secondcircle: autoDraw = True
192.8801 	EXP 	secondcircle: autoDraw = False
193.9652 	DATA 	Keypress: left
193.9667 	EXP 	New trial (rep=0, index=18): OrderedDict([('firstTime', 2.1), ('secondTime', 3.5), ('corrAns', 'right'), ('plusStart', 2.6), ('secondStart', 3.6), ('respStart', 7.1), ('randNum', 0.609327094)])
193.9801 	EXP 	firstcircle_3: autoDraw = False
193.9801 	EXP 	text_3: autoDraw = False
193.9801 	EXP 	secondcircle: autoDraw = False
193.9801 	EXP 	text_4: autoDraw = False
193.9801 	EXP 	text_4: autoDraw = True
194.4801 	EXP 	text_4: autoDraw = False
194.4968 	EXP 	firstcircle_3: autoDraw = True
196.5801 	EXP 	firstcircle_3: autoDraw = False
196.5968 	EXP 	text_3: autoDraw = True
197.5801 	EXP 	text_3: autoDraw = False
197.5968 	EXP 	secondcircle: autoDraw = True
201.0800 	EXP 	secondcircle: autoDraw = False
201.5993 	DATA 	Keypress: right
201.6150 	EXP 	New trial (rep=0, index=19): OrderedDict([('firstTime', 1.5), ('secondTime', 2.5), ('corrAns', 'right'), ('plusStart', 2.0), ('secondStart', 3.0), ('respStart', 5.5), ('randNum', 0.487304505)])
201.6300 	EXP 	firstcircle_3: autoDraw = False
201.6300 	EXP 	text_3: autoDraw = False
201.6300 	EXP 	secondcircle: autoDraw = False
201.6300 	EXP 	text_4: autoDraw = False
201.6300 	EXP 	text_4: autoDraw = True
202.1300 	EXP 	text_4: autoDraw = False
202.1467 	EXP 	firstcircle_3: autoDraw = True
203.6300 	EXP 	firstcircle_3: autoDraw = False
203.6467 	EXP 	text_3: autoDraw = True
204.6300 	EXP 	text_3: autoDraw = False
204.6467 	EXP 	secondcircle: autoDraw = True
207.1299 	EXP 	secondcircle: autoDraw = False
207.7654 	DATA 	Keypress: right
207.7799 	EXP 	firstcircle_3: autoDraw = False
207.7799 	EXP 	text_3: autoDraw = False
207.7799 	EXP 	secondcircle: autoDraw = False
207.7799 	EXP 	text_4: autoDraw = False
207.7799 	EXP 	text_5: autoDraw = True
212.9989 	DATA 	Keypress: space
213.0045 	EXP 	Imported conditionsTime2.csv as conditions, 20 conditions, 7 params
213.0049 	EXP 	Created sequence: sequential, trialTypes=20, nReps=1, seed=None
213.0053 	EXP 	New trial (rep=0, index=0): OrderedDict([('firstTime', 9.9), ('secondTime', 8.8), ('corrAns', 'left'), ('plusStart', 10.4), ('secondStart', 11.4), ('respStart', 20.2), ('randNum', 0.6005130679999999)])
213.0132 	EXP 	text_5: autoDraw = False
213.0132 	EXP 	text_4: autoDraw = True
213.5132 	EXP 	text_4: autoDraw = False
213.5299 	EXP 	firstcircle_3: autoDraw = True
223.4131 	EXP 	firstcircle_3: autoDraw = False
223.4297 	EXP 	text_3: autoDraw = True
224.4131 	EXP 	text_3: autoDraw = False
224.4297 	EXP 	secondcircle: autoDraw = True
233.2130 	EXP 	secondcircle: autoDraw = False
233.9315 	DATA 	Keypress: left
233.9331 	EXP 	New trial (rep=0, index=1): OrderedDict([('firstTime', 1.5), ('secondTime', 2.5), ('corrAns', 'right'), ('plusStart', 2.0), ('secondStart', 3.0), ('respStart', 5.5), ('randNum', 0.805142221)])
233.9463 	EXP 	firstcircle_3: autoDraw = False
233.9463 	EXP 	text_3: autoDraw = False
233.9463 	EXP 	secondcircle: autoDraw = False
233.9463 	EXP 	text_4: autoDraw = False
233.9463 	EXP 	text_4: autoDraw = True
234.4462 	EXP 	text_4: autoDraw = False
234.4629 	EXP 	firstcircle_3: autoDraw = True
235.9462 	EXP 	firstcircle_3: autoDraw = False
235.9629 	EXP 	text_3: autoDraw = True
236.9462 	EXP 	text_3: autoDraw = False
236.9629 	EXP 	secondcircle: autoDraw = True
239.4462 	EXP 	secondcircle: autoDraw = False
239.9316 	DATA 	Keypress: right
239.9329 	EXP 	New trial (rep=0, index=2): OrderedDict([('firstTime', 0.7), ('secondTime', 1.4), ('corrAns', 'right'), ('plusStart', 1.2), ('secondStart', 2.2), ('respStart', 3.6), ('randNum', 0.70587608)])
239.9462 	EXP 	firstcircle_3: autoDraw = False
239.9462 	EXP 	text_3: autoDraw = False
239.9462 	EXP 	secondcircle: autoDraw = False
239.9462 	EXP 	text_4: autoDraw = False
239.9462 	EXP 	text_4: autoDraw = True
240.4462 	EXP 	text_4: autoDraw = False
240.4628 	EXP 	firstcircle_3: autoDraw = True
241.1462 	EXP 	firstcircle_3: autoDraw = False
241.1628 	EXP 	text_3: autoDraw = True
242.1461 	EXP 	text_3: autoDraw = False
242.1628 	EXP 	secondcircle: autoDraw = True
243.5461 	EXP 	secondcircle: autoDraw = False
244.1815 	DATA 	Keypress: right
244.1829 	EXP 	New trial (rep=0, index=3): OrderedDict([('firstTime', 1.2), ('secondTime', 1.8), ('corrAns', 'right'), ('plusStart', 1.7), ('secondStart', 2.7), ('respStart', 4.5), ('randNum', 0.276216099)])
244.1961 	EXP 	firstcircle_3: autoDraw = False
244.1961 	EXP 	text_3: autoDraw = False
244.1961 	EXP 	secondcircle: autoDraw = False
244.1961 	EXP 	text_4: autoDraw = False
244.1961 	EXP 	text_4: autoDraw = True
244.6961 	EXP 	text_4: autoDraw = False
244.7128 	EXP 	firstcircle_3: autoDraw = True
245.8961 	EXP 	firstcircle_3: autoDraw = False
245.9127 	EXP 	text_3: autoDraw = True
246.8961 	EXP 	text_3: autoDraw = False
246.9127 	EXP 	secondcircle: autoDraw = True
248.6961 	EXP 	secondcircle: autoDraw = False
249.2815 	DATA 	Keypress: right
249.2828 	EXP 	New trial (rep=0, index=4): OrderedDict([('firstTime', 3.3), ('secondTime', 4.4), ('corrAns', 'right'), ('plusStart', 3.8), ('secondStart', 4.8), ('respStart', 9.2), ('randNum', 0.803512663)])
249.2960 	EXP 	firstcircle_3: autoDraw = False
249.2960 	EXP 	text_3: autoDraw = False
249.2960 	EXP 	secondcircle: autoDraw = False
249.2960 	EXP 	text_4: autoDraw = False
249.2960 	EXP 	text_4: autoDraw = True
249.7960 	EXP 	text_4: autoDraw = False
249.8127 	EXP 	firstcircle_3: autoDraw = True
253.0960 	EXP 	firstcircle_3: autoDraw = False
253.1127 	EXP 	text_3: autoDraw = True
254.0960 	EXP 	text_3: autoDraw = False
254.1127 	EXP 	secondcircle: autoDraw = True
258.4959 	EXP 	secondcircle: autoDraw = False
259.5646 	DATA 	Keypress: right
259.5660 	EXP 	New trial (rep=0, index=5): OrderedDict([('firstTime', 2.1), ('secondTime', 2.8), ('corrAns', 'right'), ('plusStart', 2.6), ('secondStart', 3.6), ('respStart', 6.4), ('randNum', 0.26721103399999996)])
259.5793 	EXP 	firstcircle_3: autoDraw = False
259.5793 	EXP 	text_3: autoDraw = False
259.5793 	EXP 	secondcircle: autoDraw = False
259.5793 	EXP 	text_4: autoDraw = False
259.5793 	EXP 	text_4: autoDraw = True
260.0792 	EXP 	text_4: autoDraw = False
260.0959 	EXP 	firstcircle_3: autoDraw = True
262.1792 	EXP 	firstcircle_3: autoDraw = False
262.1959 	EXP 	text_3: autoDraw = True
263.1792 	EXP 	text_3: autoDraw = False
263.1959 	EXP 	secondcircle: autoDraw = True
265.9792 	EXP 	secondcircle: autoDraw = False
266.5146 	DATA 	Keypress: right
266.5159 	EXP 	New trial (rep=0, index=6): OrderedDict([('firstTime', 2.8), ('secondTime', 2.1), ('corrAns', 'left'), ('plusStart', 3.3), ('secondStart', 4.3), ('respStart', 6.4), ('randNum', 0.1426323)])
266.5291 	EXP 	firstcircle_3: autoDraw = False
266.5291 	EXP 	text_3: autoDraw = False
266.5291 	EXP 	secondcircle: autoDraw = False
266.5291 	EXP 	text_4: autoDraw = False
266.5291 	EXP 	text_4: autoDraw = True
267.0291 	EXP 	text_4: autoDraw = False
267.0458 	EXP 	firstcircle_3: autoDraw = True
269.8291 	EXP 	firstcircle_3: autoDraw = False
269.8459 	EXP 	text_3: autoDraw = True
270.8291 	EXP 	text_3: autoDraw = False
270.8458 	EXP 	secondcircle: autoDraw = True
272.9290 	EXP 	secondcircle: autoDraw = False
274.0978 	DATA 	Keypress: right
274.0992 	EXP 	New trial (rep=0, index=7): OrderedDict([('firstTime', 2.7), ('secondTime', 1.8), ('corrAns', 'left'), ('plusStart', 3.2), ('secondStart', 4.2), ('respStart', 6.0), ('randNum', 0.15619143)])
274.1124 	EXP 	firstcircle_3: autoDraw = False
274.1124 	EXP 	text_3: autoDraw = False
274.1124 	EXP 	secondcircle: autoDraw = False
274.1124 	EXP 	text_4: autoDraw = False
274.1124 	EXP 	text_4: autoDraw = True
274.6124 	EXP 	text_4: autoDraw = False
274.6291 	EXP 	firstcircle_3: autoDraw = True
277.3123 	EXP 	firstcircle_3: autoDraw = False
277.3290 	EXP 	text_3: autoDraw = True
278.3123 	EXP 	text_3: autoDraw = False
278.3290 	EXP 	secondcircle: autoDraw = True
280.1123 	EXP 	secondcircle: autoDraw = False
280.8312 	DATA 	Keypress: left
280.8324 	EXP 	New trial (rep=0, index=8): OrderedDict([('firstTime', 8.8), ('secondTime', 9.9), ('corrAns', 'right'), ('plusStart', 9.3), ('secondStart', 10.3), ('respStart', 20.2), ('randNum', 0.549248995)])
280.8456 	EXP 	firstcircle_3: autoDraw = False
280.8456 	EXP 	text_3: autoDraw = False
280.8456 	EXP 	secondcircle: autoDraw = False
280.8456 	EXP 	text_4: autoDraw = False
280.8456 	EXP 	text_4: autoDraw = True
281.3456 	EXP 	text_4: autoDraw = False
281.3623 	EXP 	firstcircle_3: autoDraw = True
290.1455 	EXP 	firstcircle_3: autoDraw = False
290.1622 	EXP 	text_3: autoDraw = True
291.1455 	EXP 	text_3: autoDraw = False
291.1621 	EXP 	secondcircle: autoDraw = True
301.0454 	EXP 	secondcircle: autoDraw = False
301.6984 	DATA 	Keypress: right
301.7137 	EXP 	New trial (rep=0, index=9): OrderedDict([('firstTime', 2.5), ('secondTime', 1.5), ('corrAns', 'left'), ('plusStart', 3.0), ('secondStart', 4.0), ('respStart', 5.5), ('randNum', 0.358211186)])
301.7287 	EXP 	firstcircle_3: autoDraw = False
301.7287 	EXP 	text_3: autoDraw = False
301.7287 	EXP 	secondcircle: autoDraw = False
301.7287 	EXP 	text_4: autoDraw = False
301.7287 	EXP 	text_4: autoDraw = True
302.2287 	EXP 	text_4: autoDraw = False
302.2453 	EXP 	firstcircle_3: autoDraw = True
304.7286 	EXP 	firstcircle_3: autoDraw = False
304.7453 	EXP 	text_3: autoDraw = True
305.7286 	EXP 	text_3: autoDraw = False
305.7453 	EXP 	secondcircle: autoDraw = True
307.2286 	EXP 	secondcircle: autoDraw = False
308.8807 	DATA 	Keypress: left
308.8821 	EXP 	New trial (rep=0, index=10): OrderedDict([('firstTime', 1.8), ('secondTime', 0.9), ('corrAns', 'left'), ('plusStart', 2.3), ('secondStart', 3.3), ('respStart', 4.2), ('randNum', 0.907401646)])
308.8953 	EXP 	firstcircle_3: autoDraw = False
308.8953 	EXP 	text_3: autoDraw = False
308.8953 	EXP 	secondcircle: autoDraw = False
308.8953 	EXP 	text_4: autoDraw = False
308.8953 	EXP 	text_4: autoDraw = True
309.3952 	EXP 	text_4: autoDraw = False
309.4119 	EXP 	firstcircle_3: autoDraw = True
311.1952 	EXP 	firstcircle_3: autoDraw = False
311.2119 	EXP 	text_3: autoDraw = True
312.1952 	EXP 	text_3: autoDraw = False
312.2119 	EXP 	secondcircle: autoDraw = True
313.0952 	EXP 	secondcircle: autoDraw = False
313.8638 	DATA 	Keypress: left
313.8652 	EXP 	New trial (rep=0, index=11): OrderedDict([('firstTime', 3.2), ('secondTime', 3.6), ('corrAns', 'right'), ('plusStart', 3.7), ('secondStart', 4.7), ('respStart', 8.3), ('randNum', 0.40261677799999995)])
313.8785 	EXP 	firstcircle_3: autoDraw = False
313.8785 	EXP 	text_3: autoDraw = False
313.8785 	EXP 	secondcircle: autoDraw = False
313.8785 	EXP 	text_4: autoDraw = False
313.8785 	EXP 	text_4: autoDraw = True
314.3786 	EXP 	text_4: autoDraw = False
314.3952 	EXP 	firstcircle_3: autoDraw = True
317.5785 	EXP 	firstcircle_3: autoDraw = False
317.5952 	EXP 	text_3: autoDraw = True
318.5784 	EXP 	text_3: autoDraw = False
318.5951 	EXP 	secondcircle: autoDraw = True
322.1784 	EXP 	secondcircle: autoDraw = False
322.7801 	DATA 	Keypress: right
322.7814 	EXP 	New trial (rep=0, index=12): OrderedDict([('firstTime', 2.1), ('secondTime', 3.5), ('corrAns', 'right'), ('plusStart', 2.6), ('secondStart', 3.6), ('respStart', 7.1), ('randNum', 0.699018652)])
322.7950 	EXP 	firstcircle_3: autoDraw = False
322.7950 	EXP 	text_3: autoDraw = False
322.7950 	EXP 	secondcircle: autoDraw = False
322.7950 	EXP 	text_4: autoDraw = False
322.7950 	EXP 	text_4: autoDraw = True
323.2950 	EXP 	text_4: autoDraw = False
323.3117 	EXP 	firstcircle_3: autoDraw = True
325.3950 	EXP 	firstcircle_3: autoDraw = False
325.4117 	EXP 	text_3: autoDraw = True
326.3950 	EXP 	text_3: autoDraw = False
326.4117 	EXP 	secondcircle: autoDraw = True
329.8950 	EXP 	secondcircle: autoDraw = False
330.7137 	DATA 	Keypress: right
330.7151 	EXP 	New trial (rep=0, index=13): OrderedDict([('firstTime', 1.8), ('secondTime', 2.7), ('corrAns', 'right'), ('plusStart', 2.3), ('secondStart', 3.3), ('respStart', 6.0), ('randNum', 0.8590765890000001)])
330.7283 	EXP 	firstcircle_3: autoDraw = False
330.7283 	EXP 	text_3: autoDraw = False
330.7283 	EXP 	secondcircle: autoDraw = False
330.7283 	EXP 	text_4: autoDraw = False
330.7283 	EXP 	text_4: autoDraw = True
331.2283 	EXP 	text_4: autoDraw = False
331.2449 	EXP 	firstcircle_3: autoDraw = True
333.0282 	EXP 	firstcircle_3: autoDraw = False
333.0449 	EXP 	text_3: autoDraw = True
334.0282 	EXP 	text_3: autoDraw = False
334.0449 	EXP 	secondcircle: autoDraw = True
336.7282 	EXP 	secondcircle: autoDraw = False
337.2133 	DATA 	Keypress: right
337.2147 	EXP 	New trial (rep=0, index=14): OrderedDict([('firstTime', 1.4), ('secondTime', 0.7), ('corrAns', 'left'), ('plusStart', 1.9), ('secondStart', 2.9), ('respStart', 3.6), ('randNum', 0.413030013)])
337.2282 	EXP 	firstcircle_3: autoDraw = False
337.2282 	EXP 	text_3: autoDraw = False
337.2282 	EXP 	secondcircle: autoDraw = False
337.2282 	EXP 	text_4: autoDraw = False
337.2282 	EXP 	text_4: autoDraw = True
337.7282 	EXP 	text_4: autoDraw = False
337.7448 	EXP 	firstcircle_3: autoDraw = True
339.1282 	EXP 	firstcircle_3: autoDraw = False
339.1448 	EXP 	text_3: autoDraw = True
340.1281 	EXP 	text_3: autoDraw = False
340.1448 	EXP 	secondcircle: autoDraw = True
340.8281 	EXP 	secondcircle: autoDraw = False
341.9467 	DATA 	Keypress: left
341.9480 	EXP 	New trial (rep=0, index=15): OrderedDict([('firstTime', 3.6), ('secondTime', 3.2), ('corrAns', 'left'), ('plusStart', 4.1), ('secondStart', 5.1), ('respStart', 8.3), ('randNum', 0.12198344800000001)])
341.9615 	EXP 	firstcircle_3: autoDraw = False
341.9615 	EXP 	text_3: autoDraw = False
341.9615 	EXP 	secondcircle: autoDraw = False
341.9615 	EXP 	text_4: autoDraw = False
341.9615 	EXP 	text_4: autoDraw = True
342.4615 	EXP 	text_4: autoDraw = False
342.4781 	EXP 	firstcircle_3: autoDraw = True
346.0614 	EXP 	firstcircle_3: autoDraw = False
346.0781 	EXP 	text_3: autoDraw = True
347.0614 	EXP 	text_3: autoDraw = False
347.0781 	EXP 	secondcircle: autoDraw = True
350.2614 	EXP 	secondcircle: autoDraw = False
351.4466 	DATA 	Keypress: right
351.4480 	EXP 	New trial (rep=0, index=16): OrderedDict([('firstTime', 4.4), ('secondTime', 3.3), ('corrAns', 'left'), ('plusStart', 4.9), ('secondStart', 5.9), ('respStart', 9.2), ('randNum', 0.7908218929999999)])
351.4613 	EXP 	firstcircle_3: autoDraw = False
351.4613 	EXP 	text_3: autoDraw = False
351.4613 	EXP 	secondcircle: autoDraw = False
351.4613 	EXP 	text_4: autoDraw = False
351.4613 	EXP 	text_4: autoDraw = True
351.9613 	EXP 	text_4: autoDraw = False
351.9780 	EXP 	firstcircle_3: autoDraw = True
356.3613 	EXP 	firstcircle_3: autoDraw = False
356.3779 	EXP 	text_3: autoDraw = True
357.3613 	EXP 	text_3: autoDraw = False
357.3779 	EXP 	secondcircle: autoDraw = True
360.6612 	EXP 	secondcircle: autoDraw = False
361.5132 	DATA 	Keypress: left
361.5145 	EXP 	New trial (rep=0, index=17): OrderedDict([('firstTime', 3.5), ('secondTime', 2.1), ('corrAns', 'left'), ('plusStart', 4.0), ('secondStart', 5.0), ('respStart', 7.1), ('randNum', 0.149007794)])
361.5279 	EXP 	firstcircle_3: autoDraw = False
361.5279 	EXP 	text_3: autoDraw = False
361.5279 	EXP 	secondcircle: autoDraw = False
361.5279 	EXP 	text_4: autoDraw = False
361.5279 	EXP 	text_4: autoDraw = True
362.0279 	EXP 	text_4: autoDraw = False
362.0445 	EXP 	firstcircle_3: autoDraw = True
365.5278 	EXP 	firstcircle_3: autoDraw = False
365.5445 	EXP 	text_3: autoDraw = True
366.5278 	EXP 	text_3: autoDraw = False
366.5445 	EXP 	secondcircle: autoDraw = True
368.6278 	EXP 	secondcircle: autoDraw = False
369.7477 	DATA 	Keypress: left
369.7628 	EXP 	New trial (rep=0, index=18): OrderedDict([('firstTime', 1.8), ('secondTime', 1.2), ('corrAns', 'left'), ('plusStart', 2.3), ('secondStart', 3.3), ('respStart', 4.5), ('randNum', 0.44825194799999996)])
369.7777 	EXP 	firstcircle_3: autoDraw = False
369.7777 	EXP 	text_3: autoDraw = False
369.7777 	EXP 	secondcircle: autoDraw = False
369.7777 	EXP 	text_4: autoDraw = False
369.7777 	EXP 	text_4: autoDraw = True
370.2777 	EXP 	text_4: autoDraw = False
370.2944 	EXP 	firstcircle_3: autoDraw = True
372.0777 	EXP 	firstcircle_3: autoDraw = False
372.0944 	EXP 	text_3: autoDraw = True
373.0777 	EXP 	text_3: autoDraw = False
373.0944 	EXP 	secondcircle: autoDraw = True
374.2777 	EXP 	secondcircle: autoDraw = False
374.9630 	DATA 	Keypress: left
374.9643 	EXP 	New trial (rep=0, index=19): OrderedDict([('firstTime', 0.9), ('secondTime', 1.8), ('corrAns', 'right'), ('plusStart', 1.4), ('secondStart', 2.4), ('respStart', 4.2), ('randNum', 0.35938568299999996)])
374.9777 	EXP 	firstcircle_3: autoDraw = False
374.9777 	EXP 	text_3: autoDraw = False
374.9777 	EXP 	secondcircle: autoDraw = False
374.9777 	EXP 	text_4: autoDraw = False
374.9777 	EXP 	text_4: autoDraw = True
375.4777 	EXP 	text_4: autoDraw = False
375.4943 	EXP 	firstcircle_3: autoDraw = True
376.3777 	EXP 	firstcircle_3: autoDraw = False
376.3943 	EXP 	text_3: autoDraw = True
377.3776 	EXP 	text_3: autoDraw = False
377.3943 	EXP 	secondcircle: autoDraw = True
379.1776 	EXP 	secondcircle: autoDraw = False
379.7963 	DATA 	Keypress: right
379.8109 	EXP 	firstcircle_3: autoDraw = False
379.8109 	EXP 	text_3: autoDraw = False
379.8109 	EXP 	secondcircle: autoDraw = False
379.8109 	EXP 	text_4: autoDraw = False
379.8109 	EXP 	text_6: autoDraw = True
381.1132 	DATA 	Keypress: rcommand
381.8467 	DATA 	Keypress: space
381.8534 	EXP 	Imported conditionsTime3.csv as conditions, 20 conditions, 7 params
381.8537 	EXP 	Created sequence: sequential, trialTypes=20, nReps=1, seed=None
381.8541 	EXP 	New trial (rep=0, index=0): OrderedDict([('firstTime', 2.7), ('secondTime', 1.8), ('corrAns', 'left'), ('plusStart', 3.2), ('secondStart', 4.2), ('respStart', 6.0), ('randNum', 0.09224181599999999)])
381.8609 	EXP 	text_6: autoDraw = False
381.8609 	EXP 	text_4: autoDraw = True
382.3609 	EXP 	text_4: autoDraw = False
382.3776 	EXP 	firstcircle_3: autoDraw = True
385.0609 	EXP 	firstcircle_3: autoDraw = False
385.0775 	EXP 	text_3: autoDraw = True
386.0609 	EXP 	text_3: autoDraw = False
386.0775 	EXP 	secondcircle: autoDraw = True
387.8609 	EXP 	secondcircle: autoDraw = False
388.5959 	DATA 	Keypress: left
388.5975 	EXP 	New trial (rep=0, index=1): OrderedDict([('firstTime', 1.8), ('secondTime', 2.7), ('corrAns', 'right'), ('plusStart', 2.3), ('secondStart', 3.3), ('respStart', 6.0), ('randNum', 0.320860695)])
388.6108 	EXP 	firstcircle_3: autoDraw = False
388.6108 	EXP 	text_3: autoDraw = False
388.6108 	EXP 	secondcircle: autoDraw = False
388.6108 	EXP 	text_4: autoDraw = False
388.6108 	EXP 	text_4: autoDraw = True
389.1108 	EXP 	text_4: autoDraw = False
389.1275 	EXP 	firstcircle_3: autoDraw = True
390.9108 	EXP 	firstcircle_3: autoDraw = False
390.9275 	EXP 	text_3: autoDraw = True
391.9108 	EXP 	text_3: autoDraw = False
391.9275 	EXP 	secondcircle: autoDraw = True
394.6108 	EXP 	secondcircle: autoDraw = False
395.2461 	DATA 	Keypress: right
395.2475 	EXP 	New trial (rep=0, index=2): OrderedDict([('firstTime', 0.7), ('secondTime', 1.4), ('corrAns', 'right'), ('plusStart', 1.2), ('secondStart', 2.2), ('respStart', 3.6), ('randNum', 0.091696964)])
395.2607 	EXP 	firstcircle_3: autoDraw = False
395.2607 	EXP 	text_3: autoDraw = False
395.2607 	EXP 	secondcircle: autoDraw = False
395.2607 	EXP 	text_4: autoDraw = False
395.2607 	EXP 	text_4: autoDraw = True
395.7607 	EXP 	text_4: autoDraw = False
395.7774 	EXP 	firstcircle_3: autoDraw = True
396.4607 	EXP 	firstcircle_3: autoDraw = False
396.4774 	EXP 	text_3: autoDraw = True
397.4607 	EXP 	text_3: autoDraw = False
397.4774 	EXP 	secondcircle: autoDraw = True
398.8607 	EXP 	secondcircle: autoDraw = False
400.5459 	DATA 	Keypress: right
400.5473 	EXP 	New trial (rep=0, index=3): OrderedDict([('firstTime', 4.4), ('secondTime', 3.3), ('corrAns', 'left'), ('plusStart', 4.9), ('secondStart', 5.9), ('respStart', 9.2), ('randNum', 0.010112259)])
400.5607 	EXP 	firstcircle_3: autoDraw = False
400.5607 	EXP 	text_3: autoDraw = False
400.5607 	EXP 	secondcircle: autoDraw = False
400.5607 	EXP 	text_4: autoDraw = False
400.5607 	EXP 	text_4: autoDraw = True
401.0607 	EXP 	text_4: autoDraw = False
401.0773 	EXP 	firstcircle_3: autoDraw = True
405.4606 	EXP 	firstcircle_3: autoDraw = False
405.4773 	EXP 	text_3: autoDraw = True
406.4606 	EXP 	text_3: autoDraw = False
406.4773 	EXP 	secondcircle: autoDraw = True
409.7605 	EXP 	secondcircle: autoDraw = False
410.7789 	DATA 	Keypress: left
410.7803 	EXP 	New trial (rep=0, index=4): OrderedDict([('firstTime', 0.9), ('secondTime', 1.8), ('corrAns', 'right'), ('plusStart', 1.4), ('secondStart', 2.4), ('respStart', 4.2), ('randNum', 0.877480265)])
410.7939 	EXP 	firstcircle_3: autoDraw = False
410.7939 	EXP 	text_3: autoDraw = False
410.7939 	EXP 	secondcircle: autoDraw = False
410.7939 	EXP 	text_4: autoDraw = False
410.7939 	EXP 	text_4: autoDraw = True
411.2939 	EXP 	text_4: autoDraw = False
411.3105 	EXP 	firstcircle_3: autoDraw = True
412.1938 	EXP 	firstcircle_3: autoDraw = False
412.2105 	EXP 	text_3: autoDraw = True
413.1938 	EXP 	text_3: autoDraw = False
413.2105 	EXP 	secondcircle: autoDraw = True
414.9938 	EXP 	secondcircle: autoDraw = False
416.3122 	DATA 	Keypress: right
416.3135 	EXP 	New trial (rep=0, index=5): OrderedDict([('firstTime', 1.8), ('secondTime', 0.9), ('corrAns', 'left'), ('plusStart', 2.3), ('secondStart', 3.3), ('respStart', 4.2), ('randNum', 0.74232345)])
416.3271 	EXP 	firstcircle_3: autoDraw = False
416.3271 	EXP 	text_3: autoDraw = False
416.3271 	EXP 	secondcircle: autoDraw = False
416.3271 	EXP 	text_4: autoDraw = False
416.3271 	EXP 	text_4: autoDraw = True
416.8271 	EXP 	text_4: autoDraw = False
416.8438 	EXP 	firstcircle_3: autoDraw = True
418.6271 	EXP 	firstcircle_3: autoDraw = False
418.6438 	EXP 	text_3: autoDraw = True
419.6271 	EXP 	text_3: autoDraw = False
419.6437 	EXP 	secondcircle: autoDraw = True
420.5271 	EXP 	secondcircle: autoDraw = False
421.1957 	DATA 	Keypress: left
421.1971 	EXP 	New trial (rep=0, index=6): OrderedDict([('firstTime', 1.8), ('secondTime', 1.2), ('corrAns', 'left'), ('plusStart', 2.3), ('secondStart', 3.3), ('respStart', 4.5), ('randNum', 0.307053849)])
421.2104 	EXP 	firstcircle_3: autoDraw = False
421.2104 	EXP 	text_3: autoDraw = False
421.2104 	EXP 	secondcircle: autoDraw = False
421.2104 	EXP 	text_4: autoDraw = False
421.2104 	EXP 	text_4: autoDraw = True
421.7104 	EXP 	text_4: autoDraw = False
421.7270 	EXP 	firstcircle_3: autoDraw = True
423.5104 	EXP 	firstcircle_3: autoDraw = False
423.5270 	EXP 	text_3: autoDraw = True
424.5103 	EXP 	text_3: autoDraw = False
424.5270 	EXP 	secondcircle: autoDraw = True
425.7103 	EXP 	secondcircle: autoDraw = False
426.4624 	DATA 	Keypress: left
426.4638 	EXP 	New trial (rep=0, index=7): OrderedDict([('firstTime', 3.6), ('secondTime', 3.2), ('corrAns', 'left'), ('plusStart', 4.1), ('secondStart', 5.1), ('respStart', 8.3), ('randNum', 0.331236492)])
426.4771 	EXP 	firstcircle_3: autoDraw = False
426.4771 	EXP 	text_3: autoDraw = False
426.4771 	EXP 	secondcircle: autoDraw = False
426.4771 	EXP 	text_4: autoDraw = False
426.4771 	EXP 	text_4: autoDraw = True
426.9770 	EXP 	text_4: autoDraw = False
426.9937 	EXP 	firstcircle_3: autoDraw = True
430.5769 	EXP 	firstcircle_3: autoDraw = False
430.5936 	EXP 	text_3: autoDraw = True
431.5769 	EXP 	text_3: autoDraw = False
431.5936 	EXP 	secondcircle: autoDraw = True
434.7769 	EXP 	secondcircle: autoDraw = False
435.4455 	DATA 	Keypress: left
435.4470 	EXP 	New trial (rep=0, index=8): OrderedDict([('firstTime', 2.5), ('secondTime', 1.5), ('corrAns', 'left'), ('plusStart', 3.0), ('secondStart', 4.0), ('respStart', 5.5), ('randNum', 0.778562476)])
435.4602 	EXP 	firstcircle_3: autoDraw = False
435.4602 	EXP 	text_3: autoDraw = False
435.4602 	EXP 	secondcircle: autoDraw = False
435.4602 	EXP 	text_4: autoDraw = False
435.4602 	EXP 	text_4: autoDraw = True
435.9602 	EXP 	text_4: autoDraw = False
435.9769 	EXP 	firstcircle_3: autoDraw = True
438.4602 	EXP 	firstcircle_3: autoDraw = False
438.4768 	EXP 	text_3: autoDraw = True
439.4601 	EXP 	text_3: autoDraw = False
439.4768 	EXP 	secondcircle: autoDraw = True
440.9601 	EXP 	secondcircle: autoDraw = False
441.9122 	DATA 	Keypress: left
441.9136 	EXP 	New trial (rep=0, index=9): OrderedDict([('firstTime', 1.2), ('secondTime', 1.8), ('corrAns', 'right'), ('plusStart', 1.7), ('secondStart', 2.7), ('respStart', 4.5), ('randNum', 0.18131893100000002)])
441.9268 	EXP 	firstcircle_3: autoDraw = False
441.9268 	EXP 	text_3: autoDraw = False
441.9268 	EXP 	secondcircle: autoDraw = False
441.9268 	EXP 	text_4: autoDraw = False
441.9268 	EXP 	text_4: autoDraw = True
442.4268 	EXP 	text_4: autoDraw = False
442.4434 	EXP 	firstcircle_3: autoDraw = True
443.6268 	EXP 	firstcircle_3: autoDraw = False
443.6434 	EXP 	text_3: autoDraw = True
444.6267 	EXP 	text_3: autoDraw = False
444.6434 	EXP 	secondcircle: autoDraw = True
446.4267 	EXP 	secondcircle: autoDraw = False
447.5621 	DATA 	Keypress: right
447.5635 	EXP 	New trial (rep=0, index=10): OrderedDict([('firstTime', 2.8), ('secondTime', 2.1), ('corrAns', 'left'), ('plusStart', 3.3), ('secondStart', 4.3), ('respStart', 6.4), ('randNum', 0.897215002)])
447.5767 	EXP 	firstcircle_3: autoDraw = False
447.5767 	EXP 	text_3: autoDraw = False
447.5767 	EXP 	secondcircle: autoDraw = False
447.5767 	EXP 	text_4: autoDraw = False
447.5767 	EXP 	text_4: autoDraw = True
448.0767 	EXP 	text_4: autoDraw = False
448.0934 	EXP 	firstcircle_3: autoDraw = True
450.8767 	EXP 	firstcircle_3: autoDraw = False
450.8933 	EXP 	text_3: autoDraw = True
451.8766 	EXP 	text_3: autoDraw = False
451.8933 	EXP 	secondcircle: autoDraw = True
453.9766 	EXP 	secondcircle: autoDraw = False
455.6787 	DATA 	Keypress: right
455.6801 	EXP 	New trial (rep=0, index=11): OrderedDict([('firstTime', 2.1), ('secondTime', 2.8), ('corrAns', 'right'), ('plusStart', 2.6), ('secondStart', 3.6), ('respStart', 6.4), ('randNum', 0.734438325)])
455.6933 	EXP 	firstcircle_3: autoDraw = False
455.6933 	EXP 	text_3: autoDraw = False
455.6933 	EXP 	secondcircle: autoDraw = False
455.6933 	EXP 	text_4: autoDraw = False
455.6933 	EXP 	text_4: autoDraw = True
456.1933 	EXP 	text_4: autoDraw = False
456.2099 	EXP 	firstcircle_3: autoDraw = True
458.2932 	EXP 	firstcircle_3: autoDraw = False
458.3099 	EXP 	text_3: autoDraw = True
459.2932 	EXP 	text_3: autoDraw = False
459.3099 	EXP 	secondcircle: autoDraw = True
462.0932 	EXP 	secondcircle: autoDraw = False
462.9619 	DATA 	Keypress: right
462.9633 	EXP 	New trial (rep=0, index=12): OrderedDict([('firstTime', 3.2), ('secondTime', 3.6), ('corrAns', 'right'), ('plusStart', 3.7), ('secondStart', 4.7), ('respStart', 8.3), ('randNum', 0.716372322)])
462.9765 	EXP 	firstcircle_3: autoDraw = False
462.9765 	EXP 	text_3: autoDraw = False
462.9765 	EXP 	secondcircle: autoDraw = False
462.9765 	EXP 	text_4: autoDraw = False
462.9765 	EXP 	text_4: autoDraw = True
463.4765 	EXP 	text_4: autoDraw = False
463.4932 	EXP 	firstcircle_3: autoDraw = True
466.6764 	EXP 	firstcircle_3: autoDraw = False
466.6931 	EXP 	text_3: autoDraw = True
467.6764 	EXP 	text_3: autoDraw = False
467.6931 	EXP 	secondcircle: autoDraw = True
471.2764 	EXP 	secondcircle: autoDraw = False
472.1118 	DATA 	Keypress: right
472.1132 	EXP 	New trial (rep=0, index=13): OrderedDict([('firstTime', 2.1), ('secondTime', 3.5), ('corrAns', 'right'), ('plusStart', 2.6), ('secondStart', 3.6), ('respStart', 7.1), ('randNum', 0.2797458)])
472.1264 	EXP 	firstcircle_3: autoDraw = False
472.1264 	EXP 	text_3: autoDraw = False
472.1264 	EXP 	secondcircle: autoDraw = False
472.1264 	EXP 	text_4: autoDraw = False
472.1264 	EXP 	text_4: autoDraw = True
472.6264 	EXP 	text_4: autoDraw = False
472.6430 	EXP 	firstcircle_3: autoDraw = True
474.7263 	EXP 	firstcircle_3: autoDraw = False
474.7430 	EXP 	text_3: autoDraw = True
475.7263 	EXP 	text_3: autoDraw = False
475.7430 	EXP 	secondcircle: autoDraw = True
479.2263 	EXP 	secondcircle: autoDraw = False
480.1615 	DATA 	Keypress: right
480.1629 	EXP 	New trial (rep=0, index=14): OrderedDict([('firstTime', 1.4), ('secondTime', 0.7), ('corrAns', 'left'), ('plusStart', 1.9), ('secondStart', 2.9), ('respStart', 3.6), ('randNum', 0.038284202)])
480.1763 	EXP 	firstcircle_3: autoDraw = False
480.1763 	EXP 	text_3: autoDraw = False
480.1763 	EXP 	secondcircle: autoDraw = False
480.1763 	EXP 	text_4: autoDraw = False
480.1763 	EXP 	text_4: autoDraw = True
480.6763 	EXP 	text_4: autoDraw = False
480.6929 	EXP 	firstcircle_3: autoDraw = True
482.0762 	EXP 	firstcircle_3: autoDraw = False
482.0929 	EXP 	text_3: autoDraw = True
483.0762 	EXP 	text_3: autoDraw = False
483.0929 	EXP 	secondcircle: autoDraw = True
483.7762 	EXP 	secondcircle: autoDraw = False
484.4614 	DATA 	Keypress: left
484.4628 	EXP 	New trial (rep=0, index=15): OrderedDict([('firstTime', 9.9), ('secondTime', 8.8), ('corrAns', 'left'), ('plusStart', 10.4), ('secondStart', 11.4), ('respStart', 20.2), ('randNum', 0.656448526)])
484.4762 	EXP 	firstcircle_3: autoDraw = False
484.4762 	EXP 	text_3: autoDraw = False
484.4762 	EXP 	secondcircle: autoDraw = False
484.4762 	EXP 	text_4: autoDraw = False
484.4762 	EXP 	text_4: autoDraw = True
484.9762 	EXP 	text_4: autoDraw = False
484.9929 	EXP 	firstcircle_3: autoDraw = True
494.8761 	EXP 	firstcircle_3: autoDraw = False
494.8927 	EXP 	text_3: autoDraw = True
495.8761 	EXP 	text_3: autoDraw = False
495.8927 	EXP 	secondcircle: autoDraw = True
504.6759 	EXP 	secondcircle: autoDraw = False
506.2276 	DATA 	Keypress: left
506.2290 	EXP 	New trial (rep=0, index=16): OrderedDict([('firstTime', 3.5), ('secondTime', 2.1), ('corrAns', 'left'), ('plusStart', 4.0), ('secondStart', 5.0), ('respStart', 7.1), ('randNum', 0.25078508899999996)])
506.2426 	EXP 	firstcircle_3: autoDraw = False
506.2426 	EXP 	text_3: autoDraw = False
506.2426 	EXP 	secondcircle: autoDraw = False
506.2426 	EXP 	text_4: autoDraw = False
506.2426 	EXP 	text_4: autoDraw = True
506.7426 	EXP 	text_4: autoDraw = False
506.7592 	EXP 	firstcircle_3: autoDraw = True
510.2425 	EXP 	firstcircle_3: autoDraw = False
510.2593 	EXP 	text_3: autoDraw = True
511.2425 	EXP 	text_3: autoDraw = False
511.2592 	EXP 	secondcircle: autoDraw = True
513.3425 	EXP 	secondcircle: autoDraw = False
514.3945 	DATA 	Keypress: left
514.3959 	EXP 	New trial (rep=0, index=17): OrderedDict([('firstTime', 8.8), ('secondTime', 9.9), ('corrAns', 'right'), ('plusStart', 9.3), ('secondStart', 10.3), ('respStart', 20.2), ('randNum', 0.055985873)])
514.4091 	EXP 	firstcircle_3: autoDraw = False
514.4091 	EXP 	text_3: autoDraw = False
514.4091 	EXP 	secondcircle: autoDraw = False
514.4091 	EXP 	text_4: autoDraw = False
514.4091 	EXP 	text_4: autoDraw = True
514.9091 	EXP 	text_4: autoDraw = False
514.9258 	EXP 	firstcircle_3: autoDraw = True
523.7090 	EXP 	firstcircle_3: autoDraw = False
523.7257 	EXP 	text_3: autoDraw = True
524.7090 	EXP 	text_3: autoDraw = False
524.7257 	EXP 	secondcircle: autoDraw = True
534.6089 	EXP 	secondcircle: autoDraw = False
535.3108 	DATA 	Keypress: right
535.3122 	EXP 	New trial (rep=0, index=18): OrderedDict([('firstTime', 1.5), ('secondTime', 2.5), ('corrAns', 'right'), ('plusStart', 2.0), ('secondStart', 3.0), ('respStart', 5.5), ('randNum', 0.279030548)])
535.3255 	EXP 	firstcircle_3: autoDraw = False
535.3255 	EXP 	text_3: autoDraw = False
535.3255 	EXP 	secondcircle: autoDraw = False
535.3255 	EXP 	text_4: autoDraw = False
535.3255 	EXP 	text_4: autoDraw = True
535.8255 	EXP 	text_4: autoDraw = False
535.8422 	EXP 	firstcircle_3: autoDraw = True
537.3255 	EXP 	firstcircle_3: autoDraw = False
537.3422 	EXP 	text_3: autoDraw = True
538.3255 	EXP 	text_3: autoDraw = False
538.3421 	EXP 	secondcircle: autoDraw = True
540.8255 	EXP 	secondcircle: autoDraw = False
541.4109 	DATA 	Keypress: right
541.4123 	EXP 	New trial (rep=0, index=19): OrderedDict([('firstTime', 3.3), ('secondTime', 4.4), ('corrAns', 'right'), ('plusStart', 3.8), ('secondStart', 4.8), ('respStart', 9.2), ('randNum', 0.6214470879999999)])
541.4255 	EXP 	firstcircle_3: autoDraw = False
541.4255 	EXP 	text_3: autoDraw = False
541.4255 	EXP 	secondcircle: autoDraw = False
541.4255 	EXP 	text_4: autoDraw = False
541.4255 	EXP 	text_4: autoDraw = True
541.9254 	EXP 	text_4: autoDraw = False
541.9421 	EXP 	firstcircle_3: autoDraw = True
545.2254 	EXP 	firstcircle_3: autoDraw = False
545.2421 	EXP 	text_3: autoDraw = True
546.2254 	EXP 	text_3: autoDraw = False
546.2420 	EXP 	secondcircle: autoDraw = True
550.6253 	EXP 	secondcircle: autoDraw = False
551.2779 	DATA 	Keypress: right
551.3086 	EXP 	firstcircle_3: autoDraw = False
551.3086 	EXP 	text_3: autoDraw = False
551.3086 	EXP 	secondcircle: autoDraw = False
551.3086 	EXP 	text_4: autoDraw = False
551.3086 	EXP 	text_7: autoDraw = True
552.4944 	DATA 	Keypress: space
552.4999 	EXP 	Imported conditionsTime4.csv as conditions, 20 conditions, 7 params
552.5002 	EXP 	Created sequence: sequential, trialTypes=20, nReps=1, seed=None
552.5006 	EXP 	New trial (rep=0, index=0): OrderedDict([('firstTime', 2.5), ('secondTime', 1.5), ('corrAns', 'left'), ('plusStart', 3.0), ('secondStart', 4.0), ('respStart', 5.5), ('randNum', 0.9526453340000001)])
552.5087 	EXP 	text_7: autoDraw = False
552.5087 	EXP 	text_4: autoDraw = True
553.0086 	EXP 	text_4: autoDraw = False
553.0253 	EXP 	firstcircle_3: autoDraw = True
555.5086 	EXP 	firstcircle_3: autoDraw = False
555.5253 	EXP 	text_3: autoDraw = True
556.5086 	EXP 	text_3: autoDraw = False
556.5252 	EXP 	secondcircle: autoDraw = True
558.0085 	EXP 	secondcircle: autoDraw = False
559.3939 	DATA 	Keypress: left
559.3955 	EXP 	New trial (rep=0, index=1): OrderedDict([('firstTime', 2.8), ('secondTime', 2.1), ('corrAns', 'left'), ('plusStart', 3.3), ('secondStart', 4.3), ('respStart', 6.4), ('randNum', 0.962497787)])
559.4085 	EXP 	firstcircle_3: autoDraw = False
559.4085 	EXP 	text_3: autoDraw = False
559.4085 	EXP 	secondcircle: autoDraw = False
559.4085 	EXP 	text_4: autoDraw = False
559.4085 	EXP 	text_4: autoDraw = True
559.9085 	EXP 	text_4: autoDraw = False
559.9252 	EXP 	firstcircle_3: autoDraw = True
562.7085 	EXP 	firstcircle_3: autoDraw = False
562.7252 	EXP 	text_3: autoDraw = True
563.7085 	EXP 	text_3: autoDraw = False
563.7251 	EXP 	secondcircle: autoDraw = True
565.8084 	EXP 	secondcircle: autoDraw = False
566.7438 	DATA 	Keypress: left
566.7451 	EXP 	New trial (rep=0, index=2): OrderedDict([('firstTime', 2.7), ('secondTime', 1.8), ('corrAns', 'left'), ('plusStart', 3.2), ('secondStart', 4.2), ('respStart', 6.0), ('randNum', 0.06690605599999999)])
566.7584 	EXP 	firstcircle_3: autoDraw = False
566.7584 	EXP 	text_3: autoDraw = False
566.7584 	EXP 	secondcircle: autoDraw = False
566.7584 	EXP 	text_4: autoDraw = False
566.7584 	EXP 	text_4: autoDraw = True
567.2584 	EXP 	text_4: autoDraw = False
567.2751 	EXP 	firstcircle_3: autoDraw = True
569.9584 	EXP 	firstcircle_3: autoDraw = False
569.9750 	EXP 	text_3: autoDraw = True
570.9584 	EXP 	text_3: autoDraw = False
570.9751 	EXP 	secondcircle: autoDraw = True
572.7583 	EXP 	secondcircle: autoDraw = False
573.6270 	DATA 	Keypress: left
573.6284 	EXP 	New trial (rep=0, index=3): OrderedDict([('firstTime', 8.8), ('secondTime', 9.9), ('corrAns', 'right'), ('plusStart', 9.3), ('secondStart', 10.3), ('respStart', 20.2), ('randNum', 0.09555333099999999)])
573.6417 	EXP 	firstcircle_3: autoDraw = False
573.6417 	EXP 	text_3: autoDraw = False
573.6417 	EXP 	secondcircle: autoDraw = False
573.6417 	EXP 	text_4: autoDraw = False
573.6417 	EXP 	text_4: autoDraw = True
574.1417 	EXP 	text_4: autoDraw = False
574.1583 	EXP 	firstcircle_3: autoDraw = True
582.9415 	EXP 	firstcircle_3: autoDraw = False
582.9582 	EXP 	text_3: autoDraw = True
583.9415 	EXP 	text_3: autoDraw = False
583.9582 	EXP 	secondcircle: autoDraw = True
593.8414 	EXP 	secondcircle: autoDraw = False
594.3941 	DATA 	Keypress: right
594.4097 	EXP 	New trial (rep=0, index=4): OrderedDict([('firstTime', 1.8), ('secondTime', 2.7), ('corrAns', 'right'), ('plusStart', 2.3), ('secondStart', 3.3), ('respStart', 6.0), ('randNum', 0.559320406)])
594.4248 	EXP 	firstcircle_3: autoDraw = False
594.4248 	EXP 	text_3: autoDraw = False
594.4248 	EXP 	secondcircle: autoDraw = False
594.4248 	EXP 	text_4: autoDraw = False
594.4248 	EXP 	text_4: autoDraw = True
594.9247 	EXP 	text_4: autoDraw = False
594.9414 	EXP 	firstcircle_3: autoDraw = True
596.7247 	EXP 	firstcircle_3: autoDraw = False
596.7414 	EXP 	text_3: autoDraw = True
597.7247 	EXP 	text_3: autoDraw = False
597.7413 	EXP 	secondcircle: autoDraw = True
600.4246 	EXP 	secondcircle: autoDraw = False
601.0598 	DATA 	Keypress: right
601.0612 	EXP 	New trial (rep=0, index=5): OrderedDict([('firstTime', 3.5), ('secondTime', 2.1), ('corrAns', 'left'), ('plusStart', 4.0), ('secondStart', 5.0), ('respStart', 7.1), ('randNum', 0.885130943)])
601.0746 	EXP 	firstcircle_3: autoDraw = False
601.0746 	EXP 	text_3: autoDraw = False
601.0746 	EXP 	secondcircle: autoDraw = False
601.0746 	EXP 	text_4: autoDraw = False
601.0746 	EXP 	text_4: autoDraw = True
601.5746 	EXP 	text_4: autoDraw = False
601.5913 	EXP 	firstcircle_3: autoDraw = True
605.0746 	EXP 	firstcircle_3: autoDraw = False
605.0912 	EXP 	text_3: autoDraw = True
606.0746 	EXP 	text_3: autoDraw = False
606.0912 	EXP 	secondcircle: autoDraw = True
608.1745 	EXP 	secondcircle: autoDraw = False
609.0932 	DATA 	Keypress: left
609.0946 	EXP 	New trial (rep=0, index=6): OrderedDict([('firstTime', 2.1), ('secondTime', 2.8), ('corrAns', 'right'), ('plusStart', 2.6), ('secondStart', 3.6), ('respStart', 6.4), ('randNum', 0.7843272990000001)])
609.1079 	EXP 	firstcircle_3: autoDraw = False
609.1079 	EXP 	text_3: autoDraw = False
609.1079 	EXP 	secondcircle: autoDraw = False
609.1079 	EXP 	text_4: autoDraw = False
609.1079 	EXP 	text_4: autoDraw = True
609.6078 	EXP 	text_4: autoDraw = False
609.6245 	EXP 	firstcircle_3: autoDraw = True
611.7078 	EXP 	firstcircle_3: autoDraw = False
611.7245 	EXP 	text_3: autoDraw = True
612.7078 	EXP 	text_3: autoDraw = False
612.7245 	EXP 	secondcircle: autoDraw = True
615.5078 	EXP 	secondcircle: autoDraw = False
616.3765 	DATA 	Keypress: right
616.3778 	EXP 	New trial (rep=0, index=7): OrderedDict([('firstTime', 4.4), ('secondTime', 3.3), ('corrAns', 'left'), ('plusStart', 4.9), ('secondStart', 5.9), ('respStart', 9.2), ('randNum', 0.594355042)])
616.3911 	EXP 	firstcircle_3: autoDraw = False
616.3911 	EXP 	text_3: autoDraw = False
616.3911 	EXP 	secondcircle: autoDraw = False
616.3911 	EXP 	text_4: autoDraw = False
616.3911 	EXP 	text_4: autoDraw = True
616.8911 	EXP 	text_4: autoDraw = False
616.9077 	EXP 	firstcircle_3: autoDraw = True
621.2910 	EXP 	firstcircle_3: autoDraw = False
621.3077 	EXP 	text_3: autoDraw = True
622.2910 	EXP 	text_3: autoDraw = False
622.3077 	EXP 	secondcircle: autoDraw = True
625.5910 	EXP 	secondcircle: autoDraw = False
626.2931 	DATA 	Keypress: left
626.2945 	EXP 	New trial (rep=0, index=8): OrderedDict([('firstTime', 0.9), ('secondTime', 1.8), ('corrAns', 'right'), ('plusStart', 1.4), ('secondStart', 2.4), ('respStart', 4.2), ('randNum', 0.39760777399999997)])
626.3076 	EXP 	firstcircle_3: autoDraw = False
626.3076 	EXP 	text_3: autoDraw = False
626.3076 	EXP 	secondcircle: autoDraw = False
626.3076 	EXP 	text_4: autoDraw = False
626.3076 	EXP 	text_4: autoDraw = True
626.8076 	EXP 	text_4: autoDraw = False
626.8243 	EXP 	firstcircle_3: autoDraw = True
627.7076 	EXP 	firstcircle_3: autoDraw = False
627.7243 	EXP 	text_3: autoDraw = True
628.7076 	EXP 	text_3: autoDraw = False
628.7243 	EXP 	secondcircle: autoDraw = True
630.5076 	EXP 	secondcircle: autoDraw = False
631.1761 	DATA 	Keypress: right
631.1775 	EXP 	New trial (rep=0, index=9): OrderedDict([('firstTime', 3.6), ('secondTime', 3.2), ('corrAns', 'left'), ('plusStart', 4.1), ('secondStart', 5.1), ('respStart', 8.3), ('randNum', 0.454525661)])
631.1910 	EXP 	firstcircle_3: autoDraw = False
631.1910 	EXP 	text_3: autoDraw = False
631.1910 	EXP 	secondcircle: autoDraw = False
631.1910 	EXP 	text_4: autoDraw = False
631.1910 	EXP 	text_4: autoDraw = True
631.6909 	EXP 	text_4: autoDraw = False
631.7076 	EXP 	firstcircle_3: autoDraw = True
635.2908 	EXP 	firstcircle_3: autoDraw = False
635.3076 	EXP 	text_3: autoDraw = True
636.2908 	EXP 	text_3: autoDraw = False
636.3075 	EXP 	secondcircle: autoDraw = True
639.4908 	EXP 	secondcircle: autoDraw = False
640.4094 	DATA 	Keypress: right
640.4108 	EXP 	New trial (rep=0, index=10): OrderedDict([('firstTime', 9.9), ('secondTime', 8.8), ('corrAns', 'left'), ('plusStart', 10.4), ('secondStart', 11.4), ('respStart', 20.2), ('randNum', 0.335173919)])
640.4241 	EXP 	firstcircle_3: autoDraw = False
640.4241 	EXP 	text_3: autoDraw = False
640.4241 	EXP 	secondcircle: autoDraw = False
640.4241 	EXP 	text_4: autoDraw = False
640.4241 	EXP 	text_4: autoDraw = True
640.9241 	EXP 	text_4: autoDraw = False
640.9408 	EXP 	firstcircle_3: autoDraw = True
650.8240 	EXP 	firstcircle_3: autoDraw = False
650.8406 	EXP 	text_3: autoDraw = True
651.8239 	EXP 	text_3: autoDraw = False
651.8406 	EXP 	secondcircle: autoDraw = True
660.6238 	EXP 	secondcircle: autoDraw = False
661.2424 	DATA 	Keypress: left
661.2437 	EXP 	New trial (rep=0, index=11): OrderedDict([('firstTime', 1.8), ('secondTime', 1.2), ('corrAns', 'left'), ('plusStart', 2.3), ('secondStart', 3.3), ('respStart', 4.5), ('randNum', 0.050156068)])
661.2571 	EXP 	firstcircle_3: autoDraw = False
661.2571 	EXP 	text_3: autoDraw = False
661.2571 	EXP 	secondcircle: autoDraw = False
661.2571 	EXP 	text_4: autoDraw = False
661.2571 	EXP 	text_4: autoDraw = True
661.7571 	EXP 	text_4: autoDraw = False
661.7738 	EXP 	firstcircle_3: autoDraw = True
663.5571 	EXP 	firstcircle_3: autoDraw = False
663.5738 	EXP 	text_3: autoDraw = True
664.5571 	EXP 	text_3: autoDraw = False
664.5738 	EXP 	secondcircle: autoDraw = True
665.7571 	EXP 	secondcircle: autoDraw = False
667.2090 	DATA 	Keypress: right
667.2103 	EXP 	New trial (rep=0, index=12): OrderedDict([('firstTime', 2.1), ('secondTime', 3.5), ('corrAns', 'right'), ('plusStart', 2.6), ('secondStart', 3.6), ('respStart', 7.1), ('randNum', 0.553210354)])
667.2238 	EXP 	firstcircle_3: autoDraw = False
667.2238 	EXP 	text_3: autoDraw = False
667.2238 	EXP 	secondcircle: autoDraw = False
667.2238 	EXP 	text_4: autoDraw = False
667.2238 	EXP 	text_4: autoDraw = True
667.7237 	EXP 	text_4: autoDraw = False
667.7404 	EXP 	firstcircle_3: autoDraw = True
669.8238 	EXP 	firstcircle_3: autoDraw = False
669.8403 	EXP 	text_3: autoDraw = True
670.8237 	EXP 	text_3: autoDraw = False
670.8404 	EXP 	secondcircle: autoDraw = True
674.3236 	EXP 	secondcircle: autoDraw = False
674.8423 	DATA 	Keypress: right
674.8437 	EXP 	New trial (rep=0, index=13): OrderedDict([('firstTime', 3.2), ('secondTime', 3.6), ('corrAns', 'right'), ('plusStart', 3.7), ('secondStart', 4.7), ('respStart', 8.3), ('randNum', 0.062598668)])
674.8570 	EXP 	firstcircle_3: autoDraw = False
674.8570 	EXP 	text_3: autoDraw = False
674.8570 	EXP 	secondcircle: autoDraw = False
674.8570 	EXP 	text_4: autoDraw = False
674.8570 	EXP 	text_4: autoDraw = True
675.3570 	EXP 	text_4: autoDraw = False
675.3736 	EXP 	firstcircle_3: autoDraw = True
678.5569 	EXP 	firstcircle_3: autoDraw = False
678.5736 	EXP 	text_3: autoDraw = True
679.5569 	EXP 	text_3: autoDraw = False
679.5736 	EXP 	secondcircle: autoDraw = True
683.1569 	EXP 	secondcircle: autoDraw = False
683.6422 	DATA 	Keypress: right
683.6435 	EXP 	New trial (rep=0, index=14): OrderedDict([('firstTime', 1.5), ('secondTime', 2.5), ('corrAns', 'right'), ('plusStart', 2.0), ('secondStart', 3.0), ('respStart', 5.5), ('randNum', 0.851613693)])
683.6569 	EXP 	firstcircle_3: autoDraw = False
683.6569 	EXP 	text_3: autoDraw = False
683.6569 	EXP 	secondcircle: autoDraw = False
683.6569 	EXP 	text_4: autoDraw = False
683.6569 	EXP 	text_4: autoDraw = True
684.1568 	EXP 	text_4: autoDraw = False
684.1735 	EXP 	firstcircle_3: autoDraw = True
685.6568 	EXP 	firstcircle_3: autoDraw = False
685.6735 	EXP 	text_3: autoDraw = True
686.6568 	EXP 	text_3: autoDraw = False
686.6735 	EXP 	secondcircle: autoDraw = True
689.1568 	EXP 	secondcircle: autoDraw = False
689.6255 	DATA 	Keypress: right
689.6269 	EXP 	New trial (rep=0, index=15): OrderedDict([('firstTime', 1.2), ('secondTime', 1.8), ('corrAns', 'right'), ('plusStart', 1.7), ('secondStart', 2.7), ('respStart', 4.5), ('randNum', 0.9561071459999999)])
689.6402 	EXP 	firstcircle_3: autoDraw = False
689.6402 	EXP 	text_3: autoDraw = False
689.6402 	EXP 	secondcircle: autoDraw = False
689.6402 	EXP 	text_4: autoDraw = False
689.6402 	EXP 	text_4: autoDraw = True
690.1401 	EXP 	text_4: autoDraw = False
690.1567 	EXP 	firstcircle_3: autoDraw = True
691.3401 	EXP 	firstcircle_3: autoDraw = False
691.3567 	EXP 	text_3: autoDraw = True
692.3401 	EXP 	text_3: autoDraw = False
692.3567 	EXP 	secondcircle: autoDraw = True
694.1401 	EXP 	secondcircle: autoDraw = False
694.8588 	DATA 	Keypress: right
694.8602 	EXP 	New trial (rep=0, index=16): OrderedDict([('firstTime', 3.3), ('secondTime', 4.4), ('corrAns', 'right'), ('plusStart', 3.8), ('secondStart', 4.8), ('respStart', 9.2), ('randNum', 0.25372748300000003)])
694.8734 	EXP 	firstcircle_3: autoDraw = False
694.8734 	EXP 	text_3: autoDraw = False
694.8734 	EXP 	secondcircle: autoDraw = False
694.8734 	EXP 	text_4: autoDraw = False
694.8734 	EXP 	text_4: autoDraw = True
695.3734 	EXP 	text_4: autoDraw = False
695.3900 	EXP 	firstcircle_3: autoDraw = True
698.6733 	EXP 	firstcircle_3: autoDraw = False
698.6900 	EXP 	text_3: autoDraw = True
699.6733 	EXP 	text_3: autoDraw = False
699.6900 	EXP 	secondcircle: autoDraw = True
704.0732 	EXP 	secondcircle: autoDraw = False
704.6417 	DATA 	Keypress: right
704.6431 	EXP 	New trial (rep=0, index=17): OrderedDict([('firstTime', 1.8), ('secondTime', 0.9), ('corrAns', 'left'), ('plusStart', 2.3), ('secondStart', 3.3), ('respStart', 4.2), ('randNum', 0.328250033)])
704.6566 	EXP 	firstcircle_3: autoDraw = False
704.6566 	EXP 	text_3: autoDraw = False
704.6566 	EXP 	secondcircle: autoDraw = False
704.6566 	EXP 	text_4: autoDraw = False
704.6566 	EXP 	text_4: autoDraw = True
705.1566 	EXP 	text_4: autoDraw = False
705.1732 	EXP 	firstcircle_3: autoDraw = True
706.9566 	EXP 	firstcircle_3: autoDraw = False
706.9732 	EXP 	text_3: autoDraw = True
707.9565 	EXP 	text_3: autoDraw = False
707.9732 	EXP 	secondcircle: autoDraw = True
708.8566 	EXP 	secondcircle: autoDraw = False
709.7419 	DATA 	Keypress: left
709.7433 	EXP 	New trial (rep=0, index=18): OrderedDict([('firstTime', 1.4), ('secondTime', 0.7), ('corrAns', 'left'), ('plusStart', 1.9), ('secondStart', 2.9), ('respStart', 3.6), ('randNum', 0.26139814899999997)])
709.7565 	EXP 	firstcircle_3: autoDraw = False
709.7565 	EXP 	text_3: autoDraw = False
709.7565 	EXP 	secondcircle: autoDraw = False
709.7565 	EXP 	text_4: autoDraw = False
709.7565 	EXP 	text_4: autoDraw = True
710.2565 	EXP 	text_4: autoDraw = False
710.2732 	EXP 	firstcircle_3: autoDraw = True
711.6565 	EXP 	firstcircle_3: autoDraw = False
711.6732 	EXP 	text_3: autoDraw = True
712.6565 	EXP 	text_3: autoDraw = False
712.6731 	EXP 	secondcircle: autoDraw = True
713.3565 	EXP 	secondcircle: autoDraw = False
714.1591 	DATA 	Keypress: left
714.1748 	EXP 	New trial (rep=0, index=19): OrderedDict([('firstTime', 0.7), ('secondTime', 1.4), ('corrAns', 'right'), ('plusStart', 1.2), ('secondStart', 2.2), ('respStart', 3.6), ('randNum', 0.515481866)])
714.1898 	EXP 	firstcircle_3: autoDraw = False
714.1898 	EXP 	text_3: autoDraw = False
714.1898 	EXP 	secondcircle: autoDraw = False
714.1898 	EXP 	text_4: autoDraw = False
714.1898 	EXP 	text_4: autoDraw = True
714.6898 	EXP 	text_4: autoDraw = False
714.7065 	EXP 	firstcircle_3: autoDraw = True
715.3898 	EXP 	firstcircle_3: autoDraw = False
715.4064 	EXP 	text_3: autoDraw = True
716.3898 	EXP 	text_3: autoDraw = False
716.4064 	EXP 	secondcircle: autoDraw = True
717.7897 	EXP 	secondcircle: autoDraw = False
718.3250 	DATA 	Keypress: right
718.3397 	EXP 	firstcircle_3: autoDraw = False
718.3397 	EXP 	text_3: autoDraw = False
718.3397 	EXP 	secondcircle: autoDraw = False
718.3397 	EXP 	text_4: autoDraw = False
718.3397 	EXP 	text_2: autoDraw = True
721.5996 	EXP 	window1: mouseVisible = True
