1.5832 	WARNING 	sounddevice audio lib was requested but not loaded: sounddevice not working
7.2745 	WARNING 	User requested fullscreen with size [1024  768], but screen is actually [1440, 900]. Using actual size
7.9605 	EXP 	Created window1 = Window(allowGUI=False, allowStencil=False, args=UNKNOWN, autoLog=True, bitsMode=UNKNOWN, blendMode='avg', color=array([0., 0., 0.]), colorSpace='rgb', fullscr=<method-wrapper '__getattribute__' of attributeSetter object at 0x111f5eda0>, gamma=None, kwargs=UNKNOWN, lms=UNKNOWN, monitor=<psychopy.monitors.calibTools.Monitor object at 0x1144ada58>, multiSample=False, name='window1', numSamples=2, pos=[0.0, 0.0], screen=0, size=array([2880, 1800]), stereo=False, units='norm', useFBO=True, useRetina=True, viewOri=0.0, viewPos=None, viewScale=None, waitBlanking=True, winType='pyglet')
7.9605 	EXP 	window1: recordFrameIntervals = False
8.1263 	EXP 	window1: recordFrameIntervals = True
8.3099 	EXP 	window1: recordFrameIntervals = False
8.4592 	EXP 	Created insRound1 = TextStim(__class__=<class 'psychopy.visual.text.TextStim'>, alignHoriz='center', alignVert='center', antialias=True, autoLog=True, bold=False, color='white', colorSpace='named', contrast=1.0, depth=0.0, flipHoriz=False, flipVert=False, font='Arial', fontFiles=[], height=0.07, italic=False, languageStyle='LTR', name='insRound1', opacity=1.0, ori=0, pos=array([0., 0.]), rgb=array([255., 255., 255.]), text=str(...), units='norm', win=Window(...), wrapWidth=1)
8.4697 	EXP 	Created text = TextStim(__class__=<class 'psychopy.visual.text.TextStim'>, alignHoriz='center', alignVert='center', antialias=True, autoLog=True, bold=False, color='white', colorSpace='named', contrast=1.0, depth=0.0, flipHoriz=False, flipVert=False, font='Arial', fontFiles=[], height=0.1, italic=False, languageStyle='LTR', name='text', opacity=1.0, ori=0, pos=array([0., 0.]), rgb=array([255., 255., 255.]), text='Block 1 starts\n\nPress space', units='norm', win=Window(...), wrapWidth=1)
8.4829 	EXP 	Created firstcircle_3 = Polygon(__class__=<class 'psychopy.visual.polygon.Polygon'>, autoDraw=False, autoLog=True, closeShape=True, color=method-wrapper(...), colorSpace=None, contrast=1.0, depth=0.0, fillColor=array([1., 1., 1.]), fillColorSpace='rgb', fillRGB=array([1., 1., 1.]), interpolate=True, lineColor=array([1., 1., 1.]), lineColorSpace='rgb', lineRGB=array([1., 1., 1.]), lineWidth=1, name='firstcircle_3', opacity=1.0, ori=array(0.), pos=array([0., 0.]), size=array([0.3, 0.5]), units='norm', vertices=ndarray(...), win=Window(...))
8.4864 	EXP 	Created text_3 = TextStim(__class__=<class 'psychopy.visual.text.TextStim'>, alignHoriz='center', alignVert='center', antialias=True, autoLog=True, bold=False, color='white', colorSpace='named', contrast=1.0, depth=-2.0, flipHoriz=False, flipVert=False, font='Arial', fontFiles=[], height=0.1, italic=False, languageStyle='LTR', name='text_3', opacity=1.0, ori=0, pos=array([0., 0.]), rgb=array([255., 255., 255.]), text='+', units='norm', win=Window(...), wrapWidth=1)
8.4892 	EXP 	Created secondcircle = Polygon(__class__=<class 'psychopy.visual.polygon.Polygon'>, autoDraw=False, autoLog=True, closeShape=True, color=method-wrapper(...), colorSpace=None, contrast=1.0, depth=-3.0, fillColor=array([-1., -1., -1.]), fillColorSpace='rgb', fillRGB=array([-1., -1., -1.]), interpolate=True, lineColor=array([-1., -1., -1.]), lineColorSpace='rgb', lineRGB=array([-1., -1., -1.]), lineWidth=1, name='secondcircle', opacity=1.0, ori=array(0.), pos=array([0., 0.]), size=array([0.3, 0.5]), units='norm', vertices=ndarray(...), win=Window(...))
8.4926 	EXP 	Created text_4 = TextStim(__class__=<class 'psychopy.visual.text.TextStim'>, alignHoriz='center', alignVert='center', antialias=True, autoLog=True, bold=False, color='white', colorSpace='named', contrast=1.0, depth=-4.0, flipHoriz=False, flipVert=False, font='Arial', fontFiles=[], height=0.1, italic=False, languageStyle='LTR', name='text_4', opacity=1.0, ori=0, pos=array([0., 0.]), rgb=array([255., 255., 255.]), text='next', units='norm', win=Window(...), wrapWidth=1)
8.4986 	EXP 	Created text_5 = TextStim(__class__=<class 'psychopy.visual.text.TextStim'>, alignHoriz='center', alignVert='center', antialias=True, autoLog=True, bold=False, color='white', colorSpace='named', contrast=1.0, depth=0.0, flipHoriz=False, flipVert=False, font='Arial', fontFiles=[], height=0.1, italic=False, languageStyle='LTR', name='text_5', opacity=1.0, ori=0, pos=array([0., 0.]), rgb=array([255., 255., 255.]), text='Block 2 starts\n\nPress space', units='norm', win=Window(...), wrapWidth=1)
8.5011 	EXP 	Created firstcircle_3 = Polygon(__class__=<class 'psychopy.visual.polygon.Polygon'>, autoDraw=False, autoLog=True, closeShape=True, color=method-wrapper(...), colorSpace=None, contrast=1.0, depth=0.0, fillColor=array([1., 1., 1.]), fillColorSpace='rgb', fillRGB=array([1., 1., 1.]), interpolate=True, lineColor=array([1., 1., 1.]), lineColorSpace='rgb', lineRGB=array([1., 1., 1.]), lineWidth=1, name='firstcircle_3', opacity=1.0, ori=array(0.), pos=array([0., 0.]), size=array([0.3, 0.5]), units='norm', vertices=ndarray(...), win=Window(...))
8.5030 	EXP 	Created text_3 = TextStim(__class__=<class 'psychopy.visual.text.TextStim'>, alignHoriz='center', alignVert='center', antialias=True, autoLog=True, bold=False, color='white', colorSpace='named', contrast=1.0, depth=-2.0, flipHoriz=False, flipVert=False, font='Arial', fontFiles=[], height=0.1, italic=False, languageStyle='LTR', name='text_3', opacity=1.0, ori=0, pos=array([0., 0.]), rgb=array([255., 255., 255.]), text='+', units='norm', win=Window(...), wrapWidth=1)
8.5055 	EXP 	Created secondcircle = Polygon(__class__=<class 'psychopy.visual.polygon.Polygon'>, autoDraw=False, autoLog=True, closeShape=True, color=method-wrapper(...), colorSpace=None, contrast=1.0, depth=-3.0, fillColor=array([-1., -1., -1.]), fillColorSpace='rgb', fillRGB=array([-1., -1., -1.]), interpolate=True, lineColor=array([-1., -1., -1.]), lineColorSpace='rgb', lineRGB=array([-1., -1., -1.]), lineWidth=1, name='secondcircle', opacity=1.0, ori=array(0.), pos=array([0., 0.]), size=array([0.3, 0.5]), units='norm', vertices=ndarray(...), win=Window(...))
8.5077 	EXP 	Created text_4 = TextStim(__class__=<class 'psychopy.visual.text.TextStim'>, alignHoriz='center', alignVert='center', antialias=True, autoLog=True, bold=False, color='white', colorSpace='named', contrast=1.0, depth=-4.0, flipHoriz=False, flipVert=False, font='Arial', fontFiles=[], height=0.1, italic=False, languageStyle='LTR', name='text_4', opacity=1.0, ori=0, pos=array([0., 0.]), rgb=array([255., 255., 255.]), text='next', units='norm', win=Window(...), wrapWidth=1)
8.5135 	EXP 	Created text_6 = TextStim(__class__=<class 'psychopy.visual.text.TextStim'>, alignHoriz='center', alignVert='center', antialias=True, autoLog=True, bold=False, color='white', colorSpace='named', contrast=1.0, depth=0.0, flipHoriz=False, flipVert=False, font='Arial', fontFiles=[], height=0.1, italic=False, languageStyle='LTR', name='text_6', opacity=1.0, ori=0, pos=array([0., 0.]), rgb=array([255., 255., 255.]), text='Block 3 starts\n\nPress space', units='norm', win=Window(...), wrapWidth=1)
8.5160 	EXP 	Created firstcircle_3 = Polygon(__class__=<class 'psychopy.visual.polygon.Polygon'>, autoDraw=False, autoLog=True, closeShape=True, color=method-wrapper(...), colorSpace=None, contrast=1.0, depth=0.0, fillColor=array([1., 1., 1.]), fillColorSpace='rgb', fillRGB=array([1., 1., 1.]), interpolate=True, lineColor=array([1., 1., 1.]), lineColorSpace='rgb', lineRGB=array([1., 1., 1.]), lineWidth=1, name='firstcircle_3', opacity=1.0, ori=array(0.), pos=array([0., 0.]), size=array([0.3, 0.5]), units='norm', vertices=ndarray(...), win=Window(...))
8.5179 	EXP 	Created text_3 = TextStim(__class__=<class 'psychopy.visual.text.TextStim'>, alignHoriz='center', alignVert='center', antialias=True, autoLog=True, bold=False, color='white', colorSpace='named', contrast=1.0, depth=-2.0, flipHoriz=False, flipVert=False, font='Arial', fontFiles=[], height=0.1, italic=False, languageStyle='LTR', name='text_3', opacity=1.0, ori=0, pos=array([0., 0.]), rgb=array([255., 255., 255.]), text='+', units='norm', win=Window(...), wrapWidth=1)
8.5205 	EXP 	Created secondcircle = Polygon(__class__=<class 'psychopy.visual.polygon.Polygon'>, autoDraw=False, autoLog=True, closeShape=True, color=method-wrapper(...), colorSpace=None, contrast=1.0, depth=-3.0, fillColor=array([-1., -1., -1.]), fillColorSpace='rgb', fillRGB=array([-1., -1., -1.]), interpolate=True, lineColor=array([-1., -1., -1.]), lineColorSpace='rgb', lineRGB=array([-1., -1., -1.]), lineWidth=1, name='secondcircle', opacity=1.0, ori=array(0.), pos=array([0., 0.]), size=array([0.3, 0.5]), units='norm', vertices=ndarray(...), win=Window(...))
8.5226 	EXP 	Created text_4 = TextStim(__class__=<class 'psychopy.visual.text.TextStim'>, alignHoriz='center', alignVert='center', antialias=True, autoLog=True, bold=False, color='white', colorSpace='named', contrast=1.0, depth=-4.0, flipHoriz=False, flipVert=False, font='Arial', fontFiles=[], height=0.1, italic=False, languageStyle='LTR', name='text_4', opacity=1.0, ori=0, pos=array([0., 0.]), rgb=array([255., 255., 255.]), text='next', units='norm', win=Window(...), wrapWidth=1)
8.5284 	EXP 	Created text_7 = TextStim(__class__=<class 'psychopy.visual.text.TextStim'>, alignHoriz='center', alignVert='center', antialias=True, autoLog=True, bold=False, color='white', colorSpace='named', contrast=1.0, depth=0.0, flipHoriz=False, flipVert=False, font='Arial', fontFiles=[], height=0.1, italic=False, languageStyle='LTR', name='text_7', opacity=1.0, ori=0, pos=array([0., 0.]), rgb=array([255., 255., 255.]), text='Block 4 starts\n\nPress space', units='norm', win=Window(...), wrapWidth=1)
8.5309 	EXP 	Created firstcircle_3 = Polygon(__class__=<class 'psychopy.visual.polygon.Polygon'>, autoDraw=False, autoLog=True, closeShape=True, color=method-wrapper(...), colorSpace=None, contrast=1.0, depth=0.0, fillColor=array([1., 1., 1.]), fillColorSpace='rgb', fillRGB=array([1., 1., 1.]), interpolate=True, lineColor=array([1., 1., 1.]), lineColorSpace='rgb', lineRGB=array([1., 1., 1.]), lineWidth=1, name='firstcircle_3', opacity=1.0, ori=array(0.), pos=array([0., 0.]), size=array([0.3, 0.5]), units='norm', vertices=ndarray(...), win=Window(...))
8.5329 	EXP 	Created text_3 = TextStim(__class__=<class 'psychopy.visual.text.TextStim'>, alignHoriz='center', alignVert='center', antialias=True, autoLog=True, bold=False, color='white', colorSpace='named', contrast=1.0, depth=-2.0, flipHoriz=False, flipVert=False, font='Arial', fontFiles=[], height=0.1, italic=False, languageStyle='LTR', name='text_3', opacity=1.0, ori=0, pos=array([0., 0.]), rgb=array([255., 255., 255.]), text='+', units='norm', win=Window(...), wrapWidth=1)
8.5353 	EXP 	Created secondcircle = Polygon(__class__=<class 'psychopy.visual.polygon.Polygon'>, autoDraw=False, autoLog=True, closeShape=True, color=method-wrapper(...), colorSpace=None, contrast=1.0, depth=-3.0, fillColor=array([-1., -1., -1.]), fillColorSpace='rgb', fillRGB=array([-1., -1., -1.]), interpolate=True, lineColor=array([-1., -1., -1.]), lineColorSpace='rgb', lineRGB=array([-1., -1., -1.]), lineWidth=1, name='secondcircle', opacity=1.0, ori=array(0.), pos=array([0., 0.]), size=array([0.3, 0.5]), units='norm', vertices=ndarray(...), win=Window(...))
8.5375 	EXP 	Created text_4 = TextStim(__class__=<class 'psychopy.visual.text.TextStim'>, alignHoriz='center', alignVert='center', antialias=True, autoLog=True, bold=False, color='white', colorSpace='named', contrast=1.0, depth=-4.0, flipHoriz=False, flipVert=False, font='Arial', fontFiles=[], height=0.1, italic=False, languageStyle='LTR', name='text_4', opacity=1.0, ori=0, pos=array([0., 0.]), rgb=array([255., 255., 255.]), text='next', units='norm', win=Window(...), wrapWidth=1)
8.5416 	EXP 	Created text_2 = TextStim(__class__=<class 'psychopy.visual.text.TextStim'>, alignHoriz='center', alignVert='center', antialias=True, autoLog=True, bold=False, color='white', colorSpace='named', contrast=1.0, depth=0.0, flipHoriz=False, flipVert=False, font='Arial', fontFiles=[], height=0.1, italic=False, languageStyle='LTR', name='text_2', opacity=1.0, ori=0, pos=array([0., 0.]), rgb=array([255., 255., 255.]), text='The end', units='norm', win=Window(...), wrapWidth=1)
8.5596 	EXP 	insRound1: autoDraw = True
42.2820 	DATA 	Keypress: space
42.2924 	EXP 	insRound1: autoDraw = False
42.2924 	EXP 	text: autoDraw = True
45.3112 	DATA 	Keypress: space
45.3330 	EXP 	Imported conditionsTime.csv as conditions, 20 conditions, 7 params
45.3333 	EXP 	Created sequence: sequential, trialTypes=20, nReps=1, seed=None
45.3338 	EXP 	New trial (rep=0, index=0): OrderedDict([('firstTime', 1.8), ('secondTime', 1.2), ('corrAns', 'left'), ('plusStart', 2.3), ('secondStart', 3.3), ('respStart', 4.5), ('randNum', 0.17368025899999998)])
45.3424 	EXP 	text: autoDraw = False
45.3424 	EXP 	text_4: autoDraw = True
45.8424 	EXP 	text_4: autoDraw = False
45.8590 	EXP 	firstcircle_3: autoDraw = True
47.6424 	EXP 	firstcircle_3: autoDraw = False
47.6590 	EXP 	text_3: autoDraw = True
48.6424 	EXP 	text_3: autoDraw = False
48.6590 	EXP 	secondcircle: autoDraw = True
49.8423 	EXP 	secondcircle: autoDraw = False
52.3970 	DATA 	Keypress: left
52.3986 	EXP 	New trial (rep=0, index=1): OrderedDict([('firstTime', 3.6), ('secondTime', 3.2), ('corrAns', 'left'), ('plusStart', 4.1), ('secondStart', 5.1), ('respStart', 8.3), ('randNum', 0.41458448299999995)])
52.4090 	EXP 	firstcircle_3: autoDraw = False
52.4090 	EXP 	text_3: autoDraw = False
52.4090 	EXP 	secondcircle: autoDraw = False
52.4090 	EXP 	text_4: autoDraw = False
52.4090 	EXP 	text_4: autoDraw = True
52.9090 	EXP 	text_4: autoDraw = False
52.9256 	EXP 	firstcircle_3: autoDraw = True
56.5089 	EXP 	firstcircle_3: autoDraw = False
56.5256 	EXP 	text_3: autoDraw = True
57.5089 	EXP 	text_3: autoDraw = False
57.5256 	EXP 	secondcircle: autoDraw = True
60.7089 	EXP 	secondcircle: autoDraw = False
64.2772 	DATA 	Keypress: left
64.2786 	EXP 	New trial (rep=0, index=2): OrderedDict([('firstTime', 2.5), ('secondTime', 1.5), ('corrAns', 'left'), ('plusStart', 3.0), ('secondStart', 4.0), ('respStart', 5.5), ('randNum', 0.148607464)])
64.2921 	EXP 	firstcircle_3: autoDraw = False
64.2921 	EXP 	text_3: autoDraw = False
64.2921 	EXP 	secondcircle: autoDraw = False
64.2921 	EXP 	text_4: autoDraw = False
64.2921 	EXP 	text_4: autoDraw = True
64.7921 	EXP 	text_4: autoDraw = False
64.8088 	EXP 	firstcircle_3: autoDraw = True
67.2921 	EXP 	firstcircle_3: autoDraw = False
67.3088 	EXP 	text_3: autoDraw = True
68.2921 	EXP 	text_3: autoDraw = False
68.3088 	EXP 	secondcircle: autoDraw = True
69.7921 	EXP 	secondcircle: autoDraw = False
70.8441 	DATA 	Keypress: left
70.8455 	EXP 	New trial (rep=0, index=3): OrderedDict([('firstTime', 1.8), ('secondTime', 2.7), ('corrAns', 'right'), ('plusStart', 2.3), ('secondStart', 3.3), ('respStart', 6.0), ('randNum', 0.13554984)])
70.8587 	EXP 	firstcircle_3: autoDraw = False
70.8587 	EXP 	text_3: autoDraw = False
70.8587 	EXP 	secondcircle: autoDraw = False
70.8587 	EXP 	text_4: autoDraw = False
70.8587 	EXP 	text_4: autoDraw = True
71.3587 	EXP 	text_4: autoDraw = False
71.3754 	EXP 	firstcircle_3: autoDraw = True
73.1587 	EXP 	firstcircle_3: autoDraw = False
73.1753 	EXP 	text_3: autoDraw = True
74.1587 	EXP 	text_3: autoDraw = False
74.1753 	EXP 	secondcircle: autoDraw = True
76.8586 	EXP 	secondcircle: autoDraw = False
77.1607 	DATA 	Keypress: right
77.1622 	EXP 	New trial (rep=0, index=4): OrderedDict([('firstTime', 1.2), ('secondTime', 1.8), ('corrAns', 'right'), ('plusStart', 1.7), ('secondStart', 2.7), ('respStart', 4.5), ('randNum', 0.309174352)])
77.1753 	EXP 	firstcircle_3: autoDraw = False
77.1753 	EXP 	text_3: autoDraw = False
77.1753 	EXP 	secondcircle: autoDraw = False
77.1753 	EXP 	text_4: autoDraw = False
77.1753 	EXP 	text_4: autoDraw = True
77.6754 	EXP 	text_4: autoDraw = False
77.6921 	EXP 	firstcircle_3: autoDraw = True
78.8753 	EXP 	firstcircle_3: autoDraw = False
78.8920 	EXP 	text_3: autoDraw = True
79.8753 	EXP 	text_3: autoDraw = False
79.8919 	EXP 	secondcircle: autoDraw = True
81.6752 	EXP 	secondcircle: autoDraw = False
82.8773 	DATA 	Keypress: right
82.8786 	EXP 	New trial (rep=0, index=5): OrderedDict([('firstTime', 8.8), ('secondTime', 9.9), ('corrAns', 'right'), ('plusStart', 9.3), ('secondStart', 10.3), ('respStart', 20.2), ('randNum', 0.7009299529999999)])
82.8919 	EXP 	firstcircle_3: autoDraw = False
82.8919 	EXP 	text_3: autoDraw = False
82.8919 	EXP 	secondcircle: autoDraw = False
82.8919 	EXP 	text_4: autoDraw = False
82.8919 	EXP 	text_4: autoDraw = True
83.3919 	EXP 	text_4: autoDraw = False
83.4085 	EXP 	firstcircle_3: autoDraw = True
92.1918 	EXP 	firstcircle_3: autoDraw = False
92.2084 	EXP 	text_3: autoDraw = True
93.1917 	EXP 	text_3: autoDraw = False
93.2084 	EXP 	secondcircle: autoDraw = True
103.0916 	EXP 	secondcircle: autoDraw = False
104.9436 	DATA 	Keypress: left
104.9451 	EXP 	New trial (rep=0, index=6): OrderedDict([('firstTime', 3.3), ('secondTime', 4.4), ('corrAns', 'right'), ('plusStart', 3.8), ('secondStart', 4.8), ('respStart', 9.2), ('randNum', 0.705723743)])
104.9583 	EXP 	firstcircle_3: autoDraw = False
104.9583 	EXP 	text_3: autoDraw = False
104.9583 	EXP 	secondcircle: autoDraw = False
104.9583 	EXP 	text_4: autoDraw = False
104.9583 	EXP 	text_4: autoDraw = True
105.4583 	EXP 	text_4: autoDraw = False
105.4749 	EXP 	firstcircle_3: autoDraw = True
108.7582 	EXP 	firstcircle_3: autoDraw = False
108.7749 	EXP 	text_3: autoDraw = True
109.7582 	EXP 	text_3: autoDraw = False
109.7749 	EXP 	secondcircle: autoDraw = True
114.1581 	EXP 	secondcircle: autoDraw = False
116.1101 	DATA 	Keypress: right
116.1116 	EXP 	New trial (rep=0, index=7): OrderedDict([('firstTime', 3.5), ('secondTime', 2.1), ('corrAns', 'left'), ('plusStart', 4.0), ('secondStart', 5.0), ('respStart', 7.1), ('randNum', 0.544523215)])
116.1248 	EXP 	firstcircle_3: autoDraw = False
116.1248 	EXP 	text_3: autoDraw = False
116.1248 	EXP 	secondcircle: autoDraw = False
116.1248 	EXP 	text_4: autoDraw = False
116.1248 	EXP 	text_4: autoDraw = True
116.6248 	EXP 	text_4: autoDraw = False
116.6414 	EXP 	firstcircle_3: autoDraw = True
120.1248 	EXP 	firstcircle_3: autoDraw = False
120.1414 	EXP 	text_3: autoDraw = True
121.1247 	EXP 	text_3: autoDraw = False
121.1414 	EXP 	secondcircle: autoDraw = True
123.2248 	EXP 	secondcircle: autoDraw = False
124.2935 	DATA 	Keypress: left
124.2949 	EXP 	New trial (rep=0, index=8): OrderedDict([('firstTime', 1.4), ('secondTime', 0.7), ('corrAns', 'left'), ('plusStart', 1.9), ('secondStart', 2.9), ('respStart', 3.6), ('randNum', 0.53553232)])
124.3080 	EXP 	firstcircle_3: autoDraw = False
124.3080 	EXP 	text_3: autoDraw = False
124.3080 	EXP 	secondcircle: autoDraw = False
124.3080 	EXP 	text_4: autoDraw = False
124.3080 	EXP 	text_4: autoDraw = True
124.8081 	EXP 	text_4: autoDraw = False
124.8247 	EXP 	firstcircle_3: autoDraw = True
126.2080 	EXP 	firstcircle_3: autoDraw = False
126.2246 	EXP 	text_3: autoDraw = True
127.2080 	EXP 	text_3: autoDraw = False
127.2246 	EXP 	secondcircle: autoDraw = True
127.9079 	EXP 	secondcircle: autoDraw = False
129.2930 	DATA 	Keypress: left
129.2943 	EXP 	New trial (rep=0, index=9): OrderedDict([('firstTime', 4.4), ('secondTime', 3.3), ('corrAns', 'left'), ('plusStart', 4.9), ('secondStart', 5.9), ('respStart', 9.2), ('randNum', 0.255641654)])
129.3079 	EXP 	firstcircle_3: autoDraw = False
129.3079 	EXP 	text_3: autoDraw = False
129.3079 	EXP 	secondcircle: autoDraw = False
129.3079 	EXP 	text_4: autoDraw = False
129.3079 	EXP 	text_4: autoDraw = True
129.8079 	EXP 	text_4: autoDraw = False
129.8246 	EXP 	firstcircle_3: autoDraw = True
134.2079 	EXP 	firstcircle_3: autoDraw = False
134.2245 	EXP 	text_3: autoDraw = True
135.2079 	EXP 	text_3: autoDraw = False
135.2245 	EXP 	secondcircle: autoDraw = True
138.5078 	EXP 	secondcircle: autoDraw = False
139.3098 	DATA 	Keypress: left
139.3112 	EXP 	New trial (rep=0, index=10): OrderedDict([('firstTime', 3.2), ('secondTime', 3.6), ('corrAns', 'right'), ('plusStart', 3.7), ('secondStart', 4.7), ('respStart', 8.3), ('randNum', 0.140100939)])
139.3245 	EXP 	firstcircle_3: autoDraw = False
139.3245 	EXP 	text_3: autoDraw = False
139.3245 	EXP 	secondcircle: autoDraw = False
139.3245 	EXP 	text_4: autoDraw = False
139.3245 	EXP 	text_4: autoDraw = True
139.8245 	EXP 	text_4: autoDraw = False
139.8411 	EXP 	firstcircle_3: autoDraw = True
143.0244 	EXP 	firstcircle_3: autoDraw = False
143.0411 	EXP 	text_3: autoDraw = True
144.0244 	EXP 	text_3: autoDraw = False
144.0411 	EXP 	secondcircle: autoDraw = True
147.6243 	EXP 	secondcircle: autoDraw = False
149.1096 	DATA 	Keypress: right
149.1110 	EXP 	New trial (rep=0, index=11): OrderedDict([('firstTime', 2.8), ('secondTime', 2.1), ('corrAns', 'left'), ('plusStart', 3.3), ('secondStart', 4.3), ('respStart', 6.4), ('randNum', 0.019093293)])
149.1243 	EXP 	firstcircle_3: autoDraw = False
149.1243 	EXP 	text_3: autoDraw = False
149.1243 	EXP 	secondcircle: autoDraw = False
149.1243 	EXP 	text_4: autoDraw = False
149.1243 	EXP 	text_4: autoDraw = True
149.6243 	EXP 	text_4: autoDraw = False
149.6410 	EXP 	firstcircle_3: autoDraw = True
152.4243 	EXP 	firstcircle_3: autoDraw = False
152.4409 	EXP 	text_3: autoDraw = True
153.4243 	EXP 	text_3: autoDraw = False
153.4409 	EXP 	secondcircle: autoDraw = True
155.5242 	EXP 	secondcircle: autoDraw = False
156.4762 	DATA 	Keypress: left
156.4776 	EXP 	New trial (rep=0, index=12): OrderedDict([('firstTime', 0.9), ('secondTime', 1.8), ('corrAns', 'right'), ('plusStart', 1.4), ('secondStart', 2.4), ('respStart', 4.2), ('randNum', 0.461070472)])
156.4909 	EXP 	firstcircle_3: autoDraw = False
156.4909 	EXP 	text_3: autoDraw = False
156.4909 	EXP 	secondcircle: autoDraw = False
156.4909 	EXP 	text_4: autoDraw = False
156.4909 	EXP 	text_4: autoDraw = True
156.9909 	EXP 	text_4: autoDraw = False
157.0076 	EXP 	firstcircle_3: autoDraw = True
157.8909 	EXP 	firstcircle_3: autoDraw = False
157.9075 	EXP 	text_3: autoDraw = True
158.8909 	EXP 	text_3: autoDraw = False
158.9075 	EXP 	secondcircle: autoDraw = True
160.6908 	EXP 	secondcircle: autoDraw = False
161.4095 	DATA 	Keypress: right
161.4108 	EXP 	New trial (rep=0, index=13): OrderedDict([('firstTime', 2.1), ('secondTime', 2.8), ('corrAns', 'right'), ('plusStart', 2.6), ('secondStart', 3.6), ('respStart', 6.4), ('randNum', 0.22761601199999998)])
161.4242 	EXP 	firstcircle_3: autoDraw = False
161.4242 	EXP 	text_3: autoDraw = False
161.4242 	EXP 	secondcircle: autoDraw = False
161.4242 	EXP 	text_4: autoDraw = False
161.4242 	EXP 	text_4: autoDraw = True
161.9242 	EXP 	text_4: autoDraw = False
161.9408 	EXP 	firstcircle_3: autoDraw = True
164.0241 	EXP 	firstcircle_3: autoDraw = False
164.0408 	EXP 	text_3: autoDraw = True
165.0241 	EXP 	text_3: autoDraw = False
165.0408 	EXP 	secondcircle: autoDraw = True
167.8241 	EXP 	secondcircle: autoDraw = False
168.9094 	DATA 	Keypress: right
168.9108 	EXP 	New trial (rep=0, index=14): OrderedDict([('firstTime', 0.7), ('secondTime', 1.4), ('corrAns', 'right'), ('plusStart', 1.2), ('secondStart', 2.2), ('respStart', 3.6), ('randNum', 0.436550891)])
168.9241 	EXP 	firstcircle_3: autoDraw = False
168.9241 	EXP 	text_3: autoDraw = False
168.9241 	EXP 	secondcircle: autoDraw = False
168.9241 	EXP 	text_4: autoDraw = False
168.9241 	EXP 	text_4: autoDraw = True
169.4240 	EXP 	text_4: autoDraw = False
169.4407 	EXP 	firstcircle_3: autoDraw = True
170.1240 	EXP 	firstcircle_3: autoDraw = False
170.1407 	EXP 	text_3: autoDraw = True
171.1240 	EXP 	text_3: autoDraw = False
171.1407 	EXP 	secondcircle: autoDraw = True
172.5240 	EXP 	secondcircle: autoDraw = False
174.3260 	DATA 	Keypress: right
174.3273 	EXP 	New trial (rep=0, index=15): OrderedDict([('firstTime', 1.8), ('secondTime', 0.9), ('corrAns', 'left'), ('plusStart', 2.3), ('secondStart', 3.3), ('respStart', 4.2), ('randNum', 0.028891147000000002)])
174.3406 	EXP 	firstcircle_3: autoDraw = False
174.3406 	EXP 	text_3: autoDraw = False
174.3406 	EXP 	secondcircle: autoDraw = False
174.3406 	EXP 	text_4: autoDraw = False
174.3406 	EXP 	text_4: autoDraw = True
174.8406 	EXP 	text_4: autoDraw = False
174.8573 	EXP 	firstcircle_3: autoDraw = True
176.6406 	EXP 	firstcircle_3: autoDraw = False
176.6573 	EXP 	text_3: autoDraw = True
177.6406 	EXP 	text_3: autoDraw = False
177.6573 	EXP 	secondcircle: autoDraw = True
178.5406 	EXP 	secondcircle: autoDraw = False
179.3592 	DATA 	Keypress: left
179.3605 	EXP 	New trial (rep=0, index=16): OrderedDict([('firstTime', 2.7), ('secondTime', 1.8), ('corrAns', 'left'), ('plusStart', 3.2), ('secondStart', 4.2), ('respStart', 6.0), ('randNum', 0.277400549)])
179.3740 	EXP 	firstcircle_3: autoDraw = False
179.3740 	EXP 	text_3: autoDraw = False
179.3740 	EXP 	secondcircle: autoDraw = False
179.3740 	EXP 	text_4: autoDraw = False
179.3740 	EXP 	text_4: autoDraw = True
179.8739 	EXP 	text_4: autoDraw = False
179.8906 	EXP 	firstcircle_3: autoDraw = True
182.5739 	EXP 	firstcircle_3: autoDraw = False
182.5905 	EXP 	text_3: autoDraw = True
183.5739 	EXP 	text_3: autoDraw = False
183.5905 	EXP 	secondcircle: autoDraw = True
185.3738 	EXP 	secondcircle: autoDraw = False
186.2425 	DATA 	Keypress: left
186.2438 	EXP 	New trial (rep=0, index=17): OrderedDict([('firstTime', 9.9), ('secondTime', 8.8), ('corrAns', 'left'), ('plusStart', 10.4), ('secondStart', 11.4), ('respStart', 20.2), ('randNum', 0.9607848720000001)])
186.2572 	EXP 	firstcircle_3: autoDraw = False
186.2572 	EXP 	text_3: autoDraw = False
186.2572 	EXP 	secondcircle: autoDraw = False
186.2572 	EXP 	text_4: autoDraw = False
186.2572 	EXP 	text_4: autoDraw = True
186.7571 	EXP 	text_4: autoDraw = False
186.7738 	EXP 	firstcircle_3: autoDraw = True
196.6570 	EXP 	firstcircle_3: autoDraw = False
196.6737 	EXP 	text_3: autoDraw = True
197.6570 	EXP 	text_3: autoDraw = False
197.6737 	EXP 	secondcircle: autoDraw = True
206.4569 	EXP 	secondcircle: autoDraw = False
207.1921 	DATA 	Keypress: left
207.1935 	EXP 	New trial (rep=0, index=18): OrderedDict([('firstTime', 2.1), ('secondTime', 3.5), ('corrAns', 'right'), ('plusStart', 2.6), ('secondStart', 3.6), ('respStart', 7.1), ('randNum', 0.609327094)])
207.2069 	EXP 	firstcircle_3: autoDraw = False
207.2069 	EXP 	text_3: autoDraw = False
207.2069 	EXP 	secondcircle: autoDraw = False
207.2069 	EXP 	text_4: autoDraw = False
207.2069 	EXP 	text_4: autoDraw = True
207.7069 	EXP 	text_4: autoDraw = False
207.7235 	EXP 	firstcircle_3: autoDraw = True
209.8068 	EXP 	firstcircle_3: autoDraw = False
209.8235 	EXP 	text_3: autoDraw = True
210.8068 	EXP 	text_3: autoDraw = False
210.8235 	EXP 	secondcircle: autoDraw = True
214.3068 	EXP 	secondcircle: autoDraw = False
215.8753 	DATA 	Keypress: right
215.8767 	EXP 	New trial (rep=0, index=19): OrderedDict([('firstTime', 1.5), ('secondTime', 2.5), ('corrAns', 'right'), ('plusStart', 2.0), ('secondStart', 3.0), ('respStart', 5.5), ('randNum', 0.487304505)])
215.8901 	EXP 	firstcircle_3: autoDraw = False
215.8901 	EXP 	text_3: autoDraw = False
215.8901 	EXP 	secondcircle: autoDraw = False
215.8901 	EXP 	text_4: autoDraw = False
215.8901 	EXP 	text_4: autoDraw = True
216.3901 	EXP 	text_4: autoDraw = False
216.4068 	EXP 	firstcircle_3: autoDraw = True
217.8901 	EXP 	firstcircle_3: autoDraw = False
217.9068 	EXP 	text_3: autoDraw = True
218.8901 	EXP 	text_3: autoDraw = False
218.9067 	EXP 	secondcircle: autoDraw = True
221.3900 	EXP 	secondcircle: autoDraw = False
222.0420 	DATA 	Keypress: right
222.0568 	EXP 	firstcircle_3: autoDraw = False
222.0568 	EXP 	text_3: autoDraw = False
222.0568 	EXP 	secondcircle: autoDraw = False
222.0568 	EXP 	text_4: autoDraw = False
222.0568 	EXP 	text_5: autoDraw = True
231.4089 	DATA 	Keypress: space
231.4147 	EXP 	Imported conditionsTime2.csv as conditions, 20 conditions, 7 params
231.4151 	EXP 	Created sequence: sequential, trialTypes=20, nReps=1, seed=None
231.4155 	EXP 	New trial (rep=0, index=0): OrderedDict([('firstTime', 9.9), ('secondTime', 8.8), ('corrAns', 'left'), ('plusStart', 10.4), ('secondStart', 11.4), ('respStart', 20.2), ('randNum', 0.6005130679999999)])
231.4232 	EXP 	text_5: autoDraw = False
231.4232 	EXP 	text_4: autoDraw = True
231.9232 	EXP 	text_4: autoDraw = False
231.9399 	EXP 	firstcircle_3: autoDraw = True
241.8231 	EXP 	firstcircle_3: autoDraw = False
241.8397 	EXP 	text_3: autoDraw = True
242.4418 	DATA 	Keypress: left
242.8231 	EXP 	text_3: autoDraw = False
242.8397 	EXP 	secondcircle: autoDraw = True
251.6229 	EXP 	secondcircle: autoDraw = False
252.8082 	DATA 	Keypress: right
252.8098 	EXP 	New trial (rep=0, index=1): OrderedDict([('firstTime', 1.5), ('secondTime', 2.5), ('corrAns', 'right'), ('plusStart', 2.0), ('secondStart', 3.0), ('respStart', 5.5), ('randNum', 0.805142221)])
252.8230 	EXP 	firstcircle_3: autoDraw = False
252.8230 	EXP 	text_3: autoDraw = False
252.8230 	EXP 	secondcircle: autoDraw = False
252.8230 	EXP 	text_4: autoDraw = False
252.8230 	EXP 	text_4: autoDraw = True
253.3229 	EXP 	text_4: autoDraw = False
253.3396 	EXP 	firstcircle_3: autoDraw = True
254.8229 	EXP 	firstcircle_3: autoDraw = False
254.8396 	EXP 	text_3: autoDraw = True
255.8229 	EXP 	text_3: autoDraw = False
255.8396 	EXP 	secondcircle: autoDraw = True
258.3228 	EXP 	secondcircle: autoDraw = False
259.4747 	DATA 	Keypress: right
259.4761 	EXP 	New trial (rep=0, index=2): OrderedDict([('firstTime', 0.7), ('secondTime', 1.4), ('corrAns', 'right'), ('plusStart', 1.2), ('secondStart', 2.2), ('respStart', 3.6), ('randNum', 0.70587608)])
259.4895 	EXP 	firstcircle_3: autoDraw = False
259.4895 	EXP 	text_3: autoDraw = False
259.4895 	EXP 	secondcircle: autoDraw = False
259.4895 	EXP 	text_4: autoDraw = False
259.4895 	EXP 	text_4: autoDraw = True
259.9895 	EXP 	text_4: autoDraw = False
260.0062 	EXP 	firstcircle_3: autoDraw = True
260.6895 	EXP 	firstcircle_3: autoDraw = False
260.7062 	EXP 	text_3: autoDraw = True
261.6895 	EXP 	text_3: autoDraw = False
261.7062 	EXP 	secondcircle: autoDraw = True
263.0895 	EXP 	secondcircle: autoDraw = False
263.5581 	DATA 	Keypress: right
263.5595 	EXP 	New trial (rep=0, index=3): OrderedDict([('firstTime', 1.2), ('secondTime', 1.8), ('corrAns', 'right'), ('plusStart', 1.7), ('secondStart', 2.7), ('respStart', 4.5), ('randNum', 0.276216099)])
263.5728 	EXP 	firstcircle_3: autoDraw = False
263.5728 	EXP 	text_3: autoDraw = False
263.5728 	EXP 	secondcircle: autoDraw = False
263.5728 	EXP 	text_4: autoDraw = False
263.5728 	EXP 	text_4: autoDraw = True
264.0728 	EXP 	text_4: autoDraw = False
264.0894 	EXP 	firstcircle_3: autoDraw = True
265.2727 	EXP 	firstcircle_3: autoDraw = False
265.2894 	EXP 	text_3: autoDraw = True
266.2728 	EXP 	text_3: autoDraw = False
266.2894 	EXP 	secondcircle: autoDraw = True
268.0727 	EXP 	secondcircle: autoDraw = False
269.2918 	DATA 	Keypress: right
269.3077 	EXP 	New trial (rep=0, index=4): OrderedDict([('firstTime', 3.3), ('secondTime', 4.4), ('corrAns', 'right'), ('plusStart', 3.8), ('secondStart', 4.8), ('respStart', 9.2), ('randNum', 0.803512663)])
269.3227 	EXP 	firstcircle_3: autoDraw = False
269.3227 	EXP 	text_3: autoDraw = False
269.3227 	EXP 	secondcircle: autoDraw = False
269.3227 	EXP 	text_4: autoDraw = False
269.3227 	EXP 	text_4: autoDraw = True
269.8227 	EXP 	text_4: autoDraw = False
269.8394 	EXP 	firstcircle_3: autoDraw = True
273.1226 	EXP 	firstcircle_3: autoDraw = False
273.1393 	EXP 	text_3: autoDraw = True
274.1226 	EXP 	text_3: autoDraw = False
274.1393 	EXP 	secondcircle: autoDraw = True
278.5226 	EXP 	secondcircle: autoDraw = False
279.3909 	DATA 	Keypress: right
279.3922 	EXP 	New trial (rep=0, index=5): OrderedDict([('firstTime', 2.1), ('secondTime', 2.8), ('corrAns', 'right'), ('plusStart', 2.6), ('secondStart', 3.6), ('respStart', 6.4), ('randNum', 0.26721103399999996)])
279.4059 	EXP 	firstcircle_3: autoDraw = False
279.4059 	EXP 	text_3: autoDraw = False
279.4059 	EXP 	secondcircle: autoDraw = False
279.4059 	EXP 	text_4: autoDraw = False
279.4059 	EXP 	text_4: autoDraw = True
279.9059 	EXP 	text_4: autoDraw = False
279.9226 	EXP 	firstcircle_3: autoDraw = True
282.0059 	EXP 	firstcircle_3: autoDraw = False
282.0225 	EXP 	text_3: autoDraw = True
283.0058 	EXP 	text_3: autoDraw = False
283.0225 	EXP 	secondcircle: autoDraw = True
285.8058 	EXP 	secondcircle: autoDraw = False
286.4743 	DATA 	Keypress: right
286.4757 	EXP 	New trial (rep=0, index=6): OrderedDict([('firstTime', 2.8), ('secondTime', 2.1), ('corrAns', 'left'), ('plusStart', 3.3), ('secondStart', 4.3), ('respStart', 6.4), ('randNum', 0.1426323)])
286.4891 	EXP 	firstcircle_3: autoDraw = False
286.4891 	EXP 	text_3: autoDraw = False
286.4891 	EXP 	secondcircle: autoDraw = False
286.4891 	EXP 	text_4: autoDraw = False
286.4891 	EXP 	text_4: autoDraw = True
286.9891 	EXP 	text_4: autoDraw = False
287.0058 	EXP 	firstcircle_3: autoDraw = True
289.7891 	EXP 	firstcircle_3: autoDraw = False
289.8058 	EXP 	text_3: autoDraw = True
290.7891 	EXP 	text_3: autoDraw = False
290.8057 	EXP 	secondcircle: autoDraw = True
292.8890 	EXP 	secondcircle: autoDraw = False
294.1076 	DATA 	Keypress: left
294.1090 	EXP 	New trial (rep=0, index=7): OrderedDict([('firstTime', 2.7), ('secondTime', 1.8), ('corrAns', 'left'), ('plusStart', 3.2), ('secondStart', 4.2), ('respStart', 6.0), ('randNum', 0.15619143)])
294.1224 	EXP 	firstcircle_3: autoDraw = False
294.1224 	EXP 	text_3: autoDraw = False
294.1224 	EXP 	secondcircle: autoDraw = False
294.1224 	EXP 	text_4: autoDraw = False
294.1224 	EXP 	text_4: autoDraw = True
294.6224 	EXP 	text_4: autoDraw = False
294.6390 	EXP 	firstcircle_3: autoDraw = True
297.3224 	EXP 	firstcircle_3: autoDraw = False
297.3390 	EXP 	text_3: autoDraw = True
298.3223 	EXP 	text_3: autoDraw = False
298.3390 	EXP 	secondcircle: autoDraw = True
300.1223 	EXP 	secondcircle: autoDraw = False
301.2252 	DATA 	Keypress: left
301.2406 	EXP 	New trial (rep=0, index=8): OrderedDict([('firstTime', 8.8), ('secondTime', 9.9), ('corrAns', 'right'), ('plusStart', 9.3), ('secondStart', 10.3), ('respStart', 20.2), ('randNum', 0.549248995)])
301.2556 	EXP 	firstcircle_3: autoDraw = False
301.2556 	EXP 	text_3: autoDraw = False
301.2556 	EXP 	secondcircle: autoDraw = False
301.2556 	EXP 	text_4: autoDraw = False
301.2556 	EXP 	text_4: autoDraw = True
301.7556 	EXP 	text_4: autoDraw = False
301.7723 	EXP 	firstcircle_3: autoDraw = True
310.5555 	EXP 	firstcircle_3: autoDraw = False
310.5721 	EXP 	text_3: autoDraw = True
311.5555 	EXP 	text_3: autoDraw = False
311.5721 	EXP 	secondcircle: autoDraw = True
321.4553 	EXP 	secondcircle: autoDraw = False
322.4906 	DATA 	Keypress: right
322.4920 	EXP 	New trial (rep=0, index=9): OrderedDict([('firstTime', 2.5), ('secondTime', 1.5), ('corrAns', 'left'), ('plusStart', 3.0), ('secondStart', 4.0), ('respStart', 5.5), ('randNum', 0.358211186)])
322.5054 	EXP 	firstcircle_3: autoDraw = False
322.5054 	EXP 	text_3: autoDraw = False
322.5054 	EXP 	secondcircle: autoDraw = False
322.5054 	EXP 	text_4: autoDraw = False
322.5054 	EXP 	text_4: autoDraw = True
323.0053 	EXP 	text_4: autoDraw = False
323.0220 	EXP 	firstcircle_3: autoDraw = True
325.5053 	EXP 	firstcircle_3: autoDraw = False
325.5219 	EXP 	text_3: autoDraw = True
326.5053 	EXP 	text_3: autoDraw = False
326.5219 	EXP 	secondcircle: autoDraw = True
328.0052 	EXP 	secondcircle: autoDraw = False
329.4239 	DATA 	Keypress: left
329.4252 	EXP 	New trial (rep=0, index=10): OrderedDict([('firstTime', 1.8), ('secondTime', 0.9), ('corrAns', 'left'), ('plusStart', 2.3), ('secondStart', 3.3), ('respStart', 4.2), ('randNum', 0.907401646)])
329.4385 	EXP 	firstcircle_3: autoDraw = False
329.4385 	EXP 	text_3: autoDraw = False
329.4385 	EXP 	secondcircle: autoDraw = False
329.4385 	EXP 	text_4: autoDraw = False
329.4385 	EXP 	text_4: autoDraw = True
329.9386 	EXP 	text_4: autoDraw = False
329.9552 	EXP 	firstcircle_3: autoDraw = True
331.7385 	EXP 	firstcircle_3: autoDraw = False
331.7552 	EXP 	text_3: autoDraw = True
332.7385 	EXP 	text_3: autoDraw = False
332.7552 	EXP 	secondcircle: autoDraw = True
333.6385 	EXP 	secondcircle: autoDraw = False
334.3405 	DATA 	Keypress: left
334.3418 	EXP 	New trial (rep=0, index=11): OrderedDict([('firstTime', 3.2), ('secondTime', 3.6), ('corrAns', 'right'), ('plusStart', 3.7), ('secondStart', 4.7), ('respStart', 8.3), ('randNum', 0.40261677799999995)])
334.3552 	EXP 	firstcircle_3: autoDraw = False
334.3552 	EXP 	text_3: autoDraw = False
334.3552 	EXP 	secondcircle: autoDraw = False
334.3552 	EXP 	text_4: autoDraw = False
334.3552 	EXP 	text_4: autoDraw = True
334.8552 	EXP 	text_4: autoDraw = False
334.8718 	EXP 	firstcircle_3: autoDraw = True
338.0551 	EXP 	firstcircle_3: autoDraw = False
338.0718 	EXP 	text_3: autoDraw = True
339.0551 	EXP 	text_3: autoDraw = False
339.0718 	EXP 	secondcircle: autoDraw = True
342.6550 	EXP 	secondcircle: autoDraw = False
343.3904 	DATA 	Keypress: right
343.3918 	EXP 	New trial (rep=0, index=12): OrderedDict([('firstTime', 2.1), ('secondTime', 3.5), ('corrAns', 'right'), ('plusStart', 2.6), ('secondStart', 3.6), ('respStart', 7.1), ('randNum', 0.699018652)])
343.4050 	EXP 	firstcircle_3: autoDraw = False
343.4050 	EXP 	text_3: autoDraw = False
343.4050 	EXP 	secondcircle: autoDraw = False
343.4050 	EXP 	text_4: autoDraw = False
343.4050 	EXP 	text_4: autoDraw = True
343.9050 	EXP 	text_4: autoDraw = False
343.9217 	EXP 	firstcircle_3: autoDraw = True
346.0050 	EXP 	firstcircle_3: autoDraw = False
346.0217 	EXP 	text_3: autoDraw = True
347.0050 	EXP 	text_3: autoDraw = False
347.0217 	EXP 	secondcircle: autoDraw = True
350.5049 	EXP 	secondcircle: autoDraw = False
351.3402 	DATA 	Keypress: right
351.3416 	EXP 	New trial (rep=0, index=13): OrderedDict([('firstTime', 1.8), ('secondTime', 2.7), ('corrAns', 'right'), ('plusStart', 2.3), ('secondStart', 3.3), ('respStart', 6.0), ('randNum', 0.8590765890000001)])
351.3549 	EXP 	firstcircle_3: autoDraw = False
351.3549 	EXP 	text_3: autoDraw = False
351.3549 	EXP 	secondcircle: autoDraw = False
351.3549 	EXP 	text_4: autoDraw = False
351.3549 	EXP 	text_4: autoDraw = True
351.8549 	EXP 	text_4: autoDraw = False
351.8716 	EXP 	firstcircle_3: autoDraw = True
353.6549 	EXP 	firstcircle_3: autoDraw = False
353.6716 	EXP 	text_3: autoDraw = True
354.6549 	EXP 	text_3: autoDraw = False
354.6715 	EXP 	secondcircle: autoDraw = True
357.3548 	EXP 	secondcircle: autoDraw = False
358.5235 	DATA 	Keypress: right
358.5249 	EXP 	New trial (rep=0, index=14): OrderedDict([('firstTime', 1.4), ('secondTime', 0.7), ('corrAns', 'left'), ('plusStart', 1.9), ('secondStart', 2.9), ('respStart', 3.6), ('randNum', 0.413030013)])
358.5382 	EXP 	firstcircle_3: autoDraw = False
358.5382 	EXP 	text_3: autoDraw = False
358.5382 	EXP 	secondcircle: autoDraw = False
358.5382 	EXP 	text_4: autoDraw = False
358.5382 	EXP 	text_4: autoDraw = True
359.0382 	EXP 	text_4: autoDraw = False
359.0548 	EXP 	firstcircle_3: autoDraw = True
360.4381 	EXP 	firstcircle_3: autoDraw = False
360.4548 	EXP 	text_3: autoDraw = True
361.4381 	EXP 	text_3: autoDraw = False
361.4548 	EXP 	secondcircle: autoDraw = True
362.1381 	EXP 	secondcircle: autoDraw = False
362.9744 	DATA 	Keypress: left
362.9898 	EXP 	New trial (rep=0, index=15): OrderedDict([('firstTime', 3.6), ('secondTime', 3.2), ('corrAns', 'left'), ('plusStart', 4.1), ('secondStart', 5.1), ('respStart', 8.3), ('randNum', 0.12198344800000001)])
363.0048 	EXP 	firstcircle_3: autoDraw = False
363.0048 	EXP 	text_3: autoDraw = False
363.0048 	EXP 	secondcircle: autoDraw = False
363.0048 	EXP 	text_4: autoDraw = False
363.0048 	EXP 	text_4: autoDraw = True
363.5048 	EXP 	text_4: autoDraw = False
363.5214 	EXP 	firstcircle_3: autoDraw = True
367.1047 	EXP 	firstcircle_3: autoDraw = False
367.1214 	EXP 	text_3: autoDraw = True
368.1048 	EXP 	text_3: autoDraw = False
368.1214 	EXP 	secondcircle: autoDraw = True
371.3047 	EXP 	secondcircle: autoDraw = False
373.1397 	DATA 	Keypress: left
373.1411 	EXP 	New trial (rep=0, index=16): OrderedDict([('firstTime', 4.4), ('secondTime', 3.3), ('corrAns', 'left'), ('plusStart', 4.9), ('secondStart', 5.9), ('respStart', 9.2), ('randNum', 0.7908218929999999)])
373.1547 	EXP 	firstcircle_3: autoDraw = False
373.1547 	EXP 	text_3: autoDraw = False
373.1547 	EXP 	secondcircle: autoDraw = False
373.1547 	EXP 	text_4: autoDraw = False
373.1547 	EXP 	text_4: autoDraw = True
373.6546 	EXP 	text_4: autoDraw = False
373.6713 	EXP 	firstcircle_3: autoDraw = True
378.0546 	EXP 	firstcircle_3: autoDraw = False
378.0712 	EXP 	text_3: autoDraw = True
379.0546 	EXP 	text_3: autoDraw = False
379.0712 	EXP 	secondcircle: autoDraw = True
382.3545 	EXP 	secondcircle: autoDraw = False
384.4564 	DATA 	Keypress: left
384.4577 	EXP 	New trial (rep=0, index=17): OrderedDict([('firstTime', 3.5), ('secondTime', 2.1), ('corrAns', 'left'), ('plusStart', 4.0), ('secondStart', 5.0), ('respStart', 7.1), ('randNum', 0.149007794)])
384.4711 	EXP 	firstcircle_3: autoDraw = False
384.4711 	EXP 	text_3: autoDraw = False
384.4711 	EXP 	secondcircle: autoDraw = False
384.4711 	EXP 	text_4: autoDraw = False
384.4711 	EXP 	text_4: autoDraw = True
384.9711 	EXP 	text_4: autoDraw = False
384.9879 	EXP 	firstcircle_3: autoDraw = True
388.4711 	EXP 	firstcircle_3: autoDraw = False
388.4878 	EXP 	text_3: autoDraw = True
389.4711 	EXP 	text_3: autoDraw = False
389.4877 	EXP 	secondcircle: autoDraw = True
391.5710 	EXP 	secondcircle: autoDraw = False
392.5564 	DATA 	Keypress: left
392.5577 	EXP 	New trial (rep=0, index=18): OrderedDict([('firstTime', 1.8), ('secondTime', 1.2), ('corrAns', 'left'), ('plusStart', 2.3), ('secondStart', 3.3), ('respStart', 4.5), ('randNum', 0.44825194799999996)])
392.5711 	EXP 	firstcircle_3: autoDraw = False
392.5711 	EXP 	text_3: autoDraw = False
392.5711 	EXP 	secondcircle: autoDraw = False
392.5711 	EXP 	text_4: autoDraw = False
392.5711 	EXP 	text_4: autoDraw = True
393.0710 	EXP 	text_4: autoDraw = False
393.0877 	EXP 	firstcircle_3: autoDraw = True
394.8710 	EXP 	firstcircle_3: autoDraw = False
394.8877 	EXP 	text_3: autoDraw = True
395.8710 	EXP 	text_3: autoDraw = False
395.8877 	EXP 	secondcircle: autoDraw = True
397.0710 	EXP 	secondcircle: autoDraw = False
398.3563 	DATA 	Keypress: left
398.3577 	EXP 	New trial (rep=0, index=19): OrderedDict([('firstTime', 0.9), ('secondTime', 1.8), ('corrAns', 'right'), ('plusStart', 1.4), ('secondStart', 2.4), ('respStart', 4.2), ('randNum', 0.35938568299999996)])
398.3710 	EXP 	firstcircle_3: autoDraw = False
398.3710 	EXP 	text_3: autoDraw = False
398.3710 	EXP 	secondcircle: autoDraw = False
398.3710 	EXP 	text_4: autoDraw = False
398.3710 	EXP 	text_4: autoDraw = True
398.8710 	EXP 	text_4: autoDraw = False
398.8876 	EXP 	firstcircle_3: autoDraw = True
399.7709 	EXP 	firstcircle_3: autoDraw = False
399.7876 	EXP 	text_3: autoDraw = True
400.7709 	EXP 	text_3: autoDraw = False
400.7876 	EXP 	secondcircle: autoDraw = True
402.5709 	EXP 	secondcircle: autoDraw = False
403.1561 	DATA 	Keypress: right
403.1709 	EXP 	firstcircle_3: autoDraw = False
403.1709 	EXP 	text_3: autoDraw = False
403.1709 	EXP 	secondcircle: autoDraw = False
403.1709 	EXP 	text_4: autoDraw = False
403.1709 	EXP 	text_6: autoDraw = True
422.4566 	DATA 	Keypress: space
422.4630 	EXP 	Imported conditionsTime3.csv as conditions, 20 conditions, 7 params
422.4634 	EXP 	Created sequence: sequential, trialTypes=20, nReps=1, seed=None
422.4638 	EXP 	New trial (rep=0, index=0): OrderedDict([('firstTime', 2.7), ('secondTime', 1.8), ('corrAns', 'left'), ('plusStart', 3.2), ('secondStart', 4.2), ('respStart', 6.0), ('randNum', 0.09224181599999999)])
422.4707 	EXP 	text_6: autoDraw = False
422.4707 	EXP 	text_4: autoDraw = True
422.9706 	EXP 	text_4: autoDraw = False
422.9873 	EXP 	firstcircle_3: autoDraw = True
425.6706 	EXP 	firstcircle_3: autoDraw = False
425.6873 	EXP 	text_3: autoDraw = True
426.6707 	EXP 	text_3: autoDraw = False
426.6872 	EXP 	secondcircle: autoDraw = True
428.4706 	EXP 	secondcircle: autoDraw = False
429.2391 	DATA 	Keypress: left
429.2407 	EXP 	New trial (rep=0, index=1): OrderedDict([('firstTime', 1.8), ('secondTime', 2.7), ('corrAns', 'right'), ('plusStart', 2.3), ('secondStart', 3.3), ('respStart', 6.0), ('randNum', 0.320860695)])
429.2539 	EXP 	firstcircle_3: autoDraw = False
429.2539 	EXP 	text_3: autoDraw = False
429.2539 	EXP 	secondcircle: autoDraw = False
429.2539 	EXP 	text_4: autoDraw = False
429.2539 	EXP 	text_4: autoDraw = True
429.7539 	EXP 	text_4: autoDraw = False
429.7705 	EXP 	firstcircle_3: autoDraw = True
431.5538 	EXP 	firstcircle_3: autoDraw = False
431.5705 	EXP 	text_3: autoDraw = True
432.5538 	EXP 	text_3: autoDraw = False
432.5705 	EXP 	secondcircle: autoDraw = True
435.2538 	EXP 	secondcircle: autoDraw = False
435.8058 	DATA 	Keypress: right
435.8072 	EXP 	New trial (rep=0, index=2): OrderedDict([('firstTime', 0.7), ('secondTime', 1.4), ('corrAns', 'right'), ('plusStart', 1.2), ('secondStart', 2.2), ('respStart', 3.6), ('randNum', 0.091696964)])
435.8205 	EXP 	firstcircle_3: autoDraw = False
435.8205 	EXP 	text_3: autoDraw = False
435.8205 	EXP 	secondcircle: autoDraw = False
435.8205 	EXP 	text_4: autoDraw = False
435.8205 	EXP 	text_4: autoDraw = True
436.3205 	EXP 	text_4: autoDraw = False
436.3371 	EXP 	firstcircle_3: autoDraw = True
437.0205 	EXP 	firstcircle_3: autoDraw = False
437.0371 	EXP 	text_3: autoDraw = True
438.0204 	EXP 	text_3: autoDraw = False
438.0371 	EXP 	secondcircle: autoDraw = True
439.4204 	EXP 	secondcircle: autoDraw = False
440.3390 	DATA 	Keypress: right
440.3404 	EXP 	New trial (rep=0, index=3): OrderedDict([('firstTime', 4.4), ('secondTime', 3.3), ('corrAns', 'left'), ('plusStart', 4.9), ('secondStart', 5.9), ('respStart', 9.2), ('randNum', 0.010112259)])
440.3538 	EXP 	firstcircle_3: autoDraw = False
440.3538 	EXP 	text_3: autoDraw = False
440.3538 	EXP 	secondcircle: autoDraw = False
440.3538 	EXP 	text_4: autoDraw = False
440.3538 	EXP 	text_4: autoDraw = True
440.8537 	EXP 	text_4: autoDraw = False
440.8704 	EXP 	firstcircle_3: autoDraw = True
445.2537 	EXP 	firstcircle_3: autoDraw = False
445.2703 	EXP 	text_3: autoDraw = True
446.2537 	EXP 	text_3: autoDraw = False
446.2703 	EXP 	secondcircle: autoDraw = True
449.5536 	EXP 	secondcircle: autoDraw = False
451.5053 	DATA 	Keypress: left
451.5067 	EXP 	New trial (rep=0, index=4): OrderedDict([('firstTime', 0.9), ('secondTime', 1.8), ('corrAns', 'right'), ('plusStart', 1.4), ('secondStart', 2.4), ('respStart', 4.2), ('randNum', 0.877480265)])
451.5203 	EXP 	firstcircle_3: autoDraw = False
451.5203 	EXP 	text_3: autoDraw = False
451.5203 	EXP 	secondcircle: autoDraw = False
451.5203 	EXP 	text_4: autoDraw = False
451.5203 	EXP 	text_4: autoDraw = True
452.0202 	EXP 	text_4: autoDraw = False
452.0369 	EXP 	firstcircle_3: autoDraw = True
452.9202 	EXP 	firstcircle_3: autoDraw = False
452.9369 	EXP 	text_3: autoDraw = True
453.9202 	EXP 	text_3: autoDraw = False
453.9369 	EXP 	secondcircle: autoDraw = True
455.7202 	EXP 	secondcircle: autoDraw = False
456.2886 	DATA 	Keypress: right
456.2901 	EXP 	New trial (rep=0, index=5): OrderedDict([('firstTime', 1.8), ('secondTime', 0.9), ('corrAns', 'left'), ('plusStart', 2.3), ('secondStart', 3.3), ('respStart', 4.2), ('randNum', 0.74232345)])
456.3035 	EXP 	firstcircle_3: autoDraw = False
456.3035 	EXP 	text_3: autoDraw = False
456.3035 	EXP 	secondcircle: autoDraw = False
456.3035 	EXP 	text_4: autoDraw = False
456.3035 	EXP 	text_4: autoDraw = True
456.8035 	EXP 	text_4: autoDraw = False
456.8202 	EXP 	firstcircle_3: autoDraw = True
458.6035 	EXP 	firstcircle_3: autoDraw = False
458.6201 	EXP 	text_3: autoDraw = True
459.6035 	EXP 	text_3: autoDraw = False
459.6202 	EXP 	secondcircle: autoDraw = True
460.5034 	EXP 	secondcircle: autoDraw = False
461.5055 	DATA 	Keypress: left
461.5069 	EXP 	New trial (rep=0, index=6): OrderedDict([('firstTime', 1.8), ('secondTime', 1.2), ('corrAns', 'left'), ('plusStart', 2.3), ('secondStart', 3.3), ('respStart', 4.5), ('randNum', 0.307053849)])
461.5201 	EXP 	firstcircle_3: autoDraw = False
461.5201 	EXP 	text_3: autoDraw = False
461.5201 	EXP 	secondcircle: autoDraw = False
461.5201 	EXP 	text_4: autoDraw = False
461.5201 	EXP 	text_4: autoDraw = True
462.0201 	EXP 	text_4: autoDraw = False
462.0368 	EXP 	firstcircle_3: autoDraw = True
463.8201 	EXP 	firstcircle_3: autoDraw = False
463.8367 	EXP 	text_3: autoDraw = True
464.8201 	EXP 	text_3: autoDraw = False
464.8367 	EXP 	secondcircle: autoDraw = True
466.0201 	EXP 	secondcircle: autoDraw = False
467.0887 	DATA 	Keypress: left
467.0900 	EXP 	New trial (rep=0, index=7): OrderedDict([('firstTime', 3.6), ('secondTime', 3.2), ('corrAns', 'left'), ('plusStart', 4.1), ('secondStart', 5.1), ('respStart', 8.3), ('randNum', 0.331236492)])
467.1034 	EXP 	firstcircle_3: autoDraw = False
467.1034 	EXP 	text_3: autoDraw = False
467.1034 	EXP 	secondcircle: autoDraw = False
467.1034 	EXP 	text_4: autoDraw = False
467.1034 	EXP 	text_4: autoDraw = True
467.6034 	EXP 	text_4: autoDraw = False
467.6200 	EXP 	firstcircle_3: autoDraw = True
471.2033 	EXP 	firstcircle_3: autoDraw = False
471.2200 	EXP 	text_3: autoDraw = True
472.2033 	EXP 	text_3: autoDraw = False
472.2200 	EXP 	secondcircle: autoDraw = True
475.4033 	EXP 	secondcircle: autoDraw = False
476.5550 	DATA 	Keypress: right
476.5563 	EXP 	New trial (rep=0, index=8): OrderedDict([('firstTime', 2.5), ('secondTime', 1.5), ('corrAns', 'left'), ('plusStart', 3.0), ('secondStart', 4.0), ('respStart', 5.5), ('randNum', 0.778562476)])
476.5699 	EXP 	firstcircle_3: autoDraw = False
476.5699 	EXP 	text_3: autoDraw = False
476.5699 	EXP 	secondcircle: autoDraw = False
476.5699 	EXP 	text_4: autoDraw = False
476.5699 	EXP 	text_4: autoDraw = True
477.0699 	EXP 	text_4: autoDraw = False
477.0866 	EXP 	firstcircle_3: autoDraw = True
479.5699 	EXP 	firstcircle_3: autoDraw = False
479.5865 	EXP 	text_3: autoDraw = True
480.5699 	EXP 	text_3: autoDraw = False
480.5865 	EXP 	secondcircle: autoDraw = True
482.0698 	EXP 	secondcircle: autoDraw = False
482.8219 	DATA 	Keypress: left
482.8234 	EXP 	New trial (rep=0, index=9): OrderedDict([('firstTime', 1.2), ('secondTime', 1.8), ('corrAns', 'right'), ('plusStart', 1.7), ('secondStart', 2.7), ('respStart', 4.5), ('randNum', 0.18131893100000002)])
482.8365 	EXP 	firstcircle_3: autoDraw = False
482.8365 	EXP 	text_3: autoDraw = False
482.8365 	EXP 	secondcircle: autoDraw = False
482.8365 	EXP 	text_4: autoDraw = False
482.8365 	EXP 	text_4: autoDraw = True
483.3365 	EXP 	text_4: autoDraw = False
483.3531 	EXP 	firstcircle_3: autoDraw = True
484.5365 	EXP 	firstcircle_3: autoDraw = False
484.5531 	EXP 	text_3: autoDraw = True
485.5364 	EXP 	text_3: autoDraw = False
485.5531 	EXP 	secondcircle: autoDraw = True
487.3364 	EXP 	secondcircle: autoDraw = False
488.7218 	DATA 	Keypress: right
488.7232 	EXP 	New trial (rep=0, index=10): OrderedDict([('firstTime', 2.8), ('secondTime', 2.1), ('corrAns', 'left'), ('plusStart', 3.3), ('secondStart', 4.3), ('respStart', 6.4), ('randNum', 0.897215002)])
488.7364 	EXP 	firstcircle_3: autoDraw = False
488.7364 	EXP 	text_3: autoDraw = False
488.7364 	EXP 	secondcircle: autoDraw = False
488.7364 	EXP 	text_4: autoDraw = False
488.7364 	EXP 	text_4: autoDraw = True
489.2364 	EXP 	text_4: autoDraw = False
489.2531 	EXP 	firstcircle_3: autoDraw = True
492.0364 	EXP 	firstcircle_3: autoDraw = False
492.0530 	EXP 	text_3: autoDraw = True
493.0364 	EXP 	text_3: autoDraw = False
493.0530 	EXP 	secondcircle: autoDraw = True
495.1363 	EXP 	secondcircle: autoDraw = False
495.9549 	DATA 	Keypress: left
495.9563 	EXP 	New trial (rep=0, index=11): OrderedDict([('firstTime', 2.1), ('secondTime', 2.8), ('corrAns', 'right'), ('plusStart', 2.6), ('secondStart', 3.6), ('respStart', 6.4), ('randNum', 0.734438325)])
495.9697 	EXP 	firstcircle_3: autoDraw = False
495.9697 	EXP 	text_3: autoDraw = False
495.9697 	EXP 	secondcircle: autoDraw = False
495.9697 	EXP 	text_4: autoDraw = False
495.9697 	EXP 	text_4: autoDraw = True
496.4696 	EXP 	text_4: autoDraw = False
496.4863 	EXP 	firstcircle_3: autoDraw = True
498.5696 	EXP 	firstcircle_3: autoDraw = False
498.5863 	EXP 	text_3: autoDraw = True
499.5696 	EXP 	text_3: autoDraw = False
499.5863 	EXP 	secondcircle: autoDraw = True
502.3696 	EXP 	secondcircle: autoDraw = False
503.6713 	DATA 	Keypress: right
503.6728 	EXP 	New trial (rep=0, index=12): OrderedDict([('firstTime', 3.2), ('secondTime', 3.6), ('corrAns', 'right'), ('plusStart', 3.7), ('secondStart', 4.7), ('respStart', 8.3), ('randNum', 0.716372322)])
503.6862 	EXP 	firstcircle_3: autoDraw = False
503.6862 	EXP 	text_3: autoDraw = False
503.6862 	EXP 	secondcircle: autoDraw = False
503.6862 	EXP 	text_4: autoDraw = False
503.6862 	EXP 	text_4: autoDraw = True
504.1862 	EXP 	text_4: autoDraw = False
504.2029 	EXP 	firstcircle_3: autoDraw = True
507.3861 	EXP 	firstcircle_3: autoDraw = False
507.4029 	EXP 	text_3: autoDraw = True
508.3861 	EXP 	text_3: autoDraw = False
508.4028 	EXP 	secondcircle: autoDraw = True
511.9861 	EXP 	secondcircle: autoDraw = False
512.6048 	DATA 	Keypress: left
512.6063 	EXP 	New trial (rep=0, index=13): OrderedDict([('firstTime', 2.1), ('secondTime', 3.5), ('corrAns', 'right'), ('plusStart', 2.6), ('secondStart', 3.6), ('respStart', 7.1), ('randNum', 0.2797458)])
512.6195 	EXP 	firstcircle_3: autoDraw = False
512.6195 	EXP 	text_3: autoDraw = False
512.6195 	EXP 	secondcircle: autoDraw = False
512.6195 	EXP 	text_4: autoDraw = False
512.6195 	EXP 	text_4: autoDraw = True
513.1194 	EXP 	text_4: autoDraw = False
513.1361 	EXP 	firstcircle_3: autoDraw = True
515.2194 	EXP 	firstcircle_3: autoDraw = False
515.2360 	EXP 	text_3: autoDraw = True
516.2194 	EXP 	text_3: autoDraw = False
516.2360 	EXP 	secondcircle: autoDraw = True
519.7193 	EXP 	secondcircle: autoDraw = False
520.1714 	DATA 	Keypress: right
520.1729 	EXP 	New trial (rep=0, index=14): OrderedDict([('firstTime', 1.4), ('secondTime', 0.7), ('corrAns', 'left'), ('plusStart', 1.9), ('secondStart', 2.9), ('respStart', 3.6), ('randNum', 0.038284202)])
520.1860 	EXP 	firstcircle_3: autoDraw = False
520.1860 	EXP 	text_3: autoDraw = False
520.1860 	EXP 	secondcircle: autoDraw = False
520.1860 	EXP 	text_4: autoDraw = False
520.1860 	EXP 	text_4: autoDraw = True
520.6860 	EXP 	text_4: autoDraw = False
520.7026 	EXP 	firstcircle_3: autoDraw = True
522.0860 	EXP 	firstcircle_3: autoDraw = False
522.1026 	EXP 	text_3: autoDraw = True
523.0859 	EXP 	text_3: autoDraw = False
523.1026 	EXP 	secondcircle: autoDraw = True
523.7859 	EXP 	secondcircle: autoDraw = False
524.4880 	DATA 	Keypress: left
524.4894 	EXP 	New trial (rep=0, index=15): OrderedDict([('firstTime', 9.9), ('secondTime', 8.8), ('corrAns', 'left'), ('plusStart', 10.4), ('secondStart', 11.4), ('respStart', 20.2), ('randNum', 0.656448526)])
524.5026 	EXP 	firstcircle_3: autoDraw = False
524.5026 	EXP 	text_3: autoDraw = False
524.5026 	EXP 	secondcircle: autoDraw = False
524.5026 	EXP 	text_4: autoDraw = False
524.5026 	EXP 	text_4: autoDraw = True
525.0026 	EXP 	text_4: autoDraw = False
525.0193 	EXP 	firstcircle_3: autoDraw = True
534.9025 	EXP 	firstcircle_3: autoDraw = False
534.9191 	EXP 	text_3: autoDraw = True
535.9024 	EXP 	text_3: autoDraw = False
535.9191 	EXP 	secondcircle: autoDraw = True
544.7023 	EXP 	secondcircle: autoDraw = False
546.3876 	DATA 	Keypress: left
546.3890 	EXP 	New trial (rep=0, index=16): OrderedDict([('firstTime', 3.5), ('secondTime', 2.1), ('corrAns', 'left'), ('plusStart', 4.0), ('secondStart', 5.0), ('respStart', 7.1), ('randNum', 0.25078508899999996)])
546.4023 	EXP 	firstcircle_3: autoDraw = False
546.4023 	EXP 	text_3: autoDraw = False
546.4023 	EXP 	secondcircle: autoDraw = False
546.4023 	EXP 	text_4: autoDraw = False
546.4023 	EXP 	text_4: autoDraw = True
546.9023 	EXP 	text_4: autoDraw = False
546.9190 	EXP 	firstcircle_3: autoDraw = True
550.4022 	EXP 	firstcircle_3: autoDraw = False
550.4189 	EXP 	text_3: autoDraw = True
551.4022 	EXP 	text_3: autoDraw = False
551.4189 	EXP 	secondcircle: autoDraw = True
553.5022 	EXP 	secondcircle: autoDraw = False
554.4210 	DATA 	Keypress: left
554.4223 	EXP 	New trial (rep=0, index=17): OrderedDict([('firstTime', 8.8), ('secondTime', 9.9), ('corrAns', 'right'), ('plusStart', 9.3), ('secondStart', 10.3), ('respStart', 20.2), ('randNum', 0.055985873)])
554.4355 	EXP 	firstcircle_3: autoDraw = False
554.4355 	EXP 	text_3: autoDraw = False
554.4355 	EXP 	secondcircle: autoDraw = False
554.4355 	EXP 	text_4: autoDraw = False
554.4355 	EXP 	text_4: autoDraw = True
554.9355 	EXP 	text_4: autoDraw = False
554.9522 	EXP 	firstcircle_3: autoDraw = True
563.7354 	EXP 	firstcircle_3: autoDraw = False
563.7521 	EXP 	text_3: autoDraw = True
564.7354 	EXP 	text_3: autoDraw = False
564.7520 	EXP 	secondcircle: autoDraw = True
574.6352 	EXP 	secondcircle: autoDraw = False
575.6373 	DATA 	Keypress: down
576.8206 	DATA 	Keypress: right
576.8220 	EXP 	New trial (rep=0, index=18): OrderedDict([('firstTime', 1.5), ('secondTime', 2.5), ('corrAns', 'right'), ('plusStart', 2.0), ('secondStart', 3.0), ('respStart', 5.5), ('randNum', 0.279030548)])
576.8352 	EXP 	firstcircle_3: autoDraw = False
576.8352 	EXP 	text_3: autoDraw = False
576.8352 	EXP 	secondcircle: autoDraw = False
576.8352 	EXP 	text_4: autoDraw = False
576.8352 	EXP 	text_4: autoDraw = True
577.3353 	EXP 	text_4: autoDraw = False
577.3519 	EXP 	firstcircle_3: autoDraw = True
578.8353 	EXP 	firstcircle_3: autoDraw = False
578.8518 	EXP 	text_3: autoDraw = True
579.8352 	EXP 	text_3: autoDraw = False
579.8518 	EXP 	secondcircle: autoDraw = True
582.3351 	EXP 	secondcircle: autoDraw = False
583.3371 	DATA 	Keypress: right
583.3385 	EXP 	New trial (rep=0, index=19): OrderedDict([('firstTime', 3.3), ('secondTime', 4.4), ('corrAns', 'right'), ('plusStart', 3.8), ('secondStart', 4.8), ('respStart', 9.2), ('randNum', 0.6214470879999999)])
583.3518 	EXP 	firstcircle_3: autoDraw = False
583.3518 	EXP 	text_3: autoDraw = False
583.3518 	EXP 	secondcircle: autoDraw = False
583.3518 	EXP 	text_4: autoDraw = False
583.3518 	EXP 	text_4: autoDraw = True
583.8518 	EXP 	text_4: autoDraw = False
583.8685 	EXP 	firstcircle_3: autoDraw = True
587.1517 	EXP 	firstcircle_3: autoDraw = False
587.1684 	EXP 	text_3: autoDraw = True
588.1517 	EXP 	text_3: autoDraw = False
588.1684 	EXP 	secondcircle: autoDraw = True
592.5517 	EXP 	secondcircle: autoDraw = False
593.5203 	DATA 	Keypress: right
593.5350 	EXP 	firstcircle_3: autoDraw = False
593.5350 	EXP 	text_3: autoDraw = False
593.5350 	EXP 	secondcircle: autoDraw = False
593.5350 	EXP 	text_4: autoDraw = False
593.5350 	EXP 	text_7: autoDraw = True
603.9040 	DATA 	Keypress: space
603.9096 	EXP 	Imported conditionsTime4.csv as conditions, 20 conditions, 7 params
603.9099 	EXP 	Created sequence: sequential, trialTypes=20, nReps=1, seed=None
603.9103 	EXP 	New trial (rep=0, index=0): OrderedDict([('firstTime', 2.5), ('secondTime', 1.5), ('corrAns', 'left'), ('plusStart', 3.0), ('secondStart', 4.0), ('respStart', 5.5), ('randNum', 0.9526453340000001)])
603.9182 	EXP 	text_7: autoDraw = False
603.9182 	EXP 	text_4: autoDraw = True
604.4182 	EXP 	text_4: autoDraw = False
604.4349 	EXP 	firstcircle_3: autoDraw = True
606.9181 	EXP 	firstcircle_3: autoDraw = False
606.9348 	EXP 	text_3: autoDraw = True
607.9182 	EXP 	text_3: autoDraw = False
607.9348 	EXP 	secondcircle: autoDraw = True
609.4181 	EXP 	secondcircle: autoDraw = False
610.2032 	DATA 	Keypress: left
610.2048 	EXP 	New trial (rep=0, index=1): OrderedDict([('firstTime', 2.8), ('secondTime', 2.1), ('corrAns', 'left'), ('plusStart', 3.3), ('secondStart', 4.3), ('respStart', 6.4), ('randNum', 0.962497787)])
610.2181 	EXP 	firstcircle_3: autoDraw = False
610.2181 	EXP 	text_3: autoDraw = False
610.2181 	EXP 	secondcircle: autoDraw = False
610.2181 	EXP 	text_4: autoDraw = False
610.2181 	EXP 	text_4: autoDraw = True
610.7181 	EXP 	text_4: autoDraw = False
610.7348 	EXP 	firstcircle_3: autoDraw = True
613.5181 	EXP 	firstcircle_3: autoDraw = False
613.5347 	EXP 	text_3: autoDraw = True
614.5180 	EXP 	text_3: autoDraw = False
614.5347 	EXP 	secondcircle: autoDraw = True
616.6180 	EXP 	secondcircle: autoDraw = False
617.6033 	DATA 	Keypress: right
617.6047 	EXP 	New trial (rep=0, index=2): OrderedDict([('firstTime', 2.7), ('secondTime', 1.8), ('corrAns', 'left'), ('plusStart', 3.2), ('secondStart', 4.2), ('respStart', 6.0), ('randNum', 0.06690605599999999)])
617.6180 	EXP 	firstcircle_3: autoDraw = False
617.6180 	EXP 	text_3: autoDraw = False
617.6180 	EXP 	secondcircle: autoDraw = False
617.6180 	EXP 	text_4: autoDraw = False
617.6180 	EXP 	text_4: autoDraw = True
618.1180 	EXP 	text_4: autoDraw = False
618.1347 	EXP 	firstcircle_3: autoDraw = True
620.8180 	EXP 	firstcircle_3: autoDraw = False
620.8346 	EXP 	text_3: autoDraw = True
621.8179 	EXP 	text_3: autoDraw = False
621.8346 	EXP 	secondcircle: autoDraw = True
623.6179 	EXP 	secondcircle: autoDraw = False
625.2031 	DATA 	Keypress: left
625.2045 	EXP 	New trial (rep=0, index=3): OrderedDict([('firstTime', 8.8), ('secondTime', 9.9), ('corrAns', 'right'), ('plusStart', 9.3), ('secondStart', 10.3), ('respStart', 20.2), ('randNum', 0.09555333099999999)])
625.2179 	EXP 	firstcircle_3: autoDraw = False
625.2179 	EXP 	text_3: autoDraw = False
625.2179 	EXP 	secondcircle: autoDraw = False
625.2179 	EXP 	text_4: autoDraw = False
625.2179 	EXP 	text_4: autoDraw = True
625.7179 	EXP 	text_4: autoDraw = False
625.7345 	EXP 	firstcircle_3: autoDraw = True
634.5178 	EXP 	firstcircle_3: autoDraw = False
634.5344 	EXP 	text_3: autoDraw = True
635.5178 	EXP 	text_3: autoDraw = False
635.5344 	EXP 	secondcircle: autoDraw = True
645.4176 	EXP 	secondcircle: autoDraw = False
646.3694 	DATA 	Keypress: right
646.3707 	EXP 	New trial (rep=0, index=4): OrderedDict([('firstTime', 1.8), ('secondTime', 2.7), ('corrAns', 'right'), ('plusStart', 2.3), ('secondStart', 3.3), ('respStart', 6.0), ('randNum', 0.559320406)])
646.3843 	EXP 	firstcircle_3: autoDraw = False
646.3843 	EXP 	text_3: autoDraw = False
646.3843 	EXP 	secondcircle: autoDraw = False
646.3843 	EXP 	text_4: autoDraw = False
646.3843 	EXP 	text_4: autoDraw = True
646.8843 	EXP 	text_4: autoDraw = False
646.9009 	EXP 	firstcircle_3: autoDraw = True
648.6842 	EXP 	firstcircle_3: autoDraw = False
648.7009 	EXP 	text_3: autoDraw = True
649.6842 	EXP 	text_3: autoDraw = False
649.7009 	EXP 	secondcircle: autoDraw = True
652.3842 	EXP 	secondcircle: autoDraw = False
653.3194 	DATA 	Keypress: right
653.3208 	EXP 	New trial (rep=0, index=5): OrderedDict([('firstTime', 3.5), ('secondTime', 2.1), ('corrAns', 'left'), ('plusStart', 4.0), ('secondStart', 5.0), ('respStart', 7.1), ('randNum', 0.885130943)])
653.3342 	EXP 	firstcircle_3: autoDraw = False
653.3342 	EXP 	text_3: autoDraw = False
653.3342 	EXP 	secondcircle: autoDraw = False
653.3342 	EXP 	text_4: autoDraw = False
653.3342 	EXP 	text_4: autoDraw = True
653.4528 	DATA 	Keypress: right
653.8342 	EXP 	text_4: autoDraw = False
653.8508 	EXP 	firstcircle_3: autoDraw = True
657.3342 	EXP 	firstcircle_3: autoDraw = False
657.3508 	EXP 	text_3: autoDraw = True
658.3341 	EXP 	text_3: autoDraw = False
658.3508 	EXP 	secondcircle: autoDraw = True
660.4341 	EXP 	secondcircle: autoDraw = False
661.2528 	DATA 	Keypress: left
661.2542 	EXP 	New trial (rep=0, index=6): OrderedDict([('firstTime', 2.1), ('secondTime', 2.8), ('corrAns', 'right'), ('plusStart', 2.6), ('secondStart', 3.6), ('respStart', 6.4), ('randNum', 0.7843272990000001)])
661.2674 	EXP 	firstcircle_3: autoDraw = False
661.2674 	EXP 	text_3: autoDraw = False
661.2674 	EXP 	secondcircle: autoDraw = False
661.2674 	EXP 	text_4: autoDraw = False
661.2674 	EXP 	text_4: autoDraw = True
661.7674 	EXP 	text_4: autoDraw = False
661.7841 	EXP 	firstcircle_3: autoDraw = True
663.8674 	EXP 	firstcircle_3: autoDraw = False
663.8840 	EXP 	text_3: autoDraw = True
664.8674 	EXP 	text_3: autoDraw = False
664.8840 	EXP 	secondcircle: autoDraw = True
667.6673 	EXP 	secondcircle: autoDraw = False
668.5526 	DATA 	Keypress: right
668.5540 	EXP 	New trial (rep=0, index=7): OrderedDict([('firstTime', 4.4), ('secondTime', 3.3), ('corrAns', 'left'), ('plusStart', 4.9), ('secondStart', 5.9), ('respStart', 9.2), ('randNum', 0.594355042)])
668.5673 	EXP 	firstcircle_3: autoDraw = False
668.5673 	EXP 	text_3: autoDraw = False
668.5673 	EXP 	secondcircle: autoDraw = False
668.5673 	EXP 	text_4: autoDraw = False
668.5673 	EXP 	text_4: autoDraw = True
669.0673 	EXP 	text_4: autoDraw = False
669.0840 	EXP 	firstcircle_3: autoDraw = True
673.4672 	EXP 	firstcircle_3: autoDraw = False
673.4839 	EXP 	text_3: autoDraw = True
674.4672 	EXP 	text_3: autoDraw = False
674.4839 	EXP 	secondcircle: autoDraw = True
677.7672 	EXP 	secondcircle: autoDraw = False
682.0363 	DATA 	Keypress: left
682.0377 	EXP 	New trial (rep=0, index=8): OrderedDict([('firstTime', 0.9), ('secondTime', 1.8), ('corrAns', 'right'), ('plusStart', 1.4), ('secondStart', 2.4), ('respStart', 4.2), ('randNum', 0.39760777399999997)])
682.0505 	EXP 	firstcircle_3: autoDraw = False
682.0505 	EXP 	text_3: autoDraw = False
682.0505 	EXP 	secondcircle: autoDraw = False
682.0505 	EXP 	text_4: autoDraw = False
682.0505 	EXP 	text_4: autoDraw = True
682.5505 	EXP 	text_4: autoDraw = False
682.5671 	EXP 	firstcircle_3: autoDraw = True
683.4504 	EXP 	firstcircle_3: autoDraw = False
683.4671 	EXP 	text_3: autoDraw = True
684.4504 	EXP 	text_3: autoDraw = False
684.4671 	EXP 	secondcircle: autoDraw = True
686.2504 	EXP 	secondcircle: autoDraw = False
688.1857 	DATA 	Keypress: right
688.1870 	EXP 	New trial (rep=0, index=9): OrderedDict([('firstTime', 3.6), ('secondTime', 3.2), ('corrAns', 'left'), ('plusStart', 4.1), ('secondStart', 5.1), ('respStart', 8.3), ('randNum', 0.454525661)])
688.2004 	EXP 	firstcircle_3: autoDraw = False
688.2004 	EXP 	text_3: autoDraw = False
688.2004 	EXP 	secondcircle: autoDraw = False
688.2004 	EXP 	text_4: autoDraw = False
688.2004 	EXP 	text_4: autoDraw = True
688.7004 	EXP 	text_4: autoDraw = False
688.7170 	EXP 	firstcircle_3: autoDraw = True
692.3003 	EXP 	firstcircle_3: autoDraw = False
692.3170 	EXP 	text_3: autoDraw = True
693.3003 	EXP 	text_3: autoDraw = False
693.3170 	EXP 	secondcircle: autoDraw = True
696.5003 	EXP 	secondcircle: autoDraw = False
697.6023 	DATA 	Keypress: left
697.6037 	EXP 	New trial (rep=0, index=10): OrderedDict([('firstTime', 9.9), ('secondTime', 8.8), ('corrAns', 'left'), ('plusStart', 10.4), ('secondStart', 11.4), ('respStart', 20.2), ('randNum', 0.335173919)])
697.6170 	EXP 	firstcircle_3: autoDraw = False
697.6170 	EXP 	text_3: autoDraw = False
697.6170 	EXP 	secondcircle: autoDraw = False
697.6170 	EXP 	text_4: autoDraw = False
697.6170 	EXP 	text_4: autoDraw = True
698.1169 	EXP 	text_4: autoDraw = False
698.1336 	EXP 	firstcircle_3: autoDraw = True
708.0168 	EXP 	firstcircle_3: autoDraw = False
708.0334 	EXP 	text_3: autoDraw = True
709.0168 	EXP 	text_3: autoDraw = False
709.0334 	EXP 	secondcircle: autoDraw = True
717.8166 	EXP 	secondcircle: autoDraw = False
719.5852 	DATA 	Keypress: left
719.5865 	EXP 	New trial (rep=0, index=11): OrderedDict([('firstTime', 1.8), ('secondTime', 1.2), ('corrAns', 'left'), ('plusStart', 2.3), ('secondStart', 3.3), ('respStart', 4.5), ('randNum', 0.050156068)])
719.6000 	EXP 	firstcircle_3: autoDraw = False
719.6000 	EXP 	text_3: autoDraw = False
719.6000 	EXP 	secondcircle: autoDraw = False
719.6000 	EXP 	text_4: autoDraw = False
719.6000 	EXP 	text_4: autoDraw = True
720.0999 	EXP 	text_4: autoDraw = False
720.1166 	EXP 	firstcircle_3: autoDraw = True
721.8999 	EXP 	firstcircle_3: autoDraw = False
721.9166 	EXP 	text_3: autoDraw = True
722.8999 	EXP 	text_3: autoDraw = False
722.9166 	EXP 	secondcircle: autoDraw = True
724.0999 	EXP 	secondcircle: autoDraw = False
724.8352 	DATA 	Keypress: left
724.8366 	EXP 	New trial (rep=0, index=12): OrderedDict([('firstTime', 2.1), ('secondTime', 3.5), ('corrAns', 'right'), ('plusStart', 2.6), ('secondStart', 3.6), ('respStart', 7.1), ('randNum', 0.553210354)])
724.8499 	EXP 	firstcircle_3: autoDraw = False
724.8499 	EXP 	text_3: autoDraw = False
724.8499 	EXP 	secondcircle: autoDraw = False
724.8499 	EXP 	text_4: autoDraw = False
724.8499 	EXP 	text_4: autoDraw = True
725.3500 	EXP 	text_4: autoDraw = False
725.3666 	EXP 	firstcircle_3: autoDraw = True
727.4499 	EXP 	firstcircle_3: autoDraw = False
727.4665 	EXP 	text_3: autoDraw = True
728.4498 	EXP 	text_3: autoDraw = False
728.4665 	EXP 	secondcircle: autoDraw = True
731.9498 	EXP 	secondcircle: autoDraw = False
732.3517 	DATA 	Keypress: right
732.3531 	EXP 	New trial (rep=0, index=13): OrderedDict([('firstTime', 3.2), ('secondTime', 3.6), ('corrAns', 'right'), ('plusStart', 3.7), ('secondStart', 4.7), ('respStart', 8.3), ('randNum', 0.062598668)])
732.3664 	EXP 	firstcircle_3: autoDraw = False
732.3664 	EXP 	text_3: autoDraw = False
732.3664 	EXP 	secondcircle: autoDraw = False
732.3664 	EXP 	text_4: autoDraw = False
732.3664 	EXP 	text_4: autoDraw = True
732.8664 	EXP 	text_4: autoDraw = False
732.8831 	EXP 	firstcircle_3: autoDraw = True
736.0664 	EXP 	firstcircle_3: autoDraw = False
736.0831 	EXP 	text_3: autoDraw = True
737.0664 	EXP 	text_3: autoDraw = False
737.0831 	EXP 	secondcircle: autoDraw = True
740.6663 	EXP 	secondcircle: autoDraw = False
741.7017 	DATA 	Keypress: right
741.7030 	EXP 	New trial (rep=0, index=14): OrderedDict([('firstTime', 1.5), ('secondTime', 2.5), ('corrAns', 'right'), ('plusStart', 2.0), ('secondStart', 3.0), ('respStart', 5.5), ('randNum', 0.851613693)])
741.7163 	EXP 	firstcircle_3: autoDraw = False
741.7163 	EXP 	text_3: autoDraw = False
741.7163 	EXP 	secondcircle: autoDraw = False
741.7163 	EXP 	text_4: autoDraw = False
741.7163 	EXP 	text_4: autoDraw = True
742.2163 	EXP 	text_4: autoDraw = False
742.2330 	EXP 	firstcircle_3: autoDraw = True
743.7163 	EXP 	firstcircle_3: autoDraw = False
743.7330 	EXP 	text_3: autoDraw = True
744.7163 	EXP 	text_3: autoDraw = False
744.7329 	EXP 	secondcircle: autoDraw = True
747.2162 	EXP 	secondcircle: autoDraw = False
747.9516 	DATA 	Keypress: right
747.9530 	EXP 	New trial (rep=0, index=15): OrderedDict([('firstTime', 1.2), ('secondTime', 1.8), ('corrAns', 'right'), ('plusStart', 1.7), ('secondStart', 2.7), ('respStart', 4.5), ('randNum', 0.9561071459999999)])
747.9662 	EXP 	firstcircle_3: autoDraw = False
747.9662 	EXP 	text_3: autoDraw = False
747.9662 	EXP 	secondcircle: autoDraw = False
747.9662 	EXP 	text_4: autoDraw = False
747.9662 	EXP 	text_4: autoDraw = True
748.4662 	EXP 	text_4: autoDraw = False
748.4829 	EXP 	firstcircle_3: autoDraw = True
749.6662 	EXP 	firstcircle_3: autoDraw = False
749.6829 	EXP 	text_3: autoDraw = True
750.6662 	EXP 	text_3: autoDraw = False
750.6829 	EXP 	secondcircle: autoDraw = True
752.4662 	EXP 	secondcircle: autoDraw = False
753.6013 	DATA 	Keypress: right
753.6027 	EXP 	New trial (rep=0, index=16): OrderedDict([('firstTime', 3.3), ('secondTime', 4.4), ('corrAns', 'right'), ('plusStart', 3.8), ('secondStart', 4.8), ('respStart', 9.2), ('randNum', 0.25372748300000003)])
753.6163 	EXP 	firstcircle_3: autoDraw = False
753.6163 	EXP 	text_3: autoDraw = False
753.6163 	EXP 	secondcircle: autoDraw = False
753.6163 	EXP 	text_4: autoDraw = False
753.6163 	EXP 	text_4: autoDraw = True
754.1162 	EXP 	text_4: autoDraw = False
754.1328 	EXP 	firstcircle_3: autoDraw = True
757.4161 	EXP 	firstcircle_3: autoDraw = False
757.4328 	EXP 	text_3: autoDraw = True
758.4161 	EXP 	text_3: autoDraw = False
758.4328 	EXP 	secondcircle: autoDraw = True
762.8160 	EXP 	secondcircle: autoDraw = False
763.4691 	DATA 	Keypress: right
763.4844 	EXP 	New trial (rep=0, index=17): OrderedDict([('firstTime', 1.8), ('secondTime', 0.9), ('corrAns', 'left'), ('plusStart', 2.3), ('secondStart', 3.3), ('respStart', 4.2), ('randNum', 0.328250033)])
763.4994 	EXP 	firstcircle_3: autoDraw = False
763.4994 	EXP 	text_3: autoDraw = False
763.4994 	EXP 	secondcircle: autoDraw = False
763.4994 	EXP 	text_4: autoDraw = False
763.4994 	EXP 	text_4: autoDraw = True
763.9994 	EXP 	text_4: autoDraw = False
764.0160 	EXP 	firstcircle_3: autoDraw = True
765.7993 	EXP 	firstcircle_3: autoDraw = False
765.8160 	EXP 	text_3: autoDraw = True
766.7993 	EXP 	text_3: autoDraw = False
766.8160 	EXP 	secondcircle: autoDraw = True
767.6993 	EXP 	secondcircle: autoDraw = False
768.9679 	DATA 	Keypress: left
768.9693 	EXP 	New trial (rep=0, index=18): OrderedDict([('firstTime', 1.4), ('secondTime', 0.7), ('corrAns', 'left'), ('plusStart', 1.9), ('secondStart', 2.9), ('respStart', 3.6), ('randNum', 0.26139814899999997)])
768.9826 	EXP 	firstcircle_3: autoDraw = False
768.9826 	EXP 	text_3: autoDraw = False
768.9826 	EXP 	secondcircle: autoDraw = False
768.9826 	EXP 	text_4: autoDraw = False
768.9826 	EXP 	text_4: autoDraw = True
769.4826 	EXP 	text_4: autoDraw = False
769.4993 	EXP 	firstcircle_3: autoDraw = True
770.8826 	EXP 	firstcircle_3: autoDraw = False
770.8993 	EXP 	text_3: autoDraw = True
771.8826 	EXP 	text_3: autoDraw = False
771.8992 	EXP 	secondcircle: autoDraw = True
772.5826 	EXP 	secondcircle: autoDraw = False
774.0512 	DATA 	Keypress: left
774.0526 	EXP 	New trial (rep=0, index=19): OrderedDict([('firstTime', 0.7), ('secondTime', 1.4), ('corrAns', 'right'), ('plusStart', 1.2), ('secondStart', 2.2), ('respStart', 3.6), ('randNum', 0.515481866)])
774.0659 	EXP 	firstcircle_3: autoDraw = False
774.0659 	EXP 	text_3: autoDraw = False
774.0659 	EXP 	secondcircle: autoDraw = False
774.0659 	EXP 	text_4: autoDraw = False
774.0659 	EXP 	text_4: autoDraw = True
774.5659 	EXP 	text_4: autoDraw = False
774.5825 	EXP 	firstcircle_3: autoDraw = True
775.2659 	EXP 	firstcircle_3: autoDraw = False
775.2826 	EXP 	text_3: autoDraw = True
776.2659 	EXP 	text_3: autoDraw = False
776.2826 	EXP 	secondcircle: autoDraw = True
777.6658 	EXP 	secondcircle: autoDraw = False
778.1508 	DATA 	Keypress: right
778.1658 	EXP 	firstcircle_3: autoDraw = False
778.1658 	EXP 	text_3: autoDraw = False
778.1658 	EXP 	secondcircle: autoDraw = False
778.1658 	EXP 	text_4: autoDraw = False
778.1658 	EXP 	text_2: autoDraw = True
781.4333 	EXP 	window1: mouseVisible = True
