1.0264 	WARNING 	sounddevice audio lib was requested but not loaded: sounddevice not working
5.8746 	WARNING 	User requested fullscreen with size [1024  768], but screen is actually [1440, 900]. Using actual size
6.5368 	EXP 	Created window1 = Window(allowGUI=False, allowStencil=False, args=UNKNOWN, autoLog=True, bitsMode=UNKNOWN, blendMode='avg', color=array([0., 0., 0.]), colorSpace='rgb', fullscr=<method-wrapper '__getattribute__' of attributeSetter object at 0x10f3cadd8>, gamma=None, kwargs=UNKNOWN, lms=UNKNOWN, monitor=<psychopy.monitors.calibTools.Monitor object at 0x1145f3ac8>, multiSample=False, name='window1', numSamples=2, pos=[0.0, 0.0], screen=0, size=array([2880, 1800]), stereo=False, units='norm', useFBO=True, useRetina=True, viewOri=0.0, viewPos=None, viewScale=None, waitBlanking=True, winType='pyglet')
6.5369 	EXP 	window1: recordFrameIntervals = False
6.7027 	EXP 	window1: recordFrameIntervals = True
6.8862 	EXP 	window1: recordFrameIntervals = False
7.0190 	EXP 	Created insRound1 = TextStim(__class__=<class 'psychopy.visual.text.TextStim'>, alignHoriz='center', alignVert='center', antialias=True, autoLog=True, bold=False, color='white', colorSpace='named', contrast=1.0, depth=0.0, flipHoriz=False, flipVert=False, font='Arial', fontFiles=[], height=0.07, italic=False, languageStyle='LTR', name='insRound1', opacity=1.0, ori=0, pos=array([0., 0.]), rgb=array([255., 255., 255.]), text=str(...), units='norm', win=Window(...), wrapWidth=1)
7.0291 	EXP 	Created text = TextStim(__class__=<class 'psychopy.visual.text.TextStim'>, alignHoriz='center', alignVert='center', antialias=True, autoLog=True, bold=False, color='white', colorSpace='named', contrast=1.0, depth=0.0, flipHoriz=False, flipVert=False, font='Arial', fontFiles=[], height=0.1, italic=False, languageStyle='LTR', name='text', opacity=1.0, ori=0, pos=array([0., 0.]), rgb=array([255., 255., 255.]), text='Block 1 starts\n\nPress space', units='norm', win=Window(...), wrapWidth=1)
7.0363 	EXP 	Created firstcircle_3 = Polygon(__class__=<class 'psychopy.visual.polygon.Polygon'>, autoDraw=False, autoLog=True, closeShape=True, color=method-wrapper(...), colorSpace=None, contrast=1.0, depth=0.0, fillColor=array([1., 1., 1.]), fillColorSpace='rgb', fillRGB=array([1., 1., 1.]), interpolate=True, lineColor=array([1., 1., 1.]), lineColorSpace='rgb', lineRGB=array([1., 1., 1.]), lineWidth=1, name='firstcircle_3', opacity=1.0, ori=array(0.), pos=array([0., 0.]), size=array([0.3, 0.5]), units='norm', vertices=ndarray(...), win=Window(...))
7.0395 	EXP 	Created text_3 = TextStim(__class__=<class 'psychopy.visual.text.TextStim'>, alignHoriz='center', alignVert='center', antialias=True, autoLog=True, bold=False, color='white', colorSpace='named', contrast=1.0, depth=-2.0, flipHoriz=False, flipVert=False, font='Arial', fontFiles=[], height=0.1, italic=False, languageStyle='LTR', name='text_3', opacity=1.0, ori=0, pos=array([0., 0.]), rgb=array([255., 255., 255.]), text='+', units='norm', win=Window(...), wrapWidth=1)
7.0421 	EXP 	Created secondcircle = Polygon(__class__=<class 'psychopy.visual.polygon.Polygon'>, autoDraw=False, autoLog=True, closeShape=True, color=method-wrapper(...), colorSpace=None, contrast=1.0, depth=-3.0, fillColor=array([-1., -1., -1.]), fillColorSpace='rgb', fillRGB=array([-1., -1., -1.]), interpolate=True, lineColor=array([-1., -1., -1.]), lineColorSpace='rgb', lineRGB=array([-1., -1., -1.]), lineWidth=1, name='secondcircle', opacity=1.0, ori=array(0.), pos=array([0., 0.]), size=array([0.3, 0.5]), units='norm', vertices=ndarray(...), win=Window(...))
7.0457 	EXP 	Created text_4 = TextStim(__class__=<class 'psychopy.visual.text.TextStim'>, alignHoriz='center', alignVert='center', antialias=True, autoLog=True, bold=False, color='white', colorSpace='named', contrast=1.0, depth=-4.0, flipHoriz=False, flipVert=False, font='Arial', fontFiles=[], height=0.1, italic=False, languageStyle='LTR', name='text_4', opacity=1.0, ori=0, pos=array([0., 0.]), rgb=array([255., 255., 255.]), text='next', units='norm', win=Window(...), wrapWidth=1)
7.0520 	EXP 	Created text_5 = TextStim(__class__=<class 'psychopy.visual.text.TextStim'>, alignHoriz='center', alignVert='center', antialias=True, autoLog=True, bold=False, color='white', colorSpace='named', contrast=1.0, depth=0.0, flipHoriz=False, flipVert=False, font='Arial', fontFiles=[], height=0.1, italic=False, languageStyle='LTR', name='text_5', opacity=1.0, ori=0, pos=array([0., 0.]), rgb=array([255., 255., 255.]), text='Block 2 starts\n\nPress space', units='norm', win=Window(...), wrapWidth=1)
7.0545 	EXP 	Created firstcircle_3 = Polygon(__class__=<class 'psychopy.visual.polygon.Polygon'>, autoDraw=False, autoLog=True, closeShape=True, color=method-wrapper(...), colorSpace=None, contrast=1.0, depth=0.0, fillColor=array([1., 1., 1.]), fillColorSpace='rgb', fillRGB=array([1., 1., 1.]), interpolate=True, lineColor=array([1., 1., 1.]), lineColorSpace='rgb', lineRGB=array([1., 1., 1.]), lineWidth=1, name='firstcircle_3', opacity=1.0, ori=array(0.), pos=array([0., 0.]), size=array([0.3, 0.5]), units='norm', vertices=ndarray(...), win=Window(...))
7.0564 	EXP 	Created text_3 = TextStim(__class__=<class 'psychopy.visual.text.TextStim'>, alignHoriz='center', alignVert='center', antialias=True, autoLog=True, bold=False, color='white', colorSpace='named', contrast=1.0, depth=-2.0, flipHoriz=False, flipVert=False, font='Arial', fontFiles=[], height=0.1, italic=False, languageStyle='LTR', name='text_3', opacity=1.0, ori=0, pos=array([0., 0.]), rgb=array([255., 255., 255.]), text='+', units='norm', win=Window(...), wrapWidth=1)
7.0590 	EXP 	Created secondcircle = Polygon(__class__=<class 'psychopy.visual.polygon.Polygon'>, autoDraw=False, autoLog=True, closeShape=True, color=method-wrapper(...), colorSpace=None, contrast=1.0, depth=-3.0, fillColor=array([-1., -1., -1.]), fillColorSpace='rgb', fillRGB=array([-1., -1., -1.]), interpolate=True, lineColor=array([-1., -1., -1.]), lineColorSpace='rgb', lineRGB=array([-1., -1., -1.]), lineWidth=1, name='secondcircle', opacity=1.0, ori=array(0.), pos=array([0., 0.]), size=array([0.3, 0.5]), units='norm', vertices=ndarray(...), win=Window(...))
7.0611 	EXP 	Created text_4 = TextStim(__class__=<class 'psychopy.visual.text.TextStim'>, alignHoriz='center', alignVert='center', antialias=True, autoLog=True, bold=False, color='white', colorSpace='named', contrast=1.0, depth=-4.0, flipHoriz=False, flipVert=False, font='Arial', fontFiles=[], height=0.1, italic=False, languageStyle='LTR', name='text_4', opacity=1.0, ori=0, pos=array([0., 0.]), rgb=array([255., 255., 255.]), text='next', units='norm', win=Window(...), wrapWidth=1)
7.0669 	EXP 	Created text_6 = TextStim(__class__=<class 'psychopy.visual.text.TextStim'>, alignHoriz='center', alignVert='center', antialias=True, autoLog=True, bold=False, color='white', colorSpace='named', contrast=1.0, depth=0.0, flipHoriz=False, flipVert=False, font='Arial', fontFiles=[], height=0.1, italic=False, languageStyle='LTR', name='text_6', opacity=1.0, ori=0, pos=array([0., 0.]), rgb=array([255., 255., 255.]), text='Block 3 starts\n\nPress space', units='norm', win=Window(...), wrapWidth=1)
7.0695 	EXP 	Created firstcircle_3 = Polygon(__class__=<class 'psychopy.visual.polygon.Polygon'>, autoDraw=False, autoLog=True, closeShape=True, color=method-wrapper(...), colorSpace=None, contrast=1.0, depth=0.0, fillColor=array([1., 1., 1.]), fillColorSpace='rgb', fillRGB=array([1., 1., 1.]), interpolate=True, lineColor=array([1., 1., 1.]), lineColorSpace='rgb', lineRGB=array([1., 1., 1.]), lineWidth=1, name='firstcircle_3', opacity=1.0, ori=array(0.), pos=array([0., 0.]), size=array([0.3, 0.5]), units='norm', vertices=ndarray(...), win=Window(...))
7.0717 	EXP 	Created text_3 = TextStim(__class__=<class 'psychopy.visual.text.TextStim'>, alignHoriz='center', alignVert='center', antialias=True, autoLog=True, bold=False, color='white', colorSpace='named', contrast=1.0, depth=-2.0, flipHoriz=False, flipVert=False, font='Arial', fontFiles=[], height=0.1, italic=False, languageStyle='LTR', name='text_3', opacity=1.0, ori=0, pos=array([0., 0.]), rgb=array([255., 255., 255.]), text='+', units='norm', win=Window(...), wrapWidth=1)
7.0751 	EXP 	Created secondcircle = Polygon(__class__=<class 'psychopy.visual.polygon.Polygon'>, autoDraw=False, autoLog=True, closeShape=True, color=method-wrapper(...), colorSpace=None, contrast=1.0, depth=-3.0, fillColor=array([-1., -1., -1.]), fillColorSpace='rgb', fillRGB=array([-1., -1., -1.]), interpolate=True, lineColor=array([-1., -1., -1.]), lineColorSpace='rgb', lineRGB=array([-1., -1., -1.]), lineWidth=1, name='secondcircle', opacity=1.0, ori=array(0.), pos=array([0., 0.]), size=array([0.3, 0.5]), units='norm', vertices=ndarray(...), win=Window(...))
7.0782 	EXP 	Created text_4 = TextStim(__class__=<class 'psychopy.visual.text.TextStim'>, alignHoriz='center', alignVert='center', antialias=True, autoLog=True, bold=False, color='white', colorSpace='named', contrast=1.0, depth=-4.0, flipHoriz=False, flipVert=False, font='Arial', fontFiles=[], height=0.1, italic=False, languageStyle='LTR', name='text_4', opacity=1.0, ori=0, pos=array([0., 0.]), rgb=array([255., 255., 255.]), text='next', units='norm', win=Window(...), wrapWidth=1)
7.0851 	EXP 	Created text_7 = TextStim(__class__=<class 'psychopy.visual.text.TextStim'>, alignHoriz='center', alignVert='center', antialias=True, autoLog=True, bold=False, color='white', colorSpace='named', contrast=1.0, depth=0.0, flipHoriz=False, flipVert=False, font='Arial', fontFiles=[], height=0.1, italic=False, languageStyle='LTR', name='text_7', opacity=1.0, ori=0, pos=array([0., 0.]), rgb=array([255., 255., 255.]), text='Block 4 starts\n\nPress space', units='norm', win=Window(...), wrapWidth=1)
7.0880 	EXP 	Created firstcircle_3 = Polygon(__class__=<class 'psychopy.visual.polygon.Polygon'>, autoDraw=False, autoLog=True, closeShape=True, color=method-wrapper(...), colorSpace=None, contrast=1.0, depth=0.0, fillColor=array([1., 1., 1.]), fillColorSpace='rgb', fillRGB=array([1., 1., 1.]), interpolate=True, lineColor=array([1., 1., 1.]), lineColorSpace='rgb', lineRGB=array([1., 1., 1.]), lineWidth=1, name='firstcircle_3', opacity=1.0, ori=array(0.), pos=array([0., 0.]), size=array([0.3, 0.5]), units='norm', vertices=ndarray(...), win=Window(...))
7.0899 	EXP 	Created text_3 = TextStim(__class__=<class 'psychopy.visual.text.TextStim'>, alignHoriz='center', alignVert='center', antialias=True, autoLog=True, bold=False, color='white', colorSpace='named', contrast=1.0, depth=-2.0, flipHoriz=False, flipVert=False, font='Arial', fontFiles=[], height=0.1, italic=False, languageStyle='LTR', name='text_3', opacity=1.0, ori=0, pos=array([0., 0.]), rgb=array([255., 255., 255.]), text='+', units='norm', win=Window(...), wrapWidth=1)
7.0925 	EXP 	Created secondcircle = Polygon(__class__=<class 'psychopy.visual.polygon.Polygon'>, autoDraw=False, autoLog=True, closeShape=True, color=method-wrapper(...), colorSpace=None, contrast=1.0, depth=-3.0, fillColor=array([-1., -1., -1.]), fillColorSpace='rgb', fillRGB=array([-1., -1., -1.]), interpolate=True, lineColor=array([-1., -1., -1.]), lineColorSpace='rgb', lineRGB=array([-1., -1., -1.]), lineWidth=1, name='secondcircle', opacity=1.0, ori=array(0.), pos=array([0., 0.]), size=array([0.3, 0.5]), units='norm', vertices=ndarray(...), win=Window(...))
7.0946 	EXP 	Created text_4 = TextStim(__class__=<class 'psychopy.visual.text.TextStim'>, alignHoriz='center', alignVert='center', antialias=True, autoLog=True, bold=False, color='white', colorSpace='named', contrast=1.0, depth=-4.0, flipHoriz=False, flipVert=False, font='Arial', fontFiles=[], height=0.1, italic=False, languageStyle='LTR', name='text_4', opacity=1.0, ori=0, pos=array([0., 0.]), rgb=array([255., 255., 255.]), text='next', units='norm', win=Window(...), wrapWidth=1)
7.0986 	EXP 	Created text_2 = TextStim(__class__=<class 'psychopy.visual.text.TextStim'>, alignHoriz='center', alignVert='center', antialias=True, autoLog=True, bold=False, color='white', colorSpace='named', contrast=1.0, depth=0.0, flipHoriz=False, flipVert=False, font='Arial', fontFiles=[], height=0.1, italic=False, languageStyle='LTR', name='text_2', opacity=1.0, ori=0, pos=array([0., 0.]), rgb=array([255., 255., 255.]), text='The end', units='norm', win=Window(...), wrapWidth=1)
7.1192 	EXP 	insRound1: autoDraw = True
53.8195 	DATA 	Mouse: wheel shift=(0,0), pos=(848,342)
54.0698 	DATA 	Mouse: wheel shift=(0,0), pos=(848,342)
54.1039 	DATA 	Mouse: wheel shift=(0,0), pos=(848,342)
54.1196 	DATA 	Mouse: wheel shift=(0,0), pos=(848,342)
54.1360 	DATA 	Mouse: wheel shift=(0,0), pos=(848,342)
54.1527 	DATA 	Mouse: wheel shift=(0,0), pos=(848,342)
54.1693 	DATA 	Mouse: wheel shift=(0,0), pos=(848,342)
54.1699 	DATA 	Mouse: wheel shift=(0,0), pos=(848,342)
60.4054 	DATA 	Keypress: space
60.4185 	EXP 	insRound1: autoDraw = False
60.4185 	EXP 	text: autoDraw = True
62.6375 	DATA 	Keypress: space
62.6702 	EXP 	Imported conditionsTime.csv as conditions, 20 conditions, 7 params
62.6705 	EXP 	Created sequence: sequential, trialTypes=20, nReps=1, seed=None
62.6710 	EXP 	New trial (rep=0, index=0): OrderedDict([('firstTime', 1.8), ('secondTime', 1.2), ('corrAns', 'left'), ('plusStart', 2.3), ('secondStart', 3.3), ('respStart', 4.5), ('randNum', 0.17368025899999998)])
62.6852 	EXP 	text: autoDraw = False
62.6852 	EXP 	text_4: autoDraw = True
63.1852 	EXP 	text_4: autoDraw = False
63.2019 	EXP 	firstcircle_3: autoDraw = True
64.9851 	EXP 	firstcircle_3: autoDraw = False
65.0018 	EXP 	text_3: autoDraw = True
65.9851 	EXP 	text_3: autoDraw = False
66.0018 	EXP 	secondcircle: autoDraw = True
67.1851 	EXP 	secondcircle: autoDraw = False
68.2230 	DATA 	Keypress: left
68.2246 	EXP 	New trial (rep=0, index=1): OrderedDict([('firstTime', 3.6), ('secondTime', 3.2), ('corrAns', 'left'), ('plusStart', 4.1), ('secondStart', 5.1), ('respStart', 8.3), ('randNum', 0.41458448299999995)])
68.2351 	EXP 	firstcircle_3: autoDraw = False
68.2351 	EXP 	text_3: autoDraw = False
68.2351 	EXP 	secondcircle: autoDraw = False
68.2351 	EXP 	text_4: autoDraw = False
68.2351 	EXP 	text_4: autoDraw = True
68.7351 	EXP 	text_4: autoDraw = False
68.7517 	EXP 	firstcircle_3: autoDraw = True
72.3351 	EXP 	firstcircle_3: autoDraw = False
72.3517 	EXP 	text_3: autoDraw = True
73.3350 	EXP 	text_3: autoDraw = False
73.3517 	EXP 	secondcircle: autoDraw = True
76.5350 	EXP 	secondcircle: autoDraw = False
78.7536 	DATA 	Keypress: right
78.7550 	EXP 	New trial (rep=0, index=2): OrderedDict([('firstTime', 2.5), ('secondTime', 1.5), ('corrAns', 'left'), ('plusStart', 3.0), ('secondStart', 4.0), ('respStart', 5.5), ('randNum', 0.148607464)])
78.7683 	EXP 	firstcircle_3: autoDraw = False
78.7683 	EXP 	text_3: autoDraw = False
78.7683 	EXP 	secondcircle: autoDraw = False
78.7683 	EXP 	text_4: autoDraw = False
78.7683 	EXP 	text_4: autoDraw = True
79.2683 	EXP 	text_4: autoDraw = False
79.2850 	EXP 	firstcircle_3: autoDraw = True
81.7682 	EXP 	firstcircle_3: autoDraw = False
81.7849 	EXP 	text_3: autoDraw = True
82.7683 	EXP 	text_3: autoDraw = False
82.7849 	EXP 	secondcircle: autoDraw = True
84.2682 	EXP 	secondcircle: autoDraw = False
85.2368 	DATA 	Keypress: left
85.2382 	EXP 	New trial (rep=0, index=3): OrderedDict([('firstTime', 1.8), ('secondTime', 2.7), ('corrAns', 'right'), ('plusStart', 2.3), ('secondStart', 3.3), ('respStart', 6.0), ('randNum', 0.13554984)])
85.2515 	EXP 	firstcircle_3: autoDraw = False
85.2515 	EXP 	text_3: autoDraw = False
85.2515 	EXP 	secondcircle: autoDraw = False
85.2515 	EXP 	text_4: autoDraw = False
85.2515 	EXP 	text_4: autoDraw = True
85.7515 	EXP 	text_4: autoDraw = False
85.7682 	EXP 	firstcircle_3: autoDraw = True
87.5515 	EXP 	firstcircle_3: autoDraw = False
87.5682 	EXP 	text_3: autoDraw = True
88.5515 	EXP 	text_3: autoDraw = False
88.5681 	EXP 	secondcircle: autoDraw = True
91.2514 	EXP 	secondcircle: autoDraw = False
91.8534 	DATA 	Keypress: right
91.8547 	EXP 	New trial (rep=0, index=4): OrderedDict([('firstTime', 1.2), ('secondTime', 1.8), ('corrAns', 'right'), ('plusStart', 1.7), ('secondStart', 2.7), ('respStart', 4.5), ('randNum', 0.309174352)])
91.8681 	EXP 	firstcircle_3: autoDraw = False
91.8681 	EXP 	text_3: autoDraw = False
91.8681 	EXP 	secondcircle: autoDraw = False
91.8681 	EXP 	text_4: autoDraw = False
91.8681 	EXP 	text_4: autoDraw = True
92.3681 	EXP 	text_4: autoDraw = False
92.3848 	EXP 	firstcircle_3: autoDraw = True
93.5681 	EXP 	firstcircle_3: autoDraw = False
93.5847 	EXP 	text_3: autoDraw = True
94.5681 	EXP 	text_3: autoDraw = False
94.5847 	EXP 	secondcircle: autoDraw = True
96.3680 	EXP 	secondcircle: autoDraw = False
97.2367 	DATA 	Keypress: right
97.2381 	EXP 	New trial (rep=0, index=5): OrderedDict([('firstTime', 8.8), ('secondTime', 9.9), ('corrAns', 'right'), ('plusStart', 9.3), ('secondStart', 10.3), ('respStart', 20.2), ('randNum', 0.7009299529999999)])
97.2515 	EXP 	firstcircle_3: autoDraw = False
97.2515 	EXP 	text_3: autoDraw = False
97.2515 	EXP 	secondcircle: autoDraw = False
97.2515 	EXP 	text_4: autoDraw = False
97.2515 	EXP 	text_4: autoDraw = True
97.7514 	EXP 	text_4: autoDraw = False
97.7680 	EXP 	firstcircle_3: autoDraw = True
106.5512 	EXP 	firstcircle_3: autoDraw = False
106.5679 	EXP 	text_3: autoDraw = True
107.5512 	EXP 	text_3: autoDraw = False
107.5679 	EXP 	secondcircle: autoDraw = True
117.4511 	EXP 	secondcircle: autoDraw = False
118.0371 	DATA 	Keypress: right
118.0527 	EXP 	New trial (rep=0, index=6): OrderedDict([('firstTime', 3.3), ('secondTime', 4.4), ('corrAns', 'right'), ('plusStart', 3.8), ('secondStart', 4.8), ('respStart', 9.2), ('randNum', 0.705723743)])
118.0678 	EXP 	firstcircle_3: autoDraw = False
118.0678 	EXP 	text_3: autoDraw = False
118.0678 	EXP 	secondcircle: autoDraw = False
118.0678 	EXP 	text_4: autoDraw = False
118.0678 	EXP 	text_4: autoDraw = True
118.5677 	EXP 	text_4: autoDraw = False
118.5844 	EXP 	firstcircle_3: autoDraw = True
121.8677 	EXP 	firstcircle_3: autoDraw = False
121.8844 	EXP 	text_3: autoDraw = True
122.8678 	EXP 	text_3: autoDraw = False
122.8844 	EXP 	secondcircle: autoDraw = True
127.2676 	EXP 	secondcircle: autoDraw = False
128.2029 	DATA 	Keypress: right
128.2042 	EXP 	New trial (rep=0, index=7): OrderedDict([('firstTime', 3.5), ('secondTime', 2.1), ('corrAns', 'left'), ('plusStart', 4.0), ('secondStart', 5.0), ('respStart', 7.1), ('randNum', 0.544523215)])
128.2176 	EXP 	firstcircle_3: autoDraw = False
128.2176 	EXP 	text_3: autoDraw = False
128.2176 	EXP 	secondcircle: autoDraw = False
128.2176 	EXP 	text_4: autoDraw = False
128.2176 	EXP 	text_4: autoDraw = True
128.7177 	EXP 	text_4: autoDraw = False
128.7343 	EXP 	firstcircle_3: autoDraw = True
132.2176 	EXP 	firstcircle_3: autoDraw = False
132.2342 	EXP 	text_3: autoDraw = True
133.2175 	EXP 	text_3: autoDraw = False
133.2342 	EXP 	secondcircle: autoDraw = True
135.3175 	EXP 	secondcircle: autoDraw = False
136.4029 	DATA 	Keypress: left
136.4042 	EXP 	New trial (rep=0, index=8): OrderedDict([('firstTime', 1.4), ('secondTime', 0.7), ('corrAns', 'left'), ('plusStart', 1.9), ('secondStart', 2.9), ('respStart', 3.6), ('randNum', 0.53553232)])
136.4175 	EXP 	firstcircle_3: autoDraw = False
136.4175 	EXP 	text_3: autoDraw = False
136.4175 	EXP 	secondcircle: autoDraw = False
136.4175 	EXP 	text_4: autoDraw = False
136.4175 	EXP 	text_4: autoDraw = True
136.9175 	EXP 	text_4: autoDraw = False
136.9342 	EXP 	firstcircle_3: autoDraw = True
138.3175 	EXP 	firstcircle_3: autoDraw = False
138.3341 	EXP 	text_3: autoDraw = True
139.3175 	EXP 	text_3: autoDraw = False
139.3341 	EXP 	secondcircle: autoDraw = True
140.0175 	EXP 	secondcircle: autoDraw = False
141.0861 	DATA 	Keypress: left
141.0874 	EXP 	New trial (rep=0, index=9): OrderedDict([('firstTime', 4.4), ('secondTime', 3.3), ('corrAns', 'left'), ('plusStart', 4.9), ('secondStart', 5.9), ('respStart', 9.2), ('randNum', 0.255641654)])
141.1008 	EXP 	firstcircle_3: autoDraw = False
141.1008 	EXP 	text_3: autoDraw = False
141.1008 	EXP 	secondcircle: autoDraw = False
141.1008 	EXP 	text_4: autoDraw = False
141.1008 	EXP 	text_4: autoDraw = True
141.6008 	EXP 	text_4: autoDraw = False
141.6174 	EXP 	firstcircle_3: autoDraw = True
146.0007 	EXP 	firstcircle_3: autoDraw = False
146.0174 	EXP 	text_3: autoDraw = True
147.0007 	EXP 	text_3: autoDraw = False
147.0174 	EXP 	secondcircle: autoDraw = True
150.3006 	EXP 	secondcircle: autoDraw = False
151.3359 	DATA 	Keypress: left
151.3373 	EXP 	New trial (rep=0, index=10): OrderedDict([('firstTime', 3.2), ('secondTime', 3.6), ('corrAns', 'right'), ('plusStart', 3.7), ('secondStart', 4.7), ('respStart', 8.3), ('randNum', 0.140100939)])
151.3506 	EXP 	firstcircle_3: autoDraw = False
151.3506 	EXP 	text_3: autoDraw = False
151.3506 	EXP 	secondcircle: autoDraw = False
151.3506 	EXP 	text_4: autoDraw = False
151.3506 	EXP 	text_4: autoDraw = True
151.8506 	EXP 	text_4: autoDraw = False
151.8673 	EXP 	firstcircle_3: autoDraw = True
155.0506 	EXP 	firstcircle_3: autoDraw = False
155.0673 	EXP 	text_3: autoDraw = True
156.0506 	EXP 	text_3: autoDraw = False
156.0672 	EXP 	secondcircle: autoDraw = True
159.6505 	EXP 	secondcircle: autoDraw = False
160.3858 	DATA 	Keypress: right
160.3873 	EXP 	New trial (rep=0, index=11): OrderedDict([('firstTime', 2.8), ('secondTime', 2.1), ('corrAns', 'left'), ('plusStart', 3.3), ('secondStart', 4.3), ('respStart', 6.4), ('randNum', 0.019093293)])
160.4005 	EXP 	firstcircle_3: autoDraw = False
160.4005 	EXP 	text_3: autoDraw = False
160.4005 	EXP 	secondcircle: autoDraw = False
160.4005 	EXP 	text_4: autoDraw = False
160.4005 	EXP 	text_4: autoDraw = True
160.9005 	EXP 	text_4: autoDraw = False
160.9172 	EXP 	firstcircle_3: autoDraw = True
163.7005 	EXP 	firstcircle_3: autoDraw = False
163.7171 	EXP 	text_3: autoDraw = True
164.7005 	EXP 	text_3: autoDraw = False
164.7171 	EXP 	secondcircle: autoDraw = True
166.8004 	EXP 	secondcircle: autoDraw = False
167.8863 	DATA 	Keypress: left
167.9020 	EXP 	New trial (rep=0, index=12): OrderedDict([('firstTime', 0.9), ('secondTime', 1.8), ('corrAns', 'right'), ('plusStart', 1.4), ('secondStart', 2.4), ('respStart', 4.2), ('randNum', 0.461070472)])
167.9172 	EXP 	firstcircle_3: autoDraw = False
167.9172 	EXP 	text_3: autoDraw = False
167.9172 	EXP 	secondcircle: autoDraw = False
167.9172 	EXP 	text_4: autoDraw = False
167.9172 	EXP 	text_4: autoDraw = True
168.4171 	EXP 	text_4: autoDraw = False
168.4337 	EXP 	firstcircle_3: autoDraw = True
169.3171 	EXP 	firstcircle_3: autoDraw = False
169.3337 	EXP 	text_3: autoDraw = True
170.3170 	EXP 	text_3: autoDraw = False
170.3337 	EXP 	secondcircle: autoDraw = True
172.1170 	EXP 	secondcircle: autoDraw = False
172.8031 	DATA 	Keypress: right
172.8186 	EXP 	New trial (rep=0, index=13): OrderedDict([('firstTime', 2.1), ('secondTime', 2.8), ('corrAns', 'right'), ('plusStart', 2.6), ('secondStart', 3.6), ('respStart', 6.4), ('randNum', 0.22761601199999998)])
172.8337 	EXP 	firstcircle_3: autoDraw = False
172.8337 	EXP 	text_3: autoDraw = False
172.8337 	EXP 	secondcircle: autoDraw = False
172.8337 	EXP 	text_4: autoDraw = False
172.8337 	EXP 	text_4: autoDraw = True
173.3337 	EXP 	text_4: autoDraw = False
173.3503 	EXP 	firstcircle_3: autoDraw = True
175.4337 	EXP 	firstcircle_3: autoDraw = False
175.4504 	EXP 	text_3: autoDraw = True
176.4337 	EXP 	text_3: autoDraw = False
176.4503 	EXP 	secondcircle: autoDraw = True
179.2336 	EXP 	secondcircle: autoDraw = False
179.8198 	DATA 	Keypress: right
179.8352 	EXP 	New trial (rep=0, index=14): OrderedDict([('firstTime', 0.7), ('secondTime', 1.4), ('corrAns', 'right'), ('plusStart', 1.2), ('secondStart', 2.2), ('respStart', 3.6), ('randNum', 0.436550891)])
179.8502 	EXP 	firstcircle_3: autoDraw = False
179.8502 	EXP 	text_3: autoDraw = False
179.8502 	EXP 	secondcircle: autoDraw = False
179.8502 	EXP 	text_4: autoDraw = False
179.8502 	EXP 	text_4: autoDraw = True
180.3503 	EXP 	text_4: autoDraw = False
180.3669 	EXP 	firstcircle_3: autoDraw = True
181.0503 	EXP 	firstcircle_3: autoDraw = False
181.0669 	EXP 	text_3: autoDraw = True
182.0502 	EXP 	text_3: autoDraw = False
182.0669 	EXP 	secondcircle: autoDraw = True
183.4502 	EXP 	secondcircle: autoDraw = False
184.1022 	DATA 	Keypress: right
184.1036 	EXP 	New trial (rep=0, index=15): OrderedDict([('firstTime', 1.8), ('secondTime', 0.9), ('corrAns', 'left'), ('plusStart', 2.3), ('secondStart', 3.3), ('respStart', 4.2), ('randNum', 0.028891147000000002)])
184.1169 	EXP 	firstcircle_3: autoDraw = False
184.1169 	EXP 	text_3: autoDraw = False
184.1169 	EXP 	secondcircle: autoDraw = False
184.1169 	EXP 	text_4: autoDraw = False
184.1169 	EXP 	text_4: autoDraw = True
184.6169 	EXP 	text_4: autoDraw = False
184.6335 	EXP 	firstcircle_3: autoDraw = True
186.4168 	EXP 	firstcircle_3: autoDraw = False
186.4335 	EXP 	text_3: autoDraw = True
187.4169 	EXP 	text_3: autoDraw = False
187.4335 	EXP 	secondcircle: autoDraw = True
188.3168 	EXP 	secondcircle: autoDraw = False
189.0185 	DATA 	Keypress: left
189.0199 	EXP 	New trial (rep=0, index=16): OrderedDict([('firstTime', 2.7), ('secondTime', 1.8), ('corrAns', 'left'), ('plusStart', 3.2), ('secondStart', 4.2), ('respStart', 6.0), ('randNum', 0.277400549)])
189.0335 	EXP 	firstcircle_3: autoDraw = False
189.0335 	EXP 	text_3: autoDraw = False
189.0335 	EXP 	secondcircle: autoDraw = False
189.0335 	EXP 	text_4: autoDraw = False
189.0335 	EXP 	text_4: autoDraw = True
189.5335 	EXP 	text_4: autoDraw = False
189.5501 	EXP 	firstcircle_3: autoDraw = True
192.2335 	EXP 	firstcircle_3: autoDraw = False
192.2501 	EXP 	text_3: autoDraw = True
193.2334 	EXP 	text_3: autoDraw = False
193.2501 	EXP 	secondcircle: autoDraw = True
195.0334 	EXP 	secondcircle: autoDraw = False
195.7362 	DATA 	Keypress: left
195.7517 	EXP 	New trial (rep=0, index=17): OrderedDict([('firstTime', 9.9), ('secondTime', 8.8), ('corrAns', 'left'), ('plusStart', 10.4), ('secondStart', 11.4), ('respStart', 20.2), ('randNum', 0.9607848720000001)])
195.7667 	EXP 	firstcircle_3: autoDraw = False
195.7667 	EXP 	text_3: autoDraw = False
195.7667 	EXP 	secondcircle: autoDraw = False
195.7667 	EXP 	text_4: autoDraw = False
195.7667 	EXP 	text_4: autoDraw = True
196.2667 	EXP 	text_4: autoDraw = False
196.2834 	EXP 	firstcircle_3: autoDraw = True
206.1666 	EXP 	firstcircle_3: autoDraw = False
206.1832 	EXP 	text_3: autoDraw = True
207.1665 	EXP 	text_3: autoDraw = False
207.1832 	EXP 	secondcircle: autoDraw = True
215.9664 	EXP 	secondcircle: autoDraw = False
216.6517 	DATA 	Keypress: left
216.6530 	EXP 	New trial (rep=0, index=18): OrderedDict([('firstTime', 2.1), ('secondTime', 3.5), ('corrAns', 'right'), ('plusStart', 2.6), ('secondStart', 3.6), ('respStart', 7.1), ('randNum', 0.609327094)])
216.6664 	EXP 	firstcircle_3: autoDraw = False
216.6664 	EXP 	text_3: autoDraw = False
216.6664 	EXP 	secondcircle: autoDraw = False
216.6664 	EXP 	text_4: autoDraw = False
216.6664 	EXP 	text_4: autoDraw = True
217.1664 	EXP 	text_4: autoDraw = False
217.1831 	EXP 	firstcircle_3: autoDraw = True
219.2664 	EXP 	firstcircle_3: autoDraw = False
219.2831 	EXP 	text_3: autoDraw = True
220.2664 	EXP 	text_3: autoDraw = False
220.2830 	EXP 	secondcircle: autoDraw = True
223.7663 	EXP 	secondcircle: autoDraw = False
224.3348 	DATA 	Keypress: right
224.3361 	EXP 	New trial (rep=0, index=19): OrderedDict([('firstTime', 1.5), ('secondTime', 2.5), ('corrAns', 'right'), ('plusStart', 2.0), ('secondStart', 3.0), ('respStart', 5.5), ('randNum', 0.487304505)])
224.3497 	EXP 	firstcircle_3: autoDraw = False
224.3497 	EXP 	text_3: autoDraw = False
224.3497 	EXP 	secondcircle: autoDraw = False
224.3497 	EXP 	text_4: autoDraw = False
224.3497 	EXP 	text_4: autoDraw = True
224.8496 	EXP 	text_4: autoDraw = False
224.8663 	EXP 	firstcircle_3: autoDraw = True
226.3496 	EXP 	firstcircle_3: autoDraw = False
226.3663 	EXP 	text_3: autoDraw = True
227.3496 	EXP 	text_3: autoDraw = False
227.3663 	EXP 	secondcircle: autoDraw = True
229.8496 	EXP 	secondcircle: autoDraw = False
230.6849 	DATA 	Keypress: right
230.6996 	EXP 	firstcircle_3: autoDraw = False
230.6996 	EXP 	text_3: autoDraw = False
230.6996 	EXP 	secondcircle: autoDraw = False
230.6996 	EXP 	text_4: autoDraw = False
230.6996 	EXP 	text_5: autoDraw = True
233.7185 	DATA 	Keypress: space
233.7271 	EXP 	Imported conditionsTime2.csv as conditions, 20 conditions, 7 params
233.7274 	EXP 	Created sequence: sequential, trialTypes=20, nReps=1, seed=None
233.7278 	EXP 	New trial (rep=0, index=0): OrderedDict([('firstTime', 9.9), ('secondTime', 8.8), ('corrAns', 'left'), ('plusStart', 10.4), ('secondStart', 11.4), ('respStart', 20.2), ('randNum', 0.6005130679999999)])
233.7329 	EXP 	text_5: autoDraw = False
233.7329 	EXP 	text_4: autoDraw = True
234.2328 	EXP 	text_4: autoDraw = False
234.2495 	EXP 	firstcircle_3: autoDraw = True
244.1327 	EXP 	firstcircle_3: autoDraw = False
244.1494 	EXP 	text_3: autoDraw = True
245.1327 	EXP 	text_3: autoDraw = False
245.1494 	EXP 	secondcircle: autoDraw = True
253.9326 	EXP 	secondcircle: autoDraw = False
255.0509 	DATA 	Keypress: left
255.0525 	EXP 	New trial (rep=0, index=1): OrderedDict([('firstTime', 1.5), ('secondTime', 2.5), ('corrAns', 'right'), ('plusStart', 2.0), ('secondStart', 3.0), ('respStart', 5.5), ('randNum', 0.805142221)])
255.0659 	EXP 	firstcircle_3: autoDraw = False
255.0659 	EXP 	text_3: autoDraw = False
255.0659 	EXP 	secondcircle: autoDraw = False
255.0659 	EXP 	text_4: autoDraw = False
255.0659 	EXP 	text_4: autoDraw = True
255.5659 	EXP 	text_4: autoDraw = False
255.5826 	EXP 	firstcircle_3: autoDraw = True
257.0659 	EXP 	firstcircle_3: autoDraw = False
257.0826 	EXP 	text_3: autoDraw = True
258.0659 	EXP 	text_3: autoDraw = False
258.0825 	EXP 	secondcircle: autoDraw = True
260.5658 	EXP 	secondcircle: autoDraw = False
261.2514 	DATA 	Keypress: right
261.2675 	EXP 	New trial (rep=0, index=2): OrderedDict([('firstTime', 0.7), ('secondTime', 1.4), ('corrAns', 'right'), ('plusStart', 1.2), ('secondStart', 2.2), ('respStart', 3.6), ('randNum', 0.70587608)])
261.2825 	EXP 	firstcircle_3: autoDraw = False
261.2825 	EXP 	text_3: autoDraw = False
261.2825 	EXP 	secondcircle: autoDraw = False
261.2825 	EXP 	text_4: autoDraw = False
261.2825 	EXP 	text_4: autoDraw = True
261.7825 	EXP 	text_4: autoDraw = False
261.7991 	EXP 	firstcircle_3: autoDraw = True
262.4826 	EXP 	firstcircle_3: autoDraw = False
262.4992 	EXP 	text_3: autoDraw = True
263.4825 	EXP 	text_3: autoDraw = False
263.4991 	EXP 	secondcircle: autoDraw = True
264.8825 	EXP 	secondcircle: autoDraw = False
265.8516 	DATA 	Keypress: left
265.8674 	EXP 	New trial (rep=0, index=3): OrderedDict([('firstTime', 1.2), ('secondTime', 1.8), ('corrAns', 'right'), ('plusStart', 1.7), ('secondStart', 2.7), ('respStart', 4.5), ('randNum', 0.276216099)])
265.8824 	EXP 	firstcircle_3: autoDraw = False
265.8824 	EXP 	text_3: autoDraw = False
265.8824 	EXP 	secondcircle: autoDraw = False
265.8824 	EXP 	text_4: autoDraw = False
265.8824 	EXP 	text_4: autoDraw = True
266.3824 	EXP 	text_4: autoDraw = False
266.3991 	EXP 	firstcircle_3: autoDraw = True
267.5824 	EXP 	firstcircle_3: autoDraw = False
267.5991 	EXP 	text_3: autoDraw = True
268.5824 	EXP 	text_3: autoDraw = False
268.5990 	EXP 	secondcircle: autoDraw = True
270.3824 	EXP 	secondcircle: autoDraw = False
272.0843 	DATA 	Keypress: right
272.0856 	EXP 	New trial (rep=0, index=4): OrderedDict([('firstTime', 3.3), ('secondTime', 4.4), ('corrAns', 'right'), ('plusStart', 3.8), ('secondStart', 4.8), ('respStart', 9.2), ('randNum', 0.803512663)])
272.0991 	EXP 	firstcircle_3: autoDraw = False
272.0991 	EXP 	text_3: autoDraw = False
272.0991 	EXP 	secondcircle: autoDraw = False
272.0991 	EXP 	text_4: autoDraw = False
272.0991 	EXP 	text_4: autoDraw = True
272.5990 	EXP 	text_4: autoDraw = False
272.6157 	EXP 	firstcircle_3: autoDraw = True
275.8990 	EXP 	firstcircle_3: autoDraw = False
275.9157 	EXP 	text_3: autoDraw = True
276.8990 	EXP 	text_3: autoDraw = False
276.9157 	EXP 	secondcircle: autoDraw = True
281.2989 	EXP 	secondcircle: autoDraw = False
282.0342 	DATA 	Keypress: right
282.0355 	EXP 	New trial (rep=0, index=5): OrderedDict([('firstTime', 2.1), ('secondTime', 2.8), ('corrAns', 'right'), ('plusStart', 2.6), ('secondStart', 3.6), ('respStart', 6.4), ('randNum', 0.26721103399999996)])
282.0489 	EXP 	firstcircle_3: autoDraw = False
282.0489 	EXP 	text_3: autoDraw = False
282.0489 	EXP 	secondcircle: autoDraw = False
282.0489 	EXP 	text_4: autoDraw = False
282.0489 	EXP 	text_4: autoDraw = True
282.5489 	EXP 	text_4: autoDraw = False
282.5655 	EXP 	firstcircle_3: autoDraw = True
284.6488 	EXP 	firstcircle_3: autoDraw = False
284.6656 	EXP 	text_3: autoDraw = True
285.6488 	EXP 	text_3: autoDraw = False
285.6655 	EXP 	secondcircle: autoDraw = True
288.4488 	EXP 	secondcircle: autoDraw = False
289.1008 	DATA 	Keypress: right
289.1022 	EXP 	New trial (rep=0, index=6): OrderedDict([('firstTime', 2.8), ('secondTime', 2.1), ('corrAns', 'left'), ('plusStart', 3.3), ('secondStart', 4.3), ('respStart', 6.4), ('randNum', 0.1426323)])
289.1155 	EXP 	firstcircle_3: autoDraw = False
289.1155 	EXP 	text_3: autoDraw = False
289.1155 	EXP 	secondcircle: autoDraw = False
289.1155 	EXP 	text_4: autoDraw = False
289.1155 	EXP 	text_4: autoDraw = True
289.6154 	EXP 	text_4: autoDraw = False
289.6321 	EXP 	firstcircle_3: autoDraw = True
292.4154 	EXP 	firstcircle_3: autoDraw = False
292.4321 	EXP 	text_3: autoDraw = True
293.4154 	EXP 	text_3: autoDraw = False
293.4321 	EXP 	secondcircle: autoDraw = True
295.5154 	EXP 	secondcircle: autoDraw = False
296.3506 	DATA 	Keypress: left
296.3520 	EXP 	New trial (rep=0, index=7): OrderedDict([('firstTime', 2.7), ('secondTime', 1.8), ('corrAns', 'left'), ('plusStart', 3.2), ('secondStart', 4.2), ('respStart', 6.0), ('randNum', 0.15619143)])
296.3654 	EXP 	firstcircle_3: autoDraw = False
296.3654 	EXP 	text_3: autoDraw = False
296.3654 	EXP 	secondcircle: autoDraw = False
296.3654 	EXP 	text_4: autoDraw = False
296.3654 	EXP 	text_4: autoDraw = True
296.8653 	EXP 	text_4: autoDraw = False
296.8820 	EXP 	firstcircle_3: autoDraw = True
299.5653 	EXP 	firstcircle_3: autoDraw = False
299.5820 	EXP 	text_3: autoDraw = True
300.5653 	EXP 	text_3: autoDraw = False
300.5820 	EXP 	secondcircle: autoDraw = True
302.3653 	EXP 	secondcircle: autoDraw = False
303.2005 	DATA 	Keypress: left
303.2018 	EXP 	New trial (rep=0, index=8): OrderedDict([('firstTime', 8.8), ('secondTime', 9.9), ('corrAns', 'right'), ('plusStart', 9.3), ('secondStart', 10.3), ('respStart', 20.2), ('randNum', 0.549248995)])
303.2152 	EXP 	firstcircle_3: autoDraw = False
303.2152 	EXP 	text_3: autoDraw = False
303.2152 	EXP 	secondcircle: autoDraw = False
303.2152 	EXP 	text_4: autoDraw = False
303.2152 	EXP 	text_4: autoDraw = True
303.7153 	EXP 	text_4: autoDraw = False
303.7319 	EXP 	firstcircle_3: autoDraw = True
312.5151 	EXP 	firstcircle_3: autoDraw = False
312.5318 	EXP 	text_3: autoDraw = True
313.5151 	EXP 	text_3: autoDraw = False
313.5318 	EXP 	secondcircle: autoDraw = True
323.4150 	EXP 	secondcircle: autoDraw = False
324.0503 	DATA 	Keypress: right
324.0517 	EXP 	New trial (rep=0, index=9): OrderedDict([('firstTime', 2.5), ('secondTime', 1.5), ('corrAns', 'left'), ('plusStart', 3.0), ('secondStart', 4.0), ('respStart', 5.5), ('randNum', 0.358211186)])
324.0650 	EXP 	firstcircle_3: autoDraw = False
324.0650 	EXP 	text_3: autoDraw = False
324.0650 	EXP 	secondcircle: autoDraw = False
324.0650 	EXP 	text_4: autoDraw = False
324.0650 	EXP 	text_4: autoDraw = True
324.5650 	EXP 	text_4: autoDraw = False
324.5817 	EXP 	firstcircle_3: autoDraw = True
327.0649 	EXP 	firstcircle_3: autoDraw = False
327.0816 	EXP 	text_3: autoDraw = True
328.0649 	EXP 	text_3: autoDraw = False
328.0816 	EXP 	secondcircle: autoDraw = True
329.5649 	EXP 	secondcircle: autoDraw = False
330.2669 	DATA 	Keypress: left
330.2683 	EXP 	New trial (rep=0, index=10): OrderedDict([('firstTime', 1.8), ('secondTime', 0.9), ('corrAns', 'left'), ('plusStart', 2.3), ('secondStart', 3.3), ('respStart', 4.2), ('randNum', 0.907401646)])
330.2815 	EXP 	firstcircle_3: autoDraw = False
330.2815 	EXP 	text_3: autoDraw = False
330.2815 	EXP 	secondcircle: autoDraw = False
330.2815 	EXP 	text_4: autoDraw = False
330.2815 	EXP 	text_4: autoDraw = True
330.7815 	EXP 	text_4: autoDraw = False
330.7982 	EXP 	firstcircle_3: autoDraw = True
332.5815 	EXP 	firstcircle_3: autoDraw = False
332.5982 	EXP 	text_3: autoDraw = True
333.5816 	EXP 	text_3: autoDraw = False
333.5982 	EXP 	secondcircle: autoDraw = True
334.4816 	EXP 	secondcircle: autoDraw = False
335.1667 	DATA 	Keypress: left
335.1681 	EXP 	New trial (rep=0, index=11): OrderedDict([('firstTime', 3.2), ('secondTime', 3.6), ('corrAns', 'right'), ('plusStart', 3.7), ('secondStart', 4.7), ('respStart', 8.3), ('randNum', 0.40261677799999995)])
335.1816 	EXP 	firstcircle_3: autoDraw = False
335.1816 	EXP 	text_3: autoDraw = False
335.1816 	EXP 	secondcircle: autoDraw = False
335.1816 	EXP 	text_4: autoDraw = False
335.1816 	EXP 	text_4: autoDraw = True
335.6815 	EXP 	text_4: autoDraw = False
335.6981 	EXP 	firstcircle_3: autoDraw = True
338.8814 	EXP 	firstcircle_3: autoDraw = False
338.8981 	EXP 	text_3: autoDraw = True
339.8815 	EXP 	text_3: autoDraw = False
339.8981 	EXP 	secondcircle: autoDraw = True
343.4814 	EXP 	secondcircle: autoDraw = False
343.9501 	DATA 	Keypress: right
343.9514 	EXP 	New trial (rep=0, index=12): OrderedDict([('firstTime', 2.1), ('secondTime', 3.5), ('corrAns', 'right'), ('plusStart', 2.6), ('secondStart', 3.6), ('respStart', 7.1), ('randNum', 0.699018652)])
343.9647 	EXP 	firstcircle_3: autoDraw = False
343.9647 	EXP 	text_3: autoDraw = False
343.9647 	EXP 	secondcircle: autoDraw = False
343.9647 	EXP 	text_4: autoDraw = False
343.9647 	EXP 	text_4: autoDraw = True
344.4647 	EXP 	text_4: autoDraw = False
344.4814 	EXP 	firstcircle_3: autoDraw = True
346.5647 	EXP 	firstcircle_3: autoDraw = False
346.5813 	EXP 	text_3: autoDraw = True
347.5646 	EXP 	text_3: autoDraw = False
347.5813 	EXP 	secondcircle: autoDraw = True
351.0646 	EXP 	secondcircle: autoDraw = False
351.4666 	DATA 	Keypress: right
351.4679 	EXP 	New trial (rep=0, index=13): OrderedDict([('firstTime', 1.8), ('secondTime', 2.7), ('corrAns', 'right'), ('plusStart', 2.3), ('secondStart', 3.3), ('respStart', 6.0), ('randNum', 0.8590765890000001)])
351.4813 	EXP 	firstcircle_3: autoDraw = False
351.4813 	EXP 	text_3: autoDraw = False
351.4813 	EXP 	secondcircle: autoDraw = False
351.4813 	EXP 	text_4: autoDraw = False
351.4813 	EXP 	text_4: autoDraw = True
351.9813 	EXP 	text_4: autoDraw = False
351.9979 	EXP 	firstcircle_3: autoDraw = True
353.7813 	EXP 	firstcircle_3: autoDraw = False
353.7979 	EXP 	text_3: autoDraw = True
354.7813 	EXP 	text_3: autoDraw = False
354.7979 	EXP 	secondcircle: autoDraw = True
357.4812 	EXP 	secondcircle: autoDraw = False
358.0498 	DATA 	Keypress: right
358.0511 	EXP 	New trial (rep=0, index=14): OrderedDict([('firstTime', 1.4), ('secondTime', 0.7), ('corrAns', 'left'), ('plusStart', 1.9), ('secondStart', 2.9), ('respStart', 3.6), ('randNum', 0.413030013)])
358.0645 	EXP 	firstcircle_3: autoDraw = False
358.0645 	EXP 	text_3: autoDraw = False
358.0645 	EXP 	secondcircle: autoDraw = False
358.0645 	EXP 	text_4: autoDraw = False
358.0645 	EXP 	text_4: autoDraw = True
358.5645 	EXP 	text_4: autoDraw = False
358.5812 	EXP 	firstcircle_3: autoDraw = True
359.9645 	EXP 	firstcircle_3: autoDraw = False
359.9811 	EXP 	text_3: autoDraw = True
360.9645 	EXP 	text_3: autoDraw = False
360.9812 	EXP 	secondcircle: autoDraw = True
361.6645 	EXP 	secondcircle: autoDraw = False
362.7997 	DATA 	Keypress: left
362.8010 	EXP 	New trial (rep=0, index=15): OrderedDict([('firstTime', 3.6), ('secondTime', 3.2), ('corrAns', 'left'), ('plusStart', 4.1), ('secondStart', 5.1), ('respStart', 8.3), ('randNum', 0.12198344800000001)])
362.8144 	EXP 	firstcircle_3: autoDraw = False
362.8144 	EXP 	text_3: autoDraw = False
362.8144 	EXP 	secondcircle: autoDraw = False
362.8144 	EXP 	text_4: autoDraw = False
362.8144 	EXP 	text_4: autoDraw = True
363.3144 	EXP 	text_4: autoDraw = False
363.3311 	EXP 	firstcircle_3: autoDraw = True
366.9144 	EXP 	firstcircle_3: autoDraw = False
366.9311 	EXP 	text_3: autoDraw = True
367.9144 	EXP 	text_3: autoDraw = False
367.9310 	EXP 	secondcircle: autoDraw = True
371.1143 	EXP 	secondcircle: autoDraw = False
372.1163 	DATA 	Keypress: left
372.1177 	EXP 	New trial (rep=0, index=16): OrderedDict([('firstTime', 4.4), ('secondTime', 3.3), ('corrAns', 'left'), ('plusStart', 4.9), ('secondStart', 5.9), ('respStart', 9.2), ('randNum', 0.7908218929999999)])
372.1310 	EXP 	firstcircle_3: autoDraw = False
372.1310 	EXP 	text_3: autoDraw = False
372.1310 	EXP 	secondcircle: autoDraw = False
372.1310 	EXP 	text_4: autoDraw = False
372.1310 	EXP 	text_4: autoDraw = True
372.6310 	EXP 	text_4: autoDraw = False
372.6476 	EXP 	firstcircle_3: autoDraw = True
377.0309 	EXP 	firstcircle_3: autoDraw = False
377.0476 	EXP 	text_3: autoDraw = True
378.0309 	EXP 	text_3: autoDraw = False
378.0476 	EXP 	secondcircle: autoDraw = True
381.3309 	EXP 	secondcircle: autoDraw = False
381.9830 	DATA 	Keypress: left
381.9844 	EXP 	New trial (rep=0, index=17): OrderedDict([('firstTime', 3.5), ('secondTime', 2.1), ('corrAns', 'left'), ('plusStart', 4.0), ('secondStart', 5.0), ('respStart', 7.1), ('randNum', 0.149007794)])
381.9975 	EXP 	firstcircle_3: autoDraw = False
381.9975 	EXP 	text_3: autoDraw = False
381.9975 	EXP 	secondcircle: autoDraw = False
381.9975 	EXP 	text_4: autoDraw = False
381.9975 	EXP 	text_4: autoDraw = True
382.4975 	EXP 	text_4: autoDraw = False
382.5142 	EXP 	firstcircle_3: autoDraw = True
385.9975 	EXP 	firstcircle_3: autoDraw = False
386.0141 	EXP 	text_3: autoDraw = True
386.9975 	EXP 	text_3: autoDraw = False
387.0141 	EXP 	secondcircle: autoDraw = True
389.0974 	EXP 	secondcircle: autoDraw = False
389.9660 	DATA 	Keypress: left
389.9674 	EXP 	New trial (rep=0, index=18): OrderedDict([('firstTime', 1.8), ('secondTime', 1.2), ('corrAns', 'left'), ('plusStart', 2.3), ('secondStart', 3.3), ('respStart', 4.5), ('randNum', 0.44825194799999996)])
389.9807 	EXP 	firstcircle_3: autoDraw = False
389.9807 	EXP 	text_3: autoDraw = False
389.9807 	EXP 	secondcircle: autoDraw = False
389.9807 	EXP 	text_4: autoDraw = False
389.9807 	EXP 	text_4: autoDraw = True
390.4807 	EXP 	text_4: autoDraw = False
390.4974 	EXP 	firstcircle_3: autoDraw = True
392.2807 	EXP 	firstcircle_3: autoDraw = False
392.2974 	EXP 	text_3: autoDraw = True
393.2807 	EXP 	text_3: autoDraw = False
393.2974 	EXP 	secondcircle: autoDraw = True
394.4807 	EXP 	secondcircle: autoDraw = False
395.9826 	DATA 	Keypress: left
395.9840 	EXP 	New trial (rep=0, index=19): OrderedDict([('firstTime', 0.9), ('secondTime', 1.8), ('corrAns', 'right'), ('plusStart', 1.4), ('secondStart', 2.4), ('respStart', 4.2), ('randNum', 0.35938568299999996)])
395.9973 	EXP 	firstcircle_3: autoDraw = False
395.9973 	EXP 	text_3: autoDraw = False
395.9973 	EXP 	secondcircle: autoDraw = False
395.9973 	EXP 	text_4: autoDraw = False
395.9973 	EXP 	text_4: autoDraw = True
396.4973 	EXP 	text_4: autoDraw = False
396.5140 	EXP 	firstcircle_3: autoDraw = True
397.3973 	EXP 	firstcircle_3: autoDraw = False
397.4140 	EXP 	text_3: autoDraw = True
398.3973 	EXP 	text_3: autoDraw = False
398.4140 	EXP 	secondcircle: autoDraw = True
400.1973 	EXP 	secondcircle: autoDraw = False
400.5492 	DATA 	Keypress: right
400.5640 	EXP 	firstcircle_3: autoDraw = False
400.5640 	EXP 	text_3: autoDraw = False
400.5640 	EXP 	secondcircle: autoDraw = False
400.5640 	EXP 	text_4: autoDraw = False
400.5640 	EXP 	text_6: autoDraw = True
402.0661 	DATA 	Keypress: space
402.0744 	EXP 	Imported conditionsTime3.csv as conditions, 20 conditions, 7 params
402.0747 	EXP 	Created sequence: sequential, trialTypes=20, nReps=1, seed=None
402.0752 	EXP 	New trial (rep=0, index=0): OrderedDict([('firstTime', 2.7), ('secondTime', 1.8), ('corrAns', 'left'), ('plusStart', 3.2), ('secondStart', 4.2), ('respStart', 6.0), ('randNum', 0.09224181599999999)])
402.0806 	EXP 	text_6: autoDraw = False
402.0806 	EXP 	text_4: autoDraw = True
402.5806 	EXP 	text_4: autoDraw = False
402.5972 	EXP 	firstcircle_3: autoDraw = True
405.2806 	EXP 	firstcircle_3: autoDraw = False
405.2972 	EXP 	text_3: autoDraw = True
406.2806 	EXP 	text_3: autoDraw = False
406.2972 	EXP 	secondcircle: autoDraw = True
408.0805 	EXP 	secondcircle: autoDraw = False
408.8158 	DATA 	Keypress: left
408.8174 	EXP 	New trial (rep=0, index=1): OrderedDict([('firstTime', 1.8), ('secondTime', 2.7), ('corrAns', 'right'), ('plusStart', 2.3), ('secondStart', 3.3), ('respStart', 6.0), ('randNum', 0.320860695)])
408.8305 	EXP 	firstcircle_3: autoDraw = False
408.8305 	EXP 	text_3: autoDraw = False
408.8305 	EXP 	secondcircle: autoDraw = False
408.8305 	EXP 	text_4: autoDraw = False
408.8305 	EXP 	text_4: autoDraw = True
409.3305 	EXP 	text_4: autoDraw = False
409.3472 	EXP 	firstcircle_3: autoDraw = True
411.1305 	EXP 	firstcircle_3: autoDraw = False
411.1472 	EXP 	text_3: autoDraw = True
412.1305 	EXP 	text_3: autoDraw = False
412.1471 	EXP 	secondcircle: autoDraw = True
414.8304 	EXP 	secondcircle: autoDraw = False
415.2491 	DATA 	Keypress: right
415.2504 	EXP 	New trial (rep=0, index=2): OrderedDict([('firstTime', 0.7), ('secondTime', 1.4), ('corrAns', 'right'), ('plusStart', 1.2), ('secondStart', 2.2), ('respStart', 3.6), ('randNum', 0.091696964)])
415.2637 	EXP 	firstcircle_3: autoDraw = False
415.2637 	EXP 	text_3: autoDraw = False
415.2637 	EXP 	secondcircle: autoDraw = False
415.2637 	EXP 	text_4: autoDraw = False
415.2637 	EXP 	text_4: autoDraw = True
415.7637 	EXP 	text_4: autoDraw = False
415.7804 	EXP 	firstcircle_3: autoDraw = True
416.4638 	EXP 	firstcircle_3: autoDraw = False
416.4804 	EXP 	text_3: autoDraw = True
417.4638 	EXP 	text_3: autoDraw = False
417.4804 	EXP 	secondcircle: autoDraw = True
418.8637 	EXP 	secondcircle: autoDraw = False
419.6823 	DATA 	Keypress: left
419.6837 	EXP 	New trial (rep=0, index=3): OrderedDict([('firstTime', 4.4), ('secondTime', 3.3), ('corrAns', 'left'), ('plusStart', 4.9), ('secondStart', 5.9), ('respStart', 9.2), ('randNum', 0.010112259)])
419.6970 	EXP 	firstcircle_3: autoDraw = False
419.6970 	EXP 	text_3: autoDraw = False
419.6970 	EXP 	secondcircle: autoDraw = False
419.6970 	EXP 	text_4: autoDraw = False
419.6970 	EXP 	text_4: autoDraw = True
420.1970 	EXP 	text_4: autoDraw = False
420.2137 	EXP 	firstcircle_3: autoDraw = True
424.5970 	EXP 	firstcircle_3: autoDraw = False
424.6137 	EXP 	text_3: autoDraw = True
425.5969 	EXP 	text_3: autoDraw = False
425.6137 	EXP 	secondcircle: autoDraw = True
428.8969 	EXP 	secondcircle: autoDraw = False
430.2488 	DATA 	Keypress: right
430.2501 	EXP 	New trial (rep=0, index=4): OrderedDict([('firstTime', 0.9), ('secondTime', 1.8), ('corrAns', 'right'), ('plusStart', 1.4), ('secondStart', 2.4), ('respStart', 4.2), ('randNum', 0.877480265)])
430.2636 	EXP 	firstcircle_3: autoDraw = False
430.2636 	EXP 	text_3: autoDraw = False
430.2636 	EXP 	secondcircle: autoDraw = False
430.2636 	EXP 	text_4: autoDraw = False
430.2636 	EXP 	text_4: autoDraw = True
430.7636 	EXP 	text_4: autoDraw = False
430.7802 	EXP 	firstcircle_3: autoDraw = True
431.6635 	EXP 	firstcircle_3: autoDraw = False
431.6802 	EXP 	text_3: autoDraw = True
432.6635 	EXP 	text_3: autoDraw = False
432.6802 	EXP 	secondcircle: autoDraw = True
434.4635 	EXP 	secondcircle: autoDraw = False
434.8487 	DATA 	Keypress: right
434.8501 	EXP 	New trial (rep=0, index=5): OrderedDict([('firstTime', 1.8), ('secondTime', 0.9), ('corrAns', 'left'), ('plusStart', 2.3), ('secondStart', 3.3), ('respStart', 4.2), ('randNum', 0.74232345)])
434.8635 	EXP 	firstcircle_3: autoDraw = False
434.8635 	EXP 	text_3: autoDraw = False
434.8635 	EXP 	secondcircle: autoDraw = False
434.8635 	EXP 	text_4: autoDraw = False
434.8635 	EXP 	text_4: autoDraw = True
435.3635 	EXP 	text_4: autoDraw = False
435.3801 	EXP 	firstcircle_3: autoDraw = True
437.1634 	EXP 	firstcircle_3: autoDraw = False
437.1801 	EXP 	text_3: autoDraw = True
438.1634 	EXP 	text_3: autoDraw = False
438.1801 	EXP 	secondcircle: autoDraw = True
439.0634 	EXP 	secondcircle: autoDraw = False
439.8151 	DATA 	Keypress: left
439.8164 	EXP 	New trial (rep=0, index=6): OrderedDict([('firstTime', 1.8), ('secondTime', 1.2), ('corrAns', 'left'), ('plusStart', 2.3), ('secondStart', 3.3), ('respStart', 4.5), ('randNum', 0.307053849)])
439.8301 	EXP 	firstcircle_3: autoDraw = False
439.8301 	EXP 	text_3: autoDraw = False
439.8301 	EXP 	secondcircle: autoDraw = False
439.8301 	EXP 	text_4: autoDraw = False
439.8301 	EXP 	text_4: autoDraw = True
440.3301 	EXP 	text_4: autoDraw = False
440.3467 	EXP 	firstcircle_3: autoDraw = True
442.1300 	EXP 	firstcircle_3: autoDraw = False
442.1467 	EXP 	text_3: autoDraw = True
443.1301 	EXP 	text_3: autoDraw = False
443.1467 	EXP 	secondcircle: autoDraw = True
444.3300 	EXP 	secondcircle: autoDraw = False
445.1486 	DATA 	Keypress: left
445.1499 	EXP 	New trial (rep=0, index=7): OrderedDict([('firstTime', 3.6), ('secondTime', 3.2), ('corrAns', 'left'), ('plusStart', 4.1), ('secondStart', 5.1), ('respStart', 8.3), ('randNum', 0.331236492)])
445.1633 	EXP 	firstcircle_3: autoDraw = False
445.1633 	EXP 	text_3: autoDraw = False
445.1633 	EXP 	secondcircle: autoDraw = False
445.1633 	EXP 	text_4: autoDraw = False
445.1633 	EXP 	text_4: autoDraw = True
445.6633 	EXP 	text_4: autoDraw = False
445.6800 	EXP 	firstcircle_3: autoDraw = True
449.2633 	EXP 	firstcircle_3: autoDraw = False
449.2799 	EXP 	text_3: autoDraw = True
450.2633 	EXP 	text_3: autoDraw = False
450.2799 	EXP 	secondcircle: autoDraw = True
453.4633 	EXP 	secondcircle: autoDraw = False
453.9985 	DATA 	Keypress: left
453.9999 	EXP 	New trial (rep=0, index=8): OrderedDict([('firstTime', 2.5), ('secondTime', 1.5), ('corrAns', 'left'), ('plusStart', 3.0), ('secondStart', 4.0), ('respStart', 5.5), ('randNum', 0.778562476)])
454.0132 	EXP 	firstcircle_3: autoDraw = False
454.0132 	EXP 	text_3: autoDraw = False
454.0132 	EXP 	secondcircle: autoDraw = False
454.0132 	EXP 	text_4: autoDraw = False
454.0132 	EXP 	text_4: autoDraw = True
454.5133 	EXP 	text_4: autoDraw = False
454.5299 	EXP 	firstcircle_3: autoDraw = True
457.0132 	EXP 	firstcircle_3: autoDraw = False
457.0298 	EXP 	text_3: autoDraw = True
458.0132 	EXP 	text_3: autoDraw = False
458.0299 	EXP 	secondcircle: autoDraw = True
459.5132 	EXP 	secondcircle: autoDraw = False
460.0985 	DATA 	Keypress: left
460.0999 	EXP 	New trial (rep=0, index=9): OrderedDict([('firstTime', 1.2), ('secondTime', 1.8), ('corrAns', 'right'), ('plusStart', 1.7), ('secondStart', 2.7), ('respStart', 4.5), ('randNum', 0.18131893100000002)])
460.1131 	EXP 	firstcircle_3: autoDraw = False
460.1131 	EXP 	text_3: autoDraw = False
460.1131 	EXP 	secondcircle: autoDraw = False
460.1131 	EXP 	text_4: autoDraw = False
460.1131 	EXP 	text_4: autoDraw = True
460.6131 	EXP 	text_4: autoDraw = False
460.6298 	EXP 	firstcircle_3: autoDraw = True
461.8131 	EXP 	firstcircle_3: autoDraw = False
461.8298 	EXP 	text_3: autoDraw = True
462.8131 	EXP 	text_3: autoDraw = False
462.8298 	EXP 	secondcircle: autoDraw = True
464.6131 	EXP 	secondcircle: autoDraw = False
465.0150 	DATA 	Keypress: right
465.0164 	EXP 	New trial (rep=0, index=10): OrderedDict([('firstTime', 2.8), ('secondTime', 2.1), ('corrAns', 'left'), ('plusStart', 3.3), ('secondStart', 4.3), ('respStart', 6.4), ('randNum', 0.897215002)])
465.0297 	EXP 	firstcircle_3: autoDraw = False
465.0297 	EXP 	text_3: autoDraw = False
465.0297 	EXP 	secondcircle: autoDraw = False
465.0297 	EXP 	text_4: autoDraw = False
465.0297 	EXP 	text_4: autoDraw = True
465.5297 	EXP 	text_4: autoDraw = False
465.5464 	EXP 	firstcircle_3: autoDraw = True
468.3297 	EXP 	firstcircle_3: autoDraw = False
468.3464 	EXP 	text_3: autoDraw = True
469.3297 	EXP 	text_3: autoDraw = False
469.3463 	EXP 	secondcircle: autoDraw = True
471.4296 	EXP 	secondcircle: autoDraw = False
472.0984 	DATA 	Keypress: left
472.0997 	EXP 	New trial (rep=0, index=11): OrderedDict([('firstTime', 2.1), ('secondTime', 2.8), ('corrAns', 'right'), ('plusStart', 2.6), ('secondStart', 3.6), ('respStart', 6.4), ('randNum', 0.734438325)])
472.1130 	EXP 	firstcircle_3: autoDraw = False
472.1130 	EXP 	text_3: autoDraw = False
472.1130 	EXP 	secondcircle: autoDraw = False
472.1130 	EXP 	text_4: autoDraw = False
472.1130 	EXP 	text_4: autoDraw = True
472.6131 	EXP 	text_4: autoDraw = False
472.6296 	EXP 	firstcircle_3: autoDraw = True
474.7129 	EXP 	firstcircle_3: autoDraw = False
474.7296 	EXP 	text_3: autoDraw = True
475.7130 	EXP 	text_3: autoDraw = False
475.7296 	EXP 	secondcircle: autoDraw = True
478.5129 	EXP 	secondcircle: autoDraw = False
478.8482 	DATA 	Keypress: right
478.8495 	EXP 	New trial (rep=0, index=12): OrderedDict([('firstTime', 3.2), ('secondTime', 3.6), ('corrAns', 'right'), ('plusStart', 3.7), ('secondStart', 4.7), ('respStart', 8.3), ('randNum', 0.716372322)])
478.8629 	EXP 	firstcircle_3: autoDraw = False
478.8629 	EXP 	text_3: autoDraw = False
478.8629 	EXP 	secondcircle: autoDraw = False
478.8629 	EXP 	text_4: autoDraw = False
478.8629 	EXP 	text_4: autoDraw = True
479.3629 	EXP 	text_4: autoDraw = False
479.3795 	EXP 	firstcircle_3: autoDraw = True
482.5628 	EXP 	firstcircle_3: autoDraw = False
482.5795 	EXP 	text_3: autoDraw = True
483.5628 	EXP 	text_3: autoDraw = False
483.5795 	EXP 	secondcircle: autoDraw = True
487.1628 	EXP 	secondcircle: autoDraw = False
487.6978 	DATA 	Keypress: right
487.6991 	EXP 	New trial (rep=0, index=13): OrderedDict([('firstTime', 2.1), ('secondTime', 3.5), ('corrAns', 'right'), ('plusStart', 2.6), ('secondStart', 3.6), ('respStart', 7.1), ('randNum', 0.2797458)])
487.7128 	EXP 	firstcircle_3: autoDraw = False
487.7128 	EXP 	text_3: autoDraw = False
487.7128 	EXP 	secondcircle: autoDraw = False
487.7128 	EXP 	text_4: autoDraw = False
487.7128 	EXP 	text_4: autoDraw = True
488.2128 	EXP 	text_4: autoDraw = False
488.2294 	EXP 	firstcircle_3: autoDraw = True
490.3128 	EXP 	firstcircle_3: autoDraw = False
490.3295 	EXP 	text_3: autoDraw = True
491.3128 	EXP 	text_3: autoDraw = False
491.3294 	EXP 	secondcircle: autoDraw = True
494.8127 	EXP 	secondcircle: autoDraw = False
495.2313 	DATA 	Keypress: right
495.2326 	EXP 	New trial (rep=0, index=14): OrderedDict([('firstTime', 1.4), ('secondTime', 0.7), ('corrAns', 'left'), ('plusStart', 1.9), ('secondStart', 2.9), ('respStart', 3.6), ('randNum', 0.038284202)])
495.2460 	EXP 	firstcircle_3: autoDraw = False
495.2460 	EXP 	text_3: autoDraw = False
495.2460 	EXP 	secondcircle: autoDraw = False
495.2460 	EXP 	text_4: autoDraw = False
495.2460 	EXP 	text_4: autoDraw = True
495.7460 	EXP 	text_4: autoDraw = False
495.7626 	EXP 	firstcircle_3: autoDraw = True
497.1460 	EXP 	firstcircle_3: autoDraw = False
497.1626 	EXP 	text_3: autoDraw = True
498.1459 	EXP 	text_3: autoDraw = False
498.1627 	EXP 	secondcircle: autoDraw = True
498.8460 	EXP 	secondcircle: autoDraw = False
499.6979 	DATA 	Keypress: left
499.6993 	EXP 	New trial (rep=0, index=15): OrderedDict([('firstTime', 9.9), ('secondTime', 8.8), ('corrAns', 'left'), ('plusStart', 10.4), ('secondStart', 11.4), ('respStart', 20.2), ('randNum', 0.656448526)])
499.7127 	EXP 	firstcircle_3: autoDraw = False
499.7127 	EXP 	text_3: autoDraw = False
499.7127 	EXP 	secondcircle: autoDraw = False
499.7127 	EXP 	text_4: autoDraw = False
499.7127 	EXP 	text_4: autoDraw = True
500.2126 	EXP 	text_4: autoDraw = False
500.2293 	EXP 	firstcircle_3: autoDraw = True
510.1125 	EXP 	firstcircle_3: autoDraw = False
510.1291 	EXP 	text_3: autoDraw = True
511.1124 	EXP 	text_3: autoDraw = False
511.1291 	EXP 	secondcircle: autoDraw = True
519.9123 	EXP 	secondcircle: autoDraw = False
520.5809 	DATA 	Keypress: left
520.5823 	EXP 	New trial (rep=0, index=16): OrderedDict([('firstTime', 3.5), ('secondTime', 2.1), ('corrAns', 'left'), ('plusStart', 4.0), ('secondStart', 5.0), ('respStart', 7.1), ('randNum', 0.25078508899999996)])
520.5956 	EXP 	firstcircle_3: autoDraw = False
520.5956 	EXP 	text_3: autoDraw = False
520.5956 	EXP 	secondcircle: autoDraw = False
520.5956 	EXP 	text_4: autoDraw = False
520.5956 	EXP 	text_4: autoDraw = True
521.0956 	EXP 	text_4: autoDraw = False
521.1124 	EXP 	firstcircle_3: autoDraw = True
524.5956 	EXP 	firstcircle_3: autoDraw = False
524.6123 	EXP 	text_3: autoDraw = True
525.5956 	EXP 	text_3: autoDraw = False
525.6123 	EXP 	secondcircle: autoDraw = True
527.6955 	EXP 	secondcircle: autoDraw = False
528.4975 	DATA 	Keypress: left
528.4989 	EXP 	New trial (rep=0, index=17): OrderedDict([('firstTime', 8.8), ('secondTime', 9.9), ('corrAns', 'right'), ('plusStart', 9.3), ('secondStart', 10.3), ('respStart', 20.2), ('randNum', 0.055985873)])
528.5122 	EXP 	firstcircle_3: autoDraw = False
528.5122 	EXP 	text_3: autoDraw = False
528.5122 	EXP 	secondcircle: autoDraw = False
528.5122 	EXP 	text_4: autoDraw = False
528.5122 	EXP 	text_4: autoDraw = True
529.0122 	EXP 	text_4: autoDraw = False
529.0289 	EXP 	firstcircle_3: autoDraw = True
537.8121 	EXP 	firstcircle_3: autoDraw = False
537.8287 	EXP 	text_3: autoDraw = True
538.8121 	EXP 	text_3: autoDraw = False
538.8287 	EXP 	secondcircle: autoDraw = True
548.7120 	EXP 	secondcircle: autoDraw = False
549.1305 	DATA 	Keypress: right
549.1319 	EXP 	New trial (rep=0, index=18): OrderedDict([('firstTime', 1.5), ('secondTime', 2.5), ('corrAns', 'right'), ('plusStart', 2.0), ('secondStart', 3.0), ('respStart', 5.5), ('randNum', 0.279030548)])
549.1453 	EXP 	firstcircle_3: autoDraw = False
549.1453 	EXP 	text_3: autoDraw = False
549.1453 	EXP 	secondcircle: autoDraw = False
549.1453 	EXP 	text_4: autoDraw = False
549.1453 	EXP 	text_4: autoDraw = True
549.6453 	EXP 	text_4: autoDraw = False
549.6619 	EXP 	firstcircle_3: autoDraw = True
551.1452 	EXP 	firstcircle_3: autoDraw = False
551.1619 	EXP 	text_3: autoDraw = True
552.1452 	EXP 	text_3: autoDraw = False
552.1619 	EXP 	secondcircle: autoDraw = True
554.6452 	EXP 	secondcircle: autoDraw = False
555.1638 	DATA 	Keypress: left
555.1651 	EXP 	New trial (rep=0, index=19): OrderedDict([('firstTime', 3.3), ('secondTime', 4.4), ('corrAns', 'right'), ('plusStart', 3.8), ('secondStart', 4.8), ('respStart', 9.2), ('randNum', 0.6214470879999999)])
555.1785 	EXP 	firstcircle_3: autoDraw = False
555.1785 	EXP 	text_3: autoDraw = False
555.1785 	EXP 	secondcircle: autoDraw = False
555.1785 	EXP 	text_4: autoDraw = False
555.1785 	EXP 	text_4: autoDraw = True
555.6786 	EXP 	text_4: autoDraw = False
555.6952 	EXP 	firstcircle_3: autoDraw = True
558.9785 	EXP 	firstcircle_3: autoDraw = False
558.9951 	EXP 	text_3: autoDraw = True
559.9784 	EXP 	text_3: autoDraw = False
559.9951 	EXP 	secondcircle: autoDraw = True
564.3784 	EXP 	secondcircle: autoDraw = False
564.7137 	DATA 	Keypress: right
564.7284 	EXP 	firstcircle_3: autoDraw = False
564.7284 	EXP 	text_3: autoDraw = False
564.7284 	EXP 	secondcircle: autoDraw = False
564.7284 	EXP 	text_4: autoDraw = False
564.7284 	EXP 	text_7: autoDraw = True
566.9307 	DATA 	Keypress: space
566.9391 	EXP 	Imported conditionsTime4.csv as conditions, 20 conditions, 7 params
566.9395 	EXP 	Created sequence: sequential, trialTypes=20, nReps=1, seed=None
566.9399 	EXP 	New trial (rep=0, index=0): OrderedDict([('firstTime', 2.5), ('secondTime', 1.5), ('corrAns', 'left'), ('plusStart', 3.0), ('secondStart', 4.0), ('respStart', 5.5), ('randNum', 0.9526453340000001)])
566.9451 	EXP 	text_7: autoDraw = False
566.9451 	EXP 	text_4: autoDraw = True
567.4450 	EXP 	text_4: autoDraw = False
567.4617 	EXP 	firstcircle_3: autoDraw = True
569.9450 	EXP 	firstcircle_3: autoDraw = False
569.9617 	EXP 	text_3: autoDraw = True
570.9450 	EXP 	text_3: autoDraw = False
570.9616 	EXP 	secondcircle: autoDraw = True
572.4449 	EXP 	secondcircle: autoDraw = False
573.1969 	DATA 	Keypress: left
573.1985 	EXP 	New trial (rep=0, index=1): OrderedDict([('firstTime', 2.8), ('secondTime', 2.1), ('corrAns', 'left'), ('plusStart', 3.3), ('secondStart', 4.3), ('respStart', 6.4), ('randNum', 0.962497787)])
573.2117 	EXP 	firstcircle_3: autoDraw = False
573.2117 	EXP 	text_3: autoDraw = False
573.2117 	EXP 	secondcircle: autoDraw = False
573.2117 	EXP 	text_4: autoDraw = False
573.2117 	EXP 	text_4: autoDraw = True
573.7116 	EXP 	text_4: autoDraw = False
573.7283 	EXP 	firstcircle_3: autoDraw = True
576.5116 	EXP 	firstcircle_3: autoDraw = False
576.5282 	EXP 	text_3: autoDraw = True
577.5116 	EXP 	text_3: autoDraw = False
577.5282 	EXP 	secondcircle: autoDraw = True
579.6115 	EXP 	secondcircle: autoDraw = False
580.4801 	DATA 	Keypress: left
580.4816 	EXP 	New trial (rep=0, index=2): OrderedDict([('firstTime', 2.7), ('secondTime', 1.8), ('corrAns', 'left'), ('plusStart', 3.2), ('secondStart', 4.2), ('respStart', 6.0), ('randNum', 0.06690605599999999)])
580.4948 	EXP 	firstcircle_3: autoDraw = False
580.4948 	EXP 	text_3: autoDraw = False
580.4948 	EXP 	secondcircle: autoDraw = False
580.4948 	EXP 	text_4: autoDraw = False
580.4948 	EXP 	text_4: autoDraw = True
580.9948 	EXP 	text_4: autoDraw = False
581.0115 	EXP 	firstcircle_3: autoDraw = True
583.6948 	EXP 	firstcircle_3: autoDraw = False
583.7115 	EXP 	text_3: autoDraw = True
584.6948 	EXP 	text_3: autoDraw = False
584.7114 	EXP 	secondcircle: autoDraw = True
586.4948 	EXP 	secondcircle: autoDraw = False
587.1634 	DATA 	Keypress: left
587.1647 	EXP 	New trial (rep=0, index=3): OrderedDict([('firstTime', 8.8), ('secondTime', 9.9), ('corrAns', 'right'), ('plusStart', 9.3), ('secondStart', 10.3), ('respStart', 20.2), ('randNum', 0.09555333099999999)])
587.1781 	EXP 	firstcircle_3: autoDraw = False
587.1781 	EXP 	text_3: autoDraw = False
587.1781 	EXP 	secondcircle: autoDraw = False
587.1781 	EXP 	text_4: autoDraw = False
587.1781 	EXP 	text_4: autoDraw = True
587.6781 	EXP 	text_4: autoDraw = False
587.6947 	EXP 	firstcircle_3: autoDraw = True
596.4780 	EXP 	firstcircle_3: autoDraw = False
596.4946 	EXP 	text_3: autoDraw = True
597.4779 	EXP 	text_3: autoDraw = False
597.4946 	EXP 	secondcircle: autoDraw = True
607.3778 	EXP 	secondcircle: autoDraw = False
608.7962 	DATA 	Keypress: right
608.7976 	EXP 	New trial (rep=0, index=4): OrderedDict([('firstTime', 1.8), ('secondTime', 2.7), ('corrAns', 'right'), ('plusStart', 2.3), ('secondStart', 3.3), ('respStart', 6.0), ('randNum', 0.559320406)])
608.8111 	EXP 	firstcircle_3: autoDraw = False
608.8111 	EXP 	text_3: autoDraw = False
608.8111 	EXP 	secondcircle: autoDraw = False
608.8111 	EXP 	text_4: autoDraw = False
608.8111 	EXP 	text_4: autoDraw = True
609.3111 	EXP 	text_4: autoDraw = False
609.3278 	EXP 	firstcircle_3: autoDraw = True
611.1111 	EXP 	firstcircle_3: autoDraw = False
611.1278 	EXP 	text_3: autoDraw = True
612.1111 	EXP 	text_3: autoDraw = False
612.1278 	EXP 	secondcircle: autoDraw = True
614.8110 	EXP 	secondcircle: autoDraw = False
615.2129 	DATA 	Keypress: right
615.2143 	EXP 	New trial (rep=0, index=5): OrderedDict([('firstTime', 3.5), ('secondTime', 2.1), ('corrAns', 'left'), ('plusStart', 4.0), ('secondStart', 5.0), ('respStart', 7.1), ('randNum', 0.885130943)])
615.2277 	EXP 	firstcircle_3: autoDraw = False
615.2277 	EXP 	text_3: autoDraw = False
615.2277 	EXP 	secondcircle: autoDraw = False
615.2277 	EXP 	text_4: autoDraw = False
615.2277 	EXP 	text_4: autoDraw = True
615.7277 	EXP 	text_4: autoDraw = False
615.7444 	EXP 	firstcircle_3: autoDraw = True
619.2276 	EXP 	firstcircle_3: autoDraw = False
619.2443 	EXP 	text_3: autoDraw = True
620.2276 	EXP 	text_3: autoDraw = False
620.2444 	EXP 	secondcircle: autoDraw = True
622.3276 	EXP 	secondcircle: autoDraw = False
622.9628 	DATA 	Keypress: left
622.9642 	EXP 	New trial (rep=0, index=6): OrderedDict([('firstTime', 2.1), ('secondTime', 2.8), ('corrAns', 'right'), ('plusStart', 2.6), ('secondStart', 3.6), ('respStart', 6.4), ('randNum', 0.7843272990000001)])
622.9776 	EXP 	firstcircle_3: autoDraw = False
622.9776 	EXP 	text_3: autoDraw = False
622.9776 	EXP 	secondcircle: autoDraw = False
622.9776 	EXP 	text_4: autoDraw = False
622.9776 	EXP 	text_4: autoDraw = True
623.4776 	EXP 	text_4: autoDraw = False
623.4943 	EXP 	firstcircle_3: autoDraw = True
625.5776 	EXP 	firstcircle_3: autoDraw = False
625.5942 	EXP 	text_3: autoDraw = True
626.5775 	EXP 	text_3: autoDraw = False
626.5942 	EXP 	secondcircle: autoDraw = True
629.3775 	EXP 	secondcircle: autoDraw = False
629.7795 	DATA 	Keypress: right
629.7809 	EXP 	New trial (rep=0, index=7): OrderedDict([('firstTime', 4.4), ('secondTime', 3.3), ('corrAns', 'left'), ('plusStart', 4.9), ('secondStart', 5.9), ('respStart', 9.2), ('randNum', 0.594355042)])
629.7942 	EXP 	firstcircle_3: autoDraw = False
629.7942 	EXP 	text_3: autoDraw = False
629.7942 	EXP 	secondcircle: autoDraw = False
629.7942 	EXP 	text_4: autoDraw = False
629.7942 	EXP 	text_4: autoDraw = True
630.2942 	EXP 	text_4: autoDraw = False
630.3108 	EXP 	firstcircle_3: autoDraw = True
634.6941 	EXP 	firstcircle_3: autoDraw = False
634.7108 	EXP 	text_3: autoDraw = True
635.6941 	EXP 	text_3: autoDraw = False
635.7108 	EXP 	secondcircle: autoDraw = True
638.9940 	EXP 	secondcircle: autoDraw = False
641.0468 	DATA 	Keypress: left
641.0624 	EXP 	New trial (rep=0, index=8): OrderedDict([('firstTime', 0.9), ('secondTime', 1.8), ('corrAns', 'right'), ('plusStart', 1.4), ('secondStart', 2.4), ('respStart', 4.2), ('randNum', 0.39760777399999997)])
641.0774 	EXP 	firstcircle_3: autoDraw = False
641.0774 	EXP 	text_3: autoDraw = False
641.0774 	EXP 	secondcircle: autoDraw = False
641.0774 	EXP 	text_4: autoDraw = False
641.0774 	EXP 	text_4: autoDraw = True
641.5774 	EXP 	text_4: autoDraw = False
641.5941 	EXP 	firstcircle_3: autoDraw = True
642.4773 	EXP 	firstcircle_3: autoDraw = False
642.4940 	EXP 	text_3: autoDraw = True
643.4774 	EXP 	text_3: autoDraw = False
643.4940 	EXP 	secondcircle: autoDraw = True
645.2773 	EXP 	secondcircle: autoDraw = False
646.2470 	DATA 	Keypress: right
646.2622 	EXP 	New trial (rep=0, index=9): OrderedDict([('firstTime', 3.6), ('secondTime', 3.2), ('corrAns', 'left'), ('plusStart', 4.1), ('secondStart', 5.1), ('respStart', 8.3), ('randNum', 0.454525661)])
646.2773 	EXP 	firstcircle_3: autoDraw = False
646.2773 	EXP 	text_3: autoDraw = False
646.2773 	EXP 	secondcircle: autoDraw = False
646.2773 	EXP 	text_4: autoDraw = False
646.2773 	EXP 	text_4: autoDraw = True
646.7773 	EXP 	text_4: autoDraw = False
646.7939 	EXP 	firstcircle_3: autoDraw = True
650.3773 	EXP 	firstcircle_3: autoDraw = False
650.3940 	EXP 	text_3: autoDraw = True
651.3772 	EXP 	text_3: autoDraw = False
651.3939 	EXP 	secondcircle: autoDraw = True
654.5772 	EXP 	secondcircle: autoDraw = False
655.4625 	DATA 	Keypress: left
655.4638 	EXP 	New trial (rep=0, index=10): OrderedDict([('firstTime', 9.9), ('secondTime', 8.8), ('corrAns', 'left'), ('plusStart', 10.4), ('secondStart', 11.4), ('respStart', 20.2), ('randNum', 0.335173919)])
655.4772 	EXP 	firstcircle_3: autoDraw = False
655.4772 	EXP 	text_3: autoDraw = False
655.4772 	EXP 	secondcircle: autoDraw = False
655.4772 	EXP 	text_4: autoDraw = False
655.4772 	EXP 	text_4: autoDraw = True
655.9771 	EXP 	text_4: autoDraw = False
655.9938 	EXP 	firstcircle_3: autoDraw = True
665.8770 	EXP 	firstcircle_3: autoDraw = False
665.8937 	EXP 	text_3: autoDraw = True
666.8770 	EXP 	text_3: autoDraw = False
666.8937 	EXP 	secondcircle: autoDraw = True
675.6769 	EXP 	secondcircle: autoDraw = False
677.9788 	DATA 	Keypress: right
677.9801 	EXP 	New trial (rep=0, index=11): OrderedDict([('firstTime', 1.8), ('secondTime', 1.2), ('corrAns', 'left'), ('plusStart', 2.3), ('secondStart', 3.3), ('respStart', 4.5), ('randNum', 0.050156068)])
677.9936 	EXP 	firstcircle_3: autoDraw = False
677.9936 	EXP 	text_3: autoDraw = False
677.9936 	EXP 	secondcircle: autoDraw = False
677.9936 	EXP 	text_4: autoDraw = False
677.9936 	EXP 	text_4: autoDraw = True
678.4936 	EXP 	text_4: autoDraw = False
678.5102 	EXP 	firstcircle_3: autoDraw = True
680.2935 	EXP 	firstcircle_3: autoDraw = False
680.3102 	EXP 	text_3: autoDraw = True
681.2935 	EXP 	text_3: autoDraw = False
681.3101 	EXP 	secondcircle: autoDraw = True
682.4934 	EXP 	secondcircle: autoDraw = False
683.3622 	DATA 	Keypress: left
683.3635 	EXP 	New trial (rep=0, index=12): OrderedDict([('firstTime', 2.1), ('secondTime', 3.5), ('corrAns', 'right'), ('plusStart', 2.6), ('secondStart', 3.6), ('respStart', 7.1), ('randNum', 0.553210354)])
683.3768 	EXP 	firstcircle_3: autoDraw = False
683.3768 	EXP 	text_3: autoDraw = False
683.3768 	EXP 	secondcircle: autoDraw = False
683.3768 	EXP 	text_4: autoDraw = False
683.3768 	EXP 	text_4: autoDraw = True
683.8768 	EXP 	text_4: autoDraw = False
683.8934 	EXP 	firstcircle_3: autoDraw = True
685.9768 	EXP 	firstcircle_3: autoDraw = False
685.9934 	EXP 	text_3: autoDraw = True
686.9767 	EXP 	text_3: autoDraw = False
686.9934 	EXP 	secondcircle: autoDraw = True
690.4767 	EXP 	secondcircle: autoDraw = False
693.5619 	DATA 	Keypress: left
693.5632 	EXP 	New trial (rep=0, index=13): OrderedDict([('firstTime', 3.2), ('secondTime', 3.6), ('corrAns', 'right'), ('plusStart', 3.7), ('secondStart', 4.7), ('respStart', 8.3), ('randNum', 0.062598668)])
693.5767 	EXP 	firstcircle_3: autoDraw = False
693.5767 	EXP 	text_3: autoDraw = False
693.5767 	EXP 	secondcircle: autoDraw = False
693.5767 	EXP 	text_4: autoDraw = False
693.5767 	EXP 	text_4: autoDraw = True
694.0766 	EXP 	text_4: autoDraw = False
694.0933 	EXP 	firstcircle_3: autoDraw = True
697.2766 	EXP 	firstcircle_3: autoDraw = False
697.2933 	EXP 	text_3: autoDraw = True
698.2766 	EXP 	text_3: autoDraw = False
698.2933 	EXP 	secondcircle: autoDraw = True
701.8765 	EXP 	secondcircle: autoDraw = False
702.7284 	DATA 	Keypress: left
702.7297 	EXP 	New trial (rep=0, index=14): OrderedDict([('firstTime', 1.5), ('secondTime', 2.5), ('corrAns', 'right'), ('plusStart', 2.0), ('secondStart', 3.0), ('respStart', 5.5), ('randNum', 0.851613693)])
702.7433 	EXP 	firstcircle_3: autoDraw = False
702.7433 	EXP 	text_3: autoDraw = False
702.7433 	EXP 	secondcircle: autoDraw = False
702.7433 	EXP 	text_4: autoDraw = False
702.7433 	EXP 	text_4: autoDraw = True
703.2432 	EXP 	text_4: autoDraw = False
703.2598 	EXP 	firstcircle_3: autoDraw = True
704.7432 	EXP 	firstcircle_3: autoDraw = False
704.7598 	EXP 	text_3: autoDraw = True
705.7432 	EXP 	text_3: autoDraw = False
705.7598 	EXP 	secondcircle: autoDraw = True
708.2432 	EXP 	secondcircle: autoDraw = False
709.1117 	DATA 	Keypress: right
709.1130 	EXP 	New trial (rep=0, index=15): OrderedDict([('firstTime', 1.2), ('secondTime', 1.8), ('corrAns', 'right'), ('plusStart', 1.7), ('secondStart', 2.7), ('respStart', 4.5), ('randNum', 0.9561071459999999)])
709.1265 	EXP 	firstcircle_3: autoDraw = False
709.1265 	EXP 	text_3: autoDraw = False
709.1265 	EXP 	secondcircle: autoDraw = False
709.1265 	EXP 	text_4: autoDraw = False
709.1265 	EXP 	text_4: autoDraw = True
709.6265 	EXP 	text_4: autoDraw = False
709.6431 	EXP 	firstcircle_3: autoDraw = True
710.8265 	EXP 	firstcircle_3: autoDraw = False
710.8431 	EXP 	text_3: autoDraw = True
711.8264 	EXP 	text_3: autoDraw = False
711.8431 	EXP 	secondcircle: autoDraw = True
713.6264 	EXP 	secondcircle: autoDraw = False
714.3783 	DATA 	Keypress: left
714.3797 	EXP 	New trial (rep=0, index=16): OrderedDict([('firstTime', 3.3), ('secondTime', 4.4), ('corrAns', 'right'), ('plusStart', 3.8), ('secondStart', 4.8), ('respStart', 9.2), ('randNum', 0.25372748300000003)])
714.3930 	EXP 	firstcircle_3: autoDraw = False
714.3930 	EXP 	text_3: autoDraw = False
714.3930 	EXP 	secondcircle: autoDraw = False
714.3930 	EXP 	text_4: autoDraw = False
714.3930 	EXP 	text_4: autoDraw = True
714.8930 	EXP 	text_4: autoDraw = False
714.9097 	EXP 	firstcircle_3: autoDraw = True
718.1930 	EXP 	firstcircle_3: autoDraw = False
718.2096 	EXP 	text_3: autoDraw = True
719.1930 	EXP 	text_3: autoDraw = False
719.2096 	EXP 	secondcircle: autoDraw = True
723.5929 	EXP 	secondcircle: autoDraw = False
725.3282 	DATA 	Keypress: left
725.3295 	EXP 	New trial (rep=0, index=17): OrderedDict([('firstTime', 1.8), ('secondTime', 0.9), ('corrAns', 'left'), ('plusStart', 2.3), ('secondStart', 3.3), ('respStart', 4.2), ('randNum', 0.328250033)])
725.3429 	EXP 	firstcircle_3: autoDraw = False
725.3429 	EXP 	text_3: autoDraw = False
725.3429 	EXP 	secondcircle: autoDraw = False
725.3429 	EXP 	text_4: autoDraw = False
725.3429 	EXP 	text_4: autoDraw = True
725.8429 	EXP 	text_4: autoDraw = False
725.8595 	EXP 	firstcircle_3: autoDraw = True
727.6429 	EXP 	firstcircle_3: autoDraw = False
727.6596 	EXP 	text_3: autoDraw = True
728.6428 	EXP 	text_3: autoDraw = False
728.6595 	EXP 	secondcircle: autoDraw = True
729.5428 	EXP 	secondcircle: autoDraw = False
731.0615 	DATA 	Keypress: right
731.0628 	EXP 	New trial (rep=0, index=18): OrderedDict([('firstTime', 1.4), ('secondTime', 0.7), ('corrAns', 'left'), ('plusStart', 1.9), ('secondStart', 2.9), ('respStart', 3.6), ('randNum', 0.26139814899999997)])
731.0762 	EXP 	firstcircle_3: autoDraw = False
731.0762 	EXP 	text_3: autoDraw = False
731.0762 	EXP 	secondcircle: autoDraw = False
731.0762 	EXP 	text_4: autoDraw = False
731.0762 	EXP 	text_4: autoDraw = True
731.5762 	EXP 	text_4: autoDraw = False
731.5928 	EXP 	firstcircle_3: autoDraw = True
732.9761 	EXP 	firstcircle_3: autoDraw = False
732.9929 	EXP 	text_3: autoDraw = True
733.9761 	EXP 	text_3: autoDraw = False
733.9928 	EXP 	secondcircle: autoDraw = True
734.6761 	EXP 	secondcircle: autoDraw = False
736.3447 	DATA 	Keypress: left
736.3460 	EXP 	New trial (rep=0, index=19): OrderedDict([('firstTime', 0.7), ('secondTime', 1.4), ('corrAns', 'right'), ('plusStart', 1.2), ('secondStart', 2.2), ('respStart', 3.6), ('randNum', 0.515481866)])
736.3595 	EXP 	firstcircle_3: autoDraw = False
736.3595 	EXP 	text_3: autoDraw = False
736.3595 	EXP 	secondcircle: autoDraw = False
736.3595 	EXP 	text_4: autoDraw = False
736.3595 	EXP 	text_4: autoDraw = True
736.8594 	EXP 	text_4: autoDraw = False
736.8761 	EXP 	firstcircle_3: autoDraw = True
737.5594 	EXP 	firstcircle_3: autoDraw = False
737.5760 	EXP 	text_3: autoDraw = True
738.5594 	EXP 	text_3: autoDraw = False
738.5760 	EXP 	secondcircle: autoDraw = True
739.9594 	EXP 	secondcircle: autoDraw = False
741.7779 	DATA 	Keypress: right
741.7927 	EXP 	firstcircle_3: autoDraw = False
741.7927 	EXP 	text_3: autoDraw = False
741.7927 	EXP 	secondcircle: autoDraw = False
741.7927 	EXP 	text_4: autoDraw = False
741.7927 	EXP 	text_2: autoDraw = True
745.0605 	EXP 	window1: mouseVisible = True
