1.5826 	WARNING 	sounddevice audio lib was requested but not loaded: sounddevice not working
7.9818 	WARNING 	User requested fullscreen with size [1024  768], but screen is actually [1440, 900]. Using actual size
8.6349 	EXP 	Created window1 = Window(allowGUI=False, allowStencil=False, args=UNKNOWN, autoLog=True, bitsMode=UNKNOWN, blendMode='avg', color=array([0., 0., 0.]), colorSpace='rgb', fullscr=<method-wrapper '__getattribute__' of attributeSetter object at 0x1109fadd8>, gamma=None, kwargs=UNKNOWN, lms=UNKNOWN, monitor=<psychopy.monitors.calibTools.Monitor object at 0x113cf9ac8>, multiSample=False, name='window1', numSamples=2, pos=[0.0, 0.0], screen=0, size=array([2880, 1800]), stereo=False, units='norm', useFBO=True, useRetina=True, viewOri=0.0, viewPos=None, viewScale=None, waitBlanking=True, winType='pyglet')
8.6349 	EXP 	window1: recordFrameIntervals = False
8.8007 	EXP 	window1: recordFrameIntervals = True
8.9843 	EXP 	window1: recordFrameIntervals = False
9.1250 	EXP 	Created insRound1 = TextStim(__class__=<class 'psychopy.visual.text.TextStim'>, alignHoriz='center', alignVert='center', antialias=True, autoLog=True, bold=False, color='white', colorSpace='named', contrast=1.0, depth=0.0, flipHoriz=False, flipVert=False, font='Arial', fontFiles=[], height=0.07, italic=False, languageStyle='LTR', name='insRound1', opacity=1.0, ori=0, pos=array([0., 0.]), rgb=array([255., 255., 255.]), text=str(...), units='norm', win=Window(...), wrapWidth=1)
9.1347 	EXP 	Created text = TextStim(__class__=<class 'psychopy.visual.text.TextStim'>, alignHoriz='center', alignVert='center', antialias=True, autoLog=True, bold=False, color='white', colorSpace='named', contrast=1.0, depth=0.0, flipHoriz=False, flipVert=False, font='Arial', fontFiles=[], height=0.1, italic=False, languageStyle='LTR', name='text', opacity=1.0, ori=0, pos=array([0., 0.]), rgb=array([255., 255., 255.]), text='Block 1 starts\n\nPress space', units='norm', win=Window(...), wrapWidth=1)
9.1473 	EXP 	Created firstcircle_3 = Polygon(__class__=<class 'psychopy.visual.polygon.Polygon'>, autoDraw=False, autoLog=True, closeShape=True, color=method-wrapper(...), colorSpace=None, contrast=1.0, depth=0.0, fillColor=array([1., 1., 1.]), fillColorSpace='rgb', fillRGB=array([1., 1., 1.]), interpolate=True, lineColor=array([1., 1., 1.]), lineColorSpace='rgb', lineRGB=array([1., 1., 1.]), lineWidth=1, name='firstcircle_3', opacity=1.0, ori=array(0.), pos=array([0., 0.]), size=array([0.3, 0.5]), units='norm', vertices=ndarray(...), win=Window(...))
9.1507 	EXP 	Created text_3 = TextStim(__class__=<class 'psychopy.visual.text.TextStim'>, alignHoriz='center', alignVert='center', antialias=True, autoLog=True, bold=False, color='white', colorSpace='named', contrast=1.0, depth=-2.0, flipHoriz=False, flipVert=False, font='Arial', fontFiles=[], height=0.1, italic=False, languageStyle='LTR', name='text_3', opacity=1.0, ori=0, pos=array([0., 0.]), rgb=array([255., 255., 255.]), text='+', units='norm', win=Window(...), wrapWidth=1)
9.1536 	EXP 	Created secondcircle = Polygon(__class__=<class 'psychopy.visual.polygon.Polygon'>, autoDraw=False, autoLog=True, closeShape=True, color=method-wrapper(...), colorSpace=None, contrast=1.0, depth=-3.0, fillColor=array([-1., -1., -1.]), fillColorSpace='rgb', fillRGB=array([-1., -1., -1.]), interpolate=True, lineColor=array([-1., -1., -1.]), lineColorSpace='rgb', lineRGB=array([-1., -1., -1.]), lineWidth=1, name='secondcircle', opacity=1.0, ori=array(0.), pos=array([0., 0.]), size=array([0.3, 0.5]), units='norm', vertices=ndarray(...), win=Window(...))
9.1572 	EXP 	Created text_4 = TextStim(__class__=<class 'psychopy.visual.text.TextStim'>, alignHoriz='center', alignVert='center', antialias=True, autoLog=True, bold=False, color='white', colorSpace='named', contrast=1.0, depth=-4.0, flipHoriz=False, flipVert=False, font='Arial', fontFiles=[], height=0.1, italic=False, languageStyle='LTR', name='text_4', opacity=1.0, ori=0, pos=array([0., 0.]), rgb=array([255., 255., 255.]), text='next', units='norm', win=Window(...), wrapWidth=1)
9.1629 	EXP 	Created text_5 = TextStim(__class__=<class 'psychopy.visual.text.TextStim'>, alignHoriz='center', alignVert='center', antialias=True, autoLog=True, bold=False, color='white', colorSpace='named', contrast=1.0, depth=0.0, flipHoriz=False, flipVert=False, font='Arial', fontFiles=[], height=0.1, italic=False, languageStyle='LTR', name='text_5', opacity=1.0, ori=0, pos=array([0., 0.]), rgb=array([255., 255., 255.]), text='Block 2 starts\n\nPress space', units='norm', win=Window(...), wrapWidth=1)
9.1654 	EXP 	Created firstcircle_3 = Polygon(__class__=<class 'psychopy.visual.polygon.Polygon'>, autoDraw=False, autoLog=True, closeShape=True, color=method-wrapper(...), colorSpace=None, contrast=1.0, depth=0.0, fillColor=array([1., 1., 1.]), fillColorSpace='rgb', fillRGB=array([1., 1., 1.]), interpolate=True, lineColor=array([1., 1., 1.]), lineColorSpace='rgb', lineRGB=array([1., 1., 1.]), lineWidth=1, name='firstcircle_3', opacity=1.0, ori=array(0.), pos=array([0., 0.]), size=array([0.3, 0.5]), units='norm', vertices=ndarray(...), win=Window(...))
9.1673 	EXP 	Created text_3 = TextStim(__class__=<class 'psychopy.visual.text.TextStim'>, alignHoriz='center', alignVert='center', antialias=True, autoLog=True, bold=False, color='white', colorSpace='named', contrast=1.0, depth=-2.0, flipHoriz=False, flipVert=False, font='Arial', fontFiles=[], height=0.1, italic=False, languageStyle='LTR', name='text_3', opacity=1.0, ori=0, pos=array([0., 0.]), rgb=array([255., 255., 255.]), text='+', units='norm', win=Window(...), wrapWidth=1)
9.1700 	EXP 	Created secondcircle = Polygon(__class__=<class 'psychopy.visual.polygon.Polygon'>, autoDraw=False, autoLog=True, closeShape=True, color=method-wrapper(...), colorSpace=None, contrast=1.0, depth=-3.0, fillColor=array([-1., -1., -1.]), fillColorSpace='rgb', fillRGB=array([-1., -1., -1.]), interpolate=True, lineColor=array([-1., -1., -1.]), lineColorSpace='rgb', lineRGB=array([-1., -1., -1.]), lineWidth=1, name='secondcircle', opacity=1.0, ori=array(0.), pos=array([0., 0.]), size=array([0.3, 0.5]), units='norm', vertices=ndarray(...), win=Window(...))
9.1722 	EXP 	Created text_4 = TextStim(__class__=<class 'psychopy.visual.text.TextStim'>, alignHoriz='center', alignVert='center', antialias=True, autoLog=True, bold=False, color='white', colorSpace='named', contrast=1.0, depth=-4.0, flipHoriz=False, flipVert=False, font='Arial', fontFiles=[], height=0.1, italic=False, languageStyle='LTR', name='text_4', opacity=1.0, ori=0, pos=array([0., 0.]), rgb=array([255., 255., 255.]), text='next', units='norm', win=Window(...), wrapWidth=1)
9.1779 	EXP 	Created text_6 = TextStim(__class__=<class 'psychopy.visual.text.TextStim'>, alignHoriz='center', alignVert='center', antialias=True, autoLog=True, bold=False, color='white', colorSpace='named', contrast=1.0, depth=0.0, flipHoriz=False, flipVert=False, font='Arial', fontFiles=[], height=0.1, italic=False, languageStyle='LTR', name='text_6', opacity=1.0, ori=0, pos=array([0., 0.]), rgb=array([255., 255., 255.]), text='Block 3 starts\n\nPress space', units='norm', win=Window(...), wrapWidth=1)
9.1804 	EXP 	Created firstcircle_3 = Polygon(__class__=<class 'psychopy.visual.polygon.Polygon'>, autoDraw=False, autoLog=True, closeShape=True, color=method-wrapper(...), colorSpace=None, contrast=1.0, depth=0.0, fillColor=array([1., 1., 1.]), fillColorSpace='rgb', fillRGB=array([1., 1., 1.]), interpolate=True, lineColor=array([1., 1., 1.]), lineColorSpace='rgb', lineRGB=array([1., 1., 1.]), lineWidth=1, name='firstcircle_3', opacity=1.0, ori=array(0.), pos=array([0., 0.]), size=array([0.3, 0.5]), units='norm', vertices=ndarray(...), win=Window(...))
9.1824 	EXP 	Created text_3 = TextStim(__class__=<class 'psychopy.visual.text.TextStim'>, alignHoriz='center', alignVert='center', antialias=True, autoLog=True, bold=False, color='white', colorSpace='named', contrast=1.0, depth=-2.0, flipHoriz=False, flipVert=False, font='Arial', fontFiles=[], height=0.1, italic=False, languageStyle='LTR', name='text_3', opacity=1.0, ori=0, pos=array([0., 0.]), rgb=array([255., 255., 255.]), text='+', units='norm', win=Window(...), wrapWidth=1)
9.1850 	EXP 	Created secondcircle = Polygon(__class__=<class 'psychopy.visual.polygon.Polygon'>, autoDraw=False, autoLog=True, closeShape=True, color=method-wrapper(...), colorSpace=None, contrast=1.0, depth=-3.0, fillColor=array([-1., -1., -1.]), fillColorSpace='rgb', fillRGB=array([-1., -1., -1.]), interpolate=True, lineColor=array([-1., -1., -1.]), lineColorSpace='rgb', lineRGB=array([-1., -1., -1.]), lineWidth=1, name='secondcircle', opacity=1.0, ori=array(0.), pos=array([0., 0.]), size=array([0.3, 0.5]), units='norm', vertices=ndarray(...), win=Window(...))
9.1873 	EXP 	Created text_4 = TextStim(__class__=<class 'psychopy.visual.text.TextStim'>, alignHoriz='center', alignVert='center', antialias=True, autoLog=True, bold=False, color='white', colorSpace='named', contrast=1.0, depth=-4.0, flipHoriz=False, flipVert=False, font='Arial', fontFiles=[], height=0.1, italic=False, languageStyle='LTR', name='text_4', opacity=1.0, ori=0, pos=array([0., 0.]), rgb=array([255., 255., 255.]), text='next', units='norm', win=Window(...), wrapWidth=1)
9.1930 	EXP 	Created text_7 = TextStim(__class__=<class 'psychopy.visual.text.TextStim'>, alignHoriz='center', alignVert='center', antialias=True, autoLog=True, bold=False, color='white', colorSpace='named', contrast=1.0, depth=0.0, flipHoriz=False, flipVert=False, font='Arial', fontFiles=[], height=0.1, italic=False, languageStyle='LTR', name='text_7', opacity=1.0, ori=0, pos=array([0., 0.]), rgb=array([255., 255., 255.]), text='Block 4 starts\n\nPress space', units='norm', win=Window(...), wrapWidth=1)
9.1956 	EXP 	Created firstcircle_3 = Polygon(__class__=<class 'psychopy.visual.polygon.Polygon'>, autoDraw=False, autoLog=True, closeShape=True, color=method-wrapper(...), colorSpace=None, contrast=1.0, depth=0.0, fillColor=array([1., 1., 1.]), fillColorSpace='rgb', fillRGB=array([1., 1., 1.]), interpolate=True, lineColor=array([1., 1., 1.]), lineColorSpace='rgb', lineRGB=array([1., 1., 1.]), lineWidth=1, name='firstcircle_3', opacity=1.0, ori=array(0.), pos=array([0., 0.]), size=array([0.3, 0.5]), units='norm', vertices=ndarray(...), win=Window(...))
9.1975 	EXP 	Created text_3 = TextStim(__class__=<class 'psychopy.visual.text.TextStim'>, alignHoriz='center', alignVert='center', antialias=True, autoLog=True, bold=False, color='white', colorSpace='named', contrast=1.0, depth=-2.0, flipHoriz=False, flipVert=False, font='Arial', fontFiles=[], height=0.1, italic=False, languageStyle='LTR', name='text_3', opacity=1.0, ori=0, pos=array([0., 0.]), rgb=array([255., 255., 255.]), text='+', units='norm', win=Window(...), wrapWidth=1)
9.2000 	EXP 	Created secondcircle = Polygon(__class__=<class 'psychopy.visual.polygon.Polygon'>, autoDraw=False, autoLog=True, closeShape=True, color=method-wrapper(...), colorSpace=None, contrast=1.0, depth=-3.0, fillColor=array([-1., -1., -1.]), fillColorSpace='rgb', fillRGB=array([-1., -1., -1.]), interpolate=True, lineColor=array([-1., -1., -1.]), lineColorSpace='rgb', lineRGB=array([-1., -1., -1.]), lineWidth=1, name='secondcircle', opacity=1.0, ori=array(0.), pos=array([0., 0.]), size=array([0.3, 0.5]), units='norm', vertices=ndarray(...), win=Window(...))
9.2022 	EXP 	Created text_4 = TextStim(__class__=<class 'psychopy.visual.text.TextStim'>, alignHoriz='center', alignVert='center', antialias=True, autoLog=True, bold=False, color='white', colorSpace='named', contrast=1.0, depth=-4.0, flipHoriz=False, flipVert=False, font='Arial', fontFiles=[], height=0.1, italic=False, languageStyle='LTR', name='text_4', opacity=1.0, ori=0, pos=array([0., 0.]), rgb=array([255., 255., 255.]), text='next', units='norm', win=Window(...), wrapWidth=1)
9.2062 	EXP 	Created text_2 = TextStim(__class__=<class 'psychopy.visual.text.TextStim'>, alignHoriz='center', alignVert='center', antialias=True, autoLog=True, bold=False, color='white', colorSpace='named', contrast=1.0, depth=0.0, flipHoriz=False, flipVert=False, font='Arial', fontFiles=[], height=0.1, italic=False, languageStyle='LTR', name='text_2', opacity=1.0, ori=0, pos=array([0., 0.]), rgb=array([255., 255., 255.]), text='The end', units='norm', win=Window(...), wrapWidth=1)
9.2173 	EXP 	insRound1: autoDraw = True
62.4868 	DATA 	Keypress: space
62.4999 	EXP 	insRound1: autoDraw = False
62.4999 	EXP 	text: autoDraw = True
64.7855 	DATA 	Keypress: space
64.8095 	EXP 	Imported conditionsTime.csv as conditions, 20 conditions, 7 params
64.8098 	EXP 	Created sequence: sequential, trialTypes=20, nReps=1, seed=None
64.8103 	EXP 	New trial (rep=0, index=0): OrderedDict([('firstTime', 1.8), ('secondTime', 1.2), ('corrAns', 'left'), ('plusStart', 2.3), ('secondStart', 3.3), ('respStart', 4.5), ('randNum', 0.17368025899999998)])
64.8166 	EXP 	text: autoDraw = False
64.8166 	EXP 	text_4: autoDraw = True
65.3165 	EXP 	text_4: autoDraw = False
65.3331 	EXP 	firstcircle_3: autoDraw = True
67.1165 	EXP 	firstcircle_3: autoDraw = False
67.1331 	EXP 	text_3: autoDraw = True
68.1164 	EXP 	text_3: autoDraw = False
68.1331 	EXP 	secondcircle: autoDraw = True
69.3164 	EXP 	secondcircle: autoDraw = False
70.0523 	DATA 	Keypress: left
70.0540 	EXP 	New trial (rep=0, index=1): OrderedDict([('firstTime', 3.6), ('secondTime', 3.2), ('corrAns', 'left'), ('plusStart', 4.1), ('secondStart', 5.1), ('respStart', 8.3), ('randNum', 0.41458448299999995)])
70.0664 	EXP 	firstcircle_3: autoDraw = False
70.0664 	EXP 	text_3: autoDraw = False
70.0664 	EXP 	secondcircle: autoDraw = False
70.0664 	EXP 	text_4: autoDraw = False
70.0664 	EXP 	text_4: autoDraw = True
70.5664 	EXP 	text_4: autoDraw = False
70.5831 	EXP 	firstcircle_3: autoDraw = True
74.1664 	EXP 	firstcircle_3: autoDraw = False
74.1830 	EXP 	text_3: autoDraw = True
75.1664 	EXP 	text_3: autoDraw = False
75.1830 	EXP 	secondcircle: autoDraw = True
78.3663 	EXP 	secondcircle: autoDraw = False
78.9016 	DATA 	Keypress: right
78.9039 	EXP 	New trial (rep=0, index=2): OrderedDict([('firstTime', 2.5), ('secondTime', 1.5), ('corrAns', 'left'), ('plusStart', 3.0), ('secondStart', 4.0), ('respStart', 5.5), ('randNum', 0.148607464)])
78.9163 	EXP 	firstcircle_3: autoDraw = False
78.9163 	EXP 	text_3: autoDraw = False
78.9163 	EXP 	secondcircle: autoDraw = False
78.9163 	EXP 	text_4: autoDraw = False
78.9163 	EXP 	text_4: autoDraw = True
79.4163 	EXP 	text_4: autoDraw = False
79.4330 	EXP 	firstcircle_3: autoDraw = True
81.9163 	EXP 	firstcircle_3: autoDraw = False
81.9329 	EXP 	text_3: autoDraw = True
82.9162 	EXP 	text_3: autoDraw = False
82.9329 	EXP 	secondcircle: autoDraw = True
84.4162 	EXP 	secondcircle: autoDraw = False
86.3682 	DATA 	Keypress: right
86.3696 	EXP 	New trial (rep=0, index=3): OrderedDict([('firstTime', 1.8), ('secondTime', 2.7), ('corrAns', 'right'), ('plusStart', 2.3), ('secondStart', 3.3), ('respStart', 6.0), ('randNum', 0.13554984)])
86.3829 	EXP 	firstcircle_3: autoDraw = False
86.3829 	EXP 	text_3: autoDraw = False
86.3829 	EXP 	secondcircle: autoDraw = False
86.3829 	EXP 	text_4: autoDraw = False
86.3829 	EXP 	text_4: autoDraw = True
86.8829 	EXP 	text_4: autoDraw = False
86.8995 	EXP 	firstcircle_3: autoDraw = True
88.6828 	EXP 	firstcircle_3: autoDraw = False
88.6995 	EXP 	text_3: autoDraw = True
89.6828 	EXP 	text_3: autoDraw = False
89.6995 	EXP 	secondcircle: autoDraw = True
92.3828 	EXP 	secondcircle: autoDraw = False
92.8509 	DATA 	Keypress: right
92.8518 	EXP 	New trial (rep=0, index=4): OrderedDict([('firstTime', 1.2), ('secondTime', 1.8), ('corrAns', 'right'), ('plusStart', 1.7), ('secondStart', 2.7), ('respStart', 4.5), ('randNum', 0.309174352)])
92.8661 	EXP 	firstcircle_3: autoDraw = False
92.8661 	EXP 	text_3: autoDraw = False
92.8661 	EXP 	secondcircle: autoDraw = False
92.8661 	EXP 	text_4: autoDraw = False
92.8661 	EXP 	text_4: autoDraw = True
93.3661 	EXP 	text_4: autoDraw = False
93.3828 	EXP 	firstcircle_3: autoDraw = True
94.5661 	EXP 	firstcircle_3: autoDraw = False
94.5828 	EXP 	text_3: autoDraw = True
95.5661 	EXP 	text_3: autoDraw = False
95.5827 	EXP 	secondcircle: autoDraw = True
97.3661 	EXP 	secondcircle: autoDraw = False
97.7679 	DATA 	Keypress: right
97.7693 	EXP 	New trial (rep=0, index=5): OrderedDict([('firstTime', 8.8), ('secondTime', 9.9), ('corrAns', 'right'), ('plusStart', 9.3), ('secondStart', 10.3), ('respStart', 20.2), ('randNum', 0.7009299529999999)])
97.7827 	EXP 	firstcircle_3: autoDraw = False
97.7827 	EXP 	text_3: autoDraw = False
97.7827 	EXP 	secondcircle: autoDraw = False
97.7827 	EXP 	text_4: autoDraw = False
97.7827 	EXP 	text_4: autoDraw = True
98.2828 	EXP 	text_4: autoDraw = False
98.2994 	EXP 	firstcircle_3: autoDraw = True
107.0826 	EXP 	firstcircle_3: autoDraw = False
107.0993 	EXP 	text_3: autoDraw = True
108.0826 	EXP 	text_3: autoDraw = False
108.0992 	EXP 	secondcircle: autoDraw = True
117.9824 	EXP 	secondcircle: autoDraw = False
118.5012 	DATA 	Keypress: right
118.5174 	EXP 	New trial (rep=0, index=6): OrderedDict([('firstTime', 3.3), ('secondTime', 4.4), ('corrAns', 'right'), ('plusStart', 3.8), ('secondStart', 4.8), ('respStart', 9.2), ('randNum', 0.705723743)])
118.5324 	EXP 	firstcircle_3: autoDraw = False
118.5324 	EXP 	text_3: autoDraw = False
118.5324 	EXP 	secondcircle: autoDraw = False
118.5324 	EXP 	text_4: autoDraw = False
118.5324 	EXP 	text_4: autoDraw = True
119.0324 	EXP 	text_4: autoDraw = False
119.0491 	EXP 	firstcircle_3: autoDraw = True
122.3324 	EXP 	firstcircle_3: autoDraw = False
122.3490 	EXP 	text_3: autoDraw = True
123.3324 	EXP 	text_3: autoDraw = False
123.3490 	EXP 	secondcircle: autoDraw = True
127.7323 	EXP 	secondcircle: autoDraw = False
128.1174 	DATA 	Keypress: right
128.1188 	EXP 	New trial (rep=0, index=7): OrderedDict([('firstTime', 3.5), ('secondTime', 2.1), ('corrAns', 'left'), ('plusStart', 4.0), ('secondStart', 5.0), ('respStart', 7.1), ('randNum', 0.544523215)])
128.1323 	EXP 	firstcircle_3: autoDraw = False
128.1323 	EXP 	text_3: autoDraw = False
128.1323 	EXP 	secondcircle: autoDraw = False
128.1323 	EXP 	text_4: autoDraw = False
128.1323 	EXP 	text_4: autoDraw = True
128.6323 	EXP 	text_4: autoDraw = False
128.6490 	EXP 	firstcircle_3: autoDraw = True
132.1322 	EXP 	firstcircle_3: autoDraw = False
132.1489 	EXP 	text_3: autoDraw = True
133.1322 	EXP 	text_3: autoDraw = False
133.1490 	EXP 	secondcircle: autoDraw = True
135.2322 	EXP 	secondcircle: autoDraw = False
136.6175 	DATA 	Keypress: left
136.6188 	EXP 	New trial (rep=0, index=8): OrderedDict([('firstTime', 1.4), ('secondTime', 0.7), ('corrAns', 'left'), ('plusStart', 1.9), ('secondStart', 2.9), ('respStart', 3.6), ('randNum', 0.53553232)])
136.6322 	EXP 	firstcircle_3: autoDraw = False
136.6322 	EXP 	text_3: autoDraw = False
136.6322 	EXP 	secondcircle: autoDraw = False
136.6322 	EXP 	text_4: autoDraw = False
136.6322 	EXP 	text_4: autoDraw = True
137.1322 	EXP 	text_4: autoDraw = False
137.1488 	EXP 	firstcircle_3: autoDraw = True
138.5322 	EXP 	firstcircle_3: autoDraw = False
138.5488 	EXP 	text_3: autoDraw = True
139.1506 	DATA 	Keypress: left
139.5321 	EXP 	text_3: autoDraw = False
139.5488 	EXP 	secondcircle: autoDraw = True
140.2322 	EXP 	secondcircle: autoDraw = False
142.0341 	DATA 	Keypress: left
142.0355 	EXP 	New trial (rep=0, index=9): OrderedDict([('firstTime', 4.4), ('secondTime', 3.3), ('corrAns', 'left'), ('plusStart', 4.9), ('secondStart', 5.9), ('respStart', 9.2), ('randNum', 0.255641654)])
142.0489 	EXP 	firstcircle_3: autoDraw = False
142.0489 	EXP 	text_3: autoDraw = False
142.0489 	EXP 	secondcircle: autoDraw = False
142.0489 	EXP 	text_4: autoDraw = False
142.0489 	EXP 	text_4: autoDraw = True
142.5488 	EXP 	text_4: autoDraw = False
142.5654 	EXP 	firstcircle_3: autoDraw = True
146.9487 	EXP 	firstcircle_3: autoDraw = False
146.9654 	EXP 	text_3: autoDraw = True
147.9487 	EXP 	text_3: autoDraw = False
147.9654 	EXP 	secondcircle: autoDraw = True
151.2487 	EXP 	secondcircle: autoDraw = False
152.2006 	DATA 	Keypress: left
152.2019 	EXP 	New trial (rep=0, index=10): OrderedDict([('firstTime', 3.2), ('secondTime', 3.6), ('corrAns', 'right'), ('plusStart', 3.7), ('secondStart', 4.7), ('respStart', 8.3), ('randNum', 0.140100939)])
152.2153 	EXP 	firstcircle_3: autoDraw = False
152.2153 	EXP 	text_3: autoDraw = False
152.2153 	EXP 	secondcircle: autoDraw = False
152.2153 	EXP 	text_4: autoDraw = False
152.2153 	EXP 	text_4: autoDraw = True
152.7153 	EXP 	text_4: autoDraw = False
152.7320 	EXP 	firstcircle_3: autoDraw = True
155.9153 	EXP 	firstcircle_3: autoDraw = False
155.9320 	EXP 	text_3: autoDraw = True
156.9152 	EXP 	text_3: autoDraw = False
156.9319 	EXP 	secondcircle: autoDraw = True
160.5152 	EXP 	secondcircle: autoDraw = False
162.5170 	DATA 	Keypress: left
162.5184 	EXP 	New trial (rep=0, index=11): OrderedDict([('firstTime', 2.8), ('secondTime', 2.1), ('corrAns', 'left'), ('plusStart', 3.3), ('secondStart', 4.3), ('respStart', 6.4), ('randNum', 0.019093293)])
162.5319 	EXP 	firstcircle_3: autoDraw = False
162.5319 	EXP 	text_3: autoDraw = False
162.5319 	EXP 	secondcircle: autoDraw = False
162.5319 	EXP 	text_4: autoDraw = False
162.5319 	EXP 	text_4: autoDraw = True
163.0318 	EXP 	text_4: autoDraw = False
163.0485 	EXP 	firstcircle_3: autoDraw = True
165.8318 	EXP 	firstcircle_3: autoDraw = False
165.8485 	EXP 	text_3: autoDraw = True
166.8318 	EXP 	text_3: autoDraw = False
166.8484 	EXP 	secondcircle: autoDraw = True
168.9317 	EXP 	secondcircle: autoDraw = False
170.0181 	DATA 	Keypress: left
170.0334 	EXP 	New trial (rep=0, index=12): OrderedDict([('firstTime', 0.9), ('secondTime', 1.8), ('corrAns', 'right'), ('plusStart', 1.4), ('secondStart', 2.4), ('respStart', 4.2), ('randNum', 0.461070472)])
170.0484 	EXP 	firstcircle_3: autoDraw = False
170.0484 	EXP 	text_3: autoDraw = False
170.0484 	EXP 	secondcircle: autoDraw = False
170.0484 	EXP 	text_4: autoDraw = False
170.0484 	EXP 	text_4: autoDraw = True
170.5484 	EXP 	text_4: autoDraw = False
170.5651 	EXP 	firstcircle_3: autoDraw = True
171.4484 	EXP 	firstcircle_3: autoDraw = False
171.4650 	EXP 	text_3: autoDraw = True
172.4484 	EXP 	text_3: autoDraw = False
172.4650 	EXP 	secondcircle: autoDraw = True
174.2484 	EXP 	secondcircle: autoDraw = False
174.6179 	DATA 	Keypress: right
174.6333 	EXP 	New trial (rep=0, index=13): OrderedDict([('firstTime', 2.1), ('secondTime', 2.8), ('corrAns', 'right'), ('plusStart', 2.6), ('secondStart', 3.6), ('respStart', 6.4), ('randNum', 0.22761601199999998)])
174.6483 	EXP 	firstcircle_3: autoDraw = False
174.6483 	EXP 	text_3: autoDraw = False
174.6483 	EXP 	secondcircle: autoDraw = False
174.6483 	EXP 	text_4: autoDraw = False
174.6483 	EXP 	text_4: autoDraw = True
175.1484 	EXP 	text_4: autoDraw = False
175.1651 	EXP 	firstcircle_3: autoDraw = True
177.2483 	EXP 	firstcircle_3: autoDraw = False
177.2650 	EXP 	text_3: autoDraw = True
178.2483 	EXP 	text_3: autoDraw = False
178.2650 	EXP 	secondcircle: autoDraw = True
181.0483 	EXP 	secondcircle: autoDraw = False
182.3669 	DATA 	Keypress: right
182.3683 	EXP 	New trial (rep=0, index=14): OrderedDict([('firstTime', 0.7), ('secondTime', 1.4), ('corrAns', 'right'), ('plusStart', 1.2), ('secondStart', 2.2), ('respStart', 3.6), ('randNum', 0.436550891)])
182.3816 	EXP 	firstcircle_3: autoDraw = False
182.3816 	EXP 	text_3: autoDraw = False
182.3816 	EXP 	secondcircle: autoDraw = False
182.3816 	EXP 	text_4: autoDraw = False
182.3816 	EXP 	text_4: autoDraw = True
182.8816 	EXP 	text_4: autoDraw = False
182.8982 	EXP 	firstcircle_3: autoDraw = True
183.5816 	EXP 	firstcircle_3: autoDraw = False
183.5982 	EXP 	text_3: autoDraw = True
184.5815 	EXP 	text_3: autoDraw = False
184.5982 	EXP 	secondcircle: autoDraw = True
185.9815 	EXP 	secondcircle: autoDraw = False
186.5334 	DATA 	Keypress: right
186.5348 	EXP 	New trial (rep=0, index=15): OrderedDict([('firstTime', 1.8), ('secondTime', 0.9), ('corrAns', 'left'), ('plusStart', 2.3), ('secondStart', 3.3), ('respStart', 4.2), ('randNum', 0.028891147000000002)])
186.5482 	EXP 	firstcircle_3: autoDraw = False
186.5482 	EXP 	text_3: autoDraw = False
186.5482 	EXP 	secondcircle: autoDraw = False
186.5482 	EXP 	text_4: autoDraw = False
186.5482 	EXP 	text_4: autoDraw = True
187.0482 	EXP 	text_4: autoDraw = False
187.0648 	EXP 	firstcircle_3: autoDraw = True
188.8481 	EXP 	firstcircle_3: autoDraw = False
188.8648 	EXP 	text_3: autoDraw = True
189.8481 	EXP 	text_3: autoDraw = False
189.8648 	EXP 	secondcircle: autoDraw = True
190.7481 	EXP 	secondcircle: autoDraw = False
191.4998 	DATA 	Keypress: left
191.5012 	EXP 	New trial (rep=0, index=16): OrderedDict([('firstTime', 2.7), ('secondTime', 1.8), ('corrAns', 'left'), ('plusStart', 3.2), ('secondStart', 4.2), ('respStart', 6.0), ('randNum', 0.277400549)])
191.5148 	EXP 	firstcircle_3: autoDraw = False
191.5148 	EXP 	text_3: autoDraw = False
191.5148 	EXP 	secondcircle: autoDraw = False
191.5148 	EXP 	text_4: autoDraw = False
191.5148 	EXP 	text_4: autoDraw = True
192.0148 	EXP 	text_4: autoDraw = False
192.0314 	EXP 	firstcircle_3: autoDraw = True
194.7147 	EXP 	firstcircle_3: autoDraw = False
194.7314 	EXP 	text_3: autoDraw = True
195.7147 	EXP 	text_3: autoDraw = False
195.7314 	EXP 	secondcircle: autoDraw = True
197.5147 	EXP 	secondcircle: autoDraw = False
198.2666 	DATA 	Keypress: left
198.2680 	EXP 	New trial (rep=0, index=17): OrderedDict([('firstTime', 9.9), ('secondTime', 8.8), ('corrAns', 'left'), ('plusStart', 10.4), ('secondStart', 11.4), ('respStart', 20.2), ('randNum', 0.9607848720000001)])
198.2814 	EXP 	firstcircle_3: autoDraw = False
198.2814 	EXP 	text_3: autoDraw = False
198.2814 	EXP 	secondcircle: autoDraw = False
198.2814 	EXP 	text_4: autoDraw = False
198.2814 	EXP 	text_4: autoDraw = True
198.7814 	EXP 	text_4: autoDraw = False
198.7981 	EXP 	firstcircle_3: autoDraw = True
208.6812 	EXP 	firstcircle_3: autoDraw = False
208.6979 	EXP 	text_3: autoDraw = True
209.6812 	EXP 	text_3: autoDraw = False
209.6979 	EXP 	secondcircle: autoDraw = True
218.4811 	EXP 	secondcircle: autoDraw = False
219.1664 	DATA 	Keypress: left
219.1677 	EXP 	New trial (rep=0, index=18): OrderedDict([('firstTime', 2.1), ('secondTime', 3.5), ('corrAns', 'right'), ('plusStart', 2.6), ('secondStart', 3.6), ('respStart', 7.1), ('randNum', 0.609327094)])
219.1811 	EXP 	firstcircle_3: autoDraw = False
219.1811 	EXP 	text_3: autoDraw = False
219.1811 	EXP 	secondcircle: autoDraw = False
219.1811 	EXP 	text_4: autoDraw = False
219.1811 	EXP 	text_4: autoDraw = True
219.6811 	EXP 	text_4: autoDraw = False
219.6977 	EXP 	firstcircle_3: autoDraw = True
221.7810 	EXP 	firstcircle_3: autoDraw = False
221.7977 	EXP 	text_3: autoDraw = True
222.7811 	EXP 	text_3: autoDraw = False
222.7977 	EXP 	secondcircle: autoDraw = True
226.2810 	EXP 	secondcircle: autoDraw = False
226.8996 	DATA 	Keypress: right
226.9010 	EXP 	New trial (rep=0, index=19): OrderedDict([('firstTime', 1.5), ('secondTime', 2.5), ('corrAns', 'right'), ('plusStart', 2.0), ('secondStart', 3.0), ('respStart', 5.5), ('randNum', 0.487304505)])
226.9143 	EXP 	firstcircle_3: autoDraw = False
226.9143 	EXP 	text_3: autoDraw = False
226.9143 	EXP 	secondcircle: autoDraw = False
226.9143 	EXP 	text_4: autoDraw = False
226.9143 	EXP 	text_4: autoDraw = True
227.4143 	EXP 	text_4: autoDraw = False
227.4310 	EXP 	firstcircle_3: autoDraw = True
228.9144 	EXP 	firstcircle_3: autoDraw = False
228.9310 	EXP 	text_3: autoDraw = True
229.9143 	EXP 	text_3: autoDraw = False
229.9309 	EXP 	secondcircle: autoDraw = True
232.4143 	EXP 	secondcircle: autoDraw = False
233.2995 	DATA 	Keypress: right
233.3143 	EXP 	firstcircle_3: autoDraw = False
233.3143 	EXP 	text_3: autoDraw = False
233.3143 	EXP 	secondcircle: autoDraw = False
233.3143 	EXP 	text_4: autoDraw = False
233.3143 	EXP 	text_5: autoDraw = True
235.3665 	DATA 	Keypress: space
235.3745 	EXP 	Imported conditionsTime2.csv as conditions, 20 conditions, 7 params
235.3749 	EXP 	Created sequence: sequential, trialTypes=20, nReps=1, seed=None
235.3753 	EXP 	New trial (rep=0, index=0): OrderedDict([('firstTime', 9.9), ('secondTime', 8.8), ('corrAns', 'left'), ('plusStart', 10.4), ('secondStart', 11.4), ('respStart', 20.2), ('randNum', 0.6005130679999999)])
235.3809 	EXP 	text_5: autoDraw = False
235.3809 	EXP 	text_4: autoDraw = True
235.8808 	EXP 	text_4: autoDraw = False
235.8976 	EXP 	firstcircle_3: autoDraw = True
245.7807 	EXP 	firstcircle_3: autoDraw = False
245.7974 	EXP 	text_3: autoDraw = True
246.7807 	EXP 	text_3: autoDraw = False
246.7974 	EXP 	secondcircle: autoDraw = True
255.5806 	EXP 	secondcircle: autoDraw = False
256.2325 	DATA 	Keypress: left
256.2341 	EXP 	New trial (rep=0, index=1): OrderedDict([('firstTime', 1.5), ('secondTime', 2.5), ('corrAns', 'right'), ('plusStart', 2.0), ('secondStart', 3.0), ('respStart', 5.5), ('randNum', 0.805142221)])
256.2473 	EXP 	firstcircle_3: autoDraw = False
256.2473 	EXP 	text_3: autoDraw = False
256.2473 	EXP 	secondcircle: autoDraw = False
256.2473 	EXP 	text_4: autoDraw = False
256.2473 	EXP 	text_4: autoDraw = True
256.7472 	EXP 	text_4: autoDraw = False
256.7639 	EXP 	firstcircle_3: autoDraw = True
258.2472 	EXP 	firstcircle_3: autoDraw = False
258.2639 	EXP 	text_3: autoDraw = True
259.2472 	EXP 	text_3: autoDraw = False
259.2639 	EXP 	secondcircle: autoDraw = True
261.7472 	EXP 	secondcircle: autoDraw = False
262.2325 	DATA 	Keypress: right
262.2339 	EXP 	New trial (rep=0, index=2): OrderedDict([('firstTime', 0.7), ('secondTime', 1.4), ('corrAns', 'right'), ('plusStart', 1.2), ('secondStart', 2.2), ('respStart', 3.6), ('randNum', 0.70587608)])
262.2472 	EXP 	firstcircle_3: autoDraw = False
262.2472 	EXP 	text_3: autoDraw = False
262.2472 	EXP 	secondcircle: autoDraw = False
262.2472 	EXP 	text_4: autoDraw = False
262.2472 	EXP 	text_4: autoDraw = True
262.7472 	EXP 	text_4: autoDraw = False
262.7638 	EXP 	firstcircle_3: autoDraw = True
263.4472 	EXP 	firstcircle_3: autoDraw = False
263.4638 	EXP 	text_3: autoDraw = True
264.4471 	EXP 	text_3: autoDraw = False
264.4638 	EXP 	secondcircle: autoDraw = True
265.8472 	EXP 	secondcircle: autoDraw = False
266.6823 	DATA 	Keypress: right
266.6837 	EXP 	New trial (rep=0, index=3): OrderedDict([('firstTime', 1.2), ('secondTime', 1.8), ('corrAns', 'right'), ('plusStart', 1.7), ('secondStart', 2.7), ('respStart', 4.5), ('randNum', 0.276216099)])
266.6971 	EXP 	firstcircle_3: autoDraw = False
266.6971 	EXP 	text_3: autoDraw = False
266.6971 	EXP 	secondcircle: autoDraw = False
266.6971 	EXP 	text_4: autoDraw = False
266.6971 	EXP 	text_4: autoDraw = True
267.1971 	EXP 	text_4: autoDraw = False
267.2138 	EXP 	firstcircle_3: autoDraw = True
268.3971 	EXP 	firstcircle_3: autoDraw = False
268.4137 	EXP 	text_3: autoDraw = True
269.3971 	EXP 	text_3: autoDraw = False
269.4137 	EXP 	secondcircle: autoDraw = True
271.1970 	EXP 	secondcircle: autoDraw = False
271.8991 	DATA 	Keypress: right
271.9005 	EXP 	New trial (rep=0, index=4): OrderedDict([('firstTime', 3.3), ('secondTime', 4.4), ('corrAns', 'right'), ('plusStart', 3.8), ('secondStart', 4.8), ('respStart', 9.2), ('randNum', 0.803512663)])
271.9138 	EXP 	firstcircle_3: autoDraw = False
271.9138 	EXP 	text_3: autoDraw = False
271.9138 	EXP 	secondcircle: autoDraw = False
271.9138 	EXP 	text_4: autoDraw = False
271.9138 	EXP 	text_4: autoDraw = True
272.4137 	EXP 	text_4: autoDraw = False
272.4304 	EXP 	firstcircle_3: autoDraw = True
275.7136 	EXP 	firstcircle_3: autoDraw = False
275.7303 	EXP 	text_3: autoDraw = True
276.7136 	EXP 	text_3: autoDraw = False
276.7303 	EXP 	secondcircle: autoDraw = True
281.1136 	EXP 	secondcircle: autoDraw = False
282.0155 	DATA 	Keypress: right
282.0168 	EXP 	New trial (rep=0, index=5): OrderedDict([('firstTime', 2.1), ('secondTime', 2.8), ('corrAns', 'right'), ('plusStart', 2.6), ('secondStart', 3.6), ('respStart', 6.4), ('randNum', 0.26721103399999996)])
282.0303 	EXP 	firstcircle_3: autoDraw = False
282.0303 	EXP 	text_3: autoDraw = False
282.0303 	EXP 	secondcircle: autoDraw = False
282.0303 	EXP 	text_4: autoDraw = False
282.0303 	EXP 	text_4: autoDraw = True
282.5303 	EXP 	text_4: autoDraw = False
282.5469 	EXP 	firstcircle_3: autoDraw = True
284.6302 	EXP 	firstcircle_3: autoDraw = False
284.6469 	EXP 	text_3: autoDraw = True
285.6302 	EXP 	text_3: autoDraw = False
285.6468 	EXP 	secondcircle: autoDraw = True
288.4302 	EXP 	secondcircle: autoDraw = False
289.5820 	DATA 	Keypress: right
289.5833 	EXP 	New trial (rep=0, index=6): OrderedDict([('firstTime', 2.8), ('secondTime', 2.1), ('corrAns', 'left'), ('plusStart', 3.3), ('secondStart', 4.3), ('respStart', 6.4), ('randNum', 0.1426323)])
289.5968 	EXP 	firstcircle_3: autoDraw = False
289.5968 	EXP 	text_3: autoDraw = False
289.5968 	EXP 	secondcircle: autoDraw = False
289.5968 	EXP 	text_4: autoDraw = False
289.5968 	EXP 	text_4: autoDraw = True
290.0968 	EXP 	text_4: autoDraw = False
290.1134 	EXP 	firstcircle_3: autoDraw = True
292.8967 	EXP 	firstcircle_3: autoDraw = False
292.9134 	EXP 	text_3: autoDraw = True
293.8967 	EXP 	text_3: autoDraw = False
293.9134 	EXP 	secondcircle: autoDraw = True
295.9967 	EXP 	secondcircle: autoDraw = False
297.4152 	DATA 	Keypress: left
297.4166 	EXP 	New trial (rep=0, index=7): OrderedDict([('firstTime', 2.7), ('secondTime', 1.8), ('corrAns', 'left'), ('plusStart', 3.2), ('secondStart', 4.2), ('respStart', 6.0), ('randNum', 0.15619143)])
297.4300 	EXP 	firstcircle_3: autoDraw = False
297.4300 	EXP 	text_3: autoDraw = False
297.4300 	EXP 	secondcircle: autoDraw = False
297.4300 	EXP 	text_4: autoDraw = False
297.4300 	EXP 	text_4: autoDraw = True
297.9300 	EXP 	text_4: autoDraw = False
297.9467 	EXP 	firstcircle_3: autoDraw = True
300.6300 	EXP 	firstcircle_3: autoDraw = False
300.6466 	EXP 	text_3: autoDraw = True
301.6300 	EXP 	text_3: autoDraw = False
301.6466 	EXP 	secondcircle: autoDraw = True
303.4299 	EXP 	secondcircle: autoDraw = False
304.5653 	DATA 	Keypress: right
304.5666 	EXP 	New trial (rep=0, index=8): OrderedDict([('firstTime', 8.8), ('secondTime', 9.9), ('corrAns', 'right'), ('plusStart', 9.3), ('secondStart', 10.3), ('respStart', 20.2), ('randNum', 0.549248995)])
304.5799 	EXP 	firstcircle_3: autoDraw = False
304.5799 	EXP 	text_3: autoDraw = False
304.5799 	EXP 	secondcircle: autoDraw = False
304.5799 	EXP 	text_4: autoDraw = False
304.5799 	EXP 	text_4: autoDraw = True
305.0799 	EXP 	text_4: autoDraw = False
305.0966 	EXP 	firstcircle_3: autoDraw = True
313.8798 	EXP 	firstcircle_3: autoDraw = False
313.8965 	EXP 	text_3: autoDraw = True
314.8798 	EXP 	text_3: autoDraw = False
314.8965 	EXP 	secondcircle: autoDraw = True
324.7796 	EXP 	secondcircle: autoDraw = False
325.3482 	DATA 	Keypress: right
325.3496 	EXP 	New trial (rep=0, index=9): OrderedDict([('firstTime', 2.5), ('secondTime', 1.5), ('corrAns', 'left'), ('plusStart', 3.0), ('secondStart', 4.0), ('respStart', 5.5), ('randNum', 0.358211186)])
325.3630 	EXP 	firstcircle_3: autoDraw = False
325.3630 	EXP 	text_3: autoDraw = False
325.3630 	EXP 	secondcircle: autoDraw = False
325.3630 	EXP 	text_4: autoDraw = False
325.3630 	EXP 	text_4: autoDraw = True
325.8630 	EXP 	text_4: autoDraw = False
325.8796 	EXP 	firstcircle_3: autoDraw = True
328.3629 	EXP 	firstcircle_3: autoDraw = False
328.3797 	EXP 	text_3: autoDraw = True
329.3629 	EXP 	text_3: autoDraw = False
329.3796 	EXP 	secondcircle: autoDraw = True
330.8629 	EXP 	secondcircle: autoDraw = False
331.9315 	DATA 	Keypress: left
331.9329 	EXP 	New trial (rep=0, index=10): OrderedDict([('firstTime', 1.8), ('secondTime', 0.9), ('corrAns', 'left'), ('plusStart', 2.3), ('secondStart', 3.3), ('respStart', 4.2), ('randNum', 0.907401646)])
331.9462 	EXP 	firstcircle_3: autoDraw = False
331.9462 	EXP 	text_3: autoDraw = False
331.9462 	EXP 	secondcircle: autoDraw = False
331.9462 	EXP 	text_4: autoDraw = False
331.9462 	EXP 	text_4: autoDraw = True
332.4463 	EXP 	text_4: autoDraw = False
332.4629 	EXP 	firstcircle_3: autoDraw = True
334.2462 	EXP 	firstcircle_3: autoDraw = False
334.2629 	EXP 	text_3: autoDraw = True
335.2462 	EXP 	text_3: autoDraw = False
335.2628 	EXP 	secondcircle: autoDraw = True
336.1462 	EXP 	secondcircle: autoDraw = False
337.2985 	DATA 	Keypress: left
337.2999 	EXP 	New trial (rep=0, index=11): OrderedDict([('firstTime', 3.2), ('secondTime', 3.6), ('corrAns', 'right'), ('plusStart', 3.7), ('secondStart', 4.7), ('respStart', 8.3), ('randNum', 0.40261677799999995)])
337.3128 	EXP 	firstcircle_3: autoDraw = False
337.3128 	EXP 	text_3: autoDraw = False
337.3128 	EXP 	secondcircle: autoDraw = False
337.3128 	EXP 	text_4: autoDraw = False
337.3128 	EXP 	text_4: autoDraw = True
337.8129 	EXP 	text_4: autoDraw = False
337.8295 	EXP 	firstcircle_3: autoDraw = True
341.0128 	EXP 	firstcircle_3: autoDraw = False
341.0295 	EXP 	text_3: autoDraw = True
342.0127 	EXP 	text_3: autoDraw = False
342.0294 	EXP 	secondcircle: autoDraw = True
345.6127 	EXP 	secondcircle: autoDraw = False
347.6146 	DATA 	Keypress: right
347.6160 	EXP 	New trial (rep=0, index=12): OrderedDict([('firstTime', 2.1), ('secondTime', 3.5), ('corrAns', 'right'), ('plusStart', 2.6), ('secondStart', 3.6), ('respStart', 7.1), ('randNum', 0.699018652)])
347.6293 	EXP 	firstcircle_3: autoDraw = False
347.6293 	EXP 	text_3: autoDraw = False
347.6293 	EXP 	secondcircle: autoDraw = False
347.6293 	EXP 	text_4: autoDraw = False
347.6293 	EXP 	text_4: autoDraw = True
348.1293 	EXP 	text_4: autoDraw = False
348.1460 	EXP 	firstcircle_3: autoDraw = True
350.2293 	EXP 	firstcircle_3: autoDraw = False
350.2460 	EXP 	text_3: autoDraw = True
351.2293 	EXP 	text_3: autoDraw = False
351.2460 	EXP 	secondcircle: autoDraw = True
354.7292 	EXP 	secondcircle: autoDraw = False
355.2145 	DATA 	Keypress: right
355.2159 	EXP 	New trial (rep=0, index=13): OrderedDict([('firstTime', 1.8), ('secondTime', 2.7), ('corrAns', 'right'), ('plusStart', 2.3), ('secondStart', 3.3), ('respStart', 6.0), ('randNum', 0.8590765890000001)])
355.2292 	EXP 	firstcircle_3: autoDraw = False
355.2292 	EXP 	text_3: autoDraw = False
355.2292 	EXP 	secondcircle: autoDraw = False
355.2292 	EXP 	text_4: autoDraw = False
355.2292 	EXP 	text_4: autoDraw = True
355.7293 	EXP 	text_4: autoDraw = False
355.7459 	EXP 	firstcircle_3: autoDraw = True
357.5292 	EXP 	firstcircle_3: autoDraw = False
357.5459 	EXP 	text_3: autoDraw = True
358.5292 	EXP 	text_3: autoDraw = False
358.5459 	EXP 	secondcircle: autoDraw = True
361.2292 	EXP 	secondcircle: autoDraw = False
362.9644 	DATA 	Keypress: right
362.9658 	EXP 	New trial (rep=0, index=14): OrderedDict([('firstTime', 1.4), ('secondTime', 0.7), ('corrAns', 'left'), ('plusStart', 1.9), ('secondStart', 2.9), ('respStart', 3.6), ('randNum', 0.413030013)])
362.9791 	EXP 	firstcircle_3: autoDraw = False
362.9791 	EXP 	text_3: autoDraw = False
362.9791 	EXP 	secondcircle: autoDraw = False
362.9791 	EXP 	text_4: autoDraw = False
362.9791 	EXP 	text_4: autoDraw = True
363.4791 	EXP 	text_4: autoDraw = False
363.4958 	EXP 	firstcircle_3: autoDraw = True
364.8791 	EXP 	firstcircle_3: autoDraw = False
364.8958 	EXP 	text_3: autoDraw = True
365.8791 	EXP 	text_3: autoDraw = False
365.8958 	EXP 	secondcircle: autoDraw = True
366.5791 	EXP 	secondcircle: autoDraw = False
368.2809 	DATA 	Keypress: left
368.2823 	EXP 	New trial (rep=0, index=15): OrderedDict([('firstTime', 3.6), ('secondTime', 3.2), ('corrAns', 'left'), ('plusStart', 4.1), ('secondStart', 5.1), ('respStart', 8.3), ('randNum', 0.12198344800000001)])
368.2958 	EXP 	firstcircle_3: autoDraw = False
368.2958 	EXP 	text_3: autoDraw = False
368.2958 	EXP 	secondcircle: autoDraw = False
368.2958 	EXP 	text_4: autoDraw = False
368.2958 	EXP 	text_4: autoDraw = True
368.7957 	EXP 	text_4: autoDraw = False
368.8124 	EXP 	firstcircle_3: autoDraw = True
372.3957 	EXP 	firstcircle_3: autoDraw = False
372.4124 	EXP 	text_3: autoDraw = True
373.3956 	EXP 	text_3: autoDraw = False
373.4123 	EXP 	secondcircle: autoDraw = True
376.5956 	EXP 	secondcircle: autoDraw = False
377.8142 	DATA 	Keypress: right
377.8156 	EXP 	New trial (rep=0, index=16): OrderedDict([('firstTime', 4.4), ('secondTime', 3.3), ('corrAns', 'left'), ('plusStart', 4.9), ('secondStart', 5.9), ('respStart', 9.2), ('randNum', 0.7908218929999999)])
377.8289 	EXP 	firstcircle_3: autoDraw = False
377.8289 	EXP 	text_3: autoDraw = False
377.8289 	EXP 	secondcircle: autoDraw = False
377.8289 	EXP 	text_4: autoDraw = False
377.8289 	EXP 	text_4: autoDraw = True
378.3289 	EXP 	text_4: autoDraw = False
378.3456 	EXP 	firstcircle_3: autoDraw = True
382.7289 	EXP 	firstcircle_3: autoDraw = False
382.7455 	EXP 	text_3: autoDraw = True
383.7289 	EXP 	text_3: autoDraw = False
383.7455 	EXP 	secondcircle: autoDraw = True
387.0289 	EXP 	secondcircle: autoDraw = False
387.8141 	DATA 	Keypress: left
387.8155 	EXP 	New trial (rep=0, index=17): OrderedDict([('firstTime', 3.5), ('secondTime', 2.1), ('corrAns', 'left'), ('plusStart', 4.0), ('secondStart', 5.0), ('respStart', 7.1), ('randNum', 0.149007794)])
387.8288 	EXP 	firstcircle_3: autoDraw = False
387.8288 	EXP 	text_3: autoDraw = False
387.8288 	EXP 	secondcircle: autoDraw = False
387.8288 	EXP 	text_4: autoDraw = False
387.8288 	EXP 	text_4: autoDraw = True
388.3288 	EXP 	text_4: autoDraw = False
388.3454 	EXP 	firstcircle_3: autoDraw = True
391.8287 	EXP 	firstcircle_3: autoDraw = False
391.8454 	EXP 	text_3: autoDraw = True
392.8287 	EXP 	text_3: autoDraw = False
392.8454 	EXP 	secondcircle: autoDraw = True
394.9287 	EXP 	secondcircle: autoDraw = False
395.8478 	DATA 	Keypress: left
395.8637 	EXP 	New trial (rep=0, index=18): OrderedDict([('firstTime', 1.8), ('secondTime', 1.2), ('corrAns', 'left'), ('plusStart', 2.3), ('secondStart', 3.3), ('respStart', 4.5), ('randNum', 0.44825194799999996)])
395.8787 	EXP 	firstcircle_3: autoDraw = False
395.8787 	EXP 	text_3: autoDraw = False
395.8787 	EXP 	secondcircle: autoDraw = False
395.8787 	EXP 	text_4: autoDraw = False
395.8787 	EXP 	text_4: autoDraw = True
396.3787 	EXP 	text_4: autoDraw = False
396.3954 	EXP 	firstcircle_3: autoDraw = True
398.1787 	EXP 	firstcircle_3: autoDraw = False
398.1953 	EXP 	text_3: autoDraw = True
399.1786 	EXP 	text_3: autoDraw = False
399.1953 	EXP 	secondcircle: autoDraw = True
400.3787 	EXP 	secondcircle: autoDraw = False
400.9805 	DATA 	Keypress: left
400.9819 	EXP 	New trial (rep=0, index=19): OrderedDict([('firstTime', 0.9), ('secondTime', 1.8), ('corrAns', 'right'), ('plusStart', 1.4), ('secondStart', 2.4), ('respStart', 4.2), ('randNum', 0.35938568299999996)])
400.9953 	EXP 	firstcircle_3: autoDraw = False
400.9953 	EXP 	text_3: autoDraw = False
400.9953 	EXP 	secondcircle: autoDraw = False
400.9953 	EXP 	text_4: autoDraw = False
400.9953 	EXP 	text_4: autoDraw = True
401.4953 	EXP 	text_4: autoDraw = False
401.5119 	EXP 	firstcircle_3: autoDraw = True
402.3953 	EXP 	firstcircle_3: autoDraw = False
402.4119 	EXP 	text_3: autoDraw = True
403.3952 	EXP 	text_3: autoDraw = False
403.4120 	EXP 	secondcircle: autoDraw = True
405.1952 	EXP 	secondcircle: autoDraw = False
405.5805 	DATA 	Keypress: right
405.5952 	EXP 	firstcircle_3: autoDraw = False
405.5952 	EXP 	text_3: autoDraw = False
405.5952 	EXP 	secondcircle: autoDraw = False
405.5952 	EXP 	text_4: autoDraw = False
405.5952 	EXP 	text_6: autoDraw = True
406.7142 	DATA 	Keypress: space
406.7236 	EXP 	Imported conditionsTime3.csv as conditions, 20 conditions, 7 params
406.7239 	EXP 	Created sequence: sequential, trialTypes=20, nReps=1, seed=None
406.7243 	EXP 	New trial (rep=0, index=0): OrderedDict([('firstTime', 2.7), ('secondTime', 1.8), ('corrAns', 'left'), ('plusStart', 3.2), ('secondStart', 4.2), ('respStart', 6.0), ('randNum', 0.09224181599999999)])
406.7285 	EXP 	text_6: autoDraw = False
406.7285 	EXP 	text_4: autoDraw = True
407.2453 	EXP 	firstcircle_3: autoDraw = True
407.2453 	EXP 	text_4: autoDraw = False
409.9452 	EXP 	firstcircle_3: autoDraw = False
409.9452 	EXP 	text_3: autoDraw = True
410.9451 	EXP 	text_3: autoDraw = False
410.9451 	EXP 	secondcircle: autoDraw = True
412.7452 	EXP 	secondcircle: autoDraw = False
413.2638 	DATA 	Keypress: left
413.2654 	EXP 	New trial (rep=0, index=1): OrderedDict([('firstTime', 1.8), ('secondTime', 2.7), ('corrAns', 'right'), ('plusStart', 2.3), ('secondStart', 3.3), ('respStart', 6.0), ('randNum', 0.320860695)])
413.2784 	EXP 	firstcircle_3: autoDraw = False
413.2784 	EXP 	text_3: autoDraw = False
413.2784 	EXP 	secondcircle: autoDraw = False
413.2784 	EXP 	text_4: autoDraw = False
413.2784 	EXP 	text_4: autoDraw = True
413.7784 	EXP 	text_4: autoDraw = False
413.7952 	EXP 	firstcircle_3: autoDraw = True
415.5784 	EXP 	firstcircle_3: autoDraw = False
415.5951 	EXP 	text_3: autoDraw = True
416.5784 	EXP 	text_3: autoDraw = False
416.5951 	EXP 	secondcircle: autoDraw = True
419.2785 	EXP 	secondcircle: autoDraw = False
419.6470 	DATA 	Keypress: right
419.6484 	EXP 	New trial (rep=0, index=2): OrderedDict([('firstTime', 0.7), ('secondTime', 1.4), ('corrAns', 'right'), ('plusStart', 1.2), ('secondStart', 2.2), ('respStart', 3.6), ('randNum', 0.091696964)])
419.6617 	EXP 	firstcircle_3: autoDraw = False
419.6617 	EXP 	text_3: autoDraw = False
419.6617 	EXP 	secondcircle: autoDraw = False
419.6617 	EXP 	text_4: autoDraw = False
419.6617 	EXP 	text_4: autoDraw = True
420.1617 	EXP 	text_4: autoDraw = False
420.1784 	EXP 	firstcircle_3: autoDraw = True
420.8617 	EXP 	firstcircle_3: autoDraw = False
420.8784 	EXP 	text_3: autoDraw = True
421.8617 	EXP 	text_3: autoDraw = False
421.8783 	EXP 	secondcircle: autoDraw = True
423.2617 	EXP 	secondcircle: autoDraw = False
423.8302 	DATA 	Keypress: right
423.8314 	EXP 	New trial (rep=0, index=3): OrderedDict([('firstTime', 4.4), ('secondTime', 3.3), ('corrAns', 'left'), ('plusStart', 4.9), ('secondStart', 5.9), ('respStart', 9.2), ('randNum', 0.010112259)])
423.8450 	EXP 	firstcircle_3: autoDraw = False
423.8450 	EXP 	text_3: autoDraw = False
423.8450 	EXP 	secondcircle: autoDraw = False
423.8450 	EXP 	text_4: autoDraw = False
423.8450 	EXP 	text_4: autoDraw = True
424.3450 	EXP 	text_4: autoDraw = False
424.3616 	EXP 	firstcircle_3: autoDraw = True
428.7450 	EXP 	firstcircle_3: autoDraw = False
428.7616 	EXP 	text_3: autoDraw = True
429.7449 	EXP 	text_3: autoDraw = False
429.7616 	EXP 	secondcircle: autoDraw = True
433.0449 	EXP 	secondcircle: autoDraw = False
433.7801 	DATA 	Keypress: left
433.7815 	EXP 	New trial (rep=0, index=4): OrderedDict([('firstTime', 0.9), ('secondTime', 1.8), ('corrAns', 'right'), ('plusStart', 1.4), ('secondStart', 2.4), ('respStart', 4.2), ('randNum', 0.877480265)])
433.7948 	EXP 	firstcircle_3: autoDraw = False
433.7948 	EXP 	text_3: autoDraw = False
433.7948 	EXP 	secondcircle: autoDraw = False
433.7948 	EXP 	text_4: autoDraw = False
433.7948 	EXP 	text_4: autoDraw = True
434.2948 	EXP 	text_4: autoDraw = False
434.3115 	EXP 	firstcircle_3: autoDraw = True
435.1948 	EXP 	firstcircle_3: autoDraw = False
435.2115 	EXP 	text_3: autoDraw = True
436.1949 	EXP 	text_3: autoDraw = False
436.2115 	EXP 	secondcircle: autoDraw = True
437.9948 	EXP 	secondcircle: autoDraw = False
438.5967 	DATA 	Keypress: left
438.5981 	EXP 	New trial (rep=0, index=5): OrderedDict([('firstTime', 1.8), ('secondTime', 0.9), ('corrAns', 'left'), ('plusStart', 2.3), ('secondStart', 3.3), ('respStart', 4.2), ('randNum', 0.74232345)])
438.6114 	EXP 	firstcircle_3: autoDraw = False
438.6114 	EXP 	text_3: autoDraw = False
438.6114 	EXP 	secondcircle: autoDraw = False
438.6114 	EXP 	text_4: autoDraw = False
438.6114 	EXP 	text_4: autoDraw = True
439.1114 	EXP 	text_4: autoDraw = False
439.1281 	EXP 	firstcircle_3: autoDraw = True
440.9114 	EXP 	firstcircle_3: autoDraw = False
440.9281 	EXP 	text_3: autoDraw = True
441.9114 	EXP 	text_3: autoDraw = False
441.9281 	EXP 	secondcircle: autoDraw = True
442.8114 	EXP 	secondcircle: autoDraw = False
444.7300 	DATA 	Keypress: left
444.7314 	EXP 	New trial (rep=0, index=6): OrderedDict([('firstTime', 1.8), ('secondTime', 1.2), ('corrAns', 'left'), ('plusStart', 2.3), ('secondStart', 3.3), ('respStart', 4.5), ('randNum', 0.307053849)])
444.7447 	EXP 	firstcircle_3: autoDraw = False
444.7447 	EXP 	text_3: autoDraw = False
444.7447 	EXP 	secondcircle: autoDraw = False
444.7447 	EXP 	text_4: autoDraw = False
444.7447 	EXP 	text_4: autoDraw = True
445.2447 	EXP 	text_4: autoDraw = False
445.2614 	EXP 	firstcircle_3: autoDraw = True
447.0447 	EXP 	firstcircle_3: autoDraw = False
447.0614 	EXP 	text_3: autoDraw = True
448.0446 	EXP 	text_3: autoDraw = False
448.0613 	EXP 	secondcircle: autoDraw = True
449.2447 	EXP 	secondcircle: autoDraw = False
449.9966 	DATA 	Keypress: left
449.9980 	EXP 	New trial (rep=0, index=7): OrderedDict([('firstTime', 3.6), ('secondTime', 3.2), ('corrAns', 'left'), ('plusStart', 4.1), ('secondStart', 5.1), ('respStart', 8.3), ('randNum', 0.331236492)])
450.0113 	EXP 	firstcircle_3: autoDraw = False
450.0113 	EXP 	text_3: autoDraw = False
450.0113 	EXP 	secondcircle: autoDraw = False
450.0113 	EXP 	text_4: autoDraw = False
450.0113 	EXP 	text_4: autoDraw = True
450.5113 	EXP 	text_4: autoDraw = False
450.5279 	EXP 	firstcircle_3: autoDraw = True
454.1112 	EXP 	firstcircle_3: autoDraw = False
454.1279 	EXP 	text_3: autoDraw = True
455.1112 	EXP 	text_3: autoDraw = False
455.1279 	EXP 	secondcircle: autoDraw = True
458.3112 	EXP 	secondcircle: autoDraw = False
459.0464 	DATA 	Keypress: right
459.0478 	EXP 	New trial (rep=0, index=8): OrderedDict([('firstTime', 2.5), ('secondTime', 1.5), ('corrAns', 'left'), ('plusStart', 3.0), ('secondStart', 4.0), ('respStart', 5.5), ('randNum', 0.778562476)])
459.0613 	EXP 	firstcircle_3: autoDraw = False
459.0613 	EXP 	text_3: autoDraw = False
459.0613 	EXP 	secondcircle: autoDraw = False
459.0613 	EXP 	text_4: autoDraw = False
459.0613 	EXP 	text_4: autoDraw = True
459.5612 	EXP 	text_4: autoDraw = False
459.5778 	EXP 	firstcircle_3: autoDraw = True
462.0611 	EXP 	firstcircle_3: autoDraw = False
462.0778 	EXP 	text_3: autoDraw = True
463.0611 	EXP 	text_3: autoDraw = False
463.0778 	EXP 	secondcircle: autoDraw = True
464.5611 	EXP 	secondcircle: autoDraw = False
465.4297 	DATA 	Keypress: left
465.4310 	EXP 	New trial (rep=0, index=9): OrderedDict([('firstTime', 1.2), ('secondTime', 1.8), ('corrAns', 'right'), ('plusStart', 1.7), ('secondStart', 2.7), ('respStart', 4.5), ('randNum', 0.18131893100000002)])
465.4445 	EXP 	firstcircle_3: autoDraw = False
465.4445 	EXP 	text_3: autoDraw = False
465.4445 	EXP 	secondcircle: autoDraw = False
465.4445 	EXP 	text_4: autoDraw = False
465.4445 	EXP 	text_4: autoDraw = True
465.9444 	EXP 	text_4: autoDraw = False
465.9611 	EXP 	firstcircle_3: autoDraw = True
467.1444 	EXP 	firstcircle_3: autoDraw = False
467.1611 	EXP 	text_3: autoDraw = True
468.1444 	EXP 	text_3: autoDraw = False
468.1610 	EXP 	secondcircle: autoDraw = True
469.9444 	EXP 	secondcircle: autoDraw = False
471.1130 	DATA 	Keypress: right
471.1144 	EXP 	New trial (rep=0, index=10): OrderedDict([('firstTime', 2.8), ('secondTime', 2.1), ('corrAns', 'left'), ('plusStart', 3.3), ('secondStart', 4.3), ('respStart', 6.4), ('randNum', 0.897215002)])
471.1277 	EXP 	firstcircle_3: autoDraw = False
471.1277 	EXP 	text_3: autoDraw = False
471.1277 	EXP 	secondcircle: autoDraw = False
471.1277 	EXP 	text_4: autoDraw = False
471.1277 	EXP 	text_4: autoDraw = True
471.6277 	EXP 	text_4: autoDraw = False
471.6443 	EXP 	firstcircle_3: autoDraw = True
474.4276 	EXP 	firstcircle_3: autoDraw = False
474.4443 	EXP 	text_3: autoDraw = True
475.4276 	EXP 	text_3: autoDraw = False
475.4443 	EXP 	secondcircle: autoDraw = True
477.5276 	EXP 	secondcircle: autoDraw = False
478.6129 	DATA 	Keypress: left
478.6143 	EXP 	New trial (rep=0, index=11): OrderedDict([('firstTime', 2.1), ('secondTime', 2.8), ('corrAns', 'right'), ('plusStart', 2.6), ('secondStart', 3.6), ('respStart', 6.4), ('randNum', 0.734438325)])
478.6276 	EXP 	firstcircle_3: autoDraw = False
478.6276 	EXP 	text_3: autoDraw = False
478.6276 	EXP 	secondcircle: autoDraw = False
478.6276 	EXP 	text_4: autoDraw = False
478.6276 	EXP 	text_4: autoDraw = True
479.1276 	EXP 	text_4: autoDraw = False
479.1443 	EXP 	firstcircle_3: autoDraw = True
481.2275 	EXP 	firstcircle_3: autoDraw = False
481.2442 	EXP 	text_3: autoDraw = True
482.2275 	EXP 	text_3: autoDraw = False
482.2442 	EXP 	secondcircle: autoDraw = True
485.0275 	EXP 	secondcircle: autoDraw = False
485.4126 	DATA 	Keypress: right
485.4140 	EXP 	New trial (rep=0, index=12): OrderedDict([('firstTime', 3.2), ('secondTime', 3.6), ('corrAns', 'right'), ('plusStart', 3.7), ('secondStart', 4.7), ('respStart', 8.3), ('randNum', 0.716372322)])
485.4275 	EXP 	firstcircle_3: autoDraw = False
485.4275 	EXP 	text_3: autoDraw = False
485.4275 	EXP 	secondcircle: autoDraw = False
485.4275 	EXP 	text_4: autoDraw = False
485.4275 	EXP 	text_4: autoDraw = True
485.9275 	EXP 	text_4: autoDraw = False
485.9442 	EXP 	firstcircle_3: autoDraw = True
489.1275 	EXP 	firstcircle_3: autoDraw = False
489.1441 	EXP 	text_3: autoDraw = True
490.1274 	EXP 	text_3: autoDraw = False
490.1441 	EXP 	secondcircle: autoDraw = True
493.7274 	EXP 	secondcircle: autoDraw = False
494.2463 	DATA 	Keypress: right
494.2624 	EXP 	New trial (rep=0, index=13): OrderedDict([('firstTime', 2.1), ('secondTime', 3.5), ('corrAns', 'right'), ('plusStart', 2.6), ('secondStart', 3.6), ('respStart', 7.1), ('randNum', 0.2797458)])
494.2774 	EXP 	firstcircle_3: autoDraw = False
494.2774 	EXP 	text_3: autoDraw = False
494.2774 	EXP 	secondcircle: autoDraw = False
494.2774 	EXP 	text_4: autoDraw = False
494.2774 	EXP 	text_4: autoDraw = True
494.7774 	EXP 	text_4: autoDraw = False
494.7940 	EXP 	firstcircle_3: autoDraw = True
496.8773 	EXP 	firstcircle_3: autoDraw = False
496.8940 	EXP 	text_3: autoDraw = True
497.8773 	EXP 	text_3: autoDraw = False
497.8940 	EXP 	secondcircle: autoDraw = True
501.3773 	EXP 	secondcircle: autoDraw = False
502.2459 	DATA 	Keypress: right
502.2472 	EXP 	New trial (rep=0, index=14): OrderedDict([('firstTime', 1.4), ('secondTime', 0.7), ('corrAns', 'left'), ('plusStart', 1.9), ('secondStart', 2.9), ('respStart', 3.6), ('randNum', 0.038284202)])
502.2606 	EXP 	firstcircle_3: autoDraw = False
502.2606 	EXP 	text_3: autoDraw = False
502.2606 	EXP 	secondcircle: autoDraw = False
502.2606 	EXP 	text_4: autoDraw = False
502.2606 	EXP 	text_4: autoDraw = True
502.7606 	EXP 	text_4: autoDraw = False
502.7772 	EXP 	firstcircle_3: autoDraw = True
504.1606 	EXP 	firstcircle_3: autoDraw = False
504.1772 	EXP 	text_3: autoDraw = True
505.1605 	EXP 	text_3: autoDraw = False
505.1772 	EXP 	secondcircle: autoDraw = True
505.8605 	EXP 	secondcircle: autoDraw = False
506.6124 	DATA 	Keypress: left
506.6137 	EXP 	New trial (rep=0, index=15): OrderedDict([('firstTime', 9.9), ('secondTime', 8.8), ('corrAns', 'left'), ('plusStart', 10.4), ('secondStart', 11.4), ('respStart', 20.2), ('randNum', 0.656448526)])
506.6273 	EXP 	firstcircle_3: autoDraw = False
506.6273 	EXP 	text_3: autoDraw = False
506.6273 	EXP 	secondcircle: autoDraw = False
506.6273 	EXP 	text_4: autoDraw = False
506.6273 	EXP 	text_4: autoDraw = True
507.1272 	EXP 	text_4: autoDraw = False
507.1439 	EXP 	firstcircle_3: autoDraw = True
517.0270 	EXP 	firstcircle_3: autoDraw = False
517.0437 	EXP 	text_3: autoDraw = True
518.0270 	EXP 	text_3: autoDraw = False
518.0437 	EXP 	secondcircle: autoDraw = True
526.8270 	EXP 	secondcircle: autoDraw = False
527.6122 	DATA 	Keypress: left
527.6136 	EXP 	New trial (rep=0, index=16): OrderedDict([('firstTime', 3.5), ('secondTime', 2.1), ('corrAns', 'left'), ('plusStart', 4.0), ('secondStart', 5.0), ('respStart', 7.1), ('randNum', 0.25078508899999996)])
527.6269 	EXP 	firstcircle_3: autoDraw = False
527.6269 	EXP 	text_3: autoDraw = False
527.6269 	EXP 	secondcircle: autoDraw = False
527.6269 	EXP 	text_4: autoDraw = False
527.6269 	EXP 	text_4: autoDraw = True
528.1270 	EXP 	text_4: autoDraw = False
528.1436 	EXP 	firstcircle_3: autoDraw = True
531.6269 	EXP 	firstcircle_3: autoDraw = False
531.6435 	EXP 	text_3: autoDraw = True
532.6268 	EXP 	text_3: autoDraw = False
532.6435 	EXP 	secondcircle: autoDraw = True
534.7268 	EXP 	secondcircle: autoDraw = False
535.6954 	DATA 	Keypress: left
535.6968 	EXP 	New trial (rep=0, index=17): OrderedDict([('firstTime', 8.8), ('secondTime', 9.9), ('corrAns', 'right'), ('plusStart', 9.3), ('secondStart', 10.3), ('respStart', 20.2), ('randNum', 0.055985873)])
535.7101 	EXP 	firstcircle_3: autoDraw = False
535.7101 	EXP 	text_3: autoDraw = False
535.7101 	EXP 	secondcircle: autoDraw = False
535.7101 	EXP 	text_4: autoDraw = False
535.7101 	EXP 	text_4: autoDraw = True
536.2101 	EXP 	text_4: autoDraw = False
536.2268 	EXP 	firstcircle_3: autoDraw = True
545.0101 	EXP 	firstcircle_3: autoDraw = False
545.0267 	EXP 	text_3: autoDraw = True
546.0100 	EXP 	text_3: autoDraw = False
546.0267 	EXP 	secondcircle: autoDraw = True
555.9099 	EXP 	secondcircle: autoDraw = False
556.3951 	DATA 	Keypress: right
556.3965 	EXP 	New trial (rep=0, index=18): OrderedDict([('firstTime', 1.5), ('secondTime', 2.5), ('corrAns', 'right'), ('plusStart', 2.0), ('secondStart', 3.0), ('respStart', 5.5), ('randNum', 0.279030548)])
556.4099 	EXP 	firstcircle_3: autoDraw = False
556.4099 	EXP 	text_3: autoDraw = False
556.4099 	EXP 	secondcircle: autoDraw = False
556.4099 	EXP 	text_4: autoDraw = False
556.4099 	EXP 	text_4: autoDraw = True
556.9098 	EXP 	text_4: autoDraw = False
556.9265 	EXP 	firstcircle_3: autoDraw = True
558.4098 	EXP 	firstcircle_3: autoDraw = False
558.4265 	EXP 	text_3: autoDraw = True
559.4099 	EXP 	text_3: autoDraw = False
559.4265 	EXP 	secondcircle: autoDraw = True
561.9098 	EXP 	secondcircle: autoDraw = False
562.4284 	DATA 	Keypress: right
562.4298 	EXP 	New trial (rep=0, index=19): OrderedDict([('firstTime', 3.3), ('secondTime', 4.4), ('corrAns', 'right'), ('plusStart', 3.8), ('secondStart', 4.8), ('respStart', 9.2), ('randNum', 0.6214470879999999)])
562.4431 	EXP 	firstcircle_3: autoDraw = False
562.4431 	EXP 	text_3: autoDraw = False
562.4431 	EXP 	secondcircle: autoDraw = False
562.4431 	EXP 	text_4: autoDraw = False
562.4431 	EXP 	text_4: autoDraw = True
562.9431 	EXP 	text_4: autoDraw = False
562.9598 	EXP 	firstcircle_3: autoDraw = True
566.2430 	EXP 	firstcircle_3: autoDraw = False
566.2597 	EXP 	text_3: autoDraw = True
567.2431 	EXP 	text_3: autoDraw = False
567.2597 	EXP 	secondcircle: autoDraw = True
571.6430 	EXP 	secondcircle: autoDraw = False
572.2616 	DATA 	Keypress: right
572.2763 	EXP 	firstcircle_3: autoDraw = False
572.2763 	EXP 	text_3: autoDraw = False
572.2763 	EXP 	secondcircle: autoDraw = False
572.2763 	EXP 	text_4: autoDraw = False
572.2763 	EXP 	text_7: autoDraw = True
574.1451 	DATA 	Keypress: space
574.1525 	EXP 	Imported conditionsTime4.csv as conditions, 20 conditions, 7 params
574.1528 	EXP 	Created sequence: sequential, trialTypes=20, nReps=1, seed=None
574.1532 	EXP 	New trial (rep=0, index=0): OrderedDict([('firstTime', 2.5), ('secondTime', 1.5), ('corrAns', 'left'), ('plusStart', 3.0), ('secondStart', 4.0), ('respStart', 5.5), ('randNum', 0.9526453340000001)])
574.1597 	EXP 	text_7: autoDraw = False
574.1597 	EXP 	text_4: autoDraw = True
574.6596 	EXP 	text_4: autoDraw = False
574.6763 	EXP 	firstcircle_3: autoDraw = True
577.1596 	EXP 	firstcircle_3: autoDraw = False
577.1762 	EXP 	text_3: autoDraw = True
578.1596 	EXP 	text_3: autoDraw = False
578.1762 	EXP 	secondcircle: autoDraw = True
579.6595 	EXP 	secondcircle: autoDraw = False
581.2615 	DATA 	Keypress: left
581.2631 	EXP 	New trial (rep=0, index=1): OrderedDict([('firstTime', 2.8), ('secondTime', 2.1), ('corrAns', 'left'), ('plusStart', 3.3), ('secondStart', 4.3), ('respStart', 6.4), ('randNum', 0.962497787)])
581.2762 	EXP 	firstcircle_3: autoDraw = False
581.2762 	EXP 	text_3: autoDraw = False
581.2762 	EXP 	secondcircle: autoDraw = False
581.2762 	EXP 	text_4: autoDraw = False
581.2762 	EXP 	text_4: autoDraw = True
581.7762 	EXP 	text_4: autoDraw = False
581.7928 	EXP 	firstcircle_3: autoDraw = True
584.5761 	EXP 	firstcircle_3: autoDraw = False
584.5929 	EXP 	text_3: autoDraw = True
585.5761 	EXP 	text_3: autoDraw = False
585.5928 	EXP 	secondcircle: autoDraw = True
587.6762 	EXP 	secondcircle: autoDraw = False
588.3115 	DATA 	Keypress: left
588.3129 	EXP 	New trial (rep=0, index=2): OrderedDict([('firstTime', 2.7), ('secondTime', 1.8), ('corrAns', 'left'), ('plusStart', 3.2), ('secondStart', 4.2), ('respStart', 6.0), ('randNum', 0.06690605599999999)])
588.3261 	EXP 	firstcircle_3: autoDraw = False
588.3261 	EXP 	text_3: autoDraw = False
588.3261 	EXP 	secondcircle: autoDraw = False
588.3261 	EXP 	text_4: autoDraw = False
588.3261 	EXP 	text_4: autoDraw = True
588.8261 	EXP 	text_4: autoDraw = False
588.8427 	EXP 	firstcircle_3: autoDraw = True
591.5260 	EXP 	firstcircle_3: autoDraw = False
591.5427 	EXP 	text_3: autoDraw = True
592.5260 	EXP 	text_3: autoDraw = False
592.5427 	EXP 	secondcircle: autoDraw = True
594.3260 	EXP 	secondcircle: autoDraw = False
595.2280 	DATA 	Keypress: left
595.2294 	EXP 	New trial (rep=0, index=3): OrderedDict([('firstTime', 8.8), ('secondTime', 9.9), ('corrAns', 'right'), ('plusStart', 9.3), ('secondStart', 10.3), ('respStart', 20.2), ('randNum', 0.09555333099999999)])
595.2427 	EXP 	firstcircle_3: autoDraw = False
595.2427 	EXP 	text_3: autoDraw = False
595.2427 	EXP 	secondcircle: autoDraw = False
595.2427 	EXP 	text_4: autoDraw = False
595.2427 	EXP 	text_4: autoDraw = True
595.7427 	EXP 	text_4: autoDraw = False
595.7593 	EXP 	firstcircle_3: autoDraw = True
604.5426 	EXP 	firstcircle_3: autoDraw = False
604.5592 	EXP 	text_3: autoDraw = True
605.5425 	EXP 	text_3: autoDraw = False
605.5592 	EXP 	secondcircle: autoDraw = True
615.4424 	EXP 	secondcircle: autoDraw = False
616.1609 	DATA 	Keypress: right
616.1622 	EXP 	New trial (rep=0, index=4): OrderedDict([('firstTime', 1.8), ('secondTime', 2.7), ('corrAns', 'right'), ('plusStart', 2.3), ('secondStart', 3.3), ('respStart', 6.0), ('randNum', 0.559320406)])
616.1757 	EXP 	firstcircle_3: autoDraw = False
616.1757 	EXP 	text_3: autoDraw = False
616.1757 	EXP 	secondcircle: autoDraw = False
616.1757 	EXP 	text_4: autoDraw = False
616.1757 	EXP 	text_4: autoDraw = True
616.6757 	EXP 	text_4: autoDraw = False
616.6924 	EXP 	firstcircle_3: autoDraw = True
618.4757 	EXP 	firstcircle_3: autoDraw = False
618.4923 	EXP 	text_3: autoDraw = True
619.4757 	EXP 	text_3: autoDraw = False
619.4923 	EXP 	secondcircle: autoDraw = True
622.1756 	EXP 	secondcircle: autoDraw = False
622.5941 	DATA 	Keypress: right
622.5955 	EXP 	New trial (rep=0, index=5): OrderedDict([('firstTime', 3.5), ('secondTime', 2.1), ('corrAns', 'left'), ('plusStart', 4.0), ('secondStart', 5.0), ('respStart', 7.1), ('randNum', 0.885130943)])
622.6090 	EXP 	firstcircle_3: autoDraw = False
622.6090 	EXP 	text_3: autoDraw = False
622.6090 	EXP 	secondcircle: autoDraw = False
622.6090 	EXP 	text_4: autoDraw = False
622.6090 	EXP 	text_4: autoDraw = True
623.1089 	EXP 	text_4: autoDraw = False
623.1256 	EXP 	firstcircle_3: autoDraw = True
626.6089 	EXP 	firstcircle_3: autoDraw = False
626.6257 	EXP 	text_3: autoDraw = True
627.6089 	EXP 	text_3: autoDraw = False
627.6256 	EXP 	secondcircle: autoDraw = True
629.7089 	EXP 	secondcircle: autoDraw = False
631.2441 	DATA 	Keypress: left
631.2455 	EXP 	New trial (rep=0, index=6): OrderedDict([('firstTime', 2.1), ('secondTime', 2.8), ('corrAns', 'right'), ('plusStart', 2.6), ('secondStart', 3.6), ('respStart', 6.4), ('randNum', 0.7843272990000001)])
631.2588 	EXP 	firstcircle_3: autoDraw = False
631.2588 	EXP 	text_3: autoDraw = False
631.2588 	EXP 	secondcircle: autoDraw = False
631.2588 	EXP 	text_4: autoDraw = False
631.2588 	EXP 	text_4: autoDraw = True
631.7589 	EXP 	text_4: autoDraw = False
631.7755 	EXP 	firstcircle_3: autoDraw = True
633.8588 	EXP 	firstcircle_3: autoDraw = False
633.8755 	EXP 	text_3: autoDraw = True
634.8588 	EXP 	text_3: autoDraw = False
634.8755 	EXP 	secondcircle: autoDraw = True
637.6588 	EXP 	secondcircle: autoDraw = False
638.1274 	DATA 	Keypress: right
638.1288 	EXP 	New trial (rep=0, index=7): OrderedDict([('firstTime', 4.4), ('secondTime', 3.3), ('corrAns', 'left'), ('plusStart', 4.9), ('secondStart', 5.9), ('respStart', 9.2), ('randNum', 0.594355042)])
638.1421 	EXP 	firstcircle_3: autoDraw = False
638.1421 	EXP 	text_3: autoDraw = False
638.1421 	EXP 	secondcircle: autoDraw = False
638.1421 	EXP 	text_4: autoDraw = False
638.1421 	EXP 	text_4: autoDraw = True
638.6421 	EXP 	text_4: autoDraw = False
638.6587 	EXP 	firstcircle_3: autoDraw = True
643.0420 	EXP 	firstcircle_3: autoDraw = False
643.0587 	EXP 	text_3: autoDraw = True
644.0420 	EXP 	text_3: autoDraw = False
644.0587 	EXP 	secondcircle: autoDraw = True
647.3420 	EXP 	secondcircle: autoDraw = False
648.1606 	DATA 	Keypress: left
648.1620 	EXP 	New trial (rep=0, index=8): OrderedDict([('firstTime', 0.9), ('secondTime', 1.8), ('corrAns', 'right'), ('plusStart', 1.4), ('secondStart', 2.4), ('respStart', 4.2), ('randNum', 0.39760777399999997)])
648.1753 	EXP 	firstcircle_3: autoDraw = False
648.1753 	EXP 	text_3: autoDraw = False
648.1753 	EXP 	secondcircle: autoDraw = False
648.1753 	EXP 	text_4: autoDraw = False
648.1753 	EXP 	text_4: autoDraw = True
648.6753 	EXP 	text_4: autoDraw = False
648.6919 	EXP 	firstcircle_3: autoDraw = True
649.5753 	EXP 	firstcircle_3: autoDraw = False
649.5919 	EXP 	text_3: autoDraw = True
650.5753 	EXP 	text_3: autoDraw = False
650.5920 	EXP 	secondcircle: autoDraw = True
652.3752 	EXP 	secondcircle: autoDraw = False
653.0604 	DATA 	Keypress: left
653.0618 	EXP 	New trial (rep=0, index=9): OrderedDict([('firstTime', 3.6), ('secondTime', 3.2), ('corrAns', 'left'), ('plusStart', 4.1), ('secondStart', 5.1), ('respStart', 8.3), ('randNum', 0.454525661)])
653.0753 	EXP 	firstcircle_3: autoDraw = False
653.0753 	EXP 	text_3: autoDraw = False
653.0753 	EXP 	secondcircle: autoDraw = False
653.0753 	EXP 	text_4: autoDraw = False
653.0753 	EXP 	text_4: autoDraw = True
653.5752 	EXP 	text_4: autoDraw = False
653.5920 	EXP 	firstcircle_3: autoDraw = True
657.1752 	EXP 	firstcircle_3: autoDraw = False
657.1918 	EXP 	text_3: autoDraw = True
658.1752 	EXP 	text_3: autoDraw = False
658.1918 	EXP 	secondcircle: autoDraw = True
661.3751 	EXP 	secondcircle: autoDraw = False
662.2938 	DATA 	Keypress: left
662.2952 	EXP 	New trial (rep=0, index=10): OrderedDict([('firstTime', 9.9), ('secondTime', 8.8), ('corrAns', 'left'), ('plusStart', 10.4), ('secondStart', 11.4), ('respStart', 20.2), ('randNum', 0.335173919)])
662.3084 	EXP 	firstcircle_3: autoDraw = False
662.3084 	EXP 	text_3: autoDraw = False
662.3084 	EXP 	secondcircle: autoDraw = False
662.3084 	EXP 	text_4: autoDraw = False
662.3084 	EXP 	text_4: autoDraw = True
662.8084 	EXP 	text_4: autoDraw = False
662.8251 	EXP 	firstcircle_3: autoDraw = True
672.7083 	EXP 	firstcircle_3: autoDraw = False
672.7250 	EXP 	text_3: autoDraw = True
673.7083 	EXP 	text_3: autoDraw = False
673.7249 	EXP 	secondcircle: autoDraw = True
682.5082 	EXP 	secondcircle: autoDraw = False
683.1598 	DATA 	Keypress: left
683.1613 	EXP 	New trial (rep=0, index=11): OrderedDict([('firstTime', 1.8), ('secondTime', 1.2), ('corrAns', 'left'), ('plusStart', 2.3), ('secondStart', 3.3), ('respStart', 4.5), ('randNum', 0.050156068)])
683.1748 	EXP 	firstcircle_3: autoDraw = False
683.1748 	EXP 	text_3: autoDraw = False
683.1748 	EXP 	secondcircle: autoDraw = False
683.1748 	EXP 	text_4: autoDraw = False
683.1748 	EXP 	text_4: autoDraw = True
683.6748 	EXP 	text_4: autoDraw = False
683.6915 	EXP 	firstcircle_3: autoDraw = True
685.4748 	EXP 	firstcircle_3: autoDraw = False
685.4914 	EXP 	text_3: autoDraw = True
686.4748 	EXP 	text_3: autoDraw = False
686.4914 	EXP 	secondcircle: autoDraw = True
687.6747 	EXP 	secondcircle: autoDraw = False
689.4267 	DATA 	Keypress: left
689.4281 	EXP 	New trial (rep=0, index=12): OrderedDict([('firstTime', 2.1), ('secondTime', 3.5), ('corrAns', 'right'), ('plusStart', 2.6), ('secondStart', 3.6), ('respStart', 7.1), ('randNum', 0.553210354)])
689.4415 	EXP 	firstcircle_3: autoDraw = False
689.4415 	EXP 	text_3: autoDraw = False
689.4415 	EXP 	secondcircle: autoDraw = False
689.4415 	EXP 	text_4: autoDraw = False
689.4415 	EXP 	text_4: autoDraw = True
689.9414 	EXP 	text_4: autoDraw = False
689.9581 	EXP 	firstcircle_3: autoDraw = True
692.0414 	EXP 	firstcircle_3: autoDraw = False
692.0580 	EXP 	text_3: autoDraw = True
693.0413 	EXP 	text_3: autoDraw = False
693.0580 	EXP 	secondcircle: autoDraw = True
696.5413 	EXP 	secondcircle: autoDraw = False
697.1432 	DATA 	Keypress: right
697.1445 	EXP 	New trial (rep=0, index=13): OrderedDict([('firstTime', 3.2), ('secondTime', 3.6), ('corrAns', 'right'), ('plusStart', 3.7), ('secondStart', 4.7), ('respStart', 8.3), ('randNum', 0.062598668)])
697.1579 	EXP 	firstcircle_3: autoDraw = False
697.1579 	EXP 	text_3: autoDraw = False
697.1579 	EXP 	secondcircle: autoDraw = False
697.1579 	EXP 	text_4: autoDraw = False
697.1579 	EXP 	text_4: autoDraw = True
697.6579 	EXP 	text_4: autoDraw = False
697.6747 	EXP 	firstcircle_3: autoDraw = True
700.8580 	EXP 	firstcircle_3: autoDraw = False
700.8746 	EXP 	text_3: autoDraw = True
701.8579 	EXP 	text_3: autoDraw = False
701.8746 	EXP 	secondcircle: autoDraw = True
705.4578 	EXP 	secondcircle: autoDraw = False
707.2431 	DATA 	Keypress: right
707.2445 	EXP 	New trial (rep=0, index=14): OrderedDict([('firstTime', 1.5), ('secondTime', 2.5), ('corrAns', 'right'), ('plusStart', 2.0), ('secondStart', 3.0), ('respStart', 5.5), ('randNum', 0.851613693)])
707.2578 	EXP 	firstcircle_3: autoDraw = False
707.2578 	EXP 	text_3: autoDraw = False
707.2578 	EXP 	secondcircle: autoDraw = False
707.2578 	EXP 	text_4: autoDraw = False
707.2578 	EXP 	text_4: autoDraw = True
707.7578 	EXP 	text_4: autoDraw = False
707.7745 	EXP 	firstcircle_3: autoDraw = True
709.2578 	EXP 	firstcircle_3: autoDraw = False
709.2745 	EXP 	text_3: autoDraw = True
710.2578 	EXP 	text_3: autoDraw = False
710.2745 	EXP 	secondcircle: autoDraw = True
712.7578 	EXP 	secondcircle: autoDraw = False
713.3593 	DATA 	Keypress: right
713.3605 	EXP 	New trial (rep=0, index=15): OrderedDict([('firstTime', 1.2), ('secondTime', 1.8), ('corrAns', 'right'), ('plusStart', 1.7), ('secondStart', 2.7), ('respStart', 4.5), ('randNum', 0.9561071459999999)])
713.3744 	EXP 	firstcircle_3: autoDraw = False
713.3744 	EXP 	text_3: autoDraw = False
713.3744 	EXP 	secondcircle: autoDraw = False
713.3744 	EXP 	text_4: autoDraw = False
713.3744 	EXP 	text_4: autoDraw = True
713.8744 	EXP 	text_4: autoDraw = False
713.8911 	EXP 	firstcircle_3: autoDraw = True
715.0744 	EXP 	firstcircle_3: autoDraw = False
715.0910 	EXP 	text_3: autoDraw = True
716.0744 	EXP 	text_3: autoDraw = False
716.0911 	EXP 	secondcircle: autoDraw = True
717.8743 	EXP 	secondcircle: autoDraw = False
719.2430 	DATA 	Keypress: right
719.2444 	EXP 	New trial (rep=0, index=16): OrderedDict([('firstTime', 3.3), ('secondTime', 4.4), ('corrAns', 'right'), ('plusStart', 3.8), ('secondStart', 4.8), ('respStart', 9.2), ('randNum', 0.25372748300000003)])
719.2578 	EXP 	firstcircle_3: autoDraw = False
719.2578 	EXP 	text_3: autoDraw = False
719.2578 	EXP 	secondcircle: autoDraw = False
719.2578 	EXP 	text_4: autoDraw = False
719.2578 	EXP 	text_4: autoDraw = True
719.7576 	EXP 	text_4: autoDraw = False
719.7743 	EXP 	firstcircle_3: autoDraw = True
723.0576 	EXP 	firstcircle_3: autoDraw = False
723.0743 	EXP 	text_3: autoDraw = True
724.0576 	EXP 	text_3: autoDraw = False
724.0743 	EXP 	secondcircle: autoDraw = True
728.4576 	EXP 	secondcircle: autoDraw = False
729.1428 	DATA 	Keypress: right
729.1441 	EXP 	New trial (rep=0, index=17): OrderedDict([('firstTime', 1.8), ('secondTime', 0.9), ('corrAns', 'left'), ('plusStart', 2.3), ('secondStart', 3.3), ('respStart', 4.2), ('randNum', 0.328250033)])
729.1576 	EXP 	firstcircle_3: autoDraw = False
729.1576 	EXP 	text_3: autoDraw = False
729.1576 	EXP 	secondcircle: autoDraw = False
729.1576 	EXP 	text_4: autoDraw = False
729.1576 	EXP 	text_4: autoDraw = True
729.6576 	EXP 	text_4: autoDraw = False
729.6742 	EXP 	firstcircle_3: autoDraw = True
731.4575 	EXP 	firstcircle_3: autoDraw = False
731.4742 	EXP 	text_3: autoDraw = True
732.4575 	EXP 	text_3: autoDraw = False
732.4741 	EXP 	secondcircle: autoDraw = True
733.3575 	EXP 	secondcircle: autoDraw = False
735.8093 	DATA 	Keypress: left
735.8107 	EXP 	New trial (rep=0, index=18): OrderedDict([('firstTime', 1.4), ('secondTime', 0.7), ('corrAns', 'left'), ('plusStart', 1.9), ('secondStart', 2.9), ('respStart', 3.6), ('randNum', 0.26139814899999997)])
735.8241 	EXP 	firstcircle_3: autoDraw = False
735.8241 	EXP 	text_3: autoDraw = False
735.8241 	EXP 	secondcircle: autoDraw = False
735.8241 	EXP 	text_4: autoDraw = False
735.8241 	EXP 	text_4: autoDraw = True
736.3241 	EXP 	text_4: autoDraw = False
736.3408 	EXP 	firstcircle_3: autoDraw = True
737.7241 	EXP 	firstcircle_3: autoDraw = False
737.7407 	EXP 	text_3: autoDraw = True
738.7241 	EXP 	text_3: autoDraw = False
738.7407 	EXP 	secondcircle: autoDraw = True
739.4240 	EXP 	secondcircle: autoDraw = False
740.3259 	DATA 	Keypress: left
740.3273 	EXP 	New trial (rep=0, index=19): OrderedDict([('firstTime', 0.7), ('secondTime', 1.4), ('corrAns', 'right'), ('plusStart', 1.2), ('secondStart', 2.2), ('respStart', 3.6), ('randNum', 0.515481866)])
740.3407 	EXP 	firstcircle_3: autoDraw = False
740.3407 	EXP 	text_3: autoDraw = False
740.3407 	EXP 	secondcircle: autoDraw = False
740.3407 	EXP 	text_4: autoDraw = False
740.3407 	EXP 	text_4: autoDraw = True
740.8407 	EXP 	text_4: autoDraw = False
740.8574 	EXP 	firstcircle_3: autoDraw = True
741.5407 	EXP 	firstcircle_3: autoDraw = False
741.5574 	EXP 	text_3: autoDraw = True
742.5407 	EXP 	text_3: autoDraw = False
742.5573 	EXP 	secondcircle: autoDraw = True
743.9407 	EXP 	secondcircle: autoDraw = False
744.5591 	DATA 	Keypress: right
744.5740 	EXP 	firstcircle_3: autoDraw = False
744.5740 	EXP 	text_3: autoDraw = False
744.5740 	EXP 	secondcircle: autoDraw = False
744.5740 	EXP 	text_4: autoDraw = False
744.5740 	EXP 	text_2: autoDraw = True
747.8415 	EXP 	window1: mouseVisible = True
