0.9435 	WARNING 	sounddevice audio lib was requested but not loaded: sounddevice not working
5.9972 	WARNING 	User requested fullscreen with size [1024  768], but screen is actually [1440, 900]. Using actual size
6.6504 	EXP 	Created window1 = Window(allowGUI=False, allowStencil=False, args=UNKNOWN, autoLog=True, bitsMode=UNKNOWN, blendMode='avg', color=array([0., 0., 0.]), colorSpace='rgb', fullscr=<method-wrapper '__getattribute__' of attributeSetter object at 0x11045bf28>, gamma=None, kwargs=UNKNOWN, lms=UNKNOWN, monitor=<psychopy.monitors.calibTools.Monitor object at 0x113d96668>, multiSample=False, name='window1', numSamples=2, pos=[0.0, 0.0], screen=0, size=array([2880, 1800]), stereo=False, units='norm', useFBO=True, useRetina=True, viewOri=0.0, viewPos=None, viewScale=None, waitBlanking=True, winType='pyglet')
6.6505 	EXP 	window1: recordFrameIntervals = False
6.8164 	EXP 	window1: recordFrameIntervals = True
7.0000 	EXP 	window1: recordFrameIntervals = False
7.1357 	EXP 	Created insRound1 = TextStim(__class__=<class 'psychopy.visual.text.TextStim'>, alignHoriz='center', alignVert='center', antialias=True, autoLog=True, bold=False, color='white', colorSpace='named', contrast=1.0, depth=0.0, flipHoriz=False, flipVert=False, font='Arial', fontFiles=[], height=0.07, italic=False, languageStyle='LTR', name='insRound1', opacity=1.0, ori=0, pos=array([0., 0.]), rgb=array([255., 255., 255.]), text=str(...), units='norm', win=Window(...), wrapWidth=1)
7.1455 	EXP 	Created text = TextStim(__class__=<class 'psychopy.visual.text.TextStim'>, alignHoriz='center', alignVert='center', antialias=True, autoLog=True, bold=False, color='white', colorSpace='named', contrast=1.0, depth=0.0, flipHoriz=False, flipVert=False, font='Arial', fontFiles=[], height=0.1, italic=False, languageStyle='LTR', name='text', opacity=1.0, ori=0, pos=array([0., 0.]), rgb=array([255., 255., 255.]), text='Block 1 starts\n\nPress space', units='norm', win=Window(...), wrapWidth=1)
7.1529 	EXP 	Created firstcircle_3 = Polygon(__class__=<class 'psychopy.visual.polygon.Polygon'>, autoDraw=False, autoLog=True, closeShape=True, color=method-wrapper(...), colorSpace=None, contrast=1.0, depth=0.0, fillColor=array([1., 1., 1.]), fillColorSpace='rgb', fillRGB=array([1., 1., 1.]), interpolate=True, lineColor=array([1., 1., 1.]), lineColorSpace='rgb', lineRGB=array([1., 1., 1.]), lineWidth=1, name='firstcircle_3', opacity=1.0, ori=array(0.), pos=array([0., 0.]), size=array([0.3, 0.5]), units='norm', vertices=ndarray(...), win=Window(...))
7.1559 	EXP 	Created text_3 = TextStim(__class__=<class 'psychopy.visual.text.TextStim'>, alignHoriz='center', alignVert='center', antialias=True, autoLog=True, bold=False, color='white', colorSpace='named', contrast=1.0, depth=-2.0, flipHoriz=False, flipVert=False, font='Arial', fontFiles=[], height=0.1, italic=False, languageStyle='LTR', name='text_3', opacity=1.0, ori=0, pos=array([0., 0.]), rgb=array([255., 255., 255.]), text='+', units='norm', win=Window(...), wrapWidth=1)
7.1585 	EXP 	Created secondcircle = Polygon(__class__=<class 'psychopy.visual.polygon.Polygon'>, autoDraw=False, autoLog=True, closeShape=True, color=method-wrapper(...), colorSpace=None, contrast=1.0, depth=-3.0, fillColor=array([-1., -1., -1.]), fillColorSpace='rgb', fillRGB=array([-1., -1., -1.]), interpolate=True, lineColor=array([-1., -1., -1.]), lineColorSpace='rgb', lineRGB=array([-1., -1., -1.]), lineWidth=1, name='secondcircle', opacity=1.0, ori=array(0.), pos=array([0., 0.]), size=array([0.3, 0.5]), units='norm', vertices=ndarray(...), win=Window(...))
7.1616 	EXP 	Created text_4 = TextStim(__class__=<class 'psychopy.visual.text.TextStim'>, alignHoriz='center', alignVert='center', antialias=True, autoLog=True, bold=False, color='white', colorSpace='named', contrast=1.0, depth=-4.0, flipHoriz=False, flipVert=False, font='Arial', fontFiles=[], height=0.1, italic=False, languageStyle='LTR', name='text_4', opacity=1.0, ori=0, pos=array([0., 0.]), rgb=array([255., 255., 255.]), text='next', units='norm', win=Window(...), wrapWidth=1)
7.1675 	EXP 	Created text_5 = TextStim(__class__=<class 'psychopy.visual.text.TextStim'>, alignHoriz='center', alignVert='center', antialias=True, autoLog=True, bold=False, color='white', colorSpace='named', contrast=1.0, depth=0.0, flipHoriz=False, flipVert=False, font='Arial', fontFiles=[], height=0.1, italic=False, languageStyle='LTR', name='text_5', opacity=1.0, ori=0, pos=array([0., 0.]), rgb=array([255., 255., 255.]), text='Block 2 starts\n\nPress space', units='norm', win=Window(...), wrapWidth=1)
7.1700 	EXP 	Created firstcircle_3 = Polygon(__class__=<class 'psychopy.visual.polygon.Polygon'>, autoDraw=False, autoLog=True, closeShape=True, color=method-wrapper(...), colorSpace=None, contrast=1.0, depth=0.0, fillColor=array([1., 1., 1.]), fillColorSpace='rgb', fillRGB=array([1., 1., 1.]), interpolate=True, lineColor=array([1., 1., 1.]), lineColorSpace='rgb', lineRGB=array([1., 1., 1.]), lineWidth=1, name='firstcircle_3', opacity=1.0, ori=array(0.), pos=array([0., 0.]), size=array([0.3, 0.5]), units='norm', vertices=ndarray(...), win=Window(...))
7.1719 	EXP 	Created text_3 = TextStim(__class__=<class 'psychopy.visual.text.TextStim'>, alignHoriz='center', alignVert='center', antialias=True, autoLog=True, bold=False, color='white', colorSpace='named', contrast=1.0, depth=-2.0, flipHoriz=False, flipVert=False, font='Arial', fontFiles=[], height=0.1, italic=False, languageStyle='LTR', name='text_3', opacity=1.0, ori=0, pos=array([0., 0.]), rgb=array([255., 255., 255.]), text='+', units='norm', win=Window(...), wrapWidth=1)
7.1744 	EXP 	Created secondcircle = Polygon(__class__=<class 'psychopy.visual.polygon.Polygon'>, autoDraw=False, autoLog=True, closeShape=True, color=method-wrapper(...), colorSpace=None, contrast=1.0, depth=-3.0, fillColor=array([-1., -1., -1.]), fillColorSpace='rgb', fillRGB=array([-1., -1., -1.]), interpolate=True, lineColor=array([-1., -1., -1.]), lineColorSpace='rgb', lineRGB=array([-1., -1., -1.]), lineWidth=1, name='secondcircle', opacity=1.0, ori=array(0.), pos=array([0., 0.]), size=array([0.3, 0.5]), units='norm', vertices=ndarray(...), win=Window(...))
7.1766 	EXP 	Created text_4 = TextStim(__class__=<class 'psychopy.visual.text.TextStim'>, alignHoriz='center', alignVert='center', antialias=True, autoLog=True, bold=False, color='white', colorSpace='named', contrast=1.0, depth=-4.0, flipHoriz=False, flipVert=False, font='Arial', fontFiles=[], height=0.1, italic=False, languageStyle='LTR', name='text_4', opacity=1.0, ori=0, pos=array([0., 0.]), rgb=array([255., 255., 255.]), text='next', units='norm', win=Window(...), wrapWidth=1)
7.1823 	EXP 	Created text_6 = TextStim(__class__=<class 'psychopy.visual.text.TextStim'>, alignHoriz='center', alignVert='center', antialias=True, autoLog=True, bold=False, color='white', colorSpace='named', contrast=1.0, depth=0.0, flipHoriz=False, flipVert=False, font='Arial', fontFiles=[], height=0.1, italic=False, languageStyle='LTR', name='text_6', opacity=1.0, ori=0, pos=array([0., 0.]), rgb=array([255., 255., 255.]), text='Block 3 starts\n\nPress space', units='norm', win=Window(...), wrapWidth=1)
7.1848 	EXP 	Created firstcircle_3 = Polygon(__class__=<class 'psychopy.visual.polygon.Polygon'>, autoDraw=False, autoLog=True, closeShape=True, color=method-wrapper(...), colorSpace=None, contrast=1.0, depth=0.0, fillColor=array([1., 1., 1.]), fillColorSpace='rgb', fillRGB=array([1., 1., 1.]), interpolate=True, lineColor=array([1., 1., 1.]), lineColorSpace='rgb', lineRGB=array([1., 1., 1.]), lineWidth=1, name='firstcircle_3', opacity=1.0, ori=array(0.), pos=array([0., 0.]), size=array([0.3, 0.5]), units='norm', vertices=ndarray(...), win=Window(...))
7.1868 	EXP 	Created text_3 = TextStim(__class__=<class 'psychopy.visual.text.TextStim'>, alignHoriz='center', alignVert='center', antialias=True, autoLog=True, bold=False, color='white', colorSpace='named', contrast=1.0, depth=-2.0, flipHoriz=False, flipVert=False, font='Arial', fontFiles=[], height=0.1, italic=False, languageStyle='LTR', name='text_3', opacity=1.0, ori=0, pos=array([0., 0.]), rgb=array([255., 255., 255.]), text='+', units='norm', win=Window(...), wrapWidth=1)
7.1894 	EXP 	Created secondcircle = Polygon(__class__=<class 'psychopy.visual.polygon.Polygon'>, autoDraw=False, autoLog=True, closeShape=True, color=method-wrapper(...), colorSpace=None, contrast=1.0, depth=-3.0, fillColor=array([-1., -1., -1.]), fillColorSpace='rgb', fillRGB=array([-1., -1., -1.]), interpolate=True, lineColor=array([-1., -1., -1.]), lineColorSpace='rgb', lineRGB=array([-1., -1., -1.]), lineWidth=1, name='secondcircle', opacity=1.0, ori=array(0.), pos=array([0., 0.]), size=array([0.3, 0.5]), units='norm', vertices=ndarray(...), win=Window(...))
7.1916 	EXP 	Created text_4 = TextStim(__class__=<class 'psychopy.visual.text.TextStim'>, alignHoriz='center', alignVert='center', antialias=True, autoLog=True, bold=False, color='white', colorSpace='named', contrast=1.0, depth=-4.0, flipHoriz=False, flipVert=False, font='Arial', fontFiles=[], height=0.1, italic=False, languageStyle='LTR', name='text_4', opacity=1.0, ori=0, pos=array([0., 0.]), rgb=array([255., 255., 255.]), text='next', units='norm', win=Window(...), wrapWidth=1)
7.1973 	EXP 	Created text_7 = TextStim(__class__=<class 'psychopy.visual.text.TextStim'>, alignHoriz='center', alignVert='center', antialias=True, autoLog=True, bold=False, color='white', colorSpace='named', contrast=1.0, depth=0.0, flipHoriz=False, flipVert=False, font='Arial', fontFiles=[], height=0.1, italic=False, languageStyle='LTR', name='text_7', opacity=1.0, ori=0, pos=array([0., 0.]), rgb=array([255., 255., 255.]), text='Block 4 starts\n\nPress space', units='norm', win=Window(...), wrapWidth=1)
7.1999 	EXP 	Created firstcircle_3 = Polygon(__class__=<class 'psychopy.visual.polygon.Polygon'>, autoDraw=False, autoLog=True, closeShape=True, color=method-wrapper(...), colorSpace=None, contrast=1.0, depth=0.0, fillColor=array([1., 1., 1.]), fillColorSpace='rgb', fillRGB=array([1., 1., 1.]), interpolate=True, lineColor=array([1., 1., 1.]), lineColorSpace='rgb', lineRGB=array([1., 1., 1.]), lineWidth=1, name='firstcircle_3', opacity=1.0, ori=array(0.), pos=array([0., 0.]), size=array([0.3, 0.5]), units='norm', vertices=ndarray(...), win=Window(...))
7.2018 	EXP 	Created text_3 = TextStim(__class__=<class 'psychopy.visual.text.TextStim'>, alignHoriz='center', alignVert='center', antialias=True, autoLog=True, bold=False, color='white', colorSpace='named', contrast=1.0, depth=-2.0, flipHoriz=False, flipVert=False, font='Arial', fontFiles=[], height=0.1, italic=False, languageStyle='LTR', name='text_3', opacity=1.0, ori=0, pos=array([0., 0.]), rgb=array([255., 255., 255.]), text='+', units='norm', win=Window(...), wrapWidth=1)
7.2043 	EXP 	Created secondcircle = Polygon(__class__=<class 'psychopy.visual.polygon.Polygon'>, autoDraw=False, autoLog=True, closeShape=True, color=method-wrapper(...), colorSpace=None, contrast=1.0, depth=-3.0, fillColor=array([-1., -1., -1.]), fillColorSpace='rgb', fillRGB=array([-1., -1., -1.]), interpolate=True, lineColor=array([-1., -1., -1.]), lineColorSpace='rgb', lineRGB=array([-1., -1., -1.]), lineWidth=1, name='secondcircle', opacity=1.0, ori=array(0.), pos=array([0., 0.]), size=array([0.3, 0.5]), units='norm', vertices=ndarray(...), win=Window(...))
7.2064 	EXP 	Created text_4 = TextStim(__class__=<class 'psychopy.visual.text.TextStim'>, alignHoriz='center', alignVert='center', antialias=True, autoLog=True, bold=False, color='white', colorSpace='named', contrast=1.0, depth=-4.0, flipHoriz=False, flipVert=False, font='Arial', fontFiles=[], height=0.1, italic=False, languageStyle='LTR', name='text_4', opacity=1.0, ori=0, pos=array([0., 0.]), rgb=array([255., 255., 255.]), text='next', units='norm', win=Window(...), wrapWidth=1)
7.2105 	EXP 	Created text_2 = TextStim(__class__=<class 'psychopy.visual.text.TextStim'>, alignHoriz='center', alignVert='center', antialias=True, autoLog=True, bold=False, color='white', colorSpace='named', contrast=1.0, depth=0.0, flipHoriz=False, flipVert=False, font='Arial', fontFiles=[], height=0.1, italic=False, languageStyle='LTR', name='text_2', opacity=1.0, ori=0, pos=array([0., 0.]), rgb=array([255., 255., 255.]), text='The end', units='norm', win=Window(...), wrapWidth=1)
7.2330 	EXP 	insRound1: autoDraw = True
45.3863 	DATA 	Keypress: space
45.3991 	EXP 	insRound1: autoDraw = False
45.3991 	EXP 	text: autoDraw = True
48.2347 	DATA 	Keypress: space
48.2597 	EXP 	Imported conditionsTime.csv as conditions, 20 conditions, 7 params
48.2601 	EXP 	Created sequence: sequential, trialTypes=20, nReps=1, seed=None
48.2605 	EXP 	New trial (rep=0, index=0): OrderedDict([('firstTime', 1.8), ('secondTime', 1.2), ('corrAns', 'left'), ('plusStart', 2.3), ('secondStart', 3.3), ('respStart', 4.5), ('randNum', 0.17368025899999998)])
48.2658 	EXP 	text: autoDraw = False
48.2658 	EXP 	text_4: autoDraw = True
48.7658 	EXP 	text_4: autoDraw = False
48.7824 	EXP 	firstcircle_3: autoDraw = True
50.5657 	EXP 	firstcircle_3: autoDraw = False
50.5823 	EXP 	text_3: autoDraw = True
51.5657 	EXP 	text_3: autoDraw = False
51.5823 	EXP 	secondcircle: autoDraw = True
52.7657 	EXP 	secondcircle: autoDraw = False
53.9867 	DATA 	Keypress: left
53.9882 	EXP 	New trial (rep=0, index=1): OrderedDict([('firstTime', 3.6), ('secondTime', 3.2), ('corrAns', 'left'), ('plusStart', 4.1), ('secondStart', 5.1), ('respStart', 8.3), ('randNum', 0.41458448299999995)])
53.9991 	EXP 	firstcircle_3: autoDraw = False
53.9991 	EXP 	text_3: autoDraw = False
53.9991 	EXP 	secondcircle: autoDraw = False
53.9991 	EXP 	text_4: autoDraw = False
53.9991 	EXP 	text_4: autoDraw = True
54.4990 	EXP 	text_4: autoDraw = False
54.5156 	EXP 	firstcircle_3: autoDraw = True
58.0989 	EXP 	firstcircle_3: autoDraw = False
58.1156 	EXP 	text_3: autoDraw = True
59.0989 	EXP 	text_3: autoDraw = False
59.1156 	EXP 	secondcircle: autoDraw = True
62.2989 	EXP 	secondcircle: autoDraw = False
62.9675 	DATA 	Keypress: right
62.9690 	EXP 	New trial (rep=0, index=2): OrderedDict([('firstTime', 2.5), ('secondTime', 1.5), ('corrAns', 'left'), ('plusStart', 3.0), ('secondStart', 4.0), ('respStart', 5.5), ('randNum', 0.148607464)])
62.9822 	EXP 	firstcircle_3: autoDraw = False
62.9822 	EXP 	text_3: autoDraw = False
62.9822 	EXP 	secondcircle: autoDraw = False
62.9822 	EXP 	text_4: autoDraw = False
62.9822 	EXP 	text_4: autoDraw = True
63.4822 	EXP 	text_4: autoDraw = False
63.4988 	EXP 	firstcircle_3: autoDraw = True
65.9821 	EXP 	firstcircle_3: autoDraw = False
65.9988 	EXP 	text_3: autoDraw = True
66.9821 	EXP 	text_3: autoDraw = False
66.9988 	EXP 	secondcircle: autoDraw = True
68.4821 	EXP 	secondcircle: autoDraw = False
69.5507 	DATA 	Keypress: left
69.5521 	EXP 	New trial (rep=0, index=3): OrderedDict([('firstTime', 1.8), ('secondTime', 2.7), ('corrAns', 'right'), ('plusStart', 2.3), ('secondStart', 3.3), ('respStart', 6.0), ('randNum', 0.13554984)])
69.5654 	EXP 	firstcircle_3: autoDraw = False
69.5654 	EXP 	text_3: autoDraw = False
69.5654 	EXP 	secondcircle: autoDraw = False
69.5654 	EXP 	text_4: autoDraw = False
69.5654 	EXP 	text_4: autoDraw = True
70.0654 	EXP 	text_4: autoDraw = False
70.0821 	EXP 	firstcircle_3: autoDraw = True
71.8654 	EXP 	firstcircle_3: autoDraw = False
71.8821 	EXP 	text_3: autoDraw = True
72.8654 	EXP 	text_3: autoDraw = False
72.8821 	EXP 	secondcircle: autoDraw = True
75.5654 	EXP 	secondcircle: autoDraw = False
75.9506 	DATA 	Keypress: right
75.9520 	EXP 	New trial (rep=0, index=4): OrderedDict([('firstTime', 1.2), ('secondTime', 1.8), ('corrAns', 'right'), ('plusStart', 1.7), ('secondStart', 2.7), ('respStart', 4.5), ('randNum', 0.309174352)])
75.9653 	EXP 	firstcircle_3: autoDraw = False
75.9653 	EXP 	text_3: autoDraw = False
75.9653 	EXP 	secondcircle: autoDraw = False
75.9653 	EXP 	text_4: autoDraw = False
75.9653 	EXP 	text_4: autoDraw = True
76.4654 	EXP 	text_4: autoDraw = False
76.4820 	EXP 	firstcircle_3: autoDraw = True
77.6653 	EXP 	firstcircle_3: autoDraw = False
77.6820 	EXP 	text_3: autoDraw = True
78.6653 	EXP 	text_3: autoDraw = False
78.6820 	EXP 	secondcircle: autoDraw = True
80.4653 	EXP 	secondcircle: autoDraw = False
80.7339 	DATA 	Keypress: right
80.7352 	EXP 	New trial (rep=0, index=5): OrderedDict([('firstTime', 8.8), ('secondTime', 9.9), ('corrAns', 'right'), ('plusStart', 9.3), ('secondStart', 10.3), ('respStart', 20.2), ('randNum', 0.7009299529999999)])
80.7486 	EXP 	firstcircle_3: autoDraw = False
80.7486 	EXP 	text_3: autoDraw = False
80.7486 	EXP 	secondcircle: autoDraw = False
80.7486 	EXP 	text_4: autoDraw = False
80.7486 	EXP 	text_4: autoDraw = True
81.2487 	EXP 	text_4: autoDraw = False
81.2653 	EXP 	firstcircle_3: autoDraw = True
90.0485 	EXP 	firstcircle_3: autoDraw = False
90.0652 	EXP 	text_3: autoDraw = True
91.0485 	EXP 	text_3: autoDraw = False
91.0651 	EXP 	secondcircle: autoDraw = True
100.9483 	EXP 	secondcircle: autoDraw = False
101.4503 	DATA 	Keypress: right
101.4516 	EXP 	New trial (rep=0, index=6): OrderedDict([('firstTime', 3.3), ('secondTime', 4.4), ('corrAns', 'right'), ('plusStart', 3.8), ('secondStart', 4.8), ('respStart', 9.2), ('randNum', 0.705723743)])
101.4650 	EXP 	firstcircle_3: autoDraw = False
101.4650 	EXP 	text_3: autoDraw = False
101.4650 	EXP 	secondcircle: autoDraw = False
101.4650 	EXP 	text_4: autoDraw = False
101.4650 	EXP 	text_4: autoDraw = True
101.9650 	EXP 	text_4: autoDraw = False
101.9817 	EXP 	firstcircle_3: autoDraw = True
105.2649 	EXP 	firstcircle_3: autoDraw = False
105.2816 	EXP 	text_3: autoDraw = True
106.2649 	EXP 	text_3: autoDraw = False
106.2816 	EXP 	secondcircle: autoDraw = True
110.6649 	EXP 	secondcircle: autoDraw = False
111.2335 	DATA 	Keypress: right
111.2348 	EXP 	New trial (rep=0, index=7): OrderedDict([('firstTime', 3.5), ('secondTime', 2.1), ('corrAns', 'left'), ('plusStart', 4.0), ('secondStart', 5.0), ('respStart', 7.1), ('randNum', 0.544523215)])
111.2483 	EXP 	firstcircle_3: autoDraw = False
111.2483 	EXP 	text_3: autoDraw = False
111.2483 	EXP 	secondcircle: autoDraw = False
111.2483 	EXP 	text_4: autoDraw = False
111.2483 	EXP 	text_4: autoDraw = True
111.7482 	EXP 	text_4: autoDraw = False
111.7649 	EXP 	firstcircle_3: autoDraw = True
115.2482 	EXP 	firstcircle_3: autoDraw = False
115.2648 	EXP 	text_3: autoDraw = True
116.2481 	EXP 	text_3: autoDraw = False
116.2648 	EXP 	secondcircle: autoDraw = True
118.3481 	EXP 	secondcircle: autoDraw = False
118.7004 	DATA 	Keypress: right
118.7164 	EXP 	New trial (rep=0, index=8): OrderedDict([('firstTime', 1.4), ('secondTime', 0.7), ('corrAns', 'left'), ('plusStart', 1.9), ('secondStart', 2.9), ('respStart', 3.6), ('randNum', 0.53553232)])
118.7314 	EXP 	firstcircle_3: autoDraw = False
118.7314 	EXP 	text_3: autoDraw = False
118.7314 	EXP 	secondcircle: autoDraw = False
118.7314 	EXP 	text_4: autoDraw = False
118.7314 	EXP 	text_4: autoDraw = True
119.2314 	EXP 	text_4: autoDraw = False
119.2481 	EXP 	firstcircle_3: autoDraw = True
120.6315 	EXP 	firstcircle_3: autoDraw = False
120.6481 	EXP 	text_3: autoDraw = True
121.6314 	EXP 	text_3: autoDraw = False
121.6481 	EXP 	secondcircle: autoDraw = True
122.3314 	EXP 	secondcircle: autoDraw = False
124.3333 	DATA 	Keypress: right
124.3347 	EXP 	New trial (rep=0, index=9): OrderedDict([('firstTime', 4.4), ('secondTime', 3.3), ('corrAns', 'left'), ('plusStart', 4.9), ('secondStart', 5.9), ('respStart', 9.2), ('randNum', 0.255641654)])
124.3481 	EXP 	firstcircle_3: autoDraw = False
124.3481 	EXP 	text_3: autoDraw = False
124.3481 	EXP 	secondcircle: autoDraw = False
124.3481 	EXP 	text_4: autoDraw = False
124.3481 	EXP 	text_4: autoDraw = True
124.8480 	EXP 	text_4: autoDraw = False
124.8647 	EXP 	firstcircle_3: autoDraw = True
129.2480 	EXP 	firstcircle_3: autoDraw = False
129.2646 	EXP 	text_3: autoDraw = True
130.2479 	EXP 	text_3: autoDraw = False
130.2646 	EXP 	secondcircle: autoDraw = True
133.5479 	EXP 	secondcircle: autoDraw = False
134.9665 	DATA 	Keypress: left
134.9679 	EXP 	New trial (rep=0, index=10): OrderedDict([('firstTime', 3.2), ('secondTime', 3.6), ('corrAns', 'right'), ('plusStart', 3.7), ('secondStart', 4.7), ('respStart', 8.3), ('randNum', 0.140100939)])
134.9813 	EXP 	firstcircle_3: autoDraw = False
134.9813 	EXP 	text_3: autoDraw = False
134.9813 	EXP 	secondcircle: autoDraw = False
134.9813 	EXP 	text_4: autoDraw = False
134.9813 	EXP 	text_4: autoDraw = True
135.4812 	EXP 	text_4: autoDraw = False
135.4979 	EXP 	firstcircle_3: autoDraw = True
138.6812 	EXP 	firstcircle_3: autoDraw = False
138.6978 	EXP 	text_3: autoDraw = True
139.6811 	EXP 	text_3: autoDraw = False
139.6978 	EXP 	secondcircle: autoDraw = True
143.2811 	EXP 	secondcircle: autoDraw = False
143.6507 	DATA 	Keypress: right
143.6661 	EXP 	New trial (rep=0, index=11): OrderedDict([('firstTime', 2.8), ('secondTime', 2.1), ('corrAns', 'left'), ('plusStart', 3.3), ('secondStart', 4.3), ('respStart', 6.4), ('randNum', 0.019093293)])
143.6811 	EXP 	firstcircle_3: autoDraw = False
143.6811 	EXP 	text_3: autoDraw = False
143.6811 	EXP 	secondcircle: autoDraw = False
143.6811 	EXP 	text_4: autoDraw = False
143.6811 	EXP 	text_4: autoDraw = True
144.1811 	EXP 	text_4: autoDraw = False
144.1978 	EXP 	firstcircle_3: autoDraw = True
146.9811 	EXP 	firstcircle_3: autoDraw = False
146.9977 	EXP 	text_3: autoDraw = True
147.9810 	EXP 	text_3: autoDraw = False
147.9977 	EXP 	secondcircle: autoDraw = True
150.0810 	EXP 	secondcircle: autoDraw = False
151.0330 	DATA 	Keypress: right
151.0344 	EXP 	New trial (rep=0, index=12): OrderedDict([('firstTime', 0.9), ('secondTime', 1.8), ('corrAns', 'right'), ('plusStart', 1.4), ('secondStart', 2.4), ('respStart', 4.2), ('randNum', 0.461070472)])
151.0477 	EXP 	firstcircle_3: autoDraw = False
151.0477 	EXP 	text_3: autoDraw = False
151.0477 	EXP 	secondcircle: autoDraw = False
151.0477 	EXP 	text_4: autoDraw = False
151.0477 	EXP 	text_4: autoDraw = True
151.5477 	EXP 	text_4: autoDraw = False
151.5643 	EXP 	firstcircle_3: autoDraw = True
152.4476 	EXP 	firstcircle_3: autoDraw = False
152.4643 	EXP 	text_3: autoDraw = True
153.4476 	EXP 	text_3: autoDraw = False
153.4643 	EXP 	secondcircle: autoDraw = True
155.2476 	EXP 	secondcircle: autoDraw = False
155.5495 	DATA 	Keypress: right
155.5508 	EXP 	New trial (rep=0, index=13): OrderedDict([('firstTime', 2.1), ('secondTime', 2.8), ('corrAns', 'right'), ('plusStart', 2.6), ('secondStart', 3.6), ('respStart', 6.4), ('randNum', 0.22761601199999998)])
155.5643 	EXP 	firstcircle_3: autoDraw = False
155.5643 	EXP 	text_3: autoDraw = False
155.5643 	EXP 	secondcircle: autoDraw = False
155.5643 	EXP 	text_4: autoDraw = False
155.5643 	EXP 	text_4: autoDraw = True
156.0643 	EXP 	text_4: autoDraw = False
156.0809 	EXP 	firstcircle_3: autoDraw = True
158.1642 	EXP 	firstcircle_3: autoDraw = False
158.1809 	EXP 	text_3: autoDraw = True
159.1642 	EXP 	text_3: autoDraw = False
159.1809 	EXP 	secondcircle: autoDraw = True
161.9642 	EXP 	secondcircle: autoDraw = False
162.4994 	DATA 	Keypress: right
162.5007 	EXP 	New trial (rep=0, index=14): OrderedDict([('firstTime', 0.7), ('secondTime', 1.4), ('corrAns', 'right'), ('plusStart', 1.2), ('secondStart', 2.2), ('respStart', 3.6), ('randNum', 0.436550891)])
162.5142 	EXP 	firstcircle_3: autoDraw = False
162.5142 	EXP 	text_3: autoDraw = False
162.5142 	EXP 	secondcircle: autoDraw = False
162.5142 	EXP 	text_4: autoDraw = False
162.5142 	EXP 	text_4: autoDraw = True
163.0142 	EXP 	text_4: autoDraw = False
163.0309 	EXP 	firstcircle_3: autoDraw = True
163.7142 	EXP 	firstcircle_3: autoDraw = False
163.7308 	EXP 	text_3: autoDraw = True
164.7141 	EXP 	text_3: autoDraw = False
164.7308 	EXP 	secondcircle: autoDraw = True
166.1141 	EXP 	secondcircle: autoDraw = False
166.4164 	DATA 	Keypress: right
166.4177 	EXP 	New trial (rep=0, index=15): OrderedDict([('firstTime', 1.8), ('secondTime', 0.9), ('corrAns', 'left'), ('plusStart', 2.3), ('secondStart', 3.3), ('respStart', 4.2), ('randNum', 0.028891147000000002)])
166.4308 	EXP 	firstcircle_3: autoDraw = False
166.4308 	EXP 	text_3: autoDraw = False
166.4308 	EXP 	secondcircle: autoDraw = False
166.4308 	EXP 	text_4: autoDraw = False
166.4308 	EXP 	text_4: autoDraw = True
166.9308 	EXP 	text_4: autoDraw = False
166.9475 	EXP 	firstcircle_3: autoDraw = True
168.7308 	EXP 	firstcircle_3: autoDraw = False
168.7474 	EXP 	text_3: autoDraw = True
169.7307 	EXP 	text_3: autoDraw = False
169.7474 	EXP 	secondcircle: autoDraw = True
170.6307 	EXP 	secondcircle: autoDraw = False
171.5161 	DATA 	Keypress: left
171.5174 	EXP 	New trial (rep=0, index=16): OrderedDict([('firstTime', 2.7), ('secondTime', 1.8), ('corrAns', 'left'), ('plusStart', 3.2), ('secondStart', 4.2), ('respStart', 6.0), ('randNum', 0.277400549)])
171.5307 	EXP 	firstcircle_3: autoDraw = False
171.5307 	EXP 	text_3: autoDraw = False
171.5307 	EXP 	secondcircle: autoDraw = False
171.5307 	EXP 	text_4: autoDraw = False
171.5307 	EXP 	text_4: autoDraw = True
172.0307 	EXP 	text_4: autoDraw = False
172.0474 	EXP 	firstcircle_3: autoDraw = True
174.7307 	EXP 	firstcircle_3: autoDraw = False
174.7473 	EXP 	text_3: autoDraw = True
175.7307 	EXP 	text_3: autoDraw = False
175.7473 	EXP 	secondcircle: autoDraw = True
177.5306 	EXP 	secondcircle: autoDraw = False
178.6993 	DATA 	Keypress: left
178.7006 	EXP 	New trial (rep=0, index=17): OrderedDict([('firstTime', 9.9), ('secondTime', 8.8), ('corrAns', 'left'), ('plusStart', 10.4), ('secondStart', 11.4), ('respStart', 20.2), ('randNum', 0.9607848720000001)])
178.7140 	EXP 	firstcircle_3: autoDraw = False
178.7140 	EXP 	text_3: autoDraw = False
178.7140 	EXP 	secondcircle: autoDraw = False
178.7140 	EXP 	text_4: autoDraw = False
178.7140 	EXP 	text_4: autoDraw = True
179.2140 	EXP 	text_4: autoDraw = False
179.2306 	EXP 	firstcircle_3: autoDraw = True
189.1138 	EXP 	firstcircle_3: autoDraw = False
189.1305 	EXP 	text_3: autoDraw = True
190.1138 	EXP 	text_3: autoDraw = False
190.1305 	EXP 	secondcircle: autoDraw = True
198.9137 	EXP 	secondcircle: autoDraw = False
199.9657 	DATA 	Keypress: right
199.9671 	EXP 	New trial (rep=0, index=18): OrderedDict([('firstTime', 2.1), ('secondTime', 3.5), ('corrAns', 'right'), ('plusStart', 2.6), ('secondStart', 3.6), ('respStart', 7.1), ('randNum', 0.609327094)])
199.9803 	EXP 	firstcircle_3: autoDraw = False
199.9803 	EXP 	text_3: autoDraw = False
199.9803 	EXP 	secondcircle: autoDraw = False
199.9803 	EXP 	text_4: autoDraw = False
199.9803 	EXP 	text_4: autoDraw = True
200.4803 	EXP 	text_4: autoDraw = False
200.4970 	EXP 	firstcircle_3: autoDraw = True
202.5804 	EXP 	firstcircle_3: autoDraw = False
202.5970 	EXP 	text_3: autoDraw = True
203.5803 	EXP 	text_3: autoDraw = False
203.5969 	EXP 	secondcircle: autoDraw = True
207.0802 	EXP 	secondcircle: autoDraw = False
207.6322 	DATA 	Keypress: right
207.6336 	EXP 	New trial (rep=0, index=19): OrderedDict([('firstTime', 1.5), ('secondTime', 2.5), ('corrAns', 'right'), ('plusStart', 2.0), ('secondStart', 3.0), ('respStart', 5.5), ('randNum', 0.487304505)])
207.6469 	EXP 	firstcircle_3: autoDraw = False
207.6469 	EXP 	text_3: autoDraw = False
207.6469 	EXP 	secondcircle: autoDraw = False
207.6469 	EXP 	text_4: autoDraw = False
207.6469 	EXP 	text_4: autoDraw = True
208.1469 	EXP 	text_4: autoDraw = False
208.1636 	EXP 	firstcircle_3: autoDraw = True
209.6469 	EXP 	firstcircle_3: autoDraw = False
209.6636 	EXP 	text_3: autoDraw = True
210.6469 	EXP 	text_3: autoDraw = False
210.6635 	EXP 	secondcircle: autoDraw = True
213.1468 	EXP 	secondcircle: autoDraw = False
213.2655 	DATA 	Keypress: right
213.2802 	EXP 	firstcircle_3: autoDraw = False
213.2802 	EXP 	text_3: autoDraw = False
213.2802 	EXP 	secondcircle: autoDraw = False
213.2802 	EXP 	text_4: autoDraw = False
213.2802 	EXP 	text_5: autoDraw = True
214.5661 	DATA 	Keypress: space
214.5746 	EXP 	Imported conditionsTime2.csv as conditions, 20 conditions, 7 params
214.5749 	EXP 	Created sequence: sequential, trialTypes=20, nReps=1, seed=None
214.5754 	EXP 	New trial (rep=0, index=0): OrderedDict([('firstTime', 9.9), ('secondTime', 8.8), ('corrAns', 'left'), ('plusStart', 10.4), ('secondStart', 11.4), ('respStart', 20.2), ('randNum', 0.6005130679999999)])
214.5801 	EXP 	text_5: autoDraw = False
214.5801 	EXP 	text_4: autoDraw = True
215.0802 	EXP 	text_4: autoDraw = False
215.0968 	EXP 	firstcircle_3: autoDraw = True
224.9800 	EXP 	firstcircle_3: autoDraw = False
224.9967 	EXP 	text_3: autoDraw = True
225.9800 	EXP 	text_3: autoDraw = False
225.9966 	EXP 	secondcircle: autoDraw = True
234.7799 	EXP 	secondcircle: autoDraw = False
235.5317 	DATA 	Keypress: right
235.5333 	EXP 	New trial (rep=0, index=1): OrderedDict([('firstTime', 1.5), ('secondTime', 2.5), ('corrAns', 'right'), ('plusStart', 2.0), ('secondStart', 3.0), ('respStart', 5.5), ('randNum', 0.805142221)])
235.5465 	EXP 	firstcircle_3: autoDraw = False
235.5465 	EXP 	text_3: autoDraw = False
235.5465 	EXP 	secondcircle: autoDraw = False
235.5465 	EXP 	text_4: autoDraw = False
235.5465 	EXP 	text_4: autoDraw = True
236.0466 	EXP 	text_4: autoDraw = False
236.0632 	EXP 	firstcircle_3: autoDraw = True
237.5465 	EXP 	firstcircle_3: autoDraw = False
237.5632 	EXP 	text_3: autoDraw = True
238.5465 	EXP 	text_3: autoDraw = False
238.5631 	EXP 	secondcircle: autoDraw = True
241.0464 	EXP 	secondcircle: autoDraw = False
241.3317 	DATA 	Keypress: right
241.3331 	EXP 	New trial (rep=0, index=2): OrderedDict([('firstTime', 0.7), ('secondTime', 1.4), ('corrAns', 'right'), ('plusStart', 1.2), ('secondStart', 2.2), ('respStart', 3.6), ('randNum', 0.70587608)])
241.3464 	EXP 	firstcircle_3: autoDraw = False
241.3464 	EXP 	text_3: autoDraw = False
241.3464 	EXP 	secondcircle: autoDraw = False
241.3464 	EXP 	text_4: autoDraw = False
241.3464 	EXP 	text_4: autoDraw = True
241.8464 	EXP 	text_4: autoDraw = False
241.8631 	EXP 	firstcircle_3: autoDraw = True
242.5464 	EXP 	firstcircle_3: autoDraw = False
242.5631 	EXP 	text_3: autoDraw = True
243.5464 	EXP 	text_3: autoDraw = False
243.5631 	EXP 	secondcircle: autoDraw = True
244.9464 	EXP 	secondcircle: autoDraw = False
245.3148 	DATA 	Keypress: right
245.3162 	EXP 	New trial (rep=0, index=3): OrderedDict([('firstTime', 1.2), ('secondTime', 1.8), ('corrAns', 'right'), ('plusStart', 1.7), ('secondStart', 2.7), ('respStart', 4.5), ('randNum', 0.276216099)])
245.3298 	EXP 	firstcircle_3: autoDraw = False
245.3298 	EXP 	text_3: autoDraw = False
245.3298 	EXP 	secondcircle: autoDraw = False
245.3298 	EXP 	text_4: autoDraw = False
245.3298 	EXP 	text_4: autoDraw = True
245.8297 	EXP 	text_4: autoDraw = False
245.8464 	EXP 	firstcircle_3: autoDraw = True
247.0298 	EXP 	firstcircle_3: autoDraw = False
247.0464 	EXP 	text_3: autoDraw = True
248.0297 	EXP 	text_3: autoDraw = False
248.0463 	EXP 	secondcircle: autoDraw = True
249.8297 	EXP 	secondcircle: autoDraw = False
250.1483 	DATA 	Keypress: right
250.1496 	EXP 	New trial (rep=0, index=4): OrderedDict([('firstTime', 3.3), ('secondTime', 4.4), ('corrAns', 'right'), ('plusStart', 3.8), ('secondStart', 4.8), ('respStart', 9.2), ('randNum', 0.803512663)])
250.1630 	EXP 	firstcircle_3: autoDraw = False
250.1630 	EXP 	text_3: autoDraw = False
250.1630 	EXP 	secondcircle: autoDraw = False
250.1630 	EXP 	text_4: autoDraw = False
250.1630 	EXP 	text_4: autoDraw = True
250.6630 	EXP 	text_4: autoDraw = False
250.6796 	EXP 	firstcircle_3: autoDraw = True
253.9629 	EXP 	firstcircle_3: autoDraw = False
253.9796 	EXP 	text_3: autoDraw = True
254.9629 	EXP 	text_3: autoDraw = False
254.9796 	EXP 	secondcircle: autoDraw = True
259.3629 	EXP 	secondcircle: autoDraw = False
260.1315 	DATA 	Keypress: right
260.1328 	EXP 	New trial (rep=0, index=5): OrderedDict([('firstTime', 2.1), ('secondTime', 2.8), ('corrAns', 'right'), ('plusStart', 2.6), ('secondStart', 3.6), ('respStart', 6.4), ('randNum', 0.26721103399999996)])
260.1462 	EXP 	firstcircle_3: autoDraw = False
260.1462 	EXP 	text_3: autoDraw = False
260.1462 	EXP 	secondcircle: autoDraw = False
260.1462 	EXP 	text_4: autoDraw = False
260.1462 	EXP 	text_4: autoDraw = True
260.6462 	EXP 	text_4: autoDraw = False
260.6629 	EXP 	firstcircle_3: autoDraw = True
262.7463 	EXP 	firstcircle_3: autoDraw = False
262.7628 	EXP 	text_3: autoDraw = True
263.7462 	EXP 	text_3: autoDraw = False
263.7629 	EXP 	secondcircle: autoDraw = True
266.5461 	EXP 	secondcircle: autoDraw = False
267.8813 	DATA 	Keypress: right
267.8827 	EXP 	New trial (rep=0, index=6): OrderedDict([('firstTime', 2.8), ('secondTime', 2.1), ('corrAns', 'left'), ('plusStart', 3.3), ('secondStart', 4.3), ('respStart', 6.4), ('randNum', 0.1426323)])
267.8961 	EXP 	firstcircle_3: autoDraw = False
267.8961 	EXP 	text_3: autoDraw = False
267.8961 	EXP 	secondcircle: autoDraw = False
267.8961 	EXP 	text_4: autoDraw = False
267.8961 	EXP 	text_4: autoDraw = True
268.3961 	EXP 	text_4: autoDraw = False
268.4127 	EXP 	firstcircle_3: autoDraw = True
271.1960 	EXP 	firstcircle_3: autoDraw = False
271.2127 	EXP 	text_3: autoDraw = True
272.1960 	EXP 	text_3: autoDraw = False
272.2127 	EXP 	secondcircle: autoDraw = True
274.2960 	EXP 	secondcircle: autoDraw = False
274.9821 	DATA 	Keypress: left
274.9976 	EXP 	New trial (rep=0, index=7): OrderedDict([('firstTime', 2.7), ('secondTime', 1.8), ('corrAns', 'left'), ('plusStart', 3.2), ('secondStart', 4.2), ('respStart', 6.0), ('randNum', 0.15619143)])
275.0127 	EXP 	firstcircle_3: autoDraw = False
275.0127 	EXP 	text_3: autoDraw = False
275.0127 	EXP 	secondcircle: autoDraw = False
275.0127 	EXP 	text_4: autoDraw = False
275.0127 	EXP 	text_4: autoDraw = True
275.5127 	EXP 	text_4: autoDraw = False
275.5293 	EXP 	firstcircle_3: autoDraw = True
278.2127 	EXP 	firstcircle_3: autoDraw = False
278.2293 	EXP 	text_3: autoDraw = True
279.2126 	EXP 	text_3: autoDraw = False
279.2293 	EXP 	secondcircle: autoDraw = True
281.0126 	EXP 	secondcircle: autoDraw = False
281.9646 	DATA 	Keypress: left
281.9659 	EXP 	New trial (rep=0, index=8): OrderedDict([('firstTime', 8.8), ('secondTime', 9.9), ('corrAns', 'right'), ('plusStart', 9.3), ('secondStart', 10.3), ('respStart', 20.2), ('randNum', 0.549248995)])
281.9792 	EXP 	firstcircle_3: autoDraw = False
281.9792 	EXP 	text_3: autoDraw = False
281.9792 	EXP 	secondcircle: autoDraw = False
281.9792 	EXP 	text_4: autoDraw = False
281.9792 	EXP 	text_4: autoDraw = True
282.4792 	EXP 	text_4: autoDraw = False
282.4959 	EXP 	firstcircle_3: autoDraw = True
291.2791 	EXP 	firstcircle_3: autoDraw = False
291.2958 	EXP 	text_3: autoDraw = True
292.2791 	EXP 	text_3: autoDraw = False
292.2958 	EXP 	secondcircle: autoDraw = True
302.1789 	EXP 	secondcircle: autoDraw = False
302.5809 	DATA 	Keypress: right
302.5823 	EXP 	New trial (rep=0, index=9): OrderedDict([('firstTime', 2.5), ('secondTime', 1.5), ('corrAns', 'left'), ('plusStart', 3.0), ('secondStart', 4.0), ('respStart', 5.5), ('randNum', 0.358211186)])
302.5956 	EXP 	firstcircle_3: autoDraw = False
302.5956 	EXP 	text_3: autoDraw = False
302.5956 	EXP 	secondcircle: autoDraw = False
302.5956 	EXP 	text_4: autoDraw = False
302.5956 	EXP 	text_4: autoDraw = True
303.0956 	EXP 	text_4: autoDraw = False
303.1123 	EXP 	firstcircle_3: autoDraw = True
305.5956 	EXP 	firstcircle_3: autoDraw = False
305.6122 	EXP 	text_3: autoDraw = True
306.5956 	EXP 	text_3: autoDraw = False
306.6122 	EXP 	secondcircle: autoDraw = True
308.0955 	EXP 	secondcircle: autoDraw = False
308.5308 	DATA 	Keypress: left
308.5322 	EXP 	New trial (rep=0, index=10): OrderedDict([('firstTime', 1.8), ('secondTime', 0.9), ('corrAns', 'left'), ('plusStart', 2.3), ('secondStart', 3.3), ('respStart', 4.2), ('randNum', 0.907401646)])
308.5455 	EXP 	firstcircle_3: autoDraw = False
308.5455 	EXP 	text_3: autoDraw = False
308.5455 	EXP 	secondcircle: autoDraw = False
308.5455 	EXP 	text_4: autoDraw = False
308.5455 	EXP 	text_4: autoDraw = True
309.0455 	EXP 	text_4: autoDraw = False
309.0622 	EXP 	firstcircle_3: autoDraw = True
310.8455 	EXP 	firstcircle_3: autoDraw = False
310.8622 	EXP 	text_3: autoDraw = True
311.8455 	EXP 	text_3: autoDraw = False
311.8622 	EXP 	secondcircle: autoDraw = True
312.7455 	EXP 	secondcircle: autoDraw = False
313.5307 	DATA 	Keypress: right
313.5321 	EXP 	New trial (rep=0, index=11): OrderedDict([('firstTime', 3.2), ('secondTime', 3.6), ('corrAns', 'right'), ('plusStart', 3.7), ('secondStart', 4.7), ('respStart', 8.3), ('randNum', 0.40261677799999995)])
313.5455 	EXP 	firstcircle_3: autoDraw = False
313.5455 	EXP 	text_3: autoDraw = False
313.5455 	EXP 	secondcircle: autoDraw = False
313.5455 	EXP 	text_4: autoDraw = False
313.5455 	EXP 	text_4: autoDraw = True
314.0455 	EXP 	text_4: autoDraw = False
314.0621 	EXP 	firstcircle_3: autoDraw = True
317.2454 	EXP 	firstcircle_3: autoDraw = False
317.2621 	EXP 	text_3: autoDraw = True
318.2454 	EXP 	text_3: autoDraw = False
318.2621 	EXP 	secondcircle: autoDraw = True
321.8454 	EXP 	secondcircle: autoDraw = False
322.1316 	DATA 	Keypress: right
322.1470 	EXP 	New trial (rep=0, index=12): OrderedDict([('firstTime', 2.1), ('secondTime', 3.5), ('corrAns', 'right'), ('plusStart', 2.6), ('secondStart', 3.6), ('respStart', 7.1), ('randNum', 0.699018652)])
322.1620 	EXP 	firstcircle_3: autoDraw = False
322.1620 	EXP 	text_3: autoDraw = False
322.1620 	EXP 	secondcircle: autoDraw = False
322.1620 	EXP 	text_4: autoDraw = False
322.1620 	EXP 	text_4: autoDraw = True
322.6620 	EXP 	text_4: autoDraw = False
322.6787 	EXP 	firstcircle_3: autoDraw = True
324.7620 	EXP 	firstcircle_3: autoDraw = False
324.7787 	EXP 	text_3: autoDraw = True
325.7620 	EXP 	text_3: autoDraw = False
325.7786 	EXP 	secondcircle: autoDraw = True
329.2619 	EXP 	secondcircle: autoDraw = False
330.4304 	DATA 	Keypress: right
330.4316 	EXP 	New trial (rep=0, index=13): OrderedDict([('firstTime', 1.8), ('secondTime', 2.7), ('corrAns', 'right'), ('plusStart', 2.3), ('secondStart', 3.3), ('respStart', 6.0), ('randNum', 0.8590765890000001)])
330.4452 	EXP 	firstcircle_3: autoDraw = False
330.4452 	EXP 	text_3: autoDraw = False
330.4452 	EXP 	secondcircle: autoDraw = False
330.4452 	EXP 	text_4: autoDraw = False
330.4452 	EXP 	text_4: autoDraw = True
330.9452 	EXP 	text_4: autoDraw = False
330.9619 	EXP 	firstcircle_3: autoDraw = True
332.7452 	EXP 	firstcircle_3: autoDraw = False
332.7619 	EXP 	text_3: autoDraw = True
333.7452 	EXP 	text_3: autoDraw = False
333.7619 	EXP 	secondcircle: autoDraw = True
336.4452 	EXP 	secondcircle: autoDraw = False
337.9971 	DATA 	Keypress: left
337.9984 	EXP 	New trial (rep=0, index=14): OrderedDict([('firstTime', 1.4), ('secondTime', 0.7), ('corrAns', 'left'), ('plusStart', 1.9), ('secondStart', 2.9), ('respStart', 3.6), ('randNum', 0.413030013)])
338.0118 	EXP 	firstcircle_3: autoDraw = False
338.0118 	EXP 	text_3: autoDraw = False
338.0118 	EXP 	secondcircle: autoDraw = False
338.0118 	EXP 	text_4: autoDraw = False
338.0118 	EXP 	text_4: autoDraw = True
338.5118 	EXP 	text_4: autoDraw = False
338.5285 	EXP 	firstcircle_3: autoDraw = True
339.9118 	EXP 	firstcircle_3: autoDraw = False
339.9285 	EXP 	text_3: autoDraw = True
340.9118 	EXP 	text_3: autoDraw = False
340.9285 	EXP 	secondcircle: autoDraw = True
341.6118 	EXP 	secondcircle: autoDraw = False
342.8471 	DATA 	Keypress: left
342.8484 	EXP 	New trial (rep=0, index=15): OrderedDict([('firstTime', 3.6), ('secondTime', 3.2), ('corrAns', 'left'), ('plusStart', 4.1), ('secondStart', 5.1), ('respStart', 8.3), ('randNum', 0.12198344800000001)])
342.8617 	EXP 	firstcircle_3: autoDraw = False
342.8617 	EXP 	text_3: autoDraw = False
342.8617 	EXP 	secondcircle: autoDraw = False
342.8617 	EXP 	text_4: autoDraw = False
342.8617 	EXP 	text_4: autoDraw = True
343.3617 	EXP 	text_4: autoDraw = False
343.3784 	EXP 	firstcircle_3: autoDraw = True
346.9617 	EXP 	firstcircle_3: autoDraw = False
346.9784 	EXP 	text_3: autoDraw = True
347.9617 	EXP 	text_3: autoDraw = False
347.9784 	EXP 	secondcircle: autoDraw = True
351.1617 	EXP 	secondcircle: autoDraw = False
351.9637 	DATA 	Keypress: right
351.9651 	EXP 	New trial (rep=0, index=16): OrderedDict([('firstTime', 4.4), ('secondTime', 3.3), ('corrAns', 'left'), ('plusStart', 4.9), ('secondStart', 5.9), ('respStart', 9.2), ('randNum', 0.7908218929999999)])
351.9783 	EXP 	firstcircle_3: autoDraw = False
351.9783 	EXP 	text_3: autoDraw = False
351.9783 	EXP 	secondcircle: autoDraw = False
351.9783 	EXP 	text_4: autoDraw = False
351.9783 	EXP 	text_4: autoDraw = True
352.4783 	EXP 	text_4: autoDraw = False
352.4949 	EXP 	firstcircle_3: autoDraw = True
356.8782 	EXP 	firstcircle_3: autoDraw = False
356.8949 	EXP 	text_3: autoDraw = True
357.8782 	EXP 	text_3: autoDraw = False
357.8949 	EXP 	secondcircle: autoDraw = True
361.1781 	EXP 	secondcircle: autoDraw = False
362.6134 	DATA 	Keypress: left
362.6148 	EXP 	New trial (rep=0, index=17): OrderedDict([('firstTime', 3.5), ('secondTime', 2.1), ('corrAns', 'left'), ('plusStart', 4.0), ('secondStart', 5.0), ('respStart', 7.1), ('randNum', 0.149007794)])
362.6282 	EXP 	firstcircle_3: autoDraw = False
362.6282 	EXP 	text_3: autoDraw = False
362.6282 	EXP 	secondcircle: autoDraw = False
362.6282 	EXP 	text_4: autoDraw = False
362.6282 	EXP 	text_4: autoDraw = True
363.1281 	EXP 	text_4: autoDraw = False
363.1448 	EXP 	firstcircle_3: autoDraw = True
366.6281 	EXP 	firstcircle_3: autoDraw = False
366.6448 	EXP 	text_3: autoDraw = True
367.6281 	EXP 	text_3: autoDraw = False
367.6447 	EXP 	secondcircle: autoDraw = True
369.7280 	EXP 	secondcircle: autoDraw = False
370.1800 	DATA 	Keypress: left
370.1814 	EXP 	New trial (rep=0, index=18): OrderedDict([('firstTime', 1.8), ('secondTime', 1.2), ('corrAns', 'left'), ('plusStart', 2.3), ('secondStart', 3.3), ('respStart', 4.5), ('randNum', 0.44825194799999996)])
370.1947 	EXP 	firstcircle_3: autoDraw = False
370.1947 	EXP 	text_3: autoDraw = False
370.1947 	EXP 	secondcircle: autoDraw = False
370.1947 	EXP 	text_4: autoDraw = False
370.1947 	EXP 	text_4: autoDraw = True
370.6948 	EXP 	text_4: autoDraw = False
370.7114 	EXP 	firstcircle_3: autoDraw = True
372.4947 	EXP 	firstcircle_3: autoDraw = False
372.5114 	EXP 	text_3: autoDraw = True
373.4947 	EXP 	text_3: autoDraw = False
373.5114 	EXP 	secondcircle: autoDraw = True
374.6946 	EXP 	secondcircle: autoDraw = False
376.5637 	DATA 	Keypress: left
376.5796 	EXP 	New trial (rep=0, index=19): OrderedDict([('firstTime', 0.9), ('secondTime', 1.8), ('corrAns', 'right'), ('plusStart', 1.4), ('secondStart', 2.4), ('respStart', 4.2), ('randNum', 0.35938568299999996)])
376.5947 	EXP 	firstcircle_3: autoDraw = False
376.5947 	EXP 	text_3: autoDraw = False
376.5947 	EXP 	secondcircle: autoDraw = False
376.5947 	EXP 	text_4: autoDraw = False
376.5947 	EXP 	text_4: autoDraw = True
377.0946 	EXP 	text_4: autoDraw = False
377.1113 	EXP 	firstcircle_3: autoDraw = True
377.9946 	EXP 	firstcircle_3: autoDraw = False
378.0113 	EXP 	text_3: autoDraw = True
378.9946 	EXP 	text_3: autoDraw = False
379.0113 	EXP 	secondcircle: autoDraw = True
380.7946 	EXP 	secondcircle: autoDraw = False
381.1298 	DATA 	Keypress: right
381.1446 	EXP 	firstcircle_3: autoDraw = False
381.1446 	EXP 	text_3: autoDraw = False
381.1446 	EXP 	secondcircle: autoDraw = False
381.1446 	EXP 	text_4: autoDraw = False
381.1446 	EXP 	text_6: autoDraw = True
382.5635 	DATA 	Keypress: space
382.5734 	EXP 	Imported conditionsTime3.csv as conditions, 20 conditions, 7 params
382.5738 	EXP 	Created sequence: sequential, trialTypes=20, nReps=1, seed=None
382.5742 	EXP 	New trial (rep=0, index=0): OrderedDict([('firstTime', 2.7), ('secondTime', 1.8), ('corrAns', 'left'), ('plusStart', 3.2), ('secondStart', 4.2), ('respStart', 6.0), ('randNum', 0.09224181599999999)])
382.5779 	EXP 	text_6: autoDraw = False
382.5779 	EXP 	text_4: autoDraw = True
383.0945 	EXP 	firstcircle_3: autoDraw = True
383.0945 	EXP 	text_4: autoDraw = False
384.9964 	DATA 	Keypress: left
385.7945 	EXP 	firstcircle_3: autoDraw = False
385.7945 	EXP 	text_3: autoDraw = True
386.7945 	EXP 	text_3: autoDraw = False
386.7945 	EXP 	secondcircle: autoDraw = True
388.5944 	EXP 	secondcircle: autoDraw = False
389.2297 	DATA 	Keypress: left
389.2313 	EXP 	New trial (rep=0, index=1): OrderedDict([('firstTime', 1.8), ('secondTime', 2.7), ('corrAns', 'right'), ('plusStart', 2.3), ('secondStart', 3.3), ('respStart', 6.0), ('randNum', 0.320860695)])
389.2444 	EXP 	firstcircle_3: autoDraw = False
389.2444 	EXP 	text_3: autoDraw = False
389.2444 	EXP 	secondcircle: autoDraw = False
389.2444 	EXP 	text_4: autoDraw = False
389.2444 	EXP 	text_4: autoDraw = True
389.7444 	EXP 	text_4: autoDraw = False
389.7612 	EXP 	firstcircle_3: autoDraw = True
391.5444 	EXP 	firstcircle_3: autoDraw = False
391.5611 	EXP 	text_3: autoDraw = True
392.5444 	EXP 	text_3: autoDraw = False
392.5611 	EXP 	secondcircle: autoDraw = True
394.2467 	DATA 	Keypress: right
395.2444 	EXP 	secondcircle: autoDraw = False
395.7634 	DATA 	Keypress: right
395.7648 	EXP 	New trial (rep=0, index=2): OrderedDict([('firstTime', 0.7), ('secondTime', 1.4), ('corrAns', 'right'), ('plusStart', 1.2), ('secondStart', 2.2), ('respStart', 3.6), ('randNum', 0.091696964)])
395.7777 	EXP 	firstcircle_3: autoDraw = False
395.7777 	EXP 	text_3: autoDraw = False
395.7777 	EXP 	secondcircle: autoDraw = False
395.7777 	EXP 	text_4: autoDraw = False
395.7777 	EXP 	text_4: autoDraw = True
396.2777 	EXP 	text_4: autoDraw = False
396.2944 	EXP 	firstcircle_3: autoDraw = True
396.9777 	EXP 	firstcircle_3: autoDraw = False
396.9944 	EXP 	text_3: autoDraw = True
397.9777 	EXP 	text_3: autoDraw = False
397.9943 	EXP 	secondcircle: autoDraw = True
399.3777 	EXP 	secondcircle: autoDraw = False
399.7464 	DATA 	Keypress: right
399.7478 	EXP 	New trial (rep=0, index=3): OrderedDict([('firstTime', 4.4), ('secondTime', 3.3), ('corrAns', 'left'), ('plusStart', 4.9), ('secondStart', 5.9), ('respStart', 9.2), ('randNum', 0.010112259)])
399.7610 	EXP 	firstcircle_3: autoDraw = False
399.7610 	EXP 	text_3: autoDraw = False
399.7610 	EXP 	secondcircle: autoDraw = False
399.7610 	EXP 	text_4: autoDraw = False
399.7610 	EXP 	text_4: autoDraw = True
400.2610 	EXP 	text_4: autoDraw = False
400.2776 	EXP 	firstcircle_3: autoDraw = True
404.6609 	EXP 	firstcircle_3: autoDraw = False
404.6776 	EXP 	text_3: autoDraw = True
405.6609 	EXP 	text_3: autoDraw = False
405.6776 	EXP 	secondcircle: autoDraw = True
408.9608 	EXP 	secondcircle: autoDraw = False
409.5628 	DATA 	Keypress: left
409.5642 	EXP 	New trial (rep=0, index=4): OrderedDict([('firstTime', 0.9), ('secondTime', 1.8), ('corrAns', 'right'), ('plusStart', 1.4), ('secondStart', 2.4), ('respStart', 4.2), ('randNum', 0.877480265)])
409.5775 	EXP 	firstcircle_3: autoDraw = False
409.5775 	EXP 	text_3: autoDraw = False
409.5775 	EXP 	secondcircle: autoDraw = False
409.5775 	EXP 	text_4: autoDraw = False
409.5775 	EXP 	text_4: autoDraw = True
410.0776 	EXP 	text_4: autoDraw = False
410.0942 	EXP 	firstcircle_3: autoDraw = True
410.9775 	EXP 	firstcircle_3: autoDraw = False
410.9942 	EXP 	text_3: autoDraw = True
411.9775 	EXP 	text_3: autoDraw = False
411.9941 	EXP 	secondcircle: autoDraw = True
413.7774 	EXP 	secondcircle: autoDraw = False
414.1294 	DATA 	Keypress: right
414.1308 	EXP 	New trial (rep=0, index=5): OrderedDict([('firstTime', 1.8), ('secondTime', 0.9), ('corrAns', 'left'), ('plusStart', 2.3), ('secondStart', 3.3), ('respStart', 4.2), ('randNum', 0.74232345)])
414.1441 	EXP 	firstcircle_3: autoDraw = False
414.1441 	EXP 	text_3: autoDraw = False
414.1441 	EXP 	secondcircle: autoDraw = False
414.1441 	EXP 	text_4: autoDraw = False
414.1441 	EXP 	text_4: autoDraw = True
414.6441 	EXP 	text_4: autoDraw = False
414.6608 	EXP 	firstcircle_3: autoDraw = True
416.4441 	EXP 	firstcircle_3: autoDraw = False
416.4607 	EXP 	text_3: autoDraw = True
417.4441 	EXP 	text_3: autoDraw = False
417.4607 	EXP 	secondcircle: autoDraw = True
418.3441 	EXP 	secondcircle: autoDraw = False
419.1627 	DATA 	Keypress: left
419.1641 	EXP 	New trial (rep=0, index=6): OrderedDict([('firstTime', 1.8), ('secondTime', 1.2), ('corrAns', 'left'), ('plusStart', 2.3), ('secondStart', 3.3), ('respStart', 4.5), ('randNum', 0.307053849)])
419.1774 	EXP 	firstcircle_3: autoDraw = False
419.1774 	EXP 	text_3: autoDraw = False
419.1774 	EXP 	secondcircle: autoDraw = False
419.1774 	EXP 	text_4: autoDraw = False
419.1774 	EXP 	text_4: autoDraw = True
419.6774 	EXP 	text_4: autoDraw = False
419.6940 	EXP 	firstcircle_3: autoDraw = True
421.4774 	EXP 	firstcircle_3: autoDraw = False
421.4941 	EXP 	text_3: autoDraw = True
422.4773 	EXP 	text_3: autoDraw = False
422.4940 	EXP 	secondcircle: autoDraw = True
423.6773 	EXP 	secondcircle: autoDraw = False
424.8625 	DATA 	Keypress: right
424.8639 	EXP 	New trial (rep=0, index=7): OrderedDict([('firstTime', 3.6), ('secondTime', 3.2), ('corrAns', 'left'), ('plusStart', 4.1), ('secondStart', 5.1), ('respStart', 8.3), ('randNum', 0.331236492)])
424.8773 	EXP 	firstcircle_3: autoDraw = False
424.8773 	EXP 	text_3: autoDraw = False
424.8773 	EXP 	secondcircle: autoDraw = False
424.8773 	EXP 	text_4: autoDraw = False
424.8773 	EXP 	text_4: autoDraw = True
425.3773 	EXP 	text_4: autoDraw = False
425.3940 	EXP 	firstcircle_3: autoDraw = True
428.9772 	EXP 	firstcircle_3: autoDraw = False
428.9939 	EXP 	text_3: autoDraw = True
429.9772 	EXP 	text_3: autoDraw = False
429.9939 	EXP 	secondcircle: autoDraw = True
433.1772 	EXP 	secondcircle: autoDraw = False
434.0958 	DATA 	Keypress: left
434.0972 	EXP 	New trial (rep=0, index=8): OrderedDict([('firstTime', 2.5), ('secondTime', 1.5), ('corrAns', 'left'), ('plusStart', 3.0), ('secondStart', 4.0), ('respStart', 5.5), ('randNum', 0.778562476)])
434.1105 	EXP 	firstcircle_3: autoDraw = False
434.1105 	EXP 	text_3: autoDraw = False
434.1105 	EXP 	secondcircle: autoDraw = False
434.1105 	EXP 	text_4: autoDraw = False
434.1105 	EXP 	text_4: autoDraw = True
434.6105 	EXP 	text_4: autoDraw = False
434.6272 	EXP 	firstcircle_3: autoDraw = True
437.1105 	EXP 	firstcircle_3: autoDraw = False
437.1271 	EXP 	text_3: autoDraw = True
438.1104 	EXP 	text_3: autoDraw = False
438.1271 	EXP 	secondcircle: autoDraw = True
439.6104 	EXP 	secondcircle: autoDraw = False
440.6124 	DATA 	Keypress: left
440.6138 	EXP 	New trial (rep=0, index=9): OrderedDict([('firstTime', 1.2), ('secondTime', 1.8), ('corrAns', 'right'), ('plusStart', 1.7), ('secondStart', 2.7), ('respStart', 4.5), ('randNum', 0.18131893100000002)])
440.6271 	EXP 	firstcircle_3: autoDraw = False
440.6271 	EXP 	text_3: autoDraw = False
440.6271 	EXP 	secondcircle: autoDraw = False
440.6271 	EXP 	text_4: autoDraw = False
440.6271 	EXP 	text_4: autoDraw = True
441.1271 	EXP 	text_4: autoDraw = False
441.1437 	EXP 	firstcircle_3: autoDraw = True
442.3271 	EXP 	firstcircle_3: autoDraw = False
442.3437 	EXP 	text_3: autoDraw = True
443.3271 	EXP 	text_3: autoDraw = False
443.3437 	EXP 	secondcircle: autoDraw = True
445.1270 	EXP 	secondcircle: autoDraw = False
445.8790 	DATA 	Keypress: left
445.8804 	EXP 	New trial (rep=0, index=10): OrderedDict([('firstTime', 2.8), ('secondTime', 2.1), ('corrAns', 'left'), ('plusStart', 3.3), ('secondStart', 4.3), ('respStart', 6.4), ('randNum', 0.897215002)])
445.8937 	EXP 	firstcircle_3: autoDraw = False
445.8937 	EXP 	text_3: autoDraw = False
445.8937 	EXP 	secondcircle: autoDraw = False
445.8937 	EXP 	text_4: autoDraw = False
445.8937 	EXP 	text_4: autoDraw = True
446.3937 	EXP 	text_4: autoDraw = False
446.4103 	EXP 	firstcircle_3: autoDraw = True
449.1936 	EXP 	firstcircle_3: autoDraw = False
449.2103 	EXP 	text_3: autoDraw = True
450.1937 	EXP 	text_3: autoDraw = False
450.2103 	EXP 	secondcircle: autoDraw = True
452.2936 	EXP 	secondcircle: autoDraw = False
453.4954 	DATA 	Keypress: left
453.4968 	EXP 	New trial (rep=0, index=11): OrderedDict([('firstTime', 2.1), ('secondTime', 2.8), ('corrAns', 'right'), ('plusStart', 2.6), ('secondStart', 3.6), ('respStart', 6.4), ('randNum', 0.734438325)])
453.5103 	EXP 	firstcircle_3: autoDraw = False
453.5103 	EXP 	text_3: autoDraw = False
453.5103 	EXP 	secondcircle: autoDraw = False
453.5103 	EXP 	text_4: autoDraw = False
453.5103 	EXP 	text_4: autoDraw = True
454.0103 	EXP 	text_4: autoDraw = False
454.0269 	EXP 	firstcircle_3: autoDraw = True
456.1102 	EXP 	firstcircle_3: autoDraw = False
456.1269 	EXP 	text_3: autoDraw = True
457.1102 	EXP 	text_3: autoDraw = False
457.1269 	EXP 	secondcircle: autoDraw = True
459.9102 	EXP 	secondcircle: autoDraw = False
460.2625 	DATA 	Keypress: right
460.2639 	EXP 	New trial (rep=0, index=12): OrderedDict([('firstTime', 3.2), ('secondTime', 3.6), ('corrAns', 'right'), ('plusStart', 3.7), ('secondStart', 4.7), ('respStart', 8.3), ('randNum', 0.716372322)])
460.2769 	EXP 	firstcircle_3: autoDraw = False
460.2769 	EXP 	text_3: autoDraw = False
460.2769 	EXP 	secondcircle: autoDraw = False
460.2769 	EXP 	text_4: autoDraw = False
460.2769 	EXP 	text_4: autoDraw = True
460.7768 	EXP 	text_4: autoDraw = False
460.7935 	EXP 	firstcircle_3: autoDraw = True
463.9768 	EXP 	firstcircle_3: autoDraw = False
463.9935 	EXP 	text_3: autoDraw = True
464.9768 	EXP 	text_3: autoDraw = False
464.9935 	EXP 	secondcircle: autoDraw = True
468.5767 	EXP 	secondcircle: autoDraw = False
469.2621 	DATA 	Keypress: right
469.2635 	EXP 	New trial (rep=0, index=13): OrderedDict([('firstTime', 2.1), ('secondTime', 3.5), ('corrAns', 'right'), ('plusStart', 2.6), ('secondStart', 3.6), ('respStart', 7.1), ('randNum', 0.2797458)])
469.2767 	EXP 	firstcircle_3: autoDraw = False
469.2767 	EXP 	text_3: autoDraw = False
469.2767 	EXP 	secondcircle: autoDraw = False
469.2767 	EXP 	text_4: autoDraw = False
469.2767 	EXP 	text_4: autoDraw = True
469.7767 	EXP 	text_4: autoDraw = False
469.7934 	EXP 	firstcircle_3: autoDraw = True
471.8767 	EXP 	firstcircle_3: autoDraw = False
471.8933 	EXP 	text_3: autoDraw = True
472.8767 	EXP 	text_3: autoDraw = False
472.8933 	EXP 	secondcircle: autoDraw = True
473.6119 	DATA 	Keypress: left
476.3767 	EXP 	secondcircle: autoDraw = False
477.3616 	DATA 	Keypress: left
477.3630 	EXP 	New trial (rep=0, index=14): OrderedDict([('firstTime', 1.4), ('secondTime', 0.7), ('corrAns', 'left'), ('plusStart', 1.9), ('secondStart', 2.9), ('respStart', 3.6), ('randNum', 0.038284202)])
477.3766 	EXP 	firstcircle_3: autoDraw = False
477.3766 	EXP 	text_3: autoDraw = False
477.3766 	EXP 	secondcircle: autoDraw = False
477.3766 	EXP 	text_4: autoDraw = False
477.3766 	EXP 	text_4: autoDraw = True
477.8766 	EXP 	text_4: autoDraw = False
477.8933 	EXP 	firstcircle_3: autoDraw = True
479.2766 	EXP 	firstcircle_3: autoDraw = False
479.2932 	EXP 	text_3: autoDraw = True
480.2765 	EXP 	text_3: autoDraw = False
480.2932 	EXP 	secondcircle: autoDraw = True
480.9765 	EXP 	secondcircle: autoDraw = False
481.6284 	DATA 	Keypress: left
481.6298 	EXP 	New trial (rep=0, index=15): OrderedDict([('firstTime', 9.9), ('secondTime', 8.8), ('corrAns', 'left'), ('plusStart', 10.4), ('secondStart', 11.4), ('respStart', 20.2), ('randNum', 0.656448526)])
481.6433 	EXP 	firstcircle_3: autoDraw = False
481.6433 	EXP 	text_3: autoDraw = False
481.6433 	EXP 	secondcircle: autoDraw = False
481.6433 	EXP 	text_4: autoDraw = False
481.6433 	EXP 	text_4: autoDraw = True
482.1432 	EXP 	text_4: autoDraw = False
482.1599 	EXP 	firstcircle_3: autoDraw = True
492.0431 	EXP 	firstcircle_3: autoDraw = False
492.0597 	EXP 	text_3: autoDraw = True
493.0431 	EXP 	text_3: autoDraw = False
493.0598 	EXP 	secondcircle: autoDraw = True
501.8429 	EXP 	secondcircle: autoDraw = False
502.4449 	DATA 	Keypress: right
502.4463 	EXP 	New trial (rep=0, index=16): OrderedDict([('firstTime', 3.5), ('secondTime', 2.1), ('corrAns', 'left'), ('plusStart', 4.0), ('secondStart', 5.0), ('respStart', 7.1), ('randNum', 0.25078508899999996)])
502.4596 	EXP 	firstcircle_3: autoDraw = False
502.4596 	EXP 	text_3: autoDraw = False
502.4596 	EXP 	secondcircle: autoDraw = False
502.4596 	EXP 	text_4: autoDraw = False
502.4596 	EXP 	text_4: autoDraw = True
502.9596 	EXP 	text_4: autoDraw = False
502.9763 	EXP 	firstcircle_3: autoDraw = True
506.4595 	EXP 	firstcircle_3: autoDraw = False
506.4762 	EXP 	text_3: autoDraw = True
507.4595 	EXP 	text_3: autoDraw = False
507.4762 	EXP 	secondcircle: autoDraw = True
509.5595 	EXP 	secondcircle: autoDraw = False
510.2947 	DATA 	Keypress: left
510.2961 	EXP 	New trial (rep=0, index=17): OrderedDict([('firstTime', 8.8), ('secondTime', 9.9), ('corrAns', 'right'), ('plusStart', 9.3), ('secondStart', 10.3), ('respStart', 20.2), ('randNum', 0.055985873)])
510.3095 	EXP 	firstcircle_3: autoDraw = False
510.3095 	EXP 	text_3: autoDraw = False
510.3095 	EXP 	secondcircle: autoDraw = False
510.3095 	EXP 	text_4: autoDraw = False
510.3095 	EXP 	text_4: autoDraw = True
510.8095 	EXP 	text_4: autoDraw = False
510.8262 	EXP 	firstcircle_3: autoDraw = True
519.6094 	EXP 	firstcircle_3: autoDraw = False
519.6260 	EXP 	text_3: autoDraw = True
520.6093 	EXP 	text_3: autoDraw = False
520.6261 	EXP 	secondcircle: autoDraw = True
530.5093 	EXP 	secondcircle: autoDraw = False
530.9620 	DATA 	Keypress: right
530.9776 	EXP 	New trial (rep=0, index=18): OrderedDict([('firstTime', 1.5), ('secondTime', 2.5), ('corrAns', 'right'), ('plusStart', 2.0), ('secondStart', 3.0), ('respStart', 5.5), ('randNum', 0.279030548)])
530.9925 	EXP 	firstcircle_3: autoDraw = False
530.9925 	EXP 	text_3: autoDraw = False
530.9925 	EXP 	secondcircle: autoDraw = False
530.9925 	EXP 	text_4: autoDraw = False
530.9925 	EXP 	text_4: autoDraw = True
531.4925 	EXP 	text_4: autoDraw = False
531.5092 	EXP 	firstcircle_3: autoDraw = True
532.9925 	EXP 	firstcircle_3: autoDraw = False
533.0092 	EXP 	text_3: autoDraw = True
533.9925 	EXP 	text_3: autoDraw = False
534.0092 	EXP 	secondcircle: autoDraw = True
536.4925 	EXP 	secondcircle: autoDraw = False
536.8610 	DATA 	Keypress: right
536.8624 	EXP 	New trial (rep=0, index=19): OrderedDict([('firstTime', 3.3), ('secondTime', 4.4), ('corrAns', 'right'), ('plusStart', 3.8), ('secondStart', 4.8), ('respStart', 9.2), ('randNum', 0.6214470879999999)])
536.8758 	EXP 	firstcircle_3: autoDraw = False
536.8758 	EXP 	text_3: autoDraw = False
536.8758 	EXP 	secondcircle: autoDraw = False
536.8758 	EXP 	text_4: autoDraw = False
536.8758 	EXP 	text_4: autoDraw = True
537.3758 	EXP 	text_4: autoDraw = False
537.3924 	EXP 	firstcircle_3: autoDraw = True
540.6757 	EXP 	firstcircle_3: autoDraw = False
540.6924 	EXP 	text_3: autoDraw = True
541.6757 	EXP 	text_3: autoDraw = False
541.6924 	EXP 	secondcircle: autoDraw = True
546.0757 	EXP 	secondcircle: autoDraw = False
546.5774 	DATA 	Keypress: right
546.5923 	EXP 	firstcircle_3: autoDraw = False
546.5923 	EXP 	text_3: autoDraw = False
546.5923 	EXP 	secondcircle: autoDraw = False
546.5923 	EXP 	text_4: autoDraw = False
546.5923 	EXP 	text_7: autoDraw = True
548.0449 	DATA 	Keypress: space
548.0526 	EXP 	Imported conditionsTime4.csv as conditions, 20 conditions, 7 params
548.0529 	EXP 	Created sequence: sequential, trialTypes=20, nReps=1, seed=None
548.0533 	EXP 	New trial (rep=0, index=0): OrderedDict([('firstTime', 2.5), ('secondTime', 1.5), ('corrAns', 'left'), ('plusStart', 3.0), ('secondStart', 4.0), ('respStart', 5.5), ('randNum', 0.9526453340000001)])
548.0590 	EXP 	text_7: autoDraw = False
548.0590 	EXP 	text_4: autoDraw = True
548.5590 	EXP 	text_4: autoDraw = False
548.5756 	EXP 	firstcircle_3: autoDraw = True
551.0589 	EXP 	firstcircle_3: autoDraw = False
551.0756 	EXP 	text_3: autoDraw = True
552.0589 	EXP 	text_3: autoDraw = False
552.0756 	EXP 	secondcircle: autoDraw = True
553.5589 	EXP 	secondcircle: autoDraw = False
554.6441 	DATA 	Keypress: left
554.6457 	EXP 	New trial (rep=0, index=1): OrderedDict([('firstTime', 2.8), ('secondTime', 2.1), ('corrAns', 'left'), ('plusStart', 3.3), ('secondStart', 4.3), ('respStart', 6.4), ('randNum', 0.962497787)])
554.6589 	EXP 	firstcircle_3: autoDraw = False
554.6589 	EXP 	text_3: autoDraw = False
554.6589 	EXP 	secondcircle: autoDraw = False
554.6589 	EXP 	text_4: autoDraw = False
554.6589 	EXP 	text_4: autoDraw = True
555.1589 	EXP 	text_4: autoDraw = False
555.1755 	EXP 	firstcircle_3: autoDraw = True
557.9588 	EXP 	firstcircle_3: autoDraw = False
557.9755 	EXP 	text_3: autoDraw = True
558.9588 	EXP 	text_3: autoDraw = False
558.9755 	EXP 	secondcircle: autoDraw = True
561.0588 	EXP 	secondcircle: autoDraw = False
562.7441 	DATA 	Keypress: right
562.7455 	EXP 	New trial (rep=0, index=2): OrderedDict([('firstTime', 2.7), ('secondTime', 1.8), ('corrAns', 'left'), ('plusStart', 3.2), ('secondStart', 4.2), ('respStart', 6.0), ('randNum', 0.06690605599999999)])
562.7588 	EXP 	firstcircle_3: autoDraw = False
562.7588 	EXP 	text_3: autoDraw = False
562.7588 	EXP 	secondcircle: autoDraw = False
562.7588 	EXP 	text_4: autoDraw = False
562.7588 	EXP 	text_4: autoDraw = True
563.2588 	EXP 	text_4: autoDraw = False
563.2754 	EXP 	firstcircle_3: autoDraw = True
565.9587 	EXP 	firstcircle_3: autoDraw = False
565.9755 	EXP 	text_3: autoDraw = True
566.9587 	EXP 	text_3: autoDraw = False
566.9754 	EXP 	secondcircle: autoDraw = True
568.7587 	EXP 	secondcircle: autoDraw = False
570.3940 	DATA 	Keypress: right
570.3954 	EXP 	New trial (rep=0, index=3): OrderedDict([('firstTime', 8.8), ('secondTime', 9.9), ('corrAns', 'right'), ('plusStart', 9.3), ('secondStart', 10.3), ('respStart', 20.2), ('randNum', 0.09555333099999999)])
570.4087 	EXP 	firstcircle_3: autoDraw = False
570.4087 	EXP 	text_3: autoDraw = False
570.4087 	EXP 	secondcircle: autoDraw = False
570.4087 	EXP 	text_4: autoDraw = False
570.4087 	EXP 	text_4: autoDraw = True
570.4273 	DATA 	Keypress: down
570.9087 	EXP 	text_4: autoDraw = False
570.9253 	EXP 	firstcircle_3: autoDraw = True
579.7085 	EXP 	firstcircle_3: autoDraw = False
579.7252 	EXP 	text_3: autoDraw = True
580.7085 	EXP 	text_3: autoDraw = False
580.7252 	EXP 	secondcircle: autoDraw = True
590.6084 	EXP 	secondcircle: autoDraw = False
591.6770 	DATA 	Keypress: right
591.6783 	EXP 	New trial (rep=0, index=4): OrderedDict([('firstTime', 1.8), ('secondTime', 2.7), ('corrAns', 'right'), ('plusStart', 2.3), ('secondStart', 3.3), ('respStart', 6.0), ('randNum', 0.559320406)])
591.6917 	EXP 	firstcircle_3: autoDraw = False
591.6917 	EXP 	text_3: autoDraw = False
591.6917 	EXP 	secondcircle: autoDraw = False
591.6917 	EXP 	text_4: autoDraw = False
591.6917 	EXP 	text_4: autoDraw = True
592.1918 	EXP 	text_4: autoDraw = False
592.2084 	EXP 	firstcircle_3: autoDraw = True
593.9917 	EXP 	firstcircle_3: autoDraw = False
594.0083 	EXP 	text_3: autoDraw = True
594.9917 	EXP 	text_3: autoDraw = False
595.0083 	EXP 	secondcircle: autoDraw = True
597.6916 	EXP 	secondcircle: autoDraw = False
599.1602 	DATA 	Keypress: right
599.1616 	EXP 	New trial (rep=0, index=5): OrderedDict([('firstTime', 3.5), ('secondTime', 2.1), ('corrAns', 'left'), ('plusStart', 4.0), ('secondStart', 5.0), ('respStart', 7.1), ('randNum', 0.885130943)])
599.1749 	EXP 	firstcircle_3: autoDraw = False
599.1749 	EXP 	text_3: autoDraw = False
599.1749 	EXP 	secondcircle: autoDraw = False
599.1749 	EXP 	text_4: autoDraw = False
599.1749 	EXP 	text_4: autoDraw = True
599.6750 	EXP 	text_4: autoDraw = False
599.6917 	EXP 	firstcircle_3: autoDraw = True
603.1749 	EXP 	firstcircle_3: autoDraw = False
603.1916 	EXP 	text_3: autoDraw = True
604.1749 	EXP 	text_3: autoDraw = False
604.1916 	EXP 	secondcircle: autoDraw = True
606.2749 	EXP 	secondcircle: autoDraw = False
607.4435 	DATA 	Keypress: left
607.4448 	EXP 	New trial (rep=0, index=6): OrderedDict([('firstTime', 2.1), ('secondTime', 2.8), ('corrAns', 'right'), ('plusStart', 2.6), ('secondStart', 3.6), ('respStart', 6.4), ('randNum', 0.7843272990000001)])
607.4582 	EXP 	firstcircle_3: autoDraw = False
607.4582 	EXP 	text_3: autoDraw = False
607.4582 	EXP 	secondcircle: autoDraw = False
607.4582 	EXP 	text_4: autoDraw = False
607.4582 	EXP 	text_4: autoDraw = True
607.9582 	EXP 	text_4: autoDraw = False
607.9748 	EXP 	firstcircle_3: autoDraw = True
610.0581 	EXP 	firstcircle_3: autoDraw = False
610.0748 	EXP 	text_3: autoDraw = True
611.0581 	EXP 	text_3: autoDraw = False
611.0748 	EXP 	secondcircle: autoDraw = True
613.8581 	EXP 	secondcircle: autoDraw = False
614.1600 	DATA 	Keypress: right
614.1614 	EXP 	New trial (rep=0, index=7): OrderedDict([('firstTime', 4.4), ('secondTime', 3.3), ('corrAns', 'left'), ('plusStart', 4.9), ('secondStart', 5.9), ('respStart', 9.2), ('randNum', 0.594355042)])
614.1747 	EXP 	firstcircle_3: autoDraw = False
614.1747 	EXP 	text_3: autoDraw = False
614.1747 	EXP 	secondcircle: autoDraw = False
614.1747 	EXP 	text_4: autoDraw = False
614.1747 	EXP 	text_4: autoDraw = True
614.6747 	EXP 	text_4: autoDraw = False
614.6915 	EXP 	firstcircle_3: autoDraw = True
619.0747 	EXP 	firstcircle_3: autoDraw = False
619.0913 	EXP 	text_3: autoDraw = True
620.0747 	EXP 	text_3: autoDraw = False
620.0913 	EXP 	secondcircle: autoDraw = True
623.3747 	EXP 	secondcircle: autoDraw = False
624.4430 	DATA 	Keypress: left
624.4444 	EXP 	New trial (rep=0, index=8): OrderedDict([('firstTime', 0.9), ('secondTime', 1.8), ('corrAns', 'right'), ('plusStart', 1.4), ('secondStart', 2.4), ('respStart', 4.2), ('randNum', 0.39760777399999997)])
624.4579 	EXP 	firstcircle_3: autoDraw = False
624.4579 	EXP 	text_3: autoDraw = False
624.4579 	EXP 	secondcircle: autoDraw = False
624.4579 	EXP 	text_4: autoDraw = False
624.4579 	EXP 	text_4: autoDraw = True
624.9579 	EXP 	text_4: autoDraw = False
624.9746 	EXP 	firstcircle_3: autoDraw = True
625.8579 	EXP 	firstcircle_3: autoDraw = False
625.8746 	EXP 	text_3: autoDraw = True
626.8579 	EXP 	text_3: autoDraw = False
626.8746 	EXP 	secondcircle: autoDraw = True
628.6579 	EXP 	secondcircle: autoDraw = False
629.6098 	DATA 	Keypress: right
629.6112 	EXP 	New trial (rep=0, index=9): OrderedDict([('firstTime', 3.6), ('secondTime', 3.2), ('corrAns', 'left'), ('plusStart', 4.1), ('secondStart', 5.1), ('respStart', 8.3), ('randNum', 0.454525661)])
629.6245 	EXP 	firstcircle_3: autoDraw = False
629.6245 	EXP 	text_3: autoDraw = False
629.6245 	EXP 	secondcircle: autoDraw = False
629.6245 	EXP 	text_4: autoDraw = False
629.6245 	EXP 	text_4: autoDraw = True
630.1246 	EXP 	text_4: autoDraw = False
630.1412 	EXP 	firstcircle_3: autoDraw = True
633.7245 	EXP 	firstcircle_3: autoDraw = False
633.7411 	EXP 	text_3: autoDraw = True
634.7245 	EXP 	text_3: autoDraw = False
634.7411 	EXP 	secondcircle: autoDraw = True
637.9244 	EXP 	secondcircle: autoDraw = False
638.3431 	DATA 	Keypress: right
638.3445 	EXP 	New trial (rep=0, index=10): OrderedDict([('firstTime', 9.9), ('secondTime', 8.8), ('corrAns', 'left'), ('plusStart', 10.4), ('secondStart', 11.4), ('respStart', 20.2), ('randNum', 0.335173919)])
638.3577 	EXP 	firstcircle_3: autoDraw = False
638.3577 	EXP 	text_3: autoDraw = False
638.3577 	EXP 	secondcircle: autoDraw = False
638.3577 	EXP 	text_4: autoDraw = False
638.3577 	EXP 	text_4: autoDraw = True
638.8577 	EXP 	text_4: autoDraw = False
638.8744 	EXP 	firstcircle_3: autoDraw = True
648.7576 	EXP 	firstcircle_3: autoDraw = False
648.7743 	EXP 	text_3: autoDraw = True
649.7576 	EXP 	text_3: autoDraw = False
649.7743 	EXP 	secondcircle: autoDraw = True
658.5575 	EXP 	secondcircle: autoDraw = False
658.8925 	DATA 	Keypress: right
658.8939 	EXP 	New trial (rep=0, index=11): OrderedDict([('firstTime', 1.8), ('secondTime', 1.2), ('corrAns', 'left'), ('plusStart', 2.3), ('secondStart', 3.3), ('respStart', 4.5), ('randNum', 0.050156068)])
658.9075 	EXP 	firstcircle_3: autoDraw = False
658.9075 	EXP 	text_3: autoDraw = False
658.9075 	EXP 	secondcircle: autoDraw = False
658.9075 	EXP 	text_4: autoDraw = False
658.9075 	EXP 	text_4: autoDraw = True
659.4075 	EXP 	text_4: autoDraw = False
659.4241 	EXP 	firstcircle_3: autoDraw = True
661.2075 	EXP 	firstcircle_3: autoDraw = False
661.2242 	EXP 	text_3: autoDraw = True
662.2075 	EXP 	text_3: autoDraw = False
662.2241 	EXP 	secondcircle: autoDraw = True
663.4074 	EXP 	secondcircle: autoDraw = False
664.6927 	DATA 	Keypress: left
664.6941 	EXP 	New trial (rep=0, index=12): OrderedDict([('firstTime', 2.1), ('secondTime', 3.5), ('corrAns', 'right'), ('plusStart', 2.6), ('secondStart', 3.6), ('respStart', 7.1), ('randNum', 0.553210354)])
664.7075 	EXP 	firstcircle_3: autoDraw = False
664.7075 	EXP 	text_3: autoDraw = False
664.7075 	EXP 	secondcircle: autoDraw = False
664.7075 	EXP 	text_4: autoDraw = False
664.7075 	EXP 	text_4: autoDraw = True
665.2074 	EXP 	text_4: autoDraw = False
665.2241 	EXP 	firstcircle_3: autoDraw = True
667.3074 	EXP 	firstcircle_3: autoDraw = False
667.3240 	EXP 	text_3: autoDraw = True
668.3073 	EXP 	text_3: autoDraw = False
668.3240 	EXP 	secondcircle: autoDraw = True
671.8073 	EXP 	secondcircle: autoDraw = False
673.8759 	DATA 	Keypress: right
673.8773 	EXP 	New trial (rep=0, index=13): OrderedDict([('firstTime', 3.2), ('secondTime', 3.6), ('corrAns', 'right'), ('plusStart', 3.7), ('secondStart', 4.7), ('respStart', 8.3), ('randNum', 0.062598668)])
673.8906 	EXP 	firstcircle_3: autoDraw = False
673.8906 	EXP 	text_3: autoDraw = False
673.8906 	EXP 	secondcircle: autoDraw = False
673.8906 	EXP 	text_4: autoDraw = False
673.8906 	EXP 	text_4: autoDraw = True
674.3907 	EXP 	text_4: autoDraw = False
674.4073 	EXP 	firstcircle_3: autoDraw = True
677.5906 	EXP 	firstcircle_3: autoDraw = False
677.6073 	EXP 	text_3: autoDraw = True
678.5905 	EXP 	text_3: autoDraw = False
678.6072 	EXP 	secondcircle: autoDraw = True
682.1905 	EXP 	secondcircle: autoDraw = False
683.3425 	DATA 	Keypress: right
683.3438 	EXP 	New trial (rep=0, index=14): OrderedDict([('firstTime', 1.5), ('secondTime', 2.5), ('corrAns', 'right'), ('plusStart', 2.0), ('secondStart', 3.0), ('respStart', 5.5), ('randNum', 0.851613693)])
683.3571 	EXP 	firstcircle_3: autoDraw = False
683.3571 	EXP 	text_3: autoDraw = False
683.3571 	EXP 	secondcircle: autoDraw = False
683.3571 	EXP 	text_4: autoDraw = False
683.3571 	EXP 	text_4: autoDraw = True
683.8571 	EXP 	text_4: autoDraw = False
683.8738 	EXP 	firstcircle_3: autoDraw = True
685.3571 	EXP 	firstcircle_3: autoDraw = False
685.3738 	EXP 	text_3: autoDraw = True
686.3572 	EXP 	text_3: autoDraw = False
686.3738 	EXP 	secondcircle: autoDraw = True
688.8571 	EXP 	secondcircle: autoDraw = False
689.2258 	DATA 	Keypress: right
689.2272 	EXP 	New trial (rep=0, index=15): OrderedDict([('firstTime', 1.2), ('secondTime', 1.8), ('corrAns', 'right'), ('plusStart', 1.7), ('secondStart', 2.7), ('respStart', 4.5), ('randNum', 0.9561071459999999)])
689.2404 	EXP 	firstcircle_3: autoDraw = False
689.2404 	EXP 	text_3: autoDraw = False
689.2404 	EXP 	secondcircle: autoDraw = False
689.2404 	EXP 	text_4: autoDraw = False
689.2404 	EXP 	text_4: autoDraw = True
689.7404 	EXP 	text_4: autoDraw = False
689.7571 	EXP 	firstcircle_3: autoDraw = True
690.9404 	EXP 	firstcircle_3: autoDraw = False
690.9570 	EXP 	text_3: autoDraw = True
691.9404 	EXP 	text_3: autoDraw = False
691.9570 	EXP 	secondcircle: autoDraw = True
693.7403 	EXP 	secondcircle: autoDraw = False
694.3256 	DATA 	Keypress: right
694.3270 	EXP 	New trial (rep=0, index=16): OrderedDict([('firstTime', 3.3), ('secondTime', 4.4), ('corrAns', 'right'), ('plusStart', 3.8), ('secondStart', 4.8), ('respStart', 9.2), ('randNum', 0.25372748300000003)])
694.3403 	EXP 	firstcircle_3: autoDraw = False
694.3403 	EXP 	text_3: autoDraw = False
694.3403 	EXP 	secondcircle: autoDraw = False
694.3403 	EXP 	text_4: autoDraw = False
694.3403 	EXP 	text_4: autoDraw = True
694.8404 	EXP 	text_4: autoDraw = False
694.8571 	EXP 	firstcircle_3: autoDraw = True
698.1403 	EXP 	firstcircle_3: autoDraw = False
698.1570 	EXP 	text_3: autoDraw = True
699.1403 	EXP 	text_3: autoDraw = False
699.1569 	EXP 	secondcircle: autoDraw = True
703.5402 	EXP 	secondcircle: autoDraw = False
703.9413 	DATA 	Keypress: rshift
705.6089 	DATA 	Keypress: right
705.6103 	EXP 	New trial (rep=0, index=17): OrderedDict([('firstTime', 1.8), ('secondTime', 0.9), ('corrAns', 'left'), ('plusStart', 2.3), ('secondStart', 3.3), ('respStart', 4.2), ('randNum', 0.328250033)])
705.6236 	EXP 	firstcircle_3: autoDraw = False
705.6236 	EXP 	text_3: autoDraw = False
705.6236 	EXP 	secondcircle: autoDraw = False
705.6236 	EXP 	text_4: autoDraw = False
705.6236 	EXP 	text_4: autoDraw = True
706.1235 	EXP 	text_4: autoDraw = False
706.1402 	EXP 	firstcircle_3: autoDraw = True
707.9235 	EXP 	firstcircle_3: autoDraw = False
707.9401 	EXP 	text_3: autoDraw = True
708.9235 	EXP 	text_3: autoDraw = False
708.9401 	EXP 	secondcircle: autoDraw = True
709.8235 	EXP 	secondcircle: autoDraw = False
710.2587 	DATA 	Keypress: left
710.2601 	EXP 	New trial (rep=0, index=18): OrderedDict([('firstTime', 1.4), ('secondTime', 0.7), ('corrAns', 'left'), ('plusStart', 1.9), ('secondStart', 2.9), ('respStart', 3.6), ('randNum', 0.26139814899999997)])
710.2734 	EXP 	firstcircle_3: autoDraw = False
710.2734 	EXP 	text_3: autoDraw = False
710.2734 	EXP 	secondcircle: autoDraw = False
710.2734 	EXP 	text_4: autoDraw = False
710.2734 	EXP 	text_4: autoDraw = True
710.7735 	EXP 	text_4: autoDraw = False
710.7901 	EXP 	firstcircle_3: autoDraw = True
712.1734 	EXP 	firstcircle_3: autoDraw = False
712.1901 	EXP 	text_3: autoDraw = True
713.1734 	EXP 	text_3: autoDraw = False
713.1901 	EXP 	secondcircle: autoDraw = True
713.8734 	EXP 	secondcircle: autoDraw = False
714.4255 	DATA 	Keypress: left
714.4271 	EXP 	New trial (rep=0, index=19): OrderedDict([('firstTime', 0.7), ('secondTime', 1.4), ('corrAns', 'right'), ('plusStart', 1.2), ('secondStart', 2.2), ('respStart', 3.6), ('randNum', 0.515481866)])
714.4401 	EXP 	firstcircle_3: autoDraw = False
714.4401 	EXP 	text_3: autoDraw = False
714.4401 	EXP 	secondcircle: autoDraw = False
714.4401 	EXP 	text_4: autoDraw = False
714.4401 	EXP 	text_4: autoDraw = True
714.9401 	EXP 	text_4: autoDraw = False
714.9567 	EXP 	firstcircle_3: autoDraw = True
715.6400 	EXP 	firstcircle_3: autoDraw = False
715.6567 	EXP 	text_3: autoDraw = True
716.6400 	EXP 	text_3: autoDraw = False
716.6567 	EXP 	secondcircle: autoDraw = True
718.0401 	EXP 	secondcircle: autoDraw = False
718.8427 	DATA 	Keypress: right
718.8733 	EXP 	firstcircle_3: autoDraw = False
718.8733 	EXP 	text_3: autoDraw = False
718.8733 	EXP 	secondcircle: autoDraw = False
718.8733 	EXP 	text_4: autoDraw = False
718.8733 	EXP 	text_2: autoDraw = True
722.1372 	EXP 	window1: mouseVisible = True
